1628
2 7116 9179 
2 1892 475 
2 2178 5104 
2 257 4889 
2 3289 7615 
2 4917 744 
2 1055 3866 
2 2527 3602 
2 1408 2516 
2 3790 5448 
2 4924 3604 
2 4897 8782 
2 9241 957 
2 6433 7386 
2 3091 7098 
2 44 3360 
2 3167 1471 
2 3483 4471 
2 7026 3464 
2 9567 498 
2 6024 2343 
2 9558 7867 
2 7319 6537 
2 1563 4611 
2 1400 539 
2 426 4221 
2 3461 7744 
2 4950 4516 
2 5986 5321 
2 4468 27 
2 249 9730 
2 8684 1722 
2 3134 1812 
2 9054 7636 
2 8779 2728 
2 1121 8976 
2 5891 7117 
2 8668 9566 
2 6648 6644 
2 7826 7465 
2 4489 6844 
2 9329 7900 
2 5411 935 
2 6012 821 
2 4820 5914 
2 7665 6608 
2 6819 907 
2 4112 7357 
2 5540 7938 
2 8552 6098 
2 7982 9722 
2 7254 9791 
2 8098 5951 
2 7538 9984 
2 5222 6686 
2 6663 9135 
2 7231 1614 
2 8344 229 
2 2308 6162 
2 9507 9333 
2 7078 6406 
2 4010 8083 
2 2924 250 
2 6168 3238 
2 8780 2806 
2 894 3549 
2 1474 8638 
2 3598 6763 
2 1879 7619 
2 9852 5264 
2 2891 2114 
2 4710 4690 
2 3052 6076 
2 7485 4298 
2 789 9803 
2 1633 5528 
2 6449 8523 
2 2647 5983 
2 8479 7430 
2 2960 1007 
2 4840 6040 
2 6394 9046 
2 1752 3472 
2 2880 3501 
2 5570 7848 
2 533 5519 
2 273 3350 
2 2326 5334 
2 7690 7091 
2 1340 8700 
2 6177 1361 
2 9059 9171 
2 7847 5230 
2 3431 4114 
2 9997 6336 
2 8463 4254 
2 9606 728 
2 827 4984 
2 2533 6881 
2 1459 3611 
2 7413 639 
2 8328 6747 
2 3802 4251 
2 1962 2651 
2 5794 227 
2 246 1993 
2 2840 9263 
2 3316 7926 
2 782 9424 
2 8852 8127 
2 297 305 
2 3967 7663 
2 2256 3619 
2 1625 2774 
2 6279 1808 
2 3284 2930 
2 8920 109 
2 7940 5410 
2 518 5428 
2 9646 3835 
2 7953 873 
2 6841 5473 
2 9237 3814 
2 2468 1336 
2 6734 9287 
2 7988 4446 
2 7775 4372 
2 7648 4987 
2 137 1838 
2 1763 4629 
2 2868 2192 
2 8830 6500 
2 7054 5617 
2 3622 702 
2 8147 1151 
2 820 4870 
2 5198 2186 
2 2208 8607 
2 814 9413 
2 5276 1100 
2 6023 8036 
2 6436 7795 
2 8284 6331 
2 7583 2109 
2 9604 2729 
2 2786 7631 
2 2704 9051 
2 9570 6112 
2 4643 3175 
2 9426 1755 
2 6880 707 
2 8202 9362 
2 3433 3370 
2 3136 105 
2 967 7601 
2 5564 4773 
2 711 8776 
2 5655 3528 
2 8485 9423 
2 1353 4815 
2 598 4877 
2 5 3915 
2 1592 5083 
2 8067 3583 
2 2782 4053 
2 9379 6709 
2 4803 6584 
2 7288 3588 
2 1596 6868 
2 4076 6806 
2 8743 1635 
2 8858 1338 
2 8217 8823 
2 6357 4676 
2 4961 5700 
2 6947 1239 
2 5561 9244 
2 5012 9954 
2 1621 3110 
2 7850 9120 
2 7105 747 
2 6053 9888 
2 3493 5761 
2 4668 6874 
2 9794 4999 
2 2375 5719 
2 1266 268 
2 688 3762 
2 1060 7459 
2 3801 6415 
2 488 5278 
2 673 7736 
2 6432 5934 
2 4979 9127 
2 9494 432 
2 1031 6875 
2 4135 8343 
2 1818 1893 
2 3763 5959 
2 7084 9050 
2 9819 588 
2 2638 6611 
2 1475 2332 
2 3165 3791 
2 6324 5054 
2 3206 6940 
2 7047 5028 
2 4279 4750 
2 524 4161 
2 2589 1011 
2 8960 3336 
2 9193 2954 
2 3098 5710 
2 374 7250 
2 9452 5805 
2 6176 2705 
2 5389 464 
2 7140 3047 
2 9031 8804 
2 375 437 
2 6854 6857 
2 8969 9741 
2 259 1187 
2 7896 4826 
2 9117 9155 
2 2975 3020 
2 8993 7746 
2 6572 2959 
2 1735 722 
2 6438 7499 
2 2179 9865 
2 356 6994 
2 7873 6127 
2 9670 3410 
2 7527 6774 
2 4761 2571 
2 6636 8655 
2 7395 3380 
2 7531 9352 
2 8213 7266 
2 6637 6990 
2 4276 646 
2 6541 1872 
2 4649 4734 
2 3942 4275 
2 6605 3383 
2 9197 8962 
2 4310 9914 
2 3989 3143 
2 5949 815 
2 5732 9266 
2 5168 1017 
2 3042 3460 
2 8360 6138 
2 6309 5458 
2 7037 3312 
2 1144 5425 
2 8769 4557 
2 188 360 
2 8418 6739 
2 2276 8970 
2 7053 4118 
2 3408 2185 
2 1036 7259 
2 3987 1877 
2 3626 6398 
2 7403 8165 
2 2417 7698 
2 1696 7170 
2 635 9615 
2 9353 4962 
2 6689 9799 
2 7055 4322 
2 9229 2819 
2 8154 2748 
2 5586 2476 
2 3645 6474 
2 4117 7650 
2 9108 7346 
2 2785 270 
2 9660 1699 
2 5053 7712 
2 4091 8732 
2 1472 7741 
2 4490 4181 
2 8239 7359 
2 2931 3474 
2 1224 5390 
2 243 5842 
2 8707 7523 
2 5718 4460 
2 670 6975 
2 3599 4267 
2 8491 3022 
2 4521 7967 
2 2410 2229 
2 9886 6099 
2 6043 5580 
2 8744 696 
2 8750 1170 
2 4718 7123 
2 9052 1053 
2 2164 8388 
2 1233 4034 
2 8024 3998 
2 55 4065 
2 9395 7789 
2 6670 9292 
2 5571 3914 
2 1653 4313 
2 7558 966 
2 8798 5343 
2 1604 4927 
2 9084 2535 
2 8680 6783 
2 2686 6421 
2 9565 3881 
2 1093 9905 
2 9694 9603 
2 5898 6896 
2 3908 4206 
2 7556 396 
2 3504 6941 
2 1201 3638 
2 4636 2154 
2 4847 9177 
2 6132 8676 
2 388 1652 
2 8614 1520 
2 6240 7348 
2 2618 3920 
2 2689 6579 
2 2211 7590 
2 2062 9627 
2 8937 2155 
2 6165 324 
2 7554 7246 
2 1296 2480 
2 2708 5194 
2 7122 9077 
2 6424 5161 
2 2586 8719 
2 7733 1854 
2 9881 5120 
2 9273 8396 
2 2249 6952 
2 5510 7196 
2 83 6260 
2 6518 8893 
2 1730 3664 
2 3592 2092 
2 4829 2040 
2 6351 9134 
2 3305 5413 
2 9517 8566 
2 8416 1999 
2 5500 1886 
2 2765 3559 
2 9128 8958 
2 8863 9055 
2 9815 7272 
2 6564 569 
2 7121 7497 
2 8539 365 
2 5443 132 
2 8431 5820 
2 4023 4925 
2 1580 1920 
2 2394 506 
2 852 7051 
2 4779 3845 
2 8621 5337 
2 6684 1065 
2 7423 1770 
2 7265 4218 
2 9441 6414 
2 754 8085 
2 667 9970 
2 3841 850 
2 919 9952 
2 3768 9926 
2 9870 4893 
2 3251 6280 
2 6044 708 
2 807 5848 
2 1504 5821 
2 7434 9987 
2 8717 1857 
2 9709 881 
2 3811 1075 
2 2872 9640 
2 6872 5368 
2 5947 9103 
2 1185 5073 
2 6816 3326 
2 182 8214 
2 3087 3309 
2 8329 9451 
2 9882 3897 
2 1570 2282 
2 6277 6979 
2 4677 5014 
2 9422 3847 
2 3774 2 
2 6204 4623 
2 1194 3318 
2 8272 8735 
2 276 6056 
2 3484 9065 
2 4615 741 
2 5469 2556 
2 9535 2680 
2 3006 5433 
2 1274 2280 
2 8372 3627 
2 1895 1067 
2 3874 3258 
2 3192 2148 
2 7049 5760 
2 9621 3799 
2 2738 7141 
2 9522 4353 
2 2419 4473 
2 1896 1363 
2 4993 7048 
2 8169 429 
2 1784 5152 
2 1657 3891 
2 256 304 
2 7830 430 
2 3254 2395 
2 3012 3615 
2 8278 4616 
2 6986 6936 
2 3465 1002 
2 497 507 
2 167 2804 
2 2297 2492 
2 1241 3765 
2 8660 2781 
2 9948 1788 
2 3439 981 
2 7277 4689 
2 9459 6196 
2 4449 5810 
2 2568 9534 
2 2141 7815 
2 8519 7981 
2 9706 4707 
2 233 5644 
2 2736 8087 
2 7223 7268 
2 4789 9876 
2 218 1399 
2 3208 9203 
2 3544 979 
2 7024 3181 
2 7728 6190 
2 2604 6207 
2 1664 5689 
2 9479 197 
2 2521 1375 
2 4453 8807 
2 3746 705 
2 7829 6707 
2 3972 3320 
2 156 7802 
2 4304 5052 
2 1494 8465 
2 501 8377 
2 6134 612 
2 9365 1829 
2 4989 9086 
2 6929 6550 
2 4067 1691 
2 6878 4143 
2 4099 6657 
2 3153 1018 
2 2720 90 
2 1268 4370 
2 3368 9315 
2 2789 7388 
2 3860 8963 
2 555 1407 
2 1391 2632 
2 9642 2585 
2 3257 3789 
2 78 1313 
2 3698 4162 
2 3241 5552 
2 984 1491 
2 8120 43 
2 624 9746 
2 4525 6452 
2 6704 2517 
2 8007 9719 
2 1827 1936 
2 9458 5187 
2 7647 9501 
2 9327 1841 
2 6448 263 
2 6731 6645 
2 7833 7317 
2 3837 6635 
3 2011 4730 1261 
3 8629 4464 1801 
3 1997 4318 9167 
3 4687 3341 7783 
3 8809 4827 9955 
3 5354 2010 1392 
3 239 1923 7062 
3 7247 901 4078 
3 664 251 9579 
3 6772 3757 8761 
3 9071 5056 4560 
3 863 1525 7960 
3 5050 147 5084 
3 3111 969 9975 
3 3435 4170 9859 
3 8470 780 6820 
3 2490 1146 7457 
3 7695 4337 1669 
3 2795 2855 2009 
3 3666 8441 5525 
3 2784 7433 8688 
3 8241 1526 204 
3 6719 848 3702 
3 2629 5490 3851 
3 4978 420 3607 
3 3577 6934 9431 
3 9258 2760 6299 
3 5041 294 3720 
3 8043 6189 3008 
3 3520 7074 7562 
3 3831 1695 4906 
3 7280 5019 5109 
3 2428 6767 8716 
3 4934 3872 1659 
3 5542 2232 975 
3 8870 8012 2531 
3 5210 9609 1424 
3 5312 945 5387 
3 8409 9288 6093 
3 1976 5560 9011 
3 9456 8569 9139 
3 4640 7075 9990 
3 890 7735 7738 
3 6121 8783 8853 
3 8374 8182 1688 
3 9765 1605 6313 
3 7448 1773 4699 
3 8817 6613 2548 
3 311 8765 4212 
3 6807 3182 5919 
3 9428 717 3361 
3 5531 7351 940 
3 9715 8212 9755 
3 6851 6643 2275 
3 8672 9314 2374 
3 292 1431 8671 
3 8193 6489 7718 
3 9972 8086 874 
3 9532 6991 7208 
3 6634 3953 496 
3 1790 4258 6960 
3 5688 1913 2944 
3 3365 6102 6546 
3 7064 9833 8492 
3 3709 144 3032 
3 621 4171 9058 
3 7167 5783 6083 
3 3276 4842 6594 
3 1070 3218 3792 
3 3512 6610 2835 
3 5730 3807 5283 
3 104 6116 8288 
3 5522 8822 9190 
3 5973 364 8139 
3 403 7730 5589 
3 5987 1564 183 
3 9262 7794 1835 
3 3142 2446 9932 
3 6454 5875 6725 
3 5165 6782 8667 
3 2682 9669 4169 
3 4208 2496 6365 
3 7481 7425 7774 
3 3089 8642 1238 
3 9998 4210 1960 
3 5801 5191 4986 
3 2569 5211 9636 
3 4270 474 1581 
3 4637 4754 3209 
3 7097 6667 4474 
3 138 4042 7418 
3 3321 669 120 
3 9555 4758 5075 
3 6827 3396 1748 
3 7253 8781 6956 
3 2746 6624 8000 
3 9 7353 1478 
3 5569 3739 3479 
3 2984 6569 591 
3 6004 5708 5144 
3 777 8004 1488 
3 2347 2188 9655 
3 7807 1928 4708 
3 1348 4553 4299 
3 5479 9845 2391 
3 5391 4763 7745 
3 5649 658 2778 
3 9025 3145 8664 
3 7722 938 5744 
3 2600 2322 2899 
3 5853 9137 5225 
3 6750 6606 2012 
3 9294 5291 5772 
3 185 6013 2054 
3 1929 4742 2837 
3 2824 953 6852 
3 2027 5893 7432 
3 5757 4180 7803 
3 1687 8356 4686 
3 4461 1534 9234 
3 6185 1875 3803 
3 5782 6997 8839 
3 4309 3729 5754 
3 100 531 351 
3 4154 3785 8452 
3 6586 8525 8090 
3 7555 7147 7447 
3 4019 3322 3425 
3 5011 582 1426 
3 6362 2268 6316 
3 2061 2668 4007 
3 9779 9390 339 
3 3031 3288 9657 
3 3695 9942 4610 
3 1347 4037 9562 
3 7941 2674 7285 
3 4806 2655 265 
3 8617 1911 5157 
3 4515 9293 1215 
3 1085 2455 2143 
3 4981 4285 1882 
3 8646 5892 2562 
3 5064 9242 6912 
3 3412 8456 2617 
3 5484 8072 6529 
3 5828 7662 462 
3 8722 7509 6749 
3 3473 443 3334 
3 6923 7093 9810 
3 617 6199 2935 
3 623 1715 9502 
3 8459 8887 7715 
3 4675 656 1622 
3 2545 6464 7080 
3 7935 3310 836 
3 4315 9331 8849 
3 2879 1437 4895 
3 4145 314 606 
3 554 971 6124 
3 7515 3905 9067 
3 1821 1226 4385 
3 9098 7761 5697 
3 8474 4043 9745 
3 2486 6135 9115 
3 5884 3958 6766 
3 8250 136 3043 
3 1680 9769 5797 
3 4876 3670 2664 
3 2890 9129 1410 
3 2875 2020 1946 
3 8517 9718 8766 
3 1309 4176 8277 
3 490 6839 6417 
3 9485 7267 4844 
3 9781 990 7678 
3 8197 6459 7713 
3 8578 1435 7350 
3 2978 2503 5636 
3 8587 1430 9147 
3 281 6262 6758 
3 2015 1734 1092 
3 1798 5591 796 
3 3708 1056 6710 
3 8186 8978 6745 
3 2182 4238 6964 
3 2903 542 2690 
3 4975 2573 851 
3 2587 2437 37 
3 7505 368 1824 
3 9113 3639 7651 
3 5270 4584 627 
3 4055 3325 1930 
3 8069 7150 5349 
3 3744 4852 7136 
3 2075 8105 6647 
3 5032 7599 1543 
3 556 6676 6008 
3 2995 4902 861 
3 4001 7260 7644 
3 9489 3562 7534 
3 3751 5246 1733 
3 604 2416 853 
3 7865 7027 4409 
3 1845 7997 8986 
3 8261 8844 3755 
3 9083 2146 4582 
3 7214 8262 1915 
3 2635 5277 9751 
3 8541 8533 4923 
3 9053 1291 2255 
3 8819 2173 6949 
3 1168 5966 7210 
3 9070 4296 2451 
3 8253 1572 3298 
3 6821 9391 3849 
3 9089 320 6530 
3 2473 6860 122 
3 6646 2798 9478 
3 7910 3595 7529 
3 2461 2336 3088 
3 8195 5584 9874 
3 3964 2258 123 
3 3510 7249 5997 
3 6801 6186 4642 
3 9546 2534 4600 
3 5618 2797 6182 
3 6072 8305 5784 
3 4862 2700 6399 
3 2177 9370 1847 
3 1209 9126 4633 
3 6016 1330 6111 
3 6444 7354 911 
3 150 9511 2310 
3 277 8397 35 
3 2161 7929 449 
3 6393 3150 3949 
3 3572 3139 3919 
3 1256 1769 866 
3 2780 857 169 
3 4087 9461 3157 
3 1264 3323 9386 
3 2085 9166 771 
3 5668 3565 205 
3 6921 9274 9080 
3 1044 8428 2390 
3 1314 4722 8223 
3 1200 4054 1676 
3 5918 1386 9887 
3 6455 7868 4184 
3 5530 3683 2414 
3 2766 3726 6590 
3 1636 574 4845 
3 6203 1038 6226 
3 3078 3745 6773 
3 3038 6374 121 
3 6222 7033 985 
3 947 6478 9773 
3 8981 2849 9648 
3 9577 3272 7174 
3 2488 5072 3210 
3 7716 4069 862 
3 3540 6371 2138 
3 7687 7915 6462 
3 57 9406 952 
3 8367 9878 8242 
3 9488 1419 8296 
3 9487 9624 5116 
3 7947 3053 9355 
3 2970 3420 509 
3 2328 8184 5845 
3 4928 3081 1102 
3 3909 8608 908 
3 1025 7862 3023 
3 5976 2122 7263 
3 5455 7931 6508 
3 6633 7939 698 
3 4048 9246 1282 
3 6473 679 9006 
3 5906 3471 8484 
3 1362 5667 2289 
3 564 8361 434 
3 9541 4012 828 
3 5293 4116 561 
3 1147 2933 8927 
3 7145 1326 3379 
3 9074 4179 5237 
3 4044 7623 5424 
3 4428 1364 8930 
3 5475 9895 1909 
3 5931 6587 9753 
3 4199 9302 2139 
3 209 4326 4026 
3 2567 5872 2200 
3 3699 8265 8309 
3 7719 4280 540 
3 719 6297 9401 
3 1198 676 4008 
3 7052 718 6031 
3 794 1544 7952 
3 70 736 13 
3 2104 2593 5907 
3 3419 5111 8748 
3 8808 3966 9649 
3 600 4713 5638 
3 5862 9732 8002 
3 7156 1356 9934 
3 2648 2718 8904 
3 3812 4431 2566 
3 9784 7506 692 
3 9482 7912 9433 
3 5166 9186 7958 
3 9427 7679 6230 
3 6457 7343 5937 
3 9550 4120 7799 
3 6863 3832 7375 
3 3537 4781 6036 
3 8605 8562 9264 
3 4798 2234 7194 
3 6662 1132 4854 
3 2714 4501 7293 
3 7524 5231 5301 
3 468 3848 5262 
3 7638 3956 5693 
3 7186 9527 7398 
3 9374 2068 8423 
3 4873 3703 7945 
3 8395 7295 2716 
3 9569 7886 1422 
3 6798 7146 1318 
3 9857 3428 7694 
3 1629 9861 4244 
3 2175 8183 6547 
3 5505 7565 9733 
3 3135 4711 7299 
3 5858 1887 1048 
3 7420 941 223 
3 2818 6581 7782 
3 8521 2368 4639 
3 5248 9198 1250 
3 6871 3007 9376 
3 5412 3965 8881 
3 949 345 9721 
3 8854 9896 3979 
3 8669 1713 6687 
3 5850 4104 5482 
3 3118 6623 2039 
3 565 9667 5578 
3 2794 5514 5889 
3 7834 6576 2895 
3 3066 5493 8190 
3 5309 4090 6364 
3 1917 1111 5910 
3 2191 9899 9897 
3 4079 5535 1057 
3 6266 6563 1063 
3 8599 5990 8074 
3 4757 5315 4512 
3 8020 7591 7575 
3 1303 7056 5755 
3 5890 2406 2811 
3 3574 9520 536 
3 3606 4809 845 
3 709 5220 415 
3 6332 6966 8972 
3 7613 8730 1805 
3 5587 2768 6084 
3 274 9440 8925 
3 1712 2510 6945 
3 4497 3917 5257 
3 2411 9162 181 
3 2833 8303 222 
3 9639 1517 6761 
3 5881 143 8022 
3 5254 4292 3876 
3 2761 9766 9692 
3 7625 619 4447 
3 7667 9930 762 
3 4608 6337 4141 
3 8433 8567 5554 
3 8529 1943 1747 
3 91 9879 5336 
3 3248 2246 8407 
3 9286 4414 1141 
3 755 45 1866 
3 3952 8727 4397 
3 2111 3426 5102 
3 6813 4086 589 
3 4571 5733 1861 
3 8520 7474 3127 
3 7301 5651 8786 
3 1610 8538 6509 
3 5908 3608 8974 
3 9144 9530 5536 
3 7377 5297 3114 
3 5847 1565 505 
3 7672 2242 8876 
3 2993 2491 9839 
3 8936 1438 2356 
3 2564 6407 2998 
3 7336 6888 3307 
3 3200 6301 4406 
3 2676 8489 4696 
3 9873 965 2147 
3 608 6879 7626 
3 3921 470 3392 
3 9598 3249 34 
3 5119 962 6251 
3 2384 6375 6678 
3 230 961 657 
3 5250 456 7013 
3 9548 1284 210 
3 4695 5827 6771 
3 6925 4073 7535 
3 4317 9524 5126 
3 7181 7797 3057 
3 5371 7780 7827 
3 9529 1026 2233 
3 4156 4083 3149 
3 2645 7809 6450 
3 2626 7776 2279 
3 7597 7436 4913 
3 4321 2206 2906 
3 4300 6242 810 
3 1037 9343 1910 
3 9436 1761 8445 
3 215 9012 3221 
3 8178 4443 1069 
3 3858 689 5714 
3 7297 5701 6506 
3 4784 8818 7308 
3 5051 5472 7095 
3 36 9298 306 
3 1948 2418 9761 
3 6281 8387 3164 
3 201 2603 3186 
3 1831 5961 7971 
3 694 7334 2481 
3 2464 3834 4813 
3 2330 9254 6535 
3 6413 3913 4572 
3 6180 3456 6988 
3 8037 4493 3758 
3 4670 6695 3704 
3 8896 840 6517 
3 729 9178 2932 
3 8160 2919 5375 
3 5547 1155 5548 
3 3217 8478 2150 
3 3051 2514 1708 
3 9042 4533 7872 
3 3716 9169 4307 
3 4016 9076 4703 
3 2743 2274 9425 
3 5568 3026 5206 
3 6267 1212 8814 
3 5717 4885 8076 
3 733 2524 9653 
3 4421 4394 1453 
3 5025 5214 1444 
3 1778 4387 6900 
3 5566 4948 4030 
3 8697 4641 3787 
3 5444 362 7257 
3 5142 6733 2882 
3 951 1388 6562 
3 2717 5967 7092 
3 5838 7894 6652 
3 8404 2962 153 
3 2204 4591 1902 
3 1972 3148 9349 
3 3983 1379 948 
3 226 1963 298 
3 6108 6601 9630 
3 5574 7582 494 
3 290 377 6213 
3 7869 186 4865 
3 6158 2443 6220 
3 7881 4450 4839 
3 7258 6079 7516 
3 4429 2366 5236 
3 158 5108 1721 
3 9218 8998 6503 
3 5741 7289 8113 
3 1850 9093 4860 
3 1643 4738 441 
3 7937 1914 1842 
3 6618 3736 2013 
3 1395 8159 4495 
3 2142 7857 1678 
3 3159 2120 8800 
3 8488 6106 1129 
3 1086 3797 9411 
3 9760 3621 4380 
3 5150 8515 8062 
3 2231 3363 9516 
3 2643 7891 2918 
3 404 164 4684 
3 3214 4377 2821 
3 3710 7043 4959 
3 24 1258 5121 
3 5319 7530 5035 
3 3122 7339 6916 
3 7668 1157 317 
3 5294 9432 579 
3 6064 51 3646 
3 1461 3271 4470 
3 6534 925 6202 
3 5825 6197 198 
3 3487 720 6726 
3 6456 1389 3015 
3 3776 2665 267 
3 1466 8334 313 
3 8295 5005 5912 
3 2726 5840 3299 
3 2661 8385 3523 
3 1585 5824 7281 
3 8957 9584 895 
3 2299 9104 5601 
3 7964 6067 9225 
3 9945 3511 7889 
3 1768 5637 834 
3 4452 5268 9416 
3 1489 8156 4411 
3 7714 5913 8575 
3 5546 9701 4061 
3 4445 7726 1182 
3 9248 6265 2874 
3 17 1593 7732 
3 1133 4530 9575 
3 9007 7248 2266 
3 8595 8379 247 
3 5523 7998 248 
3 328 5674 3578 
3 2325 6850 9438 
3 6051 4378 5972 
3 8274 7067 1519 
3 3411 3340 4249 
3 4102 9232 3229 
3 110 1165 7137 
4 7318 1089 5328 5481 
4 5463 2318 5811 2755 
4 6817 4658 6446 3329 
4 3741 974 5147 2151 
4 2986 5092 4308 5141 
4 1781 8701 8724 271 
4 6805 3415 1245 6119 
4 4243 3131 7683 9277 
4 9449 3856 9616 5487 
4 7164 9531 6496 1932 
4 4506 4032 3402 8714 
4 8314 2620 918 1884 
4 6042 6894 8466 3846 
4 2646 896 4395 1724 
4 1076 8977 9923 7138 
4 7458 2103 4140 3458 
4 783 1834 170 3826 
4 5971 8564 3594 7946 
4 6882 9009 7126 2170 
4 4082 2159 5089 1548 
4 9573 7242 3806 8421 
4 7773 5915 8698 8624 
4 1728 4264 5327 453 
4 8772 976 6346 7402 
4 9403 1317 2813 6802 
4 3352 3552 4958 4583 
4 2499 7911 4105 6210 
4 7306 7812 1127 9041 
4 9973 253 1099 6683 
4 4245 535 8907 4106 
4 4077 7963 287 9148 
4 9330 2136 1550 8051 
4 5917 3655 2540 7188 
4 6971 1462 414 4767 
4 9072 7831 9226 1795 
4 8099 6989 3273 1373 
4 8244 6526 3507 438 
4 5471 7302 8788 8420 
4 3417 2049 4233 4294 
4 4410 8973 5380 2074 
4 2722 2421 3661 8347 
4 225 9289 5758 9015 
4 1103 4625 5039 9473 
4 151 7406 1320 9118 
4 2538 7086 7703 3037 
4 4995 6495 2123 2254 
4 2221 6702 4185 1091 
4 7451 280 9142 9205 
4 5883 1267 8135 5405 
4 315 1094 4266 7923 
4 5793 913 7213 3245 
4 1776 6744 3531 5426 
4 6490 4723 978 8955 
4 3657 7654 9540 6460 
4 6465 1992 8148 5322 
4 4933 3427 1319 4415 
4 2582 4252 8210 6963 
4 8028 1836 9737 1503 
4 7737 1286 6437 3882 
4 8230 7233 5579 4305 
4 8847 6513 5926 2193 
4 5027 6901 8480 5653 
4 5683 89 3378 2922 
4 3570 4255 1562 8504 
4 739 6253 373 5713 
4 4293 1860 4355 1193 
4 1442 3062 1717 7085 
4 3994 5047 8158 7178 
4 4215 4837 3734 4709 
4 4103 3636 9583 3156 
4 237 7200 8368 8594 
4 3635 1959 4663 6223 
4 6855 6514 8810 4555 
4 6626 4259 3767 7287 
4 484 5620 5055 1807 
4 3930 5080 5995 2339 
4 3077 5802 4701 5037 
4 7488 1068 2006 3558 
4 7304 2542 3961 2758 
4 7130 4373 9830 9357 
4 9460 7199 5106 2134 
4 2662 8663 2144 3514 
4 8246 1439 5065 2110 
4 8693 6760 4712 3545 
4 5859 467 2977 2453 
4 800 9602 6129 2294 
4 2364 3888 4939 7652 
4 8188 5608 5227 5421 
4 1809 5068 1244 822 
4 6085 4793 8483 5751 
4 5004 2069 8709 9496 
4 3416 350 235 4439 
4 7245 9735 6228 596 
4 1040 6721 6274 4545 
4 1205 3640 6194 2777 
4 1616 5728 7512 4209 
4 2055 3440 5392 3561 
4 2539 3798 6796 6391 
4 3274 7021 5419 3642 
4 9939 726 4039 6920 
4 491 3738 5249 2090 
4 8434 5780 4139 8194 
4 8497 2198 9763 926 
4 5941 7700 2494 4911 
4 5672 3737 1335 3816 
4 8358 5609 690 1177 
4 5817 2853 3207 8331 
4 9979 5895 9827 8738 
4 1398 6340 5572 3527 
4 9023 7630 2444 5498 
4 5026 7079 9638 2344 
4 8572 3345 4459 1692 
4 8675 8411 5550 9949 
4 9576 4737 4273 6401 
4 8289 5809 7449 481 
4 5355 1015 5958 7961 
4 3105 3094 7143 8168 
4 6789 6007 2079 7154 
4 5174 3569 761 7486 
4 9772 1640 7729 108 
4 8167 4785 66 6583 
4 3235 8526 5742 7838 
4 765 9367 7992 760 
4 4505 9515 3632 5295 
4 1637 3424 4216 5705 
4 4587 9686 8306 784 
4 9317 1627 804 8997 
4 6829 1183 8269 7008 
4 6133 3253 6354 6558 
4 1782 9420 6858 7363 
4 5869 5998 9356 2520 
4 4965 7198 3871 1737 
4 3918 9408 8921 7278 
4 1159 9863 4444 1247 
4 8803 7237 7387 610 
4 6315 5260 7019 6987 
4 4508 831 3688 2883 
4 9702 8101 9110 7734 
4 8815 5776 9131 9671 
4 7444 660 5709 671 
4 6234 3481 4566 2087 
4 418 3099 2450 1602 
4 6770 2319 8640 3494 
4 2267 6848 6475 2365 
4 8691 3591 3976 7190 
4 1006 2508 5562 9700 
4 1414 6892 4392 5160 
4 3376 2694 1311 1719 
4 6790 7611 9544 6642 
4 1797 4941 1325 8046 
4 5743 5369 7689 7567 
4 4109 2378 1269 8806 
4 6696 5702 7769 9506 
4 9319 6163 4559 9551 
4 1535 4237 6284 1662 
4 1921 5456 5739 3291 
4 4121 8102 4262 1487 
4 9447 7849 6157 1577 
4 4556 2506 1278 6201 
4 9216 563 4269 3525 
4 3926 8321 3005 829 
4 9221 3896 887 2866 
4 1315 4390 8582 8448 
4 4794 2630 6538 3475 
4 40 3784 9002 661 
4 2905 18 6981 7754 
4 4363 3620 9219 2858 
4 2156 6824 8623 1162 
4 1521 2029 5440 9275 
4 8405 4878 5420 8851 
4 7443 2622 5240 296 
4 8091 7757 3097 2479 
4 6797 1390 6353 905 
4 553 7701 1967 338 
4 8648 2218 8294 1908 
4 7460 1218 6006 3466 
4 1312 5991 7197 4919 
4 5060 5829 5125 7016 
4 1704 735 6435 7438 
4 9109 8926 7124 2359 
4 3 5045 3861 5924 
4 4715 6363 6909 5290 
4 7325 8630 1815 5317 
4 1679 7342 2171 6957 
4 6969 6651 2038 3580 
4 6917 9094 7367 842 
4 6928 731 7944 9549 
4 960 9817 6877 7504 
4 5880 922 8941 7743 
4 959 544 5422 6599 
4 9285 3937 4974 769 
4 3079 3130 6812 3070 
4 1221 5720 380 9316 
4 9601 3430 3960 1955 
4 5690 9026 8733 4541 
4 1975 1041 5377 6074 
4 5399 9069 1095 3804 
4 161 401 5927 3870 
4 1595 7189 5860 8192 
4 4130 4857 5871 4436 
4 3137 9410 4592 9981 
4 5844 9027 9906 1878 
4 8206 9974 6809 3123 
4 2550 8500 7921 2377 
4 1925 7942 9122 7819 
4 3764 9029 4137 1145 
4 7878 3287 5695 8373 
4 1726 5504 9442 6998 
4 3743 4250 4000 3225 
4 1698 4235 5750 1142 
4 3997 8257 3605 999 
4 2917 3539 537 1415 
4 4025 8994 8477 4755 
4 9369 1123 4286 7588 
4 4634 7950 4850 1199 
4 4093 3725 1792 2532 
4 1195 1514 5009 7162 
4 9378 7870 8544 3146 
4 7629 4929 184 5985 
4 8751 630 7979 8674 
4 880 1977 9545 9778 
4 4496 106 4193 5736 
4 3701 2076 3335 3124 
4 2636 6090 7604 6585 
4 7215 9742 3773 5861 
4 3705 139 9999 2498 
4 3631 8729 492 7072 
4 2546 9663 5866 8410 
4 2338 8238 7238 1950 
4 4178 2313 818 1371 
4 5786 8081 2707 706 
4 2093 5963 6130 1365 
4 9526 3339 9236 4770 
4 649 6290 5909 1417 
4 4968 245 8351 4777 
4 1154 1705 1710 5788 
4 2512 7856 3014 8586 
4 5200 6856 7688 9619 
4 310 1830 4921 9731 
4 8861 8950 6567 2801 
4 323 7102 1113 3389 
4 3554 442 8400 8088 
4 4751 9227 4084 3810 
4 1254 1746 4869 8905 
4 4111 3346 6560 9276 
4 8535 3072 340 772 
4 6397 1870 991 1433 
4 8231 3686 2711 8522 
4 2554 4932 112 5640 
4 8333 3338 9245 202 
4 4408 1660 8259 5366 
4 9477 192 8011 5521 
4 4991 5624 2857 7209 
4 5721 6081 6276 4733 
4 3185 6172 6578 521 
4 629 4404 8568 3673 
4 7510 1139 5763 9798 
4 1169 7417 6832 1729 
4 7605 1744 172 5666 
4 7493 3653 7392 2771 
4 5344 8739 6258 7429 
4 2022 3129 8686 1945 
4 3877 3011 4195 2769 
4 2507 1188 8348 641 
4 3133 5496 3889 8044 
4 3160 9978 7125 5273 
4 9151 4173 3862 607 
4 4819 7839 2017 493 
4 1665 9143 1759 8840 
4 1511 1891 8412 489 
4 6018 5513 4157 8874 
4 4110 1725 8391 2560 
4 4433 7500 8878 1197 
4 4035 7243 8548 4320 
4 1509 7329 4456 2563 
4 5289 5577 9869 3682 
4 9829 6373 6097 1327 
4 4970 8825 2619 2352 
4 8636 4188 7240 8931 
4 1876 6289 9574 910 
4 9928 2799 5313 208 
4 5345 9953 6890 2592 
4 102 2513 1497 5363 
4 6140 1242 8929 1322 
4 8264 6482 3990 7704 
4 8557 3772 8554 4858 
4 5401 2634 6753 6128 
4 2278 2570 4134 4335 
4 5527 4485 6 5725 
4 5123 4620 4574 3669 
4 6664 3609 2099 4748 
4 9543 6282 9207 3205 
4 9580 9328 5823 9116 
4 2763 9946 5903 9723 
4 1817 2967 7494 5017 
4 9259 2466 5799 1714 
4 2792 1107 7595 3434 
4 8490 3778 2814 3530 
4 1754 1579 3641 140 
4 4359 6846 1012 2320 
4 5852 1368 3103 2283 
4 9689 447 3237 8692 
4 8187 1568 8103 7699 
4 9851 8068 4607 9300 
4 7876 6672 7312 4957 
4 7225 6264 2610 3452 
4 3018 7790 522 9826 
4 4746 4800 3754 7908 
4 7874 2213 6330 1547 
4 5870 927 2684 5518 
4 1650 9950 3470 9685 
4 6713 8495 6958 3189 
4 835 1463 4049 3219 
4 5339 2725 7002 3180 
4 3356 2435 1235 2672 
4 8342 9121 9658 1961 
4 2163 6574 3300 9528 
4 9439 8589 7984 4059 
4 3991 6649 9959 4796 
4 7182 5464 417 2220 
4 7328 7962 8626 6441 
4 1996 955 115 65 
4 9124 1658 6059 4357 
4 6379 7513 3282 6062 
4 4469 6389 1498 8682 
4 3414 3496 3227 194 
4 9322 3706 6703 4653 
4 7710 4879 9455 3863 
4 6840 2612 4671 8681 
4 4953 1220 2754 9280 
4 1163 8598 2580 6154 
4 12 3722 9902 9983 
4 6786 868 1646 1479 
4 6834 8285 9533 557 
4 6237 8900 7811 8218 
4 9662 5865 4400 631 
4 4916 1569 9734 4680 
4 1137 9994 97 9748 
4 2528 6573 4597 347 
4 4177 4338 4302 6118 
4 3406 3016 289 7727 
4 7155 6355 7476 8308 
4 3275 3223 6656 8869 
4 6089 871 1260 2195 
4 1811 8915 4949 3502 
4 6150 9628 2752 6115 
4 8740 1840 2430 9726 
4 9082 748 8919 2640 
4 152 1641 5491 6540 
4 7330 1702 1903 7282 
4 779 5533 9312 9209 
4 8637 4155 1651 7933 
4 9714 4350 4691 261 
4 8633 767 7861 2544 
4 2472 8013 319 7975 
4 6091 5706 6032 7749 
4 8524 2405 49 1420 
4 8112 7262 7450 5417 
4 9691 5452 8694 7888 
4 4786 8868 3231 8723 
4 2992 5863 5722 3398 
4 3269 5857 9665 4146 
4 956 2802 9008 3033 
4 8961 5726 8340 6166 
4 7892 9096 7224 6629 
4 1096 9552 435 3954 
4 1956 58 4966 943 
4 7731 3680 6269 4513 
4 8150 3749 327 1639 
4 1988 7374 7315 1120 
4 5127 9872 5779 9160 
4 5647 4201 1978 3166 
4 3547 1052 872 7502 
4 9901 9988 1460 5610 
4 1991 5856 5155 1690 
4 8106 5916 6183 4954 
4 9133 8866 1663 632 
4 6271 6377 5762 232 
4 4821 5193 6259 8009 
4 1350 5616 9785 7855 
4 7948 3781 1243 802 
4 1867 9323 8551 3317 
4 9787 6021 7361 2329 
4 4814 6317 2237 4673 
4 9481 5177 4780 3667 
4 8933 8924 9711 8121 
4 9518 4247 5598 4946 
4 4635 8161 440 9014 
4 9849 7959 7781 9561 
4 788 681 9996 8440 
4 930 1428 1711 69 
4 1290 6542 6999 410 
4 9738 6236 1971 9832 
4 3825 8435 1304 5034 
4 8712 1252 5215 200 
4 4898 6141 2381 3394 
4 7015 8175 9062 4697 
4 3327 3586 9407 4465 
4 9985 6552 6993 9776 
4 7822 2989 571 525 
4 3009 6311 1272 3076 
4 5724 704 8048 638 
4 4825 3830 1116 786 
4 4828 6426 3259 7999 
4 4698 5416 1609 7519 
4 2884 9825 4901 9774 
4 3560 4504 5364 2465 
4 7360 2956 383 9409 
4 1490 5058 2607 8768 
4 3263 2300 5042 3820 
4 5534 9631 2642 6273 
4 1582 463 5242 6757 
4 2851 1283 8914 6764 
4 1064 1074 1673 301 
4 5384 9249 127 4349 
4 6471 4340 977 5128 
4 395 5445 1611 4990 
4 7490 4514 6156 6738 
4 6019 5727 8984 6768 
4 513 9125 5367 5183 
4 4614 3267 4253 1739 
4 9463 2014 7491 307 
4 2791 4736 6795 3280 
4 6714 9596 987 6793 
4 6675 7622 1871 2639 
4 2239 6924 1668 7902 
4 5661 9607 3386 618 
4 2346 1156 776 549 
4 3733 8179 3311 8742 
4 5133 5873 2876 7880 
4 6169 2425 3183 2290 
4 5499 520 8879 2756 
4 6033 9215 1865 2447 
4 1257 8706 1281 1775 
4 1536 93 9136 8220 
4 6776 616 6348 7568 
4 8593 8654 8795 6706 
4 6716 1885 2663 1078 
4 9393 3756 809 8341 
4 4186 785 4062 4417 
4 3617 7068 1677 6765 
4 2422 7670 8653 7453 
4 6531 1965 3944 2222 
4 8235 2753 3887 9505 
4 4526 2734 7296 6233 
4 4580 6555 2108 9875 
4 1495 6616 2059 41 
4 8611 2137 4354 4912 
4 9788 3247 5167 7269 
4 2127 7103 6693 5517 
4 797 8417 4899 8897 
4 3224 2089 6463 7614 
4 1174 1300 3359 982 
4 8255 6705 4284 9336 
4 2597 9021 8432 529 
4 4426 1751 2162 8513 
4 477 3000 5406 2272 
4 1262 7895 7564 9661 
4 622 1376 7669 2281 
4 7600 3827 5699 3028 
4 2277 8353 9739 1359 
4 6350 8040 9384 1332 
4 8651 6229 4609 4672 
4 7456 4589 4239 4985 
4 8775 4200 5989 3286 
4 9808 8536 7852 9563 
4 8954 3041 4507 3333 
4 6521 8163 699 8906 
4 9351 7294 7511 5849 
4 4330 9102 3373 5232 
4 8092 1709 4187 6291 
4 6682 4287 3385 4646 
4 6131 4147 7236 7645 
4 3233 1682 3222 2236 
4 1004 5818 4880 1618 
4 8628 3582 3854 3950 
4 8507 5015 8142 3509 
4 7518 4567 3571 7711 
4 8124 8498 4334 8003 
4 1009 6191 3036 906 
4 8865 6628 4801 4041 
4 5033 3393 9397 5300 
4 8080 47 6752 9068 
4 7251 4585 6066 5897 
4 9842 2641 2004 6617 
4 1584 3355 9097 3650 
4 2927 3112 4427 2194 
4 5397 1786 2529 1756 
4 4013 642 4020 1149 
4 4477 3050 7082 1935 
4 3625 9371 86 6087 
4 8108 1828 7707 939 
4 25 4996 9486 7786 
4 1764 8770 8964 9793 
4 5153 1716 915 5885 
4 992 6073 8381 6125 
4 5021 9818 2485 7471 
4 9172 6893 5057 5156 
4 716 4488 3855 526 
4 6100 3244 8875 5461 
4 2270 9804 8561 2021 
4 5626 3120 6481 159 
4 8301 5081 9780 8496 
4 1003 5330 1941 7394 
4 5803 9448 5611 1791 
4 5994 2613 3372 6596 
4 5982 9345 7270 3506 
4 4164 7551 4089 4836 
4 568 7879 1114 4976 
4 3637 6781 3049 6152 
4 7949 3901 4945 1047 
4 2783 9017 8710 2530 
4 5815 700 2380 1225 
4 7758 207 2008 8229 
4 5767 9752 2169 7163 
4 19 171 7228 2101 
4 7427 4219 5581 1230 
4 9858 3900 3822 4434 
4 2264 1035 5752 4692 
4 8909 5274 8332 379 
4 2659 3158 3959 52 
4 9153 4413 7183 8884 
4 823 4329 6278 6911 
4 9196 3656 3315 6479 
4 5263 8056 1626 2894 
4 3935 1179 2028 543 
4 5332 3813 9382 6548 
4 1671 1615 4884 8164 
4 2953 3970 2796 7060 
4 8704 9898 8415 4290 
4 6505 1418 6965 1125 
4 9429 7409 402 4420 
4 2398 7372 196 3973 
4 9538 6286 5010 199 
4 2910 6792 4855 5796 
4 1305 7657 5285 9414 
4 7646 2145 1333 4060 
4 8850 6028 6680 1184 
4 4160 1119 1718 636 
4 516 8503 548 9536 
4 48 1613 8821 1880 
4 4951 2251 3438 3184 
4 54 4792 1501 8436 
4 5950 1741 8493 3796 
4 8816 7986 7918 425 
4 3892 4749 9578 4952 
4 6677 4983 2828 3002 
4 9915 326 3367 5407 
4 165 84 7373 902 
4 124 6847 6235 33 
4 8580 7352 7256 6946 
4 2843 7391 7311 9146 
4 995 9400 6205 900 
4 9880 7455 2653 7211 
4 7846 920 1483 2974 
4 348 2605 7023 611 
4 4621 9022 187 1352 
4 195 5275 5049 4172 
4 7366 5606 1806 1545 
4 2713 4040 213 4894 
4 2355 7135 8764 5628 
4 8943 117 4339 1900 
4 7115 3555 6055 3893 
4 4263 6078 2199 5018 
4 450 2591 6598 6494 
4 3202 3718 8330 5962 
4 6589 1339 8705 9904 
4 1601 6522 2230 79 
4 7883 6422 6492 6402 
4 2415 2583 2537 7739 
4 309 721 4248 980 
4 5063 3384 9056 9308 
4 773 4260 9337 1685 
4 4405 5117 5136 8446 
4 8736 3513 9762 2675 
4 1080 6800 2834 5954 
4 8128 5555 3265 9305 
4 672 2730 6730 8324 
4 173 5022 8038 1597 
4 6983 4648 6627 8146 
4 2836 8270 7479 2113 
4 75 4523 1148 2901 
4 5374 9324 6803 9359 
4 8015 9490 3644 9149 
4 6935 7943 6255 2949 