1628
2 7575 5570 
2 3845 7104 
2 8496 3256 
2 4229 5364 
2 9880 888 
2 9216 4474 
2 3547 1079 
2 2623 8077 
2 3918 6362 
2 1502 3689 
2 3122 1655 
2 256 8774 
2 754 3788 
2 5332 9372 
2 616 8309 
2 1905 4022 
2 5110 3200 
2 4012 7665 
2 6194 7943 
2 9963 2099 
2 3743 3553 
2 2001 3223 
2 3072 3458 
2 6940 2892 
2 1036 524 
2 1996 279 
2 58 3028 
2 9520 6501 
2 9065 9848 
2 7753 4824 
2 4766 8860 
2 841 3347 
2 5731 6696 
2 1132 787 
2 9976 3729 
2 6744 2851 
2 9973 9753 
2 1604 8618 
2 4847 2109 
2 3377 3186 
2 6324 390 
2 1362 3661 
2 2770 5381 
2 2209 928 
2 9250 9699 
2 9073 4327 
2 2604 5726 
2 4650 7262 
2 9696 3762 
2 1937 3640 
2 4526 925 
2 4364 8014 
2 8101 8243 
2 4215 1678 
2 5476 9971 
2 7319 4398 
2 6702 5008 
2 6961 9332 
2 1884 8598 
2 4577 6969 
2 742 7868 
2 1438 3680 
2 1061 8431 
2 1386 6814 
2 3383 7841 
2 3919 1394 
2 5308 2665 
2 6267 2292 
2 4890 9340 
2 3258 4383 
2 778 3027 
2 1244 1618 
2 9953 3485 
2 9522 2296 
2 5667 4155 
2 295 8427 
2 3357 2216 
2 146 4336 
2 9451 2122 
2 7132 7898 
2 397 17 
2 180 6298 
2 8512 1149 
2 6193 7471 
2 5156 7039 
2 5605 8684 
2 9986 5803 
2 1545 3902 
2 4804 6218 
2 3576 3206 
2 3287 9334 
2 8681 5991 
2 4463 5724 
2 2417 1426 
2 627 4018 
2 7638 7376 
2 1975 6590 
2 2025 5997 
2 6498 6534 
2 3319 4902 
2 6686 8457 
2 7516 4982 
2 7660 258 
2 5980 6457 
2 5606 7974 
2 6056 3228 
2 4317 819 
2 7650 1283 
2 2887 2409 
2 4706 8303 
2 1729 8172 
2 2835 6113 
2 6280 3871 
2 3151 4560 
2 2265 5769 
2 4639 1100 
2 6078 2712 
2 8184 6844 
2 3974 344 
2 294 1346 
2 5843 6571 
2 9841 2504 
2 8735 1419 
2 5247 1060 
2 4534 1955 
2 2147 7440 
2 8347 1581 
2 38 5845 
2 1185 4713 
2 8035 3515 
2 9182 8085 
2 6794 1732 
2 4990 7123 
2 1468 6773 
2 4731 7870 
2 6360 3282 
2 4434 4193 
2 7708 2546 
2 5293 5387 
2 2843 8788 
2 1782 4821 
2 7532 7480 
2 2768 4689 
2 6803 22 
2 9273 1719 
2 6437 9225 
2 5496 9649 
2 5872 8401 
2 5154 4538 
2 7068 4400 
2 1576 6257 
2 3570 2386 
2 455 2214 
2 1134 2603 
2 6327 1299 
2 1461 5401 
2 7433 7934 
2 7500 7928 
2 7531 836 
2 7937 6596 
2 8123 8009 
2 7838 7228 
2 1371 5129 
2 920 5501 
2 8710 3754 
2 2658 3853 
2 218 9657 
2 4312 5785 
2 2150 4350 
2 3828 7768 
2 9828 5749 
2 6387 5679 
2 4565 7069 
2 8611 8877 
2 3613 9093 
2 3015 1302 
2 7230 4692 
2 3508 8892 
2 4206 4588 
2 8375 8962 
2 7426 168 
2 3818 1733 
2 8320 29 
2 5443 5787 
2 4600 2734 
2 2027 3516 
2 5901 8685 
2 4941 9169 
2 2038 6823 
2 2192 6574 
2 4142 8499 
2 171 9595 
2 1117 3437 
2 2469 9404 
2 1333 83 
2 7009 6282 
2 2073 858 
2 9852 302 
2 4647 6488 
2 2361 9055 
2 581 4169 
2 8956 886 
2 1658 8797 
2 2345 6468 
2 7435 1683 
2 2578 5637 
2 6885 3107 
2 3927 523 
2 5502 5221 
2 1894 4559 
2 8344 8310 
2 48 5472 
2 3695 4759 
2 1969 1447 
2 7795 8479 
2 5448 186 
2 5576 9568 
2 9720 5790 
2 3138 368 
2 7995 8062 
2 7375 3314 
2 8192 8703 
2 8076 3607 
2 3346 100 
2 160 8360 
2 5542 2595 
2 55 1258 
2 329 3629 
2 5878 7323 
2 876 1856 
2 1170 3509 
2 5150 9090 
2 8338 9376 
2 2448 8580 
2 1549 4082 
2 3030 5001 
2 1798 3869 
2 6462 9166 
2 1635 2195 
2 4715 5449 
2 4607 5121 
2 7552 4861 
2 8335 8693 
2 1464 6260 
2 9156 457 
2 4127 2468 
2 7256 8129 
2 608 3359 
2 6984 8554 
2 968 2333 
2 8714 9907 
2 2752 2611 
2 9824 578 
2 2816 2588 
2 5805 7687 
2 4252 1790 
2 1377 8978 
2 3040 9352 
2 157 3085 
2 1688 7370 
2 1827 4685 
2 3635 7563 
2 1431 5797 
2 3452 4688 
2 3281 6952 
2 9301 4865 
2 3646 6450 
2 3839 9598 
2 5451 7470 
2 120 5258 
2 7814 3872 
2 3369 1334 
2 2559 7004 
2 6411 1754 
2 7618 4479 
2 1328 1266 
2 1290 4076 
2 6307 4237 
2 2127 6581 
2 4853 6359 
2 5436 3910 
2 4290 5306 
2 8652 5131 
2 5701 8847 
2 3310 2321 
2 3660 4825 
2 5323 8173 
2 601 625 
2 5103 2186 
2 1596 69 
2 5716 136 
2 3392 9204 
2 1078 967 
2 2767 5191 
2 7081 8931 
2 3210 1622 
2 1241 8814 
2 8551 728 
2 552 7422 
2 9385 3999 
2 2690 895 
2 8620 40 
2 1938 9614 
2 5257 575 
2 1654 6907 
2 2591 2098 
2 2139 4811 
2 4691 5951 
2 957 4112 
2 4679 8353 
2 3435 1411 
2 7086 8447 
2 7156 419 
2 2783 2451 
2 2169 3276 
2 750 9844 
2 5650 1336 
2 2877 3773 
2 3059 7566 
2 2556 6272 
2 9914 1904 
2 3694 3181 
2 2913 5292 
2 8979 5765 
2 8257 3751 
2 3157 2915 
2 8772 5882 
2 6226 2117 
2 4225 223 
2 4923 9681 
2 526 8665 
2 4144 7192 
2 906 2552 
2 5 2738 
2 4903 4946 
2 8947 4722 
2 4562 9022 
2 2983 3305 
2 3626 6802 
2 1289 3737 
2 2883 583 
2 4993 1617 
2 4793 4002 
2 9812 1416 
2 3987 2381 
2 9873 8438 
2 793 6293 
2 1961 2264 
2 8811 6809 
2 633 7914 
2 6147 8396 
2 2498 2526 
2 4150 4602 
2 6019 4308 
2 257 4481 
2 8161 9367 
2 1991 7561 
2 1043 2848 
2 3637 3579 
2 5073 9079 
2 2949 688 
2 8984 4887 
2 945 5190 
2 8238 8565 
2 7421 8550 
2 3985 2263 
2 8433 1322 
2 8644 1857 
2 5464 9286 
2 7446 554 
2 762 3432 
2 4845 7359 
2 2548 862 
2 5899 9847 
2 3071 5625 
2 9134 6971 
2 9713 3205 
2 7641 1589 
2 4548 7217 
2 7565 966 
2 4001 7368 
2 2458 5685 
2 7417 1648 
2 1953 2720 
2 1405 6294 
2 3765 2170 
2 3782 2116 
2 9485 4450 
2 8938 2988 
2 4254 3142 
2 5561 4273 
2 3870 2223 
2 6558 317 
2 2461 3050 
2 1689 2955 
2 335 6127 
2 3237 6714 
2 7012 2637 
2 4412 8224 
2 5379 3024 
2 4748 6059 
2 878 6195 
2 4615 8666 
2 4055 5628 
2 2589 1152 
2 8182 2621 
2 7732 764 
2 2178 8812 
2 4537 2093 
2 3826 2739 
2 9918 5432 
2 6676 9127 
2 7619 2993 
2 1716 5133 
2 3235 2087 
2 511 3505 
2 6139 6497 
2 9543 565 
2 653 5404 
2 2930 109 
2 866 2935 
2 153 5233 
2 7482 9143 
2 9842 1675 
2 4907 8591 
2 752 2371 
2 7551 4369 
2 1929 4279 
2 33 6087 
2 9730 6845 
2 7021 5947 
2 7905 3961 
2 2406 1933 
2 4503 6789 
2 4719 9131 
2 5941 2753 
2 6398 1740 
2 4945 154 
2 1108 1970 
2 3725 4417 
2 1762 2133 
2 1803 3741 
2 1615 4377 
2 5646 6967 
2 3177 324 
2 2162 7430 
2 3705 2876 
2 7585 6219 
2 1892 9835 
2 7404 1268 
2 9761 491 
2 4862 3095 
2 2082 4135 
2 6352 7186 
2 7020 7402 
2 917 855 
2 189 5795 
2 6391 2994 
2 6717 1649 
2 6626 5075 
2 1517 6517 
2 7326 4744 
2 5648 4625 
2 6877 9586 
2 2898 7332 
2 7875 7586 
2 6860 9497 
2 8452 87 
2 4906 4792 
2 8567 6519 
2 9653 7929 
2 8940 3333 
2 509 2773 
2 2645 3144 
2 7221 8204 
2 2860 6308 
2 5993 9910 
2 6315 4043 
2 4394 1225 
2 9299 6546 
2 6372 59 
2 8246 7171 
2 5039 7031 
2 1421 4967 
2 6586 8262 
2 9557 4900 
2 5640 4371 
2 2766 8266 
2 2340 7395 
2 1685 286 
2 9515 3935 
2 9564 5829 
2 9293 9356 
2 5261 5376 
2 4077 7544 
2 2675 1584 
2 7579 2293 
2 6377 8786 
2 3094 6429 
2 6039 2829 
2 4339 9633 
2 6197 8143 
2 6941 8985 
2 7077 175 
3 8654 5018 377 
3 9023 7822 148 
3 8832 2557 5431 
3 8862 8545 1292 
3 817 8540 8121 
3 1345 2123 618 
3 638 6700 242 
3 597 4628 1527 
3 6742 7867 8621 
3 3578 6055 8087 
3 6333 1449 9107 
3 8293 7065 7938 
3 6871 1131 2412 
3 7966 2413 1279 
3 4901 5050 7658 
3 2423 6009 5166 
3 6484 4060 542 
3 180 7350 2282 
3 4981 9541 3054 
3 2846 2279 4743 
3 2516 8219 4953 
3 592 4161 8285 
3 6751 5006 4778 
3 9392 4231 201 
3 5517 4711 722 
3 469 259 8902 
3 1822 7468 5275 
3 6297 6793 1413 
3 7520 3892 2335 
3 2692 6234 2302 
3 2960 7244 4700 
3 7144 1642 2433 
3 2110 6038 9716 
3 9327 3000 7836 
3 2159 7978 3778 
3 6373 4763 5669 
3 8952 5905 2748 
3 252 1187 5812 
3 3519 6416 1535 
3 8883 2295 343 
3 2051 8434 3046 
3 6500 7372 6035 
3 3153 6130 7205 
3 2010 7284 2487 
3 1032 4638 6161 
3 6046 8403 8193 
3 1568 2598 5524 
3 1633 3104 4446 
3 4452 2009 6893 
3 9566 6108 8202 
3 2118 5245 3681 
3 9483 3621 8045 
3 7780 2474 8970 
3 3342 1306 8809 
3 2315 6252 4226 
3 7611 1383 5565 
3 4535 2741 5958 
3 9099 7754 2666 
3 6118 6012 8829 
3 4194 3164 4882 
3 5386 8630 6121 
3 7624 7959 6278 
3 6835 5934 7671 
3 2984 85 5541 
3 8450 6552 3231 
3 9279 7214 110 
3 2215 7771 494 
3 2795 8458 8986 
3 3184 6269 4582 
3 2639 2158 7888 
3 6024 7582 1664 
3 9077 1000 1001 
3 6770 5918 6016 
3 7394 6475 3329 
3 9247 3444 8668 
3 8147 9609 3587 
3 7669 7157 5595 
3 4323 2245 6753 
3 3745 1223 1442 
3 6143 7307 1785 
3 6103 4695 3766 
3 3888 4031 4816 
3 2247 4760 9221 
3 9654 1184 4368 
3 604 8442 7218 
3 6207 5230 3455 
3 2317 7707 5396 
3 1380 7954 2106 
3 5360 1242 6946 
3 7509 5201 2094 
3 2028 1665 1640 
3 9798 8255 7299 
3 3776 4348 7169 
3 3003 2212 1446 
3 673 2636 6262 
3 5821 138 2751 
3 7136 8748 1415 
3 5321 632 6722 
3 3484 7713 4997 
3 1120 9198 6679 
3 8115 39 8702 
3 833 8007 7612 
3 5441 3045 7860 
3 2259 6864 3832 
3 9652 6661 5440 
3 4663 4987 2373 
3 2003 6667 9732 
3 4521 8175 1323 
3 9616 2442 6246 
3 1261 193 8090 
3 5009 7877 2484 
3 8573 7685 1721 
3 6485 5101 6408 
3 8688 4044 6205 
3 3526 4187 4644 
3 8891 8596 2201 
3 3337 6255 6783 
3 8779 5552 1703 
3 5771 3451 401 
3 5175 4235 577 
3 8089 8900 4069 
3 203 5534 9836 
3 7305 6366 181 
3 5326 563 5688 
3 3753 6502 1661 
3 6030 2408 9186 
3 8879 7191 2981 
3 7613 570 5914 
3 4972 2964 1309 
3 1327 9804 8413 
3 8215 2653 1893 
3 53 5912 6064 
3 5026 1864 6465 
3 2249 2271 6240 
3 790 9706 2694 
3 1643 6471 444 
3 8031 7235 3700 
3 4454 8354 9393 
3 1452 3598 4921 
3 2725 428 9834 
3 7930 1811 3241 
3 7746 5636 7643 
3 1263 7134 1843 
3 5703 3854 7644 
3 5134 3244 8151 
3 4522 2515 9414 
3 3424 8572 4640 
3 5435 3006 7887 
3 213 4983 773 
3 7868 374 41 
3 9797 3627 678 
3 3431 5109 7851 
3 1585 8220 6538 
3 6913 9817 5581 
3 2124 3546 4299 
3 5788 9304 7529 
3 6180 2537 4735 
3 3309 6171 8454 
3 1548 8197 3029 
3 1551 2086 3595 
3 8301 72 9167 
3 5268 5748 2456 
3 4409 7246 9060 
3 7900 7315 6104 
3 8283 1105 9386 
3 8094 2091 931 
3 64 9108 4950 
3 1147 2495 4666 
3 426 8198 6718 
3 8903 9236 6593 
3 8420 3878 6190 
3 6831 2987 6493 
3 9863 8697 2332 
3 6165 7229 5223 
3 6474 4971 3140 
3 7434 7694 7371 
3 1546 1946 7288 
3 6189 1850 701 
3 273 7059 1747 
3 6612 3252 8628 
3 9705 4236 5373 
3 9348 594 2529 
3 9775 1684 4528 
3 9384 5291 9001 
3 2050 9792 2092 
3 2164 6974 1662 
3 8432 7842 8783 
3 7158 2724 9095 
3 1363 9057 9180 
3 5217 5229 1817 
3 1595 5328 7152 
3 8885 9463 4517 
3 8163 9491 7834 
3 8582 1974 5976 
3 2567 4203 4079 
3 7548 2740 1672 
3 8082 7360 3081 
3 7902 9813 1056 
3 2945 9639 2198 
3 9453 2359 3728 
3 9765 2714 6136 
3 3610 9094 113 
3 2686 9005 8067 
3 6834 7011 8073 
3 1091 5143 6213 
3 1914 7632 183 
3 32 2119 6311 
3 4951 6077 1668 
3 9588 9450 8169 
3 3368 930 5195 
3 2432 8757 5250 
3 4995 2778 6958 
3 6050 1540 8662 
3 3128 3275 2502 
3 133 5255 1670 
3 6084 4384 9389 
3 5416 3889 8240 
3 2299 5004 8259 
3 2019 5015 2476 
3 1544 4939 1129 
3 9161 3670 3239 
3 9104 5616 9281 
3 1034 709 1697 
3 5089 6816 732 
3 5551 4595 9159 
3 6529 4568 3677 
3 3755 7917 8340 
3 8927 6811 4427 
3 1514 3174 2759 
3 9170 1824 4287 
3 9708 4648 1401 
3 3908 827 6397 
3 6754 3932 4200 
3 2868 4477 9230 
3 7102 8123 9129 
3 3426 7343 7778 
3 460 2287 166 
3 4687 534 3811 
3 996 7328 4544 
3 4324 5395 5925 
3 4897 3303 9294 
3 628 424 9262 
3 7821 8210 871 
3 6608 3536 6400 
3 6182 1876 2000 
3 8859 8641 5810 
3 2834 8625 2934 
3 5727 5867 2236 
3 5969 3600 7703 
3 4332 5042 9076 
3 8142 976 580 
3 1609 658 3204 
3 740 1090 8160 
3 9012 7172 1217 
3 7252 7354 3639 
3 5414 5494 8801 
3 2706 3480 9548 
3 7349 988 4708 
3 9802 8132 8919 
3 8515 2655 8504 
3 2026 745 9718 
3 7103 2365 3930 
3 3567 5265 8943 
3 2634 2708 649 
3 9441 7034 2808 
3 1695 815 8333 
3 4272 6767 5184 
3 1347 9183 2129 
3 7416 1395 2047 
3 5915 8998 9056 
3 8341 583 9719 
3 6383 6779 3701 
3 1956 5568 4869 
3 1941 6000 5305 
3 8263 5491 2004 
3 9554 3608 6392 
3 1031 112 2368 
3 6418 8941 7872 
3 1396 7896 3622 
3 4864 5227 4555 
3 6446 1254 156 
3 2256 5651 1078 
3 8286 8042 9205 
3 7254 4182 6526 
3 2022 2695 8314 
3 2272 5855 6221 
3 8791 9387 6765 
3 7570 3911 2850 
3 5698 6199 3612 
3 6647 5806 8226 
3 5218 2512 1358 
3 6992 1239 9638 
3 1784 6390 1939 
3 9103 9599 2519 
3 413 9525 9488 
3 5794 8865 1113 
3 5005 4302 7970 
3 2057 5961 6587 
3 7006 2138 4047 
3 9631 557 4879 
3 9052 9157 137 
3 3289 8854 6168 
3 3111 1285 7993 
3 4761 2633 5264 
3 6242 9010 8867 
3 2370 332 5604 
3 7058 8880 4195 
3 1110 6037 6681 
3 5926 2262 2593 
3 3601 8410 3454 
3 2174 566 46 
3 9757 8391 1340 
3 947 5488 8315 
3 6454 1949 6074 
3 267 5562 5132 
3 9867 3352 8886 
3 2058 8626 2847 
3 1925 4480 2723 
3 5222 2358 6004 
3 7393 5796 62 
3 1300 6881 9741 
3 7149 1417 788 
3 6959 9349 1489 
3 5668 8670 5058 
3 4501 5084 5041 
3 1153 3270 1511 
3 3972 3425 4790 
3 2928 3713 724 
3 1842 8096 6677 
3 8520 9544 5403 
3 2811 6023 1508 
3 7976 9449 5539 
3 338 1996 7645 
3 3651 1909 3193 
3 2970 4550 7964 
3 3678 717 2470 
3 1316 9233 7915 
3 9342 2602 151 
3 3797 1579 9766 
3 9629 4843 4139 
3 3697 4553 1526 
3 3034 1215 8918 
3 290 5613 3929 
3 2475 9335 8299 
3 1440 3942 9571 
3 8698 5199 924 
3 1188 3301 9220 
3 5088 769 8071 
3 7092 2072 2718 
3 3069 3207 4465 
3 845 889 8897 
3 2046 3820 8769 
3 5080 4649 2659 
3 8482 1997 1951 
3 6375 2802 1796 
3 5446 1260 3883 
3 8716 3358 7126 
3 7622 8329 3365 
3 5714 8351 5236 
3 5745 9025 4803 
3 3366 8021 3209 
3 6086 7767 8036 
3 5735 4223 5578 
3 3735 6266 68 
3 6730 9519 6880 
3 4023 4207 5813 
3 6559 6801 194 
3 969 13 6292 
3 7600 7921 3238 
3 7035 8911 1809 
3 3332 2533 9600 
3 6957 8144 9405 
3 4494 2782 4661 
3 6069 6934 1832 
3 8589 2048 7832 
3 8205 5673 2078 
3 5463 2864 6554 
3 2193 4184 3896 
3 4654 8233 3126 
3 5312 6176 8849 
3 7909 720 9478 
3 7809 7988 8273 
3 152 9769 1167 
3 1064 7418 5509 
3 6014 7118 1746 
3 3688 8159 5718 
3 3267 4015 79 
3 8980 2750 2530 
3 1414 832 6819 
3 9781 508 3155 
3 2021 2479 3568 
3 3469 589 8221 
3 4347 7901 2776 
3 7510 1636 2241 
3 6458 4898 5036 
3 7345 7320 1137 
3 6198 6906 767 
3 4922 2090 9901 
3 518 8428 3169 
3 3557 4385 3152 
3 5736 9192 546 
3 3912 4536 1020 
3 9650 2719 7224 
3 4130 3530 6331 
3 9457 247 2144 
3 1764 9691 9218 
3 8490 7691 4891 
3 6836 5276 7406 
3 2962 52 200 
3 4653 8719 2095 
3 4996 6706 9469 
3 5666 3652 7447 
3 8909 9324 320 
3 8393 4245 8228 
3 6756 909 1384 
3 9246 3494 1570 
3 5932 4293 4960 
3 4880 2942 730 
3 692 121 3002 
3 6263 5563 8437 
3 5891 9266 2707 
3 6732 4210 3387 
3 7363 2927 7204 
3 9318 6954 6116 
3 4767 410 398 
3 8256 7330 3844 
3 9613 1237 7159 
3 8311 958 94 
3 6829 2380 9000 
3 2369 6728 4672 
3 8819 7185 6806 
3 4439 1619 2575 
3 7170 1666 1542 
3 9479 6915 8250 
3 4523 5641 2538 
3 4836 6709 7491 
3 7506 3825 5580 
3 2268 9864 9227 
3 7493 8637 5273 
3 3143 5087 1797 
3 2060 3924 5498 
3 9088 7662 6659 
3 9919 263 65 
3 5826 5525 4575 
3 3429 7142 8663 
3 6025 2672 8711 
3 4244 8216 7557 
3 7499 562 9026 
3 2646 9762 1915 
3 1844 5303 7908 
3 5619 5099 3525 
3 8387 1499 9401 
3 3953 1917 5886 
3 9312 5299 1450 
3 6227 6883 3400 
3 4140 8152 8848 
3 7346 7211 9592 
3 9382 2323 7971 
3 6603 8421 1972 
3 9776 4863 4505 
3 3160 7596 5571 
3 4815 9607 8796 
3 5314 1236 6094 
3 9132 706 8245 
3 8964 1801 9263 
3 1759 7105 1515 
3 4496 6698 850 
3 6051 660 8514 
3 9465 1663 4609 
3 6579 8084 8260 
3 6361 8439 8140 
3 7187 9015 3127 
3 3214 8402 3890 
3 8379 8556 1490 
3 3134 5147 54 
3 4089 5760 1518 
3 4979 5458 5895 
3 8590 5092 9283 
3 4126 150 2957 
3 8755 3355 9510 
3 7733 4738 6708 
3 1245 1807 5471 
3 2592 9091 4800 
3 6766 6856 7933 
3 9144 4 573 
3 7388 1538 1852 
3 1060 4104 9152 
3 229 5115 7863 
3 5033 6843 4949 
3 6740 3016 626 
3 3306 6859 6839 
3 44 6325 5761 
3 6588 1003 2869 
3 8813 8248 4453 
3 3841 7110 5246 
3 6635 7947 6849 
3 2462 1979 3696 
3 5781 8390 1858 
3 4296 7773 8136 
3 5702 6404 8745 
3 8742 3884 2997 
3 4376 66 2 
3 2638 7636 2305 
3 8225 5067 421 
3 5687 1162 2967 
3 1600 97 1766 
3 7577 3684 5798 
3 1439 4931 2080 
3 9838 285 776 
3 1800 646 5774 
3 9141 7861 802 
3 5582 6017 115 
3 2401 3719 593 
3 9126 5127 7779 
3 3720 825 1399 
3 7984 4988 6690 
3 4052 5142 1614 
3 6225 9740 3097 
3 2227 1089 9577 
3 6618 2542 386 
3 7597 7805 2749 
3 2283 4433 7717 
3 2635 954 4399 
3 3611 9895 5652 
3 9200 9158 4957 
3 4143 333 5913 
3 8027 3017 1294 
3 2874 4401 8746 
3 6316 9881 7401 
3 9553 5429 1011 
3 680 4197 1737 
3 4783 5002 9505 
3 6097 6149 707 
3 7339 8888 4948 
3 582 6738 237 
3 2043 6616 6002 
3 7049 9710 5348 
3 7858 8593 3605 
3 2493 510 1986 
4 5962 8576 3159 3585 
4 5612 7150 2285 8616 
4 7101 1201 1122 3005 
4 6607 2971 3956 5283 
4 792 3280 700 6891 
4 1065 3969 5170 6524 
4 1863 34 318 104 
4 3472 8468 738 5345 
4 8397 7553 2754 5978 
4 7828 9707 1460 9733 
4 3642 3846 6388 9146 
4 6380 6648 9038 461 
4 278 9006 3973 5825 
4 6110 6090 6674 6837 
4 6072 9494 5146 2844 
4 45 3112 5880 4422 
4 1410 4147 661 5176 
4 5266 6909 431 7700 
4 1293 7539 6999 2453 
4 2155 5081 6099 443 
4 5123 3427 8249 6088 
4 215 2978 537 6137 
4 5549 5445 517 6346 
4 1200 9011 378 2336 
4 6848 3992 2896 6577 
4 9428 6515 9906 7301 
4 6456 77 9763 207 
4 774 5599 7263 8405 
4 8048 1504 6727 197 
4 4973 9359 5577 9830 
4 4086 6335 5023 9868 
4 6332 3135 4149 6658 
4 7704 5095 8097 8990 
4 4657 918 2199 5617 
4 497 5610 2854 4703 
4 8949 984 4029 2585 
4 9829 2364 6013 4040 
4 2614 5485 8559 7321 
4 3931 4199 2620 7322 
4 6644 7064 6185 6888 
4 5453 5341 6636 1341 
4 7045 5756 9777 2552 
4 1443 9704 6414 6506 
4 3885 8917 2886 6144 
4 6654 3179 2895 2709 
4 392 1554 1916 1779 
4 7400 8002 3105 8188 
4 3486 8462 6804 3096 
4 3813 7602 8058 803 
4 7724 8760 9909 4704 
4 7965 1653 9163 5495 
4 7721 8768 9412 381 
4 5629 9495 9130 2378 
4 9282 801 8279 4976 
4 842 4030 8497 2697 
4 2077 1694 3771 5066 
4 2698 8300 4908 4129 
4 9596 2426 3224 3654 
4 5675 393 1765 7559 
4 2728 519 2810 5720 
4 5274 6496 9440 7280 
4 5411 7723 3041 2774 
4 8005 6275 3815 3535 
4 3476 7667 1532 2445 
4 6536 1183 3554 7474 
4 8671 4263 8270 6656 
4 8817 1027 3139 8222 
4 6477 1659 694 9560 
4 6413 3408 8932 3900 
4 6943 1466 3950 9323 
4 7413 107 9184 3344 
4 4868 726 2342 6301 
4 3348 6071 7714 3187 
4 7518 5383 9083 4151 
4 1462 2696 2329 9251 
4 7227 5355 3594 3571 
4 2013 9556 7431 5583 
4 5747 7166 6396 1982 
4 226 8756 7522 636 
4 5185 8894 5225 9735 
4 8657 9683 8038 3540 
4 2822 9467 2254 1767 
4 3254 1753 6884 1326 
4 6407 9139 512 8258 
4 2908 528 3100 2154 
4 8948 2436 7722 9063 
4 7962 4733 3913 3132 
4 9444 9542 6230 2132 
4 5764 766 7265 4476 
4 9438 4131 556 6330 
4 4716 7574 5660 5903 
4 2044 3468 2005 8677 
4 9371 6567 8500 5145 
4 8720 2937 5967 4670 
4 9228 6761 5093 1520 
4 812 1257 3928 3703 
4 606 9900 9260 840 
4 4576 2276 2181 7389 
4 24 3962 9897 4020 
4 9033 584 1274 9290 
4 2126 4680 9326 4894 
4 395 1406 5480 3450 
4 4739 1656 6063 6305 
4 7490 9593 6363 1475 
4 7926 6320 1947 7554 
4 3063 371 5952 715 
4 9756 8050 5120 2042 
4 1878 7796 3628 7744 
4 8377 9346 2466 4430 
4 2298 6276 2819 6921 
4 6640 2674 2744 216 
4 9590 311 5409 6105 
4 1224 7983 1512 5082 
4 4196 6204 4610 6699 
4 835 6671 486 7892 
4 1588 4159 7573 6486 
4 8177 5389 9678 4623 
4 8827 6808 382 6694 
4 8533 4054 1321 5680 
4 6561 1556 7201 2813 
4 3176 4062 1586 3923 
4 6800 5097 785 9031 
4 6928 985 5676 7257 
4 6641 6216 8369 4571 
4 1436 784 8053 3441 
4 9201 8203 4321 8268 
4 6251 4841 4751 1370 
4 770 8339 7846 5459 
4 7455 1256 4335 9155 
4 7410 8317 1014 3464 
4 5522 8111 298 3222 
4 1264 7225 3881 9420 
4 5659 8481 7698 415 
4 5786 8051 6067 6401 
4 8466 7620 9508 2160 
4 6310 9425 7599 155 
4 6250 6196 3058 3817 
4 739 7856 7782 6389 
4 1567 351 1366 4929 
4 9489 3920 8171 8973 
4 6253 2357 9368 9322 
4 3371 703 2068 3051 
4 8546 8645 4513 5974 
4 9539 4232 1161 142 
4 1361 4810 1973 9643 
4 5959 4158 3339 3692 
4 3531 8524 4090 3362 
4 8653 3311 1209 9331 
4 3915 8615 7 3313 
4 1467 1660 5557 7087 
4 6672 1022 7859 195 
4 8785 1872 7259 8737 
4 5658 4886 2763 3590 
4 8692 8312 1718 4440 
4 5529 3120 9214 5197 
4 5681 6569 5633 883 
4 1838 6868 1572 4037 
4 4915 3618 3268 3775 
4 2120 7467 2228 206 
4 3021 1503 1647 9258 
4 5419 2711 501 4943 
4 1222 5671 3243 1437 
4 221 5598 8936 2815 
4 2568 2360 7318 399 
4 9175 6495 686 71 
4 1728 7127 7953 2586 
4 6245 7385 1708 3589 
4 1191 4676 3353 857 
4 2494 6289 2308 4681 
4 5649 8275 449 6478 
4 3925 5554 4068 4191 
4 7052 3793 3380 5126 
4 1164 6543 6822 2224 
4 8963 9374 5620 8191 
4 261 944 4942 7175 
4 42 3379 2685 8069 
4 9731 894 3873 8793 
4 7592 1901 1097 1083 
4 3591 8281 6222 687 
4 232 3781 6111 117 
4 1474 86 676 2881 
4 8732 5966 4714 6508 
4 8869 8640 2510 2626 
4 7757 530 7097 6371 
4 600 1219 9551 7528 
4 5885 5622 9333 1823 
4 5047 1888 325 571 
4 1891 5319 668 4011 
4 4618 2664 7066 3012 
4 8763 9517 5655 3615 
4 2755 4938 7178 4274 
4 5858 6022 3447 1178 
4 8319 798 4097 472 
4 6665 9109 3495 6106 
4 1976 4636 1634 16 
4 6903 3995 8828 783 
4 3645 3501 7975 4557 
4 4940 4316 3381 6916 
4 1301 5371 9303 5946 
4 7249 108 5556 2111 
4 5100 7199 1313 2608 
4 4174 3609 2699 1679 
4 6415 3367 9882 7387 
4 4464 8337 7786 7508 
4 1233 305 1207 2772 
4 2563 569 9309 1123 
4 8125 2443 9729 846 
4 6512 3894 5987 839 
4 8414 1397 4877 6365 
4 5567 6440 2683 3581 
4 890 4583 6862 6948 
4 1190 8066 5263 6854 
4 6191 3582 5834 1365 
4 982 1860 3356 9003 
4 3712 8689 758 7200 
4 1559 8223 6351 4566 
4 9524 1902 4064 4580 
4 6309 4152 2827 6653 
4 5061 2649 6317 4617 
4 6354 7879 1815 7591 
4 8037 2670 6521 103 
4 2395 3616 5684 712 
4 561 1181 9575 675 
4 312 8122 5327 8385 
4 2084 9199 1072 2577 
4 2033 5316 9582 4270 
4 3338 4883 9296 6666 
4 3861 4737 5897 7616 
4 9661 8158 3657 1900 
4 2900 7079 3234 4871 
4 5887 9484 4975 7380 
4 4304 1791 1606 6217 
4 9419 3308 7382 1203 
4 6792 3294 8595 4664 
4 9856 1486 8190 7475 
4 3125 9610 2581 7678 
4 6476 6509 3632 3838 
4 2540 6930 4071 8004 
4 5049 9044 5841 2549 
4 402 8534 1247 9645 
4 9701 6583 9347 287 
4 4698 7761 8991 5447 
4 1558 250 4276 4637 
4 5558 6146 9612 5094 
4 684 4092 3066 7282 
4 1935 3748 2334 828 
4 4211 1458 8001 2730 
4 6623 4511 751 1456 
4 6615 2489 8461 2085 
4 9671 3448 6187 3079 
4 5898 7785 5900 2096 
4 5167 8422 2803 9315 
4 6321 1877 3937 6334 
4 5722 6611 8343 5438 
4 6861 2017 1611 7857 
4 4780 7241 9688 473 
4 9140 8282 7250 4301 
4 7483 544 3784 8367 
4 6177 4674 7391 5873 
4 5455 5214 6565 3502 
4 9402 5144 6983 3068 
4 3623 2183 8308 4594 
4 7281 1204 3253 5742 
4 6719 7866 6735 2300 
4 7379 3445 7325 2544 
4 8 7547 8784 1553 
4 3819 9627 4504 8374 
4 4855 1054 3980 7088 
4 977 1492 7036 9275 
4 427 1141 5382 6306 
4 7623 2922 1053 6955 
4 3257 3566 1286 321 
4 5056 7589 624 3056 
4 3563 2023 1883 8495 
4 9698 4828 2467 5907 
4 3263 7608 8092 8925 
4 9826 6723 4820 3638 
4 2594 5775 7910 5603 
4 9908 899 7013 1382 
4 5777 683 3952 1015 
4 2161 1608 1712 7972 
4 4699 4962 8921 4345 
4 2428 7664 4597 6029 
4 3967 8542 1885 3248 
4 3195 500 5689 5644 
4 3191 975 9703 9394 
4 5329 3675 811 723 
4 4919 82 8370 2399 
4 3975 5847 1819 5025 
4 8284 5346 3273 7441 
4 6514 4977 1788 5315 
4 9042 3335 2796 4228 
4 6614 2121 8632 568 
4 9684 6011 372 139 
4 3730 2879 5518 6987 
4 7331 5159 2185 1552 
4 1954 1275 1282 5226 
4 3194 7719 9887 1705 
4 5922 7538 5759 388 
4 3714 4937 1109 555 
4 4017 6867 8701 3394 
4 5212 1547 5010 1978 
4 2153 1086 3411 4574 
4 1498 7133 1445 8638 
4 7653 7939 2353 3842 
4 4406 7977 8803 5968 
4 9244 8781 5520 2831 
4 7327 3073 9796 763 
4 3907 101 8055 1896 
4 9148 8102 4925 3750 
4 2572 8207 8086 859 
4 7096 8622 9518 5249 
4 2481 6341 9249 9047 
4 8776 9514 995 8804 
4 6547 5022 6345 8287 
4 7699 370 3823 1483 
4 4472 5933 9894 2325 
4 4429 2800 7196 1364 
4 178 1059 36 913 
4 6982 3 7090 1229 
4 288 2344 9898 7749 
4 4490 9549 5697 1677 
4 8683 7295 6832 7560 
4 7710 3905 559 7306 
4 1424 1988 885 7014 
4 6151 2976 8834 5802 
4 7032 6231 6762 8639 
4 6101 7999 9388 3467 
4 5117 728 1193 4837 
4 1375 9191 93 5375 
4 7535 786 1271 3625 
4 7958 4357 7290 8753 
4 7461 6032 4456 2792 
4 4405 3262 7139 9287 
4 9310 989 6980 6733 
4 9727 8530 4823 8830 
4 7503 9561 4070 2632 
4 245 0 4179 5879 
4 1423 2244 5180 8412 
4 7115 8518 5840 328 
4 1171 1307 1103 6254 
4 9102 6045 9637 6729 
4 697 3718 4288 9689 
4 1037 9028 3290 8846 
4 1127 997 7239 3459 
4 8899 5936 253 1950 
4 5030 5157 3876 5388 
4 1895 5985 8235 8736 
4 6061 7912 1176 9462 
4 4173 4050 8272 2629 
4 9430 6632 3936 3514 
4 211 3115 733 5504 
4 2972 3744 4379 8047 
4 2128 8951 939 6573 
4 2503 5647 7701 9466 
4 8750 4916 1899 5402 
4 9008 6358 4436 3453 
4 394 9559 2647 5331 
4 9476 2596 4124 8407 
4 158 3088 8747 4408 
4 8600 5339 8770 2890 
4 470 5031 548 8020 
4 6259 6550 721 8139 
4 4856 4209 8856 1106 
4 6956 9820 2507 1598 
4 7452 950 173 3569 
4 291 7770 4213 3529 
4 2392 7695 9397 1339 
4 9087 5871 4985 3789 
4 9032 4796 9174 7742 
4 1158 946 346 8305 
4 7781 1136 6741 8199 
4 15 6157 9608 7278 
4 2191 579 281 7919 
4 9913 3790 595 4832 
4 9447 7813 4710 4167 
4 2488 4707 8318 1182 
4 2963 1531 7607 6875 
4 6481 4257 7111 5043 
4 7445 9536 3133 9380 
4 2232 249 2311 432 
4 7923 7936 1825 1297 
4 4912 9712 283 5380 
4 135 5683 7093 1773 
4 3083 6820 8444 2513 
4 255 9403 5322 5318 
4 4058 3416 6935 6759 
4 8017 1296 2303 2911 
4 2394 6953 1760 1084 
4 6772 4105 5466 3620 
4 7496 7084 4986 5434 
4 6518 2089 3220 5406 
4 8780 3419 8049 1772 
4 4370 1287 9280 4387 
4 7581 3723 5757 5365 
4 6403 6576 243 6643 
4 1792 5657 2995 3667 
4 6750 4186 1963 9409 
4 903 5279 2384 7390 
4 8762 1945 2397 9771 
4 4353 4421 8440 2654 
4 4848 8072 4340 1101 
4 7545 7297 3965 9530 
4 7530 6591 5767 1932 
4 9664 4087 2260 8342 
4 4892 3090 7122 8025 
4 7436 2310 522 1744 
4 8471 8816 6175 1921 
4 209 1639 149 7237 
4 2145 9884 7845 3607 
4 3168 2500 3180 2157 
4 9253 956 3118 4374 
4 7533 7648 9774 2505 
4 9843 8538 9764 7478 
4 9014 2946 5474 9344 
4 9314 5330 8083 1352 
4 162 5743 4220 1940 
4 2781 5822 1026 1284 
4 9229 5219 2240 2440 
4 8845 9396 6895 834 
4 6833 9670 8043 5168 
4 8661 1555 781 7840 
4 1563 4121 5623 5670 
4 6233 364 5927 6874 
4 3976 7799 964 5044 
4 3266 1831 5086 376 
4 8999 761 2878 3242 
4 9583 4721 5956 7232 
4 1199 9625 8868 5469 
4 4407 3442 4093 8539 
4 8469 2823 5725 3715 
4 5512 5029 4591 4512 
4 641 1002 1092 4448 
4 5020 916 1686 596 
4 4034 8712 4539 5713 
4 2430 8627 8875 4188 
4 2020 8833 948 6296 
4 2875 3527 1080 806 
4 6243 2351 3439 4573 
4 8297 5028 8106 8738 
4 4754 9833 6606 5287 
4 5362 7145 9213 5615 
4 2814 3421 8472 1402 
4 1348 7443 6492 5776 
4 4344 5950 2039 282 
4 417 897 220 132 
4 8280 4994 2640 4643 
4 7642 6637 4176 4419 
4 6238 2497 7138 8417 
4 8731 5271 5325 2196 
4 4798 9219 2354 6994 
4 3318 2684 6670 4769 
4 9308 9584 5863 9125 
4 2700 7869 3964 6692 
4 2473 6777 3496 962 
4 2961 4498 4107 2202 
4 5601 8463 4341 9563 
4 8502 9176 630 3334 
4 8424 6522 1821 7927 
4 5828 231 9455 4170 
4 4768 2576 8060 6584 
4 7893 7942 5497 301 
4 9722 1560 4458 5424 
4 2277 8558 9160 1046 
4 8135 516 3061 3405 
4 9603 8933 6117 9516 
4 8059 9098 2693 1459 
4 2950 7790 7347 1501 
4 5609 2422 4432 3393 
4 5695 2071 3414 3212 
4 8922 4258 9651 5336 
4 5728 5310 2331 1629 
4 5105 9257 7711 6015 
4 2954 3410 3970 3199 
4 5045 1039 1088 307 
4 1238 6174 1192 7889 
4 7549 6378 8878 4175 
4 310 5012 5957 6312 
4 355 4585 7174 4390 
4 1473 8824 6434 6405 
4 7355 4621 4444 1771 
4 2045 3545 2242 1603 
4 5995 5385 3786 5945 
4 6081 3794 5390 7819 
4 2288 5789 2059 9313 
4 4928 2221 5943 4968 
4 5573 8543 7481 972 
4 2642 9328 2968 8881 
4 3274 1591 5468 1620 
4 9872 1320 714 7212 
4 6704 2414 5827 8395 
4 3042 8798 8586 7525 
4 1404 6977 7313 6911 
4 9226 4204 9153 5906 
4 1913 816 6520 6850 
4 4782 7213 6201 6918 
4 2880 6610 6326 3859 
4 2029 2478 1480 9687 
4 981 9210 2220 4570 
4 9464 359 106 9406 
4 5054 4633 4132 1908 
4 2405 4725 7750 1847 
4 5241 3740 865 7680 
4 9749 2842 3787 1999 
4 1537 2014 4829 6164 
4 170 406 5772 9750 
4 4373 4003 6473 5204 
4 9721 9679 8955 993 
4 3761 1861 8200 7727 
4 1063 4888 7631 9181 
4 6533 7906 8751 8960 
4 5269 4183 9573 5690 
4 8034 5942 9511 5377 
4 8426 7655 9413 502 
4 5091 5112 2891 7335 
4 1324 9241 3532 7362 
4 9259 3544 2398 7729 
4 6349 6402 8733 8778 
4 5014 2457 2932 887 
4 9758 940 5814 7677 
4 848 3901 1495 8296 
4 8607 2366 8560 6541 
4 3520 6951 5778 7472 
4 1367 4019 9341 5473 
4 5338 4338 6553 6566 
4 8093 9411 1911 852 
4 4281 2447 5198 4242 
4 9264 9050 5027 9069 
4 4413 5783 8843 4041 
4 1392 9066 1470 5917 
4 8509 1096 8149 4833 
4 1018 9271 5361 4141 
4 2601 9916 2710 2747 
4 1006 3724 1332 8244 
4 2255 9081 4705 84 
4 980 5989 3460 4542 
4 2794 7788 4389 5773 
4 7176 7946 8138 1115 
4 9106 3052 2661 3001 
4 915 7880 350 7825 
4 7291 6430 4313 708 
4 2205 2906 6747 5665 
4 7415 5213 9602 7985 
4 3808 4217 303 7848 
4 8953 5060 6135 6184 
4 6323 699 6005 3498 
4 9496 2485 2969 2189 
4 1865 6079 5516 4027 
4 9624 1601 8536 3031 
4 9532 4109 2218 7072 
4 1390 414 7056 904 
4 665 1047 725 7844 
4 5231 5333 214 5916 
4 6367 7024 2726 9902 
4 9915 8664 6027 6138 
4 9506 3834 2889 4515 
4 1376 8107 7931 7546 
4 7676 6715 4271 5686 
4 5114 1280 3852 2480 
4 5838 1995 9504 6031 
4 8730 3350 3683 7207 
4 823 404 8114 4795 
4 9353 9702 8474 2499 
4 2388 6499 5663 4100 
4 705 331 8267 2531 
4 5024 7161 4328 9800 
4 4462 8579 7025 2599 
4 8332 8647 6060 239 
4 389 8744 2660 3847 
4 6920 6996 9112 1234 
4 2569 6432 882 7666 
4 1875 7855 2580 7543 
4 5189 4388 5352 5839 
4 4466 5510 299 8478 
4 9669 8494 5574 3224 
4 1840 9355 6838 3934 
4 5579 4004 7801 2566 
4 4969 4443 8815 4593 
4 3946 8480 6271 3404 
4 891 8118 718 4303 
4 3141 9853 7627 2501 
4 5224 7523 1967 2828 
4 4791 760 9527 1758 
4 1621 929 9636 4415 
4 5820 7747 9717 3295 
237742730