1628
2 4501 3222 
2 8053 1230 
2 4900 9598 
2 5459 3591 
2 4550 8289 
2 7557 7770 
2 4119 6191 
2 4724 1797 
2 9573 7182 
2 3859 2689 
2 8254 3514 
2 6428 5721 
2 9132 8513 
2 984 5751 
2 7169 2296 
2 3220 6422 
2 9425 406 
2 8749 8650 
2 6044 7458 
2 7750 3084 
2 2720 5019 
2 9753 8351 
2 3000 6704 
2 9227 7933 
2 3635 5108 
2 5483 1428 
2 1268 2783 
2 2255 8740 
2 3212 5494 
2 4616 1150 
2 7174 5369 
2 3022 5142 
2 2458 4889 
2 8913 4969 
2 2785 9887 
2 9210 5757 
2 2073 7389 
2 8796 8196 
2 6939 4990 
2 1491 7549 
2 6361 1671 
2 419 4280 
2 6251 2027 
2 4451 5969 
2 2972 430 
2 6605 2122 
2 7452 8973 
2 4300 5488 
2 27 3172 
2 4964 8363 
2 8390 9361 
2 244 7567 
2 6469 3421 
2 8797 9003 
2 7726 708 
2 5818 4099 
2 440 9677 
2 3999 3823 
2 5599 8633 
2 1441 1357 
2 151 7007 
2 2748 7301 
2 4372 8778 
2 5774 4852 
2 7608 9253 
2 3315 7368 
2 6555 6070 
2 1025 6905 
2 7701 5121 
2 7681 3868 
2 3394 6480 
2 2225 2006 
2 9397 2107 
2 3318 1975 
2 2643 3549 
2 6086 5180 
2 1861 2525 
2 6518 8274 
2 8773 8843 
2 4380 3083 
2 1280 7000 
2 6170 5744 
2 8150 1961 
2 1509 1149 
2 2886 331 
2 4774 6631 
2 2001 4438 
2 6656 4928 
2 1277 3720 
2 452 3815 
2 9498 9113 
2 4690 4128 
2 6561 9070 
2 979 7798 
2 8046 9902 
2 898 2829 
2 6502 1104 
2 3261 5234 
2 4011 6290 
2 7082 8066 
2 1121 8350 
2 7153 7205 
2 9123 5532 
2 7811 8348 
2 2753 7689 
2 2053 9653 
2 8494 5411 
2 2079 4819 
2 5828 9095 
2 6413 2334 
2 1126 2041 
2 2235 9236 
2 1050 1174 
2 3526 920 
2 4862 9396 
2 8684 4599 
2 3472 1940 
2 4942 9366 
2 5173 2696 
2 36 4378 
2 3862 2788 
2 1795 4275 
2 415 7921 
2 3473 8757 
2 2880 8943 
2 4397 9563 
2 8164 438 
2 9828 2276 
2 5646 2800 
2 9756 8988 
2 5903 5124 
2 7299 7810 
2 5075 6549 
2 6641 6362 
2 4967 6274 
2 8546 8758 
2 152 9196 
2 106 6699 
2 9424 8807 
2 5206 7748 
2 3115 2371 
2 9768 1143 
2 9287 8238 
2 7972 7258 
2 7620 5053 
2 4003 8392 
2 1147 4219 
2 4297 408 
2 3686 9877 
2 84 2364 
2 139 2310 
2 3120 4377 
2 6790 9351 
2 4696 1984 
2 9889 1569 
2 8340 2315 
2 2878 8118 
2 1440 1706 
2 8672 4929 
2 890 172 
2 4368 2434 
2 1902 1665 
2 1253 9302 
2 4298 9621 
2 2211 4820 
2 1792 1938 
2 532 8471 
2 7766 5555 
2 5698 8265 
2 2986 355 
2 639 6080 
2 1469 5226 
2 1714 7403 
2 8595 1408 
2 3140 8698 
2 7027 2441 
2 6913 8166 
2 1418 5292 
2 9474 6415 
2 3114 7722 
2 8081 956 
2 4840 2959 
2 2629 2977 
2 6318 50 
2 2452 3561 
2 9614 5111 
2 4708 7943 
2 2999 8935 
2 8319 7360 
2 5755 6965 
2 7149 7987 
2 5345 2380 
2 234 2849 
2 3863 266 
2 6665 6142 
2 8876 969 
2 3955 5445 
2 868 4138 
2 4760 4725 
2 96 5237 
2 8286 7908 
2 7120 6292 
2 6102 313 
2 6270 1659 
2 7309 1353 
2 5061 2137 
2 8440 3779 
2 667 8298 
2 2661 5601 
2 6659 548 
2 4193 3662 
2 4338 8373 
2 6558 4512 
2 6198 8593 
2 4226 7683 
2 8759 2243 
2 3005 3793 
2 1187 6787 
2 4873 8127 
2 6254 1786 
2 4054 2924 
2 6240 5114 
2 3033 8992 
2 5761 4273 
2 2338 5866 
2 7736 9159 
2 4007 1107 
2 4728 3262 
2 7751 4974 
2 3388 1775 
2 5021 5384 
2 981 2272 
2 1814 1098 
2 1139 4851 
2 6781 8314 
2 9835 5779 
2 7311 8692 
2 8243 7635 
2 5729 3191 
2 5033 5970 
2 7861 3795 
2 2869 8489 
2 4743 8161 
2 2735 4585 
2 4127 6873 
2 9717 6398 
2 5595 1062 
2 9052 1764 
2 2566 5508 
2 5756 2839 
2 4040 6411 
2 2191 6720 
2 5006 8233 
2 5020 5406 
2 3957 4416 
2 671 6833 
2 6097 2174 
2 9761 1425 
2 6507 8138 
2 9813 1738 
2 9193 3912 
2 1221 4111 
2 8818 2933 
2 959 7652 
2 7946 5495 
2 7629 8711 
2 6878 1609 
2 3480 6827 
2 1684 7598 
2 7199 934 
2 8210 624 
2 6996 6609 
2 9632 2674 
2 9809 534 
2 1034 8676 
2 7812 505 
2 2630 1958 
2 6199 4874 
2 4970 2227 
2 1465 3286 
2 5518 7349 
2 6805 7898 
2 1742 2932 
2 2560 492 
2 7492 3767 
2 3825 4487 
2 3867 4729 
2 564 5270 
2 1074 7800 
2 2474 2775 
2 2796 8041 
2 9158 9511 
2 1162 6740 
2 9150 5331 
2 9821 1213 
2 4413 5939 
2 5147 9780 
2 5753 7400 
2 9672 4791 
2 5597 5239 
2 2610 4670 
2 3439 7525 
2 4276 3645 
2 346 267 
2 6376 2898 
2 4645 6857 
2 8645 8467 
2 872 5899 
2 807 3722 
2 4330 1494 
2 4239 1692 
2 1069 485 
2 3292 5959 
2 8158 6052 
2 9297 8085 
2 2192 7278 
2 4963 8793 
2 7036 9294 
2 7669 1013 
2 3873 4476 
2 135 3936 
2 1382 6282 
2 8356 9591 
2 3432 6114 
2 2714 6461 
2 5636 634 
2 5407 985 
2 7267 3136 
2 78 9934 
2 100 4491 
2 5482 2889 
2 7643 7230 
2 4502 6319 
2 5799 3043 
2 4417 8896 
2 9526 4995 
2 3119 4945 
2 7056 6093 
2 5875 1699 
2 7542 9921 
2 2084 931 
2 1198 2764 
2 2916 6248 
2 1396 3816 
2 4096 3598 
2 9412 9464 
2 3675 7478 
2 885 4266 
2 1632 5109 
2 3528 9315 
2 6423 5443 
2 1587 3794 
2 1245 2791 
2 1165 9296 
2 3986 2996 
2 3374 8914 
2 9079 6877 
2 3458 7019 
2 5883 692 
2 3387 7951 
2 1232 458 
2 9886 1667 
2 3821 7999 
2 6116 4735 
2 5682 1308 
2 4769 3861 
2 4042 6731 
2 9857 5145 
2 1485 35 
2 5865 2722 
2 7877 1732 
2 9081 6760 
2 6904 1443 
2 5784 4135 
2 9518 4387 
2 6604 9668 
2 9092 7427 
2 7254 8176 
2 9140 6901 
2 4993 6182 
2 5526 5571 
2 1217 1514 
2 8412 7252 
2 5100 5683 
2 312 3237 
2 6864 1211 
2 3147 4841 
2 8625 250 
2 4654 8974 
2 5221 315 
2 6450 6200 
2 918 1214 
2 2601 3616 
2 6421 3014 
2 5528 9658 
2 6931 4383 
2 2663 5219 
2 4110 3019 
2 8092 3840 
2 7466 4458 
2 2135 6758 
2 4750 3505 
2 6661 2209 
2 5579 3587 
2 5833 6386 
2 1402 2983 
2 8425 9084 
2 3939 1921 
2 3824 4358 
2 6742 2945 
2 7879 4911 
2 7133 7717 
2 4125 8065 
2 5932 8840 
2 6538 7671 
2 611 1180 
2 7306 7350 
2 2915 7005 
2 2656 626 
2 9280 7366 
2 1329 9072 
2 2847 7144 
2 3028 5802 
2 4672 4107 
2 2587 5900 
2 8700 8076 
2 8111 7919 
2 2432 1672 
2 9209 4792 
2 5339 2904 
2 2016 9736 
2 3715 8720 
2 4305 6035 
2 2606 6552 
2 3742 7506 
2 8775 7226 
2 6106 3408 
2 9275 9086 
2 8534 6966 
2 9226 7651 
2 6181 7602 
2 3512 5022 
2 5466 1816 
2 3679 6759 
2 5679 2307 
2 1166 5672 
2 5936 3827 
2 6358 7781 
2 4941 4425 
2 6583 8624 
2 9065 3701 
2 3961 5625 
2 499 8835 
2 4324 6037 
2 6396 2411 
2 6908 2692 
2 2048 9880 
2 3235 9709 
2 7590 9450 
2 7443 5302 
2 9970 8115 
2 56 8554 
2 6445 1896 
2 5942 2516 
2 8839 9664 
2 4576 4749 
2 6843 1860 
2 59 2897 
2 4685 1448 
2 2827 7089 
2 5693 3303 
2 6932 3676 
2 4004 259 
2 9009 6339 
2 3764 3152 
2 6841 9896 
2 2762 8025 
2 5775 7172 
2 7266 5611 
2 2856 2397 
2 5167 9176 
2 4029 5992 
2 6855 8887 
2 8258 4131 
2 1318 4572 
2 4786 1983 
2 3557 5705 
2 9338 6517 
2 6185 177 
2 3349 75 
2 3280 8337 
2 8848 4883 
2 5747 8391 
2 818 3171 
2 1113 8629 
2 3067 3798 
2 789 6206 
2 9626 1916 
2 7178 7043 
2 5350 6570 
2 6566 7210 
2 2145 1888 
2 4172 8141 
2 1640 6079 
3 4637 2147 6179 
3 696 9625 620 
3 6151 4204 9583 
3 3731 1289 9032 
3 1999 661 2430 
3 8410 4676 6020 
3 1877 3849 2739 
3 1234 4797 8954 
3 113 8231 8659 
3 6584 4931 2 
3 8827 9622 5920 
3 7712 6125 53 
3 464 6616 9843 
3 1073 8232 6769 
3 9229 1808 1258 
3 4999 2686 3247 
3 5999 4783 1882 
3 8014 8668 1279 
3 4771 5834 8727 
3 2779 1611 7274 
3 9130 6847 2766 
3 8002 7642 4734 
3 7391 1432 7864 
3 2052 3361 3654 
3 4776 7053 6340 
3 4745 1101 9083 
3 1880 9364 1868 
3 528 6175 1095 
3 9698 8817 4582 
3 354 1601 6523 
3 3869 165 576 
3 2954 3150 6989 
3 8282 509 3768 
3 9127 4177 9666 
3 9312 1829 1745 
3 5726 7387 8357 
3 3992 3531 7659 
3 617 1299 4982 
3 8144 7739 563 
3 3081 3074 5031 
3 7559 4634 7997 
3 7371 6230 7776 
3 9161 6520 4907 
3 8638 7039 5039 
3 1950 20 6562 
3 4514 8658 5103 
3 4674 9844 1001 
3 1030 8030 3966 
3 9803 3548 748 
3 2518 9445 9552 
3 9427 4688 9559 
3 8269 4401 4764 
3 535 824 5743 
3 186 4428 4456 
3 4732 5211 1379 
3 3106 7237 5533 
3 7536 3638 851 
3 8761 858 8519 
3 9481 8407 6208 
3 8416 6393 4196 
3 5120 915 2538 
3 3492 4108 6533 
3 5765 2607 6611 
3 7334 1810 1986 
3 9235 1500 4489 
3 4718 8681 5008 
3 5160 4089 9249 
3 5353 4391 209 
3 483 4322 8774 
3 4223 7435 8305 
3 6184 2854 3255 
3 6676 5359 4919 
3 8465 195 1675 
3 1969 7703 9165 
3 978 164 3997 
3 3282 5544 3368 
3 2678 7124 3906 
3 3468 7802 7206 
3 2622 4000 4299 
3 3336 1813 9149 
3 9030 3294 1194 
3 6772 5696 6406 
3 8132 3502 8637 
3 873 5320 8252 
3 6409 4713 5546 
3 5708 2149 2991 
3 707 555 6490 
3 7996 2049 8478 
3 4559 5541 80 
3 2404 2814 4872 
3 4549 9120 8048 
3 3871 7886 4744 
3 7771 2631 9848 
3 2648 5877 6921 
3 2406 1875 5700 
3 6065 2450 9411 
3 7967 6556 4727 
3 4254 699 1558 
3 8466 3688 3958 
3 8780 6951 5717 
3 1436 4938 6424 
3 4350 2038 1152 
3 7271 8708 6994 
3 3189 2157 6940 
3 8288 5522 5375 
3 1578 5199 7547 
3 1512 815 7075 
3 2947 2239 9937 
3 3987 8995 4225 
3 9185 9347 6937 
3 447 4505 1841 
3 9984 3296 1503 
3 5933 2491 1908 
3 5848 3893 3577 
3 1035 3477 8113 
3 4211 5464 9750 
3 3969 5620 9192 
3 6928 9125 6412 
3 9628 8996 6880 
3 6786 6925 1339 
3 7842 5010 7885 
3 7414 9999 7505 
3 8182 4542 4837 
3 6527 6667 2992 
3 8600 3753 5694 
3 423 3137 5764 
3 8573 1707 1172 
3 4028 4367 2042 
3 5437 5931 4870 
3 6883 3652 2650 
3 1729 213 295 
3 6329 8788 5842 
3 804 2292 6591 
3 6483 8693 9524 
3 8403 8825 677 
3 3050 1869 861 
3 5409 3127 3273 
3 7911 5362 3012 
3 3382 4981 3476 
3 7925 1238 6668 
3 2693 2391 7143 
3 8074 3225 9531 
3 2636 1385 6477 
3 2706 3327 3576 
3 9305 3284 9206 
3 7859 6060 6284 
3 1311 57 3789 
3 6286 897 7603 
3 9197 8863 6229 
3 8791 7057 1264 
3 8441 8915 3265 
3 8677 8713 1426 
3 4424 538 4918 
3 8919 9389 2852 
3 8568 9285 5218 
3 8223 4524 6702 
3 4178 5476 5531 
3 7612 4737 5655 
3 239 5750 5372 
3 7709 4137 8639 
3 3287 7945 7308 
3 9017 4074 5298 
3 4302 5139 7731 
3 2732 8387 5922 
3 5309 8794 1566 
3 1128 4554 5565 
3 7260 2675 4202 
3 1347 9010 8538 
3 1767 9371 8932 
3 6066 4160 491 
3 8867 4118 461 
3 1895 2257 8075 
3 5961 6672 1708 
3 6283 1823 3761 
3 8647 9128 7138 
3 6072 9581 7599 
3 1759 9548 442 
3 937 7131 9954 
3 238 5948 261 
3 143 4485 780 
3 1202 1156 9170 
3 338 2812 4607 
3 2729 1141 5748 
3 3627 7412 4948 
3 1973 6126 8472 
3 7279 6565 2159 
3 8375 3878 4741 
3 9304 8187 5629 
3 4386 2402 1890 
3 896 7445 5013 
3 899 6993 1805 
3 5911 7737 1680 
3 8103 4977 4494 
3 6403 4439 9825 
3 8422 5926 6848 
3 3096 7713 5485 
3 3065 9265 3128 
3 72 196 8486 
3 6888 8917 5822 
3 3735 1990 727 
3 6930 2964 8239 
3 1920 6839 7449 
3 5520 5617 6098 
3 633 8022 2448 
3 9635 8813 3331 
3 7523 8682 8080 
3 6225 7913 4412 
3 2069 2868 5189 
3 5241 3718 8225 
3 5440 7753 4612 
3 4980 8110 5600 
3 1048 5602 2127 
3 1032 3209 9786 
3 5851 610 6305 
3 2669 8135 1681 
3 2905 131 1870 
3 1543 1685 2287 
3 652 5047 983 
3 9748 4534 1307 
3 781 3132 4332 
3 3269 5515 4426 
3 6738 3475 6749 
3 3020 3578 6018 
3 5425 4747 433 
3 3305 479 7990 
3 2721 5762 4320 
3 1474 5989 4314 
3 8852 3931 7480 
3 3402 1774 1914 
3 204 6716 2803 
3 3076 340 648 
3 3899 7853 5987 
3 8675 3622 6947 
3 2356 6586 7926 
3 8460 2101 2269 
3 995 8195 7700 
3 3602 5204 5598 
3 5975 9951 7363 
3 5090 2647 6696 
3 6651 9089 8746 
3 9295 9742 232 
3 5461 1856 3820 
3 4679 2285 6515 
3 1010 4686 7562 
3 1723 7785 3670 
3 1577 3129 4863 
3 9584 4917 8409 
3 7509 9343 3166 
3 2736 3537 786 
3 2267 4518 6968 
3 3035 7356 6129 
3 3079 9414 9431 
3 8833 5290 3071 
3 7330 697 4157 
3 4039 311 8735 
3 2408 8602 9609 
3 5591 1486 2958 
3 4080 1122 7362 
3 7275 4114 2634 
3 4188 6642 9918 
3 276 3631 822 
3 148 1605 9627 
3 2294 7868 2323 
3 3588 1476 7980 
3 5867 8050 5224 
3 4374 9860 9333 
3 1865 8068 7749 
3 6985 2549 9734 
3 183 6084 1826 
3 8731 7850 2688 
3 1256 1315 2893 
3 2362 1398 6146 
3 6603 3311 6030 
3 6309 1290 8822 
3 7677 2864 8426 
3 5474 9728 7097 
3 5278 5523 2019 
3 2425 4381 8953 
3 3252 952 7248 
3 9200 1796 1689 
3 1561 1964 2554 
3 4440 2414 3503 
3 1401 1922 8628 
3 9217 2553 9151 
3 4681 3613 923 
3 2515 5036 7579 
3 1873 7707 1077 
3 8963 5619 8836 
3 2825 1993 4251 
3 8703 5804 9752 
3 7860 8280 712 
3 3687 3696 2817 
3 829 8506 8940 
3 2291 8898 1546 
3 2247 372 2013 
3 8308 4605 4267 
3 9908 1167 6294 
3 4187 4633 8399 
3 9665 7627 182 
3 4165 737 7434 
3 8841 6157 2083 
3 9290 6504 2872 
3 3057 8939 8515 
3 2558 9580 8209 
3 9377 3233 2435 
3 5235 5130 5551 
3 6577 7073 3784 
3 7440 8307 5794 
3 7948 2910 9392 
3 5349 1688 3900 
3 8584 3757 8989 
3 8374 8477 4168 
3 2710 7691 8217 
3 9195 4649 7672 
3 5291 8163 8475 
3 601 2392 6571 
3 2751 9124 1678 
3 3714 6655 4795 
3 3787 6688 1086 
3 4857 4142 1226 
3 8229 9545 2749 
3 7171 9119 8930 
3 3428 1648 2649 
3 2208 623 2826 
3 7255 6078 8089 
3 1598 9578 9950 
3 5023 5621 9245 
3 168 3433 6640 
3 1773 1368 7052 
3 1703 3694 6545 
3 2519 1639 4836 
3 5941 9311 9448 
3 512 4700 2353 
3 9108 3807 6496 
3 8236 7003 7406 
3 3320 166 3357 
3 5449 2531 1825 
3 1979 3709 5820 
3 5849 8627 4106 
3 6987 7499 7813 
3 7496 105 8606 
3 5391 1982 9502 
3 4536 841 3452 
3 8927 2420 8925 
3 3461 7741 8155 
3 833 7251 6677 
3 3448 2921 8712 
3 13 9871 5557 
3 8411 3527 6863 
3 3130 7162 5184 
3 5041 9054 6275 
3 7127 4166 6268 
3 7616 7574 584 
3 7455 4139 4609 
3 725 4620 9599 
3 4610 8938 4437 
3 4799 949 8175 
3 2532 6257 2034 
3 23 8377 6204 
3 7289 6006 206 
3 1359 1528 3792 
3 6822 2820 3325 
3 4604 5310 7532 
3 2989 3646 2931 
3 8329 7571 2962 
3 8829 3515 3497 
3 2409 5695 730 
3 6620 4085 974 
3 3607 296 4180 
3 5609 7848 7692 
3 1507 2445 5809 
3 9799 3801 1952 
3 6091 1822 2539 
3 6377 5525 2175 
3 8504 3746 5166 
3 4230 7558 3628 
3 3091 1189 2821 
3 9943 2033 2312 
3 5790 6082 7129 
3 2212 7369 9118 
3 5060 8718 506 
3 910 6211 5248 
3 7101 6304 7015 
3 3649 1244 8124 
3 1304 2620 7029 
3 1508 1366 98 
3 6220 2937 1319 
3 7618 3383 2029 
3 9303 9939 3398 
3 9852 9462 1338 
3 5003 210 6799 
3 5558 9491 6948 
3 9676 4830 9408 
3 2108 9441 9620 
3 6493 7487 5919 
3 2339 3274 6918 
3 3193 7529 1404 
3 8985 816 8197 
3 3909 8072 1832 
3 3563 2074 9059 
3 8529 2063 5681 
3 5659 7041 417 
3 5706 2586 6639 
3 8509 9495 2270 
3 4290 8945 8139 
3 9577 4272 5795 
3 6187 4336 5011 
3 6821 7453 631 
3 8296 5368 4313 
3 321 6381 7346 
3 8654 5553 6881 
3 7302 7200 876 
3 678 3681 8721 
3 7934 6773 6484 
3 3536 9147 586 
3 7069 4871 9203 
3 4478 394 1421 
3 9679 2021 3630 
3 227 4669 86 
3 6425 8620 5018 
3 2017 540 1078 
3 4564 2492 2883 
3 1 2383 9543 
3 6161 328 4891 
3 6434 7155 5336 
3 7668 8557 4252 
3 4 3925 1638 
3 6090 9711 2346 
3 2111 9981 3788 
3 4944 3511 7939 
3 8877 731 4816 
3 7594 2376 9395 
3 4041 3086 2808 
3 2810 6635 3355 
3 4757 5489 4940 
3 6974 1266 5773 
3 7084 2118 8442 
3 3278 9995 7132 
3 1439 1515 8379 
3 4269 7111 3260 
3 3567 5991 5148 
3 4231 4890 4573 
3 8173 6544 2841 
3 4868 8208 82 
3 3904 9611 7283 
3 5316 7167 2179 
3 930 6853 6463 
3 1251 7705 9784 
3 4575 3858 893 
3 5263 5249 4703 
3 3047 1137 1933 
3 3462 800 5404 
3 8199 5081 8038 
3 6050 3117 5835 
3 5062 1261 1332 
3 1033 1784 558 
3 5365 704 7373 
3 7974 5170 3154 
3 5734 719 1227 
3 3892 6785 1015 
3 6113 5685 7419 
3 3378 6618 8326 
3 6419 5800 287 
3 7787 4488 8071 
3 7977 1502 9452 
3 6998 8984 3142 
3 7437 2578 6278 
3 6042 3188 2011 
3 4452 5317 8131 
3 3264 4989 1370 
3 6698 3381 5203 
3 1516 230 9402 
3 303 1255 5723 
3 9442 3656 4335 
3 7072 5891 8824 
3 1274 4244 7457 
3 7377 2618 2258 
3 3198 4904 9936 
3 4312 47 691 
3 3420 5807 901 
3 4879 2894 2822 
3 7337 1389 3902 
3 6083 8047 7297 
3 8706 2715 7102 
3 3434 6293 846 
3 4376 4648 1054 
3 1248 5879 1065 
3 8292 3857 90 
3 5516 1498 5686 
3 2795 1787 6388 
3 6497 2398 4647 
3 30 4325 2237 
3 3201 939 7873 
3 3716 1482 9595 
3 1766 8648 6795 
3 1063 6045 5653 
3 7425 8709 5260 
3 9613 8134 8215 
3 8261 1843 7721 
3 5460 6360 5684 
3 3133 9817 5024 
3 2870 9286 666 
3 819 8009 6906 
3 5730 4293 953 
3 1464 6238 6342 
3 6585 224 8850 
3 8965 382 22 
3 4496 3039 6806 
3 4630 6597 6064 
3 7818 4066 8951 
3 6437 5888 5898 
3 6722 9271 8671 
3 1943 4659 4123 
3 4045 1120 625 
3 3875 9925 6718 
3 9914 3519 2876 
3 5605 6347 81 
3 3389 8565 6536 
3 6943 5627 7122 
3 8768 487 8060 
3 5135 9053 842 
3 4814 825 8542 
3 3283 511 3426 
3 810 9339 1617 
3 74 7953 7150 
3 4913 4470 2389 
3 3089 6703 5348 
3 7696 687 3837 
3 1265 2971 3251 
3 4016 7046 7014 
3 9026 6387 2486 
3 9400 8570 174 
3 212 1781 5850 
3 7938 7225 9276 
3 6935 8473 1377 
3 837 8035 7843 
3 4588 3756 3356 
3 587 799 2162 
3 9207 5649 4803 
4 1650 2091 4780 1811 
4 7212 7899 2131 1145 
4 3123 2813 5709 9607 
4 5158 2347 7396 604 
4 5201 5327 7472 3001 
4 9670 6969 4726 4400 
4 7142 9258 7957 7917 
4 741 8828 3804 7667 
4 886 8420 2832 7287 
4 2075 7105 8125 2871 
4 3491 9553 2571 6788 
4 9747 8016 1168 3556 
4 5032 8469 8397 3026 
4 6713 5127 9963 7610 
4 6429 7077 4334 1758 
4 8052 5813 5455 8257 
4 4027 763 1741 2295 
4 6693 3565 4097 782 
4 6071 2373 5527 6911 
4 5815 3777 3253 3726 
4 8004 5236 2911 4102 
4 2473 7175 2304 4124 
4 2072 7756 9320 9777 
4 4292 9268 4443 1608 
4 8543 3640 2548 1435 
4 6910 1373 5648 5720 
4 6550 7303 9342 5162 
4 7263 1886 5136 7572 
4 5580 5545 4265 7441 
4 5821 5853 3051 3215 
4 4885 2562 6431 1151 
4 304 6144 3176 5155 
4 8528 6725 6770 3781 
4 9453 7168 3916 2375 
4 9438 2512 8045 455 
4 6886 3800 4762 5288 
4 6613 2390 1348 4171 
4 6176 7280 728 9384 
4 9923 7099 8010 609 
4 5780 9678 6404 7561 
4 7454 2387 4200 7083 
4 9540 2877 6288 1291 
4 753 5068 5604 8832 
4 5938 1041 5552 3229 
4 602 6623 2514 8206 
4 9863 1631 7256 8853 
4 8324 2900 8226 4810 
4 2341 5896 5502 2121 
4 1646 6337 1447 649 
4 4926 2003 8029 1898 
4 6807 3659 7687 9659 
4 2193 255 3760 2103 
4 9419 4921 1344 6223 
4 9292 6117 515 9329 
4 2015 1138 1820 3486 
4 3036 436 8140 3991 
4 467 426 7544 8616 
4 3883 2988 6235 6592 
4 4761 2638 6823 9180 
4 5447 1388 9833 7976 
4 7220 3308 7116 1534 
4 1666 1284 4429 878 
4 9558 5980 124 6383 
4 1271 9406 7493 256 
4 1818 5504 1527 4971 
4 278 8522 6898 2723 
4 4600 5381 4828 6296 
4 6467 5140 3345 7773 
4 435 1620 9407 820 
4 8514 443 9269 9610 
4 2198 1584 5847 4691 
4 6687 2277 1135 9792 
4 6051 2413 3872 8027 
4 257 1199 3534 5055 
4 169 3499 1008 8382 
4 7820 6364 4217 9504 
4 5363 1412 246 8656 
4 7317 6884 460 4086 
4 3583 3390 8325 2188 
4 5410 536 9146 3370 
4 5940 3111 1519 2642 
4 9374 2570 9509 9476 
4 3737 3412 6130 2537 
4 203 1094 7742 9015 
4 2500 3474 569 7975 
4 1493 1097 7020 2189 
4 7799 4935 7519 7966 
4 2765 7181 3207 4822 
4 4105 6622 4132 5680 
4 8810 5944 2344 7268 
4 3729 2998 3414 5945 
4 5376 4943 5631 8920 
4 5213 3167 8608 3765 
4 3985 8028 4720 1755 
4 9846 7518 6652 3769 
4 1090 8021 8536 8362 
4 5819 1918 3059 3385 
4 9144 3811 7188 3360 
4 2460 3772 1011 4707 
4 8001 3562 9955 1046 
4 4833 6203 4794 941 
4 4765 1321 3822 4878 
4 9913 9178 3634 9451 
4 1806 9946 6889 4978 
4 3359 396 3042 1530 
4 2529 4898 5430 1553 
4 2163 2899 3751 5318 
4 214 1582 2483 6963 
4 888 2593 670 8255 
4 8630 8404 3844 4613 
4 7392 9393 7829 3018 
4 9710 3568 1783 5283 
4 619 762 1656 944 
4 606 5561 9589 6764 
4 2386 5202 3547 8890 
4 1362 6868 2431 8332 
4 9829 4717 1297 5904 
4 4698 5210 7436 7927 
4 5370 1391 5284 8316 
4 4693 8830 4101 1316 
4 4751 927 9947 9949 
4 9807 4577 4959 1434 
4 8814 4288 4031 9645 
4 8729 6553 163 1828 
4 4626 3144 3353 8264 
4 8868 1661 3177 2639 
4 4117 1696 3891 6854 
4 4821 2628 2798 2952 
4 8879 6432 365 7055 
4 2433 2298 9738 7809 
4 9619 4504 9356 721 
4 7422 6887 9501 4519 
4 7745 4958 5576 2746 
4 3988 668 4834 2490 
4 3712 2004 2944 1040 
4 4844 1513 3348 7657 
4 9368 9061 6519 41 
4 324 8398 4282 8082 
4 1427 7050 9223 954 
4 1517 5272 5305 4072 
4 9403 3494 1263 5141 
4 6068 6343 7357 8809 
4 6242 1821 2218 7772 
4 4301 6992 2640 5233 
4 8153 1715 742 9751 
4 457 5746 9126 4352 
4 7907 5874 8756 2279 
4 1354 5340 844 1673 
4 4796 7894 5026 1644 
4 2939 4949 5223 1314 
4 5342 2780 9977 5394 
4 314 4784 8771 1044 
4 8929 4570 4996 8406 
4 834 1630 560 3773 
4 1295 8901 525 8174 
4 2223 7013 1623 1736 
4 4241 871 8505 5594 
4 2737 9550 3242 2249 
4 7867 2592 6426 5252 
4 1142 9928 7982 2366 
4 8049 2274 5385 1023 
4 4246 4815 9840 8188 
4 1900 4824 1637 3644 
4 6576 3898 2081 8685 
4 7805 4555 9980 7790 
4 1780 2741 7952 6664 
4 9145 7339 2181 4056 
4 4258 9174 1072 765 
4 4167 2980 1222 6685 
4 7697 121 9933 8981 
4 7735 2513 1431 5324 
4 9721 7647 592 2165 
4 3796 638 5326 7884 
4 5688 7733 3625 2133 
4 8872 5493 1247 4396 
4 7896 7126 1419 4748 
4 4409 8591 9657 1452 
4 6803 7001 1223 4379 
4 1473 199 6155 4423 
4 8079 1647 8013 8789 
4 9811 9078 6673 8660 
4 9920 6475 579 9238 
4 4984 1293 4715 8457 
4 2043 6224 7622 3202 
4 591 3100 1303 233 
4 8222 7719 9183 1099 
4 6514 7375 5715 4787 
4 9606 8792 6302 4499 
4 7459 828 1096 9173 
4 9875 8327 3619 8923 
4 7998 553 4176 5049 
4 8980 8200 6188 5674 
4 4024 622 5444 2401 
4 7223 282 7949 1294 
4 3574 9528 4020 8587 
4 2195 3479 7161 6942 
4 8369 1501 4283 2320 
4 6789 5433 848 4446 
4 3573 3080 7581 8576 
4 4278 1844 9762 9020 
4 7849 9732 3108 4897 
4 7446 1643 4578 4445 
4 7158 7816 6265 3636 
4 2754 9730 5417 3593 
4 7477 590 4680 249 
4 3190 7984 9500 5063 
4 1129 190 684 6636 
4 2534 2078 9870 3546 
4 1020 329 111 7137 
4 1635 7442 771 2436 
4 1718 5703 4147 299 
4 3163 8300 7688 8180 
4 448 2507 9917 9649 
4 567 4234 3663 5841 
4 6924 9005 260 337 
4 5662 1283 6564 9720 
4 5315 1212 1336 147 
4 4785 9263 6212 8581 
4 1185 6331 7416 1130 
4 3200 4526 1112 2018 
4 4603 2853 3805 6801 
4 201 7758 8429 2738 
4 3881 3592 5589 3139 
4 817 8679 7198 1911 
4 9248 2475 9097 8146 
4 3121 9680 4869 6452 
4 7568 921 4699 1461 
4 522 8315 1737 9962 
4 6167 2969 6870 537 
4 3124 7239 9169 2561 
4 342 9990 6354 6442 
4 1970 5608 4583 694 
4 4530 1288 714 7382 
4 7596 1824 1225 9380 
4 5540 6657 6169 6193 
4 2283 285 3259 8446 
4 3852 3372 8341 3791 
4 5209 3373 8427 3538 
4 618 3052 2077 8990 
4 8055 9115 4025 1819 
4 3413 8699 7727 4641 
4 5154 4738 8183 6244 
4 3358 364 8937 484 
4 9063 9475 8129 9964 
4 4740 2466 1621 5498 
4 5477 2794 9218 6202 
4 367 3535 5424 2321 
4 8707 6695 4712 7307 
4 9188 3641 3078 7265 
4 3553 2229 245 5412 
4 4455 8353 7464 8907 
4 5185 8297 2920 2773 
4 790 8665 9755 7835 
4 6054 740 3054 5064 
4 5335 5760 3263 8170 
4 8102 9858 4716 6147 
4 4115 6448 3495 4472 
4 2065 7649 2802 5562 
4 176 7348 5472 2325 
4 4309 1392 5950 3710 
4 1327 7711 6417 1586 
4 4069 4047 3307 2093 
4 6794 9056 7166 8421 
4 7684 9220 2936 9100 
4 1923 6732 6287 700 
4 9479 8395 2370 63 
4 9484 7021 9216 3031 
4 8697 5994 3447 4337 
4 2319 2233 9482 4129 
4 9596 6826 2644 9655 
4 3159 4245 1204 6825 
4 7825 9478 9562 585 
4 144 911 8167 8967 
4 5731 187 8317 5632 
4 6120 8878 845 3520 
4 1298 8732 3600 6819 
4 2522 6325 1324 7724 
4 414 5988 6979 3713 
4 2045 2141 6336 2110 
4 7469 7078 4596 9436 
4 4064 3668 1415 5442 
4 5497 9758 8260 2064 
4 6207 2222 5469 4639 
4 8273 8383 7276 830 
4 5995 5117 9116 1894 
4 9782 3295 4174 9087 
4 5885 5823 3481 6013 
4 8501 427 8419 9673 
4 7969 2014 9979 9033 
4 6817 4621 6608 9314 
4 8234 6494 7106 7235 
4 4915 350 4798 4436 
4 7690 8944 4802 8982 
4 2156 1840 990 1380 
4 5622 6532 8520 9428 
4 7560 5414 4271 6679 
4 523 7915 2682 1915 
4 2252 5759 8579 9405 
4 8857 4427 6714 9074 
4 7614 4149 1556 6009 
4 7241 5246 6891 6226 
4 6002 966 9986 4752 
4 8120 79 5152 1420 
4 48 9869 1571 1603 
4 8643 1406 353 6832 
4 5827 3833 5981 2005 
4 1181 8714 9894 9409 
4 6936 1533 1285 5052 
4 5637 9106 7585 769 
4 236 8960 2902 2331 
4 4343 4353 1471 6285 
4 2197 2699 1891 8869 
4 288 375 8054 360 
4 5027 7489 1837 752 
4 2332 7511 5014 3759 
4 389 9794 9699 6158 
4 351 7379 5863 770 
4 8899 7294 683 5570 
4 8343 7221 549 6096 
4 7394 3684 8201 9522 
4 3835 4296 486 673 
4 7026 3350 1531 4591 
4 3484 4359 4895 943 
4 6053 6990 9824 531 
4 1140 5439 7863 1763 
4 2834 4370 381 1791 
4 1024 1874 9994 6243 
4 248 2609 8651 8764 
4 2978 7139 7504 9390 
4 5887 7928 646 5623 
4 2627 3326 6110 6529 
4 2100 5457 9805 3964 
4 2818 2556 3094 4181 
4 3068 6353 8642 9515 
4 4956 1105 6081 8516 
4 8644 5400 5997 370 
4 8077 3758 6952 4540 
4 140 8886 5740 2940 
4 7513 6239 4002 8366 
4 5487 2685 9779 5506 
4 9494 6446 9048 2787 
4 3380 8858 4345 542 
4 7865 1343 3752 7195 
4 4088 9938 7236 5852 
4 9360 3855 9171 5906 
4 1960 3976 6427 9885 
4 9771 6629 9602 8882 
4 8095 7355 9122 8331 
4 8512 2873 8220 5918 
4 8803 7191 912 2946 
4 6663 6119 9417 3771 
4 4394 1847 4694 7626 
4 2221 1687 1838 229 
4 867 1481 6866 1083 
4 6328 5245 5873 973 
4 6401 272 6505 6440 
4 5465 3227 9318 1021 
4 8364 9348 5909 8005 
4 7782 2088 9251 9865 
4 1740 6508 9013 5299 
4 1326 7807 345 8634 
4 3409 5914 6751 6852 
4 2148 3860 7024 133 
4 8246 9044 1220 6301 
4 4030 1203 2567 4516 
4 8216 5319 5745 1363 
4 7897 3146 8689 8430 
4 8333 4238 1367 3004 
4 6034 4646 924 6289 
4 5663 8463 4531 2694 
4 5360 2022 3846 669 
4 6723 262 7661 8760 
4 4321 6061 702 8136 
4 2449 8346 993 5463 
4 6964 843 7937 2242 
4 4082 8413 5085 9187 
4 462 9331 4856 5543 
4 9369 9230 947 5871 
4 9006 8145 6385 9327 
4 9564 3733 7460 4351 
4 3763 1853 1218 5607 
4 2215 3699 4876 7546 
4 4044 8754 1186 614 
4 6059 7163 1371 3206 
4 4933 9859 7666 2790 
4 7718 2655 5549 8219 
4 5990 7650 4587 9935 
4 8753 8719 1242 3590 
4 8266 3834 7715 968 
4 5776 7091 1654 5856 
4 6646 7288 935 5503 
4 5282 9675 6405 5125 
4 4894 9766 3125 3160 
4 5300 9386 2668 2585 
4 8548 9862 7290 5767 
4 241 5831 6756 7134 
4 826 5971 3272 3384 
4 4270 8977 4341 1790 
4 7783 1779 3075 1610 
4 2308 194 8447 3141 
4 7038 3702 368 103 
4 5510 1752 4075 8683 
4 4754 4212 1106 4562 
4 9901 8221 3509 317 
4 2066 7201 2524 1778 
4 4635 8834 6752 380 
4 243 4994 9693 5051 
4 3304 3923 7582 9465 
4 7534 2912 9284 33 
4 9137 1340 5618 3309 
4 2520 7902 2778 5358 
4 4326 8105 3490 8034 
4 3266 2604 5567 2961 
4 2725 9372 5009 1005 
4 6737 2333 5768 7673 
4 7744 3090 6095 6513 
4 9776 8084 8498 3516 
4 8744 5448 2106 8190 
4 3612 2262 960 6300 
4 5712 7576 7295 127 
4 9099 3232 6384 1313 
4 9096 6783 5664 1016 
4 3332 3854 9800 471 
4 2196 3978 1155 6365 
4 8451 8130 6391 8798 
4 1161 2676 892 2833 
4 7901 2482 9381 681 
4 7607 980 6569 9416 
4 8152 3365 3299 835 
4 4184 7151 8955 8947 
4 5962 8405 7341 2786 
4 8483 5454 4808 3064 
4 1492 1323 332 3572 
4 1945 5017 1117 5029 
4 1300 6279 814 2388 
4 8610 6214 706 533 
4 1909 3354 4992 5949 
4 4043 8345 3836 7456 
4 1612 9168 9651 7438 
4 5536 9565 7378 2879 
4 9822 8826 5963 281 
4 4845 2637 5190 6073 
4 5861 9256 615 4656 
4 7875 5581 783 2250 
4 2672 4746 4468 9855 
4 7888 9198 4014 1478 
4 1056 967 1228 1614 
4 301 502 7203 2178 
4 3338 4480 6026 2767 
4 2845 6587 1064 412 
4 9309 2094 6154 7856 
4 1544 7942 6816 94 
4 5742 9426 7259 9332 
4 764 2517 6961 8376 
4 1769 6830 1114 7112 
4 6976 2240 8523 3335 
4 2503 7008 2645 8063 
4 9579 197 551 8481 
4 2070 1721 5261 3748 
4 1560 386 4511 9337 
4 5692 9008 2698 7028 
4 1535 3648 4032 9532 
4 7909 572 5785 6003 
4 7187 1572 4256 1468 
4 5484 142 823 8278 
4 8230 437 2039 7537 
4 8160 8559 1653 5673 
4 9536 7070 9884 5593 
4 3950 9429 9612 853 
4 3799 2997 4547 118 
4 5165 3843 2423 1772 
4 5965 656 1928 4535 
4 5045 7227 6959 9682 
4 1333 9533 6349 5953 
4 2805 3236 5781 7889 
4 3339 3739 2824 254 
4 5271 5253 7086 2469 
4 4261 2244 5277 4471 
4 6218 879 7819 5839 
4 6779 3234 6416 9899 
4 291 5428 4566 6298 
4 6560 5626 5215 6418 
4 7970 3393 5894 9080 
4 1511 4682 2327 1848 
4 710 3775 1954 4175 
4 5986 3182 2602 2489 
4 4194 9690 4079 5752 
4 6430 6374 749 6420 
4 996 4829 2358 9434 
4 8870 3982 4704 7918 
4 3832 3740 9841 3882 
4 2709 4159 8470 180 
4 5859 5174 1963 9247 
4 9888 5606 4308 8037 
4 8743 7231 6069 9861 
4 806 7059 6345 9444 
4 7418 8299 4433 8987 
4 5078 7791 5301 58 
4 237 6748 4523 9282 
4 8632 733 3766 9837 
4 7866 3395 9634 9636 
4 1215 9731 1051 9814 
4 149 5240 2594 6348 
4 9708 8525 5862 3571 
4 7755 2830 3143 5265 
4 5957 4328 9671 4914 
4 2254 657 4617 9593 
4 2742 520 6166 9737 
4 2617 9250 373 3405 
4 7333 2960 776 889 
4 4892 2599 1548 5635 
4 1115 6481 1966 6607 
4 2271 2465 8736 7754 
4 6927 3938 4441 7611 
4 5172 4050 9904 4701 
4 3543 2151 7808 284 
4 8564 3980 6032 3162 
4 8701 7565 916 8849 
4 7177 552 8734 2204 
4 269 2484 4463 6222 
4 7372 4406 4186 8073 
4 2384 1372 7482 3367 
4 4162 8495 5451 5789 
4 8384 545 6099 2451 
4 2002 8730 2032 1287 
4 1855 428 2095 8452 
4 1932 743 271 2557 
4 2521 588 3053 3483 
4 4788 7600 5314 1093 
4 9344 6683 2546 8253 
4 4644 6957 3321 2712 
4 8213 5084 2348 1039 
4 7119 6392 9985 8154 
4 3424 2760 1192 7988 
4 9707 1387 1159 6 
4 1926 9199 3901 7961 
4 126 8198 401 5403 
4 9103 2756 26 8816 
4 849 6624 5771 8626 
4 3429 9034 7653 333 
4 1450 6367 4163 6820 
4 9328 4968 9257 2573 
4 7156 4722 574 226 
4 2506 7095 8804 734 
4 5432 866 170 7025 
4 4581 6312 5977 9624 
4 157 5361 9057 8862 
4 2588 5382 9288 51 
4 3088 6103 7147 2306 
4 8978 9909 6180 7501 
4 6712 6271 1364 6094 
4 3513 813 951 8795 
4 8865 1325 9355 8237 
4 5584 2160 5214 7979 
4 4067 1948 6197 8435 
4 957 2025 8903 9439 
4 9029 5666 8439 3297 
4 4706 4711 7578 1235 
4 2966 6016 4877 6447 
4 9838 8484 4927 6205 
4 3045 8663 6357 9031 
4 9014 6402 5478 883 
4 1664 8227 6675 5470 
4 2355 8586 4169 9093 
4 2733 7319 9387 8805 
4 4009 4213 7352 3965 
4 6869 3101 6017 160 
4 7960 8338 6194 5289 
4 6352 3785 7467 8128 
4 9629 1381 6983 8070 
4 1596 1103 6917 6216 
4 3048 1066 5787 4388 
4 8783 6397 4229 6436 
4 7541 9111 3007 1136 
4 336 4071 4395 6334 
4 8906 8895 6849 5725 
4 3956 6310 6660 1937 
4 1565 8751 4537 453 
4 6164 4449 2457 1061 
4 6048 2662 6643 1849 
4 5429 4083 2142 3453 
4 8942 5722 7676 4432 
4 3786 8617 5912 4532 
4 8908 9496 8521 5915 
4 3228 3457 8603 9204 
1669521