1628
2 7493 2595 
2 2024 5550 
2 3288 6491 
2 3269 1416 
2 6435 4014 
2 5042 770 
2 1199 9072 
2 7499 7031 
2 5567 8461 
2 4710 4613 
2 1420 2086 
2 5217 7092 
2 6461 5987 
2 4616 4105 
2 2314 298 
2 4080 4276 
2 2336 7249 
2 1740 7834 
2 582 4371 
2 838 6796 
2 6907 1432 
2 8167 5982 
2 7256 4248 
2 9699 4629 
2 311 4348 
2 410 3467 
2 2112 7284 
2 6609 6700 
2 9358 2423 
2 7081 3312 
2 8137 2744 
2 8659 3794 
2 627 8902 
2 6227 6931 
2 2059 8169 
2 22 7221 
2 8002 561 
2 2841 3227 
2 9948 6125 
2 8388 4448 
2 6358 4224 
2 4403 4729 
2 6760 6598 
2 1614 5280 
2 6085 875 
2 2675 1203 
2 4379 5557 
2 660 2488 
2 3957 1765 
2 5708 7543 
2 1193 7995 
2 5117 4463 
2 5401 2625 
2 2323 7960 
2 4039 3629 
2 2970 5800 
2 3237 145 
2 453 3333 
2 9993 7787 
2 8877 5743 
2 4855 8679 
2 1761 8649 
2 5974 7601 
2 9409 9856 
2 9371 4121 
2 1540 5924 
2 5347 7704 
2 924 7273 
2 8468 1052 
2 578 4230 
2 6859 9551 
2 8763 2793 
2 6141 8731 
2 7384 7658 
2 5603 8923 
2 1341 8082 
2 7344 8493 
2 5201 520 
2 5504 1396 
2 6628 8843 
2 1117 831 
2 8822 3902 
2 6213 5452 
2 482 8717 
2 4661 3311 
2 6468 8236 
2 6375 9790 
2 9453 5985 
2 1932 5470 
2 843 6880 
2 3458 8728 
2 4343 9344 
2 3221 2767 
2 2029 1039 
2 2356 6469 
2 3443 747 
2 8283 8377 
2 8755 1456 
2 6475 146 
2 9480 2409 
2 6972 9170 
2 9273 7860 
2 9333 1006 
2 9314 1795 
2 7074 6147 
2 3921 2446 
2 6528 2354 
2 9063 9030 
2 3462 6250 
2 2719 5076 
2 1866 5808 
2 1165 1521 
2 4206 5618 
2 4620 2549 
2 6852 3859 
2 8979 8779 
2 7310 3284 
2 6289 8904 
2 6031 4666 
2 6858 1818 
2 6948 2377 
2 9059 2124 
2 8946 7987 
2 7863 262 
2 5807 4672 
2 5475 728 
2 378 8791 
2 6641 3459 
2 5346 5539 
2 6523 616 
2 540 5604 
2 8371 4560 
2 9221 8340 
2 471 8706 
2 9788 552 
2 5171 6046 
2 3877 9953 
2 6634 8766 
2 489 3715 
2 5367 5285 
2 7329 2205 
2 975 851 
2 8440 1105 
2 3745 8342 
2 2505 6840 
2 7226 4501 
2 1053 9360 
2 2536 7608 
2 739 9253 
2 7160 137 
2 6530 2760 
2 2078 6986 
2 2822 6460 
2 8802 5147 
2 5387 513 
2 9693 5362 
2 369 9357 
2 6525 6831 
2 6088 7303 
2 4688 5481 
2 947 5971 
2 1968 3008 
2 4606 1453 
2 521 8713 
2 4532 4694 
2 2447 4221 
2 8337 3175 
2 2326 2191 
2 5379 6068 
2 3417 6225 
2 2655 3325 
2 3689 9775 
2 148 5170 
2 3096 8437 
2 3670 2352 
2 5714 1458 
2 6463 7918 
2 6286 9007 
2 8730 7119 
2 7746 2450 
2 7627 8175 
2 4944 6806 
2 676 9317 
2 8594 391 
2 1421 7968 
2 6967 4533 
2 3304 3561 
2 7856 4441 
2 5965 6982 
2 1629 6873 
2 7238 4214 
2 9777 8848 
2 2036 8653 
2 7669 3358 
2 7019 2338 
2 5906 301 
2 8782 845 
2 5833 6133 
2 1015 7127 
2 1494 5366 
2 6657 4438 
2 7150 8524 
2 842 7248 
2 9947 8642 
2 5446 5136 
2 2274 9921 
2 1794 8830 
2 905 1436 
2 322 455 
2 3251 8975 
2 5448 2666 
2 4886 5033 
2 4853 6940 
2 2750 2211 
2 4780 151 
2 4730 8855 
2 4298 6206 
2 7685 5977 
2 5851 1451 
2 4316 5521 
2 1960 9107 
2 1298 558 
2 2008 9995 
2 7797 1054 
2 4537 7677 
2 6497 711 
2 8901 2766 
2 8074 6150 
2 2508 1375 
2 830 6759 
2 8629 5779 
2 1904 4525 
2 3276 2300 
2 6243 3143 
2 41 7889 
2 5100 4044 
2 2663 1602 
2 3657 6025 
2 9269 3283 
2 2789 7181 
2 8469 1757 
2 3890 878 
2 2382 2830 
2 4160 8086 
2 1926 8356 
2 1827 7398 
2 4699 2130 
2 5309 7511 
2 7357 4572 
2 3633 2662 
2 6929 3508 
2 6270 7735 
2 6043 2046 
2 81 4884 
2 7562 8329 
2 7734 9490 
2 9895 4181 
2 5080 4568 
2 7393 3011 
2 9791 9004 
2 4563 3853 
2 5636 9599 
2 8439 243 
2 4747 338 
2 1836 5646 
2 9938 1244 
2 8446 2173 
2 9520 2977 
2 1777 5821 
2 2515 2221 
2 3563 5273 
2 7146 9042 
2 1002 6072 
2 7476 8105 
2 6071 2963 
2 9259 8200 
2 6388 5104 
2 8994 5334 
2 3915 6639 
2 3936 400 
2 9421 3781 
2 6348 8770 
2 6970 5483 
2 3089 8115 
2 9234 307 
2 1598 7861 
2 6942 1202 
2 911 2951 
2 8860 4610 
2 970 6872 
2 4025 1791 
2 2500 7147 
2 4390 7213 
2 605 62 
2 5517 4940 
2 3212 3429 
2 4384 8101 
2 8014 363 
2 8693 9664 
2 5923 8366 
2 8328 3492 
2 1721 9013 
2 3389 6104 
2 9172 9328 
2 6381 7916 
2 886 5458 
2 2797 6205 
2 9913 4326 
2 3718 8888 
2 1273 3652 
2 3607 6033 
2 756 5269 
2 910 3128 
2 4001 9146 
2 7588 8273 
2 4232 6001 
2 5547 6324 
2 658 9003 
2 9315 3159 
2 3995 2442 
2 4258 1955 
2 2681 1283 
2 7757 4635 
2 6753 7914 
2 5336 8661 
2 1290 6646 
2 9446 7976 
2 9909 2114 
2 2741 1286 
2 5031 7880 
2 8745 4165 
2 6828 508 
2 2604 6631 
2 2393 9561 
2 9829 4664 
2 9771 6118 
2 8294 6576 
2 8842 6937 
2 7038 7167 
2 1741 2372 
2 3013 1643 
2 8350 753 
2 669 5820 
2 242 2807 
2 8160 6453 
2 7640 130 
2 3548 2321 
2 8627 1755 
2 2533 2924 
2 1333 6895 
2 8865 3290 
2 9479 2100 
2 4256 8628 
2 4063 4167 
2 3600 9667 
2 5184 4551 
2 5226 2080 
2 8732 292 
2 443 3962 
2 7558 5208 
2 726 2023 
2 6698 3904 
2 4984 673 
2 3677 7114 
2 475 5928 
2 7567 7080 
2 6842 261 
2 2773 5624 
2 4639 1634 
2 7312 2829 
2 9616 4611 
2 2342 4053 
2 2180 1649 
2 2770 4863 
2 5407 709 
2 1127 3851 
2 2494 4302 
2 1459 4210 
2 6365 8255 
2 6094 908 
2 7877 7004 
2 7951 159 
2 3679 7870 
2 4962 7056 
2 9257 4514 
2 2713 4118 
2 7514 5791 
2 6284 7710 
2 5776 644 
2 6971 7052 
2 7865 7036 
2 1463 4676 
2 6174 2129 
2 6486 8121 
2 8548 9158 
2 6320 3749 
2 8083 3441 
2 6694 61 
2 6396 9255 
2 6075 2033 
2 66 5857 
2 6863 5718 
2 3262 6705 
2 6978 5689 
2 6476 2786 
2 498 4309 
2 6938 8085 
2 5679 877 
2 7732 8537 
2 7771 3841 
2 7513 3976 
2 3278 9707 
2 615 9611 
2 8582 4356 
2 2906 6153 
2 9103 49 
2 2846 9050 
2 3803 3119 
2 6802 4815 
2 4878 1792 
2 2714 2178 
2 3559 2754 
2 5536 2931 
2 5856 3801 
2 3332 3906 
2 3448 5234 
2 330 1470 
2 9091 7093 
2 7782 9447 
2 2458 2192 
2 7330 6007 
2 334 9348 
2 9670 4000 
2 9407 4094 
2 2209 7200 
2 7458 619 
2 1873 1302 
2 2721 5277 
2 9688 5461 
2 9587 534 
2 247 2484 
2 6212 6395 
2 581 9138 
2 734 7592 
2 8608 4646 
2 518 8742 
2 8442 39 
2 5817 2627 
2 5898 4306 
2 5766 741 
2 1640 5752 
2 3003 7304 
2 2745 244 
2 9852 6278 
2 7793 5027 
2 516 8626 
2 4806 4764 
2 5261 5178 
2 559 7088 
2 6912 6340 
2 6921 2856 
2 3988 4378 
2 3732 7615 
2 2647 4552 
2 6715 6807 
2 5572 8985 
2 7112 9648 
2 2955 4112 
2 3997 6533 
2 3961 2921 
2 8463 2897 
2 5588 2594 
2 7305 705 
2 7668 9366 
2 9340 6547 
2 8291 8410 
2 8152 1758 
2 5022 3955 
2 6899 6853 
2 4467 2804 
2 4340 1879 
2 6119 1235 
2 7984 8700 
2 9517 8346 
2 6481 1618 
2 5109 9820 
2 3440 109 
2 8847 5274 
2 4090 1011 
2 4615 2910 
2 6351 3956 
2 9863 827 
2 8431 531 
2 279 2212 
2 7321 952 
2 7482 7577 
2 8820 5326 
2 2495 9590 
2 6725 5223 
2 5012 9414 
2 8996 1443 
2 8079 4631 
2 4244 9628 
2 5337 2654 
3 6770 491 2371 
3 6558 3876 7407 
3 7157 1506 5195 
3 4444 1953 3302 
3 361 4026 9268 
3 9434 9052 3974 
3 5616 2937 5634 
3 1673 8077 4285 
3 1964 5778 5562 
3 1541 6422 1645 
3 8753 1857 96 
3 1789 5110 2026 
3 5356 1390 1410 
3 9376 2231 9853 
3 7759 1146 9026 
3 7185 4020 63 
3 3102 7752 9185 
3 2267 2258 9278 
3 9361 6851 3967 
3 5065 280 7705 
3 5242 5358 6549 
3 1347 3648 978 
3 2982 573 4454 
3 3937 3595 4587 
3 7674 5160 994 
3 2025 8234 7616 
3 7401 6434 5281 
3 1485 4439 3020 
3 9988 1630 5847 
3 6866 8597 5904 
3 3684 6182 2060 
3 7229 6653 1161 
3 7821 7424 9151 
3 2422 9509 2131 
3 7418 5297 9392 
3 9638 7241 5960 
3 944 8635 8932 
3 3630 8188 4527 
3 3369 2730 7430 
3 6605 9867 8073 
3 982 4634 4198 
3 3421 9356 9144 
3 6294 555 6190 
3 4594 9293 2506 
3 2176 8071 3318 
3 8335 1297 7602 
3 8030 5660 1164 
3 4960 3359 8666 
3 1534 7894 9142 
3 7675 3909 8177 
3 1448 2132 2851 
3 1036 2063 8937 
3 7073 8907 6507 
3 9669 70 2898 
3 3984 5036 7278 
3 1753 7078 1118 
3 3804 4142 4785 
3 3063 1648 7950 
3 2640 3173 8099 
3 4530 4922 20 
3 6288 1563 1227 
3 1316 9053 7209 
3 8220 7524 3544 
3 2164 5050 1954 
3 4746 1626 3330 
3 2938 9094 963 
3 2065 341 716 
3 6911 6559 2102 
3 414 3812 1178 
3 2307 8500 4408 
3 799 3690 9384 
3 9099 3797 5704 
3 1450 4748 2694 
3 7538 3340 596 
3 9415 2692 993 
3 2469 8378 154 
3 8087 1315 2676 
3 2075 7000 876 
3 4914 5742 2751 
3 9789 7845 3233 
3 9080 9322 7727 
3 887 7375 5649 
3 9341 320 529 
3 2073 2571 6889 
3 3824 7271 9483 
3 8724 6061 9701 
3 4456 138 7179 
3 1179 3320 3716 
3 6393 4424 2138 
3 2619 699 1816 
3 2568 3874 3323 
3 8915 4434 9929 
3 3848 9295 5424 
3 2366 5834 7766 
3 8467 1531 3567 
3 407 3127 3021 
3 6897 6406 8018 
3 4029 4983 9191 
3 7396 9248 6969 
3 6563 7633 7714 
3 7851 1732 3905 
3 7165 8598 1772 
3 6830 9532 2461 
3 8804 941 8945 
3 3091 1009 7218 
3 3972 9597 5538 
3 1745 5489 7846 
3 5096 2261 2198 
3 2401 5137 3948 
3 5721 6686 9186 
3 9070 868 7805 
3 4261 9111 4249 
3 4963 1744 5712 
3 2384 3054 7694 
3 6651 2210 4049 
3 1992 3362 1854 
3 4641 8561 9095 
3 8521 3135 5997 
3 3938 4741 2113 
3 6067 609 7144 
3 9147 5125 4487 
3 1014 442 4374 
3 6607 4162 502 
3 8447 8197 7726 
3 141 1324 3893 
3 1029 3030 4751 
3 1051 7715 5372 
3 3250 680 6825 
3 1350 8992 4119 
3 5737 1379 4233 
3 7318 9332 2412 
3 3140 3408 7844 
3 1206 7178 7724 
3 6004 136 375 
3 6084 5391 216 
3 1909 5308 3800 
3 7448 7216 546 
3 9940 5114 3486 
3 4668 3319 5425 
3 2648 4788 8492 
3 2639 46 6981 
3 5046 8314 7454 
3 8049 8549 8840 
3 7556 5671 4139 
3 6665 3226 3005 
3 4811 5156 1500 
3 6253 9582 2729 
3 5715 6040 2944 
3 401 1224 2229 
3 1525 1575 7161 
3 6346 2728 8580 
3 9291 6155 3835 
3 9659 44 6627 
3 2593 4071 1532 
3 727 7240 6568 
3 4398 7599 5006 
3 6091 857 3601 
3 4797 1153 4005 
3 6592 1869 9713 
3 314 3414 4482 
3 8880 3374 8004 
3 6667 3129 3097 
3 5876 8090 4558 
3 9709 2698 2201 
3 7629 2879 8940 
3 3807 5510 9412 
3 745 2814 6738 
3 7508 1359 4762 
3 1481 1754 7679 
3 9522 5074 4299 
3 9423 7041 2861 
3 9198 7645 4720 
3 6210 2790 2089 
3 7563 134 9787 
3 4383 6485 7001 
3 2150 2501 8811 
3 9215 5917 2 
3 2548 3088 2037 
3 755 7575 6411 
3 2256 2811 5167 
3 2162 4982 16 
3 787 5911 7155 
3 8658 3695 4632 
3 769 3205 8462 
3 1674 8555 593 
3 2992 4888 794 
3 1228 1003 4800 
3 3187 1238 256 
3 7619 3985 9730 
3 286 2607 9006 
3 1060 1469 4995 
3 3246 4665 6792 
3 1303 7720 3296 
3 7795 6349 8266 
3 8163 2726 5143 
3 2234 9428 9108 
3 1771 185 9227 
3 3451 4381 3397 
3 8008 5081 2530 
3 6095 7907 5677 
3 7383 8890 5051 
3 2483 3751 5271 
3 2094 1790 608 
3 7569 9631 8148 
3 925 2520 4327 
3 6844 6608 5414 
3 5266 9619 4352 
3 2828 8262 2273 
3 588 7026 9695 
3 1717 8406 5870 
3 3780 9742 8026 
3 5731 1886 7279 
3 5670 2107 7926 
3 4918 8001 1991 
3 2989 8643 6575 
3 7849 2117 5600 
3 652 3543 8013 
3 2950 4056 4314 
3 3042 4294 3018 
3 6439 8546 8947 
3 4598 3412 1749 
3 6580 6920 1735 
3 305 3258 3667 
3 9465 6600 9503 
3 126 9029 480 
3 4752 9722 1028 
3 8120 8917 374 
3 4739 1725 4679 
3 7707 7541 4619 
3 5029 6644 9589 
3 8668 7225 9926 
3 7135 3746 6386 
3 9836 2583 3432 
3 392 4128 4671 
3 5963 5233 7189 
3 8827 1712 2425 
3 2228 9931 5077 
3 8622 3777 9422 
3 7466 4367 2917 
3 6702 4368 6512 
3 6338 9085 4423 
3 4531 3816 4733 
3 5728 174 1653 
3 1496 1125 1482 
3 4168 2106 2930 
3 2845 451 213 
3 4264 9145 2353 
3 8368 3489 6002 
3 54 5933 2705 
3 2798 1896 127 
3 1296 9326 4393 
3 8960 4964 5043 
3 4036 1300 7366 
3 6679 4783 6277 
3 4950 3490 2708 
3 139 8586 5508 
3 6089 8518 9081 
3 4239 23 2133 
3 834 7488 2946 
3 9393 6322 5970 
3 2418 8279 3854 
3 2182 6861 5733 
3 3608 986 1046 
3 2357 3844 4589 
3 366 8530 2785 
3 2644 2116 2704 
3 656 9625 9579 
3 3436 1800 5819 
3 3083 9952 258 
3 3538 1017 4201 
3 9404 4082 7311 
3 9463 3942 7362 
3 802 1278 2156 
3 6229 8322 8394 
3 6236 1174 332 
3 6352 3565 3285 
3 4470 9711 8113 
3 1234 472 3846 
3 1988 5774 8419 
3 6625 1641 4133 
3 2890 1058 3811 
3 3769 1518 898 
3 1498 2959 9226 
3 8513 760 3171 
3 6149 2613 2733 
3 304 5842 8057 
3 2324 7546 9754 
3 5606 4149 8571 
3 7006 9134 2589 
3 1998 7477 6222 
3 8906 8973 2968 
3 364 3068 7199 
3 3079 3303 9069 
3 7120 1173 3037 
3 5397 1661 4607 
3 9350 359 5093 
3 7017 9488 5686 
3 1185 5584 5477 
3 92 3150 1087 
3 4459 6786 1912 
3 2143 3425 9244 
3 9658 6501 6509 
3 6934 4834 7836 
3 825 1099 9218 
3 7441 124 462 
3 7522 2543 4725 
3 8295 8596 9805 
3 9529 1158 6299 
3 1287 9878 7341 
3 9020 6961 6428 
3 6318 4453 5869 
3 6197 3438 5327 
3 9861 7833 1093 
3 5996 3523 1913 
3 8818 6431 8494 
3 2779 5040 7469 
3 8588 8357 1040 
3 2507 1847 3892 
3 9210 6874 8458 
3 8882 891 7517 
3 9223 7999 7711 
3 9383 5399 6504 
3 3929 5290 7141 
3 6369 102 4130 
3 2385 7299 8422 
3 5545 3183 7966 
3 2121 8893 4992 
3 3207 1157 5499 
3 7190 8505 4876 
3 9281 7039 7247 
3 2260 2834 8925 
3 4735 8181 6990 
3 9127 1727 7701 
3 3297 2823 5079 
3 2051 9008 1070 
3 3364 6144 8695 
3 6057 2021 225 
3 8483 5643 9364 
3 9247 212 1720 
3 7804 5980 3512 
3 1843 429 3671 
3 9872 9455 8884 
3 6257 6255 1605 
3 57 5243 5467 
3 3837 3345 1428 
3 3662 1230 6034 
3 2034 3354 3193 
3 3082 9706 8209 
3 9920 3202 5586 
3 4875 6370 3519 
3 3516 1975 3033 
3 2795 7339 329 
3 9725 1621 2825 
3 7399 1603 8474 
3 7749 7106 7709 
3 1023 4310 8922 
3 8427 1398 2153 
3 7387 846 2875 
3 8854 8143 1890 
3 5058 817 5212 
3 9078 9907 6892 
3 8874 7750 6459 
3 688 6864 9149 
3 5735 2911 8516 
3 9691 4172 2144 
3 6317 5172 3106 
3 3344 7444 8373 
3 5132 9155 150 
3 2302 9885 3026 
3 6780 7269 5947 
3 5008 6894 8211 
3 1072 8267 3147 
3 9098 9743 2538 
3 4618 533 7296 
3 8872 9352 6683 
3 9199 6412 5968 
3 8864 5664 8485 
3 3095 3410 7439 
3 2159 773 3886 
3 6158 1188 4319 
3 8543 8707 7911 
3 6039 6835 1374 
3 6105 1233 1332 
3 2616 3554 9521 
3 5925 2095 7042 
3 8646 21 224 
3 210 4163 5744 
3 3682 8862 6768 
3 8089 2334 6074 
3 4507 8031 1830 
3 2096 8250 3228 
3 5528 7010 1353 
3 6666 4976 9704 
3 7642 1681 8387 
3 7975 7270 6458 
3 4847 2812 9646 
3 1155 3035 7882 
3 9460 2463 474 
3 2272 2262 1177 
3 3592 7801 490 
3 4097 8839 7208 
3 4502 9394 6122 
3 6130 1479 4865 
3 3702 6138 2250 
3 7403 1826 3587 
3 7780 8204 282 
3 1768 9700 5658 
3 2753 6059 774 
3 4188 9692 1834 
3 7663 6522 5460 
3 6065 1844 5673 
3 4199 3709 8052 
3 1574 761 1921 
3 4579 6413 5976 
3 7194 7635 735 
3 24 9370 722 
3 6763 6989 9636 
3 7500 9896 2801 
3 4565 1226 9860 
3 7211 7064 6218 
3 4512 2940 9756 
3 3901 980 6630 
3 3121 2805 6943 
3 1693 2863 6336 
3 7024 5722 4854 
3 105 6773 5175 
3 1970 6202 2188 
3 4583 967 3120 
3 6244 6139 2278 
3 1624 708 2207 
3 2776 882 9163 
3 1833 5343 6344 
3 3750 820 5990 
3 995 3546 3703 
3 9204 1095 191 
3 6720 871 7079 
3 4814 479 8729 
3 1802 5328 7777 
3 7159 4457 9297 
3 5229 6385 1632 
3 3413 8276 9536 
3 6187 3157 1851 
3 4770 3916 6832 
3 3923 6685 3479 
3 4315 7355 8619 
3 4385 6143 7817 
3 8541 2932 5575 
3 9391 9874 5068 
3 221 9922 197 
3 1698 650 5335 
3 9048 9180 927 
3 5918 7988 8999 
3 4208 3691 7700 
3 3114 5018 7437 
3 8589 14 961 
3 9675 1908 6800 
3 3914 4079 3424 
3 4500 6214 1239 
3 1210 2079 2311 
3 1490 6045 9968 
3 3229 9898 7684 
3 6945 6019 2246 
3 4549 8613 1304 
3 4763 8114 9738 
3 1475 1535 9363 
3 5028 272 7265 
3 1848 3092 3728 
3 4511 9300 7509 
3 5180 3378 377 
3 804 7584 7888 
3 6425 9890 8829 
3 6785 3965 7832 
3 8226 4731 5158 
3 4760 6903 942 
3 9958 1675 6136 
3 2914 3471 5140 
3 5339 6238 3621 
3 2315 2387 5916 
3 5726 8139 36 
3 8867 6890 390 
3 3118 5284 6308 
3 4043 1018 4915 
3 9288 4667 3439 
3 8876 9554 715 
3 526 9963 7089 
3 8528 6670 3535 
3 1076 6728 4396 
3 6515 5805 6063 
3 1424 8245 2945 
3 5560 9100 6371 
3 6500 3326 4887 
3 6589 5566 1969 
3 6005 1900 5479 
3 1784 4078 1008 
3 1352 5724 594 
3 4772 7294 4468 
3 3996 6795 9813 
3 6217 1799 893 
3 984 1149 2394 
3 4021 7009 3300 
3 9763 776 309 
3 7557 7197 3277 
3 6223 7062 5576 
3 382 4599 1294 
3 8451 8006 7753 
3 7728 9484 9311 
3 1367 2017 4388 
3 8719 2668 1427 
3 4759 1154 9426 
3 7192 754 1529 
3 2590 6502 9102 
3 7897 5048 5755 
3 1449 881 884 
3 177 9773 4832 
3 6310 123 5500 
3 2344 1515 8210 
3 2432 3222 9242 
3 5768 8443 4803 
3 7654 2058 8170 
3 8096 2605 2431 
3 1855 9367 7763 
3 3829 6096 8436 
3 523 2042 3192 
3 418 6804 6718 
3 4714 2817 4177 
3 1447 8207 1062 
3 1334 5798 2152 
3 2022 1811 9467 
3 8352 1916 9184 
3 8887 6520 405 
3 2570 920 7756 
3 3774 4622 5783 
3 3328 5003 670 
3 9113 848 9703 
3 3875 4183 9672 
3 9928 6933 957 
3 457 7143 1400 
3 2064 9022 7922 
3 4690 4515 4351 
4 860 9331 293 1817 
4 867 3494 7306 8186 
4 4718 1394 3614 232 
4 8539 4245 9679 4683 
4 5341 918 6100 7415 
4 8033 313 3613 4184 
4 5823 3586 6908 2608 
4 9410 9494 6922 9339 
4 8249 8850 4404 8701 
4 7582 4176 586 6885 
4 9157 9161 703 1928 
4 2629 9998 2699 9087 
4 3786 9610 6532 9800 
4 8020 8214 4819 3903 
4 3335 2554 3316 1907 
4 5899 8395 9200 3483 
4 2077 4775 8758 6108 
4 9716 6876 2430 7623 
4 3649 3431 1706 9549 
4 430 416 8982 5772 
4 6436 9576 5831 1274 
4 9935 3784 3248 19 
4 106 4791 7618 2459 
4 1885 9629 1596 3756 
4 5642 8506 6274 4460 
4 5662 3355 5998 8789 
4 9585 2056 9118 919 
4 6443 2781 2400 1402 
4 5340 1883 8595 8655 
4 6135 2755 9613 4649 
4 2547 9159 1373 5797 
4 5943 3314 78 4952 
4 4077 7099 3110 3393 
4 200 8320 4427 8349 
4 7085 1215 1554 990 
4 7051 1422 2678 9125 
4 5443 1016 362 8776 
4 2074 3579 9606 4291 
4 1189 7993 4653 7117 
4 9481 2813 9211 7491 
4 2919 5777 8108 1939 
4 3208 135 1950 3849 
4 4136 4312 352 228 
4 7971 9056 435 4591 
4 9283 689 7128 4580 
4 3590 6285 6394 1562 
4 5494 288 9084 4715 
4 7122 409 8699 303 
4 2038 692 5913 5534 
4 9943 8382 1542 1536 
4 6572 2518 9592 8145 
4 9584 1553 8229 5268 
4 8317 5730 895 6030 
4 7098 2510 7585 3310 
4 2435 2396 2287 8015 
4 5228 9959 5614 5497 
4 8683 1737 5293 1344 
4 6731 5010 9556 2983 
4 6527 591 9178 2998 
4 9825 3534 9459 5307 
4 6629 2088 10 1778 
4 2855 2109 9817 5128 
4 1418 5740 249 1902 
4 3194 880 4372 2424 
4 2381 3820 3069 3763 
4 7320 5727 9925 7990 
4 9720 84 4798 6292 
4 198 3072 9542 9881 
4 3530 1796 7212 484 
4 1075 6232 1722 5811 
4 9528 8769 7651 3666 
4 636 199 1236 8341 
4 1845 6173 4919 1171 
4 2978 1929 701 8685 
4 6732 5608 7219 4753 
4 9372 1895 6042 1452 
4 9524 9476 5854 7113 
4 5152 9979 8810 3882 
4 1672 3724 299 8773 
4 7803 7899 1889 5021 
4 8950 4096 7614 7030 
4 3453 5404 5442 6303 
4 999 1221 9064 7890 
4 4936 1317 3293 6616 
4 6619 4761 8970 4002 
4 6026 156 7886 3827 
4 3034 1803 1552 2981 
4 587 3216 2455 7126 
4 1466 9916 1113 3498 
4 3000 55 5656 3480 
4 8428 2456 8355 9506 
4 9119 2460 815 8421 
4 1102 5103 9822 2685 
4 7410 1288 7520 8919 
4 7170 2887 8005 4524 
4 3713 4042 276 1025 
4 592 4670 5275 9899 
4 2444 779 5594 3585 
4 8977 4217 5620 1257 
4 8688 8150 7730 5880 
4 3484 5849 387 6160 
4 6811 9869 6372 5360 
4 4921 8401 2415 6293 
4 8398 7571 4869 5054 
4 7691 5530 2306 5251 
4 8128 4879 4489 8003 
4 946 988 5762 5835 
4 9062 3104 9093 8290 
4 15 3735 9274 1413 
4 1392 1860 8833 5946 
4 12 4994 5057 6878 
4 7605 4877 2335 5589 
4 3790 2355 308 2480 
4 9512 1538 4756 1734 
4 4174 543 7217 3044 
4 7124 9994 3126 7884 
4 8948 572 2788 6430 
4 1684 5692 4737 6055 
4 6102 9903 3133 2778 
4 3647 6857 1875 6148 
4 7526 4178 4695 879 
4 8318 2691 245 2815 
4 2534 5983 5978 5224 
4 1647 3913 214 3821 
4 1271 6327 6772 2769 
4 5060 3719 7809 7288 
4 8183 7848 1419 5570 
4 7257 617 1112 4407 
4 856 1838 3279 7744 
4 907 7486 8981 1591 
4 810 6073 3527 5023 
4 9660 9106 6098 2434 
4 9785 3356 9572 6335 
4 8775 2177 5116 5351 
4 2479 8227 6836 2263 
4 4556 5463 7196 5179 
4 5102 7807 3039 2912 
4 9378 2866 302 4799 
4 966 8064 2496 9137 
4 9568 1880 8835 4336 
4 1752 1363 8987 7933 
4 9330 365 4843 7451 
4 8109 4458 7949 6041 
4 8566 2284 8606 782 
4 6416 427 9296 4742 
4 6347 6233 149 9685 
4 3993 1989 5809 8790 
4 8809 5773 9744 4140 
4 4513 2848 5597 1888 
4 349 803 9978 8968 
4 7121 6078 2190 4897 
4 8330 4953 8678 3897 
4 3558 3704 6249 8482 
4 9077 822 1330 3933 
4 4339 7713 278 8321 
4 2909 9131 4701 4687 
4 9832 4796 1573 4534 
4 6604 267 6020 4455 
4 265 9862 5296 746 
4 9680 8102 740 8944 
4 764 8665 8972 1776 
4 9176 4472 8995 9565 
4 5141 934 6342 9154 
4 342 6082 9279 5738 
4 56 3928 7852 6633 
4 5863 687 8816 9477 
4 5278 4283 5900 3485 
4 497 7394 3720 2363 
4 3240 8215 5330 6843 
4 9745 4479 1325 8275 
4 7644 8477 4329 8605 
4 3289 8672 4492 207 
4 8046 9901 9924 1694 
4 6021 3669 2035 855 
4 8324 7531 5253 3010 
4 2541 3687 1763 8607 
4 1773 424 733 797 
4 2870 5400 1237 6083 
4 4727 6939 4516 7529 
4 6417 1585 3855 4704 
4 9991 1560 9673 9936 
4 1429 8296 4996 3528 
4 6306 7473 1533 8009 
4 6799 8630 6769 906 
4 3292 8508 5672 7721 
4 6003 4093 5840 1343 
4 4734 1642 4010 7729 
4 2333 2148 9243 8360 
4 6519 5437 9324 7994 
4 3979 2996 466 5859 
4 7222 8828 3752 3986 
4 3131 7693 714 7915 
4 8146 9966 4719 9156 
4 1668 9972 9258 3169 
4 4127 7566 9202 2389 
4 833 5445 3939 3758 
4 8093 3165 3234 9602 
4 8081 7409 2370 7828 
4 6356 5897 6582 4173 
4 8054 6999 7981 4464 
4 4209 7997 5855 9766 
4 3549 8757 4324 4548 
4 5587 8313 4032 5159 
4 4401 4624 9939 8092 
4 8435 5669 5453 8978 
4 8473 64 7290 13 
4 5396 7631 8198 3663 
4 4037 8612 9714 4041 
4 8334 7670 2322 979 
4 4405 3533 9265 5218 
4 8281 1615 2763 1666 
4 7331 9835 5112 2303 
4 9652 9487 3218 487 
4 3631 385 9338 3496 
4 2853 2392 2617 4394 
4 6279 2873 3583 1122 
4 8512 4313 2195 7342 
4 2170 8652 8644 5016 
4 3685 499 9846 5525 
4 9214 8540 2653 1096 
4 3776 7996 1389 1371 
4 7597 1493 841 4997 
4 3076 9976 8931 5005 
4 3655 104 6017 2071 
4 9558 8308 9241 9774 
4 7066 2364 241 9844 
4 976 6473 6734 2248 
4 8552 6407 7166 6617 
4 3051 2586 3105 163 
4 6743 2649 9092 8496 
4 3536 2482 8756 2690 
4 7058 7227 5941 7472 
4 417 7481 3966 5019 
4 2689 7540 1130 5398 
4 4724 5130 5680 8107 
4 8399 3676 8271 9759 
4 2194 743 3155 9651 
4 2186 8943 968 1100 
4 5939 9440 7572 1705 
4 5883 8479 5246 1619 
4 5890 5705 672 3336 
4 8325 5206 8519 6557 
4 6603 5615 9464 1962 
4 3149 7011 3668 8125 
4 7528 4260 821 4647 
4 4069 2600 6883 8938 
4 290 8217 6818 3291 
4 5321 7495 7611 1497 
4 6805 9287 8538 577 
4 350 492 1555 8625 
4 8393 8921 4321 5622 
4 5815 8048 1863 7020 
4 3305 3983 3705 1638 
4 9197 750 5564 8739 
4 3178 3086 4894 8881 
4 9336 5802 3058 6433 
4 5173 8264 4296 7564 
4 3810 5220 2264 5652 
4 7908 5780 9303 4413 
4 7272 5001 5858 7600 
4 7414 8736 7087 5108 
4 2622 1336 4977 5725 
4 6343 184 9018 1982 
4 2592 3737 3388 7008 
4 3981 9009 8871 5767 
4 651 5621 9564 3384 
4 144 6526 6429 1263 
4 4241 5066 3912 6677 
4 4250 2032 2391 396 
4 696 6359 8389 3360 
4 3932 1027 8976 1191 
4 9112 9544 9193 4400 
4 7590 9034 355 2165 
4 916 8011 8311 9967 
4 9888 3569 7252 8748 
4 6513 5020 557 3463 
4 8449 7276 5532 3660 
4 6954 2233 1548 6345 
4 2899 2905 1687 8980 
4 6959 1775 259 1537 
4 6221 7035 1169 8573 
4 2915 9083 4557 4890 
4 8813 7300 4067 1933 
4 8698 9970 8599 3642 
4 3115 6690 8140 9109 
4 5975 9302 2202 3509 
4 505 8676 8667 6692 
4 5795 5507 3402 5647 
4 6696 2196 8930 8532 
4 1865 8134 1081 7250 
4 6678 1026 8270 9740 
4 8306 4410 7163 8788 
4 6565 7048 7137 783 
4 6997 4859 6146 9045 
4 2309 9263 6531 634 
4 8488 1870 3773 8920 
4 5199 5265 3696 1397 
4 9734 6918 9889 1723 
4 7554 5471 6495 3510 
4 274 549 7609 5784 
4 3265 3960 2218 9960 
4 5038 25 6596 614 
4 6330 3694 1123 3428 
4 7741 4881 8058 2347 
4 3236 8133 8066 7498 
4 3361 4706 570 931 
4 2965 5861 3502 3252 
4 4 8819 1433 9824 
4 3382 9068 2854 4674 
4 9266 2891 6566 8510 
4 4190 4308 7285 4357 
4 4571 4144 8651 3722 
4 9413 6554 2374 7281 
4 6441 4946 9448 9543 
4 801 7235 5953 2511 
4 2087 111 3727 465 
4 1680 1920 6058 2656 
4 678 0 6186 5369 
4 8218 7621 4920 5082 
4 1056 7206 3377 7086 
4 3714 1042 3504 8408 
4 7123 3723 1914 1269 
4 5241 948 2039 481 
4 4225 8889 1120 8916 
4 4623 5496 3678 6774 
4 930 4908 4686 2399 
4 5719 7359 203 6960 
4 4898 2280 5097 9228 
4 548 398 9431 6027 
4 1983 1637 8315 1030 
4 5329 9390 2702 178 
4 5135 3946 9337 9212 
4 8905 5071 9614 2628 
4 328 7361 5846 2642 
4 7825 9284 8185 5044 
4 4807 2253 9469 816 
4 7215 5903 1166 6355 
4 5702 5540 2440 323 
4 3789 859 7595 230 
4 937 3 3711 6923 
4 812 6258 8151 4243 
4 5502 331 6189 5867 
4 5408 853 3390 8336 
4 2927 8268 1267 7322 
4 7180 2139 9280 9305 
4 892 5794 3935 6334 
4 7666 464 1474 3542 
4 5222 654 4273 1295 
4 2012 160 2837 3918 
4 7923 6333 8035 4590 
4 8892 4750 3686 2489 
4 5144 4089 5844 6687 
4 3242 626 1924 3615 
4 2688 7593 6964 8425 
4 5533 9067 2341 1103 
4 8583 9654 6823 9914 
4 2251 4452 5930 9515 
4 9526 7876 7754 5852 
4 3206 4504 4522 5194 
4 6231 2286 215 5189 
4 9406 3249 5359 1205 
4 6845 3201 1032 6014 
4 5741 45 3123 9230 
4 2070 3973 2544 3552 
4 8303 5230 6865 5106 
4 4428 645 6812 7140 
4 4985 2871 8159 5607 
4 8554 3214 3195 3181 
4 6645 3721 4546 6794 
4 8119 6471 8631 6010 
4 8501 1260 7264 376 
4 5289 4601 6070 6142 
4 2403 5312 6545 9277 
4 2521 8106 5879 9530 
4 8430 6032 2276 5402 
4 4801 5373 8122 9798 
4 7428 4377 394 4131 
4 3762 5353 3001 5345 
4 2236 3576 2567 2701 
4 777 5450 2832 4193 
4 9842 4723 4845 3153 
4 2270 4416 6730 628 
4 4116 9309 4047 5067 
4 8752 3977 1949 1513 
4 5790 4732 5683 9795 
4 4820 8891 3253 6312 
4 2232 7760 8681 8783 
4 3553 7426 8372 6157 
4 8173 3256 3137 6724 
4 6215 6737 3757 9951 
4 7149 5115 8641 9996 
4 9633 6499 6161 5827 
4 2123 8042 4216 6248 
4 8298 5162 9179 7765 
4 7913 3862 3927 8957 
4 6808 6069 8316 8097 
4 9165 7385 4903 3572 
4 1320 3112 7479 7230 
4 1876 6437 6282 5301 
4 8686 3944 8725 2397 
4 933 8420 3307 5026 
4 8149 3472 4681 4895 
4 9919 8041 837 7542 
4 8239 4857 8942 3975 
4 8379 2558 5631 8664 
4 6569 1751 5122 9510 
4 2735 8127 5520 3557 
4 7706 9684 8722 4081 
4 8205 5405 7712 117 
4 1686 7436 4365 4965 
4 2369 1877 6747 9261 
4 2083 6652 6452 7313 
4 6623 9807 7365 9334 
4 1116 3060 2467 4008 
4 8984 7494 4543 4013 
4 6597 7412 9622 4559 
4 4300 4030 2599 7191 
4 7610 4237 551 3577 
4 1951 5174 8514 5240 
4 2137 1905 4098 5124 
4 9369 7275 977 9040 
4 4954 8682 6323 4484 
4 7369 4100 1020 6602 
4 9980 9809 1747 6421 
4 7612 2398 7822 7956 
4 9121 7516 6403 5637 
4 6577 8248 8363 3056 
4 2411 8094 6764 2255 
4 6904 5639 8392 4948 
4 517 2718 6302 7964 
4 4973 1662 235 8417 
4 7457 664 6584 6489 
4 8640 3832 2018 1322 
4 5635 4146 4518 983 
4 6379 6477 2862 4519 
4 1899 9731 6199 8016 
4 1631 2546 8088 921 
4 2388 9385 541 7537 
4 4846 3366 5920 6474 
4 7432 9786 2768 266 
4 5781 9741 4913 4593 
4 3738 6506 8263 1973 
4 7636 6235 133 5915 
4 538 9216 7262 7423 
4 8212 7937 597 6599 
4 8242 6813 4015 9188 
4 5675 564 9876 5865 
4 3954 2979 1523 5832 
4 9910 8584 5257 2895 
4 1986 9516 2373 1378 
4 2007 4828 8680 1699 
4 2876 4861 3014 7936 
4 3352 110 470 4582 
4 8280 3433 9124 9016 
4 2485 6849 2351 1654 
4 9662 749 5131 9776 
4 8347 4642 8733 6809 
4 4564 9550 7057 8138 
4 7254 5142 6503 4650 
4 7792 3860 2066 5315 
4 7012 7800 7070 7116 
4 5166 5013 7131 6740 
4 9379 194 1652 5954 
4 3286 5845 6735 4867 
4 8187 421 6092 9482 
4 7784 766 7565 183 
4 2402 5546 2215 8591 
4 1181 4640 1460 345 
4 6201 8364 3605 3487 
4 8593 3753 2562 1365 
4 2990 3071 4420 5086 
4 4476 7293 2631 7568 
4 432 8777 6263 5580 
4 5829 2044 5866 6287 
4 7739 1417 9779 9525 
4 6405 3532 8135 7934 
4 5476 7402 2850 6612 
4 2712 3329 6662 8277 
4 347 8153 3442 5422 
4 7578 2004 1160 2475 
4 1074 8702 2289 5225 
4 157 2069 2271 8617 
4 8383 5264 2204 6721 
4 7737 5626 9523 2618 
4 4147 2646 2858 6044 
4 6479 1559 9698 832 
4 6993 7462 5350 5491 
4 3315 544 8166 5111 
4 155 1639 4866 2772 
4 3857 2880 2009 1770 
4 5107 2020 8044 5629 
4 9750 6398 9342 504 
4 1759 6307 7840 2183 
4 4192 4218 7943 2658 
4 5892 666 1906 9690 
4 1703 6626 4068 4282 
4 5493 388 9049 5813 
4 7903 4027 7742 5524 
4 2936 4023 3584 4700 
4 1872 7319 69 8238 
4 2328 1323 8900 269 
4 7866 5697 1551 2266 
4 996 2281 1207 5511 
4 2707 3220 4630 7613 
4 5688 3599 9148 4091 
4 5625 2254 7655 9496 
4 6242 4166 7628 6113 
4 844 7823 6761 4429 
4 6510 1151 6464 4375 
4 5417 5612 5052 1891 
4 3834 8886 8750 6790 
4 5613 7957 6006 6011 
4 6571 3334 9818 6762 
4 1884 5509 1172 227 
4 5498 936 8926 850 
4 89 3826 5185 4691 
4 8247 9615 958 583 
4 6757 618 7779 8361 
4 7989 1167 5355 5072 
4 7570 7819 8799 2168 
4 2319 3566 7440 3478 
4 7561 2852 5484 9267 
4 2240 5685 9845 6280 
4 6782 6755 3870 5286 
4 147 7411 6052 6816 
4 4471 6447 5792 3556 
4 2421 6719 4794 1576 
4 119 9251 9041 326 
4 8796 3772 758 6543 
4 4349 3568 3547 8286 
4 2596 9604 9380 7214 
4 2667 4777 9133 380 
4 5313 128 8157 5485 
4 5007 3257 9882 6180 
4 4095 9507 5192 1938 
4 9946 1743 7496 1613 
4 431 6733 3380 4073 
4 6140 6987 3146 1579 
4 6710 478 461 1764 
4 2128 4827 176 4692 
4 1806 4017 5083 5149 
4 7372 3139 4740 6524 
4 6884 5415 9801 7049 
4 3619 9768 657 3048 
4 6837 8856 2090 6906 
4 3445 6648 8936 8460 
4 3999 7162 2525 7435 
4 4223 6654 3339 2941 
4 9757 6752 9466 4574 
4 3306 1064 1119 1035 
4 1711 2092 1567 3825 
4 6487 5988 1439 1406 
4 3199 6357 4813 6373 
4 9555 8353 389 1242 
4 7267 9573 182 3925 
4 3872 3814 1595 9772 
4 5352 8556 1098 9705 
4 452 2717 5418 3186 
4 786 6449 631 8574 
4 8861 2312 2516 989 
4 9735 6791 8964 5551 
4 4262 2724 5682 1590 
4 611 6615 1835 9593 
4 2127 603 253 8464 
4 1547 52 4103 5323 
4 4219 2279 3465 4325 
4 28 5645 3513 5553 
4 315 8817 9205 6188 
4 4106 8792 8174 8746 
4 3809 7431 3055 6614 
4 7789 8751 3495 2105 
4 3012 6914 1742 6640 
4 5232 1516 9143 9626 
4 3255 932 9478 7519 
4 6555 3755 7246 6966 
4 8168 6984 3473 3806 
4 1109 2765 2452 7110 
4 9864 1415 4645 9830 
4 3196 4979 2288 9115 
4 5088 239 3560 1442 
4 4229 4341 4154 7332 
4 7548 9207 2340 2317 
4 5098 8624 4553 9911 
4 1601 5176 8787 7449 
4 4536 264 2222 5515 