2 8465 7413 
2 833 7332 
2 121 3329 
2 1399 8438 
2 8761 249 
2 4334 7029 
2 9279 4707 
2 8446 4720 
2 22 8298 
2 6097 3748 
2 7545 308 
2 5430 8922 
2 2347 1457 
2 9071 9633 
2 8993 9419 
2 9987 5761 
2 2297 4682 
2 9914 8478 
2 9163 4418 
2 6451 2179 
2 4314 1207 
2 1296 6018 
2 5097 1845 
2 9321 9945 
2 3118 7650 
2 6059 343 
2 3557 5612 
2 7040 8368 
2 1652 2452 
2 8223 2815 
2 9865 7089 
2 7471 2095 
2 6267 3455 
2 6592 760 
2 1414 4230 
2 7242 907 
2 6161 4020 
2 7110 4415 
2 653 5698 
2 2518 2986 
2 9039 8023 
2 3508 4724 
2 5720 293 
2 1421 2089 
2 861 8809 
2 7944 2182 
2 9694 9459 
2 8041 4504 
2 4993 8826 
2 8743 2030 
2 3122 148 
2 7967 2394 
2 7804 9968 
2 1977 9757 
2 1770 8980 
2 7932 4989 
2 5204 1072 
2 6670 9956 
2 6679 7400 
2 4797 3068 
2 6348 3962 
2 5559 2425 
2 9578 8704 
2 1348 2319 
2 6172 3172 
2 8416 9038 
2 7768 5308 
2 4905 9675 
2 8482 9825 
2 5470 7267 
2 8406 3728 
2 5332 1570 
2 2616 5994 
2 4739 9618 
2 4757 3457 
2 9485 2642 
2 9935 6214 
2 6875 4104 
2 2935 97 
2 7461 4132 
2 8551 4458 
2 5658 7845 
2 3065 7725 
2 5653 2751 
2 3940 7690 
2 6088 9123 
2 5916 8203 
2 2210 6910 
2 3185 742 
2 3093 2207 
2 6967 2996 
2 4096 847 
2 7399 2389 
2 8898 9617 
2 4762 3016 
2 1471 630 
2 2190 848 
2 8539 9085 
2 7837 2048 
2 4483 3139 
2 832 5027 
2 7633 9343 
2 239 3800 
2 9262 3349 
2 1291 1177 
2 3197 6216 
2 7594 663 
2 1631 1299 
2 667 2275 
2 5886 1576 
2 4145 1761 
2 3195 3112 
2 6092 5801 
2 7910 7085 
2 199 6766 
2 9641 102 
2 9834 4830 
2 2062 3357 
2 8938 3773 
2 9261 7439 
2 1316 6878 
2 5562 1480 
2 8337 6562 
2 5843 1054 
2 4366 5235 
2 4082 6770 
2 2924 3520 
2 970 2731 
2 2984 1763 
2 3304 8458 
2 5178 2251 
2 9701 1024 
2 4981 6867 
2 6120 5497 
2 8160 4100 
2 2337 1777 
2 7359 3159 
2 4773 8260 
2 6605 752 
2 9482 2263 
2 6932 822 
2 1067 2554 
2 2349 9647 
2 9347 708 
2 9836 8193 
2 9238 6821 
2 5553 1567 
2 7693 96 
2 5162 5240 
2 6570 8534 
2 2253 1721 
2 1392 2881 
2 1069 1123 
2 9103 4824 
2 8866 7172 
2 7059 4340 
2 1430 1718 
2 7532 1998 
2 3884 7782 
2 4291 2641 
2 1692 4626 
2 6968 1958 
2 250 4936 
2 5476 7285 
2 9025 8695 
2 5362 7224 
2 4660 4410 
2 2941 2311 
2 3613 5923 
2 7887 2913 
2 9519 8445 
2 8754 6663 
2 5463 7133 
2 764 735 
2 533 8708 
2 7192 5555 
2 6159 7260 
2 4628 5991 
2 656 6221 
2 5670 2373 
2 4978 2136 
2 1178 5445 
2 4184 3157 
2 9916 9695 
2 5838 7252 
2 9143 6095 
2 6630 6013 
2 2934 3959 
2 298 100 
2 4347 352 
2 7480 1790 
2 2109 5526 
2 3786 6136 
2 6950 5683 
2 8054 5907 
2 3651 7030 
2 9530 98 
2 3894 3163 
2 1734 205 
2 8364 7051 
2 1312 7929 
2 5106 6064 
2 7869 2724 
2 6763 4907 
2 9842 8734 
2 9639 7078 
2 2023 3182 
2 4943 9319 
2 7146 4310 
2 7284 2692 
2 8218 4506 
2 9721 5339 
2 58 6238 
2 6858 8493 
2 1038 844 
2 7124 4179 
2 303 6747 
2 4461 507 
2 6256 8505 
2 7651 3311 
2 9724 1356 
2 4617 6004 
2 4860 3725 
2 5703 8065 
2 2566 7081 
2 9686 3673 
2 8576 5771 
2 130 9340 
2 1328 7941 
2 2678 1742 
2 5659 9880 
2 9112 821 
2 5120 9493 
2 6828 4446 
2 4841 9670 
2 7798 2773 
2 6090 8494 
2 3441 2216 
2 2824 6385 
2 6692 4101 
2 3136 8751 
2 6805 4025 
2 9840 3850 
2 3609 6034 
2 8737 9188 
2 2683 2788 
2 9078 1735 
2 2067 1860 
2 6321 8592 
2 3541 4026 
2 7371 2564 
2 612 3593 
2 487 6700 
2 5346 8666 
2 177 3964 
2 8126 165 
2 1599 94 
2 57 1355 
2 9838 9175 
2 4003 3802 
2 6355 4868 
2 9549 3939 
2 3511 6722 
2 5904 8921 
2 9011 6826 
2 2333 1331 
2 17 3998 
2 6362 8186 
2 1257 614 
2 9682 4844 
2 9128 9634 
2 1306 1327 
2 6696 944 
2 6370 5329 
2 7509 9183 
2 5731 5602 
2 3178 9508 
2 609 5821 
2 6434 7079 
2 3307 9395 
2 3462 7714 
2 3352 1370 
2 6618 643 
2 2135 7257 
2 3829 4016 
2 7234 4127 
2 8001 8795 
2 5294 711 
2 1254 7125 
2 6070 8099 
2 3360 1992 
2 8433 8653 
2 4605 2942 
2 8950 3091 
2 1783 9316 
2 7277 8626 
2 9966 7204 
2 9263 2212 
2 8916 6365 
2 798 2845 
2 4128 7306 
2 3030 4602 
2 4238 6071 
2 6350 2716 
2 7974 8864 
2 3089 3261 
2 8977 9786 
2 1750 2223 
2 1690 2832 
2 9464 5285 
2 1099 7933 
2 2915 3402 
2 4336 5094 
2 3698 4280 
2 6524 7340 
2 1561 9301 
2 4508 327 
2 2843 3235 
2 825 9353 
2 3154 4408 
2 8333 7033 
2 9631 2705 
2 7920 6185 
2 3902 3436 
2 9264 8752 
2 1164 775 
2 8654 5230 
2 2246 2990 
2 7810 120 
2 6897 8819 
2 4423 4521 
2 5320 6137 
2 9151 1539 
2 4910 4854 
2 3567 4864 
2 3285 3938 
2 4374 1574 
2 6880 1766 
2 3219 5257 
2 616 1669 
2 5580 6740 
2 7534 6015 
2 1262 6062 
2 969 2243 
2 8837 3859 
2 3684 5745 
2 263 6535 
2 9473 5765 
2 6626 5233 
2 891 6547 
2 8417 5825 
2 2403 1597 
2 8125 2307 
2 9348 2965 
2 4792 2875 
2 5467 6193 
2 5700 7977 
2 8091 6076 
2 2720 9890 
2 7925 7940 
2 1548 2569 
2 5912 4591 
2 5579 9965 
2 6333 6319 
2 1865 1856 
2 1406 7985 
2 1817 442 
2 3035 5372 
2 7569 7037 
2 1578 8512 
2 6829 446 
2 882 6436 
2 2367 9260 
2 3833 3740 
2 3628 7779 
2 1608 8872 
2 8865 6069 
2 1377 6252 
2 9125 2286 
2 4497 5057 
2 1595 7781 
2 3264 1426 
2 923 7894 
2 4643 509 
2 729 7126 
2 6558 9297 
2 8932 9555 
2 7615 1625 
2 1999 1523 
2 5677 2916 
2 8810 1349 
2 5968 5461 
2 6006 856 
2 5849 1021 
2 7669 3364 
2 8831 2310 
2 8359 4551 
2 4961 5134 
2 3451 8457 
2 2983 6387 
2 2269 6176 
2 2491 2829 
2 9001 31 
2 1759 2235 
2 3173 3321 
2 4919 1517 
2 3879 5376 
2 8909 9019 
2 4007 4463 
2 1815 5148 
2 4344 7295 
2 6243 8920 
2 7269 6675 
2 4632 7372 
2 279 6631 
2 7871 6183 
2 5496 4046 
2 7444 2039 
2 1685 2982 
2 7884 7663 
2 3769 5287 
2 8038 9360 
2 3188 7680 
2 90 322 
2 6999 9203 
2 6707 3242 
2 1841 1318 
2 1931 4405 
2 7579 109 
2 1384 8213 
2 1150 2231 
2 5803 2404 
2 8710 6629 
2 7793 3492 
2 5641 1869 
2 4023 4835 
2 8882 6767 
2 7236 3296 
2 1747 4110 
2 6175 3487 
2 3189 5145 
2 1537 7223 
2 378 8289 
2 4986 243 
2 1557 4555 
2 9600 3374 
2 8240 4300 
2 5313 1153 
2 8578 621 
2 6512 4084 
2 9434 8775 
2 2126 1927 
2 4411 940 
2 6422 9971 
2 3104 6757 
2 6232 1366 
2 9466 2408 
2 3834 8572 
2 7585 9643 
2 4969 7829 
2 8719 540 
2 7405 6113 
2 3263 7288 
2 1076 7673 
2 391 4377 
2 8118 5291 
2 5105 4960 
2 3260 7313 
2 3907 8033 
2 5796 8860 
2 4191 8136 
2 4024 7335 
2 6479 3822 
2 2552 5672 
2 2888 2792 
2 4513 46 
2 7853 2325 
2 694 4712 
2 8501 9655 
2 236 3701 
2 8168 8258 
2 6896 4486 
2 4634 8249 
2 1188 5180 
2 9893 3857 
2 2526 6212 
2 1529 6888 
2 2361 9023 
2 114 7785 
2 9142 978 
2 6378 2304 
2 5205 4150 
2 8869 893 
2 1600 4207 
2 9029 2867 
2 8211 2448 
2 7159 9640 
2 6922 4859 
2 6247 5411 
2 2129 3252 
2 5637 3471 
2 5244 3080 
2 2201 8684 
2 1236 5970 
3 3280 4257 9983 
3 1353 6121 8135 
3 7321 1342 4553 
3 6165 9718 2124 
3 9470 5889 9094 
3 8712 8859 4870 
3 4966 8324 8078 
3 9372 9798 3801 
3 299 2279 8088 
3 1551 8600 7950 
3 5448 2043 5857 
3 3234 6638 5981 
3 842 8689 529 
3 1814 8044 3869 
3 5007 3560 4679 
3 9734 6678 1035 
3 7205 1398 8671 
3 4289 9719 2679 
3 6264 1738 5420 
3 2008 4753 1505 
3 3783 670 5594 
3 5142 8346 2 
3 9111 7171 2598 
3 4774 4918 6641 
3 4474 6226 6257 
3 7900 458 1234 
3 6554 4062 8680 
3 6846 580 7215 
3 6202 9324 4566 
3 7538 9322 1127 
3 4041 649 104 
3 463 4832 5999 
3 9312 8197 4326 
3 8031 7023 7317 
3 7052 3486 7643 
3 7820 8808 8116 
3 2735 8228 9302 
3 7404 3677 594 
3 7062 7355 4669 
3 5742 2929 8209 
3 5969 4448 5950 
3 6349 776 7583 
3 4177 4292 7560 
3 6452 6496 3477 
3 6340 6620 4375 
3 82 2364 26 
3 9287 2137 4972 
3 8137 9867 9186 
3 7647 7141 9405 
3 2557 2419 2909 
3 3344 6810 4636 
3 8396 4831 1590 
3 7732 1714 2247 
3 1549 6623 3645 
3 2632 1302 669 
3 7703 3893 5519 
3 6144 6359 4917 
3 4541 9130 7060 
3 6072 7367 5280 
3 6529 430 29 
3 9906 4895 7978 
3 9005 3577 2560 
3 9667 1884 1172 
3 2825 9674 7759 
3 5232 9937 4721 
3 9614 4528 5730 
3 8139 2730 4931 
3 8610 3899 5940 
3 5914 4742 1439 
3 1572 1629 3085 
3 381 2922 3397 
3 2017 5846 2721 
3 7311 4552 8594 
3 8207 8119 1218 
3 8070 4172 7902 
3 9214 5770 390 
3 3505 5928 5597 
3 6617 4183 2199 
3 2306 8750 9385 
3 1760 1723 2927 
3 8670 7137 7850 
3 6053 9132 2789 
3 6614 2854 7597 
3 6671 4653 3550 
3 2576 4296 1925 
3 111 7587 8911 
3 1213 492 9527 
3 1385 771 3278 
3 5772 3798 4935 
3 815 5108 2741 
3 3265 807 7411 
3 8087 754 7980 
3 9812 7506 7901 
3 4825 4171 9171 
3 2901 9015 5151 
3 1435 9284 5054 
3 747 1957 3760 
3 7240 7069 6551 
3 9637 8115 7011 
3 3555 3745 4278 
3 6590 7007 9375 
3 7109 8141 6705 
3 5699 8504 6488 
3 5845 2673 6484 
3 2978 332 3181 
3 6657 4216 8609 
3 9060 8989 3054 
3 799 730 7815 
3 6285 1481 5295 
3 1771 3545 2967 
3 7521 3494 2411 
3 6972 941 1146 
3 9580 6075 3231 
3 489 7652 1343 
3 1983 4889 7154 
3 2635 1712 1084 
3 6483 784 9612 
3 3739 7565 9723 
3 1756 7799 3983 
3 3115 9206 4391 
3 5932 5418 5645 
3 2320 8897 1380 
3 3098 9668 4147 
3 4726 5547 3205 
3 89 9924 2086 
3 8767 5328 9715 
3 8543 955 1479 
3 5836 4512 9998 
3 9404 725 21 
3 1971 9731 3164 
3 9605 2426 8304 
3 4556 5924 8090 
3 4752 4963 2278 
3 4979 1518 9367 
3 7112 6925 2340 
3 5481 4956 5065 
3 6318 9712 7320 
3 9693 5219 6937 
3 2734 1586 4649 
3 8661 3095 7614 
3 8529 6469 3886 
3 3755 3290 8389 
3 3715 1758 9957 
3 6794 2660 9077 
3 7293 3991 2605 
3 3204 3092 2440 
3 9871 3404 2747 
3 9649 6457 7101 
3 4874 3148 2356 
3 4004 4201 9337 
3 7342 6169 5144 
3 7688 6411 2640 
3 181 3569 3993 
3 3408 4561 9479 
3 2955 7131 1378 
3 5226 6103 269 
3 1638 5125 7203 
3 237 9223 2277 
3 5978 4929 5193 
3 4297 7475 6947 
3 5375 945 9081 
3 72 8170 3444 
3 1781 459 9809 
3 4001 8545 8536 
3 2453 184 8176 
3 8111 1677 9234 
3 8840 6332 8149 
3 1866 2370 554 
3 9256 6188 6338 
3 3779 2608 4389 
3 679 5951 6714 
3 4719 5983 5512 
3 2749 3004 8908 
3 7572 2760 4165 
3 9807 1278 9538 
3 6723 4313 5810 
3 4954 8420 3143 
3 2006 5136 7934 
3 7343 2497 5578 
3 3442 2273 2294 
3 942 3418 241 
3 5876 4576 4112 
3 485 6632 660 
3 1231 5942 472 
3 8816 9717 9934 
3 7605 7954 2165 
3 779 417 4055 
3 3409 8687 520 
3 2328 466 6882 
3 9791 1451 8063 
3 4402 4629 1955 
3 4107 5038 8351 
3 5759 8109 3984 
3 1855 5118 437 
3 3761 5008 2479 
3 3951 1224 2527 
3 6978 3752 2728 
3 7239 2945 9761 
3 3306 150 7517 
3 1861 4376 6329 
3 9002 8658 4491 
3 5052 6379 5353 
3 3032 6812 5071 
3 8867 5340 9428 
3 4365 1553 4364 
3 5541 2591 5210 
3 8564 2160 1896 
3 2756 2132 5223 
3 1745 3608 1843 
3 6954 5413 8812 
3 6146 5593 1711 
3 7895 3996 2385 
3 9449 4307 7144 
3 9008 3156 8075 
3 6299 6731 4209 
3 7448 1245 3378 
3 7575 6294 8942 
3 1883 3149 2429 
3 3503 2653 2551 
3 7182 8208 7567 
3 528 8593 1174 
3 2532 5369 4957 
3 7346 8702 1419 
3 1658 475 2837 
3 2157 1879 6491 
3 361 3643 8999 
3 5635 8071 5516 
3 7710 6272 1946 
3 5218 2236 1526 
3 1079 6461 1682 
3 2112 9417 3289 
3 9827 7892 6586 
3 2144 9928 810 
3 7857 1062 6421 
3 1632 1212 9061 
3 6449 5415 9083 
3 9888 7255 1847 
3 1956 2309 5600 
3 8957 1874 4648 
3 8358 6290 8030 
3 2147 3147 1889 
3 3407 6534 8453 
3 5203 745 3110 
3 3601 9524 387 
3 4174 4651 6781 
3 7155 732 5591 
3 60 3846 1147 
3 9805 9167 7156 
3 5609 938 2499 
3 5258 5323 5741 
3 2975 8282 497 
3 3719 6354 3059 
3 4876 1793 3176 
3 9249 180 4716 
3 6041 9065 5273 
3 62 4078 1648 
3 7629 1434 395 
3 6693 9790 3072 
3 30 3522 7510 
3 6865 8383 2836 
3 8219 6788 1204 
3 5220 137 4693 
3 5573 4021 9424 
3 883 6921 551 
3 7416 6541 7415 
3 1744 8173 593 
3 5679 6842 3432 
3 8066 2540 3687 
3 1415 7972 9979 
3 9659 7365 6021 
3 9625 7628 7783 
3 2069 8403 4424 
3 2171 122 1974 
3 5865 1290 3510 
3 3981 401 2047 
3 3754 8933 6326 
3 8614 1340 4813 
3 4950 4240 6477 
3 9553 5554 8590 
3 3640 4761 9387 
3 4151 8511 780 
3 3312 979 8026 
3 5806 1811 6372 
3 7562 2505 5975 
3 7036 2451 2544 
3 4311 495 9877 
3 6848 6838 8627 
3 3438 2000 3481 
3 8007 2371 179 
3 9420 6207 1739 
3 5647 5911 2528 
3 2369 8241 8098 
3 1270 877 4569 
3 3759 7744 516 
3 5225 3820 9589 
3 295 2396 3513 
3 6811 7076 8014 
3 7875 2600 8047 
3 1507 3153 9813 
3 9084 4744 9795 
3 9411 9826 3629 
3 2056 655 2777 
3 9028 2704 8584 
3 7849 6149 859 
3 9652 3038 5361 
3 3663 416 2401 
3 3602 8426 1008 
3 6233 7502 1775 
3 4802 479 4432 
3 2508 995 4891 
3 7890 3463 9376 
3 9366 5568 824 
3 8413 9248 3592 
3 2102 1706 8744 
3 6336 5469 4105 
3 1612 8452 1175 
3 1214 9185 5587 
3 6935 6987 3864 
3 4265 9012 307 
3 4808 7380 975 
3 9350 7668 3578 
3 5479 3000 4277 
3 3589 837 200 
3 3668 6938 2120 
3 9748 8624 7831 
3 7589 5894 2323 
3 1726 5736 7157 
3 4526 8986 2952 
3 6777 5416 9762 
3 3452 4995 8212 
3 8987 5508 3653 
3 1664 8531 4109 
3 9933 146 8133 
3 5866 1697 2423 
3 4330 8006 8317 
3 3805 4731 1950 
3 1002 808 6854 
3 1878 8607 192 
3 6971 996 8650 
3 6498 6879 6412 
3 8939 7164 7048 
3 9927 8514 3803 
3 8373 7858 2466 
3 7312 9317 6300 
3 1250 9514 6965 
3 852 2020 211 
3 1420 2502 7586 
3 4304 638 3793 
3 2026 5577 1310 
3 3079 6720 9881 
3 9251 611 7541 
3 5956 1352 3867 
3 9579 9908 5517 
3 4386 6122 2061 
3 4370 7556 6042 
3 6242 1235 6428 
3 3096 5433 863 
3 7784 4800 2335 
3 1834 1857 1144 
3 2654 8159 9285 
3 134 6400 2038 
3 187 6312 9265 
3 4732 7325 6890 
3 6990 4349 8175 
3 2713 5989 8963 
3 3533 538 5439 
3 4444 4113 6324 
3 5055 9257 1045 
3 7943 8074 9046 
3 3630 9173 6364 
3 8500 2329 3430 
3 1916 3827 5179 
3 5708 666 9750 
3 4670 1641 3120 
3 1226 2992 1180 
3 8230 2668 857 
3 5592 4898 4490 
3 5601 85 583 
3 5620 2355 9984 
3 8730 1138 3540 
3 7758 3897 415 
3 283 9461 767 
3 6778 3249 2200 
3 5387 1364 300 
3 517 756 9819 
3 9150 5778 1994 
3 1858 3028 6234 
3 4271 3933 7912 
3 7187 5909 6783 
3 4274 7724 1437 
3 1083 7516 8040 
3 5682 3772 1268 
3 203 7427 7675 
3 1058 6386 5656 
3 4494 3615 3363 
3 2130 8430 7197 
3 3709 3941 8189 
3 7178 1906 4750 
3 3531 6839 4385 
3 3896 8414 4348 
3 1010 511 8555 
3 9740 7333 8746 
3 4029 3026 8334 
3 9770 6244 6986 
3 3514 5943 5860 
3 3749 8853 9861 
3 1918 6505 5058 
3 1651 1701 9017 
3 6733 9665 3936 
3 1589 7670 4476 
3 5020 7050 1109 
3 8707 709 1613 
3 6680 8985 8781 
3 1899 274 8711 
3 792 6275 8615 
3 906 7523 4828 
3 9735 1253 3456 
3 3076 7213 2025 
3 8632 4195 2937 
3 8357 2379 2289 
3 9505 4683 4499 
3 2327 4855 3910 
3 4445 1621 980 
3 4814 9329 2150 
3 6331 6584 8849 
3 3052 1751 5159 
3 8226 5458 8015 
3 2650 1086 4858 
3 6964 7889 8970 
3 4680 5738 7323 
3 800 3979 6581 
3 3732 2436 1215 
3 1346 8842 4287 
3 4214 5558 3180 
3 9875 7086 4077 
3 7661 9648 7618 
3 7988 8332 7563 
3 5757 2592 3527 
3 4407 1660 4042 
3 1683 4737 9016 
3 6404 4599 1707 
3 6751 3915 6996 
3 7676 9964 1483 
3 5690 9853 8130 
3 2315 8966 3086 
3 7366 4999 1205 
3 9153 9646 751 
3 7706 2078 7842 
3 6521 7736 678 
3 1830 8275 561 
3 8200 7750 9492 
3 1049 7524 8131 
3 6979 4031 1053 
3 6314 2418 5896 
3 1329 176 2893 
3 6718 6140 4776 
3 4980 1077 4793 
3 2167 2672 4466 
3 8907 5707 1620 
3 6760 52 5198 
3 683 7945 7198 
3 4525 359 6661 
3 9622 5957 3300 
3 9412 4221 256 
3 234 2590 2368 
3 9486 7686 1954 
3 3310 9363 5488 
3 8769 8276 6470 
3 9494 7627 6110 
3 902 9627 2813 
3 3383 3877 1094 
3 8649 2445 7326 
3 9075 4406 9575 
3 3585 2195 2997 
3 3657 9359 8306 
3 8603 2883 3322 
3 8817 6007 5913 
3 4282 4687 7786 
3 6898 9785 9866 
3 9244 9540 2037 
3 8715 1372 7903 
3 9981 9692 6787 
3 7691 7952 8623 
3 6308 335 5087 
3 6911 5182 4262 
3 6673 4971 2050 
3 9515 8581 2472 
3 5799 4945 1264 
3 7429 9523 2750 
3 2534 8850 5472 
3 6591 7904 691 
3 7127 1849 4137 
3 5014 6887 8642 
3 1765 155 1206 
3 1592 4593 2805 
3 6182 6231 6953 
3 1663 7788 3335 
3 6769 3174 3119 
3 2804 1680 2581 
3 4928 9131 2677 
3 2203 4298 8528 
3 3776 4823 1577 
3 7026 1628 2100 
3 7414 2707 7015 
3 9753 7508 632 
3 5089 7787 2693 
3 2501 8537 7003 
3 2225 6599 7818 
3 5668 8507 9268 
3 258 9952 3594 
3 898 2413 2763 
3 5774 1727 6876 
3 6841 5276 5627 
3 9779 2636 8888 
3 7922 8094 7390 
3 1476 6548 5506 
3 1618 7310 6904 
3 40 9331 8807 
3 715 7513 2087 
3 6908 8132 36 
3 2761 7486 2318 
3 6086 6057 7766 
3 1867 6429 8799 
3 4587 9254 2261 
3 9892 3699 1411 
3 4747 2222 7535 
3 2633 3985 1802 
3 8757 7018 9139 
3 9765 6134 3689 
3 2606 9704 7896 
3 6643 9278 5431 
3 5868 644 8964 
3 6020 6855 5711 
3 1135 2430 1033 
3 7553 8049 2032 
3 3251 7959 9382 
3 5424 5004 1087 
3 855 9941 7501 
3 998 3705 1819 
4 1222 4764 2432 9873 
4 3170 1575 5149 1656 
4 5666 3282 9749 4382 
4 3536 2113 2623 4371 
4 9164 4608 7873 8638 
4 4368 2903 4008 9228 
4 9940 1122 126 1928 
4 6388 8492 5998 8479 
4 9292 8544 1524 2559 
4 5255 3916 4869 2740 
4 4666 8243 843 5847 
4 6008 5019 5762 1369 
4 4361 7463 5443 7660 
4 1776 7971 5080 1107 
4 959 8753 1339 7485 
4 6808 5827 738 9581 
4 369 1325 9216 6105 
4 5423 4922 4247 8052 
4 5396 4567 6561 6530 
4 4838 646 3053 5854 
4 1465 2865 3610 4968 
4 10000 5567 2601 790 
4 5039 7619 1643 7491 
4 579 9716 7578 8338 
4 604 1162 5824 1782 
4 8652 7527 963 3454 
4 7505 3388 1401 3382 
4 1546 3151 3435 6796 
4 9769 3667 2471 1647 
4 320 8685 5833 432 
4 7409 7305 1357 6031 
4 3679 4468 5098 4051 
4 2138 9586 3309 8010 
4 6818 3818 8631 2076 
4 8440 605 928 7689 
4 5721 2228 1748 8437 
4 7482 7441 2414 6709 
4 7749 7358 2938 5784 
4 6028 2662 8773 2301 
4 7145 2476 713 3662 
4 2706 3670 5274 8783 
4 705 2324 1448 5252 
4 6786 967 6868 4817 
4 2933 7328 4027 2483 
4 875 3014 7864 8583 
4 8129 353 1729 358 
4 6102 5202 727 9817 
4 6224 1908 8683 8009 
4 6873 4856 6240 8705 
4 9034 5608 5572 7058 
4 1993 6503 5523 2863 
4 3099 8272 9498 2808 
4 3729 7140 3411 1393 
4 5524 7421 4697 4899 
4 1314 7410 4065 4767 
4 8114 9090 9351 6286 
4 153 3775 6637 4535 
4 4011 8025 1358 382 
4 7588 1106 4794 8313 
4 1145 2869 1501 9286 
4 5684 5982 7286 5901 
4 6863 5022 7819 3636 
4 7045 2841 2847 1912 
4 7855 741 5539 1450 
4 9537 7844 9192 1381 
4 9122 8183 135 8778 
4 3828 1552 6497 4675 
4 5397 4320 2040 1336 
4 9212 5735 6098 222 
4 13 9282 7173 2322 
4 7727 3882 5500 8513 
4 473 1964 904 4452 
4 993 76 2372 5908 
4 3686 749 6604 1554 
4 4235 6555 6494 9455 
4 3429 3942 3878 5388 
4 6997 5321 9584 7468 
4 5710 8893 7487 1115 
4 6343 9707 8166 9217 
4 1371 1009 2334 6320 
4 4951 457 2658 2134 
4 885 7762 6126 8361 
4 206 1227 7808 5783 
4 3107 1157 9745 1190 
4 2363 440 3817 8475 
4 3758 6743 3056 9803 
4 9585 9344 4119 9099 
4 8912 6401 6737 1440 
4 2077 1486 8081 2402 
4 2101 337 6762 9118 
4 8086 4032 3384 3921 
4 2644 9422 8261 5596 
4 1216 3121 5839 1189 
4 4672 8883 5787 9117 
4 5408 5242 2475 5333 
4 8117 4865 9156 6905 
4 2688 3281 6945 2742 
4 5133 5129 2291 8229 
4 6862 4258 6374 1458 
4 3795 2498 4937 5540 
4 5222 674 6467 6239 
4 7041 1670 115 1696 
4 931 167 9852 2767 
4 3094 9969 680 5113 
4 4080 6730 5037 3445 
4 5446 2579 2729 4399 
4 1842 9613 6804 3819 
4 2326 3485 3421 3465 
4 3417 8924 4997 10 
4 1688 4263 470 9955 
4 681 3516 2133 2718 
4 671 5922 2744 9657 
4 8045 5767 5686 9699 
4 9503 3246 1365 198 
4 9700 431 8316 7070 
4 6853 3680 8178 7010 
4 3744 2285 7417 3988 
4 9110 5271 3583 5237 
4 7991 7937 2780 1541 
4 9477 8997 7908 8393 
4 1407 2154 7982 4193 
4 2460 9739 2686 1032 
4 6642 7550 4760 9414 
4 4129 8262 7568 1513 
4 7752 7983 1852 1128 
4 4449 4455 7607 1806 
4 985 1390 1603 1201 
4 3953 48 5973 3277 
4 9938 3175 5995 8914 
4 5176 5381 8569 4076 
4 4590 8005 4920 2657 
4 3623 9644 3682 3007 
4 9681 1945 8681 2643 
4 8239 2588 9763 3841 
4 3064 9057 2842 6433 
4 7577 6222 2343 9602 
4 7423 8550 6115 314 
4 4475 8801 5862 5016 
4 9436 3944 7494 310 
4 4958 2443 8113 4488 
4 9841 7981 5890 5575 
4 2553 3658 3733 7498 
4 9713 5277 4369 8367 
4 9931 7835 4781 1976 
4 3420 4715 9751 2947 
4 5053 8905 6178 8851 
4 1176 2308 4205 1953 
4 3911 8630 7666 9730 
4 2521 3718 8847 73 
4 2035 7193 3518 5399 
4 5355 4983 3241 9037 
4 4607 8665 5786 5366 
4 838 3746 3535 6995 
4 4545 4318 5305 3271 
4 1195 2797 8525 4372 
4 3491 4786 9247 9145 
4 388 7249 3302 8274 
4 5212 8825 5111 8913 
4 9357 5869 7715 2684 
4 6560 7068 3467 4378 
4 7403 8800 9157 6203 
4 8678 7362 4252 1825 
4 8106 1515 5337 4571 
4 8444 8759 8690 8530 
4 2256 3617 8952 6180 
4 6741 1243 3221 7047 
4 912 8352 8277 1075 
4 8854 6236 3031 5310 
4 1864 371 4259 8369 
4 7610 7807 6691 829 
4 4704 2153 5492 1979 
4 9450 2386 5972 2737 
4 3917 5749 1129 4234 
4 7604 1785 3853 4485 
4 8336 6874 7816 7874 
4 454 3887 8797 5775 
4 4346 1778 7451 5967 
4 7612 4620 4273 4695 
4 9252 7880 3177 5791 
4 5501 2295 277 9868 
4 9506 2595 2946 4658 
4 8884 8311 600 2670 
4 3084 8991 6684 9045 
4 785 6994 2578 2838 
4 4558 9044 5064 414 
4 4338 2485 8148 9401 
4 1996 5520 896 3240 
4 6957 8268 6659 3167 
4 508 1653 5858 4735 
4 2220 8848 7756 1334 
4 8301 5992 1820 8046 
4 171 2896 5091 7525 
4 1580 59 1702 2492 
4 556 8994 4803 9818 
4 9558 232 706 2230 
4 596 50 1550 3606 
4 6588 4440 7878 6824 
4 3101 2506 4938 3600 
4 5391 968 4633 7529 
4 8484 7016 9754 348 
4 2267 5319 43 4427 
4 4974 3015 8510 7528 
4 7739 5209 4033 2116 
4 3966 9224 5303 3695 
4 6662 5599 2316 5317 
4 871 8613 2885 2119 
4 5873 5546 3576 1887 
4 3381 9857 695 9673 
4 1836 4601 5875 8700 
4 1452 962 8608 2398 
4 9733 8263 8559 7426 
4 6847 3024 5471 3901 
4 264 1733 1527 2921 
4 216 8605 6870 565 
4 3279 7106 6589 4295 
4 6265 4060 750 7074 
4 7043 9491 7065 1871 
4 6706 8935 2840 690 
4 2457 3243 7708 7919 
4 3209 9850 2176 7996 
4 6677 6729 4930 3063 
4 7774 2732 1283 1018 
4 4355 3927 5341 581 
4 7091 2665 1276 3711 
4 99 4754 1056 1259 
4 662 2793 6154 6866 
4 88 7559 7970 3960 
4 4967 42 1922 6313 
4 2651 9241 6029 6142 
4 2794 1930 5693 3764 
4 4453 3270 6261 2467 
4 2891 6235 9566 2270 
4 6303 1961 6668 3700 
4 4270 9616 5103 2987 
4 1442 3506 6669 3909 
4 4018 8868 8256 2215 
4 4822 6857 5831 4108 
4 2809 9135 4309 8142 
4 8305 9308 9942 4977 
4 2839 682 5930 6759 
4 6651 7214 7891 2496 
4 6489 1484 6645 5081 
4 5378 4212 1143 2519 
4 1521 6486 6282 433 
4 9358 4875 9677 6528 
4 7806 3410 8758 8473 
4 9240 661 3288 1616 
4 6698 6963 9982 1506 
4 4806 1402 5164 4068 
4 6230 1092 9193 8167 
4 5343 5953 4492 9678 
4 6832 8156 2022 8701 
4 3292 1228 8309 3355 
4 1863 9438 4093 7160 
4 6716 9511 628 3343 
4 5302 3814 9542 4915 
4 2539 7009 4650 3412 
4 9705 5160 8641 469 
4 6284 8518 9792 3415 
4 1307 8960 9848 714 
4 7303 3319 7419 886 
4 287 8697 4450 1112 
4 5201 3413 1691 9330 
4 2290 1547 3824 474 
4 997 8640 1895 8829 
4 1063 578 3025 9862 
4 6190 4775 1565 4098 
4 5877 1064 2733 3614 
4 1837 376 1211 5804 
4 5814 7394 6499 108 
4 918 257 914 3588 
4 4952 9222 6022 9024 
4 4400 8270 1829 1972 
4 1640 1542 9710 9460 
4 7431 1732 6801 8216 
4 204 4734 23 949 
4 601 5621 6929 1948 
4 5301 5805 9772 6851 
4 6304 6792 4970 530 
4 1417 5051 9629 2380 
4 1013 1509 6576 5856 
4 8721 1693 4516 7821 
4 6899 3238 7292 3767 
4 7656 5773 7364 3041 
4 2979 7909 1248 4233 
4 1020 4333 1531 5739 
4 1579 3368 7956 1203 
4 6279 9504 6797 4196 
4 7338 2071 5386 6166 
4 7644 8266 6219 7341 
4 9035 6916 2925 7827 
4 5551 15 4846 4083 
4 6091 3474 6708 2064 
4 8755 18 4197 8217 
4 4733 9086 5880 6487 
4 7504 3342 1800 6889 
4 950 5123 4975 6199 
4 4111 4203 9336 4699 
4 8923 2428 4477 8100 
4 5750 5143 5221 5855 
4 4914 2648 4253 2861 
4 9425 2655 5822 1044 
4 7186 986 4880 4827 
4 5936 5938 4612 3840 
4 3105 8 9172 8635 
4 2533 2860 6583 3062 
4 796 8079 5576 5434 
4 6772 2390 1209 4619 
4 3561 5649 6281 1960 
4 734 6415 8765 8343 
4 1910 515 2175 7357 
4 4335 6339 4269 5130 
4 2966 7711 1920 7512 
4 426 2489 2778 8024 
4 7571 7374 9509 9561 
4 2694 195 7544 2140 
4 2442 3314 6672 2312 
4 8835 6647 3622 5887 
4 7973 9926 53 2666 
4 6920 7266 6611 2745 
4 5556 6526 9611 9291 
4 3501 2405 610 8481 
4 6571 9583 1362 5452 
4 4646 9741 1943 7200 
4 142 6440 7022 5996 
4 1292 901 5717 9856 
4 6616 9517 5574 1375 
4 3369 2787 3010 405 
4 6633 3334 2060 4600 
4 9327 8019 6567 2450 
4 2434 1872 7701 5382 
4 3017 2461 1289 6371 
4 5705 788 9729 8089 
4 6749 3652 5104 3400 
4 1838 8639 396 4384 
4 1005 6622 3422 8138 
4 9513 3239 5905 5243 
4 7961 9442 8657 5349 
4 5023 2625 1662 4595 
4 7769 2338 6577 2771 
4 5734 8976 9833 536 
4 6702 6773 4745 5326 
4 7121 3315 1241 5394 
4 9105 1980 5631 6506 
4 5618 4984 8887 8727 
4 7232 7481 8340 5286 
4 5292 1605 4159 8673 
4 156 4932 3021 7202 
4 3132 9688 6619 2620 
4 4819 2019 3839 916 
4 688 2169 7262 6462 
4 5138 4662 7243 4671 
4 7839 154 7334 11 
4 640 884 9067 3931 
4 5483 3043 2857 795 
4 7443 1298 9288 3453 
4 6587 9208 5449 7620 
4 5289 5010 786 7142 
4 1210 270 8899 7474 
4 4038 1461 4530 6295 
4 762 6764 868 5859 
4 2117 5534 38 3460 
4 2051 1191 8451 8890 
4 185 7237 1148 1194 
4 1232 9687 631 3225 
4 7165 6100 9854 5966 
4 9567 7558 9800 9951 
4 1789 7872 6150 4030 
4 5979 8238 864 7958 
4 8836 9696 183 7464 
4 2959 8992 7968 5128 
4 3912 9495 4821 3033 
4 5971 224 4949 6139 
4 4435 5208 6406 3283 
4 9759 7622 8390 2795 
4 3440 9830 8660 1661 
4 4912 6516 4090 2259 
4 5269 9007 9006 6065 
4 9988 6201 9651 2820 
4 3703 1199 3835 7008 
4 5640 502 9835 8378 
4 3735 3401 4533 6079 
4 704 7453 5172 7748 
4 2535 5776 4627 6815 
4 4225 6667 8051 4784 
4 2880 8978 2774 2002 
4 701 8027 8107 3150 
4 4652 9946 477 402 
4 490 6084 9219 7685 
4 2920 3903 2759 3532 
4 3546 5056 9195 7113 
4 3291 4588 1606 8982 
4 3222 365 7951 2859 
4 6328 6894 6563 5624 
4 7646 5926 3895 3214 
4 3169 7228 699 4598 
4 8936 3502 6644 8427 
4 8227 3945 1584 7283 
4 9398 2237 4871 7484 
4 55 3353 991 1615 
4 2232 568 7704 9896 
4 813 5753 4705 9944 
4 7391 8731 7751 5581 
4 182 4211 6827 1159 
4 9732 1568 5898 957 
4 5272 1438 1043 2910 
4 4574 5902 7641 1495 
4 4730 410 37 1118 
4 5712 2042 8411 6523 
4 7592 7254 3854 5001 
4 3741 8181 6962 8303 
4 5661 2382 386 2410 
4 6341 5040 4200 8502 
4 110 2817 7370 5345 
4 4539 443 9936 7841 
4 7080 8541 4155 4810 
4 1363 8839 7385 9187 
4 5518 6465 4615 1614 
4 3258 7561 4457 4088 
4 1416 4596 3005 8380 
4 8353 9356 4141 7219 
4 3757 9290 9209 585 
4 5282 3731 1898 1344 
4 321 5486 255 9314 
4 4231 3325 1110 952 
4 9047 4480 5047 4667 
4 3845 9804 9323 6335 
4 3621 5074 218 7161 
4 3726 2070 6396 93 
4 555 7700 8429 524 
4 4218 1169 3509 1755 
4 665 8073 9303 2438 
4 2156 9476 1560 6356 
4 4659 8858 2989 2671 
4 7962 5181 8285 215 
4 840 6189 9608 468 
4 9768 9975 1114 8083 
4 6080 7111 8319 47 
4 4700 1016 69 2075 
4 7734 9510 4866 4178 
4 9332 3713 5585 9628 
4 486 331 8169 2752 
4 1300 6923 2785 4350 
4 9445 3581 9160 2858 
4 2158 3446 3937 9860 
4 4226 9396 7811 7183 
4 1890 5152 5514 6017 
4 6909 5357 8855 6351 
4 2004 9361 5648 6054 
4 5692 8974 2803 7832 
4 8814 3659 7119 4422 
4 4654 5513 6016 7039 
4 4857 909 6360 9997 
4 5812 3002 1229 4933 
4 3517 8154 8152 6195 
4 444 450 8549 9104 
4 4782 3037 7430 3672 
4 434 6682 6998 7302 
4 1105 3376 522 6361 
4 5617 65 2092 5250 
4 6732 7383 3556 9246 
4 1963 5941 6550 8656 
4 9706 1014 7216 7176 
4 4878 8199 7301 8582 
4 1894 3275 464 8146 
4 1142 5988 2266 172 
4 3876 6250 7777 6975 
4 4208 261 2828 2725 
4 5654 9296 6532 9669 
4 9756 2024 6738 4202 
4 3210 586 4015 7329 
4 3137 5828 6676 6837 
4 5462 5603 1982 2914 
4 6129 5389 3891 4946 
4 9415 4544 7753 6276 
4 221 2604 5763 8198 
4 4769 4074 6280 3332 
4 285 4465 8196 9909 
4 6831 4058 4778 6666 
4 5478 544 983 4360 
4 8506 5651 8459 2583 
4 3051 8472 8252 5947 
4 4845 872 3324 19 
4 8404 9548 4746 1391 
4 1905 4425 7885 1246 
4 8870 3515 9386 2359 
4 5360 929 3213 2827 
4 9053 366 7055 693 
4 9529 4198 2233 1609 
4 862 2091 5853 5465 
4 8060 6515 8409 1007 
4 1502 1794 3057 6357 
4 6392 7935 170 686 
4 7351 334 399 4692 
4 2923 7389 9788 2181 
4 4581 2699 5421 339 
4 2115 7694 3624 1598 
4 1645 504 7681 8195 
4 2906 6748 5407 3431 
4 6537 4224 7316 9781 
4 6621 9064 5832 2541 
4 3918 7969 5817 7207 
4 3848 2939 1622 166 
4 3392 9149 2454 1990 
4 5031 6437 637 513 
4 591 6464 107 7574 
4 6492 2151 3466 9679 
4 3439 9325 3971 5026 
4 7379 8996 9267 49 
4 7926 4237 317 2314 
4 8845 4124 8709 7907 
4 5933 5309 570 6107 
4 6726 6453 9388 5068 
4 496 245 6260 3359 
4 8818 2739 5881 625 
4 4833 597 1991 3468 
4 8120 7300 5432 5365 
4 1093 7084 5769 7671 
4 9182 2303 8428 2596 
4 532 9632 7307 2884 
4 5153 4616 9502 5676 
4 8000 6248 6380 9221 
4 8934 3301 1780 326 
4 7360 4006 301 8662 
4 1797 7166 8003 4992 
4 9266 2876 5083 2018 
4 68 6044 1057 1587 
4 2764 6145 5028 6067 
4 4696 1573 4771 5457 
4 9272 1341 9190 858 
4 5785 7576 5174 2395 
4 5173 4994 3074 3737 
4 9097 3994 2513 3642 
4 8144 2033 3898 830 
4 7705 2239 2096 3117 
4 8480 9335 1536 5248 
4 449 510 2868 7063 
4 1932 8191 8425 5726 
4 91 3162 7745 3428 
4 3950 9872 117 2400 
4 8331 6152 5067 9338 
4 2163 7344 9587 7775 
4 5186 4900 6926 4722 
4 1197 8185 3906 4236 
4 7802 1242 1006 2391 
4 1686 537 2185 4942 
4 5400 6860 8462 4123 
4 7027 2682 6211 4852 
4 3450 8579 4710 7304 
4 4709 1720 2121 9409 
4 7697 9402 5029 201 
4 6375 54 9839 7948 
4 3830 6739 1155 500 
4 1915 1891 3675 2948 
4 278 3013 3113 3447 
4 514 5367 3566 3796 
4 4834 6598 1786 6476 
4 6066 9736 3160 1050 
4 6660 7115 7072 696 
4 4751 4527 8741 5464 
4 2473 8688 3366 5850 
4 1985 2406 9912 4577 
4 6688 1160 2571 7987 
4 7099 958 4357 6345 
4 4611 8803 3129 1924 
4 7139 924 7679 2719 
4 3449 4863 3047 9787 
4 659 2626 8431 3646 
4 1562 2500 8917 2099 
4 7639 6883 3889 3293 
4 8286 6809 2855 5542 
4 2206 7077 333 1158 
4 4916 1288 6941 8177 
4 3961 6390 1940 6559 
4 2055 8145 2873 5948 
4 7406 5489 905 4215 
4 1453 3259 6460 3637 
4 3138 1901 9544 2649 
4 35 5297 6063 9598 
4 5960 4387 2676 453 
4 8788 4460 5227 5611 
4 9691 2911 4681 8953 
4 2563 6927 8153 805 
4 3198 8517 2918 4217 
4 6463 1004 1490 1383 
