2 43789 75022 
2 11508 98253 
2 26796 9925 
2 34654 715 
2 77015 37811 
2 39607 51947 
2 80040 6698 
2 59476 82981 
2 55039 13194 
2 61802 39961 
2 85935 95389 
2 35856 45791 
2 99167 22638 
2 19497 37596 
2 2536 37802 
2 20479 38358 
2 31308 10394 
2 73773 97831 
2 97492 69908 
2 76367 7396 
2 84179 84749 
2 66342 35802 
2 14932 77675 
2 76683 30254 
2 68874 7074 
2 56641 44986 
2 1651 92944 
2 85410 44413 
2 59268 90487 
2 42474 70602 
2 83832 15748 
2 37268 69078 
2 18216 90499 
2 82286 50952 
2 80287 25913 
2 71497 13803 
2 5407 65598 
2 36564 78255 
2 60198 25041 
2 16417 97367 
2 71052 11723 
2 93100 99012 
2 33806 14 
2 68453 40609 
2 71016 23112 
2 68691 59802 
2 45169 70570 
2 9921 50669 
2 42640 33302 
2 68450 18171 
2 27055 86946 
2 42740 4476 
2 68283 516 
2 88077 28292 
2 50165 12112 
2 87207 86629 
2 48370 30264 
2 27001 19495 
2 25030 22560 
2 42998 57694 
2 3111 33586 
2 82766 78420 
2 14036 12536 
2 20660 37576 
2 21862 47615 
2 35223 71242 
2 83830 14261 
2 14008 21851 
2 35837 86740 
2 20545 98461 
2 61324 2899 
2 39861 98697 
2 85898 27691 
2 77235 63969 
2 42283 13704 
2 7980 56218 
2 16181 75537 
2 8569 7621 
2 4764 2512 
2 42035 95799 
2 75482 52970 
2 29888 35110 
2 75235 81597 
2 45473 51436 
2 42696 40386 
2 47946 82658 
2 55856 18378 
2 11099 60095 
2 92736 92763 
2 97481 57850 
2 7108 48648 
2 42687 10007 
2 34664 56371 
2 32575 71738 
2 71483 63460 
2 62848 57786 
2 23831 72734 
2 70545 8870 
2 44810 45896 
2 18384 7505 
2 25755 99002 
2 8739 3632 
2 58537 2249 
2 95763 88106 
2 44035 84170 
2 9756 65764 
2 74502 57501 
2 26389 41721 
2 23504 31191 
2 1129 16184 
2 27400 66672 
2 44687 44460 
2 82591 10056 
2 7279 6314 
2 57798 46502 
2 39762 65450 
2 89498 92047 
2 73279 92672 
2 70996 60903 
2 84584 83098 
2 70983 34780 
2 35602 23029 
2 33809 53431 
2 87056 78055 
2 61361 84057 
2 2085 63557 
2 43350 51158 
2 84293 70310 
2 16796 48579 
2 63712 26485 
2 61717 78312 
2 75188 81472 
2 41452 14896 
2 21772 59217 
2 62760 30775 
2 33863 91785 
2 41308 89862 
2 53328 18788 
2 800 52620 
2 93443 24943 
2 99066 80952 
2 61543 53571 
2 77774 33458 
2 40571 37443 
2 63300 78245 
2 19173 72761 
2 22822 48343 
2 20600 22216 
2 98771 18120 
2 42298 75532 
2 25389 26811 
2 58322 52596 
2 43221 80858 
2 54999 7593 
2 38922 5724 
2 79685 11919 
2 17984 72579 
2 69025 69438 
2 74299 54554 
2 12105 62548 
2 26675 32749 
2 65910 40243 
2 26307 72634 
2 65506 65051 
2 89992 17361 
2 16179 23505 
2 91648 17879 
2 78961 22845 
2 28880 76174 
2 75903 81977 
2 75490 99845 
2 43001 51887 
2 10636 2581 
2 10120 88032 
2 22550 16071 
2 27785 43353 
2 10232 49149 
2 89648 87775 
2 35559 9016 
2 29936 49618 
2 40781 96367 
2 99393 54518 
2 73178 82667 
2 46069 11229 
2 5036 82551 
2 47957 2670 
2 57321 64527 
2 8465 75434 
2 96944 38335 
2 25282 81786 
2 53702 91765 
2 89237 65581 
2 53720 13441 
2 36269 86992 
2 16292 98505 
2 38504 69145 
2 82215 77943 
2 69340 9457 
2 73377 67897 
2 86384 29938 
2 376 85021 
2 94288 47025 
2 54926 73507 
2 94188 3650 
2 36106 4815 
2 76253 70624 
2 3402 35755 
2 95805 86900 
2 85500 7916 
2 41832 72106 
2 87203 63844 
2 42547 72234 
2 21811 5808 
2 8473 39692 
2 19544 31176 
2 25279 26316 
2 65979 32315 
2 62809 19535 
2 42779 29611 
2 41284 99432 
2 43867 35030 
2 24525 59250 
2 35364 12561 
2 85083 85771 
2 24692 56429 
2 10180 43088 
2 29795 48958 
2 71215 45390 
2 27872 57564 
2 97130 32139 
2 60138 35379 
2 12356 78050 
2 21586 10126 
2 74141 92591 
2 89248 52240 
2 95542 69677 
2 18281 81479 
2 81259 90941 
2 94101 3920 
2 25233 97266 
2 87229 21528 
2 1447 38229 
2 22870 40363 
2 81733 92560 
2 9655 70272 
2 25445 95781 
2 55136 99471 
2 47568 46835 
2 10940 69949 
2 18738 70486 
2 36685 62554 
2 22735 71897 
2 81703 19015 
2 97888 92754 
2 14321 11417 
2 9233 75605 
2 23541 95057 
2 5030 73418 
2 62890 36423 
2 71987 88209 
2 48886 39772 
2 70085 39558 
2 22901 44179 
2 31120 30193 
2 27485 41150 
2 98753 40876 
2 70869 34522 
2 83476 6842 
2 48005 52951 
2 90000 50635 
2 68141 98603 
2 58044 99827 
2 66638 42656 
2 25186 26099 
2 87443 6540 
2 62526 11884 
2 75328 26837 
2 44800 65242 
2 15311 81810 
2 80463 84877 
2 49057 5666 
2 64299 32473 
2 11445 90150 
2 65590 66558 
2 73990 97664 
2 19454 67527 
2 95240 80596 
2 48941 20445 
2 20578 8211 
2 89955 66064 
2 55647 26428 
2 43525 4658 
2 24380 69226 
2 46235 98431 
2 97056 57964 
2 98938 6664 
2 11669 11813 
2 11160 76120 
2 26160 6191 
2 79439 11020 
2 98906 42252 
2 32906 12949 
2 8956 45860 
2 99212 39242 
2 47055 64144 
2 89819 68502 
2 74695 73001 
2 3278 28669 
2 97303 98601 
2 38748 73887 
2 56955 37973 
2 25947 96544 
2 1942 84802 
2 50657 79506 
2 39680 49850 
2 38902 83361 
2 31321 99513 
2 50376 30719 
2 59680 21362 
2 4490 55018 
2 58222 84283 
2 74483 51747 
2 92269 87399 
2 86474 17013 
2 98227 80253 
2 24102 84310 
2 20388 95356 
2 88721 99603 
2 16906 69666 
2 37910 73144 
2 57260 47598 
2 34326 86072 
2 62580 1906 
2 73476 66524 
2 39833 87133 
2 78162 85166 
2 85826 69661 
2 87751 21643 
2 41246 46092 
2 92589 28537 
2 44448 64057 
2 95089 91915 
2 39080 85822 
2 50282 53741 
2 53618 66463 
2 8782 32395 
2 77342 93042 
2 44327 30372 
2 67657 67126 
2 20778 54313 
2 50164 45129 
2 14554 49260 
2 80408 31663 
2 40517 75044 
2 12740 51470 
2 36825 53817 
2 55638 24949 
2 85352 5762 
2 79775 96864 
2 29593 39620 
2 95410 29094 
2 67835 14398 
2 27245 61013 
2 12602 94537 
2 82928 8828 
2 87861 19216 
2 82739 43596 
2 9355 40872 
2 16695 8108 
2 44200 56332 
2 43071 59858 
2 1136 66462 
2 67175 80117 
2 47412 47256 
2 69645 16848 
2 21457 44832 
2 44737 78740 
2 26363 75895 
2 2216 13654 
2 38949 29341 
2 28299 9458 
2 2917 81026 
2 38652 23391 
2 18514 11832 
2 18125 78953 
2 36553 68191 
2 17288 40736 
2 57399 16135 
2 23740 53585 
2 95014 4267 
2 14860 78881 
2 925 59714 
2 5072 32927 
2 83285 11408 
2 55400 51550 
2 97290 86338 
2 14767 78193 
2 19920 13881 
2 65000 27962 
2 48354 37083 
2 10606 54100 
2 99663 56374 
2 4012 40990 
2 13266 15964 
2 69641 97652 
2 41918 77053 
2 98669 7123 
2 83380 55794 
2 38762 89120 
2 86450 84328 
2 45830 20645 
2 47363 54859 
2 67464 93086 
2 15389 91423 
2 37037 64329 
2 29323 61867 
2 44908 26996 
2 34281 51131 
2 72670 5730 
2 77226 13255 
2 22867 30451 
2 33674 69170 
2 78905 7314 
2 56627 28246 
2 33575 73313 
2 60990 19937 
2 52052 73449 
2 93990 92948 
2 93066 84489 
2 14188 61933 
2 54693 47223 
2 3271 19196 
2 71235 53811 
2 702 61906 
2 42382 86111 
2 54112 33835 
2 33725 85573 
2 44516 16573 
2 12222 79854 
2 72787 38903 
2 96448 65711 
2 53784 94050 
2 80451 29136 
2 83292 21708 
2 67113 75156 
2 8810 62280 
2 81520 5500 
2 79202 72154 
2 34536 38912 
2 70916 94379 
2 98816 77107 
2 66205 49632 
2 34110 9540 
2 34846 16717 
2 94693 91461 
2 71374 83347 
2 59997 26350 
2 87428 51527 
2 38234 66197 
2 73669 55380 
2 65906 18534 
2 66973 95693 
2 75648 12461 
2 29839 9612 
2 57444 352 
2 31593 21624 
2 55230 1601 
2 24655 87641 
2 46950 25590 
2 58639 87661 
2 75573 42610 
2 30966 91083 
2 49576 51618 
2 71201 85673 
2 10467 25018 
2 47632 15900 
2 87597 40033 
2 63143 94789 
2 60591 18692 
2 46197 46653 
2 78797 48883 
2 44152 30395 
2 19964 54576 
2 19810 62797 
2 67622 54057 
2 99109 2647 
2 64745 26822 
2 88780 72628 
2 52250 82608 
2 79204 75541 
2 95337 33075 
2 38212 36842 
2 19160 19152 
2 82863 31309 
2 7330 32345 
2 22336 36111 
2 6894 45058 
2 86631 17091 
2 59081 85925 
2 32984 70815 
2 65027 99258 
2 18222 6892 
2 17993 43237 
2 97732 49827 
3 36289 32925 43410 
3 2618 87099 42009 
3 83962 69015 12803 
3 28989 62973 3358 
3 38162 87306 60340 
3 92065 38453 26568 
3 34195 54003 34050 
3 28463 37673 40216 
3 58243 87662 95698 
3 94905 18530 61580 
3 60084 4072 42581 
3 52892 57259 83054 
3 36525 31993 67613 
3 20658 86518 78571 
3 86985 92454 69014 
3 8636 5117 14491 
3 54661 73252 78555 
3 44162 86528 70317 
3 17447 7266 21588 
3 17090 60612 92349 
3 65382 78712 69822 
3 67993 58950 23052 
3 11317 14908 43662 
3 32011 19481 13738 
3 92773 92564 77984 
3 64244 76668 57414 
3 99659 23415 63614 
3 71767 96041 62929 
3 4546 26957 17445 
3 82989 91405 65480 
3 57873 53751 7973 
3 53937 66410 85225 
3 4620 6953 75360 
3 38913 72118 8946 
3 16576 98810 31544 
3 41204 99870 93771 
3 60251 75257 30938 
3 73913 53969 7353 
3 72630 18840 16609 
3 20738 5895 42669 
3 83803 21758 26660 
3 13332 6681 56338 
3 43220 62143 1446 
3 48717 91435 74048 
3 81080 87262 33579 
3 43558 61407 475 
3 21460 21878 93930 
3 13270 8906 30518 
3 91356 40298 58522 
3 81225 26625 5986 
3 10797 14427 89494 
3 62351 55566 71144 
3 17449 49692 14469 
3 95022 46436 92048 
3 18498 31562 17999 
3 37874 11541 41496 
3 50875 1496 83341 
3 83719 96121 31679 
3 86673 58771 20816 
3 90063 6216 49939 
3 78178 22621 82126 
3 96617 97448 28191 
3 10022 80248 98550 
3 12735 34596 85909 
3 40016 22290 94160 
3 42081 61756 90810 
3 6887 89998 79955 
3 55661 85065 49281 
3 51790 46720 27552 
3 68279 35323 65741 
3 60571 7034 81014 
3 17308 9169 93311 
3 3724 3679 51802 
3 43811 25796 68927 
3 52309 65256 47698 
3 46995 16151 13015 
3 48674 60952 70236 
3 70839 2447 2104 
3 8541 7081 10345 
3 42437 27266 65389 
3 60673 57945 20228 
3 93678 67810 67460 
3 48619 10682 21057 
3 40749 92375 35951 
3 77554 26525 79206 
3 77581 17327 97331 
3 74957 37108 86261 
3 46031 87790 23807 
3 94421 86073 98167 
3 53672 58079 85220 
3 71604 6484 73838 
3 96051 16783 6723 
3 53990 77939 2968 
3 82543 41913 93194 
3 14588 13938 3641 
3 74396 73493 64183 
3 2771 72151 93088 
3 48675 57338 66762 
3 29021 13048 88682 
3 51128 13238 34576 
3 10008 30642 33024 
3 24293 50700 47513 
3 18316 68021 39445 
3 90737 4840 74958 
3 14067 68596 33450 
3 43507 42406 2893 
3 70274 13911 81340 
3 51233 29463 61800 
3 13957 21703 51302 
3 32408 50796 59239 
3 63333 25978 38181 
3 2070 92069 50053 
3 45396 89255 86549 
3 75068 74540 65746 
3 23277 98657 45539 
3 71011 84601 95320 
3 75393 74254 17259 
3 42260 44390 87517 
3 86139 7241 3456 
3 95048 33062 37679 
3 89910 85824 97572 
3 62585 90004 34180 
3 51752 27837 82623 
3 39050 27941 99972 
3 48645 64976 38662 
3 6919 81160 82657 
3 51386 41916 74072 
3 19514 10999 5671 
3 33338 43357 20477 
3 2558 40319 31501 
3 35095 95651 87990 
3 51406 98696 18055 
3 50361 21382 84320 
3 31290 24290 60266 
3 35895 22544 16919 
3 15828 33550 98130 
3 19597 75164 33171 
3 94714 32877 91121 
3 97903 54643 2624 
3 17001 15892 23597 
3 18794 68447 91466 
3 12160 97419 9455 
3 78819 96571 20802 
3 90387 27575 27506 
3 81397 95404 53567 
3 74337 81631 32243 
3 44424 69150 55682 
3 15817 10235 67994 
3 70975 93400 50093 
3 99490 36605 89500 
3 73871 50332 19644 
3 50434 26604 50454 
3 31473 27067 20052 
3 74247 61556 22063 
3 46344 34741 89726 
3 42920 39803 29529 
3 61226 28773 19641 
3 5782 71271 8018 
3 94690 44342 2484 
3 59455 54363 33444 
3 38284 18980 86329 
3 46986 55095 66531 
3 84394 46146 26808 
3 86267 53537 46396 
3 71065 35754 23445 
3 3582 13288 39618 
3 1993 65241 12715 
3 73250 47280 69285 
3 97469 85652 68079 
3 97873 53651 92436 
3 33717 22379 13837 
3 6717 94541 37368 
3 31759 10112 16418 
3 28432 3196 79443 
3 46972 48641 4652 
3 5050 36493 22753 
3 39149 94238 34992 
3 55314 95054 84624 
3 43426 92790 68092 
3 10838 84958 28578 
3 67669 28617 32633 
3 5817 55416 43034 
3 15527 94256 33614 
3 15450 19902 12967 
3 88165 11303 25003 
3 58007 97958 12350 
3 5657 42853 86020 
3 81177 56091 41648 
3 9575 88405 80963 
3 71508 60367 44560 
3 72039 91167 9323 
3 89653 90828 69004 
3 97962 71256 82108 
3 48567 55573 92152 
3 62976 7177 2500 
3 46289 28052 32272 
3 46437 30364 76291 
3 67576 97945 39223 
3 60273 85078 80244 
3 88316 7299 53915 
3 8322 30555 72854 
3 83696 23359 52453 
3 35703 5352 31048 
3 2242 63695 87270 
3 68196 9079 45627 
3 43700 50295 76718 
3 96360 37441 15705 
3 23930 82064 1065 
3 61265 19632 68946 
3 66003 43742 74456 
3 99718 70150 28793 
3 4085 14252 12736 
3 41563 46405 77980 
3 70622 2083 6755 
3 6189 88577 10597 
3 46746 11744 40089 
3 60431 63347 89240 
3 99821 11136 72827 
3 98694 91803 79001 
3 71765 47515 20419 
3 58864 46349 42179 
3 82741 36670 70358 
3 13681 27932 42712 
3 36167 87839 3175 
3 87738 79429 54982 
3 15483 98004 3067 
3 19493 29519 97304 
3 4801 56446 7132 
3 3040 99514 50453 
3 27976 84063 62318 
3 37144 45317 33312 
3 95605 84819 59163 
3 33709 47361 53039 
3 26496 63810 71102 
3 98884 93120 72792 
3 34226 44449 29077 
3 84216 98083 67832 
3 65989 56134 1257 
3 28091 50013 81258 
3 58106 92470 5757 
3 65493 22400 27521 
3 79196 32868 41255 
3 98559 64135 22220 
3 45364 32686 93270 
3 36703 89690 37289 
3 82835 11466 38942 
3 57832 30201 92842 
3 39759 71357 6207 
3 61768 89524 13980 
3 52733 21352 1529 
3 29023 80389 43543 
3 31888 60203 80495 
3 46247 69745 82836 
3 3649 91480 66012 
3 2628 95508 94993 
3 29208 2304 81541 
3 81484 55542 32945 
3 13781 79244 20252 
3 88029 65897 11231 
3 86808 48799 8804 
3 71787 4003 26780 
3 23904 45579 3652 
3 10647 76068 72467 
3 58857 76076 32130 
3 88876 56942 52214 
3 4735 66114 478 
3 75690 41006 3316 
3 22869 21991 62546 
3 93412 75536 36904 
3 34099 22000 12841 
3 68523 22564 64076 
3 7078 76882 15175 
3 71624 52170 86080 
3 56749 71602 33106 
3 39907 20357 65210 
3 8951 26938 40632 
3 21981 39481 4785 
3 33019 70156 23098 
3 82353 14845 9907 
3 62654 47553 16893 
3 64009 33676 81176 
3 9611 47973 41631 
3 37396 19111 30606 
3 22893 42750 65365 
3 39 51434 10251 
3 18780 20914 78205 
3 86016 57721 50968 
3 3945 36228 85460 
3 46328 20368 80372 
3 6078 87279 79460 
3 42402 80263 87960 
3 53581 78605 96192 
3 17268 55911 69160 
3 30169 53699 58984 
3 47730 75755 30698 
3 69932 1058 7259 
3 10846 58257 24013 
3 22802 43782 13937 
3 34825 64563 53092 
3 85137 42787 61046 
3 16195 88602 48663 
3 18031 302 86659 
3 49769 963 71348 
3 22042 24797 64181 
3 9413 47344 10826 
3 81411 76688 56297 
3 83050 26210 28514 
3 27882 37198 65715 
3 83655 22636 27439 
3 84223 56278 7928 
3 75413 98726 85406 
3 69048 58834 17661 
3 84067 53968 58858 
3 16126 89597 35321 
3 89835 76549 44154 
3 54863 39896 74624 
3 18119 46900 46147 
3 28182 74542 90265 
3 9358 69164 33510 
3 21407 91522 10275 
3 56867 79568 42000 
3 60150 63757 58882 
3 25091 55426 18501 
3 10003 42285 47686 
3 73093 47861 17362 
3 50358 47603 50321 
3 7942 62888 48436 
3 50380 62948 26509 
3 5813 87134 8605 
3 6125 9991 75539 
3 45795 11660 656 
3 64994 49740 57170 
3 59918 64318 73500 
3 22523 94522 66315 
3 45525 13329 41911 
3 16264 42417 36927 
3 29212 41324 68701 
3 34425 57012 63553 
3 52487 99499 48405 
3 11949 68269 83024 
3 89834 36592 70633 
3 46761 45743 36871 
3 36788 33308 95166 
3 71774 2681 5578 
3 28240 7880 78809 
3 88132 73624 97135 
3 87184 8238 21704 
3 38467 2086 45369 
3 72083 54806 15367 
3 26629 18923 76667 
3 19485 22656 2449 
3 82909 92654 16986 
3 48952 96743 95950 
3 19674 15256 47497 
3 45915 34700 7465 
3 91192 51631 74752 
3 12051 81685 72217 
3 88912 62822 47713 
3 52380 59252 42754 
3 328 28811 4675 
3 42552 15081 29981 
3 42819 80834 67359 
3 51564 91387 55412 
3 47599 34025 5154 
3 85506 75111 30777 
3 29822 69126 3352 
3 64431 11348 33764 
3 60564 19418 14010 
3 95713 94740 9048 
3 135 95234 86712 
3 14805 3961 73051 
3 81240 16798 41762 
3 61553 12404 58081 
3 99275 11984 85945 
3 76971 93238 28368 
3 46564 38415 11300 
3 57358 13868 6058 
3 88237 93095 20210 
3 41199 24844 70007 
3 36802 46669 53501 
3 21774 11115 64908 
3 59866 53048 23932 
3 12139 38176 96053 
3 44893 77823 76241 
3 89065 28923 60824 
3 94510 3092 82328 
3 31528 71388 24998 
3 61935 63463 58463 
3 31523 84961 35178 
3 4523 79383 46699 
3 88244 73661 20849 
3 64278 78607 95593 
3 22944 45301 87259 
3 84986 61019 28379 
3 72187 58540 73369 
3 48829 82146 31729 
3 63718 71342 40980 
3 14114 96011 40799 
3 76885 42791 51497 
3 87871 64540 6700 
3 87411 82728 90046 
3 33871 85540 3561 
3 37891 51038 6871 
3 70174 92501 3997 
3 2046 75315 93983 
3 85559 40848 18118 
3 66165 66264 53755 
3 6096 51755 28518 
3 15378 9300 65701 
3 43480 55266 96866 
3 13953 41939 49781 
3 10832 69617 23251 
3 13411 33961 36202 
3 80426 55540 57687 
3 41237 79924 90873 
3 36725 80555 22960 
3 11676 97968 20024 
3 12083 98352 13347 
3 31361 82528 41115 
3 77765 67399 86975 
3 59418 71339 99900 
3 76293 67970 2661 
3 35779 64850 94566 
3 49673 21886 84128 
3 11946 34919 47935 
3 79212 78293 10988 
3 72964 61902 27215 
3 66206 8826 71973 
3 33282 44334 11019 
3 83140 78485 44680 
3 63937 923 98861 
3 29914 39312 44027 
3 28047 81614 61606 
3 81428 53076 84260 
3 90833 57748 86772 
3 33598 3571 83930 
3 45282 7022 70976 
3 97269 45700 35269 
3 3443 61593 13892 
3 76899 82763 91164 
3 44492 70764 35571 
3 92542 1002 74569 
3 1958 96567 34591 
3 72343 69994 97136 
3 71120 72682 1131 
3 67516 63927 62896 
3 80885 23321 35713 
3 21812 40537 99218 
3 86852 49350 99391 
3 40271 97251 81738 
3 78186 84734 67882 
3 30661 45906 77024 
3 11326 4214 58815 
3 92488 48737 46705 
3 38179 51377 12442 
3 58116 73876 6621 
3 7691 8627 34979 
3 16160 12866 50762 
3 81644 59743 13918 
3 32803 9729 54318 
3 6639 60535 98043 
3 44826 40499 99463 
3 96835 24821 9294 
3 41635 54996 46590 
3 18710 55184 59049 
3 21418 96622 54560 
3 8947 56975 18605 
3 62114 64642 66586 
3 82282 87677 73188 
3 57588 60546 67546 
3 65871 58012 47835 
3 62288 24767 80083 
3 62942 97871 54221 
3 48837 73273 50461 
3 6716 56682 89529 
3 61919 55519 9590 
3 87244 41112 5308 
3 87304 85772 11869 
3 43884 83095 48018 
3 26528 16103 72729 
3 73364 88511 30331 
3 14821 24089 44604 
3 99685 90651 97719 
3 28478 17972 70476 
3 81782 76463 59963 
3 47804 38313 62179 
3 22937 47037 37627 
3 73560 47681 49820 
3 36009 36425 24361 
3 32959 67002 58187 
3 46103 92825 63744 
3 33654 14432 96629 
3 24954 5652 48513 
3 66431 50025 54507 
3 16749 20573 58432 
3 50060 85386 63364 
3 5993 7323 54542 
3 90636 40131 65099 
3 53290 95869 84255 
3 3789 34297 86028 
3 18797 34803 13377 
3 81807 80032 69213 
3 44194 26217 12598 
3 89469 4019 16467 
3 27783 25556 25816 
3 43451 55439 60082 
3 8601 26490 97805 
3 52708 35939 61009 
3 1892 64954 5122 
3 31433 78223 88792 
3 7637 26503 75994 
3 69832 3199 6146 
3 65297 18673 44238 
3 65286 20458 75775 
3 2896 78286 22623 
3 32378 49089 96811 
3 10103 314 41621 
3 32182 48825 87539 
3 44374 55845 21920 
3 4180 14872 95058 
3 63988 80568 74637 
3 2056 84236 51375 
3 61367 904 5767 
3 9376 7817 72353 
3 1275 47193 71845 
3 95870 62854 25344 
3 42818 66232 48815 
3 85303 89040 94147 
3 35875 18315 11263 
3 91574 14065 42182 
3 60470 69657 11597 
3 22943 19256 98762 
3 88401 26240 38317 
3 30537 66292 90666 
3 27529 45792 38393 
3 66000 35762 75258 
3 3425 82988 69984 
3 62828 45658 3601 
3 76587 27378 34941 
4 75520 51336 56399 93416 
4 39938 21082 37927 72189 
4 50718 36666 34608 30353 
4 3635 95222 22500 74500 
4 82435 5172 50616 66602 
4 77321 28566 96236 38057 
4 44567 79614 98088 22041 
4 77643 95062 92412 98249 
4 62341 41664 56269 44260 
4 3121 56164 34887 43659 
4 33735 56759 12195 55196 
4 1231 86184 66048 51359 
4 10257 10376 19790 1449 
4 16194 50582 23043 17650 
4 99934 35396 93085 35653 
4 5695 69038 87546 26702 
4 79165 45669 89565 70064 
4 47716 95952 11785 35816 
4 78704 92538 30767 33461 
4 97098 56920 86099 84366 
4 44068 84645 84797 73626 
4 21122 20623 31700 95587 
4 6991 85746 87890 6850 
4 73964 75203 47574 28288 
4 36165 80407 3742 27626 
4 86613 56286 12719 86247 
4 83917 21028 35926 52060 
4 72322 35245 33508 21712 
4 49612 86576 47334 35841 
4 37492 27070 15067 80635 
4 77208 61106 68290 49162 
4 99604 32695 11419 22405 
4 53257 82789 48498 27002 
4 61101 7368 70405 42464 
4 12294 57354 23322 10480 
4 51109 69347 53923 95262 
4 77462 53531 14444 25360 
4 61997 27912 2058 97583 
4 75670 64474 64198 19661 
4 11487 92178 91924 11406 
4 11333 87367 72422 66870 
4 16053 15681 47260 82468 
4 19634 33406 67322 70091 
4 80862 36168 76371 81001 
4 59410 99144 26831 6 
4 13556 61909 80288 91955 
4 7219 60892 75469 53674 
4 80705 50677 30205 91510 
4 17658 12606 53084 71553 
4 939 47064 29014 18918 
4 14734 82345 92598 5801 
4 36446 65987 69206 83588 
4 78963 95850 74948 5267 
4 58554 32902 78715 73575 
4 16994 96704 66293 41479 
4 79687 23790 75419 48512 
4 43597 63707 49038 75571 
4 88906 92509 10356 84742 
4 66699 85849 10280 47651 
4 50478 18332 15507 8160 
4 33159 15049 21596 14228 
4 27726 11935 24240 37877 
4 60121 67537 48595 88507 
4 93047 17753 71074 79257 
4 12291 89788 94229 39879 
4 45176 26580 79863 41275 
4 30232 78501 60244 18484 
4 23903 83171 47010 29259 
4 96195 97037 39478 59782 
4 46495 70955 59989 41767 
4 57213 50017 17579 18278 
4 85164 91321 68383 26399 
4 10266 10645 88892 47244 
4 22950 16278 75011 13414 
4 48808 37370 99873 1532 
4 97904 58492 49521 24192 
4 89771 87929 61384 92854 
4 61769 19007 15739 19574 
4 54195 28206 71882 17704 
4 46651 94712 84095 87395 
4 4669 81891 68990 82367 
4 10994 22521 93159 93552 
4 6132 53372 32223 52985 
4 35439 80838 29974 20566 
4 29389 42466 98847 11850 
4 41768 941 96303 22669 
4 17965 5796 42305 66796 
4 69838 73755 83489 19385 
4 98124 73053 25986 46456 
4 60373 98826 24685 51864 
4 72773 77671 62306 90684 
4 29359 33916 35562 33178 
4 93590 42667 2120 64177 
4 98144 397 63746 78644 
4 76870 60443 61806 97370 
4 84270 18433 44734 4419 
4 96665 74185 16757 98530 
4 18259 53940 98120 46132 
4 80425 83702 29561 50519 
4 63119 18694 40229 47086 
4 33298 98659 73756 93354 
4 42539 83553 20894 22201 
4 93963 81851 12386 67520 
4 32661 29751 88968 52059 
4 8949 14081 25544 22808 
4 26961 25387 12799 34519 
4 56 54171 46351 88210 
4 16937 9864 98746 10992 
4 22286 85508 91093 32872 
4 55859 7856 14750 73873 
4 20564 90555 45551 51243 
4 90797 1110 33678 15029 
4 44304 74566 95536 6195 
4 86106 82621 83536 27050 
4 47544 99750 1548 51258 
4 48746 23162 15619 86214 
4 65323 52719 60353 13581 
4 19457 13409 49148 65012 
4 79867 51147 10329 5603 
4 39446 95213 16481 30932 
4 32205 83607 6325 88982 
4 17052 83760 75378 91885 
4 99572 51974 24533 16558 
4 18464 43518 13465 73708 
4 15903 88562 94103 25325 
4 44961 12248 3434 16556 
4 4999 75039 5889 61799 
4 79611 98331 53375 75440 
4 39813 5492 42777 51548 
4 89365 27693 25485 79403 
4 69076 76759 3373 68072 
4 98416 94932 60820 59289 
4 90768 70097 19162 56413 
4 40538 49494 52212 87111 
4 41713 35191 25952 48724 
4 62827 76467 80130 301 
4 70499 15139 40139 20691 
4 60016 74866 20251 89986 
4 29959 5149 27759 65213 
4 95601 90308 95205 69895 
4 54092 18268 89285 55479 
4 45202 72145 59718 69182 
4 42299 89078 7300 31885 
4 28791 89505 68193 6245 
4 54409 85307 88907 74987 
4 87032 53859 50739 22743 
4 56669 17211 20934 8293 
4 41414 16093 97955 48182 
4 3779 53216 12556 68443 
4 36679 37677 36401 13850 
4 46127 74422 72105 43442 
4 64444 43599 77865 18105 
4 91154 30700 42011 66683 
4 64044 39259 29169 20261 
4 84621 86757 3282 94684 
4 68970 94654 86443 25295 
4 7125 76148 3383 42684 
4 99622 47696 71504 94897 
4 26859 57589 2933 94271 
4 45385 21156 54213 578 
4 38606 16752 89042 85470 
4 59857 57610 34569 69158 
4 30554 31948 14622 47590 
4 39728 29952 11721 76134 
4 24729 44359 19058 69424 
4 22 26654 39402 10775 
4 31924 70729 88961 92852 
4 99820 48159 5193 33943 
4 15698 97360 34023 91150 
4 74911 64322 40657 90663 
4 42442 70173 50446 77521 
4 81331 40497 49645 6870 
4 77043 31325 33442 7252 
4 62832 56055 49862 86468 
4 73503 74482 66528 23681 
4 83815 16972 771 3645 
4 95120 1871 17781 32002 
4 68665 5484 74187 79262 
4 76691 23574 36447 23450 
4 75278 81459 66919 603 
4 16208 58267 13195 368 
4 67554 8674 28453 57122 
4 47647 48894 48943 83371 
4 32655 7118 68650 25055 
4 31372 67463 93359 89485 
4 10767 74245 51311 38311 
4 30188 2476 16921 20018 
4 21412 14616 69828 33795 
4 4198 12929 35688 995 
4 19340 73795 60712 2543 
4 38047 39720 23742 9767 
4 19380 17892 76693 78269 
4 36508 72862 32092 51324 
4 78405 67393 28270 59663 
4 49274 3144 79168 90766 
4 88899 21872 3529 44537 
4 4747 12040 77323 17244 
4 28055 8642 95079 61306 
4 63818 74 26342 404 
4 55007 3994 70474 17004 
4 48047 63588 19695 43030 
4 43091 99802 99559 39237 
4 14431 27934 62454 62286 
4 44587 78309 36238 71244 
4 55732 66208 9649 84838 
4 20688 28534 31328 86280 
4 89642 8155 43407 41223 
4 22069 7832 77910 87422 
4 69258 4599 23755 11552 
4 54872 77145 19388 27356 
4 17891 18813 76965 41157 
4 17555 7007 67182 2740 
4 89404 52667 42868 319 
4 84723 77205 94838 8878 
4 13668 91844 9501 52868 
4 73081 11741 55733 39619 
4 26133 69444 62213 41117 
4 40905 47161 62732 36724 
4 7629 29141 63164 59999 
4 15366 3709 11484 27578 
4 47438 45153 83999 36980 
4 64394 62110 55360 46056 
4 429 7233 77837 92875 
4 24535 12118 25350 93855 
4 95500 87759 24274 49478 
4 17875 51674 31057 31773 
4 18311 33867 54719 42942 
4 73828 15901 64078 38984 
4 19078 76482 58386 78125 
4 68479 50605 90441 57934 
4 9195 61119 56707 1215 
4 5729 35673 14555 80492 
4 48086 28010 16546 43967 
4 21982 90457 75182 13905 
4 1759 51916 61358 68242 
4 55371 56329 90689 12816 
4 84620 1867 51426 26850 
4 61936 63236 51229 2430 
4 32266 46975 78352 494 
4 18576 32007 49757 81743 
4 27990 19140 45112 86953 
4 11217 41839 16815 83452 
4 80521 74052 42176 1844 
4 65553 6784 36884 52058 
4 82012 85106 54104 17118 
4 88052 66711 28800 80365 
4 67057 69310 37283 48484 
4 6846 14538 83283 94054 
4 89823 17809 72577 95619 
4 99585 45843 30934 61847 
4 79252 28770 44394 79607 
4 12258 76328 84066 45912 
4 99235 23481 89915 55086 
4 76542 83814 81076 93621 
4 97554 23 77565 91537 
4 27553 31150 84484 671 
4 25097 36497 4794 72063 
4 92912 47275 73696 55085 
4 44486 55792 98499 40945 
4 67065 79601 31283 19526 
4 90303 39180 86641 31489 
4 53412 73633 42916 20043 
4 29502 17681 99896 20074 
4 85349 38506 68577 61652 
4 78674 59172 46303 98768 
4 46695 42946 47786 81198 
4 39211 59595 37154 36771 
4 17596 71002 3244 72893 
4 36249 27813 81157 78736 
4 57390 25007 22319 32687 
4 11716 47439 16425 45612 
4 29511 20187 10353 37462 
4 33687 70682 12685 45873 
4 79965 72490 10380 95397 
4 49293 6473 1889 33317 
4 29284 28349 51443 21767 
4 75187 71095 18767 26125 
4 31946 60413 12187 39269 
4 93127 24409 57842 29840 
4 60737 37455 49446 69637 
4 14233 67022 63292 3925 
4 56004 65736 7119 28419 
4 25891 98358 72057 72894 
4 22067 22588 30859 95878 
4 8157 31349 48568 66503 
4 66146 37619 68297 90774 
4 13234 17940 26447 63066 
4 60811 54922 773 45800 
4 99760 59156 30627 77062 
4 91756 92964 66667 31498 
4 70530 17683 12035 36125 
4 70844 88656 57115 59429 
4 6311 8042 70693 89458 
4 58972 35472 17547 2342 
4 28969 57706 51719 97591 
4 84414 53222 31063 7974 
4 53188 53685 2087 22680 
4 73037 58521 6834 20476 
4 52119 80185 83972 9817 
4 10156 71213 14864 16827 
4 39271 90524 98277 76807 
4 49642 62751 82947 69010 
4 32087 30324 94281 64346 
4 9562 84540 62046 52538 
4 56379 76782 55518 95678 
4 94122 49235 90676 58458 
4 67583 11347 13619 36262 
4 40333 37602 70608 96188 
4 6337 653 62034 9133 
4 55176 76966 83218 77726 
4 56018 57542 1963 90098 
4 5944 75461 94335 11145 
4 26703 35819 26175 24693 
4 78722 75283 48352 11711 
4 49795 38569 18551 26000 
4 22957 66097 55590 17726 
4 24681 80776 16956 24109 
4 90288 98149 66387 24705 
4 90578 53516 38718 92099 
4 64758 55588 99004 19838 
4 54140 39771 72544 5688 
4 93375 6084 33532 28813 
4 92700 55863 34510 97911 
4 1368 90820 51995 25230 
4 64243 20034 45118 11237 
4 3365 45016 5441 19167 
4 92679 31725 68591 15704 
4 82644 60692 77998 55918 
4 53416 92894 40468 82438 
4 70557 95378 54370 38428 
4 57119 53025 15532 30829 
4 70635 6536 80352 89306 
4 67742 47356 90696 63955 
4 57723 30470 35729 61538 
4 25545 29773 94314 79341 
4 6018 97406 25139 35460 
4 97358 46822 30575 52378 
4 54385 51705 11283 60976 
4 87212 4044 41694 96627 
4 50818 71734 55539 69 
4 86448 56362 87892 3841 
4 36609 44506 42643 4223 
4 82220 43994 53056 85170 
4 73856 92989 68380 11483 
4 72423 30025 46234 46624 
4 89445 47316 11027 36364 
4 95547 33760 1232 88367 
4 49961 17407 99382 45231 
4 37738 78225 13505 29483 
4 73875 21549 75663 91896 
4 33698 99562 15728 26544 
4 53403 23564 85318 35810 
4 44126 37713 19114 28181 
4 92190 87672 90910 51389 
4 82903 48233 4054 65416 
4 15495 45768 53008 96086 
4 94074 75343 643 4067 
4 71493 37565 70397 33684 
4 59179 2560 25892 32859 
4 46685 22929 14138 34123 
4 74617 39601 92234 88096 
4 58812 59630 4453 82760 
4 95006 5773 79772 68991 
4 62730 60651 59629 14414 
4 5704 40660 88874 2088 
4 25919 53752 75289 47390 
4 18702 73725 55791 75432 
4 52109 35147 83650 95044 
4 61903 23365 19239 31800 
4 61771 76049 80508 87322 
4 85659 16503 20089 94576 
4 60376 81105 68118 56543 
4 72228 33796 77214 39889 
4 41984 86122 79563 36282 
4 21547 28893 34377 92367 
4 85749 84417 40727 21534 
4 72181 4281 4317 14359 
4 39152 68519 6190 67840 
4 85619 21808 22207 95111 
4 459 42710 91490 65677 
4 53683 97881 22798 57288 
4 58614 88130 11515 95761 
4 55040 15642 4022 83345 
4 32779 96 92701 38355 
4 68016 80901 45735 11560 
4 79704 49789 95882 9645 
4 47321 49743 43253 45690 
4 49625 42041 24553 37043 
4 83056 9020 60836 68108 
4 95639 8261 4995 2750 
4 34594 62744 69298 29028 
4 15822 74609 93224 54959 
4 56108 29129 53476 56845 
4 371 63 67956 40140 
4 54056 5633 40206 7905 
4 49454 83211 17469 14639 
4 56372 40324 24242 70724 
4 4538 67401 74473 93979 
4 59774 28039 95766 15199 
4 3094 78161 35632 3259 
4 70537 96923 40871 14505 
4 95544 29756 55262 96345 
4 41632 59823 79329 23413 
4 40288 97258 88247 55126 
4 99753 30004 70407 12371 
4 78350 39288 6041 32018 
4 39415 54815 96480 65101 
4 22134 55696 36762 52573 
4 87595 1076 93423 56746 
4 21436 5643 35081 85116 
4 19587 2474 56985 75527 
4 16976 59972 13016 73667 
4 29167 6310 84603 93556 
4 68149 17138 33940 19759 
4 95023 68787 37773 88102 
4 74888 66331 81359 70148 
4 40090 24096 21900 11904 
4 38320 72632 88081 519 
4 31986 68604 26054 1370 
4 10657 79167 83276 51766 
4 32422 24321 87423 75307 
4 87698 17028 25694 81556 
4 81497 2433 86537 67037 
4 14145 82966 41051 73348 
4 49529 5609 65287 6790 
4 20134 85677 39536 27573 
4 7783 83745 85420 64174 
4 27388 95437 90801 44501 
4 37021 530 41689 74613 
4 59851 99158 40327 35434 
4 36440 41964 61063 8457 
4 40258 16206 25019 47626 
4 1872 40362 78461 46948 
4 83946 93754 34135 75977 
4 38389 63190 6613 52900 
4 66234 46282 21298 62316 
4 14269 5128 33433 8104 
4 16006 68520 73210 1193 
4 26147 55273 73576 11958 
4 32455 42021 78189 2842 
4 84568 99564 88399 59951 
4 71813 31356 99118 54387 
4 95201 16047 25627 41904 
4 12054 81731 98912 85058 
4 69110 47511 60393 68229 
4 93551 48655 50842 24846 
4 10206 71990 6671 27829 
4 91925 47411 12033 50271 
4 41108 62060 21956 60252 
4 92442 32201 85351 84809 
4 54500 21368 63544 79225 
4 90228 62035 51640 65942 
4 40992 15091 92789 77198 
4 62220 58268 38411 33012 
4 49857 98275 57231 76101 
4 1123 66828 73712 7275 
4 5863 71070 55041 5022 
4 10945 18638 9849 20509 
4 67880 46713 34277 47717 
4 96584 3022 57134 97257 
4 70733 15295 4280 68161 
4 79992 33999 94401 80538 
4 3399 41142 42611 31323 
4 61204 17299 16299 71757 
4 69375 17129 62325 14565 
4 55606 94149 71230 64955 
4 18088 66161 34538 69209 
4 18032 8608 72774 42335 
4 89976 24671 6995 83030 
4 46173 83779 5013 11253 
4 50748 86838 34339 53737 
4 49304 34433 44868 33895 
4 70033 32996 4066 4405 
4 24445 22557 32674 53692 
4 33787 9874 11944 14316 
4 62481 59780 94798 1054 
4 58990 43161 72584 56122 
4 50028 20811 48044 54378 
4 38207 54646 78815 18089 
4 24659 39564 71511 52610 
4 91969 67010 21969 80903 
4 72026 50982 72559 31552 
4 64657 91894 7865 80579 
4 28795 5231 50893 70688 
4 72638 14943 8347 82131 
4 50887 58410 68314 87895 
4 57333 81131 27099 68190 
4 23836 1334 14541 31506 
4 59947 65653 97656 72448 
4 1816 54878 386 89679 
4 83665 36718 85182 67656 
4 69974 83791 7431 4270 
4 75619 32629 79314 3570 
4 66935 1896 50969 77023 
4 73277 6948 64425 39555 
4 19198 36412 46476 12671 
4 79637 12587 7514 68645 
4 95934 36437 44278 8019 
4 99960 97420 65610 50701 
4 59922 69987 93882 84447 
4 22915 71600 12550 6264 
4 82352 68947 41196 76474 
4 39927 97048 2026 65525 
4 42793 74100 17336 27855 
4 66308 61476 68606 18191 
4 97198 27185 92301 81526 
4 49110 86156 70654 2276 
4 17139 64134 51448 77408 
4 87575 54881 78587 87520 
4 69609 43822 18986 92435 
4 39097 16211 21497 54205 
4 43453 17968 9976 2779 
4 18935 18078 82207 23357 
4 39969 53445 55368 52930 
4 78972 63589 41046 85663 
4 99084 31172 58173 92135 
4 28604 78675 55155 55514 
4 5211 16672 15096 51571 
4 70877 17426 24902 29085 
4 89324 86112 41874 90128 
4 39003 61429 94585 77800 
4 335 11322 28730 9517 
4 95560 60530 32850 71192 
4 8117 99181 10453 9624 
4 99648 90351 48129 38458 
4 51145 98165 66241 43919 
4 89967 77419 28884 96150 
4 68049 20718 37242 1459 
4 65303 65375 86230 48495 
4 83006 26526 91817 11519 
4 47738 77017 50857 66134 
4 67894 28147 2172 37968 
4 99780 25239 45181 68124 
4 77177 15562 500 76431 
4 36344 51381 18742 75869 
4 11197 49776 96370 63761 
4 55381 2154 25180 34252 
4 10996 17408 96196 185 
4 93023 92555 1487 47628 
4 19025 62842 45695 82164 
4 73073 99047 41369 9632 
4 98721 71850 35395 41741 
4 36354 28951 95131 41248 
4 7338 32431 24732 56317 
4 63485 59228 6014 88923 
4 71334 48208 42178 910 
4 90770 38628 41090 83850 
4 44259 6493 260 64185 
4 55613 96850 49535 31256 
4 66908 10045 89011 61975 
4 71840 91075 38888 36575 
4 21623 28230 53575 31905 
4 17175 53220 89319 89121 
4 61871 44732 38169 68512 
4 51252 88567 15219 83642 
4 22761 93609 69515 98948 
4 78744 91053 89432 47117 
4 32075 50703 9214 66434 
4 79216 37718 2197 42065 
4 36308 91875 53528 76354 
4 12349 85827 88877 357 
4 63056 71379 74738 43467 
4 65444 48865 83940 21741 
4 13330 92682 12269 34617 
4 74700 73618 2295 51623 
4 92553 21146 97649 2370 
4 53701 23816 23220 7347 
4 88569 21529 2405 29640 
4 14042 47892 39865 59503 
4 58627 73426 66546 38695 
4 39170 54975 20804 16276 
4 15180 87581 86029 6725 
4 55829 63729 4073 59132 
4 40151 22886 85853 37101 
4 26089 41266 29953 19732 
4 77743 897 97438 11873 
4 21434 68886 5883 46162 
4 59517 92347 34318 58624 
4 43466 95993 78512 19458 
4 73983 65713 62199 31983 
4 13872 27638 90422 45311 
4 36132 47159 42568 94552 
4 25616 62651 45624 52939 
4 36051 18277 35067 908 
4 92731 20535 62125 61157 
