1628
2 2406 2618 
2 2181 2130 
2 3641 3120 
2 42 4300 
2 4479 5202 
2 1007 1726 
2 3153 7111 
2 7489 5692 
2 219 3846 
2 2783 3776 
2 600 9195 
2 2456 7092 
2 5438 2188 
2 506 6919 
2 2197 8782 
2 8275 3613 
2 1712 2716 
2 8256 735 
2 1568 1003 
2 4275 5152 
2 8802 1010 
2 401 1621 
2 347 4316 
2 4409 6791 
2 5891 6313 
2 9140 2311 
2 886 4180 
2 996 6199 
2 3467 5070 
2 1986 7697 
2 9065 7251 
2 2736 6704 
2 6149 8456 
2 7357 5922 
2 3062 6508 
2 2916 6500 
2 9784 3914 
2 3656 1745 
2 8187 5304 
2 9066 5249 
2 8605 2663 
2 4658 6490 
2 5785 2448 
2 6517 2186 
2 7159 8107 
2 7229 6803 
2 1087 5965 
2 6671 6925 
2 7837 1961 
2 7081 3155 
2 3841 9864 
2 4182 6560 
2 838 5356 
2 7048 4923 
2 1994 3828 
2 5724 6329 
2 6529 4821 
2 5446 8033 
2 8577 3421 
2 5729 6820 
2 6624 4003 
2 3708 4521 
2 2919 8022 
2 9485 5435 
2 4947 3114 
2 5082 9258 
2 5217 3558 
2 7793 6643 
2 5180 8935 
2 6402 4092 
2 2703 5872 
2 9180 5943 
2 8381 4472 
2 9721 9891 
2 5381 6558 
2 4058 5638 
2 7746 5415 
2 5396 8831 
2 5007 4643 
2 388 1176 
2 2638 9408 
2 4620 9335 
2 599 1673 
2 3171 8322 
2 4940 5947 
2 2689 6893 
2 7321 5319 
2 4897 7066 
2 691 7727 
2 5770 3843 
2 660 8636 
2 7630 721 
2 7402 6930 
2 7701 3569 
2 6648 7823 
2 1136 3189 
2 6812 8054 
2 1309 9477 
2 2048 9321 
2 867 7616 
2 5091 4011 
2 1335 6140 
2 5020 3782 
2 1103 9537 
2 7577 3007 
2 9406 5511 
2 5627 9342 
2 6243 1841 
2 9281 6001 
2 163 2487 
2 3046 4385 
2 6235 1832 
2 1430 5685 
2 7180 8098 
2 6568 2501 
2 2124 2092 
2 9674 6332 
2 1904 5986 
2 2107 4411 
2 1398 1534 
2 3086 6935 
2 992 261 
2 1859 5197 
2 9850 5797 
2 4492 7410 
2 891 2754 
2 4791 4332 
2 2878 429 
2 471 7427 
2 9333 2332 
2 7067 3117 
2 7461 9128 
2 1332 738 
2 5848 9500 
2 1530 6716 
2 1069 1151 
2 982 4911 
2 7986 1081 
2 5362 8756 
2 5189 2871 
2 6021 3138 
2 8150 1606 
2 8504 6773 
2 7671 8030 
2 550 6874 
2 3536 4708 
2 8903 6884 
2 7601 513 
2 257 7304 
2 6469 2254 
2 755 96 
2 5391 3292 
2 4811 463 
2 4853 1172 
2 5144 7064 
2 9568 8506 
2 6967 8587 
2 1164 8719 
2 2601 3227 
2 1650 8820 
2 9045 7190 
2 3675 293 
2 4255 4015 
2 4068 8542 
2 6248 5653 
2 5715 170 
2 6177 5499 
2 4100 1547 
2 373 7777 
2 1367 7459 
2 2879 6639 
2 9049 5272 
2 3478 950 
2 9134 628 
2 934 6759 
2 4895 3377 
2 9577 9815 
2 7998 6859 
2 1999 3077 
2 9969 9123 
2 1698 4133 
2 3875 3803 
2 1537 3398 
2 2687 1801 
2 6752 2585 
2 273 4190 
2 841 7311 
2 9119 4504 
2 7381 3442 
2 327 760 
2 423 2843 
2 5876 1439 
2 6131 5787 
2 5436 7207 
2 9926 2851 
2 731 824 
2 8709 7502 
2 4357 3150 
2 8067 9416 
2 7708 9374 
2 462 9108 
2 3250 9481 
2 9059 1691 
2 5307 4249 
2 7297 6435 
2 2470 141 
2 569 9385 
2 8177 747 
2 3511 8016 
2 3161 947 
2 4703 7268 
2 5207 8121 
2 5621 2541 
2 9573 7479 
2 5873 1683 
2 6048 4282 
2 5047 9853 
2 409 8676 
2 5920 822 
2 1289 7271 
2 1299 3240 
2 7521 1154 
2 7306 3231 
2 1592 509 
2 7183 8502 
2 5693 3003 
2 1569 9726 
2 5551 1008 
2 8157 3131 
2 7288 7123 
2 5119 2529 
2 3587 4576 
2 3677 4827 
2 7957 927 
2 5340 7547 
2 3549 8983 
2 111 6839 
2 8207 8173 
2 4150 1780 
2 6324 6821 
2 4750 5130 
2 1599 2844 
2 4610 417 
2 938 4648 
2 6908 5216 
2 9303 1044 
2 2242 687 
2 9306 7926 
2 5468 6724 
2 3628 4629 
2 5963 9329 
2 3453 2007 
2 1362 6818 
2 5368 2906 
2 9675 6848 
2 3033 9082 
2 9999 3019 
2 1959 8970 
2 2520 9533 
2 7454 4971 
2 2581 164 
2 3067 1833 
2 2196 2430 
2 7949 5855 
2 1876 1669 
2 137 6763 
2 8227 6841 
2 8238 8182 
2 5874 6852 
2 9079 9002 
2 2402 4774 
2 9656 197 
2 606 5309 
2 6795 1485 
2 5927 3665 
2 7354 4375 
2 3410 7835 
2 2382 3595 
2 4429 2987 
2 8521 8409 
2 321 3573 
2 2088 2231 
2 9892 4186 
2 8878 1456 
2 1949 7572 
2 4893 4371 
2 5620 5025 
2 6972 8581 
2 3827 7030 
2 8204 4435 
2 3599 3542 
2 7689 1642 
2 8382 7897 
2 9981 1804 
2 7779 2761 
2 9940 2902 
2 1192 6941 
2 5315 3431 
2 1320 9202 
2 2931 8822 
2 6247 4023 
2 6426 9001 
2 9505 6614 
2 7983 9320 
2 8616 2604 
2 3880 5004 
2 4764 6220 
2 5847 4228 
2 7015 1743 
2 7977 8122 
2 2372 5073 
2 4051 78 
2 205 9977 
2 5902 8537 
2 4184 8003 
2 394 7165 
2 3744 3256 
2 9603 8732 
2 2737 9589 
2 5531 4373 
2 9421 9626 
2 7503 8357 
2 4502 2914 
2 9256 1750 
2 1875 6826 
2 4313 9970 
2 7786 7193 
2 2744 7732 
2 2325 8145 
2 1300 9362 
2 4445 1113 
2 2940 6684 
2 445 4538 
2 4454 8525 
2 3699 3396 
2 4864 4621 
2 9324 2714 
2 3459 9914 
2 9326 4059 
2 9639 1451 
2 538 5630 
2 531 3640 
2 1293 1517 
2 4247 1668 
2 4724 9683 
2 8340 2760 
2 7724 2345 
2 1425 5006 
2 3083 719 
2 6674 9561 
2 4292 6392 
2 1162 2888 
2 1373 2518 
2 6480 8693 
2 4961 5242 
2 4236 8188 
2 9025 3288 
2 1741 6011 
2 8119 7735 
2 8769 8843 
2 9821 8131 
2 3140 2146 
2 1346 9386 
2 2576 6290 
2 2134 2589 
2 4227 3919 
2 7597 8655 
2 7117 5288 
2 6388 1581 
2 9121 2993 
2 7206 2097 
2 6739 7678 
2 1387 4327 
2 6287 181 
2 1009 2682 
2 8835 2771 
2 6582 4312 
2 2662 6246 
2 9473 2907 
2 3284 4263 
2 3604 6817 
2 6805 4839 
2 5799 2973 
2 7195 3830 
2 5250 9296 
2 6384 8361 
2 1630 6651 
2 3355 9897 
2 2373 1310 
2 519 9963 
2 2886 2424 
2 8763 23 
2 6420 4882 
2 7404 9580 
2 8231 2769 
2 9241 4623 
2 6543 3821 
2 3787 4689 
2 2218 2897 
2 617 1378 
2 190 5479 
2 937 5985 
2 3954 4427 
2 9230 5172 
2 7249 8217 
2 9009 1692 
2 6181 1542 
2 1011 6460 
2 8691 722 
2 3805 7430 
2 8696 4702 
2 3903 1533 
2 5537 91 
2 709 4491 
2 4671 8760 
2 4178 8738 
2 4104 4777 
2 5542 6034 
2 9332 7397 
2 9728 1796 
2 8126 4061 
2 70 7898 
2 2979 895 
2 3165 1138 
2 6424 3766 
2 145 2666 
2 4936 3346 
2 9380 9460 
2 7120 6317 
2 4388 5609 
2 4372 2072 
2 2445 3673 
2 1469 4743 
2 6475 8065 
2 8930 7160 
2 4692 3678 
2 593 7879 
2 5296 4453 
2 72 7099 
2 127 5187 
2 8349 9411 
2 6311 9857 
2 6486 6871 
2 4757 7752 
2 9207 3717 
2 4515 8788 
2 965 6396 
2 439 5668 
2 9348 8478 
2 8523 2141 
2 1329 9182 
2 3752 33 
2 2076 6970 
2 6017 59 
2 8535 4966 
2 9191 5021 
2 875 6583 
2 6160 6068 
2 1312 6506 
2 4258 2532 
2 4672 1084 
2 7851 7090 
2 552 2774 
2 6520 1043 
2 3948 4038 
2 3887 4201 
2 4163 1478 
2 9983 224 
2 7862 727 
2 1770 6125 
2 3244 8304 
2 180 3460 
2 4613 6275 
2 7714 5133 
2 7989 3317 
2 1227 4379 
2 7500 231 
2 8803 6363 
2 5088 3980 
2 5209 7388 
2 804 7382 
2 1076 4841 
2 2365 4302 
2 8650 2416 
2 8246 6505 
2 8370 3576 
2 140 1106 
2 5282 9310 
2 138 9779 
2 1696 9703 
2 1385 9493 
2 3310 1874 
2 8761 7841 
2 4862 7442 
2 1 3037 
2 7232 8955 
2 4809 6813 
2 6294 9285 
2 9099 4553 
2 6374 2348 
2 5526 2385 
2 8690 54 
2 3956 5705 
2 3774 3981 
3 726 2877 8967 
3 6562 233 6870 
3 4735 8309 6145 
3 6661 2420 2811 
3 3324 8175 5635 
3 7501 6259 9471 
3 1777 936 3515 
3 2096 1815 1813 
3 5048 3510 7211 
3 6669 4366 3425 
3 4696 8475 6327 
3 9495 2631 6705 
3 7203 2248 5962 
3 2852 6278 2318 
3 1350 9813 8548 
3 8880 5115 6064 
3 1304 5122 5994 
3 8230 4311 2087 
3 7370 8461 3911 
3 6289 2247 1662 
3 8192 5464 1803 
3 2021 1457 2042 
3 9737 7848 8406 
3 1166 7707 2059 
3 2483 1295 3330 
3 2417 6770 1223 
3 2526 9139 3556 
3 882 5046 5911 
3 5087 239 6223 
3 4607 399 9229 
3 8991 944 7185 
3 263 8590 2998 
3 5508 3860 6237 
3 6376 9729 5602 
3 4992 1501 1584 
3 309 4858 468 
3 1587 7987 5687 
3 8811 60 517 
3 8337 199 5040 
3 2508 8075 3319 
3 6451 40 2401 
3 6682 9504 7773 
3 8613 9635 6677 
3 3360 7469 4369 
3 6663 6281 6393 
3 3354 7581 9591 
3 1031 2956 4398 
3 5544 2179 3135 
3 8852 6297 5456 
3 9641 6083 2296 
3 8193 9840 6787 
3 2696 1720 4669 
3 6000 904 8631 
3 8152 693 3820 
3 1463 3892 2782 
3 4775 6591 2831 
3 7644 6564 9377 
3 7024 6238 8889 
3 7254 2361 81 
3 6802 546 8439 
3 1308 7922 8043 
3 3335 2953 5258 
3 9523 564 6061 
3 4231 3868 5886 
3 3814 9938 5475 
3 8186 6465 1296 
3 413 1561 6492 
3 9723 2205 4667 
3 9852 6094 5564 
3 8552 339 2000 
3 4004 4548 6315 
3 9449 8541 8610 
3 1450 8129 7417 
3 8578 9769 3352 
3 2680 9244 7367 
3 4196 9538 773 
3 4683 5830 622 
3 9755 9562 9532 
3 5901 6069 2481 
3 1702 256 4659 
3 4900 651 7287 
3 890 4002 1541 
3 6846 156 482 
3 2051 6173 7984 
3 1122 9766 520 
3 3598 5879 2162 
3 4386 1557 3740 
3 1229 4487 7040 
3 2842 8008 9559 
3 6790 38 3835 
3 4198 8753 6084 
3 6417 4422 8308 
3 4644 3074 305 
3 4394 1585 3582 
3 8681 7419 8332 
3 801 9235 9810 
3 4113 4307 4730 
3 664 8723 5841 
3 2918 6712 421 
3 1134 6665 9111 
3 2607 2495 3369 
3 474 6006 2055 
3 8497 4141 688 
3 6411 3963 1985 
3 1652 7345 7458 
3 350 1817 7749 
3 785 8942 4126 
3 7409 3634 3481 
3 3993 7153 7608 
3 7163 2175 4721 
3 7585 9141 9103 
3 6627 6478 7726 
3 5101 159 3495 
3 6837 2867 845 
3 9378 4077 2718 
3 8073 4967 1983 
3 9665 6996 2429 
3 9007 1339 7990 
3 3069 8224 9439 
3 8680 819 6387 
3 9997 4420 4022 
3 9491 1694 202 
3 648 9502 9770 
3 6428 8678 2781 
3 9964 2224 2559 
3 1955 4573 3639 
3 221 8195 5875 
3 8487 6121 9387 
3 4305 8633 5158 
3 9410 1536 1586 
3 6625 2446 3794 
3 1110 4404 3290 
3 4241 3983 2066 
3 8154 3837 9637 
3 6305 7266 105 
3 7665 5376 4050 
3 2845 1244 3907 
3 6161 6850 6178 
3 5554 5041 9293 
3 4901 758 3765 
3 1285 5036 2015 
3 5442 7698 9419 
3 3816 3230 3002 
3 3194 5749 3716 
3 2383 4715 3625 
3 3224 2319 6263 
3 840 9753 6255 
3 7840 1675 4203 
3 2869 3610 3208 
3 9649 7176 5740 
3 8913 4264 8486 
3 1181 8178 5987 
3 1962 2588 6322 
3 1326 9397 7930 
3 9565 8259 2793 
3 9260 4535 5287 
3 6491 2579 6590 
3 7980 4416 9063 
3 7896 1550 8203 
3 8355 8579 3852 
3 1130 4739 2308 
3 8087 1646 6722 
3 1656 6473 9169 
3 7200 246 4924 
3 9213 9955 9060 
3 2632 8583 603 
3 1482 3018 3397 
3 8387 39 6136 
3 9100 5483 6132 
3 3698 4063 7405 
3 3605 1497 433 
3 9522 6233 6760 
3 2537 1393 948 
3 3693 5035 4476 
3 3662 661 7376 
3 2265 8968 167 
3 5488 7849 6503 
3 3479 6513 1364 
3 6905 3534 5465 
3 6296 4666 8414 
3 8857 5939 4020 
3 1287 7365 8534 
3 6041 6103 7113 
3 8272 5788 4765 
3 5420 8524 1397 
3 8990 8327 5116 
3 3760 8872 2596 
3 1315 8740 5211 
3 3694 7337 5575 
3 4972 9361 325 
3 5991 9104 1686 
3 2894 3233 7767 
3 6876 2900 8025 
3 3747 2792 4815 
3 8825 9540 9653 
3 7259 2284 7761 
3 8734 3733 3420 
3 8567 6405 6321 
3 7887 2163 136 
3 6868 6987 4174 
3 2623 6923 8516 
3 5548 1396 5937 
3 1893 1968 1601 
3 4451 3525 8912 
3 9435 4941 1343 
3 7527 5353 5669 
3 1194 5127 4085 
3 5938 5027 3855 
3 9548 3262 514 
3 7364 6891 8422 
3 2239 6150 1824 
3 4377 5538 8848 
3 6956 6617 7556 
3 4471 9088 842 
3 4041 1210 9995 
3 8201 8508 5624 
3 3126 4594 5665 
3 9031 7377 2166 
3 5593 7623 6985 
3 3308 5674 4997 
3 7224 565 6699 
3 4145 2357 7690 
3 3742 9968 6226 
3 3156 4549 2098 
3 7891 5555 2027 
3 2245 4539 6998 
3 1168 6138 1844 
3 8563 5852 9822 
3 7291 3470 6580 
3 9614 7391 790 
3 7455 6210 8112 
3 2310 6907 2669 
3 7173 9497 6174 
3 2850 1449 7400 
3 5257 172 2699 
3 4440 1305 2660 
3 5179 7013 512 
3 435 6282 613 
3 530 9607 7386 
3 8365 5820 2510 
3 8533 1017 1886 
3 5278 3642 2739 
3 7670 2597 7536 
3 2339 6937 3503 
3 4324 881 329 
3 4322 1761 9490 
3 2658 1135 8932 
3 5015 9005 6933 
3 6432 9125 3439 
3 3075 2398 623 
3 1264 9465 9255 
3 1742 3672 8712 
3 1651 9050 4224 
3 8319 1709 4785 
3 4800 316 2969 
3 9762 5961 9437 
3 8346 8949 6620 
3 9447 1062 2083 
3 8892 9346 2302 
3 7589 3235 5690 
3 807 3706 3059 
3 4585 3866 9679 
3 7262 2389 1814 
3 220 9038 2941 
3 7520 396 9074 
3 240 8359 5163 
3 6365 6055 8312 
3 3746 6049 7484 
3 3979 7282 7861 
3 8651 9454 5881 
3 2306 4888 5765 
3 7582 7522 230 
3 3469 6476 2798 
3 1942 2335 5663 
3 5090 2283 238 
3 4046 2514 8944 
3 3162 615 312 
3 6092 7281 6415 
3 5447 1576 8027 
3 9250 8553 2535 
3 9106 5138 2655 
3 5652 5887 5193 
3 131 5120 3657 
3 3762 185 8879 
3 5136 4530 8078 
3 8635 6375 6483 
3 7379 2713 8996 
3 5198 803 1928 
3 8664 7663 8172 
3 7112 5103 4049 
3 1764 289 3671 
3 8626 8495 9791 
3 322 8093 9168 
3 4438 2599 1911 
3 7042 9155 4889 
3 4787 5707 2338 
3 7815 1615 6225 
3 7968 8606 542 
3 4392 7446 9949 
3 9887 186 6757 
3 572 8573 3432 
3 4056 8704 4965 
3 241 1830 3999 
3 8388 7744 4790 
3 1412 2708 5869 
3 4001 5140 5769 
3 1608 8047 8419 
3 1614 6339 8482 
3 2554 4624 9792 
3 9478 8618 3910 
3 7248 237 3780 
3 6171 2090 8586 
3 4814 7332 680 
3 1200 1735 7541 
3 1406 590 1713 
3 6229 9878 7904 
3 8823 7962 3514 
3 8564 493 8079 
3 2154 7034 4866 
3 9313 6227 1924 
3 9252 8887 8924 
3 670 7339 7795 
3 358 3561 2414 
3 2862 8530 7677 
3 2884 3446 1109 
3 1224 2395 8695 
3 3658 596 6481 
3 5659 2291 3264 
3 8463 5421 9354 
3 1786 786 7398 
3 6485 3819 583 
3 5219 2908 4586 
3 810 5078 1370 
3 3254 1458 3861 
3 8285 1791 188 
3 4021 7124 5753 
3 6546 2764 7652 
3 5033 5003 2128 
3 529 7277 1934 
3 5772 6448 2923 
3 1201 2095 9557 
3 6440 962 2215 
3 6039 3030 7348 
3 3667 4246 1607 
3 426 9253 7595 
3 4395 6653 6788 
3 2062 1400 7622 
3 8371 8842 9322 
3 692 4537 8592 
3 6273 1782 6676 
3 3906 9699 2427 
3 1325 5123 1391 
3 5506 7244 7741 
3 8455 5066 1860 
3 504 6302 7725 
3 3386 3436 3580 
3 5849 9498 6198 
3 9519 5993 7075 
3 9475 524 9470 
3 9054 5711 5744 
3 7329 6749 6709 
3 9432 8520 3516 
3 6701 1075 7963 
3 6245 6783 6785 
3 9424 2337 9937 
3 2333 4218 1918 
3 7770 3119 3309 
3 8174 1706 1175 
3 4161 4994 2567 
3 8136 9701 8607 
3 3149 6189 7390 
3 4902 1848 4132 
3 7496 2688 9302 
3 3038 8015 1577 
3 847 2602 1046 
3 2299 447 1211 
3 3513 9799 2571 
3 4948 5924 4448 
3 1954 4191 3618 
3 2465 7346 3167 
3 5906 969 3881 
3 5718 3251 7920 
3 3006 8179 7230 
3 793 3930 5844 
3 6081 608 1051 
3 3888 1163 8029 
3 4383 9567 3204 
3 5501 75 8099 
3 8844 218 406 
3 458 6236 1933 
3 5957 4921 2705 
3 5731 4894 3305 
3 3418 7843 3164 
3 7383 9837 3959 
3 6642 668 2981 
3 8135 354 4376 
3 176 5038 5755 
3 9044 7179 5532 
3 4497 2612 6635 
3 4032 1724 3653 
3 5145 9692 9620 
3 2235 8329 6691 
3 470 1728 9979 
3 1838 9785 5408 
3 191 8568 3863 
3 8109 4483 3749 
3 3106 4674 7413 
3 7688 9895 375 
3 8009 5694 7628 
3 9193 9117 7483 
3 1563 2378 1089 
3 4943 5824 2881 
3 5372 629 7325 
3 6418 9660 7833 
3 1390 902 7796 
3 55 8745 7238 
3 6771 635 4953 
3 492 7252 2393 
3 8940 5978 9390 
3 4616 6729 6606 
3 9966 9232 3696 
3 6437 9301 6801 
3 9175 3617 8318 
3 3649 3200 4381 
3 5606 8646 9275 
3 5631 9096 7242 
3 5864 9222 9438 
3 7080 9797 8191 
3 258 9358 8206 
3 5745 1812 5880 
3 5457 9109 6412 
3 6456 4106 3908 
3 4918 3616 806 
3 7 4580 1846 
3 1899 6271 6253 
3 3370 4555 4254 
3 1854 8665 7460 
3 6838 4459 8213 
3 3518 7538 5704 
3 4646 2853 1464 
3 2355 5591 10 
3 5786 6632 2068 
3 3347 7982 8379 
3 5923 9733 7568 
3 9340 2452 9272 
3 1462 3121 4640 
3 1177 7094 3666 
3 9704 3287 481 
3 8897 3101 6331 
3 1218 5710 7450 
3 7360 7280 6576 
3 9073 7058 6561 
3 4954 3079 7640 
3 6312 2074 3652 
3 8315 577 7943 
3 8969 1973 770 
3 8142 1424 7443 
3 2719 9083 570 
3 6073 6542 2628 
3 6433 6875 6978 
3 6592 275 7912 
3 473 9501 2958 
3 7709 1394 1226 
3 5865 8637 6035 
3 3945 9798 5541 
3 3375 204 2873 
3 5814 1348 3686 
3 8731 8941 4103 
3 2410 4773 5262 
3 1905 87 7635 
3 4745 2450 1095 
3 8674 2030 7632 
3 4079 2753 6400 
3 4391 1105 5008 
3 7070 7077 9006 
3 2315 6095 3142 
3 7101 3180 1503 
3 2646 345 8038 
3 9201 6545 3234 
3 6190 558 28 
3 384 2962 4847 
3 8657 9341 2584 
3 1098 1004 761 
3 7674 6567 3206 
3 1064 7543 9672 
3 5379 4886 534 
3 4439 5269 9690 
3 1704 415 8089 
3 2615 7560 4036 
3 8908 3454 4660 
3 821 1790 7718 
3 8876 7769 4780 
3 5244 2507 1620 
3 6897 352 5214 
3 1938 2777 440 
3 3546 5540 839 
3 8873 3294 203 
3 8184 7618 2034 
3 2227 364 5487 
3 1437 1625 4748 
3 4289 7310 9319 
3 4533 276 5970 
3 5746 9462 3051 
3 3091 8464 3801 
3 7322 9556 478 
3 8938 9806 9370 
3 3464 2375 6865 
3 9015 1333 8989 
3 360 9211 7236 
3 791 3502 9564 
3 3773 43 4618 
3 419 7704 340 
3 5846 4687 4554 
3 7657 2285 98 
3 7138 2511 9998 
3 9664 8123 3685 
3 2089 9154 3364 
3 4215 5387 9962 
3 3817 1124 896 
3 7820 85 2177 
3 2593 3946 5611 
3 4650 828 4016 
3 826 4999 109 
3 5424 8289 9608 
3 4140 4677 921 
3 8608 8902 2600 
3 6051 518 5759 
3 9251 64 5359 
3 4129 8378 9775 
3 2018 2801 2786 
3 4169 8247 6005 
3 169 7511 2829 
3 1681 6637 7997 
3 3535 8781 7894 
3 9398 6981 9318 
3 2937 8519 6572 
3 6754 4267 3736 
3 4679 1363 9542 
3 2578 5357 9618 
4 9152 4514 5009 8654 
4 3438 6525 6416 106 
4 7915 6231 3970 5449 
4 7439 6091 5688 8418 
4 5798 4310 5573 8828 
4 8440 3344 8960 3055 
4 3568 5868 8692 1415 
4 3173 496 5467 6786 
4 4122 1744 3575 8617 
4 6434 5169 2073 4209 
4 5562 8326 8338 3434 
4 6656 9894 9809 3728 
4 6853 9826 4035 5929 
4 7506 3202 5477 6573 
4 7870 1020 8864 3994 
4 1535 772 893 4842 
4 4633 3385 5709 3854 
4 6680 3681 9689 100 
4 6778 3447 7702 4426 
4 5110 4200 3389 5817 
4 8717 1544 1752 8091 
4 6274 7621 6047 9621 
4 418 2232 7636 9277 
4 7872 6268 6901 8031 
4 9838 2323 9669 4547 
4 9223 7212 8276 5998 
4 9990 9431 8018 5795 
4 7945 9904 1927 319 
4 1356 9984 1443 1527 
4 3842 9165 1937 3726 
4 3559 967 5622 5451 
4 5618 5563 5597 8724 
4 3723 8601 2230 7683 
4 2363 6849 6986 8449 
4 6066 9693 2320 2625 
4 2376 1006 2004 8808 
4 1399 3785 602 1566 
4 6038 2312 8619 4567 
4 4981 8249 5747 2775 
4 620 3879 8566 2611 
4 1703 3215 2462 3351 
4 3109 7599 6146 5558 
4 4546 6319 5190 4912 
4 9307 1589 9794 1237 
4 6825 7664 3488 5231 
4 5777 4482 4550 1059 
4 4400 8110 4112 4240 
4 4577 9676 9919 5053 
4 9633 9929 1444 1369 
4 4542 9198 3255 1365 
4 7514 243 467 7056 
4 6493 9147 1381 8321 
4 1884 5725 8882 4076 
4 5896 2437 6266 717 
4 5898 7462 7908 1778 
4 9808 3303 9107 3626 
4 6443 5089 132 7584 
4 5450 5588 4989 8151 
4 302 8937 9707 876 
4 4898 8396 3318 1618 
4 4829 9177 4235 3076 
4 6952 1306 1635 4206 
4 5813 5808 475 9356 
4 2651 5285 1754 578 
4 4657 7318 3463 4008 
4 5201 8376 8070 5539 
4 1484 3466 4433 5894 
4 8509 5206 296 5129 
4 6380 1883 1269 9849 
4 4234 9741 3944 1086 
4 6613 4269 2863 3474 
4 9352 4637 7745 1281 
4 8596 2598 3539 324 
4 3702 9756 6920 6209 
4 6425 4917 5964 1338 
4 4176 5909 395 7978 
4 5013 6566 2652 7344 
4 4968 5757 1769 6657 
4 7240 8580 8209 3990 
4 7554 76 6977 5885 
4 6534 8493 7660 7600 
4 5701 7604 1128 6641 
4 269 7316 5958 6474 
4 7743 8144 8063 290 
4 1540 7754 7721 5933 
4 250 3834 7909 8001 
4 3620 1203 7326 315 
4 8216 7924 2160 9828 
4 9102 7191 7776 144 
4 6202 498 999 1345 
4 3732 6080 4871 4244 
4 5439 874 5031 5393 
4 5298 3039 227 125 
4 681 1789 4614 3898 
4 9586 8909 4805 1525 
4 3186 2263 8662 8362 
4 3145 8159 249 2540 
4 8141 4812 9868 6751 
4 809 9944 4891 2729 
4 2876 2258 4225 4543 
4 8777 966 1948 8260 
4 5733 4725 3825 8064 
4 9291 532 6032 4296 
4 8532 6104 9833 7878 
4 4511 8086 1705 9455 
4 2394 5413 8959 1653 
4 7794 314 1775 3049 
4 9545 2341 9509 5267 
4 525 4402 6966 1487 
4 2533 4350 2110 5039 
4 3497 2170 2153 4734 
4 868 3472 5900 7143 
4 2404 2360 9246 3295 
4 1610 9875 9953 9615 
4 3915 8971 9363 7736 
4 9136 7598 6664 4277 
4 9051 9854 5646 9186 
4 9266 1629 4256 6906 
4 1645 607 1604 17 
4 1407 90 7964 8350 
4 1049 3899 9405 9673 
4 6526 774 7011 5945 
4 476 4816 6593 7590 
4 3312 5613 7401 8812 
4 5045 9503 9921 6678 
4 3871 3456 9228 5220 
4 4710 8775 8480 6464 
4 4088 1509 1798 7342 
4 6258 2822 1776 126 
4 9127 1472 9630 1250 
4 5722 2023 4108 9110 
4 8280 7850 3942 925 
4 8410 2659 1609 2309 
4 4268 430 2114 7836 
4 5708 8682 158 7921 
4 2403 6530 4220 3872 
4 5810 8737 9948 6462 
4 6600 330 7039 48 
4 4043 8629 5109 2236 
4 6753 4768 1783 4348 
4 5719 53 291 8669 
4 2234 3260 5234 5276 
4 5656 8017 5490 4450 
4 4755 9041 7751 3602 
4 1052 6523 5410 6272 
4 2190 3882 9236 3519 
4 6361 1198 4848 6745 
4 9805 4909 1816 2854 
4 9761 4359 9771 8766 
4 9039 2765 6167 7695 
4 6862 4910 8293 3286 
4 9924 3045 6728 5429 
4 4513 2329 4575 901 
4 1660 5320 1235 6586 
4 1647 4037 5453 5482 
4 6823 9496 633 7003 
4 4421 3676 9600 9777 
4 712 7044 8242 2960 
4 6718 941 8644 4582 
4 5812 2880 8496 576 
4 2551 8773 8501 226 
4 2447 3094 1502 5022 
4 367 3532 7223 7294 
4 3738 5481 7457 3267 
4 9124 6452 6087 6713 
4 2441 5916 7079 2189 
4 2480 6261 1349 9862 
4 4139 1640 8042 1719 
4 6156 9469 2261 8555 
4 1593 5956 1189 5239 
4 3622 1730 1419 6761 
4 9873 2200 3600 489 
4 5758 3211 6552 4360 
4 4793 4382 4177 7832 
4 166 8062 3606 6340 
4 998 7907 4752 2949 
4 1900 7899 8021 8048 
4 311 7196 9834 2328 
4 2819 9724 8085 2671 
4 8905 6501 3809 6681 
4 7199 2421 9466 8715 
4 7215 1806 3856 4437 
4 6719 1633 8214 4969 
4 9184 6563 5679 4259 
4 4870 8661 9245 4248 
4 4638 1071 659 4503 
4 8554 1057 4461 5888 
4 6352 228 8459 9863 
4 5942 1575 4559 3531 
4 9745 8779 2925 8069 
4 1797 990 376 2213 
4 8896 9906 6945 8290 
4 2560 7774 3719 115 
4 6119 5425 3013 9835 
4 6855 3107 7946 1193 
4 1908 3243 9581 2286 
4 7669 6286 1413 3061 
4 1418 3874 7578 9524 
4 7432 6514 6180 459 
4 1891 8643 1678 344 
4 2226 7739 1207 4922 
4 9115 8858 3229 3929 
4 5863 8428 2342 8116 
4 8774 931 7333 1988 
4 5351 6330 2005 2326 
4 4562 6888 7375 6194 
4 449 6781 7548 3130 
4 5253 5403 2621 8023 
4 8014 7246 5851 5634 
4 9037 4908 7313 6938 
4 1520 6348 7119 9685 
4 781 3724 6741 3193 
4 6466 3379 2412 8976 
4 6458 298 3524 5586 
4 8433 1190 1619 9434 
4 1455 5992 3493 3853 
4 7394 8900 4081 8874 
4 7540 6471 8752 8101 
4 8297 5735 7471 9393 
4 9918 7418 8622 2256 
4 4762 2061 7703 9928 
4 523 5338 3408 7826 
4 438 4544 7239 9625 
4 2686 7055 7733 320 
4 4776 2763 6847 729 
4 2065 7781 2208 7819 
4 5023 6844 308 6611 
4 7020 9035 6570 2865 
4 3988 8926 6628 6053 
4 7198 3997 9667 200 
4 331 6122 1767 8730 
4 853 5811 7019 8920 
4 9795 192 6111 266 
4 8980 5518 4480 112 
4 2267 7951 8436 4285 
4 6335 4010 8826 7085 
4 8160 5751 4860 3169 
4 1708 4634 920 7408 
4 8330 5259 6629 1977 
4 6459 7654 3210 1101 
4 1127 8790 1204 783 
4 3390 5167 455 4431 
4 8551 2545 2390 1872 
4 9748 2246 7812 7942 
4 6007 2724 1496 6310 
4 4914 5255 8638 5062 
4 1171 4370 318 3756 
4 4024 5678 9305 1322 
4 6939 2751 8171 5052 
4 8115 2255 5377 2675 
4 3974 5603 4617 2220 
4 2543 4149 3402 9249 
4 1910 9927 4824 7570 
4 6115 7784 5342 3543 
4 326 270 9328 7378 
4 3129 1488 7504 287 
4 4561 8885 6024 7134 
4 1943 1123 2872 6143 
4 4481 8861 8653 1917 
4 6714 9499 1426 9640 
4 6794 2898 3889 7219 
4 6595 9802 1572 707 
4 1785 2679 6969 2519 
4 1078 4346 8729 3275 
4 2848 2610 4057 9047 
4 7478 3608 7992 708 
4 2809 9205 3403 7010 
4 5516 7156 5981 4727 
4 3034 9605 8634 4693 
4 7869 2032 9383 914 
4 6117 1700 9876 7166 
4 4082 5850 2522 2913 
4 3157 2031 6605 104 
4 8295 686 6652 7495 
4 6045 7285 3176 6689 
4 9869 9909 6016 8450 
4 51 2921 8965 365 
4 4556 7528 9860 3962 
4 6100 4759 7470 7317 
4 581 4328 619 2330 
4 6654 9740 288 9215 
4 7021 3476 8398 8166 
4 2676 6280 732 2992 
4 5512 1697 8934 8698 
4 955 6544 2171 9395 
4 1690 3248 1856 2752 
4 9884 8727 9091 1881 
4 7007 4084 7658 9604 
4 3767 6113 3123 4892 
4 5322 1989 3482 5380 
4 1144 8794 5310 480 
4 9582 2449 8697 6074 
4 2563 4600 2892 7766 
4 6694 8437 5344 1839 
4 4904 4446 9654 9744 
4 2387 2994 154 7553 
4 3486 9415 4488 4155 
4 2217 277 9 6973 
4 3480 1099 3362 5739 
4 3795 2756 9046 5569 
4 5412 2978 7881 7078 
4 6990 6109 9515 8757 
4 9517 6917 7074 8571 
4 7363 8444 2274 8411 
4 4274 3392 5859 2808 
4 4837 5699 8169 2693 
4 9994 5999 7720 5215 
4 2191 3088 8997 2582 
4 1560 9780 1725 6022 
4 5373 5494 2591 5623 
4 5567 7452 6578 2249 
4 2497 6934 8895 6242 
4 9428 8237 2047 5240 
4 700 6030 5326 4456 
4 7523 3388 6596 5589 
4 1850 2206 6096 6112 
4 6723 4599 1316 5072 
4 7002 4226 3304 3452 
4 6764 1446 7296 765 
4 6353 2776 3299 710 
4 2003 528 9061 2968 
4 334 2168 8531 953 
4 3992 1470 1258 4101 
4 2935 1733 3806 2458 
4 1428 2028 2340 9736 
4 2157 9189 6217 6252 
4 4214 210 1079 7127 
4 1324 4093 9094 2661 
4 9231 3249 4083 5583 
4 9412 6062 9933 556 
4 5303 9126 3178 2836 
4 1722 8863 6215 6429 
4 669 14 8951 903 
4 9702 2381 2369 7545 
4 381 8215 594 3563 
4 3894 8574 6522 1549 
4 959 9087 8814 6323 
4 2702 5598 4017 6721 
4 873 61 1215 5721 
4 3579 7265 7423 4358 
4 3976 7334 1486 2740 
4 4747 1514 4293 3631 
4 3688 4232 8611 2726 
4 4779 3483 9143 4798 
4 4349 4630 3092 7073 
4 485 2094 7839 6158 
4 7710 2710 7184 6984 
4 7681 4869 7631 1282 
4 1366 8891 8045 5904 
4 849 1515 7931 9632 
4 4988 2104 5528 3118 
4 5774 6207 9021 2052 
4 5174 5497 7222 4518 
4 4751 4478 9174 8313 
4 5905 3111 748 4681 
4 3627 1819 6267 9159 
4 674 5341 1731 3593 
4 879 5313 7895 207 
4 9425 1551 2426 7575 
4 4526 6020 3266 5913 
4 9844 2305 4466 6557 
4 6512 3603 1748 3238 
4 8050 7642 2701 662 
4 2645 7275 5776 1617 
4 3100 2627 7747 1574 
4 5314 2477 7557 4130 
4 1784 9036 8325 5577 
4 9309 543 6071 6693 
4 7890 4509 6685 6730 
4 5514 2795 4208 3961 
4 7583 2212 2785 7544 
4 8412 5495 5706 9199 
4 4740 3163 3078 5192 
4 2359 7667 7965 9004 
4 8221 8040 9178 8667 
4 6291 9670 1870 4351 
4 2063 555 9946 9526 
4 7371 2460 2344 5196 
4 8652 9312 9402 3329 
4 4729 831 1500 3152 
4 1256 7267 9629 4598 
4 6647 6619 4331 9923 
4 5414 3909 6098 196 
4 3087 5834 5203 7948 
4 2049 2167 1283 5251 
4 3517 6655 5726 1716 
4 856 6911 7437 2673 
4 8426 1072 8261 2989 
4 5156 4771 4424 3501 
4 2613 2789 1727 5151 
4 2657 9688 5443 815 
4 235 4622 3884 1002 
4 6046 5728 8300 497 
4 1969 7050 3592 4726 
4 1174 372 3489 1267 
4 640 7257 1359 6057 
4 4601 8853 7494 1065 
4 8483 1233 6043 9908 
4 4168 1160 870 465 
4 332 9075 6200 5426 
4 3041 7314 779 5452 
4 3913 7561 8279 7089 
4 4115 7148 6845 2046 
4 3494 5910 1410 1420 
4 2690 3633 3462 857 
4 2415 9373 630 4449 
4 6961 4018 7243 9379 
4 2568 2516 2407 1379 
4 5459 8588 5400 6285 
4 9445 5503 8432 2648 
4 6886 8397 6942 2253 
4 4239 8511 1729 6309 
4 3682 2029 4197 782 
4 713 1768 7001 9820 
4 6306 5054 9271 1802 
4 545 4695 9040 4303 
4 5277 3933 7954 2665 
4 5485 4931 9334 6423 
4 9617 2043 5640 6599 
4 6488 4738 1021 4551 
4 6472 116 4432 3966 
4 4536 9337 4896 2474 
4 6334 5502 7918 4655 
4 5222 3770 8056 954 
4 6144 2816 9510 1853 
4 3498 8373 4675 7368 
4 1417 5354 4251 1739 
4 5967 4951 4843 6696 
4 3935 916 3000 7614 
4 7763 4414 8851 3416 
4 2182 3297 428 5915 
4 5360 2457 8225 9650 
4 8360 8805 975 2238 
4 6687 9651 4170 2125 
4 3779 4719 286 6013 
4 133 5484 1738 9782 
4 4647 624 7142 3134 
4 8347 5378 8202 859 
4 2425 271 3904 646 
4 1471 5248 8810 1209 
4 4147 8393 3325 6835 
4 4131 3015 2109 3259 
4 4964 5433 3900 9011 
4 9458 1490 7372 4318 
4 2116 1139 1303 7272 
4 5803 9187 9743 9444 
4 4222 3217 1966 3082 
4 1402 2084 4380 8267 
4 4477 1799 2549 2396 
4 1737 2835 252 861 
4 4566 297 9242 3444 
4 6743 5064 9925 2392 
4 1222 8628 8922 4064 
4 2093 7114 4563 4192 
4 8562 2409 3711 4094 
4 5683 6014 9268 3012 
4 1935 6686 3085 6931 
4 251 342 6873 1665 
4 7434 843 1294 8856 
4 2773 7106 6213 3042 
4 7276 5155 1926 4223 
4 3136 9472 2815 704 
4 4668 6584 5274 932 
4 7857 1843 1952 5191 
4 5208 4151 3159 9734 
4 1539 6672 1357 9166 
4 6086 3443 588 7221 
4 9344 2909 6889 9225 
4 73 8006 8750 7692 
4 591 5941 2997 852 
4 3674 7609 1234 9705 
4 5199 8181 4087 1837 
4 391 1956 4565 9967 
4 7783 444 5365 3833 
4 9681 536 5816 1102 
4 8713 5930 5590 5545 
4 4045 825 3615 9414 
4 4152 4270 3368 5670 
4 4982 1552 699 8342 
4 4362 5284 4950 1048 
4 7513 7449 7958 830 
4 8982 7152 3553 7529 
4 9686 1252 1862 5086 
4 6842 5394 8168 9774 
4 1580 9714 4792 99 
4 8423 9409 12 7788 
4 5406 740 6989 4840 
4 7822 3739 6191 9512 
4 2303 9158 1392 8569 
4 695 8199 3056 5951 
4 5796 9359 3261 6798 
4 8328 4855 5405 8556 
4 9599 5773 9768 5312 
4 4720 3508 6916 8005 
4 5658 4055 8868 3024 
4 1436 7309 4690 6536 
4 5114 68 5260 958 
4 1903 4475 5840 4919 
4 7534 3315 356 3741 
4 1864 3343 3191 4878 
4 3771 3798 6959 5996 
4 5263 2534 1241 383 
4 4221 3849 7979 3594 
4 3635 8372 6008 946 
4 6531 6840 8012 3808 
4 1845 9376 7017 9671 
4 778 1757 798 3937 
4 8401 1411 5068 2861 
4 9259 56 1129 5011 
4 8197 9817 1195 3010 
4 4308 9739 5857 5478 
4 2273 7061 1958 6165 
4 3144 4794 1331 1032 
4 9778 4653 1913 4818 
4 910 7467 6516 4396 
4 6951 5716 3831 4325 
4 4073 9716 427 752 
4 551 8306 1240 9706 
4 5350 6733 2211 6116 
4 1895 139 6489 2045 
4 7803 2070 3878 5940 
4 587 1987 1811 1685 
4 5194 6768 3372 8345 
4 9661 6706 2069 5946 
4 8083 8632 3955 1747 
4 1674 4009 5290 2577 
4 9192 4187 9464 3973 
4 2472 666 2225 3989 
4 1489 5523 2294 8465 
4 8500 4245 1188 3748 
4 4030 8060 6502 1929 
4 1026 6367 6438 4970 
4 5142 5982 6328 6708 
4 5289 3940 9793 2971 
4 7493 9372 7338 502 
4 9856 1898 9551 2650 
4 2240 5204 9816 5641 
4 8490 7320 8446 1626 
4 9135 8390 2435 6408 
4 8515 2056 8836 9941 
4 2204 6746 7194 3822 
4 2525 4340 1861 2307 
4 2057 9957 3341 2271 
4 9530 2667 9080 3401 
4 5280 7174 4368 1068 
4 247 3282 8686 4662 
4 4250 9286 6609 3565 
4 8988 2288 88 6792 
4 5574 9915 3957 9563 
4 7829 206 5147 5952 
4 7453 7018 5642 6279 
4 1852 3052 560 1931 
4 8460 337 3596 2846 
4 1773 2367 1793 5832 
4 9827 4384 4207 7151 
4 8517 9751 9858 1670 
4 4118 5318 4135 7208 
4 101 7225 2817 1519 
4 582 7756 5334 7567 
4 7923 7491 403 5388 
4 8718 848 3512 8974 
4 6450 1779 3001 4606 
4 5270 3918 1570 656 
4 7760 6775 7319 7086 
4 65 1414 1319 1971 
4 6999 4713 3445 2442 
4 9033 6257 8754 9081 
4 2467 9220 6346 5897 
4 9486 6498 2697 9861 
4 3982 2233 9606 2553 
4 6968 5912 2443 7925 
4 2945 6808 9658 4797 
4 9247 7668 911 4211 
4 9101 8809 7343 3500 
4 2717 6398 8625 8962 
4 7565 7753 6547 6130 
4 3440 8576 9961 9238 
4 4605 420 6799 2833 
4 1840 3925 5175 3902 
4 5486 979 3581 2079 
4 5752 295 7884 7047 
4 5256 4796 5673 1831 
4 9288 7928 8032 6949 
4 8324 3859 5950 7181 
4 3268 2899 1979 7679 