1628
2 1998 2968 
2 3849 6612 
2 314 6850 
2 3964 6244 
2 9987 793 
2 5074 6788 
2 1493 8034 
2 4619 2775 
2 8562 707 
2 4213 3115 
2 9522 7622 
2 7968 8317 
2 2565 8375 
2 1298 7988 
2 3937 1578 
2 8086 9072 
2 6040 8922 
2 4404 6150 
2 6120 592 
2 2680 2216 
2 5406 7753 
2 7307 9841 
2 2486 2284 
2 8502 459 
2 9323 686 
2 1261 7774 
2 8570 1953 
2 3236 2783 
2 3271 9960 
2 5087 9829 
2 8042 3687 
2 8849 1769 
2 3636 1547 
2 8919 3315 
2 2547 8929 
2 2282 4225 
2 2613 2239 
2 1837 8888 
2 6920 8833 
2 286 2655 
2 8844 9702 
2 488 412 
2 67 3698 
2 4582 7406 
2 9081 9287 
2 8987 8384 
2 4367 6713 
2 8409 2657 
2 9495 1192 
2 7228 9368 
2 4459 3766 
2 183 1482 
2 7426 1266 
2 2006 4282 
2 211 2056 
2 6447 5298 
2 8462 2042 
2 9260 3163 
2 2867 6707 
2 2807 2541 
2 6473 5527 
2 5642 1259 
2 5887 7271 
2 577 9252 
2 4149 2851 
2 3331 5903 
2 6283 8070 
2 1250 3208 
2 6260 3046 
2 1423 6674 
2 3639 2115 
2 4586 4138 
2 460 1911 
2 3803 4480 
2 5846 7817 
2 1120 308 
2 1748 2449 
2 733 7169 
2 676 4732 
2 6508 2195 
2 8017 3272 
2 1292 7365 
2 3123 9039 
2 6227 8625 
2 2620 4499 
2 6381 3722 
2 6504 236 
2 6906 4148 
2 8388 9664 
2 704 6162 
2 3899 4832 
2 2998 4049 
2 8079 3876 
2 3904 2768 
2 9038 4087 
2 5312 8299 
2 7405 2842 
2 6502 35 
2 5706 927 
2 5879 6774 
2 8273 5444 
2 1029 9124 
2 6593 7336 
2 1077 3189 
2 6821 8352 
2 6154 4381 
2 7209 189 
2 9535 6742 
2 4532 1262 
2 315 9798 
2 2584 2794 
2 5528 2747 
2 96 3697 
2 8546 8167 
2 1638 200 
2 3311 341 
2 4912 4819 
2 296 4351 
2 7504 9545 
2 5355 5479 
2 1551 1105 
2 8806 5612 
2 2774 3669 
2 6813 2073 
2 9521 2153 
2 5044 6286 
2 3508 4205 
2 9133 2982 
2 3460 1666 
2 509 1257 
2 5472 1536 
2 8540 5507 
2 1796 1635 
2 1538 7162 
2 5549 1374 
2 8728 3684 
2 1565 8958 
2 159 7451 
2 5919 8634 
2 5335 9881 
2 2173 2384 
2 2701 4026 
2 334 8840 
2 3457 9969 
2 1502 5483 
2 683 9954 
2 1495 4419 
2 3914 3979 
2 421 909 
2 3813 521 
2 138 4560 
2 6370 4698 
2 7526 8071 
2 8770 9432 
2 1223 3455 
2 5199 8717 
2 3385 3182 
2 1696 3786 
2 9524 9379 
2 4110 6526 
2 6970 5584 
2 8755 3881 
2 769 8009 
2 4006 6399 
2 915 5184 
2 8467 6179 
2 3959 1626 
2 120 5803 
2 7102 2954 
2 7655 9024 
2 8863 6873 
2 6535 4748 
2 8422 7036 
2 8744 8043 
2 3035 653 
2 9528 2325 
2 1093 4042 
2 5914 6578 
2 7715 9948 
2 6852 9478 
2 5306 7684 
2 618 4540 
2 250 7139 
2 3497 5161 
2 7904 2517 
2 8664 363 
2 1248 1456 
2 1818 2933 
2 6023 9571 
2 9683 7580 
2 7475 7204 
2 1014 5654 
2 5018 5878 
2 2914 7458 
2 234 4651 
2 6074 5553 
2 6266 2419 
2 2463 3654 
2 8860 1728 
2 7540 1488 
2 3925 4015 
2 6408 4159 
2 3328 1019 
2 2206 2649 
2 3674 1104 
2 6493 9603 
2 9578 7816 
2 5908 1832 
2 7056 5093 
2 2111 8959 
2 4600 6772 
2 6924 8691 
2 8622 664 
2 3465 2021 
2 1849 2667 
2 9791 3246 
2 5229 3343 
2 4453 514 
2 7430 4454 
2 4355 7164 
2 5636 7804 
2 3487 2559 
2 5326 1787 
2 7083 3745 
2 8233 4796 
2 9413 5732 
2 4336 5672 
2 1731 987 
2 8136 9472 
2 2591 6664 
2 3144 2557 
2 502 4462 
2 5334 5374 
2 8949 22 
2 7525 3632 
2 8597 887 
2 8428 1197 
2 6791 6389 
2 1693 5784 
2 7693 9245 
2 2167 6163 
2 1385 1045 
2 6830 7649 
2 7796 1415 
2 8905 2432 
2 5889 8180 
2 1205 2158 
2 6913 9226 
2 3205 3651 
2 5343 4287 
2 2233 8936 
2 6840 5162 
2 4045 5719 
2 763 8158 
2 8033 2889 
2 4377 2123 
2 3177 8414 
2 9383 7186 
2 4741 461 
2 8049 2780 
2 9695 1221 
2 4191 6544 
2 73 8667 
2 9263 4467 
2 3469 8558 
2 5200 6391 
2 3652 1090 
2 5311 2072 
2 5189 4325 
2 49 9485 
2 792 6921 
2 8003 917 
2 4314 934 
2 3990 9611 
2 543 5490 
2 4147 6111 
2 2128 7447 
2 9710 4652 
2 8159 2068 
2 2346 8143 
2 321 6697 
2 1209 2697 
2 1253 9847 
2 165 7931 
2 7893 7938 
2 4704 1522 
2 921 1806 
2 7418 9350 
2 8485 4062 
2 1589 5698 
2 2 3962 
2 8956 2742 
2 5430 936 
2 4460 8886 
2 1973 2200 
2 1099 8657 
2 3517 7428 
2 9574 8225 
2 9136 8998 
2 2909 7534 
2 3449 1034 
2 3074 42 
2 4252 5393 
2 3474 6407 
2 2779 7790 
2 8674 7741 
2 9568 8563 
2 4471 5510 
2 4248 9523 
2 4340 6847 
2 5918 9193 
2 1511 6472 
2 3025 6450 
2 6561 8266 
2 5129 7635 
2 6836 7841 
2 2308 3406 
2 5532 8260 
2 9437 1264 
2 1057 3872 
2 5736 904 
2 2583 7792 
2 4230 7885 
2 9049 4736 
2 7112 1249 
2 9213 1504 
2 1509 4219 
2 6449 750 
2 2141 9724 
2 1407 5721 
2 8130 1548 
2 6645 3897 
2 2840 3815 
2 8277 6904 
2 5119 510 
2 7787 9779 
2 2438 5701 
2 5375 7013 
2 5730 6083 
2 702 4961 
2 5403 5194 
2 320 4392 
2 5492 539 
2 2975 9920 
2 9649 1470 
2 3737 3952 
2 1173 9546 
2 5893 977 
2 9967 8559 
2 2371 8555 
2 8918 1709 
2 1669 4223 
2 5392 7076 
2 6761 9767 
2 8404 3719 
2 5120 47 
2 206 8201 
2 453 9979 
2 7255 5457 
2 7612 3380 
2 5780 8195 
2 2630 6709 
2 5550 7871 
2 157 7052 
2 5715 9905 
2 3240 6553 
2 1172 5697 
2 4984 8617 
2 4689 5244 
2 3529 6878 
2 8321 9092 
2 5139 9268 
2 3102 451 
2 3048 4631 
2 9428 4284 
2 9756 4558 
2 4182 784 
2 1107 4913 
2 6637 1451 
2 1046 7025 
2 2138 8804 
2 5212 9063 
2 9055 5288 
2 6899 4544 
2 139 3172 
2 7548 6803 
2 4016 9707 
2 9401 1710 
2 7800 1877 
2 8778 8483 
2 8673 1603 
2 9312 681 
2 3898 474 
2 5006 6510 
2 7161 3101 
2 9496 8108 
2 8815 5688 
2 5832 9079 
2 420 114 
2 9714 4615 
2 4685 2746 
2 883 7842 
2 3851 5518 
2 5207 4164 
2 3067 1761 
2 2230 5079 
2 6301 1003 
2 5011 9378 
2 6462 8915 
2 450 6190 
2 3092 6193 
2 9618 1762 
2 7857 6998 
2 8816 9868 
2 5849 324 
2 9740 7163 
2 948 9796 
2 636 5373 
2 7286 1623 
2 5606 6317 
2 5122 7339 
2 6001 817 
2 3799 4098 
2 4430 7770 
2 9709 6749 
2 174 409 
2 7126 8895 
2 3033 5725 
2 7624 6980 
2 4855 5772 
2 3020 7011 
2 5156 533 
2 7370 9270 
2 5085 7093 
2 230 3614 
2 1813 364 
2 6316 1276 
2 8640 7253 
2 3162 6734 
2 7537 3921 
2 3706 6842 
2 3294 297 
2 9069 9357 
2 7358 4333 
2 2503 1325 
2 3150 7632 
2 913 7471 
2 2101 1433 
2 4154 9341 
2 8966 379 
2 7392 9583 
2 2143 5460 
2 7735 5892 
2 8489 3244 
2 7299 673 
2 6464 6781 
2 4449 3441 
2 5895 3963 
2 1475 4639 
2 417 3597 
2 928 6947 
2 466 2564 
2 4569 9554 
2 6339 1398 
2 3305 1153 
2 2606 9573 
2 2921 3785 
2 1426 4106 
2 3967 223 
2 3985 3545 
2 4075 1051 
2 1369 4233 
2 6999 422 
2 7608 9440 
2 1467 9023 
2 2354 4093 
2 7523 1779 
2 7490 8681 
2 8291 4878 
2 6900 6577 
2 4658 1672 
2 1378 9019 
2 5455 7404 
2 6256 5496 
2 1580 5418 
2 5781 7184 
2 9228 4814 
2 6336 8402 
2 8207 4630 
2 5039 3323 
2 4657 3325 
2 5921 2395 
2 9662 2468 
2 836 1121 
2 3721 9488 
2 6341 3987 
2 538 9218 
2 2811 6400 
2 3637 1891 
2 560 7633 
2 9646 2040 
2 804 7873 
2 1256 6684 
2 3296 8259 
3 1607 6143 6613 
3 6459 2752 8790 
3 8234 1804 4466 
3 8848 8861 6954 
3 9650 6917 3327 
3 4197 6784 6477 
3 9912 5478 3939 
3 5446 4633 8254 
3 9376 8925 7948 
3 2032 2983 2989 
3 7894 6072 3882 
3 3818 6338 4975 
3 4681 4081 122 
3 7544 4174 9489 
3 7433 5971 390 
3 5641 8282 3895 
3 8018 8341 2117 
3 5575 9053 3395 
3 9294 6011 3493 
3 1188 1149 9560 
3 7311 5960 3918 
3 6949 5691 9668 
3 5724 3571 4133 
3 3772 9794 4209 
3 2749 6566 2963 
3 8377 3494 80 
3 9058 1873 9371 
3 4362 4192 4815 
3 6217 3280 3000 
3 4818 6937 8385 
3 9242 3765 515 
3 4840 1788 9886 
3 4945 5470 4406 
3 7503 7273 7628 
3 5604 8319 589 
3 2031 4084 2797 
3 9486 251 9438 
3 1366 3473 4641 
3 2005 1582 5746 
3 1151 6368 8340 
3 6049 8517 5957 
3 7923 7443 3769 
3 996 3426 2970 
3 3132 7779 8609 
3 4729 7349 7700 
3 3024 6800 1855 
3 8296 3170 6228 
3 6588 6747 6656 
3 1839 7961 23 
3 2430 9059 1072 
3 3371 4525 3986 
3 7380 2515 4782 
3 632 7737 7016 
3 1213 3238 1824 
3 3729 8022 8013 
3 734 3420 3354 
3 4053 7189 97 
3 7263 8122 5718 
3 832 2136 8526 
3 626 1994 5565 
3 6361 9426 602 
3 9532 9955 9845 
3 5801 4770 6790 
3 2910 7634 8878 
3 6558 6995 6941 
3 3217 6270 1405 
3 4442 5135 3857 
3 5696 6326 7519 
3 7174 1389 9749 
3 243 8242 2504 
3 5114 7442 9959 
3 2270 1613 7477 
3 4275 8189 1771 
3 9936 1764 1064 
3 7250 3392 166 
3 7075 4571 89 
3 7330 1958 5953 
3 190 9455 5902 
3 4722 4222 9511 
3 178 4874 7379 
3 6703 1510 7553 
3 4473 1428 1941 
3 6731 490 3741 
3 7373 8573 7985 
3 5933 7191 1699 
3 5071 3061 4977 
3 2316 5038 1700 
3 6363 3633 9493 
3 5928 5282 7260 
3 9127 5836 4545 
3 3946 8096 5317 
3 6884 8709 6455 
3 9262 628 2310 
3 8052 8596 1746 
3 9206 7134 8371 
3 8637 6922 7417 
3 7023 9592 9666 
3 6457 8069 9922 
3 5292 6168 1137 
3 1018 4548 2263 
3 8871 4759 5702 
3 655 3226 3695 
3 1211 5825 6864 
3 8781 1351 639 
3 2464 2949 9030 
3 7783 1904 7836 
3 5834 2972 5625 
3 1721 3195 5035 
3 6997 3254 2574 
3 6646 9509 3016 
3 2244 9657 398 
3 3047 8618 838 
3 260 8716 6388 
3 8516 4096 6032 
3 9814 9001 7967 
3 7586 9297 5800 
3 7986 342 4526 
3 1108 5655 8452 
3 6814 9788 9681 
3 3122 1122 7485 
3 1711 1570 4995 
3 8239 4680 2406 
3 3992 9191 1830 
3 123 8368 1905 
3 5464 8593 7150 
3 7692 4792 1826 
3 1321 8768 4399 
3 5931 4922 694 
3 9904 1791 3834 
3 5385 249 2303 
3 6539 9197 908 
3 9198 5504 343 
3 3696 3292 3247 
3 9750 6627 7494 
3 2785 1316 2059 
3 4358 60 7310 
3 7611 7429 6952 
3 4963 8560 8853 
3 1027 1867 941 
3 438 8595 7080 
3 3130 1286 7288 
3 6829 9212 8670 
3 6662 4800 1299 
3 7743 3184 4857 
3 7806 355 4421 
3 9534 7856 6929 
3 4445 2475 6982 
3 9389 1040 3875 
3 6456 2339 6985 
3 9408 637 5944 
3 5258 9033 270 
3 1480 6009 2776 
3 411 9741 5587 
3 3401 3176 205 
3 1058 1110 2821 
3 5990 3554 8788 
3 9339 4958 5722 
3 6192 7484 4326 
3 5231 7824 8720 
3 5173 8443 9747 
3 1362 1716 672 
3 8870 4854 3381 
3 2336 5143 2947 
3 5224 7508 8935 
3 6132 4956 580 
3 6782 6329 8589 
3 5769 8869 8446 
3 3289 1326 5713 
3 2340 3830 5426 
3 8901 4461 8166 
3 1571 1041 9606 
3 1068 8977 6093 
3 9140 9647 2582 
3 4856 4220 1448 
3 9928 1053 9436 
3 5146 2457 3878 
3 443 629 5196 
3 1368 1676 2157 
3 6197 8666 1434 
3 6862 6733 1660 
3 1228 7200 5166 
3 1411 3485 3847 
3 2201 4804 9579 
3 6269 5014 3761 
3 8393 6770 2507 
3 9768 2301 2149 
3 2832 3720 5420 
3 9324 9655 6756 
3 5002 3364 6768 
3 5985 9290 2121 
3 7024 6290 2813 
3 4894 6081 7758 
3 3475 2331 9505 
3 9716 2211 732 
3 1972 4941 9280 
3 9259 7386 6177 
3 3213 3006 5936 
3 9686 1391 6077 
3 3107 531 2048 
3 8146 9169 3284 
3 8541 4080 7605 
3 1157 4385 659 
3 7906 5858 3711 
3 6069 9248 774 
3 354 8911 1212 
3 4020 7801 1558 
3 5017 1814 4749 
3 4742 3715 9670 
3 8592 7910 5703 
3 6285 7078 7909 
3 7890 8460 4263 
3 3607 9997 3578 
3 2598 2186 1507 
3 382 8389 8805 
3 3913 5591 4887 
3 963 1083 359 
3 9833 4389 1054 
3 2390 5055 3768 
3 7087 4596 484 
3 2608 1780 5857 
3 8461 491 7276 
3 578 2002 4737 
3 7565 1640 9172 
3 2685 1206 134 
3 7296 4803 2426 
3 1094 1373 6959 
3 7970 6305 2057 
3 9939 6826 9656 
3 5487 4650 3397 
3 588 6678 2648 
3 9377 2299 5159 
3 8123 556 1763 
3 6231 1936 8663 
3 4008 2888 5136 
3 4642 9503 8015 
3 3200 8416 5369 
3 619 2644 7482 
3 6385 2571 2102 
3 6273 7054 9176 
3 5749 5214 7858 
3 6779 9876 9076 
3 185 1783 6128 
3 4777 4352 5676 
3 4221 4446 4822 
3 9253 5845 8988 
3 8450 6418 6114 
3 8827 6570 4342 
3 3071 4372 5838 
3 2771 6090 6938 
3 9550 4013 4412 
3 9278 2142 331 
3 9703 115 598 
3 5823 3014 8613 
3 8082 5265 4502 
3 6122 7466 4477 
3 8037 7262 3860 
3 6556 4551 4711 
3 9807 1729 545 
3 8135 8708 581 
3 5141 9902 6858 
3 3468 8590 4962 
3 7751 9110 824 
3 3141 3656 9142 
3 8881 241 2311 
3 5009 6530 6928 
3 8496 3056 5233 
3 7070 5787 7726 
3 640 128 6837 
3 1030 7140 8313 
3 9264 1624 2084 
3 4488 6275 3462 
3 5925 3892 7006 
3 8735 485 2470 
3 28 1833 8468 
3 6359 6075 9704 
3 184 2626 5232 
3 3210 5568 9882 
3 263 1667 3980 
3 4565 2674 8800 
3 8411 8356 7378 
3 9185 6767 7995 
3 1217 197 2609 
3 910 2461 2492 
3 3586 7566 5981 
3 4169 4793 4451 
3 6322 3689 9916 
3 3293 7431 4279 
3 5592 1937 3961 
3 372 9359 5409 
3 5422 4899 840 
3 3968 1646 8927 
3 843 4783 2787 
3 7786 7495 4046 
3 8953 6406 1324 
3 2327 6054 7570 
3 9689 4776 8191 
3 1387 8616 5100 
3 5211 2756 1023 
3 8380 6166 2418 
3 4021 9062 6717 
3 5328 9332 4925 
3 8370 3215 9514 
3 6042 517 5465 
3 5534 4160 8582 
3 2292 5174 846 
3 6148 7847 8302 
3 2420 2984 701 
3 3811 2826 5273 
3 7219 3933 7797 
3 978 512 59 
3 8727 2792 9538 
3 9941 3400 6170 
3 4416 3723 8994 
3 7227 719 300 
3 1707 1390 3105 
3 4100 2424 6933 
3 3996 7320 6892 
3 4929 4644 675 
3 7719 2433 9591 
3 2696 920 5001 
3 9542 2829 5169 
3 7071 8284 5238 
3 7389 221 3431 
3 2091 1156 8047 
3 1490 70 8737 
3 4870 7672 776 
3 2459 2500 2573 
3 1903 5016 6652 
3 6538 5151 4432 
3 2070 8269 756 
3 2683 5952 6376 
3 498 5421 7095 
3 5805 9730 6615 
3 7934 3777 6278 
3 4492 2767 1590 
3 5723 6222 4614 
3 8858 4089 4107 
3 5998 8561 7731 
3 9234 942 2861 
3 9392 645 9319 
3 7040 7799 289 
3 2349 5974 4119 
3 4767 1001 2355 
3 6022 2928 7059 
3 3501 4185 3416 
3 1842 2169 5307 
3 4124 2959 3625 
3 1596 648 2445 
3 4762 7850 1690 
3 7645 6109 7696 
3 8144 6986 4072 
3 2988 6066 303 
3 30 912 9530 
3 4004 4844 492 
3 3013 3384 1339 
3 3730 3943 8823 
3 1128 9726 6309 
3 5405 2378 6817 
3 5116 4090 4979 
3 8578 2892 7230 
3 3532 5315 4747 
3 3531 4717 8643 
3 504 2678 181 
3 2226 4130 7517 
3 6540 4884 4682 
3 1119 834 5401 
3 5090 8588 2242 
3 5054 4516 615 
3 6805 6515 8587 
3 6091 4198 529 
3 922 690 232 
3 3159 400 5853 
3 2237 4626 7722 
3 5837 3858 2113 
3 2538 445 1643 
3 2617 4888 5764 
3 5134 7771 1995 
3 1906 5103 7789 
3 3844 5088 9211 
3 9109 3582 5993 
3 2140 7849 9559 
3 489 7929 3410 
3 7282 9047 1089 
3 2777 6079 7309 
3 6626 7521 3422 
3 1152 3887 5540 
3 2898 439 7409 
3 2810 6100 4585 
3 9286 4415 7609 
3 3028 6600 4293 
3 6433 7507 3471 
3 5477 4833 2818 
3 3135 1313 5726 
3 9345 6940 2729 
3 1175 7423 787 
3 6870 2196 3606 
3 8387 6719 4947 
3 5647 3640 4448 
3 5896 4109 3278 
3 1846 2347 9303 
3 131 4258 7808 
3 8978 7132 2532 
3 7647 6557 456 
3 6896 7050 1430 
3 8607 9137 9956 
3 198 2958 4632 
3 7103 2974 9764 
3 1618 5183 7302 
3 374 3989 8703 
3 1129 6272 9450 
3 5023 7990 7766 
3 3169 678 7903 
3 384 2706 7524 
3 5324 562 2793 
3 3526 7037 5031 
3 5346 6238 325 
3 669 8314 6110 
3 7364 8843 9619 
3 5250 6134 9858 
3 4276 4896 7984 
3 7755 1246 4914 
3 4324 7088 9996 
3 5004 6948 3237 
3 4202 2873 4604 
3 8030 9601 6696 
3 3329 3433 3451 
3 8523 9285 7138 
3 985 3312 8581 
3 2536 7592 3108 
3 7685 4405 8896 
3 8792 3069 9301 
3 4993 9356 6320 
3 8702 8572 1275 
3 7000 1059 7497 
3 3603 6867 1883 
3 8776 559 2197 
3 8482 916 5864 
3 5970 8218 9990 
3 1852 4285 199 
3 8687 1516 7935 
3 4647 6861 1753 
3 3444 6491 9165 
3 837 4521 2089 
3 4927 881 4547 
3 855 8162 7234 
3 376 6246 9451 
3 841 2576 2368 
3 4816 5482 6494 
3 4972 2423 264 
3 4408 9425 2815 
3 2647 3703 7193 
3 8395 6048 7390 
3 9271 6130 2885 
3 4955 7757 8457 
3 1955 1125 1823 
3 1860 2593 4537 
3 6568 272 895 
3 7875 3870 4795 
3 8318 6088 4304 
3 7813 3518 3005 
3 9947 262 9590 
3 6345 2317 4126 
3 5653 2781 8444 
3 7926 3734 6935 
3 4873 9769 1987 
3 4373 994 2691 
3 1625 2599 2901 
3 8418 9254 3701 
3 4194 8569 4121 
3 5973 5751 1686 
3 392 5336 4752 
3 4218 9090 5865 
3 9250 4661 5605 
3 2786 7136 7563 
3 7438 2363 9795 
3 4366 9637 2687 
3 5149 1323 1652 
3 9507 2159 472 
3 1668 5121 4755 
3 3782 7616 2008 
3 5026 8509 6506 
3 2860 5270 8161 
3 2601 8276 1910 
3 2802 425 1688 
3 4688 9095 2177 
3 5030 6209 2011 
3 6348 5381 7004 
3 3601 9077 1898 
3 6720 8707 660 
3 4249 4425 4635 
3 3754 4875 2791 
3 3062 1164 3131 
3 3369 7450 2224 
3 2604 4017 8227 
3 8334 6420 3429 
3 2364 8221 5043 
3 6186 6532 8746 
3 4034 5607 1050 
3 3831 7998 8832 
3 6146 1096 524 
3 9697 7581 888 
3 845 3901 9953 
3 574 6358 4113 
3 8608 1033 2286 
3 6622 3288 3612 
3 6240 6545 1465 
3 2981 1160 893 
3 8237 9041 6142 
3 8365 3151 6344 
3 7322 1179 8819 
3 7099 4627 4769 
3 5752 8500 7267 
3 3112 7415 5021 
3 1742 3050 743 
3 8968 8481 6573 
3 6236 9112 8031 
3 3091 3692 2341 
3 5053 3038 1240 
3 4862 501 7733 
3 2543 8084 1318 
3 4944 6052 5658 
3 1388 2289 8309 
3 2849 9385 761 
3 3535 5319 2380 
3 8039 1139 5499 
3 781 5187 8155 
3 9859 6839 4721 
3 9391 9789 9073 
3 6064 3855 1198 
3 6875 7369 1056 
3 7976 1360 7468 
3 2290 2055 2760 
3 8651 5168 2118 
3 5057 2822 9919 
3 8802 6513 2130 
3 7206 1404 8264 
3 6386 6230 2410 
3 6519 95 5539 
3 3447 6460 3523 
4 6094 9125 7981 5291 
4 8549 3287 5287 3227 
4 4780 7712 1986 6885 
4 4153 5072 64 2314 
4 7187 4022 5331 6621 
4 294 8421 6000 9336 
4 2689 8898 2740 7915 
4 8171 3022 329 2932 
4 3225 4407 4706 3345 
4 6007 3817 2392 4060 
4 7991 7547 3128 9933 
4 8807 2499 2367 1402 
4 2287 4128 2273 6314 
4 6657 5777 4122 9326 
4 8722 8172 3514 1940 
4 8520 8492 7667 6394 
4 7535 2770 4846 5768 
4 8952 9442 307 8095 
4 1712 7411 8794 1395 
4 1971 830 4280 2789 
4 1218 2704 4361 8653 
4 1768 2602 8493 2109 
4 9984 6172 5812 8767 
4 16 7942 6889 478 
4 6936 9349 8258 2677 
4 9628 1184 9372 1644 
4 7122 9330 2651 6160 
4 2891 3704 3575 1704 
4 6804 7217 4104 3550 
4 102 5954 7073 9895 
4 8507 9677 2727 7872 
4 6663 6378 6051 1508 
4 41 8680 3334 5694 
4 4733 9054 7637 1681 
4 2179 4307 108 340 
4 3383 4484 7560 81 
4 1109 3058 4580 8882 
4 1881 2764 173 1067 
4 3884 7870 7295 1515 
4 5473 4705 8183 5260 
4 7572 8392 9975 4645 
4 3193 6487 3579 367 
4 2358 1841 7147 1572 
4 5414 604 2955 8850 
4 7131 6718 5366 2703 
4 3245 851 5967 2004 
4 6520 2444 8274 6349 
4 2551 8797 1265 389 
4 271 7513 6855 7506 
4 6965 826 4134 9374 
4 4002 1010 8449 4227 
4 9863 7756 4598 6136 
4 3929 8995 6956 7251 
4 8209 5924 3836 5452 
4 8081 6705 8724 9911 
4 3547 1755 3180 2718 
4 992 1874 309 3080 
4 5687 5831 3027 7933 
4 4907 1367 3749 2531 
4 4566 7541 9175 6103 
4 1060 9074 7748 3660 
4 4088 1116 3991 9754 
4 3928 8083 9658 6872 
4 8206 8073 6536 5115 
4 7407 8478 3476 5561 
4 6129 3646 8124 9965 
4 4858 6221 4563 9915 
4 981 2607 2577 4847 
4 8510 6971 503 1782 
4 9963 6890 6807 469 
4 6043 3496 1307 429 
4 6651 3617 5588 3201 
4 8568 3922 749 5859 
4 6712 8748 1692 6743 
4 7625 5963 892 2820 
4 7510 405 5779 7199 
4 2065 3934 4214 8941 
4 9832 9298 3752 8235 
4 8250 4315 9351 1049 
4 6249 1970 2132 593 
4 1983 2067 2833 6028 
4 1342 6025 6628 7939 
4 8909 6914 3840 548 
4 2690 6677 6868 6422 
4 5070 4506 388 3211 
4 9623 9046 4670 9998 
4 1341 9458 6252 1263 
4 641 2828 923 9123 
4 2965 3218 7472 1793 
4 9717 3076 1103 7528 
4 6984 1942 865 717 
4 6295 9337 753 2076 
4 1961 1926 9884 9161 
4 9085 4261 8202 4773 
4 3760 6778 1909 5987 
4 2831 2971 7190 8169 
4 1599 9849 3658 1491 
4 4643 3318 1701 167 
4 7888 2417 2175 2351 
4 8360 7832 2554 9629 
4 5061 886 7396 5150 
4 9576 3241 7412 2035 
4 3391 1267 868 6679 
4 4240 5947 4648 1086 
4 7794 9946 7360 240 
4 3755 1317 9355 7124 
4 4973 440 8453 347 
4 1364 43 703 1155 
4 2702 2393 9575 2258 
4 7714 5630 6634 3351 
4 8351 8220 9102 3045 
4 6815 8920 6758 424 
4 85 5327 3622 3443 
4 2603 7020 304 4772 
4 1659 2329 5811 1222 
4 1632 6105 5037 1912 
4 1396 2220 582 1345 
4 8222 4949 6201 7210 
4 9395 5771 3495 5915 
4 9310 1293 712 7089 
4 2274 3221 8366 828 
4 8205 2624 7055 1063 
4 9624 1457 1802 3082 
4 7480 9098 277 7844 
4 3322 4935 5190 8114 
4 8099 9950 4371 3372 
4 6335 2247 3165 3735 
4 6818 5125 8891 6347 
4 644 8740 5107 7937 
4 5459 2588 9333 13 
4 4746 3867 999 6308 
4 2520 1807 7843 1939 
4 3393 1272 1922 9082 
4 7316 1098 9520 3377 
4 2047 5700 6524 3353 
4 2077 318 4368 670 
4 377 4376 5862 444 
4 544 3739 9722 4768 
4 8772 8032 4123 3269 
4 9086 2769 7293 633 
4 9126 5720 7105 4546 
4 6893 3077 5095 2235 
4 7638 9403 7194 5109 
4 5570 3231 1117 8423 
4 7739 3621 5664 7750 
4 6216 6741 7999 11 
4 6397 6963 5247 1461 
4 4273 2896 3688 4837 
4 1403 2738 2376 9381 
4 8993 7568 26 3758 
4 8212 6245 3249 8000 
4 9888 2973 2127 2104 
4 9605 3209 5783 3712 
4 3481 4576 2994 5108 
4 566 7137 2312 1545 
4 8793 2450 3724 3333 
4 6446 4664 7683 2844 
4 2049 3605 9719 6045 
4 9083 6576 1963 609 
4 4987 8157 9737 1350 
4 7278 939 216 3298 
4 1424 3418 1386 9364 
4 1677 2675 7478 6490 
4 109 5268 7178 142 
4 8041 5792 7516 5046 
4 6560 378 9441 4728 
4 219 5303 9238 8932 
4 8339 2110 4629 6969 
4 6955 3147 4294 9281 
4 6138 4909 4439 5843 
4 1689 5911 3403 6089 
4 2471 1494 5616 5596 
4 6416 2979 3015 3145 
4 6014 6118 7762 8989 
4 6254 1015 1996 4789 
4 2835 3843 4866 4567 
4 2326 9558 5942 1309 
4 6405 8004 8175 3450 
4 7831 9877 5621 8132 
4 2183 3187 8213 9864 
4 1308 6395 3117 4291 
4 5839 6299 9577 6035 
4 3467 4018 5841 5131 
4 3090 1966 3591 7128 
4 6480 3838 8119 4527 
4 3100 4520 8491 479 
4 5075 9157 8652 8689 
4 2465 2632 5003 5569 
4 8836 3681 9772 8133 
4 9043 3417 622 2943 
4 6038 7784 7357 7226 
4 1611 6325 3716 650 
4 889 7879 6235 4310 
4 903 6642 9429 8432 
4 8732 8272 9235 403 
4 552 1485 2535 4653 
4 6810 2734 1534 4843 
4 3520 7416 9632 9570 
4 7697 5284 121 9547 
4 6643 5646 4061 4806 
4 9854 728 864 8902 
4 3126 6550 8504 627 
4 1612 6135 6912 4771 
4 4360 809 7205 5886 
4 4998 9402 5536 7911 
4 6427 4162 9837 569 
4 2099 203 3053 940 
4 2094 7215 1174 9586 
4 988 9434 5939 2709 
4 5976 3484 4345 1851 
4 7047 117 5986 6444 
4 3544 5773 9693 3479 
4 635 3864 6476 6181 
4 4339 2610 7848 9181 
4 4493 7394 414 4825 
4 2874 2106 6330 9529 
4 5447 5797 1140 1187 
4 8766 4827 6776 7334 
4 1295 423 1680 107 
4 4141 8760 8219 3675 
4 6931 5827 2134 135 
4 4727 8094 951 8751 
4 247 9215 2539 8962 
4 1419 4409 6901 4864 
4 8626 5754 4241 9630 
4 3220 2256 3095 1247 
4 6232 8178 2194 7785 
4 7461 5563 5349 9935 
4 2483 8327 111 7146 
4 7214 1091 2058 3650 
4 5820 9352 3702 2344 
4 362 7081 1170 2513 
4 7944 5756 9773 3670 
4 1838 7272 3809 7108 
4 7598 8611 7439 1798 
4 3564 6247 5132 281 
4 6297 5040 1294 9302 
4 3098 2061 5994 8564 
4 463 7113 4238 4812 
4 4180 9744 3820 2164 
4 9207 4186 2893 344 
4 7235 1828 4447 6392 
4 9875 1429 8038 2024 
4 8630 4649 9690 7121 
4 6158 4939 258 6871 
4 9569 9135 9604 6811 
4 7387 368 8008 4809 
4 4897 3239 4655 252 
4 6479 7569 875 3863 
4 3063 7818 5885 794 
4 1889 2824 8303 8539 
4 7887 6225 9729 2587 
4 4597 9008 2427 6795 
4 2276 9581 8743 1080 
4 1239 3437 7734 8357 
4 6382 9006 5205 7917 
4 1238 6319 7238 3453 
4 1928 9249 696 1825 
4 274 1022 3279 8907 
4 2496 9671 5140 1136 
4 1658 5428 2174 5175 
4 9883 2188 2646 3763 
4 5126 5872 7972 3486 
4 5645 6159 5748 487 
4 1498 9424 7880 5557 
4 1336 132 6706 5692 
4 5310 4960 1901 4359 
4 2280 7449 3446 608 
4 8407 1328 2529 8873 
4 3316 9978 5526 6639 
4 6428 7328 8455 12 
4 8899 1546 9042 2409 
4 2474 6522 3300 1698 
4 8814 788 4229 2139 
4 1575 3157 2948 698 
4 1399 8048 867 301 
4 5757 7499 2589 3320 
4 3434 3970 8692 8458 
4 4105 4763 5644 7922 
4 6015 5505 7641 3787 
4 1687 5869 3744 3958 
4 991 1231 9991 94 
4 5580 7435 9100 1964 
4 4917 6414 5359 480 
4 6564 6701 3673 2071 
4 2862 5710 5197 7344 
4 5766 3570 494 5086 
4 8129 7642 6848 2033 
4 7840 835 9999 8236 
4 4443 4508 4179 9084 
4 8088 9296 2166 293 
4 9644 9500 685 19 
4 2945 9784 1401 8120 
4 1273 7391 1621 8730 
4 8665 1679 1145 3002 
4 8763 3350 5325 2725 
4 3375 5404 5256 1981 
4 177 5997 861 2202 
4 1144 610 6362 7456 
4 4274 9078 1048 1722 
4 7846 8854 3207 7602 
4 5007 7865 7752 9239 
4 2013 5795 7788 2652 
4 5186 8614 8141 7782 
4 6844 5675 1952 9880 
4 7337 1630 130 6787 
4 7643 8868 8433 2168 
4 3120 8173 3889 4910 
4 7432 603 5206 5778 
4 8791 5988 8527 6004 
4 7395 9431 697 2745 
4 1772 7120 2403 3021 
4 6211 2414 5468 3538 
4 7084 7860 2595 3708 
4 17 4760 6434 1594 
4 7582 8621 475 3667 
4 4859 995 1739 156 
4 7324 5799 4966 3988 
4 1736 5794 5943 7159 
4 9014 6379 113 33 
4 2936 8812 8701 5932 
4 3924 8294 9674 9487 
4 7060 9360 5535 5669 
4 4951 1334 419 7971 
4 2249 4656 2799 674 
4 5980 7470 7427 3235 
4 9672 3281 6638 2870 
4 1583 4311 8448 3516 
4 7620 6149 7781 3347 
4 172 3156 8454 536 
4 6891 7068 5195 1844 
4 3981 395 621 140 
4 4694 1859 2412 643 
4 4094 5513 9588 3262 
4 7476 2181 6819 1714 
4 8029 3199 9 3839 
4 7702 2125 1976 1252 
4 7277 5170 7589 5590 
4 8307 8430 9667 3576 
4 5160 7900 3258 6746 
4 9770 3588 3146 5759 
4 5402 6903 9921 1597 
4 5155 3938 2386 5157 
4 2594 9988 9155 3415 
4 8575 9407 3492 8156 
4 9783 1400 4051 8403 
4 6676 7313 3969 3204 
4 9108 2223 8948 8087 
4 982 3192 3816 3275 
4 591 768 8662 9397 
4 5537 8383 2119 3139 
4 4151 7912 133 8019 
4 4523 2737 2679 2366 
4 9419 2913 3168 468 
4 3912 2925 8723 8525 
4 2999 2837 8893 7993 
4 520 3086 8376 2801 
4 9977 7487 3167 8712 
4 4429 7233 3534 2489 
4 6669 112 7035 9872 
4 4067 5964 9233 9188 
4 449 8281 4703 8518 
4 188 4120 9679 6354 
4 452 6554 8799 1786 
4 9130 5940 7237 5679 
4 925 3655 6417 4302 
4 4577 292 7038 6484 
4 5153 6415 4323 5516 
4 2093 4790 4163 5634 
4 6373 2103 5191 9506 
4 2808 2502 5745 273 
4 7921 2052 1675 5248 
4 2060 9687 1158 7759 
4 3379 8719 7042 1007 
4 9531 9361 7765 6665 
4 1902 7481 6026 5775 
4 5969 6463 7874 2100 
4 6289 1882 6387 5384 
4 5533 4584 5602 2784 
4 4686 9236 3396 8268 
4 5707 1095 1649 7029 
4 9316 9926 8459 971 
4 2213 3748 9149 812 
4 8325 5828 806 4933 
4 4808 9481 1523 2146 
4 1421 2064 1735 4861 
4 4519 3257 8928 7814 
4 4824 958 984 3463 
4 2027 8817 7486 3512 
4 1539 5275 3710 4428 
4 4990 4193 798 7896 
4 21 9482 3267 894 
4 9012 6355 7530 9844 
4 4872 929 3445 2345 
4 5629 5432 2248 3593 
4 6321 446 6911 2207 
4 7661 1413 7329 447 
4 5574 1227 4943 5395 
4 4458 7826 7546 5717 
4 3319 7144 9071 7680 
4 9209 3905 4364 5398 
4 6133 9220 1517 2498 
4 6164 4478 9815 911 
4 2375 700 8210 537 
4 2903 3648 3821 1812 
4 7066 5583 6055 5427 
4 4150 8769 6597 3736 
4 9665 4137 2352 6126 
4 7658 9492 8872 2448 
4 1656 9822 6096 5929 
4 8328 9241 9892 6436 
4 6092 8725 7170 2555 
4 436 2627 744 7615 
4 3181 9311 3326 4155 
4 711 4980 9848 124 
4 3264 9150 959 4991 
4 4699 7104 6303 5494 
4 5337 2897 8498 9474 
4 7889 8190 74 4573 
4 1848 7969 6978 3158 
4 9742 8426 9162 8852 
4 1968 4069 1789 4605 
4 8771 9282 6918 3837 
4 7321 3018 7362 1673 
4 5387 357 3407 9427 
4 6068 306 9343 4602 
4 129 1724 8118 2034 
4 3276 5382 5099 6910 
4 6284 5848 6916 4041 
4 5956 5796 7709 1087 
4 9676 5096 7129 1384 
4 4246 6274 5577 8354 
4 2144 4988 7028 7493 
4 7340 6248 7408 6047 
4 2050 6958 1606 6979 
4 7543 8647 1858 6581 
4 4895 4511 7172 6599 
4 8293 6833 5259 3916 
4 2658 246 8875 5316 
4 2600 873 1989 1683 
4 8419 8921 5761 2937 
4 8519 7555 6403 8381 
4 105 8322 9923 7600 
4 5851 5008 2548 2332 
4 5875 6584 1923 3638 
4 9004 1752 8646 9221 
4 8217 3500 7156 8534 
4 7239 6087 3515 9548 
4 3784 2215 561 1476 
4 2790 1512 5728 3142 
4 3566 9237 119 2389 
4 5025 2313 8779 6939 
4 6396 1425 428 3725 
4 8910 9229 2558 7452 
4 6962 2338 943 3966 
4 6152 4953 9842 1914 
4 7009 3896 4395 9156 
4 6851 291 8865 6694 
4 7838 5391 8738 3686 
4 4012 9231 7522 2029 
4 335 75 7601 6716 
4 4097 4946 3628 2246 
4 5977 1194 8301 1332 
4 6377 2732 9763 2324 
4 2487 2951 2882 3663 
4 8152 9373 1418 2575 
4 9866 4574 9460 4328 
4 7703 4552 2437 8522 
4 3057 2370 1784 9757 
4 9480 4869 9048 4357 
4 1207 5804 898 3649 
4 9456 5522 1230 162 
4 9134 9678 8367 7983 
4 1717 4318 7166 4070 
4 9612 7441 5106 6763 
4 8196 7550 847 6739 
4 3551 1637 8682 1224 
4 5439 7827 8696 2116 
4 7992 1795 9105 3873 
4 9421 6102 3852 6430 
4 1990 6426 3430 7974 
4 9295 54 8511 4677 
4 6441 6737 1641 5950 
4 1893 877 1552 2360 
4 5280 8632 7631 7738 
4 9194 1554 7671 4932 
4 2665 5917 8335 1133 
4 8904 4734 6835 4613 
4 2214 1371 6155 9060 
4 7039 4606 2823 5341 
4 8661 9335 6605 7285 
4 4674 1101 7224 4779 
4 3902 8698 244 8979 
4 2881 6147 9293 9557 
4 6210 9045 1199 9066 
4 4568 6750 2092 3356 
4 8271 6507 617 8931 
4 2546 7958 9308 3099 
4 7554 9706 9340 8554 
4 2342 1422 477 5240 
4 2472 4301 7067 5819 
4 3072 7101 4210 8567 
4 7652 3302 5399 4299 
4 8 3610 5611 3136 
4 4830 8633 9476 9517 
4 3093 7388 5959 3398 
4 3185 9748 6987 7280 
4 7114 1088 2923 2288 
4 7264 2654 6050 3668 
4 2969 1533 6095 8528 
4 4757 4424 2516 1776 
4 4270 3802 4957 8466 
4 1200 4030 3017 7175 
4 9825 9793 8506 1962 
4 9739 8442 9951 842 
4 9433 2114 351 6486 
4 1631 6332 9494 9587 
4 810 9396 7619 7512 
4 2022 9284 8068 9596 
4 7636 5313 9007 1479 
4 663 8142 5632 5582 
4 9970 8548 4541 6423 
4 1935 8208 5013 5689 
4 7014 7646 955 5741 
4 5789 611 9652 4312 
4 3740 6630 6127 2265 
4 4852 6964 5032 6853 
4 803 8397 4723 1620 
4 1319 7008 5609 1471 
4 7577 7254 8151 1383 
4 9731 9660 269 7377 
4 8035 4581 6435 8961 
4 5380 9415 169 1740 
4 901 8729 5567 1622 
4 126 9899 5434 2890 
4 5560 9510 4624 5243 
4 6204 827 1916 6070 
4 2934 4 860 680 
4 9107 7851 6688 7022 
4 2232 5735 9653 7963 
4 2041 638 432 7179 
4 5905 6044 7155 1781 
4 6501 7323 2016 2537 
4 3705 6648 5042 8855 
4 3874 6926 6250 146 
4 4911 8514 8697 45 
4 7711 7196 3175 261 
4 5610 997 7046 9824 
4 9398 7892 5467 2098 
4 9932 4589 1965 8091 
4 2668 3314 383 4934 
4 9897 1489 2540 4517 
4 1481 7222 9820 7225 
4 3454 9582 7829 1468 
4 2572 1453 1999 2960 
4 2992 9167 5274 2857 
4 9608 6592 8883 5293 
4 9091 3527 752 2804 
4 2846 1079 7558 4918 
4 3421 2086 5220 3009 
4 8434 5958 3266 1556 
4 3242 8837 4244 4503 
4 6352 6798 3868 4937 
4 3827 1967 1166 4594 
4 7607 2428 4886 6594 
4 6205 3317 1305 1758 
4 4047 6635 7717 5681 
4 2000 7135 1281 8203 
4 4671 1176 8605 5024 
4 3644 2883 1864 594 
4 599 4491 2858 2148 
4 8694 8480 4414 1982 
4 8967 2708 8447 6863 
4 5152 2150 646 1061 
4 5339 3618 5340 5253 
4 7730 8715 2090 4464 
4 5880 7279 4970 4102 
4 3682 7594 6806 5491 
4 2562 976 5415 8623 
4 9721 9370 7173 4985 
4 9067 4676 3945 6475 
4 2977 168 1044 7501 
4 8765 5651 1574 8306 
4 5101 5677 8986 7065 
4 563 532 8785 5416 
2285699