1628
2 3933 6099 
2 3278 7698 
2 9467 4786 
2 1475 2447 
2 5584 1788 
2 7445 7258 
2 5422 1640 
2 578 5804 
2 6427 2316 
2 8592 3810 
2 4333 7873 
2 7670 3038 
2 9733 5322 
2 1581 9838 
2 8861 4003 
2 8615 6556 
2 3660 5880 
2 3211 1276 
2 9014 1840 
2 4091 891 
2 6263 339 
2 2668 138 
2 8259 9723 
2 149 1381 
2 6369 8381 
2 9047 8597 
2 2374 8574 
2 7634 1541 
2 4386 2282 
2 6624 4647 
2 9830 8468 
2 4135 8750 
2 5464 857 
2 6302 9144 
2 2979 2885 
2 4701 5471 
2 8703 2706 
2 5994 9900 
2 2436 4835 
2 5945 6664 
2 5191 2562 
2 7867 4951 
2 8815 4633 
2 5937 276 
2 6356 6239 
2 4607 9008 
2 6347 386 
2 5427 3141 
2 5805 972 
2 1344 4707 
2 3282 6888 
2 4569 6477 
2 8901 4828 
2 3260 582 
2 5783 9460 
2 1229 4985 
2 3987 8637 
2 8756 5746 
2 7553 6160 
2 2312 426 
2 3375 1075 
2 4619 4034 
2 4120 7594 
2 3361 1767 
2 9217 7623 
2 9461 3082 
2 2372 2053 
2 6966 333 
2 3170 7095 
2 3398 2767 
2 2837 2714 
2 4520 3812 
2 7394 9210 
2 1634 3799 
2 6745 1555 
2 1279 1704 
2 6594 2926 
2 5219 3550 
2 6892 2100 
2 2669 8932 
2 908 7340 
2 4832 7369 
2 315 3363 
2 9190 791 
2 8939 5748 
2 5833 197 
2 8668 530 
2 2859 4283 
2 7113 8753 
2 3479 8842 
2 6391 1765 
2 5174 6103 
2 2098 9603 
2 9772 7134 
2 6301 7312 
2 5482 2458 
2 2097 8524 
2 7059 2337 
2 5153 4837 
2 8757 5483 
2 9837 5231 
2 6964 1055 
2 1743 4547 
2 827 2667 
2 866 5598 
2 8738 5909 
2 9881 461 
2 1191 8357 
2 5355 3062 
2 162 8140 
2 907 1296 
2 7738 5525 
2 739 9070 
2 3851 6805 
2 5560 6962 
2 6656 8166 
2 2724 9188 
2 3320 1561 
2 1614 2864 
2 2851 9297 
2 5308 5172 
2 3876 8169 
2 2538 184 
2 9585 9259 
2 8046 2633 
2 634 5199 
2 3291 517 
2 4577 727 
2 4160 5029 
2 3940 7626 
2 8401 3853 
2 4493 7355 
2 9549 6978 
2 9087 145 
2 9631 2247 
2 409 8675 
2 692 1265 
2 6996 1045 
2 7085 6265 
2 1411 6159 
2 5210 3313 
2 7585 6231 
2 8407 75 
2 6080 445 
2 7690 6798 
2 3776 6749 
2 3981 6 
2 4192 7929 
2 1731 1618 
2 8968 7970 
2 4142 4481 
2 7938 8981 
2 5532 215 
2 1112 2075 
2 3280 8801 
2 7107 7547 
2 708 8862 
2 1394 9840 
2 4114 2971 
2 6937 9153 
2 948 5724 
2 8923 5948 
2 4066 4395 
2 1339 7752 
2 516 4722 
2 1671 4361 
2 9140 6639 
2 4242 9842 
2 6675 844 
2 2694 9716 
2 7168 5333 
2 7737 917 
2 2438 4704 
2 3340 7802 
2 508 5662 
2 8958 1987 
2 5040 6619 
2 3526 7548 
2 1826 4486 
2 8681 2386 
2 5987 3472 
2 1663 9538 
2 6093 4658 
2 1920 1070 
2 3814 8875 
2 1032 8603 
2 3613 5658 
2 3283 6330 
2 8797 7556 
2 3384 5151 
2 371 594 
2 7748 6280 
2 220 5157 
2 6797 2548 
2 6281 1173 
2 295 3608 
2 7734 3618 
2 5827 9430 
2 8776 1616 
2 3500 4320 
2 6512 9459 
2 755 343 
2 7587 1000 
2 8355 5311 
2 1457 9374 
2 3121 1681 
2 9095 8134 
2 4776 4910 
2 649 6590 
2 4871 9421 
2 5258 9050 
2 1630 5762 
2 4760 2347 
2 2298 5936 
2 1661 4943 
2 1121 5112 
2 3715 2684 
2 3952 3874 
2 1505 5837 
2 437 5102 
2 593 1415 
2 2065 4688 
2 3385 9171 
2 6709 6213 
2 3195 8171 
2 304 2429 
2 9996 3300 
2 5954 7538 
2 7191 8973 
2 5901 8010 
2 3366 9521 
2 4990 6220 
2 7717 2195 
2 3796 7435 
2 571 7261 
2 1329 7068 
2 4740 4685 
2 5640 3698 
2 9928 9652 
2 6974 8698 
2 4365 2806 
2 9181 1828 
2 9717 8997 
2 1267 7446 
2 9748 4749 
2 3386 6078 
2 8645 1611 
2 2775 7959 
2 7535 4864 
2 2854 7780 
2 2672 9427 
2 8408 4000 
2 810 1180 
2 344 7586 
2 9183 9316 
2 5556 8344 
2 8144 4364 
2 6544 2077 
2 8243 639 
2 2513 991 
2 2185 5818 
2 3573 9197 
2 2738 9720 
2 9726 6071 
2 8608 5430 
2 4705 2687 
2 7872 4167 
2 2287 2535 
2 6246 5051 
2 3125 6188 
2 7680 5058 
2 6725 3873 
2 8711 1710 
2 6701 2930 
2 9056 3741 
2 7054 9522 
2 4024 5773 
2 8217 3843 
2 6491 5975 
2 4457 7083 
2 4839 5531 
2 1186 9411 
2 9338 1583 
2 5229 1632 
2 4919 6148 
2 9133 1314 
2 4068 8935 
2 4069 6401 
2 9408 3444 
2 9215 2055 
2 667 3911 
2 9146 9141 
2 8286 4444 
2 7902 4105 
2 6707 1622 
2 4220 6934 
2 9051 1290 
2 5108 6600 
2 2534 4029 
2 1402 6766 
2 2391 1677 
2 8095 8244 
2 6569 8999 
2 4670 4129 
2 2575 2362 
2 2643 3535 
2 6397 9554 
2 2681 7298 
2 9890 7086 
2 9030 7514 
2 4652 6120 
2 4226 5064 
2 1645 2824 
2 7557 3414 
2 6655 500 
2 733 259 
2 4826 3830 
2 1609 753 
2 7605 2180 
2 780 3954 
2 272 1882 
2 5755 8915 
2 3538 8663 
2 7948 3424 
2 3273 8771 
2 7862 1023 
2 2713 3015 
2 41 2103 
2 8107 6415 
2 3114 6711 
2 8394 8325 
2 6705 6954 
2 5323 4108 
2 6451 3470 
2 7742 7211 
2 1432 2397 
2 2812 1566 
2 8961 7132 
2 4136 5126 
2 2261 1058 
2 4316 3577 
2 8977 1522 
2 1118 1775 
2 4 5392 
2 205 4234 
2 4252 662 
2 3358 4090 
2 2116 8759 
2 2790 856 
2 3258 3475 
2 8324 4771 
2 9902 4565 
2 7520 6094 
2 2613 6101 
2 2676 7685 
2 1273 1367 
2 7014 754 
2 2868 66 
2 8334 2464 
2 5521 5292 
2 4690 9763 
2 9977 7507 
2 3249 6121 
2 8377 7069 
2 6550 2468 
2 5227 5849 
2 3658 8003 
2 7000 3982 
2 3945 5714 
2 5299 8876 
2 1212 7615 
2 5451 4599 
2 7745 7217 
2 1324 8683 
2 7280 8745 
2 180 3610 
2 1831 4844 
2 6983 3396 
2 2472 5094 
2 5825 689 
2 5408 5181 
2 3471 4020 
2 9351 7429 
2 8508 2921 
2 2283 7304 
2 7765 2357 
2 2683 7801 
2 5930 4198 
2 592 4294 
2 7913 9456 
2 9874 6175 
2 990 1657 
2 355 5766 
2 3711 9527 
2 7814 1568 
2 6018 8296 
2 393 2385 
2 118 3521 
2 9132 1371 
2 2174 9283 
2 8833 8962 
2 3920 6578 
2 1952 9662 
2 6861 8715 
2 8177 4122 
2 4381 529 
2 5009 8258 
2 4768 6925 
2 1575 6455 
2 8277 7860 
2 4940 3018 
2 9112 213 
2 2866 1473 
2 7955 5808 
2 7190 2638 
2 8249 284 
2 388 4358 
2 1431 9762 
2 6000 5876 
2 5986 6380 
2 3572 7781 
2 2111 1327 
2 5260 5645 
2 3095 9158 
2 5718 9531 
2 4117 1066 
2 3284 5820 
2 6693 7235 
2 9012 7992 
2 5891 643 
2 2020 4804 
2 3881 1452 
2 8871 2603 
2 4817 6048 
2 2621 5617 
2 8806 6354 
2 820 9846 
2 2871 8281 
2 3004 4085 
2 2624 7924 
2 9223 6931 
2 618 1030 
2 2529 567 
2 4307 9981 
2 3311 9016 
2 8557 2960 
2 4788 1850 
2 9869 341 
2 6458 7561 
2 4357 1790 
2 3 4507 
2 2071 954 
2 1835 6038 
2 6172 9021 
2 7006 4063 
2 8792 2802 
2 2039 7478 
2 6646 812 
2 7595 9704 
2 1271 1150 
2 9971 9090 
2 6856 9938 
2 6572 8457 
2 4884 7275 
2 1130 1697 
2 490 7323 
2 2658 3854 
2 270 2585 
2 113 3489 
2 7544 4989 
2 4405 9446 
2 2898 7398 
2 2886 6219 
2 5627 8909 
2 8799 496 
2 1519 4256 
2 7648 850 
2 8960 8321 
2 4783 3259 
2 5720 6019 
2 7706 9770 
2 486 6108 
2 9872 8636 
2 475 6036 
2 7999 4646 
2 9577 1821 
2 1979 5972 
2 5041 9995 
2 8380 7125 
2 6387 1876 
2 5745 6769 
2 890 9664 
2 111 4944 
2 6163 7241 
2 5156 6426 
2 6800 9457 
2 1057 6613 
2 4612 7494 
2 7487 6912 
2 4450 4313 
2 8891 7419 
2 7918 4112 
2 7570 4603 
2 195 9156 
3 6768 7833 2972 
3 2783 8337 5295 
3 6337 8268 9136 
3 5684 6487 4741 
3 8184 3079 6935 
3 2058 7832 5749 
3 4986 1133 8646 
3 7363 562 576 
3 1672 7374 8682 
3 8202 1766 1503 
3 2795 5851 738 
3 9700 130 7393 
3 4639 872 2402 
3 7140 6807 2260 
3 5964 410 521 
3 4712 741 1323 
3 1910 2456 2916 
3 6277 8136 1834 
3 9482 6587 8965 
3 382 3328 3463 
3 2407 996 7472 
3 4379 1248 2033 
3 5550 2172 2623 
3 2091 1228 6203 
3 9414 588 8452 
3 2025 2699 9071 
3 1601 579 4394 
3 4737 8694 5950 
3 1343 8565 2557 
3 2938 1871 6706 
3 9667 9870 3487 
3 8409 9359 5612 
3 3751 1011 6633 
3 988 3685 7308 
3 7791 3144 9209 
3 6516 9759 6531 
3 6441 4899 8585 
3 5878 1872 5624 
3 3939 9242 1223 
3 2689 6645 4509 
3 1116 3074 6923 
3 6476 6819 4355 
3 7495 7934 956 
3 2735 6815 1853 
3 5979 2394 962 
3 5593 3438 1858 
3 7151 373 5429 
3 448 790 8851 
3 9194 4194 8294 
3 8888 935 2725 
3 7147 2237 2040 
3 4736 7489 629 
3 2798 3124 3122 
3 3105 6870 7707 
3 8228 4719 7469 
3 249 6525 3852 
3 9978 1008 5537 
3 8053 9135 4711 
3 506 2417 8099 
3 5374 5352 5415 
3 359 3244 3510 
3 5233 9623 3031 
3 8288 4389 3410 
3 9174 4929 3182 
3 3805 9739 3823 
3 1148 9628 4452 
3 1531 1430 5958 
3 5526 2865 2202 
3 3631 4023 5629 
3 5469 6657 5764 
3 1892 6830 8534 
3 2722 2188 9659 
3 2565 9610 5023 
3 9165 1974 6388 
3 3993 3588 8359 
3 7828 1528 7364 
3 7081 7011 5830 
3 8685 8064 368 
3 8804 5098 5988 
3 6256 6780 1649 
3 5426 1864 8153 
3 3461 7846 3599 
3 4426 7910 4605 
3 7451 179 5044 
3 6621 9750 4994 
3 5441 7259 4396 
3 5925 1688 4045 
3 9213 9755 8506 
3 3611 1993 7116 
3 4224 974 2191 
3 968 7299 4153 
3 4459 6653 6417 
3 9066 6782 420 
3 6431 6033 7778 
3 2027 8229 7972 
3 84 188 7562 
3 2329 6751 7009 
3 7360 8250 6723 
3 5452 2880 9245 
3 4618 9963 354 
3 1565 8879 3176 
3 3346 1837 9703 
3 5882 9092 5420 
3 5022 5520 3492 
3 5924 2698 6132 
3 6515 277 5086 
3 4591 2751 8163 
3 1486 7640 6945 
3 2511 3432 7976 
3 3620 4958 9128 
3 2339 2303 5088 
3 1493 2079 8863 
3 5518 3629 9563 
3 4892 6237 3636 
3 9967 4380 232 
3 604 9539 8635 
3 8291 9221 6288 
3 1382 9503 2235 
3 3621 9055 1538 
3 5266 1194 3285 
3 6076 526 7692 
3 8580 3075 3547 
3 4880 5242 1048 
3 4303 5567 2734 
3 4794 2017 4636 
3 9447 9098 6183 
3 2418 654 108 
3 9485 5107 5968 
3 8426 2842 6467 
3 1968 9389 1322 
3 403 1375 8367 
3 5359 2354 140 
3 6535 6403 8375 
3 9645 2879 5207 
3 3190 3407 971 
3 4959 8927 4979 
3 6889 318 9129 
3 3600 310 4626 
3 8373 7149 2295 
3 7232 4056 8194 
3 5589 3777 1105 
3 6003 1388 5557 
3 1904 1961 8945 
3 2774 1477 8121 
3 7219 5515 7531 
3 5445 4423 3314 
3 5360 28 3809 
3 2757 3127 624 
3 8897 6846 3844 
3 9769 522 7079 
3 8024 8995 9106 
3 2278 83 8246 
3 9335 5085 106 
3 1727 2652 858 
3 677 6294 127 
3 6070 752 6165 
3 3567 3175 3025 
3 1752 1196 3545 
3 3988 4111 3559 
3 6897 5735 9955 
3 5574 725 7863 
3 2334 8893 4727 
3 2371 3293 7454 
3 7793 5558 7094 
3 4478 4165 2160 
3 9765 8834 7015 
3 376 267 7555 
3 7405 5961 8135 
3 6035 9557 8511 
3 8520 6011 8491 
3 7172 6863 5240 
3 8290 6430 5057 
3 1386 1018 9237 
3 781 1602 8922 
3 1593 119 1383 
3 9855 7058 8302 
3 7941 5699 7991 
3 8301 9661 746 
3 4211 3696 822 
3 1524 3490 3833 
3 5358 6899 1407 
3 8662 3686 7512 
3 8133 8688 7019 
3 3066 1303 9134 
3 1701 4874 9999 
3 7625 7584 182 
3 9424 1481 7362 
3 573 1302 8807 
3 679 2657 7844 
3 6714 1674 4001 
3 6973 6032 1847 
3 5134 6170 5826 
3 4824 2963 6404 
3 2242 2528 3986 
3 3425 6133 737 
3 2944 3041 6460 
3 5663 498 4403 
3 4009 126 9854 
3 5407 1937 4848 
3 8678 4793 7604 
3 6470 3664 6006 
3 1364 1865 5192 
3 9721 5763 4529 
3 2800 3974 1898 
3 8572 4801 7448 
3 186 6855 7477 
3 5212 3763 7131 
3 1462 4792 2746 
3 3359 479 3064 
3 1695 7263 5981 
3 9799 5370 3290 
3 4553 1496 9729 
3 9252 3744 402 
3 8963 9858 8283 
3 8403 93 9017 
3 9115 5929 2811 
3 1782 421 6518 
3 8349 1905 4920 
3 1927 9702 429 
3 830 305 7224 
3 3671 9573 1297 
3 943 7661 5695 
3 7798 2445 3509 
3 9829 7242 2929 
3 913 9081 4585 
3 8864 6449 1551 
3 6806 3071 6901 
3 9852 2697 7413 
3 2595 3722 2302 
3 228 4677 171 
3 3010 3835 7969 
3 7016 406 8669 
3 7598 5886 6469 
3 6086 9448 9632 
3 8051 4043 7358 
3 9809 247 9888 
3 4431 7051 9732 
3 3480 3356 9406 
3 4336 7540 2072 
3 5582 4342 7541 
3 1714 1839 2145 
3 523 5115 6670 
3 3536 3976 2446 
3 7486 3183 2573 
3 1333 1591 7925 
3 7772 9878 3037 
3 7668 7777 4409 
3 187 4006 1856 
3 5705 2710 5152 
3 6349 3247 8196 
3 4229 3399 9941 
3 4729 4726 2909 
3 9206 347 7401 
3 942 1590 4593 
3 910 804 2890 
3 9975 6201 325 
3 6412 6332 5185 
3 2494 1106 6746 
3 2137 8781 9425 
3 7161 3637 4512 
3 8777 5294 1895 
3 7993 6139 1867 
3 5493 5638 839 
3 5603 4118 6107 
3 1281 6940 6224 
3 7076 1686 7378 
3 8928 8598 1347 
3 5816 3556 7750 
3 6208 1607 9805 
3 1762 6308 5017 
3 9710 6565 8629 
3 2819 7055 3803 
3 9045 726 2207 
3 1997 9036 7769 
3 1866 7981 918 
3 7189 5121 1702 
3 4588 5947 224 
3 6559 1135 1096 
3 9277 2057 7166 
3 6592 3524 8057 
3 8525 8117 7870 
3 9180 5503 6306 
3 6610 6074 5709 
3 463 9847 8074 
3 1849 4281 3482 
3 1239 5592 5761 
3 9240 3786 4563 
3 471 487 9038 
3 6793 7892 233 
3 6872 3569 4390 
3 596 2292 9773 
3 7747 2587 3949 
3 8640 4343 2904 
3 7516 9921 2522 
3 3950 427 5772 
3 80 2934 2353 
3 3737 5797 8266 
3 5596 3896 1016 
3 6052 9381 3357 
3 6278 3901 9793 
3 7851 2104 7829 
3 2168 6527 4928 
3 5590 4385 5302 
3 3591 3919 3403 
3 8822 4750 2988 
3 8027 9059 713 
3 3427 9886 2291 
3 2003 2769 1033 
3 8270 8432 8713 
3 7746 7458 7474 
3 3795 375 7739 
3 7499 5218 8173 
3 6040 4228 324 
3 2199 638 4502 
3 1679 8048 912 
3 1300 2189 7506 
3 2610 5646 9785 
3 3878 183 3748 
3 7663 8172 7933 
3 512 2490 6982 
3 3859 5136 1151 
3 4302 5729 7357 
3 646 7418 3820 
3 1923 5951 4028 
3 7254 5779 6677 
3 7528 4277 2439 
3 8857 3189 3695 
3 9353 9086 7633 
3 1434 8723 7372 
3 1647 687 3644 
3 2135 5159 7875 
3 7803 2405 2356 
3 1237 3172 5024 
3 6017 1558 474 
3 3033 6642 1291 
3 7124 9745 2730 
3 9953 3325 6341 
3 9792 9804 7877 
3 1741 8560 1512 
3 9547 4696 8418 
3 2555 9311 4154 
3 6206 5476 1345 
3 6312 7213 3102 
3 6933 3429 2632 
3 1547 9969 2682 
3 9771 2051 3476 
3 7811 6995 379 
3 9488 4758 457 
3 828 7077 7784 
3 2133 8735 5788 
3 2776 7392 7834 
3 6568 2541 4373 
3 5674 7444 9073 
3 1179 4902 1099 
3 2412 5527 2521 
3 5273 3938 4930 
3 8852 9934 2607 
3 1026 4049 4956 
3 6511 6409 9169 
3 7205 5666 4420 
3 5859 757 8728 
3 6191 4831 5647 
3 7039 2452 6480 
3 1972 5504 6763 
3 9137 5935 773 
3 8156 6371 4531 
3 8232 519 3019 
3 8311 9327 6029 
3 5241 436 4041 
3 3612 9325 8855 
3 6358 1664 3119 
3 8749 3081 5501 
3 8925 5114 7517 
3 4511 3807 1189 
3 9432 7091 4754 
3 5262 7887 7311 
3 6506 6630 8066 
3 9062 8175 6813 
3 2654 8622 5368 
3 4488 4408 6795 
3 3826 4516 8077 
3 1709 2042 983 
3 7037 1582 9849 
3 7743 5155 1192 
3 3846 2341 7449 
3 865 8967 170 
3 4388 2125 2364 
3 9925 9347 8719 
3 9455 1445 6570 
3 6574 2680 6695 
3 5341 1052 6860 
3 3705 8476 6727 
3 7836 8411 33 
3 31 9719 8292 
3 7990 1391 8089 
3 9396 3236 8165 
3 17 2933 1047 
3 5940 417 9709 
3 5664 1494 1800 
3 4384 8904 2149 
3 3373 4415 2328 
3 2015 8122 8760 
3 6215 8808 7118 
3 7243 978 1683 
3 5120 3856 5203 
3 2290 632 7192 
3 5293 6999 1537 
3 8680 8812 1038 
3 5704 5478 4438 
3 3336 4473 9665 
3 2449 5605 2481 
3 1703 9559 2152 
3 5066 1254 4611 
3 2426 3054 8385 
3 3088 1754 5688 
3 4800 4992 7749 
3 5991 4215 8313 
3 3832 156 4642 
3 802 759 3341 
3 610 7295 6072 
3 7012 5581 2177 
3 929 8496 4076 
3 2631 3617 3107 
3 4769 8625 6037 
3 1195 7187 540 
3 8521 6158 2410 
3 5824 3165 5810 
3 9356 2365 59 
3 6504 4551 7137 
3 6583 7677 3460 
3 6809 9358 1595 
3 6129 887 2768 
3 1626 3413 6571 
3 7368 6051 767 
3 8198 3963 2311 
3 5261 6046 7249 
3 6737 9895 4101 
3 3441 2745 7385 
3 9434 9308 1552 
3 7297 2280 8687 
3 9976 6918 9398 
3 3212 4349 7916 
3 2123 7470 6521 
3 263 1916 4952 
3 8931 8566 9117 
3 4798 8331 69 
3 1233 8746 6394 
3 3381 3248 6283 
3 8487 345 1043 
3 5198 3721 413 
3 534 4377 9022 
3 2138 880 7731 
3 3261 7199 3626 
3 5290 1306 6493 
3 8794 2518 6209 
3 4412 1439 3084 
3 7002 3857 4703 
3 8651 4963 3923 
3 1198 4315 6340 
3 2281 5002 3687 
3 6102 2488 39 
3 9423 8220 4371 
3 4147 1461 2115 
3 4732 1650 7114 
3 8180 4227 7088 
3 3228 2604 2068 
3 6557 9186 9901 
3 8555 4005 9693 
3 9871 5559 768 
3 4318 9609 6138 
3 2305 6489 5775 
3 3886 2122 9054 
3 4347 8052 6987 
3 5062 9279 2206 
3 5384 5685 2073 
3 7097 1449 7070 
3 9994 5694 7699 
3 6275 3205 85 
3 2906 9813 9532 
3 6425 7673 716 
3 1982 6943 1973 
3 8768 8113 3941 
3 9125 4326 1957 
3 9465 4087 70 
3 29 3736 1978 
3 1446 5068 6503 
3 203 2961 2009 
3 3478 6344 7662 
3 7341 1832 71 
3 9715 3992 653 
3 4027 4544 6385 
3 2203 4100 6457 
3 6061 7575 608 
3 9775 1893 1082 
3 5949 2140 14 
3 6173 5015 4050 
3 1236 2539 9333 
3 933 2331 4904 
3 6593 7066 842 
3 5084 4724 2466 
3 5274 8869 5382 
3 7163 7352 9879 
3 3534 2778 2336 
3 7583 5785 6748 
3 4513 4886 4084 
3 2642 4644 2455 
3 384 7309 893 
3 4174 9152 8591 
3 3643 240 3593 
3 9189 8251 6708 
3 6977 7917 9239 
3 3442 3946 6055 
3 5206 6382 6228 
3 1444 792 2013 
3 6741 8514 4602 
3 6783 8859 4582 
3 6062 4926 9499 
3 2533 9650 7979 
3 8976 831 944 
3 9936 6564 9224 
3 7645 2317 8568 
3 4608 504 459 
3 7527 8526 3135 
3 9906 2141 964 
3 7492 6117 9922 
3 4560 2454 3790 
3 575 7065 6279 
3 560 9597 6448 
3 1553 9105 4879 
3 8492 8016 5475 
3 8304 9023 7618 
3 2705 7408 6648 
3 6944 8131 4953 
3 779 4858 3468 
3 2867 5278 2117 
3 7210 9039 7029 
3 7121 1667 9360 
3 1776 8412 1540 
3 5610 9914 7529 
4 5719 9984 4079 2931 
4 6316 8308 8 3060 
4 6167 8644 55 8827 
4 3296 6463 5754 6597 
4 7996 4534 4819 4446 
4 8989 9110 4179 2918 
4 1374 8673 6939 3100 
4 1771 1783 8470 5321 
4 4840 5644 2962 363 
4 2167 300 3171 5543 
4 7932 6124 7388 1945 
4 8954 1991 1797 9633 
4 7041 1350 9309 3793 
4 5466 4491 2300 3710 
4 176 1072 1161 1270 
4 8425 1805 8072 4369 
4 2321 5243 1438 2666 
4 4164 8422 7914 1807 
4 7817 6130 4306 2729 
4 3980 8950 8621 703 
4 4334 4330 103 2151 
4 4209 2967 9403 7306 
4 3995 5416 6059 3301 
4 446 1268 9241 5171 
4 4630 8816 7383 6351 
4 4903 4589 2355 2728 
4 7142 763 5971 338 
4 9564 2381 6068 1170 
4 1285 2007 9970 3120 
4 1335 9437 7947 6762 
4 8975 1177 5686 4195 
4 8450 5673 6508 8111 
4 9722 6221 8241 3007 
4 1511 4590 8589 7813 
4 9366 5080 4980 275 
4 7985 4973 7926 4533 
4 6595 9982 5196 5184 
4 7559 4331 9313 6258 
4 1648 7629 1589 5817 
4 6734 2908 2060 9475 
4 6028 4439 6853 352 
4 3880 5213 2218 425 
4 1523 9495 8047 3013 
4 3337 3522 4051 7289 
4 8535 749 9176 4124 
4 3051 9856 846 1142 
4 2255 2114 9076 378 
4 4691 3564 1841 9591 
4 4634 5943 8500 434 
4 1781 3001 3773 6065 
4 330 605 3601 4080 
4 3036 3646 3863 938 
4 710 838 1900 2089 
4 947 9594 6112 4856 
4 9651 7438 7084 5455 
4 8364 2205 5999 6904 
4 3947 7708 241 5725 
4 5356 6353 2594 1935 
4 9472 4237 4464 9513 
4 5412 5680 9033 707 
4 3321 1635 9466 1773 
4 7045 8602 5959 5305 
4 4635 2598 1959 5404 
4 5461 2701 4282 433 
4 7310 2840 5306 5019 
4 7590 8306 4190 499 
4 7488 3719 1907 2695 
4 7152 2777 4418 6543 
4 1093 5480 5418 7989 
4 4197 1274 1230 4458 
4 6295 2561 8505 5054 
4 2150 8260 5286 673 
4 3134 6290 8433 4581 
4 1124 9611 1844 7463 
4 6601 1266 1822 7859 
4 5285 598 4717 1777 
4 8616 6325 7657 3140 
4 2387 2088 1926 527 
4 5488 9919 7040 8964 
4 160 8475 4155 4663 
4 7457 3145 8404 5546 
4 5892 5387 7613 1360 
4 7549 1902 54 6878 
4 3642 3906 4723 9416 
4 2345 4574 193 3108 
4 8279 6826 5127 1520 
4 4765 428 8150 6980 
4 4594 5572 4730 4833 
4 9583 3194 9002 9393 
4 4145 9515 9735 7285 
4 7127 6879 5982 7043 
4 8649 8326 8992 6444 
4 9572 704 4225 8584 
4 2936 8147 8139 6558 
4 877 9685 3780 6922 
4 771 8845 4777 36 
4 8341 6868 1244 4447 
4 212 7760 7600 7209 
4 2952 7888 965 9440 
4 7389 6985 3420 7247 
4 6682 5721 888 8894 
4 6199 4026 6585 4249 
4 2105 435 2959 2630 
4 8516 8070 1899 7461 
4 2035 6297 5300 5 
4 9560 9053 5330 2178 
4 8429 5468 7075 7186 
4 2024 4311 6549 7617 
4 5078 3855 9743 5365 
4 2297 2896 3132 5337 
4 2370 6801 2244 1002 
4 1156 3263 4455 6482 
4 4983 9948 6016 7072 
4 4548 3421 3401 3499 
4 2702 1421 1165 7899 
4 3241 9740 4040 7612 
4 2338 8042 1737 4570 
4 5039 288 574 1631 
4 3815 5962 1560 8743 
4 3043 6522 876 7173 
4 3774 4795 3783 7439 
4 2419 5245 7804 8351 
4 8695 7566 9352 4955 
4 612 9923 4218 6109 
4 2968 8552 1488 4988 
4 1606 808 6164 7365 
4 4338 3181 5887 5467 
4 7792 4235 2953 3622 
4 554 1442 5125 9989 
4 6715 2504 7631 6319 
4 3382 7686 7335 1682 
4 314 1050 4279 8323 
4 8387 1563 8124 7788 
4 2201 4978 1126 8224 
4 9509 7820 19 8209 
4 2276 4814 8671 4322 
4 7090 155 3391 4878 
4 74 4398 4526 135 
4 1071 1031 2782 7080 
4 7886 90 4857 5881 
4 7825 6272 1139 1748 
4 3288 6902 250 2499 
4 5767 6184 5990 7397 
4 5385 1747 3648 8778 
4 8972 5421 1174 5313 
4 3469 2197 825 7300 
4 9851 7835 6039 860 
4 2619 5903 6814 9749 
4 8780 491 8763 9778 
4 3574 2404 1578 3568 
4 3117 3630 2231 8456 
4 1258 9496 4290 6373 
4 6620 4433 1585 5350 
4 8907 1764 6773 905 
4 1986 4934 552 3210 
4 8085 3580 8664 1399 
4 4089 3772 4521 6218 
4 6081 8484 3740 5448 
4 7240 211 6958 5893 
4 7260 7696 660 3230 
4 432 9791 5263 4025 
4 7313 3254 5853 6881 
4 1545 7695 7035 3106 
4 6363 8942 2389 9525 
4 2011 5235 3083 7074 
4 4622 2148 2709 1332 
4 5536 8631 4763 8619 
4 4617 4576 3483 7949 
4 1600 3932 24 6005 
4 4683 1132 2153 3397 
4 2720 5839 6113 8391 
4 4949 9908 5317 7543 
4 5806 8271 7020 8655 
4 6247 3333 3692 1971 
4 2753 4615 8262 129 
4 5973 3529 6134 616 
4 693 6539 2650 6342 
4 2828 6563 4053 5917 
4 9168 4397 4935 3897 
4 6365 2233 3352 5831 
4 8692 8063 9375 6615 
4 2083 2893 405 1108 
4 3459 6903 8486 9962 
4 8850 3029 101 1199 
4 9606 3791 5168 1970 
4 3044 217 6663 3576 
4 2225 505 982 7702 
4 7687 1544 8152 7983 
4 6485 8333 9966 5862 
4 4332 7230 2825 1224 
4 9806 4213 1536 7986 
4 2995 6483 1417 7092 
4 2139 8522 9139 480 
4 2606 6368 4735 6304 
4 7620 5615 9148 633 
4 4859 5460 7462 6738 
4 317 2272 3447 7164 
4 6951 3016 3584 9436 
4 5105 8421 1885 6348 
4 3525 7973 585 2874 
4 2560 1426 3755 8483 
4 923 6465 4841 1673 
4 2134 2390 5065 5003 
4 8789 2046 5150 5571 
4 6915 1378 507 7347 
4 6179 7171 5060 712 
4 9690 5449 7654 8289 
4 3046 2473 6021 8037 
4 2523 5492 3454 6419 
4 2635 6845 4254 5750 
4 9548 4265 4649 916 
4 2421 8660 3430 8853 
4 46 7283 2258 3706 
4 1250 9185 1480 5234 
4 7262 1543 743 5553 
4 7608 8690 7216 5026 
4 3292 7571 6986 4997 
4 1069 4421 4555 466 
4 7703 5413 6993 279 
4 5433 2964 3345 1678 
4 4673 7838 2878 1700 
4 1996 3496 6837 2645 
4 3264 9894 1040 1665 
4 722 2703 9262 1694 
4 6887 6169 6665 260 
4 5790 9312 745 8261 
4 8847 253 6681 2556 
4 6895 2360 9600 5923 
4 4323 1482 5516 9121 
4 137 4448 8328 6252 
4 1029 3178 1098 1660 
4 8129 5650 3596 8558 
4 7491 6772 4825 8239 
4 1873 7428 265 5726 
4 3239 851 6650 9926 
4 6894 5967 1485 1836 
4 2646 1738 3905 9974 
4 7616 8611 1772 8062 
4 7755 6866 2216 15 
4 3434 9445 3666 86 
4 6994 9433 9917 6534 
4 1675 4657 52 8740 
4 3766 3628 2224 2451 
4 9285 8060 4382 9061 
4 5956 4013 9435 8356 
4 6606 9566 6180 903 
4 8130 7758 6433 9417 
4 1064 3917 9334 8213 
4 1999 1842 4269 5588 
4 6197 1084 488 8453 
4 7883 7288 131 6796 
4 3742 8802 8299 3047 
4 1896 8039 7345 8542 
4 9528 9187 2435 3448 
4 4489 2310 1005 984 
4 6235 296 8765 1711 
4 2685 7339 7100 9450 
4 9385 6305 9147 7565 
4 1131 4948 2343 7044 
4 5912 3720 4891 8155 
4 5575 8666 5738 1292 
4 4202 6251 1001 7655 
4 4598 7183 8214 96 
4 2267 2021 3419 7577 
4 161 8353 5106 2743 
4 4372 8118 6627 4710 
4 9663 2006 9394 281 
4 7273 5608 3153 7441 
4 7146 5149 1234 1880 
4 2721 9476 5953 7664 
4 3999 9443 4550 4116 
4 5758 7922 9442 9810 
4 4645 9619 7087 7931 
4 9940 3073 7443 6257 
4 5883 4554 8216 7693 
4 7980 6930 8399 5623 
4 9841 9354 8126 8878 
4 2170 2596 9502 7354 
4 6327 3267 8188 4882 
4 1410 6309 2498 3299 
4 9695 4762 9284 5965 
4 377 4796 6835 3276 
4 7028 2975 1739 8347 
4 3477 7659 2395 9063 
4 4345 1689 7175 8035 
4 4014 464 3485 6680 
4 262 7849 4073 8539 
4 3158 5146 3831 8119 
4 902 555 823 3133 
4 5214 9540 2993 395 
4 9905 2907 9620 8481 
4 9523 5345 9391 8991 
4 6050 5319 6326 3837 
4 892 6728 9179 1389 
4 7725 9196 114 4273 
4 7046 6004 2437 2649 
4 6284 796 1435 2304 
4 5443 809 7650 9034 
4 342 5907 9345 3023 
4 5225 6456 1975 6729 
4 9781 5238 7291 8929 
4 8849 1685 6447 4370 
4 7193 550 6898 9754 
4 2589 870 6891 3680 
4 3318 3606 3543 572 
4 5348 8594 9826 3699 
4 9747 4188 9698 5097 
4 4747 2520 9418 2752 
4 5442 7815 5304 9205 
4 7840 5496 1238 3645 
4 5946 8493 4445 7234 
4 6584 5236 9497 9265 
4 5577 3750 6090 1517 
4 1501 5092 1796 3216 
4 7951 6144 6758 4312 
4 4971 167 9138 3632 
4 2289 8654 6852 5264 
4 2265 520 5230 9897 
4 9064 3067 252 8307 
4 3360 6697 3130 4699 
4 4870 243 3412 7332 
4 2031 4720 7519 5665 
4 1628 6579 9339 4308 
4 4196 1843 7966 3256 
4 3050 3590 6628 1425 
4 165 2639 4782 1749 
4 6850 855 5585 2299 
4 5462 1320 4557 9578 
4 3614 4999 4131 5335 
4 8427 9127 8352 5252 
4 602 365 8461 4680 
4 2549 705 291 8825 
4 6589 3716 2718 278 
4 874 2467 4549 6450 
4 3217 7726 9985 1013 
4 2835 1760 6911 346 
4 7109 1803 1092 9558 
4 5916 6250 9916 2660 
4 5269 8235 174 7601 
4 9010 5802 8567 1159 
4 6787 1451 8464 5339 
4 3348 2399 8218 9816 
4 1128 6804 4133 6223 
4 3193 1612 9997 1433 
4 104 4292 1554 5984 
4 5200 483 5035 691 
4 4321 1617 8374 5053 
4 6946 8116 1137 3634 
4 2497 9965 5103 3173 
4 7129 6649 3200 3683 
4 6324 6370 1859 2379 
4 528 2227 1769 7021 
4 7636 9191 6667 4921 
4 6414 6268 7592 231 
4 47 5654 8354 2401 
4 5787 3344 5011 264 
4 6750 7667 1184 8078 
4 2784 6691 5807 5282 
4 411 7481 1034 6668 
4 9328 9343 5681 7599 
4 164 1514 7391 2128 
4 9776 5419 1735 1028 
4 5864 3866 2957 8416 
4 2320 2478 5616 1448 
4 4894 1644 7515 2489 
4 2187 2301 3998 7716 
4 1251 340 9555 6115 
4 5700 6575 6654 9164 
4 9404 8936 4628 1756 
4 4984 7842 4008 6811 
4 4791 9822 543 3123 
4 5604 7930 8758 3781 
4 6685 9370 2691 9244 
4 5542 298 4030 863 
4 5038 8204 1219 2902 
4 6810 1728 3034 3353 
4 7025 7089 8554 7143 
4 7182 3086 7700 3955 
4 1158 336 8093 2741 
4 5906 7188 7795 878 
4 3602 9711 8417 8395 
4 8440 8614 242 5154 
4 12 642 1942 8679 
4 3579 2061 6717 5801 
4 2263 5693 5440 8025 
4 2678 1168 5625 539 
4 8201 4954 6149 6722 
4 9464 9281 3546 8120 
4 1078 6432 4946 3005 
4 9270 9660 8448 6984 
4 2271 4519 4310 8161 
4 3845 2246 2564 1226 
4 337 3850 9542 1954 
4 7666 5093 5055 3689 
4 3691 9266 1770 9604 
4 1940 6906 9992 2978 
4 4109 5814 6496 7597 
4 9931 7407 6803 3537 
4 1653 5885 9116 2512 
4 4052 2656 3778 5405 
4 4476 551 3266 1884 
4 1608 4096 8112 8786 
4 5128 1810 469 7287 
4 7208 672 1249 8899 
4 4939 3365 8665 2136 
4 3848 8577 1874 7160 
4 5980 9344 3757 2900 
4 4779 316 8701 2162 
4 9390 1369 3704 1787 
4 7281 4199 7278 3912 
4 8058 2780 6880 1256 
4 3014 7909 3063 3450 
4 2873 6776 7880 8704 
4 5291 9229 4561 9278 
4 2322 1922 3188 2294 
4 1346 8551 8578 1652 
4 9367 2836 4487 7048 
4 2182 9516 2983 7336 
4 999 3758 2373 8764 
4 6540 5287 4107 4665 
4 6970 5124 9817 979 
4 4272 6802 801 7740 
4 9861 3769 8970 4728 
4 686 6652 3449 7574 
4 1330 6859 3718 2677 
4 8151 3996 3078 2217 
4 3215 5934 7450 4362 
4 8338 2166 7111 8008 
4 4812 5032 9321 8097 
4 4253 4568 8744 7965 
4 5357 9780 2273 6523 
4 2723 8389 4660 619 
4 8831 9681 1533 4595 
4 6147 1604 6874 7004 
4 381 8823 335 1406 
4 4915 2715 1597 4564 
4 13 1120 4964 1546 
4 1717 5696 1107 6227 
4 9533 3049 5795 1513 
4 879 8953 8018 3849 
4 1443 5457 5655 6761 
4 1211 7387 458 8105 
4 5926 9084 4350 389 
4 5591 418 7060 2501 
4 4596 1357 443 3641 
4 2279 7010 3220 1088 
4 8652 5436 1203 230 
4 5992 3822 740 2516 
4 815 3225 2220 1217 
4 2974 2383 7852 994 
4 8914 7024 9035 1312 
4 1246 3828 3392 3234 
4 3097 9273 8346 9288 
4 3676 4789 5836 1784 
4 261 1692 8787 6658 
4 18 4500 7505 2597 
4 1629 1356 4977 699 
4 5025 251 2240 9422 
4 4205 56 668 4430 
4 5989 5490 8798 794 
4 6972 2572 977 8741 
4 8090 6282 3390 7373 
4 9579 2221 8231 6969 
4 3511 2984 2090 9289 
4 4925 5398 3560 8835 
4 5074 7255 5338 8265 
4 6629 5453 4942 674 
4 9493 7440 4849 5648 
4 4499 8065 3335 7274 
4 2797 1755 225 7602 
4 9850 5552 8310 7244 
4 2326 7207 7380 8495 
4 5473 8088 5528 2692 
4 9998 2822 1275 2157 
4 3192 3274 6428 2648 
4 8872 3885 9701 9561 
4 9797 79 3289 2809 
4 4681 4654 1532 9395 
4 6981 2785 6453 462 
4 2742 8267 4393 4246 
4 6843 2766 2813 2826 
4 1362 4962 1348 3113 
4 6736 7496 9280 3841 
4 8523 9484 4739 2482 
4 8033 2092 3589 6189 
4 7062 1785 1712 1820 
4 2228 6586 986 7268 
4 7064 3137 644 7580 
4 9438 5193 6242 6027 
4 5854 5187 6492 3760 
4 909 919 7684 6884 
4 2888 7169 9673 6058 
4 5178 3377 8143 6950 
4 9227 8004 1145 8125 
4 8480 4352 3916 4731 
4 941 5283 7338 2704 
4 2234 4982 1718 4177 
4 3738 4505 4251 6240 
4 9752 1035 8438 3700 
4 5690 6154 8912 9382 
4 5744 6229 7642 6532 
4 2553 7876 1823 1420 
4 4359 4872 2509 2758 
4 2080 5813 9362 5211 
4 5320 6500 4187 5402 
4 6339 6274 9452 4936 
4 7176 3326 5832 5597 
4 816 1838 5050 2955 
4 9951 5533 1328 2998 
4 8613 2760 2325 4580 
4 7912 688 5208 2762 
4 8782 5622 4587 9009 
4 5277 201 2803 5871 
4 4527 7908 6381 4121 
4 4456 4592 6838 3307 
4 3270 1428 5166 9758 
4 7334 5587 6640 1969 
4 2547 4965 6959 7756 
4 4062 3110 690 9582 
4 4201 8141 9093 8881 
4 2674 9979 303 9322 
4 6644 2099 9332 4074 
4 9060 1021 5250 4293 
4 6105 2748 454 6123 
4 8007 4702 955 4883 
4 2818 881 2796 2744 
4 8494 2250 199 3965 
4 8128 8634 5578 472 
4 3701 1642 9057 7502 
4 4162 3971 5095 4428 
4 4128 9624 3694 9119 
4 760 9524 5509 329 
4 4575 1641 2761 1951 
4 3656 8512 5288 1515 
4 9565 2545 5861 1049 
4 8659 7 1804 4467 
4 4545 7266 9314 9680 
4 6321 9251 1580 2144 
4 5077 7269 824 2190 
4 5667 266 1309 818 
4 5195 2550 1980 8712 
4 6468 9885 6929 9617 
4 1720 8431 723 5609 
4 4442 7178 3727 7596 
4 6311 3369 2423 590 
4 2808 7903 2173 6501 
4 5373 6273 8956 8940 
4 9420 3272 3507 774 
4 8186 5223 6372 9019 
4 5409 5547 4054 9170 
4 1526 995 7490 2363 
4 7233 6420 2081 9387 
4 4210 3394 6266 9639 
4 9896 2985 9260 1507 
4 4490 5247 4968 5879 
4 67 630 2067 9550 
4 8280 5691 2508 2352 
4 2480 7459 5626 9689 
4 4270 6941 7141 627 
4 5541 7643 6474 125 
4 6608 9932 4094 2815 
4 9504 216 8736 586 
4 7061 3101 1855 9588 
4 1668 628 9812 4752 
4 2002 7033 4506 8192 
4 4123 2943 7333 4432 
4 401 210 669 6008 
4 4015 7293 6822 8587 
4 4518 2707 9372 8543 
4 7222 9307 6957 9512 
4 5316 4543 4601 2856 
4 2085 841 9355 6764 
4 4541 1114 8195 3761 
4 6177 6890 8653 8382 
4 7672 2875 531 9647 
4 3532 4276 394 7646 
4 651 9608 2670 9889 
4 5395 7483 73 4637 
4 3640 6416 6631 7292 
4 9282 7866 5564 1624 
4 6689 5428 958 9295 
4 4627 2251 7238 4325 
4 5204 2515 412 9686 
4 2450 6437 6760 7038 
4 9029 9131 4609 1833 