1628
2 26563 57232 
2 3212 61015 
2 4345 57799 
2 33595 4088 
2 4543 5536 
2 3534 34274 
2 66320 54392 
2 92755 72634 
2 39147 35215 
2 89732 42546 
2 23025 55513 
2 96884 20808 
2 74412 88611 
2 82138 65084 
2 39868 94179 
2 78610 63760 
2 66255 23075 
2 35788 30741 
2 24193 99533 
2 4219 78957 
2 39442 18995 
2 84843 32196 
2 37140 95229 
2 35577 13073 
2 31111 76105 
2 24186 91484 
2 13476 64391 
2 45241 14975 
2 59229 59541 
2 93963 9997 
2 86401 31986 
2 83683 6069 
2 2109 85904 
2 31591 77570 
2 1521 41260 
2 34194 97729 
2 31556 54161 
2 58081 66697 
2 92581 8844 
2 96978 41633 
2 91558 15064 
2 68277 73699 
2 51100 54952 
2 47607 25622 
2 63951 39314 
2 37684 4995 
2 59618 35511 
2 18598 42384 
2 67318 94401 
2 55428 11002 
2 35682 38422 
2 2468 19665 
2 18054 73523 
2 85197 78423 
2 64983 74184 
2 99808 29115 
2 95578 78789 
2 21760 97425 
2 72739 49555 
2 23683 69335 
2 48584 17304 
2 32231 83347 
2 26963 57065 
2 6970 49571 
2 22370 41416 
2 61437 58984 
2 42855 53523 
2 43579 92851 
2 36622 99684 
2 49507 74201 
2 32609 7659 
2 94204 38677 
2 59563 66414 
2 94360 75766 
2 30679 7131 
2 42350 6515 
2 31866 61436 
2 70737 15725 
2 67919 59933 
2 12284 50051 
2 61228 95944 
2 63605 40546 
2 5319 20792 
2 17081 41925 
2 57913 8275 
2 60965 6461 
2 25598 14754 
2 94355 38613 
2 15279 82894 
2 44294 17065 
2 71467 5542 
2 47092 31613 
2 88042 26309 
2 68006 80731 
2 21257 71758 
2 40290 61448 
2 8064 73905 
2 1784 35711 
2 35626 79574 
2 6124 38032 
2 82687 92000 
2 28615 58366 
2 18253 96728 
2 4265 63819 
2 81582 90593 
2 91998 34252 
2 10162 69465 
2 61353 11300 
2 7348 583 
2 2502 7604 
2 95496 92376 
2 2129 91080 
2 70508 84446 
2 57207 31618 
2 35205 17348 
2 41542 44528 
2 46486 30509 
2 23950 4705 
2 22842 58565 
2 95169 36462 
2 13492 60393 
2 77756 91677 
2 63665 95386 
2 426 12793 
2 21818 23834 
2 1333 63173 
2 57467 79317 
2 14171 54296 
2 82422 86305 
2 7746 75084 
2 7031 59025 
2 91843 67695 
2 36872 94988 
2 88921 52250 
2 3323 71241 
2 60908 69546 
2 17144 41514 
2 61563 35602 
2 80007 7973 
2 22435 41410 
2 33492 60565 
2 17604 87432 
2 79693 98475 
2 25381 70921 
2 46574 52765 
2 83536 43036 
2 1148 67574 
2 21780 74438 
2 97711 44956 
2 79065 59641 
2 56368 84730 
2 97324 77655 
2 95855 66196 
2 93424 25669 
2 49628 30659 
2 98440 9199 
2 32016 27058 
2 53047 98176 
2 9983 48231 
2 94886 2955 
2 44218 39856 
2 21965 39974 
2 54988 30782 
2 39269 88412 
2 4164 18249 
2 54148 94520 
2 87625 48682 
2 83513 44817 
2 40505 15548 
2 97816 80804 
2 75134 87863 
2 16821 72697 
2 54969 4124 
2 28222 95108 
2 3406 26531 
2 55031 49824 
2 19490 64268 
2 25389 38815 
2 46337 49053 
2 5540 79286 
2 79662 26439 
2 47056 93229 
2 63131 83654 
2 64528 86417 
2 10217 92294 
2 39078 82091 
2 48438 58133 
2 96916 91597 
2 49983 4723 
2 64398 14817 
2 66831 2447 
2 41188 40426 
2 97043 55894 
2 34830 27266 
2 2739 17956 
2 19404 95559 
2 78685 84392 
2 81633 98133 
2 12025 21213 
2 19277 76848 
2 43922 24073 
2 55070 55673 
2 16333 79924 
2 97822 80448 
2 82012 14479 
2 10022 40014 
2 900 83953 
2 83026 63850 
2 20679 19492 
2 73200 52328 
2 30419 76702 
2 62194 823 
2 70860 79150 
2 26041 42732 
2 42810 82495 
2 85562 38366 
2 94826 62157 
2 76923 7594 
2 51174 66192 
2 5179 5695 
2 65207 23255 
2 36210 46740 
2 66443 41263 
2 14012 15231 
2 9050 39534 
2 8558 25392 
2 87766 35731 
2 2772 70741 
2 12557 88936 
2 67249 84522 
2 80550 91960 
2 80944 93860 
2 60924 60696 
2 14578 98372 
2 16993 27712 
2 68761 67257 
2 34793 78876 
2 80077 11439 
2 42178 41971 
2 17594 33317 
2 58899 80428 
2 83930 6742 
2 98714 26945 
2 96292 31225 
2 88635 50156 
2 15247 63889 
2 91345 67155 
2 74114 60163 
2 54126 34268 
2 37597 68725 
2 71159 64169 
2 97117 94620 
2 48034 13249 
2 82660 23022 
2 9530 3750 
2 71914 36849 
2 3107 26113 
2 811 48562 
2 36384 37683 
2 99950 45274 
2 63759 19102 
2 24070 60920 
2 78170 14275 
2 37590 1747 
2 14751 46580 
2 32331 55940 
2 95168 57152 
2 71044 58979 
2 34796 10165 
2 3894 89152 
2 93613 11463 
2 95546 41228 
2 62647 54353 
2 70818 86868 
2 89715 47379 
2 1880 58700 
2 80045 6445 
2 49190 24088 
2 12061 33929 
2 88245 35902 
2 78526 33361 
2 47332 12143 
2 51692 23387 
2 71751 33635 
2 25428 14190 
2 53355 9600 
2 73283 27080 
2 76351 83288 
2 12682 31479 
2 38058 35777 
2 2928 70109 
2 88568 58812 
2 70555 59223 
2 19202 46427 
2 57035 87975 
2 46653 86590 
2 36123 94296 
2 41560 28848 
2 63417 29466 
2 83825 2964 
2 55720 32133 
2 82653 80483 
2 27268 75532 
2 74113 84461 
2 39022 68241 
2 73272 71826 
2 55115 80152 
2 69695 68544 
2 56102 36937 
2 84079 41340 
2 28600 57397 
2 40130 79729 
2 43958 25031 
2 36391 89723 
2 52136 68121 
2 71820 92790 
2 11299 91456 
2 8098 54925 
2 76222 14390 
2 29942 68046 
2 5009 87150 
2 90596 9701 
2 45692 93850 
2 93127 48916 
2 29162 24602 
2 94924 19821 
2 41888 57696 
2 6327 15238 
2 75037 81345 
2 34343 48482 
2 44794 77689 
2 43630 4969 
2 99795 76754 
2 47617 90907 
2 86619 51960 
2 97968 12870 
2 81107 85752 
2 84999 22928 
2 64995 91235 
2 27343 27855 
2 34970 70716 
2 69970 87382 
2 82092 28233 
2 79420 67237 
2 95823 20234 
2 31099 94780 
2 79413 9682 
2 89146 42738 
2 27927 50736 
2 29622 94692 
2 99189 32890 
2 50999 59090 
2 60025 98104 
2 75580 8895 
2 97879 11803 
2 37956 20000 
2 2222 64120 
2 36127 95379 
2 94706 31959 
2 47139 69190 
2 87410 22184 
2 3171 81964 
2 2922 14323 
2 23463 42276 
2 3136 80500 
2 25199 85026 
2 15487 97039 
2 65018 39135 
2 30465 16957 
2 96409 62977 
2 71586 28649 
2 50362 94254 
2 55501 93681 
2 82737 88839 
2 91079 44725 
2 62432 81797 
2 8246 22798 
2 8071 46128 
2 84988 33214 
2 76463 12502 
2 89432 10329 
2 91735 73333 
2 64689 6343 
2 49645 52246 
2 15120 20288 
2 40435 75563 
2 66570 56739 
2 24837 91392 
2 29594 10062 
2 75411 54750 
2 81632 26350 
2 53675 66400 
2 15767 9669 
2 64607 74555 
2 74148 43459 
2 44545 41684 
2 1260 32007 
2 47614 70519 
2 80631 56678 
2 1283 37082 
2 75838 23091 
2 34123 97706 
2 36322 94969 
2 98654 76546 
2 14478 33772 
2 52444 96605 
2 7103 49700 
2 39700 30885 
2 19280 91579 
2 7434 56523 
2 37701 24965 
2 96463 36166 
2 43882 46894 
2 44973 22706 
2 49938 40901 
2 56803 10419 
2 4870 70188 
2 400 75675 
2 78195 70645 
2 15136 32230 
2 73429 32535 
2 42862 78943 
2 446 45926 
2 13111 85272 
2 64726 96816 
2 83623 90717 
2 64107 22458 
2 13898 59987 
2 36887 73734 
2 77391 31875 
2 140 77308 
2 39855 32976 
2 709 3278 
2 2764 88657 
2 39110 18415 
2 85463 92548 
2 506 93765 
2 62777 263 
2 67852 65504 
2 72623 12914 
2 8502 98202 
2 99093 97668 
2 54992 62475 
2 35686 40396 
2 74892 22925 
2 10133 69736 
2 81141 66846 
2 59127 47129 
2 59605 97745 
2 35712 88227 
2 16840 76545 
2 35514 9103 
2 52325 47329 
2 15934 4163 
2 49705 45051 
2 60951 70534 
2 11338 31989 
2 91262 54127 
2 79637 21157 
2 48245 46074 
2 75461 72159 
2 70960 53304 
2 25122 71492 
2 60811 86169 
2 2558 39156 
2 7274 80170 
2 50888 80350 
2 24211 31864 
2 74940 99529 
2 16863 93023 
2 86393 94955 
2 70084 49584 
2 9035 7885 
2 96089 66389 
2 41905 96032 
2 32228 87230 
2 35341 90601 
2 96164 63303 
2 9476 23067 
2 216 36545 
2 71306 44377 
2 85968 90070 
2 74385 94224 
2 7580 33764 
2 83620 32679 
2 30047 4440 
2 74012 44755 
2 77001 85287 
2 79812 61040 
2 79543 89848 
2 34997 77476 
2 51945 4906 
2 22811 61493 
2 97278 29943 
2 66352 52696 
2 96407 40349 
2 52802 13237 
2 98045 7119 
2 53335 21056 
2 77824 14243 
2 78318 76137 
2 88672 89129 
2 82386 742 
2 22141 36879 
3 30262 27278 33061 
3 17910 58222 91096 
3 85976 48591 69306 
3 43161 78708 59796 
3 26031 93042 39144 
3 49920 65240 41690 
3 80614 64934 95545 
3 39745 50873 57766 
3 19527 99681 73747 
3 73517 77604 231 
3 55588 40064 38209 
3 83184 58721 51899 
3 92433 46536 32500 
3 59779 29762 92422 
3 70444 43914 18835 
3 3309 23218 90502 
3 28906 9477 70063 
3 57518 89754 37054 
3 90199 30418 41300 
3 34918 4009 97136 
3 81532 35360 20403 
3 78469 50879 99730 
3 82090 82557 38651 
3 66055 69787 66736 
3 41641 64618 23263 
3 89401 28775 61007 
3 21660 4901 41530 
3 14125 49387 23722 
3 7968 12123 88894 
3 1360 3152 93120 
3 3803 9021 35848 
3 9828 40284 24141 
3 16600 95990 13346 
3 65371 41569 43165 
3 73546 96778 46916 
3 95540 47875 17730 
3 49192 75824 2788 
3 86939 53342 21802 
3 66544 90577 37774 
3 15150 36685 10850 
3 12710 25776 87585 
3 54740 37868 51962 
3 5465 91850 46903 
3 21550 66242 92362 
3 90497 35916 6863 
3 12848 53733 51840 
3 96317 40468 10454 
3 10420 52008 76421 
3 90619 45002 18773 
3 55072 98903 1454 
3 27397 93443 73342 
3 92100 39406 91876 
3 37124 16133 55930 
3 96557 74663 37444 
3 27051 55931 43852 
3 92383 36291 47334 
3 95518 73831 41234 
3 51401 85989 68708 
3 74988 45509 85369 
3 10673 2984 51134 
3 89687 52355 69663 
3 20786 16108 83934 
3 51204 68619 24885 
3 70425 2396 36488 
3 17602 1209 64974 
3 11151 49439 29954 
3 72489 18060 82867 
3 86375 73969 58336 
3 37787 10164 5175 
3 1416 44748 1428 
3 30664 85880 89344 
3 28589 85488 30798 
3 59874 11103 69022 
3 36781 24390 56219 
3 67396 27263 73337 
3 7568 42012 80056 
3 6789 16462 88726 
3 29560 62383 92932 
3 51934 29874 32110 
3 57858 49322 36468 
3 88501 9598 94405 
3 65704 82455 90459 
3 11967 55547 99813 
3 52410 48940 4429 
3 39154 47162 55477 
3 11616 34493 35969 
3 21367 90034 85902 
3 19609 77045 29582 
3 31651 93408 73115 
3 51665 9697 10880 
3 14783 96263 52593 
3 89001 97309 15915 
3 70848 10020 1842 
3 83241 11523 28827 
3 99077 15066 2536 
3 40973 59887 89804 
3 36137 21629 10959 
3 86802 30948 25003 
3 52707 65042 42593 
3 66376 99262 78618 
3 68087 26378 50260 
3 1168 86404 73039 
3 5140 29962 38282 
3 28456 97946 71388 
3 71518 83736 15602 
3 55812 91816 51073 
3 52699 46671 19468 
3 7941 24117 52303 
3 29142 72212 39210 
3 57039 6840 95596 
3 48715 86755 76136 
3 61049 88964 15339 
3 86787 78923 35669 
3 70780 27276 46145 
3 79700 32721 92019 
3 87824 87675 78113 
3 40075 31652 69810 
3 30002 93386 48704 
3 45647 58696 24604 
3 22223 32963 11061 
3 34091 11473 73284 
3 78484 26432 45013 
3 84170 28666 21549 
3 22483 44666 25670 
3 19618 18986 48852 
3 66793 41932 39331 
3 65779 47260 56568 
3 41418 66283 73485 
3 11359 69608 85131 
3 19641 99278 20337 
3 47116 60384 7942 
3 12369 66104 45443 
3 89178 67651 57337 
3 44382 40882 59532 
3 17908 43573 39599 
3 36637 36080 75639 
3 71447 13313 87984 
3 10525 24274 65849 
3 24847 44485 4782 
3 58004 53800 17970 
3 47956 83289 9875 
3 49346 87433 39360 
3 60766 66322 98022 
3 65336 4338 45735 
3 94216 96673 24521 
3 41147 25334 85610 
3 73638 67342 39208 
3 69820 1828 3839 
3 70306 26199 75576 
3 45465 92187 14908 
3 63786 25844 80920 
3 28273 28100 80557 
3 84503 16730 50916 
3 18169 95983 41332 
3 91504 10334 16896 
3 99966 50381 79605 
3 15659 61304 40703 
3 87286 15273 59189 
3 81396 22705 79785 
3 90468 15679 48560 
3 46317 41847 39572 
3 71667 29231 16970 
3 66439 40580 1971 
3 92727 39481 54210 
3 4118 90760 20881 
3 98884 48348 18087 
3 32707 59464 54322 
3 54617 54936 11608 
3 23077 41440 30236 
3 61076 96786 14154 
3 52982 96472 34071 
3 4551 21532 86028 
3 88680 71098 60774 
3 41701 95717 34464 
3 25731 9319 8833 
3 82313 69670 3896 
3 26061 63979 47488 
3 39782 45141 50831 
3 80949 7395 71756 
3 65458 86500 92980 
3 13691 64385 88450 
3 61287 80627 26752 
3 42024 82085 17603 
3 17009 11591 8912 
3 40561 6281 62603 
3 5723 16415 95299 
3 61721 84337 10534 
3 69563 94796 62787 
3 52115 64731 8530 
3 8722 23838 26522 
3 80410 15709 12685 
3 17593 73361 83655 
3 4301 37913 18044 
3 1741 14719 54399 
3 13650 75315 41509 
3 77199 32173 68755 
3 10982 69354 46578 
3 23986 85962 88402 
3 73438 31356 31713 
3 8004 98395 77767 
3 27994 61371 27846 
3 614 91613 84033 
3 34121 77556 27205 
3 82118 17489 99623 
3 31516 2612 42939 
3 96455 15930 38842 
3 34394 59609 61660 
3 63337 91290 61172 
3 92731 74089 50421 
3 49816 64886 80886 
3 85266 26356 8672 
3 56627 59815 43763 
3 12156 79345 88748 
3 42289 86985 56891 
3 14994 37331 28929 
3 78641 36035 44417 
3 5343 34291 18101 
3 87920 63274 2353 
3 78010 18353 89657 
3 30319 14317 49107 
3 71429 88571 19764 
3 68892 15595 28188 
3 23010 72661 33380 
3 42110 68720 24353 
3 99017 33004 73395 
3 75599 28652 96694 
3 68356 3916 24786 
3 89390 43571 52809 
3 94744 8187 46554 
3 91148 62495 94998 
3 4675 97208 87738 
3 39818 38239 3409 
3 6043 86396 76419 
3 56107 21679 30689 
3 19742 9253 85919 
3 37620 5406 92928 
3 16244 39469 90000 
3 51640 8366 93074 
3 81575 37992 39979 
3 57230 21326 26287 
3 96406 18359 74146 
3 30986 58595 68550 
3 36555 71459 64954 
3 29148 60647 74954 
3 47382 38885 41704 
3 52835 31929 64582 
3 77103 83254 66707 
3 55497 44420 4770 
3 14889 76733 78090 
3 27493 22805 58950 
3 92535 75288 3681 
3 85728 66004 6562 
3 80873 87483 46713 
3 26947 31824 18526 
3 85661 66164 2501 
3 45854 19376 73102 
3 12881 84351 81713 
3 27483 40922 79060 
3 78848 64924 33424 
3 5593 11719 74060 
3 91266 27918 42312 
3 21450 75974 63286 
3 38715 52747 15365 
3 27611 38094 41326 
3 16377 38732 57776 
3 9058 76238 60088 
3 77750 46811 51645 
3 47779 8633 83372 
3 7375 96854 57251 
3 28865 89626 39509 
3 32740 55833 92910 
3 80826 85323 16283 
3 23323 83724 31129 
3 36456 54415 70613 
3 58101 89574 63520 
3 68118 31739 3992 
3 81074 36377 88513 
3 57588 83951 68233 
3 33235 26474 87938 
3 4311 68871 13887 
3 54167 78993 43437 
3 63857 86407 701 
3 20041 97404 8100 
3 71029 35880 78216 
3 58997 75454 82408 
3 32852 36323 38552 
3 32846 39433 52927 
3 19314 37659 44455 
3 33888 46270 12497 
3 25555 55400 68138 
3 73032 45557 69631 
3 87731 10000 87895 
3 72724 71028 25964 
3 7852 11694 30435 
3 73928 93527 83990 
3 58632 39052 43887 
3 87582 11026 85899 
3 14701 75996 43214 
3 65032 44428 46624 
3 69390 31338 21008 
3 80227 3065 5035 
3 9884 30012 16892 
3 68803 58946 1412 
3 82070 80707 45435 
3 62893 59250 55718 
3 617 25132 19980 
3 39747 59504 34118 
3 62196 35070 58895 
3 7620 46448 53511 
3 59950 9460 1459 
3 54023 41988 40698 
3 33375 38288 76845 
3 66059 84845 4574 
3 63207 83907 73600 
3 75052 18311 62511 
3 62409 35099 76955 
3 96240 55242 26691 
3 23818 41016 64649 
3 57003 37378 29063 
3 48429 17124 48752 
3 30578 96178 99657 
3 765 32995 964 
3 58497 78838 98208 
3 810 87003 43666 
3 24808 42894 6042 
3 65473 6779 57791 
3 15617 31815 82057 
3 42717 43227 49807 
3 36986 49109 30491 
3 53717 53499 42728 
3 79903 56166 49588 
3 50609 96917 8741 
3 86110 86025 87858 
3 84833 31097 41634 
3 52988 81798 20384 
3 58012 47536 15013 
3 7861 28375 62549 
3 20210 28752 86337 
3 11307 8050 29808 
3 1365 35811 38827 
3 87640 67019 59079 
3 95924 56704 22039 
3 35814 78800 35082 
3 80096 87374 76999 
3 53926 33236 6198 
3 47743 21197 73497 
3 86803 31488 68990 
3 11154 95376 9304 
3 74633 61536 67116 
3 23815 48741 13617 
3 32294 43612 59174 
3 34321 54002 641 
3 48485 40622 70543 
3 78520 98690 35042 
3 18647 61599 40074 
3 65083 60596 4535 
3 84394 41433 21602 
3 77564 92052 20912 
3 23537 46442 1113 
3 24089 2518 17735 
3 14529 54177 23344 
3 86912 19979 35114 
3 17764 65771 56390 
3 35893 93442 51571 
3 92046 88055 98942 
3 31876 97135 25290 
3 48922 33198 1457 
3 93525 34240 6183 
3 92346 73403 85589 
3 88830 3567 50784 
3 707 40458 54622 
3 70940 45888 98869 
3 57613 49699 61238 
3 62959 31478 94182 
3 76524 19169 38097 
3 8736 67340 9544 
3 24505 78537 17697 
3 58738 6563 16534 
3 18587 78864 6991 
3 56428 39685 6100 
3 28772 86125 51793 
3 93077 12204 14696 
3 1267 76528 95328 
3 52358 87915 57055 
3 3572 80411 36948 
3 64883 56434 73502 
3 10178 50484 84614 
3 38674 96436 7101 
3 23817 48934 72795 
3 82133 67503 74006 
3 8526 77944 53026 
3 63615 25485 95758 
3 45240 14796 85015 
3 17931 92196 86292 
3 47800 55348 79926 
3 59922 24319 314 
3 71352 77697 71457 
3 37534 78086 28395 
3 62817 27073 39028 
3 90161 25946 27195 
3 31725 40021 44009 
3 33358 59621 64374 
3 75236 34952 89795 
3 98601 18809 97198 
3 29888 68850 20632 
3 86915 18324 32931 
3 52756 2245 43217 
3 18629 44058 14663 
3 33961 16076 73812 
3 68890 26812 9321 
3 95153 96890 77011 
3 6525 86583 84257 
3 23811 28397 24367 
3 87794 43460 16334 
3 16275 23146 44404 
3 93711 38727 4796 
3 71765 30091 6555 
3 49290 24164 79669 
3 21498 62496 24754 
3 63157 68055 31851 
3 96928 67801 83880 
3 11404 9592 72872 
3 5444 42853 75501 
3 1102 9155 86134 
3 14287 93600 70067 
3 43475 98791 33131 
3 60284 75727 88992 
3 17968 63852 21376 
3 36704 61047 6951 
3 4341 38253 96801 
3 28869 41753 43646 
3 52090 56668 50089 
3 78198 70634 28409 
3 78238 39033 45068 
3 63171 64435 64705 
3 17991 81202 46391 
3 88021 92710 28559 
3 34658 96709 5446 
3 86296 49692 78509 
3 28301 33584 81981 
3 7168 20425 83124 
3 41790 79028 18147 
3 61415 97305 6605 
3 88869 82667 51956 
3 70640 98580 73197 
3 67785 54647 41417 
3 67662 9589 26684 
3 60467 78674 47112 
3 11958 40025 70984 
3 68545 53023 76586 
3 56220 73915 62106 
3 93098 7046 13217 
3 69205 29298 42778 
3 66378 27383 37912 
3 33060 11532 43560 
3 95175 20830 84586 
3 58232 22613 96023 
3 56364 15437 40446 
3 39984 85011 60543 
3 51334 7642 7468 
3 50045 13302 27536 
3 47081 41738 59849 
3 71395 67513 98504 
3 77642 37713 33405 
3 27410 25111 94625 
3 2815 26007 44280 
3 16491 25097 88790 
3 44562 50028 6200 
3 44283 99268 66577 
3 18642 67401 95211 
3 30404 48154 50503 
3 26592 64665 46438 
3 47192 18990 22227 
3 39503 96363 14658 
3 33811 67258 49452 
3 49427 14011 25690 
3 68476 89889 63779 
3 70001 27296 191 
3 88810 43490 41754 
3 30180 66371 31984 
3 52908 94207 98430 
3 56599 10971 70097 
3 55372 81638 28482 
3 25846 20869 90192 
3 75489 32336 20960 
3 644 8225 40953 
3 34048 56832 57494 
3 73162 58954 57107 
3 16064 79646 38061 
3 55038 81537 18766 
3 49982 13527 63713 
3 98893 65984 4878 
3 47817 16588 88392 
3 98466 1968 98351 
3 6760 88463 11251 
3 50526 77031 12152 
3 19116 3962 32738 
3 3778 60898 94443 
3 69415 23553 67166 
3 86551 56972 40439 
3 280 29416 49264 
3 99030 60648 67034 
3 50981 11795 92854 
3 86363 36115 74684 
3 67420 41579 86967 
3 62027 66123 15242 
3 82283 45192 84182 
3 42707 85016 13468 
3 41281 33177 70377 
3 15373 9555 96195 
3 36640 65767 14101 
3 60744 6913 6917 
3 39204 24247 71801 
3 12078 89467 53888 
3 34930 94137 7350 
3 1910 94265 50319 
3 12824 47790 17277 
3 43153 38603 64389 
3 24085 47270 46848 
3 77362 60246 57869 
3 57714 2239 93374 
3 96797 17876 86306 
3 44235 99575 61199 
3 7760 20427 68232 
3 21120 53423 9551 
3 48095 81524 70282 
3 92561 38816 83645 
3 51452 50489 52063 
3 18150 31779 73758 
3 80748 16834 2414 
3 564 71397 9191 
3 98705 11873 95594 
3 63588 32326 56446 
3 75242 80402 45757 
3 30442 52344 77052 
3 36359 97803 34300 
3 52604 14935 34679 
3 59613 8884 6758 
3 41941 56262 51242 
4 12834 5487 68295 82587 
4 14356 57121 45456 22270 
4 61480 41280 88622 75273 
4 70541 73417 40596 31249 
4 54063 7221 51560 22682 
4 21855 51570 11126 6959 
4 48978 98050 2616 23217 
4 67045 65296 3418 45352 
4 47696 4499 41130 19826 
4 36987 81490 24254 42757 
4 97725 6567 81113 96233 
4 69662 57367 32391 90877 
4 43542 59658 58932 55780 
4 69681 40004 46664 99357 
4 89877 27435 66085 63877 
4 46424 22209 93366 40233 
4 6079 75219 40163 81743 
4 76719 12578 38065 1411 
4 79489 82654 79579 53701 
4 32640 50541 64453 93952 
4 95759 35956 22840 57436 
4 14094 54239 27576 16430 
4 33352 42561 30881 12732 
4 3880 56030 3759 30686 
4 72058 56500 98279 37634 
4 59931 66141 50340 92146 
4 70395 47591 22723 51759 
4 13595 10383 19410 97945 
4 73355 52643 15043 26170 
4 2628 57730 82530 74725 
4 5091 86076 53897 72214 
4 311 23868 22669 64948 
4 88018 62304 28607 27387 
4 45295 82595 44081 89839 
4 83638 14501 85701 51909 
4 4261 8031 93258 96592 
4 63154 8879 55178 69598 
4 85550 80865 63043 10431 
4 9836 27255 55155 42219 
4 16985 93697 78398 6677 
4 86542 45512 50992 89489 
4 85776 11119 347 80108 
4 16059 24260 63226 21170 
4 44987 64216 77521 44279 
4 66507 25415 40355 54472 
4 83319 45475 75535 17076 
4 35224 93062 11168 87958 
4 40871 98845 41455 97632 
4 141 56405 69532 56299 
4 59455 77085 67178 9413 
4 93188 49451 16265 94323 
4 1787 45626 29671 18780 
4 38801 40518 45550 61290 
4 61868 76747 66715 15122 
4 111 2709 17733 55895 
4 37142 47928 41919 62844 
4 46948 67722 11008 6021 
4 859 38976 84113 98281 
4 52752 93614 94397 11727 
4 8803 18980 87907 26841 
4 30658 46342 2882 95507 
4 14777 75894 77968 35915 
4 72590 30791 86446 2552 
4 71626 52709 50346 36648 
4 51955 87721 51430 42509 
4 23267 34898 53103 23791 
4 37988 78328 74450 21125 
4 61835 14688 31282 4691 
4 16069 8821 43387 5038 
4 5080 14971 2658 88317 
4 48501 58256 58630 65760 
4 19593 65620 13379 9594 
4 32171 15449 81231 35261 
4 24794 39171 64822 93557 
4 75239 15977 73318 98562 
4 53802 84596 62564 1330 
4 46635 73145 35917 13735 
4 83527 32290 27359 31706 
4 67358 68505 31551 78239 
4 18523 53434 23431 36433 
4 48638 73549 78304 11088 
4 55330 44772 42131 89896 
4 54256 64794 60873 58925 
4 4414 36972 53235 10792 
4 93569 92119 17416 57769 
4 94461 67434 18923 52280 
4 93313 80891 19832 12048 
4 72764 56287 12694 6620 
4 8209 25287 95483 54927 
4 26877 91005 70776 98143 
4 83434 79927 3875 71008 
4 63741 96432 96251 70817 
4 12110 88452 18163 25585 
4 52822 5474 77151 9586 
4 18699 79068 65385 13481 
4 35221 24280 543 12509 
4 66582 10061 26572 23460 
4 31632 25162 20214 36405 
4 84289 79708 26874 60142 
4 40713 68843 54411 80017 
4 75425 76025 4676 2100 
4 84762 87053 4552 20356 
4 83981 68998 85914 39785 
4 79021 64226 75141 28616 
4 8216 94381 71602 72224 
4 40101 18778 73727 9874 
4 27000 46206 13342 26627 
4 37000 24072 89118 33707 
4 36645 22799 48776 83752 
4 48649 85799 99945 71221 
4 94509 27941 41034 84892 
4 95241 12448 47521 25197 
4 40492 67433 92507 28263 
4 19916 23442 548 16944 
4 46453 25739 1584 15025 
4 76228 60465 96530 77050 
4 25435 61216 59749 73823 
4 76697 64416 21235 17911 
4 5735 54152 17311 47404 
4 90447 54996 45624 99552 
4 86961 4123 47304 60867 
4 93283 53829 48795 7431 
4 60036 774 65447 98126 
4 76440 50883 54367 79129 
4 57550 23597 83819 91772 
4 10325 64322 37266 7015 
4 11269 64984 29535 95768 
4 64288 54951 39178 3492 
4 4089 67973 68562 89108 
4 45876 86069 22220 57086 
4 37867 46743 29755 70842 
4 62685 18533 24744 82645 
4 61244 98981 6319 79156 
4 36547 45534 65087 91617 
4 11272 59553 76192 14596 
4 73393 90639 56152 60550 
4 97827 31433 33964 75258 
4 23772 48661 62424 19727 
4 28508 25146 8062 54624 
4 14005 6532 97019 15292 
4 45639 69270 86665 14481 
4 60732 32379 15158 82980 
4 5854 37171 54283 77135 
4 77622 20187 572 58030 
4 89047 64950 29662 3502 
4 80824 91676 14433 63326 
4 5083 9400 58796 10340 
4 87791 74013 95882 91624 
4 76763 17191 2338 54637 
4 84803 46714 45678 3028 
4 97838 73500 31903 89330 
4 61680 26017 91489 22724 
4 8058 66976 83771 72423 
4 82006 45621 89511 92588 
4 96703 54368 65028 84265 
4 28837 95751 20372 28953 
4 90891 95227 23034 30010 
4 45612 77912 52088 48237 
4 88002 18013 45556 5513 
4 93693 29993 36529 99307 
4 95620 31316 78783 35368 
4 71979 63021 6257 53621 
4 24587 36697 83729 57196 
4 38764 94717 48441 49909 
4 61143 86529 49282 18380 
4 79875 32487 60050 6576 
4 43057 81379 56354 68746 
4 34642 54207 49131 7421 
4 92915 83050 72313 66930 
4 97866 9953 74980 63162 
4 29102 26487 4235 42021 
4 69163 84698 89580 9008 
4 59283 51114 14096 61430 
4 67180 29542 42645 55691 
4 16995 35732 52086 95574 
4 83411 15033 17801 85380 
4 46040 61420 25771 71879 
4 58072 52171 71741 37811 
4 45905 58848 53254 66388 
4 66543 8412 4220 85283 
4 30252 18870 21336 39709 
4 76490 35855 6356 2792 
4 18786 80577 46306 62983 
4 87200 77665 39232 315 
4 53564 65993 45673 4361 
4 41620 25592 7849 77342 
4 33281 24980 35604 74116 
4 34188 45545 72743 13467 
4 52782 98403 73894 58293 
4 47637 51580 43986 65910 
4 40606 9569 93816 76263 
4 60273 59416 24589 22728 
4 80184 33115 58762 78401 
4 26621 51661 16190 95958 
4 58347 87681 94130 43923 
4 39497 36117 26333 59704 
4 46013 15009 3069 8437 
4 75184 37462 16057 8907 
4 42308 40770 26232 9581 
4 15801 16092 77159 77567 
4 88034 38176 98162 9315 
4 89471 62214 7456 39371 
4 43869 87209 59566 80003 
4 56313 97242 20567 21035 
4 77740 17558 1101 77079 
4 94206 87694 19915 66273 
4 29089 587 71524 39229 
4 81312 79043 22783 94663 
4 8797 18129 77895 56448 
4 70333 31702 65873 92737 
4 13063 99138 34061 70936 
4 70424 40357 60896 89386 
4 38381 72258 17811 85186 
4 88369 19937 20763 1380 
4 5980 23316 49079 63906 
4 99310 14272 11172 67015 
4 44886 73723 62516 39953 
4 2806 85807 58085 31427 
4 65007 69423 26719 31274 
4 94739 6968 2888 99500 
4 76497 59130 47319 93174 
4 83238 82588 69688 30244 
4 15632 78096 25982 55024 
4 61929 40448 78242 91186 
4 40149 35455 50464 13127 
4 77289 53248 37723 56665 
4 85748 39822 61859 38043 
4 1869 37750 70696 87744 
4 98065 48358 43672 95549 
4 63681 86690 56540 94866 
4 88080 67218 7825 78841 
4 99224 32194 89394 44608 
4 60532 93204 56689 68530 
4 99242 89382 8273 5545 
4 44853 8957 48278 61077 
4 53431 25599 86260 41231 
4 85044 41226 4189 45432 
4 84103 66660 5596 81515 
4 8184 66473 98399 60571 
4 20350 15535 55985 20204 
4 42389 50510 96574 73881 
4 82018 89803 77899 11482 
4 56578 22492 12194 57342 
4 27138 68573 32214 59013 
4 19581 50815 28740 23215 
4 3616 92647 62828 38991 
4 42051 53653 36000 26654 
4 91019 23706 42992 79072 
4 98677 47710 9501 73443 
4 16971 95049 98251 80204 
4 76139 29330 38069 64083 
4 23101 4096 25813 70651 
4 60561 71631 48738 65321 
4 93430 50941 94619 66737 
4 84726 68911 81707 36023 
4 45474 96424 8481 54724 
4 46157 52862 17043 66391 
4 10209 23614 43201 78369 
4 86848 28843 4212 22644 
4 76801 62910 93358 94447 
4 67493 43895 78008 62296 
4 24002 85663 63289 78358 
4 32595 13829 54895 16599 
4 20417 79132 95206 13376 
4 25448 47497 82907 89009 
4 79531 11456 38385 27023 
4 55723 44630 67012 63249 
4 10248 66814 81880 75723 
4 51744 83172 21503 92101 
4 35246 62216 48305 52052 
4 80810 36751 75121 78920 
4 19622 11980 21049 10318 
4 58038 70540 78470 1466 
4 2321 82938 20568 21210 
4 24836 91371 49285 75861 
4 52043 13985 969 72667 
4 8258 22112 42045 35330 
4 72701 6837 11007 39602 
4 61278 15182 93688 20300 
4 88391 52486 26101 29384 
4 72192 22585 52130 28458 
4 65154 36495 59715 81685 
4 55241 31418 71636 86953 
4 28521 85182 64541 85399 
4 94085 39437 11336 62060 
4 61749 83831 83325 72775 
4 94498 43368 78998 9658 
4 36046 9622 47040 95045 
4 71795 12348 37927 31096 
4 28984 77161 73207 14049 
4 20096 52354 68849 97671 
4 50858 7053 26594 59886 
4 57566 69230 36814 75445 
4 26075 57955 90085 28231 
4 14220 2887 58554 72094 
4 38287 73616 61917 259 
4 80188 91149 90527 28511 
4 61446 98941 40706 83828 
4 31396 63208 72519 34711 
4 61973 24695 2544 48242 
4 24976 22161 38281 32917 
4 99294 60417 61263 3994 
4 10974 5688 60926 99015 
4 33618 19157 55689 98320 
4 5257 44391 24640 96433 
4 33240 10354 38141 56236 
4 14881 75089 85572 6293 
4 47993 73550 43140 90041 
4 56187 43183 80892 88908 
4 71080 77715 62175 97958 
4 76602 65581 45929 75330 
4 13336 63132 98113 19428 
4 70448 98517 68960 13814 
4 89653 97422 76486 80183 
4 42668 56245 4090 78647 
4 1886 56951 90369 98207 
4 80364 88465 72399 7275 
4 4145 87443 23039 8137 
4 16623 2523 65649 14983 
4 23160 74205 49985 44839 
4 59049 68812 49760 4496 
4 55916 51388 72972 78933 
4 71396 50191 41198 94774 
4 39071 92985 85911 21422 
4 50374 99038 60582 22309 
4 46886 34221 12245 88600 
4 20467 20690 83714 32131 
4 72116 80025 23423 12719 
4 46291 1645 37199 19522 
4 33969 98676 3236 5367 
4 20325 42127 14885 80525 
4 15876 55587 4017 31941 
4 55641 69326 23778 10030 
4 91744 74975 93736 61566 
4 52187 84028 28056 15085 
4 31451 69069 18796 62141 
4 77433 76949 40906 87028 
4 95272 21755 23152 34137 
4 10370 99488 56771 71268 
4 77803 47793 82169 31372 
4 89141 50890 4999 6049 
4 75296 92922 67922 34227 
4 68539 89133 94135 89780 
4 22868 34976 27461 90969 
4 79556 92291 50512 87948 
4 58138 44793 94132 15477 
4 68158 87651 2787 16132 
4 66014 80465 80919 71928 
4 46009 40301 56170 4100 
4 39002 76498 9734 30677 
4 4194 92414 88649 69668 
4 97270 85277 59831 36542 
4 49670 58051 93949 98998 
4 87904 70190 79494 98648 
4 92981 98931 35285 38843 
4 15388 41245 27857 99664 
4 87070 54470 8363 26246 
4 52156 28111 57158 87485 
4 98267 26994 37853 74605 
4 16639 26894 63647 31266 
4 2162 69161 27944 84645 
4 46973 53416 65965 62224 
4 50982 16583 40786 84451 
4 39174 31089 98877 3937 
4 63969 85154 93830 12957 
4 34249 48623 83533 82003 
4 30966 19238 94515 92112 
4 59269 56790 14720 20997 
4 36385 5845 81962 86016 
4 62515 88328 87676 58472 
4 85086 72458 1172 78191 
4 99717 31475 40653 14262 
4 76174 62764 83985 56765 
4 55249 68294 7771 11409 
4 59141 66280 68252 62028 
4 7685 48104 93307 15452 
4 40254 69744 61507 50469 
4 76897 35242 23680 92371 
4 79507 72786 60783 47438 
4 26949 74593 1871 44709 
4 24875 18556 15855 80669 
4 56726 42483 66160 92636 
4 45290 76811 5817 87770 
4 16282 2098 93501 12238 
4 6769 27970 32414 48435 
4 70854 68195 91737 20524 
4 31752 86658 17875 46920 
4 32806 86950 83651 47728 
4 66813 1606 44997 40589 
4 62030 51421 30446 64463 
4 32160 51598 99378 1597 
4 13147 57225 8253 22244 
4 4289 51987 13776 36272 
4 58873 66818 58310 5521 
4 16608 69398 57962 61655 
4 93284 5716 53372 97301 
4 3966 24323 77685 62210 
4 59896 76267 96103 9739 
4 47325 15893 50833 64314 
4 73305 48005 86340 46208 
4 69256 18885 20366 38440 
4 41495 25912 57394 34476 
4 12711 91169 31163 61399 
4 62831 95607 630 42243 
4 26381 18942 370 63197 
4 88338 98808 49337 6315 
4 37529 99551 84473 41665 
4 99372 16751 92181 27293 
4 42617 22780 70243 5317 
4 42450 24215 97800 14494 
4 32479 43541 70721 61584 
4 46802 40797 7505 17281 
4 56801 66811 54509 56335 
4 19996 61831 87864 86706 
4 89134 21923 9280 91650 
4 76624 89940 23254 52391 
4 71535 29970 19430 61169 
4 92418 5220 76850 93450 
4 99890 54119 77134 53797 
4 30742 46936 22070 85530 
4 48322 93933 4700 42495 
4 39646 17755 4803 49391 
4 72298 57244 65871 35492 
4 6642 21891 74463 22274 
4 9036 29848 67255 47383 
4 4631 56410 33160 22219 
4 53736 75457 72072 59317 
4 31082 49212 20362 14057 
4 63203 31405 17507 62656 
4 95782 57456 78606 94332 
4 56419 40471 49187 97737 
4 14536 46723 45430 86945 
4 45248 87668 61032 9922 
4 92199 87188 67190 66482 
4 12329 38820 77219 35871 
4 80266 92813 94086 85189 
4 94917 26353 74273 58176 
4 72268 8347 99975 71219 
4 98574 56642 95337 61906 
4 51849 6387 98435 52594 
4 1841 65882 22058 78182 
4 12265 45965 65027 60635 
4 49872 15137 23422 27074 
4 72332 30950 34934 73858 
4 60545 6030 95374 61934 
4 95009 10796 4763 11782 
4 53798 52592 77044 44508 
4 76835 39794 3373 49589 
4 60754 65709 99466 43858 
4 56769 627 42177 3304 
4 52879 86569 39609 97817 
4 5876 51757 24919 7928 
4 69357 76841 54879 86192 
4 40704 43386 8937 58280 
4 67360 1827 50283 45416 
4 51524 1262 48759 55436 
4 65976 4654 12863 50170 
4 88250 60179 33146 29787 
4 82427 50961 29517 19221 
4 37183 82464 51992 21461 
4 20813 17849 80397 94629 
4 61977 35856 82197 49973 
4 41944 33980 66616 14402 
4 16389 83486 19995 30815 
4 15435 74175 33573 1617 
4 94442 76084 25732 56542 
4 46531 79847 93568 10284 
4 53722 57641 34916 58372 
4 79838 41371 82658 71594 
4 73719 36662 6078 76138 
4 39889 30970 44393 27472 
4 87492 31448 17553 86863 
4 20173 39687 91739 68494 
4 24599 36845 76603 497 
4 78788 96953 24801 81463 
4 79393 71563 26819 99179 
4 81315 70891 81629 79920 
4 97199 37850 20676 85921 
4 76208 18797 54567 77384 
4 88322 95752 10743 75657 
4 16671 19201 4270 85003 
4 25833 52035 39065 62187 
4 11080 25725 9466 91528 
4 94051 35810 86556 97405 
4 7858 1111 82646 51478 
4 76570 32651 90902 21415 
4 5678 22051 90824 96824 
4 66640 33195 55113 7740 
4 73353 50023 71308 55238 
4 42489 65608 62927 65067 
4 41977 72659 24928 84597 
4 42357 66399 39844 5676 
4 76261 78930 56539 90184 
4 91534 87556 46232 59802 
4 31791 71813 98329 54013 
4 65202 64488 5348 38563 
4 49694 93753 50531 11105 
4 8881 97662 78544 69239 
4 91419 33683 58539 35808 
4 51721 66211 3864 32525 
4 13637 89620 73934 86984 
4 44036 81453 18808 21038 
4 64351 53042 89668 36910 
4 82466 97854 76989 48593 
4 1417 97111 74965 70991 
4 93829 67010 15925 96210 
4 33463 19855 12030 36408 
4 97618 2661 25540 71025 
4 95189 32802 59477 43400 
4 13391 50389 96907 54770 
4 34718 11046 32521 74935 
4 88559 67505 84422 39184 
4 22685 28686 85925 69855 
4 54947 74838 20370 73058 
4 82738 39722 57438 8195 
4 30176 44526 93930 39366 
4 60609 23976 75680 64802 
4 32906 75205 82719 35737 
4 58910 46873 48583 18376 
4 9745 18932 2697 53117 
4 14595 66828 4981 27530 
4 27726 6304 57425 98028 
4 44217 14576 74133 68311 
4 3899 34883 15949 45991 
4 95968 23187 88785 53890 
4 36486 99896 45049 92958 
4 71076 4334 4987 50373 
4 7100 72310 51562 92020 
4 39750 45369 5881 15209 
4 48171 21810 11033 52256 
4 52350 52754 72839 16353 
4 4475 11337 97564 77088 
4 70944 24197 14804 13809 
4 21896 79621 16000 17989 
4 12240 10544 19148 6927 
4 53297 29346 58757 35936 
4 48376 55028 20952 71989 
4 96349 36947 21019 83073 
4 44216 76397 3819 34890 
4 3963 97915 31090 31623 
4 21488 54786 61311 87205 
4 62687 46866 43832 30221 
4 91574 51791 47749 60779 
4 25378 94260 8711 89783 
4 14514 88184 90712 29952 
4 11412 57671 53866 60780 
4 33226 65505 50292 7198 
4 13964 59954 16770 70798 
4 30061 90156 22735 88166 
4 18204 80852 73938 76179 
4 76323 76374 3134 43662 
4 15448 47475 55023 73321 
4 19552 63386 22720 22319 
4 95103 12844 68500 69353 
4 48023 76327 22098 71958 
4 77560 87093 62049 93666 
4 93363 20265 75014 31382 
4 34363 56285 68249 98816 
4 41899 34397 6658 80097 
4 98331 41577 43892 30092 
4 59844 35964 22426 37861 
4 95922 57333 72183 1814 
4 12169 3979 79298 56297 
4 56442 19471 46842 73366 
4 94622 9261 44687 15920 
4 12254 75217 1075 31657 
4 30163 75705 2335 3391 
4 11495 8300 30517 77368 
4 8515 92352 15750 81547 
4 60984 52215 86875 36908 
4 98585 20290 4501 24745 
4 55246 73621 27198 40584 
4 16531 23321 41511 74242 
4 51831 48350 30794 70144 
4 31476 89640 44367 4242 
4 27308 17426 46795 32073 
4 73184 8297 29311 76942 
4 38042 83427 6344 96518 
4 88519 91143 72597 63310 
4 70360 69565 5819 59777 
4 88132 612 51900 10674 
4 84362 86974 31187 687 
4 74789 57719 56100 71110 
4 7359 79814 86885 61918 
4 52341 88012 66948 33302 