1628
2 7222 7976 
2 75 4772 
2 6872 3855 
2 9160 5827 
2 5188 5097 
2 2150 4078 
2 4049 5625 
2 7019 3391 
2 4982 929 
2 6613 8338 
2 4289 3113 
2 3826 1746 
2 754 360 
2 3864 9838 
2 7873 7246 
2 8379 4071 
2 8913 6966 
2 5321 2040 
2 9912 8025 
2 377 305 
2 5965 8419 
2 5319 2982 
2 4780 5786 
2 243 9914 
2 3315 769 
2 5771 5391 
2 7666 2511 
2 7916 920 
2 918 29 
2 3063 3780 
2 4968 8691 
2 5074 8278 
2 1155 3422 
2 5058 3025 
2 1725 6506 
2 3197 4605 
2 9009 7076 
2 6064 8375 
2 9261 4478 
2 5372 5937 
2 9325 1512 
2 8316 2193 
2 9643 9043 
2 5361 9287 
2 8883 1978 
2 7098 6201 
2 358 9951 
2 9028 7340 
2 9801 3011 
2 3283 8227 
2 8222 5898 
2 3906 4890 
2 7218 9403 
2 3683 2011 
2 8642 9970 
2 364 9991 
2 9189 1200 
2 1874 3275 
2 9622 8167 
2 4940 8640 
2 8626 3499 
2 1437 6085 
2 6221 2949 
2 7219 144 
2 8166 4526 
2 509 2914 
2 893 8323 
2 5261 6310 
2 5048 5670 
2 9034 9318 
2 5340 4766 
2 2581 2031 
2 7254 3307 
2 6519 4271 
2 9646 5902 
2 6764 3536 
2 4145 6588 
2 4143 4028 
2 4039 263 
2 9648 6417 
2 6133 2341 
2 323 4813 
2 5490 228 
2 3595 4263 
2 9578 7297 
2 9652 3176 
2 9266 4661 
2 363 5721 
2 7729 2454 
2 3262 138 
2 6272 5935 
2 2371 111 
2 2182 9764 
2 3481 6832 
2 7946 9331 
2 126 2917 
2 4713 4173 
2 5560 8494 
2 3472 1382 
2 2734 8951 
2 281 3734 
2 4737 1433 
2 4473 4075 
2 5207 6640 
2 4585 8686 
2 420 272 
2 376 8053 
2 3148 6410 
2 7220 9555 
2 4619 4912 
2 4687 8746 
2 8526 4124 
2 3857 1172 
2 1945 4712 
2 6046 1498 
2 2993 794 
2 1600 4976 
2 5099 4518 
2 596 3254 
2 2685 4311 
2 5174 327 
2 7367 5350 
2 4660 166 
2 3057 3757 
2 949 8869 
2 4668 1557 
2 3180 4282 
2 2812 8830 
2 3910 2853 
2 5245 6964 
2 4541 2816 
2 8792 426 
2 7226 3705 
2 3755 6641 
2 3503 3190 
2 7229 8243 
2 8104 4810 
2 1356 459 
2 2534 2 
2 9751 6868 
2 2957 5778 
2 7408 6055 
2 4868 6571 
2 3107 8094 
2 6049 5161 
2 2843 5477 
2 1689 4448 
2 2870 834 
2 2006 5773 
2 2216 2658 
2 8472 9193 
2 2547 4520 
2 9093 817 
2 6161 890 
2 4296 3570 
2 2625 5232 
2 249 6424 
2 2990 1350 
2 9533 2591 
2 4582 3957 
2 8434 7373 
2 8932 3345 
2 2260 4797 
2 4081 2384 
2 3200 8790 
2 2070 5881 
2 7972 2115 
2 3469 5026 
2 7616 9631 
2 3384 9583 
2 2026 9715 
2 5564 2737 
2 4892 9002 
2 3091 3320 
2 7768 825 
2 3670 8420 
2 1966 4433 
2 3668 4138 
2 1008 3249 
2 5191 4185 
2 8264 7590 
2 4395 4733 
2 6863 1764 
2 5017 8839 
2 2200 5102 
2 9503 9863 
2 4618 7214 
2 7719 9941 
2 8946 9383 
2 4600 2417 
2 6375 7857 
2 691 6951 
2 1958 183 
2 3837 5547 
2 9258 9084 
2 6232 9151 
2 8920 96 
2 999 6982 
2 5446 8180 
2 8862 380 
2 8387 4770 
2 9869 7335 
2 4280 8057 
2 4534 585 
2 2465 6525 
2 4969 4537 
2 6094 2120 
2 1435 7247 
2 3944 21 
2 3268 9483 
2 4089 7574 
2 884 2171 
2 1709 4791 
2 4115 7462 
2 1370 2233 
2 2089 9030 
2 2340 5837 
2 8409 5644 
2 1768 4830 
2 2490 5103 
2 2832 3659 
2 5047 4368 
2 873 3838 
2 7611 984 
2 5331 6045 
2 533 3929 
2 5629 1280 
2 8970 6123 
2 3065 9617 
2 3655 5005 
2 6737 1561 
2 5724 3849 
2 9479 7858 
2 7435 2104 
2 8979 8402 
2 7796 446 
2 4847 3542 
2 2078 5908 
2 7592 2861 
2 6880 8001 
2 2024 9510 
2 6782 3033 
2 7236 4330 
2 7198 5353 
2 8736 1373 
2 62 8321 
2 6468 788 
2 4360 9380 
2 6268 329 
2 9148 6251 
2 7026 1099 
2 3527 9675 
2 2456 7260 
2 3964 4592 
2 729 9077 
2 4739 7764 
2 4027 1445 
2 4848 5544 
2 718 9484 
2 4793 7413 
2 8186 6145 
2 5735 5162 
2 6157 189 
2 131 1495 
2 9940 1510 
2 7013 177 
2 8216 5831 
2 7347 2688 
2 6414 4411 
2 5628 5287 
2 1619 5464 
2 2711 3171 
2 702 4798 
2 8334 3403 
2 1315 6203 
2 8433 660 
2 9106 2495 
2 7964 5137 
2 9334 3672 
2 7018 985 
2 1904 6471 
2 2531 8146 
2 6658 8328 
2 6233 2284 
2 4750 593 
2 6271 2106 
2 1535 5682 
2 9097 3284 
2 2278 3981 
2 6491 6821 
2 757 6169 
2 9884 3253 
2 5463 7841 
2 1795 2603 
2 9133 8967 
2 5387 7114 
2 5052 1977 
2 6923 5550 
2 5202 7961 
2 2895 3477 
2 4481 303 
2 531 1261 
2 2145 3795 
2 7984 3547 
2 5116 7761 
2 6836 4529 
2 7447 9967 
2 5029 7419 
2 8618 1722 
2 604 7474 
2 4829 633 
2 6408 7510 
2 8563 1549 
2 9065 9722 
2 9453 8398 
2 5516 7970 
2 6022 4901 
2 8570 9819 
2 9046 6126 
2 3265 9836 
2 3925 3834 
2 6623 4062 
2 65 7476 
2 9890 2136 
2 2002 3329 
2 4343 242 
2 9846 4413 
2 1092 147 
2 6938 4206 
2 9931 1081 
2 881 437 
2 7326 6359 
2 8969 3379 
2 3489 9433 
2 9761 6752 
2 4445 7318 
2 3714 7514 
2 4624 6669 
2 8737 2563 
2 9001 697 
2 865 1865 
2 979 9502 
2 6530 9146 
2 3096 5557 
2 2125 795 
2 1066 3896 
2 3812 91 
2 1842 8246 
2 6170 6660 
2 2838 4946 
2 4361 2430 
2 3282 2391 
2 1826 1949 
2 1236 2793 
2 4949 9743 
2 8731 3485 
2 9895 6551 
2 4112 8182 
2 1053 4781 
2 5311 4654 
2 8078 8383 
2 7266 8138 
2 6909 9165 
2 9055 2669 
2 6452 2548 
2 818 5785 
2 7346 2333 
2 3080 8508 
2 9445 9806 
2 5109 2786 
2 7168 9794 
2 1379 2360 
2 318 2998 
2 9933 6183 
2 9665 7957 
2 6464 6661 
2 5596 8041 
2 5694 9311 
2 8484 8860 
2 7189 5309 
2 2232 9939 
2 4446 2818 
2 821 8372 
2 9736 7717 
2 222 7465 
2 4432 8646 
2 4130 7056 
2 6905 5939 
2 4850 4106 
2 9482 6099 
2 8117 8238 
2 6885 4630 
2 2366 900 
2 7615 2208 
2 3504 4052 
2 9355 7475 
2 5577 7153 
2 4036 7668 
2 6058 5405 
2 4066 3704 
2 4556 6165 
2 7647 8273 
2 1449 2151 
2 5194 2365 
2 1533 1568 
2 7001 4596 
2 9673 9116 
2 4423 1607 
2 6789 404 
2 1902 8886 
2 2035 289 
2 4430 6694 
2 3488 4602 
2 4472 7665 
2 46 8388 
2 8279 780 
2 3229 1553 
2 8846 632 
2 547 8516 
2 2597 5456 
2 2635 4133 
2 8175 781 
2 1132 7557 
2 5880 5369 
2 6290 8326 
2 6859 3493 
2 7816 2505 
2 6635 3129 
2 3004 748 
2 9753 4990 
2 7163 1522 
2 9656 6748 
2 8644 284 
2 6688 9239 
2 1894 9492 
2 4527 4983 
2 2908 2968 
2 7767 5755 
2 8322 9765 
2 6516 6520 
2 5492 9062 
2 7820 3140 
2 4442 8376 
2 1624 1972 
2 7480 1275 
2 2441 1085 
2 204 1484 
2 9829 8821 
2 7237 3836 
2 325 8356 
2 3778 100 
2 9810 385 
2 5510 81 
2 6247 411 
2 3862 6540 
2 1982 9611 
2 2022 2577 
2 1583 8714 
2 4674 2119 
2 3526 2663 
2 9538 2175 
2 3956 9170 
2 1765 3457 
2 4325 8847 
2 2640 9713 
2 5193 2426 
2 6314 3686 
2 8012 5521 
2 693 2199 
2 3162 5708 
2 8119 1351 
2 6298 6503 
2 8257 8850 
2 7281 6237 
2 1864 6297 
2 6632 7595 
2 9832 7656 
2 8058 8903 
2 5963 6331 
2 5130 2896 
2 8986 4171 
2 2961 2186 
2 9191 8505 
2 5845 16 
2 6218 7838 
2 6919 6111 
2 6842 5147 
2 7659 983 
2 9563 7003 
2 9778 5501 
2 7926 9064 
2 5857 5159 
2 6462 9849 
2 4183 5093 
2 451 343 
2 5606 9887 
2 7485 667 
2 3155 1925 
2 3388 3681 
2 8176 7603 
2 7601 7259 
2 9404 5318 
2 5913 3813 
2 5264 7344 
3 600 2499 1936 
3 2878 6712 4239 
3 5282 2996 174 
3 8643 1329 6067 
3 6174 7331 3603 
3 9708 2835 7801 
3 6634 5276 1609 
3 6485 4285 1588 
3 7564 6419 9221 
3 8729 9943 6137 
3 8653 12 6352 
3 1420 8314 3271 
3 2709 7839 3236 
3 1527 3278 4335 
3 3789 6323 2425 
3 1215 7443 7464 
3 3777 9803 8768 
3 5733 1409 2153 
3 4804 5630 4350 
3 7305 8060 247 
3 9296 309 150 
3 6229 2419 9728 
3 8099 7387 1150 
3 5928 7497 9572 
3 7808 6048 7569 
3 5887 3982 7034 
3 8437 5469 5553 
3 1340 4434 2008 
3 844 7683 6487 
3 2351 1069 464 
3 9845 8299 4689 
3 3675 8633 7291 
3 8129 8050 8406 
3 2310 8392 1636 
3 298 2422 4302 
3 7396 2946 1273 
3 2950 2559 3880 
3 4966 127 9514 
3 6587 9207 1308 
3 566 703 6578 
3 6560 1000 7744 
3 4318 8685 4992 
3 3842 6977 824 
3 9553 8539 9866 
3 4819 649 4705 
3 8106 8185 5033 
3 4231 836 9208 
3 3602 496 4037 
3 8524 5345 206 
3 7415 8460 9351 
3 673 2757 2291 
3 7345 1658 3365 
3 2021 1265 4632 
3 6874 9066 4928 
3 678 9313 9785 
3 3369 6554 7140 
3 287 7809 3936 
3 2651 1044 764 
3 986 7988 9036 
3 7313 3294 313 
3 3086 6757 1209 
3 727 8857 7469 
3 8207 5869 9400 
3 6278 3019 1809 
3 9745 143 9468 
3 774 7658 6528 
3 8902 3637 5356 
3 2263 708 7738 
3 1229 432 2058 
3 6856 4566 3480 
3 4080 4200 8835 
3 6606 7008 2977 
3 4051 9507 848 
3 1732 1743 2064 
3 4945 2586 839 
3 6729 3139 8079 
3 2532 9599 2493 
3 1831 3297 6240 
3 7298 5770 1267 
3 2438 6881 7779 
3 6705 6937 6143 
3 1014 9826 6097 
3 4887 3583 2931 
3 453 2197 3070 
3 4287 9316 488 
3 4731 6040 9277 
3 9008 9902 9437 
3 7046 914 9112 
3 1480 1170 4025 
3 465 115 4169 
3 2528 3720 6760 
3 6390 4782 3722 
3 1906 1647 5534 
3 859 4704 487 
3 6611 6511 1965 
3 8416 6037 3991 
3 8200 1009 1426 
3 868 3339 3614 
3 6625 7322 9213 
3 1501 8927 5268 
3 4499 8734 4786 
3 2502 3723 9965 
3 6345 8160 760 
3 3015 8412 1355 
3 7540 7252 415 
3 5312 5014 9117 
3 9119 248 1848 
3 3400 2238 6368 
3 7036 6594 4214 
3 6379 6751 7528 
3 6385 8457 1989 
3 4161 9738 4093 
3 6858 6066 3454 
3 280 7407 7172 
3 6029 5086 2289 
3 6479 6742 4849 
3 7518 1839 8463 
3 2918 6843 8170 
3 1446 2657 6376 
3 4438 6565 9141 
3 3887 713 5839 
3 1154 953 1488 
3 6034 5233 8300 
3 9139 5870 6265 
3 3971 6780 2409 
3 2364 5692 5819 
3 2138 3699 5647 
3 7535 3793 3009 
3 3998 3443 2718 
3 1664 3418 2372 
3 9716 4032 6053 
3 5046 3518 8519 
3 9874 6206 9932 
3 3212 3371 9215 
3 5252 904 6109 
3 1272 412 8414 
3 9972 202 1782 
3 2194 9297 7751 
3 6941 3952 4340 
3 2880 647 5787 
3 7823 9212 6483 
3 3664 2527 6844 
3 2429 7697 2791 
3 4815 4956 7853 
3 901 4817 7047 
3 9228 1692 1934 
3 8705 5541 6253 
3 2544 7240 6249 
3 4111 9747 6727 
3 4505 6057 6812 
3 1058 2803 3355 
3 8049 9147 2543 
3 5326 4869 2169 
3 5416 9270 2464 
3 5149 750 6710 
3 809 2867 3530 
3 97 2434 8097 
3 2854 1423 5134 
3 6548 5988 4555 
3 9928 7807 241 
3 7160 1830 8948 
3 7907 7030 5475 
3 2209 8501 5703 
3 3333 9012 7743 
3 8310 8732 5686 
3 8997 4670 2513 
3 584 6181 5373 
3 2458 6104 8210 
3 5167 4995 8953 
3 7944 1907 2447 
3 6147 786 5872 
3 3794 1645 7388 
3 2714 9186 1476 
3 3238 1060 7501 
3 2283 7492 3822 
3 6960 4921 7328 
3 7486 5186 871 
3 8507 175 7404 
3 580 694 3448 
3 4764 7144 3799 
3 3608 7901 2631 
3 4708 1383 3513 
3 8428 2810 9915 
3 5513 1872 52 
3 524 7945 6440 
3 5530 3804 5568 
3 6971 9948 2435 
3 7069 9424 188 
3 3006 9128 9357 
3 1151 6241 7310 
3 9825 4203 7521 
3 5439 7257 1578 
3 9129 7301 7586 
3 681 8468 3601 
3 4164 2694 5915 
3 6330 2846 7513 
3 8990 5057 6291 
3 7780 4524 4784 
3 5679 7531 5981 
3 5739 6795 5737 
3 8562 5681 1828 
3 8157 344 9802 
3 7632 941 6480 
3 4521 156 445 
3 9035 6072 6719 
3 9493 3600 2491 
3 3629 4695 2923 
3 1241 9088 8905 
3 3458 2775 1394 
3 5247 2796 3979 
3 5969 1625 6447 
3 5561 6542 6754 
3 8560 1296 1207 
3 3408 8483 3749 
3 208 1466 2380 
3 2231 7458 3126 
3 5906 3640 3234 
3 815 4560 3605 
3 5079 6001 9226 
3 6284 4226 1880 
3 973 9752 4320 
3 3128 5422 5096 
3 6301 7363 6017 
3 8922 9040 4625 
3 3835 348 1455 
3 4256 4255 5000 
3 2065 9574 9853 
3 3889 526 7643 
3 5690 5095 6740 
3 8680 2028 8016 
3 7073 2187 700 
3 2910 462 6263 
3 8561 4883 1156 
3 7680 7731 7669 
3 1520 7166 3099 
3 4055 4958 7546 
3 1049 8197 1239 
3 4542 7337 592 
3 5135 4023 7282 
3 8265 5745 8418 
3 7975 7681 8040 
3 4570 737 4166 
3 2975 6862 6498 
3 1912 7516 3869 
3 6851 8834 3815 
3 1457 826 9282 
3 9385 9868 7760 
3 2790 1447 8896 
3 8713 9339 8173 
3 2940 8096 7278 
3 5378 9842 9710 
3 1777 5592 8594 
3 6453 732 8722 
3 7167 1079 9223 
3 672 2834 2701 
3 2546 7966 4724 
3 7255 2587 4787 
3 5970 9026 6569 
3 480 7342 6995 
3 619 2245 544 
3 2073 7930 9181 
3 9096 3393 361 
3 2196 3557 2444 
3 6442 9303 9685 
3 6402 8281 1346 
3 1903 8550 2281 
3 9775 5938 4235 
3 6312 3802 511 
3 6292 6855 6854 
3 4389 1262 4723 
3 7724 4707 1928 
3 4909 6000 7121 
3 1780 9100 990 
3 3479 9022 9705 
3 8794 3471 5250 
3 8151 5330 6784 
3 869 768 2821 
3 1295 7702 5578 
3 5461 2814 259 
3 8449 9535 4460 
3 2785 8168 3915 
3 6365 130 320 
3 4727 7208 9450 
3 615 8656 7818 
3 5776 5699 28 
3 1378 6989 5288 
3 6809 3193 1733 
3 104 5246 8317 
3 6553 6986 7614 
3 7940 4501 4254 
3 4059 2176 3660 
3 2819 7671 3901 
3 9438 8440 2451 
3 1930 4838 5427 
3 6714 3376 3607 
3 8547 4355 9867 
3 5843 8598 1829 
3 1753 6834 9554 
3 7451 1159 767 
3 277 3866 5836 
3 5166 3281 254 
3 5784 5020 8131 
3 8687 2423 180 
3 5363 9575 4800 
3 1556 3100 6990 
3 3049 8044 7338 
3 119 9861 6924 
3 8150 3959 2414 
3 1143 9463 2203 
3 7549 256 629 
3 3120 0 7577 
3 1577 2051 273 
3 1990 8430 8362 
3 4640 1850 9497 
3 6225 7424 5680 
3 6210 5867 9153 
3 8919 2721 7039 
3 2981 7334 8769 
3 9519 7974 6651 
3 2997 2157 4165 
3 5565 7910 8826 
3 4680 5914 7460 
3 9973 3495 5956 
3 1343 9949 6333 
3 8620 4365 9779 
3 8634 3577 8261 
3 1285 424 3809 
3 4110 6103 3613 
3 3247 4381 6593 
3 6563 7083 6102 
3 2970 1861 7471 
3 5383 1274 577 
3 9471 3213 7358 
3 551 4125 651 
3 1964 1917 6771 
3 7397 8812 5382 
3 7353 9337 3682 
3 7154 557 4058 
3 4658 7654 7194 
3 7315 8487 5310 
3 7400 342 6620 
3 4341 3697 5641 
3 9980 9017 314 
3 1858 7270 1851 
3 6841 5892 6582 
3 7706 2558 5485 
3 4672 9014 8018 
3 6953 8506 5035 
3 7653 5997 7912 
3 4414 899 1690 
3 2235 5519 5793 
3 235 7748 2148 
3 9306 5072 2804 
3 3256 3912 7276 
3 4224 9580 4221 
3 1491 7812 9529 
3 3446 2508 3877 
3 3061 5847 6649 
3 1097 2059 8700 
3 1616 6526 9103 
3 978 3118 3266 
3 3574 5343 3786 
3 7718 7075 6404 
3 5792 8145 3610 
3 8363 8845 3968 
3 2858 5589 3178 
3 5800 4779 7621 
3 3308 3918 5051 
3 7004 810 4675 
3 7481 5140 3310 
3 8833 7332 1546 
3 7688 7233 3395 
3 5726 8827 2471 
3 5239 963 8072 
3 887 3631 2724 
3 5164 8765 9697 
3 6187 4116 789 
3 8871 2921 5723 
3 4096 6822 6608 
3 883 2533 5297 
3 4292 1596 7938 
3 1006 336 9717 
3 2172 1124 9320 
3 461 7715 8931 
3 783 6736 8127 
3 3856 8961 1688 
3 67 9086 2594 
3 7221 9048 5121 
3 7753 1703 8245 
3 3691 1462 1590 
3 4181 4858 7012 
3 6044 3445 8459 
3 1564 2650 9118 
3 8585 4427 5258 
3 4575 9452 9346 
3 8442 3016 1534 
3 9079 1257 6342 
3 4565 5214 4301 
3 5320 5916 7741 
3 2098 798 8779 
3 4279 8015 3606 
3 6685 7390 5049 
3 2165 9477 1511 
3 3101 5986 8841 
3 1034 2739 4523 
3 8959 6968 5842 
3 8034 7548 1751 
3 3821 9989 2648 
3 1242 9286 5285 
3 3441 6888 6151 
3 7110 1706 9597 
3 6845 5576 5748 
3 9071 520 3364 
3 7890 1973 3742 
3 2325 5684 2661 
3 2551 4522 5182 
3 641 9267 4251 
3 3833 8803 9550 
3 1585 6168 5015 
3 7714 1297 7081 
3 1410 5575 9603 
3 1070 4482 746 
3 4070 388 896 
3 2855 8915 9268 
3 1342 6577 9122 
3 8897 3027 282 
3 3380 728 5616 
3 5990 2668 5971 
3 5065 2759 9155 
3 8866 5127 1810 
3 4508 7299 2305 
3 3233 5946 7657 
3 8612 8865 8121 
3 6682 8554 1223 
3 5922 6166 5192 
3 8368 3029 6903 
3 5505 2989 7987 
3 964 2936 3074 
3 1022 4785 6382 
3 3946 3498 2903 
3 5470 2091 5044 
3 2807 3524 5061 
3 3865 3349 9851 
3 7074 268 7148 
3 738 9283 7787 
3 6621 8619 6378 
3 2939 5334 1153 
3 2926 3196 599 
3 1744 6984 5700 
3 6461 1196 8271 
3 5426 1492 2336 
3 3237 4020 3201 
3 3596 1467 3886 
3 5281 8039 4646 
3 5573 3628 2615 
3 5540 449 1032 
3 6659 8842 1441 
3 58 3663 9985 
3 6115 9402 4195 
3 7174 6208 6386 
3 6437 8522 4305 
3 9958 153 2178 
3 7794 528 9670 
3 2523 898 7482 
3 3930 6319 1846 
3 9513 4450 1687 
3 8298 9356 3950 
3 3875 1547 9653 
3 3680 8158 1277 
3 5327 7496 5555 
3 4738 5527 8956 
3 6538 2925 6047 
3 4851 1909 8747 
3 715 293 239 
3 5136 5251 3980 
3 7450 7000 5799 
3 1230 3678 3436 
3 5846 7177 7045 
3 671 5806 4569 
3 5659 3630 9616 
3 8702 7192 2184 
3 8636 1640 4645 
3 3768 1802 7699 
3 1719 5953 4416 
3 9953 7700 8864 
3 864 9780 6474 
3 5646 6988 9269 
3 4348 4218 5305 
3 1210 4038 7354 
3 8020 3386 692 
3 2755 8568 5805 
3 6021 9666 70 
3 8247 5999 6869 
3 2373 8904 9076 
3 3073 3967 8122 
3 4706 1496 5961 
3 560 4776 7871 
3 3442 3803 1025 
3 1163 1419 1021 
3 4477 6153 7055 
3 5187 813 6552 
3 8270 9276 8396 
3 4538 6401 5611 
3 6025 7303 8877 
3 2745 8876 7607 
3 2892 6761 1364 
3 2267 882 3299 
3 8289 5991 2664 
3 6555 113 430 
3 60 8851 2338 
3 8010 7209 4977 
3 6329 8493 3502 
3 185 2301 6420 
3 512 9707 519 
3 6160 4579 8241 
3 4431 1506 8985 
3 9691 6998 7103 
3 9262 7969 591 
3 2083 686 8037 
3 6902 2332 993 
3 8308 532 5370 
3 5071 4895 3069 
3 4970 3370 8479 
3 1197 668 6791 
3 5091 1369 1385 
3 3751 7437 4577 
3 2290 717 4210 
3 3676 4742 7684 
3 4060 3124 2723 
3 8782 1054 3192 
3 3769 7555 8545 
3 6579 2207 6011 
3 1353 4458 1742 
3 8537 5958 3540 
3 172 9524 6217 
3 1366 1677 3084 
3 5899 9121 812 
3 7491 7932 3309 
3 3325 140 8964 
4 6949 5069 3591 1788 
4 7545 4831 876 6349 
4 6441 8544 8793 5891 
4 8916 5742 9246 4926 
4 6227 5460 1817 4730 
4 6567 6723 4216 643 
4 4965 1503 2529 645 
4 2039 5572 4950 4056 
4 6207 9308 192 5722 
4 8395 3790 1387 4573 
4 2742 1974 9037 7250 
4 4568 4754 7425 2619 
4 3646 9384 4248 4612 
4 4907 9748 3947 5717 
4 5822 9214 1863 5517 
4 6334 915 2681 8318 
4 7049 9929 422 872 
4 443 9405 5358 2259 
4 3060 1472 9125 2144 
4 3334 8874 1101 5120 
4 640 7509 1443 8478 
4 6895 6713 663 803 
4 1493 5858 8490 721 
4 5654 3721 6138 8047 
4 8061 861 191 6826 
4 3095 83 8095 4925 
4 3514 9821 3961 53 
4 537 8682 9640 2795 
4 4768 7774 4276 7948 
4 9336 4175 5955 2602 
4 8187 74 1979 2626 
4 1396 6346 7016 9830 
4 6692 9878 4137 1650 
4 1873 5522 1470 2480 
4 8234 9739 4229 9235 
4 5950 9382 6626 2164 
4 435 7500 5352 9190 
4 8678 4735 7947 3005 
4 4021 3800 2592 2683 
4 2130 7378 9375 9990 
4 7687 8774 3893 6697 
4 1985 7283 2344 2784 
4 7143 179 3931 4409 
4 8221 9162 9220 1087 
4 5732 8534 4310 7064 
4 4626 4356 1224 9792 
4 4331 2381 6724 5600 
4 3599 3047 1057 482 
4 5962 4148 5497 1411 
4 8605 525 3048 4010 
4 8036 4873 6294 8809 
4 8172 2074 7399 7217 
4 2269 1217 5084 8733 
4 8721 2415 9798 4686 
4 8622 146 8798 4808 
4 6691 829 1185 9344 
4 2630 1063 4809 2088 
4 3209 4443 42 8133 
4 6956 4803 1614 9567 
4 8035 6942 79 5542 
4 4230 9359 4435 6510 
4 4894 7111 5714 2482 
4 2680 8285 454 8572 
4 1940 4101 9317 7267 
4 3796 669 2185 933 
4 5150 6341 171 7740 
4 1452 3475 5132 8385 
4 719 3167 3008 7526 
4 2708 3288 7360 9771 
4 1853 6175 3521 4743 
4 8208 9053 7444 4072 
4 7635 7375 9163 4094 
4 8518 7876 7920 5453 
4 3597 1854 9263 5008 
4 3588 6816 2554 8066 
4 9621 9509 8665 9332 
4 7963 2374 6566 7954 
4 2797 6637 4606 1235 
4 1799 804 3563 1916 
4 3897 2261 9289 1307 
4 4274 9260 1918 5533 
4 1608 4179 5637 529 
4 8780 3818 8855 3175 
4 270 9733 4628 8738 
4 4580 6650 2061 3398 
4 1775 7789 6943 9124 
4 5777 5774 2826 9576 
4 6475 958 7859 3748 
4 2633 6079 2740 7361 
4 3276 7539 3059 3851 
4 1245 6994 4683 4963 
4 1416 539 1424 396 
4 7162 841 8885 9678 
4 8977 6296 2941 6831 
4 8336 8592 2288 9561 
4 1399 3030 1450 8963 
4 5445 7998 3378 5472 
4 9080 5815 5626 266 
4 7605 9892 8341 4509 
4 4919 3221 3696 6387 
4 4319 9019 847 7728 
4 1794 6185 7673 6367 
4 2638 2514 7123 1287 
4 597 2611 2251 3568 
4 9558 2622 9428 8509 
4 2466 1469 8533 6036 
4 576 2890 9602 5066 
4 9772 7864 1896 3263 
4 4593 1991 5758 6015 
4 2146 1074 2905 3848 
4 3648 9600 4034 5438 
4 3430 3512 8407 5671 
4 7433 7391 9661 2565 
4 2682 9840 8808 3832 
4 433 8277 6677 467 
4 3243 4962 9056 3468 
4 8346 8520 3917 627 
4 5848 2937 4608 7125 
4 6777 2124 9702 1550 
4 5657 726 1653 4204 
4 6891 1834 6492 7370 
4 7466 8280 9172 6715 
4 7258 1360 3739 8936 
4 8758 9252 288 9674 
4 4839 8286 6901 123 
4 991 2126 4336 5324 
4 2994 8161 5919 2047 
4 3960 1271 3627 6539 
4 6804 6434 7511 7024 
4 7294 3785 4154 8878 
4 5480 9411 2324 6030 
4 1840 7333 9875 8092 
4 5364 5089 2416 8726 
4 9755 2971 9444 4410 
4 743 3725 2922 4260 
4 8756 7316 7587 3032 
4 8887 9427 5650 8892 
4 5242 2894 2488 1090 
4 9938 6744 9006 2842 
4 561 6735 1494 6473 
4 3590 2678 7126 373 
4 7899 2512 5351 5273 
4 1691 2046 998 8441 
4 8458 9273 9977 7942 
4 1767 3068 7929 9290 
4 498 6837 2326 9647 
4 1415 6088 7561 3700 
4 8704 8822 8007 2244 
4 4948 7190 276 260 
4 3552 8987 1674 8059 
4 7157 3997 1325 7020 
4 7880 2629 9440 7145 
4 9916 9609 1866 7735 
4 7372 4818 1298 2891 
4 4697 338 9664 2156 
4 1347 7191 7093 7515 
4 2766 5665 8492 7006 
4 724 976 3507 2100 
4 383 9919 1377 7660 
4 7675 2486 7568 6531 
4 7553 1113 7349 6269 
4 9904 89 2588 2928 
4 7772 3651 4035 3938 
4 4377 8467 3972 5966 
4 5494 7453 5064 5411 
4 5454 5900 1956 2327 
4 3177 7077 8194 6928 
4 226 9596 8664 2569 
4 885 3123 1779 5111 
4 6957 7277 4576 744 
4 3104 2411 5984 4771 
4 5083 4539 5342 4304 
4 2317 2294 7922 987 
4 2844 2660 1793 9546 
4 2517 3585 297 759 
4 3658 6877 4666 4390 
4 3853 9319 8538 4324 
4 4891 9039 5599 8596 
4 8424 8415 6167 4167 
4 7742 5399 2583 5379 
4 2893 8669 5199 6418 
4 8528 6783 5001 4095 
4 4041 1695 2067 8477 
4 530 7201 429 1844 
4 5546 2962 3567 6407 
4 3028 2050 7129 3071 
4 3044 1741 3759 6119 
4 7962 771 5917 4129 
4 4298 9556 5117 8056 
4 6701 3586 8958 1629 
4 4911 9627 2085 3740 
4 8217 378 7139 2270 
4 2494 6908 9799 2857 
4 3232 5260 2684 7002 
4 9070 1618 2770 457 
4 2353 1667 9605 4470 
4 5779 2584 8249 1019 
4 6482 3528 8911 1923 
4 6886 6337 6827 638 
4 2865 2129 3903 5228 
4 3774 8384 1425 2541 
4 2777 370 5862 5098 
4 1165 2837 1136 8709 
4 374 4757 7113 3611 
4 8132 2489 9301 6545 
4 1468 542 2805 8978 
4 9174 5620 831 2280 
4 1760 1391 2820 9641 
4 6196 6433 3452 2170 
4 8431 7691 9434 9489 
4 1523 9105 9706 5879 
4 5911 620 5687 8113 
4 903 2096 8881 586 
4 5043 3990 2606 3965 
4 1558 4489 8976 2470 
4 8240 1739 1071 5447 
4 9817 5871 5512 4641 
4 3116 5960 1721 7079 
4 5716 2093 793 4484 
4 7845 8750 3688 6436 
4 1663 1483 1730 1089 
4 6518 7109 4099 163 
4 2762 9090 6815 9809 
4 1237 2644 2595 7846 
4 6152 4136 4988 7430 
4 3984 7200 8074 1960 
4 9169 306 6107 1017 
4 773 1012 7622 4888 
4 2379 5322 8898 7797 
4 7775 9005 8703 9557 
4 9936 6505 7989 690 
4 8352 8169 161 7803 
4 6101 6191 1489 2942 
4 4857 9050 7070 1125 
4 9776 2227 9288 2133 
4 5236 4284 8019 5761 
4 2048 8397 9999 2976 
4 9321 3198 5933 1177 
4 6975 5873 3870 5502 
4 8339 9364 8899 2580 
4 6976 7882 5952 6100 
4 3188 9880 4001 7935 
4 8128 9659 3090 3427 
4 286 9649 662 8914 
4 3945 6645 8417 8183 
4 9935 5715 792 8854 
4 8667 9417 4266 1654 
4 2229 3649 2552 2370 
4 782 5865 1181 7854 
4 796 4842 4352 9 
4 1020 9176 3633 9042 
4 8711 4741 849 6980 
4 7833 7544 1093 7645 
4 1797 710 5508 6194 
4 136 1519 7776 2752 
4 1529 27 2889 347 
4 6129 9230 924 3272 
4 2345 8923 4404 1868 
4 7379 1035 9171 5085 
4 5957 9585 474 3450 
4 9167 8858 1094 6223 
4 8739 7848 7311 155 
4 106 2748 9029 508 
4 6592 9644 9499 570 
4 9098 9791 7911 8236 
4 5669 3565 971 3089 
4 4957 2355 8608 225 
4 8090 1251 9120 9083 
4 3895 9559 9218 3000 
4 5941 1254 5173 8177 
4 2988 2882 8503 3620 
4 2620 6146 8566 9952 
4 8444 1796 2249 8582 
4 3433 3375 5286 6946 
4 2395 6108 7213 5019 
4 2904 8989 8757 5523 
4 2913 6894 8773 5905 
4 2789 770 1683 1220 
4 3036 6131 1536 7090 
4 775 3719 3667 9101 
4 9537 8137 1252 2538 
4 886 6918 3805 7805 
4 8569 2455 7231 2131 
4 5930 8832 9711 9107 
4 8082 4454 5271 1648 
4 3416 5381 9543 1586 
4 3184 9689 8347 9823 
4 3385 4307 3520 4033 
4 8785 7990 6344 2404 
4 9966 6550 4193 8662 
4 8688 7470 4769 2753 
4 2237 447 2118 8635 
4 7525 2428 5027 9104 
4 2446 5503 8787 4009 
4 8306 5652 3873 3045 
4 4884 2299 3058 8390 
4 1490 413 4796 6969 
4 9918 602 3623 5967 
4 856 2174 2553 481 
4 9462 1439 8764 9571 
4 7398 6805 2830 3909 
4 1103 8276 4871 578 
4 6443 1587 3172 1783 
4 8654 8295 9458 8510 
4 5077 7503 2516 8332 
4 8983 1715 6508 1628 
4 5954 7287 8055 2659 
4 4347 7395 8909 7917 
4 2357 4497 7648 8868 
4 3170 26 5753 40 
4 9299 9134 3694 7689 
4 3098 3149 6775 8091 
4 7300 8312 9152 1126 
4 8054 7664 5515 6772 
4 1605 4128 258 8242 
4 6354 1269 4918 9205 
4 5603 5695 1149 392 
4 594 9818 6929 631 
4 8668 2257 7495 308 
4 3336 7863 5329 3988 
4 6439 9414 8178 2756 
4 7598 220 784 6093 
4 9488 5170 5866 6680 
4 356 6409 9291 73 
4 5912 6239 4634 7755 
4 5537 2105 7171 4243 
4 5060 2479 9983 2037 
4 2578 41 5877 4190 
4 2760 3464 2403 5080 
4 3899 1250 5976 1231 
4 8274 3127 3267 3447 
4 6077 1227 4623 6458 
4 1968 7479 9473 8527 
4 9814 3534 7248 1833 
4 7293 4694 7021 7795 
4 9515 2637 3066 7274 
4 4720 9699 9254 5390 
4 5056 3277 1525 1563 
4 5289 1932 4344 5995 
4 9633 9442 7661 6681 
4 2556 4468 5333 4597 
4 8895 7284 6926 7138 
4 4607 59 5 988 
4 2560 5004 8252 9906 
4 9937 7865 9378 1712 
4 5018 3432 5374 1440 
4 4091 9682 8142 5474 
4 5499 4440 2339 5760 
4 6488 3413 2279 118 
4 3022 8155 6541 2900 
4 3535 9082 8230 5401 
4 7137 3584 3122 6979 
4 8762 4937 4451 9954 
4 4699 5448 1055 6327 
4 1164 7541 6807 3157 
4 4162 9156 8000 295 
4 3224 1038 4533 8937 
4 6509 7766 1772 1114 
4 2378 3674 4345 3248 
4 5757 5041 8275 2243 
4 9416 5124 3579 1993 
4 1911 4519 6448 8813 
4 6676 8353 5529 8645 
4 579 8659 1997 5428 
4 8309 2431 3459 9154 
4 9265 8621 4984 7757 
4 4828 2948 1773 2888 
4 3372 1947 8429 7950 
4 6186 1123 6955 522 
4 5088 6136 4991 398 
4 1117 1931 6254 6963 
4 6178 7550 6202 6598 
4 6655 4971 4374 7271 
4 3260 1811 8114 2501 
4 3638 4986 4002 6583 
4 262 3592 4550 1030 
4 3353 403 8816 3934 
4 6991 4383 7461 4375 
4 2722 3975 6083 2213 
4 5238 5055 4047 6898 
4 6039 2163 6432 8819 
4 944 4904 9264 5344 
4 7999 4208 4326 6438 
4 8512 7667 4725 6416 
4 8369 9409 4016 654 
4 6052 6398 2875 1579 
4 3884 9144 1381 9770 
4 9827 8301 7085 4953 
4 8603 6105 2316 1278 
4 7979 23 44 8250 
4 479 4487 1584 9807 
4 9626 659 6358 1895 
4 5602 7905 9671 1299 
4 8153 6768 6778 3245 
4 6431 6184 6808 7028 
4 6118 1459 688 6353 
4 4244 4316 745 515 
4 5896 5466 2519 9591 
4 6619 4711 7195 3421 
4 9905 8615 6507 8589 
4 8706 7759 4732 2827 
4 4910 7325 7517 1938 
4 1412 9024 3874 857 
4 3573 1633 346 3741 
4 8638 9476 4469 5974 
4 7161 3716 2562 1518 
4 6095 6293 5221 4461 
4 1473 6106 5668 661 
4 2817 4681 5016 590 
4 1540 5660 8929 8918 
4 8469 5028 7750 6706 
4 6731 7752 5518 7156 
4 1129 9487 3293 1759 
4 6584 4267 6524 1574 
4 341 102 2802 6027 
4 7099 1138 5114 1642 
4 1374 4551 1349 7844 
4 3092 5588 7879 9947 
4 7459 5415 8666 6038 
4 399 1849 4558 1862 
4 4879 7101 9051 9921 
4 8637 7184 1877 2053 
4 2469 8824 7810 6779 
4 4954 2945 8806 1736 
4 6394 8901 3994 9624 
4 674 8292 635 3146 
4 6374 1593 4942 3829 
4 3082 2679 7704 7869 
4 9470 4346 4685 7821 
4 8625 5249 2839 326 
4 9988 4045 381 6558 
4 3154 2266 217 1710 
4 3160 8413 7202 1632 
4 6163 1144 4004 4050 
4 1471 1141 610 8480 
4 7886 5206 5177 6549 
4 6853 6019 1643 8443 
4 6224 4158 4993 5987 
4 9701 9102 6689 7580 
4 2329 5923 5154 9754 
4 257 8219 504 1166 
4 8465 3549 3550 801 
4 2967 2783 1539 7953 
4 6690 8124 931 9315 
4 8575 7037 4247 4068 
4 8391 224 7914 6415 
4 9628 5655 734 8154 
4 2282 2959 5743 4187 
4 9052 9459 9057 9712 
4 7570 7982 6600 8283 
4 8632 5423 6279 3872 
4 9831 8817 8199 4422 
4 9047 3434 5863 8836 
4 8880 1121 7960 2202 
4 7927 9362 6580 5507 
4 5298 8751 2312 2162 
4 4332 6177 2773 6171 
4 7536 1228 5355 3194 
4 8604 8304 7655 4490 
4 5184 2452 9568 905 
4 4388 891 4211 6965 
4 8421 3121 9992 1270 
4 955 1591 5860 7014 
4 5696 2012 5511 7505 
4 5861 568 832 8761 
4 9530 3367 5897 9822 
4 3181 4439 9457 9329 
4 2692 3537 8988 3344 
4 5341 3710 9480 6638 
4 7210 8331 7560 8351 
4 5226 6494 9581 7428 
4 1701 1867 6797 5006 
4 1914 7449 1812 2788 
4 1195 8759 6361 8602 
4 7127 5434 6457 9087 
4 1888 6212 8329 9465 
4 3088 6091 6796 8110 
4 8840 1757 1659 9577 
4 6788 3435 1052 1499 
4 7679 6992 9959 6683 
4 1221 7798 2160 227 
4 152 5609 689 7915 
4 9406 830 6656 8755 
4 2319 2154 4464 85 
4 57 7087 7249 4069 
4 5524 3788 6493 4886 
4 3690 7893 2292 2608 
4 3662 3404 6035 1206 
4 7007 8955 1199 1769 
4 7612 2520 4314 1756 
4 8335 6332 3 1541 
4 1702 4191 8542 7934 
4 8831 3977 233 7678 
4 6423 1815 5244 15 
4 4006 3698 9182 5591 
4 5413 6910 6042 911 
4 1576 4617 6497 4587 
4 7698 1205 8232 4934 
4 874 8213 117 6786 
4 4635 2211 1682 72 
4 2296 4698 1216 5253 
4 6948 9735 292 6190 
4 2497 8135 6527 1176 
4 1122 7290 8573 2396 
4 2654 1180 992 2377 
4 698 178 4979 4599 
4 3141 9549 6875 1458 
4 6670 1448 608 559 
4 8030 7624 8143 4300 
4 485 2518 670 4097 
4 5812 3463 892 1179 
4 7642 3218 4186 3131 
4 5325 2646 9430 8893 
4 3360 196 1508 8377 
4 6671 253 3558 2561 
4 3246 3653 3085 8224 
4 3323 133 8530 2733 
4 1042 5483 2121 5617 
4 3226 2697 1211 1393 
4 2241 8754 5087 1696 
4 6959 622 9508 7786 
4 4217 167 7091 8400 
4 6026 1226 6363 2485 
4 8882 9495 1198 8717 
4 1194 3703 1572 4246 
4 7925 3955 8767 3609 
4 9081 3598 6281 7389 
4 8206 3762 5185 322 
4 4709 410 6120 7096 
4 4040 644 1214 646 
4 7238 4545 1152 9335 
4 9241 7889 1311 9310 
4 5045 3064 1761 3760 
4 8263 8695 5290 6003 
4 1005 1723 838 2375 
4 8337 250 747 8606 
4 3409 3823 1007 6090 
4 6065 1954 7898 1479 
4 6089 5968 1365 820 
4 4 6978 2920 285 
4 3215 9469 3766 6158 
4 9703 5488 550 1646 
4 5925 2929 6597 4444 
4 802 56 5465 1213 
4 5889 4932 9766 6454 
4 151 164 6765 5075 
4 9565 1048 2848 3509 
4 4290 1908 3251 2195 
4 3713 6347 7923 4367 
4 5012 2735 6041 4157 
4 3151 1999 9511 1118 
4 8486 9629 8432 200 
4 2598 2916 4048 1526 
4 8514 2831 6721 2884 
4 2607 7097 5747 324 
4 278 972 4205 4511 
4 2190 8778 4491 9893 
4 965 7364 2930 8152 
4 2761 5558 1327 9142 
4 2750 3211 7609 3359 
4 9732 6930 7589 9217 
4 9490 8939 1900 4867 
4 4249 6403 3772 3314 
4 5554 2036 1314 2273 
4 7319 7908 6864 1939 
4 4581 6512 5627 201 
4 4502 761 1582 6357 
4 2102 9680 3138 621 
4 8991 3891 9342 4548 
4 1302 3761 642 4614 
4 3377 507 8358 4590 
4 9741 4875 6316 5705 
4 3830 6801 9808 6672 
4 7566 4749 4721 5295 
4 8724 4789 2352 7438 
4 4669 194 9913 8829 
4 6878 5673 9573 2953 
4 4223 2107 1400 3042 
4 4905 9345 5155 5128 
4 7272 6033 2956 9564 
4 354 7897 7431 92 
4 7212 7533 1699 1927 
4 2217 5797 2449 2674 
4 9092 9421 3133 5706 
4 5395 3709 4663 5357 