1628
2 869 7347 
2 6887 1529 
2 3781 3650 
2 5382 1716 
2 9581 5006 
2 3975 43 
2 7469 9869 
2 9848 2715 
2 7152 2698 
2 5063 2719 
2 9230 6532 
2 8167 5441 
2 213 1292 
2 1031 733 
2 6991 5553 
2 3178 5921 
2 3925 6414 
2 9929 5963 
2 904 1876 
2 1489 6881 
2 9454 1281 
2 1347 9463 
2 3373 3391 
2 8913 7033 
2 3061 9870 
2 9779 2612 
2 762 2394 
2 412 7767 
2 959 6135 
2 4147 522 
2 7275 9693 
2 8382 3121 
2 2061 6855 
2 4515 5880 
2 9828 6891 
2 3757 3365 
2 143 5212 
2 4898 693 
2 3006 1601 
2 1202 5854 
2 3808 808 
2 2594 6575 
2 3682 4785 
2 1311 8097 
2 5620 3478 
2 4303 3817 
2 280 3044 
2 236 9406 
2 637 3776 
2 5086 6637 
2 2356 4793 
2 8966 9946 
2 4029 7718 
2 6458 3795 
2 3509 9154 
2 4083 367 
2 2275 1507 
2 7121 3994 
2 3183 1886 
2 3553 667 
2 1959 7542 
2 2708 9865 
2 1841 1939 
2 6847 6262 
2 7194 2362 
2 8325 9101 
2 2717 6321 
2 8934 4073 
2 5834 3026 
2 9872 2095 
2 6597 7116 
2 8839 8822 
2 4097 9582 
2 7203 9131 
2 4975 6898 
2 7780 6586 
2 6475 9117 
2 2448 6049 
2 5562 8061 
2 9266 4508 
2 7118 734 
2 1040 6602 
2 8603 1775 
2 1919 2862 
2 9220 9984 
2 7587 6360 
2 4993 4745 
2 3739 9089 
2 6579 9671 
2 4838 9459 
2 9001 4727 
2 1925 7750 
2 4060 774 
2 8719 2572 
2 7958 6316 
2 7939 7455 
2 1358 3701 
2 4086 7775 
2 5600 9902 
2 1284 8192 
2 9785 2711 
2 9555 7175 
2 9446 7571 
2 7053 8658 
2 6830 1953 
2 2285 6323 
2 3494 3626 
2 7822 6526 
2 650 1990 
2 3446 3340 
2 307 9799 
2 8659 5219 
2 2077 1746 
2 1630 1691 
2 3696 3107 
2 7873 5827 
2 4394 5590 
2 6138 447 
2 3185 3959 
2 6971 8716 
2 3728 4969 
2 4655 6585 
2 1945 2458 
2 5939 2216 
2 2974 5190 
2 3698 4733 
2 6255 4087 
2 9572 4927 
2 9155 3402 
2 6398 1176 
2 6098 2965 
2 6823 5624 
2 788 7067 
2 3733 9383 
2 7688 8861 
2 6583 1563 
2 5706 5601 
2 8247 1957 
2 2175 7078 
2 7610 6486 
2 3849 3568 
2 1673 2982 
2 9630 2062 
2 1471 8093 
2 1940 1095 
2 2469 594 
2 7619 5231 
2 5666 5263 
2 6805 4092 
2 1214 5364 
2 590 6144 
2 7192 638 
2 168 7337 
2 6697 7346 
2 5523 437 
2 1833 4128 
2 9099 9740 
2 3592 9787 
2 8199 7805 
2 5999 8912 
2 5978 1687 
2 5277 1346 
2 1932 6770 
2 3128 3559 
2 740 3457 
2 8250 6521 
2 4933 8917 
2 1589 1721 
2 6902 4583 
2 62 4422 
2 6423 1606 
2 3466 6936 
2 6246 9222 
2 1761 394 
2 9915 7471 
2 6632 301 
2 3055 7169 
2 8029 5808 
2 6116 178 
2 1962 5205 
2 3655 1390 
2 7928 8206 
2 1520 9801 
2 3799 3262 
2 3010 9034 
2 417 1249 
2 8602 9068 
2 4356 5194 
2 5156 9517 
2 535 8575 
2 2692 5301 
2 2480 9586 
2 4475 9436 
2 1647 9731 
2 622 8881 
2 2776 2845 
2 1366 6080 
2 5930 453 
2 9149 9905 
2 108 196 
2 2269 669 
2 4336 5881 
2 3930 1204 
2 9461 3101 
2 4902 6160 
2 6124 8045 
2 2090 5927 
2 9831 6999 
2 4056 364 
2 9835 8516 
2 4102 3083 
2 714 4327 
2 5304 8311 
2 4186 5482 
2 2138 5826 
2 8159 6197 
2 1361 3574 
2 4724 1467 
2 4260 3074 
2 7672 6930 
2 3943 2501 
2 5095 3562 
2 9006 5675 
2 2644 2283 
2 3084 6884 
2 1994 727 
2 3409 2553 
2 9910 4454 
2 1963 5730 
2 1000 5068 
2 6474 6381 
2 393 3648 
2 4652 4306 
2 2647 9722 
2 4564 3915 
2 6370 6421 
2 9593 1503 
2 4211 2535 
2 6134 6276 
2 8841 6182 
2 7258 171 
2 7727 1600 
2 2694 6393 
2 3041 7839 
2 4870 5864 
2 3497 7028 
2 8712 2624 
2 7905 3167 
2 5417 8051 
2 9922 4991 
2 8450 6826 
2 1702 8894 
2 5520 9573 
2 4158 6137 
2 7521 2383 
2 3555 6733 
2 7480 8543 
2 8994 8142 
2 7499 2411 
2 2736 3474 
2 4948 1383 
2 1154 3059 
2 6885 8717 
2 8680 3872 
2 6303 5274 
2 7188 9626 
2 2838 8281 
2 7009 6607 
2 1537 1791 
2 664 776 
2 1245 6642 
2 4770 6541 
2 4119 6827 
2 4160 6942 
2 5371 1875 
2 6455 7051 
2 5546 1309 
2 889 8351 
2 4815 9715 
2 3511 7259 
2 5056 1508 
2 3174 4067 
2 6100 4094 
2 4218 3330 
2 7251 6450 
2 2629 9780 
2 9616 2990 
2 3195 3123 
2 295 9197 
2 5428 6517 
2 6546 5919 
2 7238 1676 
2 79 3264 
2 4944 255 
2 7917 9541 
2 8269 1970 
2 7282 2688 
2 1951 5783 
2 2242 4607 
2 7315 8016 
2 4908 1022 
2 2806 4698 
2 2751 4230 
2 2993 715 
2 8177 1230 
2 4602 9440 
2 5760 6698 
2 4797 2961 
2 2980 5952 
2 1794 4038 
2 9895 4974 
2 9377 4891 
2 7994 8056 
2 7550 9871 
2 5512 9685 
2 1896 2471 
2 1435 101 
2 8648 3051 
2 3950 1250 
2 5785 9057 
2 9862 9666 
2 4718 3796 
2 7599 4122 
2 712 7407 
2 2249 1112 
2 2507 3145 
2 4600 8948 
2 9385 7642 
2 1552 5686 
2 2986 2379 
2 3222 5567 
2 2783 1724 
2 4924 6749 
2 3800 6556 
2 2544 6758 
2 4457 7479 
2 4851 4166 
2 290 6102 
2 1333 7460 
2 7921 3847 
2 9770 4171 
2 710 1060 
2 418 5483 
2 2279 3533 
2 1631 5067 
2 6120 6318 
2 3596 4554 
2 4887 3565 
2 7057 1061 
2 1844 9776 
2 7026 3093 
2 3848 4192 
2 6495 5717 
2 9911 6443 
2 4878 8577 
2 4766 1425 
2 4103 3633 
2 1922 7778 
2 6367 286 
2 1481 7166 
2 4858 5709 
2 4331 6088 
2 1184 3015 
2 7270 1885 
2 6324 6491 
2 1718 1491 
2 9063 6569 
2 3986 6729 
2 6283 8515 
2 7253 8401 
2 3215 3982 
2 9329 3684 
2 4591 9684 
2 3642 7553 
2 7189 4784 
2 4420 6317 
2 6512 510 
2 4565 3662 
2 254 354 
2 7248 7979 
2 8411 2325 
2 3768 1434 
2 3366 2449 
2 5078 8883 
2 8527 8929 
2 6172 6876 
2 9673 5964 
2 7818 1947 
2 2133 5208 
2 4626 5586 
2 5522 2241 
2 633 6728 
2 3617 8641 
2 5147 4114 
2 9853 9495 
2 8094 6669 
2 2341 7115 
2 2854 7095 
2 8264 3011 
2 8070 4714 
2 5926 2712 
2 121 1964 
2 200 1863 
2 4808 167 
2 8453 9512 
2 8552 4290 
2 6344 4090 
2 7025 185 
2 7663 8821 
2 1826 5806 
2 2121 1379 
2 3598 8185 
2 2581 7554 
2 898 8189 
2 7353 7432 
2 4901 6824 
2 8166 6243 
2 2179 5045 
2 7846 2588 
2 7769 1159 
2 7654 7373 
2 4450 7613 
2 7278 8067 
2 4982 5944 
2 3604 7558 
2 2741 7900 
2 5969 6903 
2 5449 4634 
2 5966 9750 
2 7883 1878 
2 8259 5693 
2 7170 3665 
2 2127 6338 
2 4658 5684 
2 1122 7706 
2 8022 6047 
2 4517 1326 
2 5064 8653 
2 4642 3979 
2 8254 9142 
2 6769 9115 
2 218 8566 
2 7165 5020 
2 5513 9055 
2 6924 5314 
2 1362 148 
2 6610 6983 
2 7288 3104 
2 155 1382 
2 2883 3886 
2 6674 4246 
2 2897 1658 
2 4161 9820 
2 3224 9318 
2 1387 5110 
2 3957 7802 
2 4805 3099 
2 4391 7164 
2 7103 9509 
2 6895 6086 
2 3835 4240 
2 3189 3201 
2 5416 8923 
2 8017 4165 
2 6405 7993 
2 5098 1978 
2 6905 1498 
2 3219 1671 
2 1255 8436 
2 5798 5959 
2 2847 7267 
2 9051 1480 
2 1203 1683 
2 4804 3969 
2 5705 4757 
2 2472 6649 
2 6061 1996 
2 2921 6598 
2 6417 7401 
2 3338 3948 
2 3523 6263 
2 4206 2738 
2 5361 4274 
2 5672 9150 
2 5048 1395 
2 3940 139 
2 565 8294 
2 1408 3956 
2 5712 9430 
2 5368 4551 
2 9028 2415 
2 7205 8568 
2 3750 620 
2 5506 9545 
2 9393 5389 
2 7474 9308 
2 9114 4689 
2 3272 6257 
2 2809 7831 
2 3141 8618 
2 9695 8457 
2 9908 7509 
2 9281 476 
2 5133 6217 
3 4297 8862 4999 
3 1813 4585 4238 
3 7932 8191 1315 
3 1385 3498 9774 
3 2002 9622 7636 
3 5846 31 8152 
3 7862 3053 6359 
3 994 4560 6935 
3 8542 9075 5151 
3 9901 1965 9062 
3 5170 8879 338 
3 4746 6018 3238 
3 2726 865 6712 
3 5388 2649 2477 
3 7615 9840 4782 
3 8275 3476 1927 
3 1981 9019 1131 
3 3853 9817 4519 
3 1451 745 7732 
3 1029 2723 4922 
3 726 1464 1477 
3 9449 3113 9748 
3 9875 2126 7331 
3 8499 3049 1254 
3 9993 8459 555 
3 9288 2871 146 
3 7749 1652 1980 
3 6756 3003 6497 
3 7083 7209 4183 
3 6448 2314 8438 
3 4304 3311 6107 
3 73 1166 4513 
3 9481 5571 4348 
3 7680 5915 9390 
3 9729 1916 8817 
3 8141 2468 1689 
3 7865 9588 2745 
3 4743 186 6068 
3 1417 8834 1193 
3 1667 2289 3267 
3 7034 7923 7468 
3 9350 7723 9536 
3 1331 941 5634 
3 5062 3674 5904 
3 9674 9918 7580 
3 899 4170 2497 
3 8493 1044 5154 
3 4425 652 8036 
3 566 925 8272 
3 975 5352 8130 
3 8857 2152 9190 
3 3106 8563 9558 
3 6070 1495 6090 
3 2848 9540 3641 
3 1660 9065 9346 
3 9297 1241 2311 
3 2926 1479 8827 
3 3226 6646 5184 
3 818 7110 5271 
3 5909 3890 6892 
3 5332 8467 8232 
3 9730 4682 2228 
3 9047 5591 4677 
3 3622 2479 2401 
3 5517 7716 8507 
3 8179 3221 7988 
3 960 1850 847 
3 7298 7559 2779 
3 2302 8652 3234 
3 6196 4958 6319 
3 8710 1883 794 
3 5239 979 362 
3 7981 9205 4164 
3 2461 6801 1921 
3 7368 6267 6871 
3 2559 3871 9478 
3 3233 9092 6066 
3 5628 9043 6520 
3 1015 2615 4538 
3 9761 7545 9094 
3 9287 8564 1874 
3 3115 1422 997 
3 3203 9168 3285 
3 5498 4774 3005 
3 8555 4258 9473 
3 97 7527 5484 
3 3471 7859 5354 
3 6302 7228 3289 
3 7293 9018 5807 
3 3324 3435 8546 
3 4556 7744 1566 
3 1541 1391 4191 
3 4930 6970 6419 
3 8034 3934 9017 
3 6368 3470 6185 
3 8895 5595 5534 
3 5552 283 4882 
3 5657 1737 8477 
3 9852 9738 7583 
3 9741 7779 8043 
3 7266 543 5842 
3 203 7629 8884 
3 9326 8739 4644 
3 575 4657 6233 
3 8872 4702 1219 
3 5573 2662 9159 
3 6165 6079 2843 
3 6418 8849 8302 
3 7182 1421 8975 
3 273 125 2029 
3 7658 2046 6325 
3 6536 2593 4193 
3 2178 1161 1468 
3 4971 41 9224 
3 4894 4144 4175 
3 3767 548 841 
3 8473 459 428 
3 3380 7572 7094 
3 8824 6995 5614 
3 5309 4480 9557 
3 7552 1505 748 
3 8863 4883 3322 
3 9016 5224 4031 
3 3725 1097 425 
3 3079 2410 6955 
3 327 1191 6129 
3 6469 5625 3621 
3 4438 1551 8922 
3 6444 9071 2361 
3 6814 1114 7913 
3 3741 8006 1512 
3 3782 8126 6656 
3 938 2830 2020 
3 8627 5207 3232 
3 3452 7966 5582 
3 2088 1363 2347 
3 7414 4136 8864 
3 2106 4216 8164 
3 262 1812 4078 
3 7197 4671 345 
3 3677 9756 7333 
3 9737 1153 9280 
3 7490 5329 1632 
3 5694 2437 5103 
3 703 8430 2493 
3 4132 6605 6330 
3 5339 7987 6675 
3 7836 6633 1045 
3 426 6648 6914 
3 7754 3334 5910 
3 4719 6561 642 
3 560 609 8410 
3 3721 4722 1608 
3 1598 956 3087 
3 2919 922 7786 
3 795 2985 3538 
3 2517 1167 252 
3 3613 2300 9754 
3 8757 2659 8588 
3 3913 2456 6008 
3 3804 6343 8791 
3 7310 8878 5933 
3 4021 5962 4479 
3 6981 5866 1431 
3 7003 5796 8774 
3 4789 4011 2298 
3 4520 9348 4688 
3 7198 4598 2391 
3 2094 6601 7070 
3 659 8117 8522 
3 5845 6647 2237 
3 3740 8776 3920 
3 7492 4610 2207 
3 3653 4395 3333 
3 2100 9369 6071 
3 4387 230 1369 
3 1111 4576 3884 
3 5119 7350 3770 
3 2702 892 4569 
3 4872 4315 9594 
3 6776 8733 579 
3 2108 5435 1538 
3 349 1307 7511 
3 7032 4862 4033 
3 3748 2916 5114 
3 8932 1753 8222 
3 4951 9124 1989 
3 9930 7459 6678 
3 9179 6431 974 
3 1544 5838 8024 
3 2611 3717 189 
3 5255 8115 7948 
3 2600 1397 1823 
3 1357 8939 6635 
3 299 4247 2103 
3 5355 8754 9181 
3 7364 5975 9025 
3 6765 1587 424 
3 611 8920 3462 
3 5697 9796 2098 
3 5824 4680 3631 
3 3090 2164 4176 
3 1192 3151 5825 
3 8437 7710 7254 
3 6863 9009 4575 
3 4112 9384 8685 
3 3137 4250 2136 
3 2658 1666 5801 
3 3587 2753 6213 
3 4650 3867 2452 
3 441 7289 7860 
3 1115 4983 436 
3 2789 2360 4123 
3 7304 5100 8998 
3 9585 197 7449 
3 9105 7071 75 
3 7317 9936 6085 
3 1019 8550 1264 
3 2116 5109 4311 
3 5421 1768 221 
3 533 8677 8318 
3 6407 7771 6925 
3 1185 6472 3355 
3 5467 5451 7535 
3 2722 4465 2247 
3 3774 1952 619 
3 7142 5932 7760 
3 2631 5072 8814 
3 4720 1754 3736 
3 7868 9058 2399 
3 2219 9419 2760 
3 1645 9952 3640 
3 4532 9272 3924 
3 2510 5935 7086 
3 2092 1818 2262 
3 4305 9121 5848 
3 4045 8309 514 
3 6038 3169 30 
3 9276 515 6939 
3 9591 3991 44 
3 2782 4398 9868 
3 2978 5931 7187 
3 8513 78 5721 
3 7561 7507 2983 
3 6054 2518 4039 
3 6640 662 265 
3 3976 8452 9337 
3 4106 1077 473 
3 4262 6084 8927 
3 7481 4268 3468 
3 1534 8455 9273 
3 8846 9125 1516 
3 1769 1669 2273 
3 606 2123 3412 
3 2248 7240 700 
3 3654 1655 3316 
3 9357 9855 9917 
3 3876 3018 8682 
3 4063 8756 966 
3 3008 3584 4568 
3 4736 7326 9943 
3 9344 7398 1723 
3 5130 570 7736 
3 5448 877 2855 
3 1030 1389 9108 
3 2555 4708 980 
3 9811 6041 8248 
3 5890 8638 4769 
3 8335 2650 8963 
3 3292 1664 5082 
3 4609 3764 688 
3 1350 1410 6235 
3 7244 7830 7757 
3 2547 6251 7369 
3 9231 5983 1058 
3 6734 6078 5235 
3 9282 6307 6258 
3 4639 8656 9246 
3 1208 7406 2534 
3 8228 8443 2165 
3 5153 6816 3628 
3 5433 8394 6077 
3 9724 4937 7693 
3 9453 3149 2016 
3 3479 5312 5768 
3 7874 9212 5461 
3 7314 4580 1517 
3 7670 672 5971 
3 5238 5566 4529 
3 9012 6591 6956 
3 682 1121 2218 
3 7951 6264 6059 
3 2267 8991 916 
3 9083 5803 1542 
3 8287 5745 1225 
3 9477 6454 4729 
3 6850 5629 5615 
3 92 8440 1353 
3 6227 6809 9654 
3 4424 3154 2787 
3 2680 6027 9844 
3 2042 8665 4483 
3 496 7193 6617 
3 149 7204 2920 
3 6628 4201 4276 
3 7486 2389 9712 
3 985 2072 6493 
3 8835 8762 1782 
3 3214 4812 4272 
3 1028 6334 6285 
3 2865 3486 4020 
3 6278 1717 8995 
3 8425 1897 263 
3 8014 3775 1139 
3 4965 3723 1088 
3 3404 3237 1093 
3 4773 318 3842 
3 702 5069 8100 
3 1899 1565 2583 
3 9859 8661 6559 
3 6953 2398 4281 
3 6710 1592 6012 
3 2994 1550 7206 
3 4351 6966 8984 
3 4096 8160 381 
3 7725 6466 1572 
3 1270 3304 9339 
3 6192 7952 1486 
3 5192 250 9518 
3 8111 4752 8114 
3 7525 8233 5756 
3 460 4378 4149 
3 3274 4629 4507 
3 6627 130 3092 
3 8732 2196 1992 
3 9571 9604 5872 
3 7737 3753 923 
3 382 4054 1855 
3 9327 348 9031 
3 9679 3992 604 
3 9711 2727 3042 
3 8168 9970 7671 
3 4347 7713 9242 
3 618 8696 5917 
3 8636 7709 5157 
3 6975 9733 9842 
3 2430 9726 6634 
3 5191 3360 3978 
3 6522 9126 3887 
3 4152 5297 2901 
3 7420 8127 9795 
3 7183 3970 9575 
3 9366 3928 5468 
3 756 7397 2377 
3 5965 7630 4943 
3 9832 2440 1866 
3 5473 2833 7829 
3 8859 2642 1626 
3 1206 3281 2450 
3 2614 3789 2201 
3 931 3449 3081 
3 209 3716 802 
3 440 4826 6974 
3 1514 2774 2052 
3 7797 5761 2033 
3 9334 5547 8845 
3 1670 7493 6387 
3 9044 5662 7692 
3 3772 2944 3150 
3 98 1913 434 
3 5276 9614 8296 
3 5150 3745 1614 
3 3888 5649 5411 
3 9022 4484 3865 
3 8245 4223 8027 
3 6331 3162 7023 
3 1573 8066 8666 
3 2309 4286 7024 
3 1212 5829 1890 
3 936 336 6853 
3 4109 5146 2668 
3 4841 1297 2012 
3 1579 1074 6803 
3 5227 6205 3021 
3 4390 1790 6311 
3 1027 1642 640 
3 9919 1694 378 
3 6747 5724 968 
3 6126 3594 2224 
3 563 5769 333 
3 7177 5689 5213 
3 6657 1575 9587 
3 6261 3937 9682 
3 5303 7547 9457 
3 1829 5323 145 
3 2006 7869 4524 
3 2268 3094 4354 
3 796 8892 116 
3 8856 5903 5275 
3 5758 5458 684 
3 9387 3451 2604 
3 6706 8742 621 
3 9320 9982 9947 
3 5342 7569 1725 
3 9583 7224 5366 
3 2755 3291 2419 
3 7114 6063 9527 
3 6272 7123 7342 
3 7445 2318 8910 
3 2665 552 806 
3 7852 7362 4847 
3 8113 8368 4453 
3 8107 5302 1893 
3 2080 8844 8207 
3 5083 8042 2427 
3 8261 2193 9546 
3 9821 7523 9259 
3 9841 9791 4830 
3 4959 4383 1448 
3 7628 410 9995 
3 8850 8960 547 
3 4118 5860 4449 
3 9760 7696 2256 
3 5306 5267 527 
3 7708 7074 6114 
3 5287 8253 8926 
3 1662 2937 5204 
3 1409 7195 9570 
3 6212 3732 9135 
3 8096 9992 6904 
3 6348 58 5001 
3 5009 7522 8301 
3 4978 2038 4481 
3 6726 9747 1696 
3 2956 3897 7533 
3 656 8298 8063 
3 6101 6868 3583 
3 7040 3091 3143 
3 6580 846 8783 
3 9309 3813 3724 
3 7573 9775 4608 
3 7429 9511 4174 
3 3814 8583 3989 
3 6931 1869 7518 
3 4401 8697 2255 
3 5189 6965 8514 
3 4242 5794 256 
3 813 3438 6420 
3 4121 2503 7292 
3 8818 9598 719 
3 2669 5158 3171 
3 5173 596 3156 
3 6514 5039 6377 
3 9526 9311 2815 
3 7582 6654 9203 
3 266 8478 1009 
3 7400 525 7600 
3 8916 4404 7156 
3 8072 3347 6204 
3 2274 9822 627 
3 5092 615 5676 
3 6328 6308 5529 
3 8069 2523 334 
3 7508 8256 4016 
3 8359 1934 5635 
3 3972 7974 9103 
3 1445 7391 446 
3 5091 162 1109 
3 7971 7419 7477 
3 4463 8078 7316 
3 2091 5249 4581 
3 529 3395 517 
3 2997 8614 7054 
3 8870 3072 9268 
3 1248 9004 2001 
3 4889 4622 6416 
3 625 588 7151 
3 4080 5326 1430 
3 5551 7017 4735 
3 4942 3193 8590 
3 9524 5556 5144 
3 8852 7515 3422 
3 1070 1238 6254 
3 379 4064 5937 
3 3809 4704 5356 
3 2453 8506 6234 
3 1678 5234 7329 
3 4950 602 1983 
3 6350 3980 6291 
3 1039 389 9162 
3 137 4095 6590 
3 3742 8938 8297 
3 1881 901 2805 
3 8810 1352 1700 
3 5690 3103 9997 
3 5175 3231 6280 
3 8793 6404 3505 
3 5391 4662 1656 
3 6294 9106 1827 
3 1327 3017 9214 
3 404 9688 7263 
3 4221 7804 1657 
3 6560 1765 311 
3 7277 8647 5627 
3 2111 5469 1345 
3 9360 8572 1892 
3 2117 1036 6051 
3 2451 2444 1055 
3 4931 3356 9718 
3 6426 7637 9975 
3 5180 6250 5814 
3 7147 7180 9394 
3 2879 259 4992 
3 2678 7295 6554 
3 9146 1078 3441 
3 7807 6349 322 
3 8147 6502 8501 
3 7892 7473 5363 
3 9489 9897 4219 
3 5527 5970 3220 
3 7793 3175 3025 
3 7530 4379 7004 
3 3995 2748 2342 
3 1466 7812 9628 
3 2044 1822 9158 
3 9658 6548 7487 
3 9794 5537 8760 
3 7977 5894 706 
3 5695 1251 2058 
3 4093 400 2161 
3 7944 7064 8899 
3 8888 480 7330 
3 7595 6766 574 
3 3512 6039 5059 
3 2663 5008 9515 
3 554 7634 6707 
3 1394 810 9038 
3 6987 1772 7104 
3 5124 3893 1755 
4 5075 9081 7890 6535 
4 8738 22 8442 5504 
4 4252 7498 5660 1256 
4 6001 6364 7870 3406 
4 6467 3529 3546 9270 
4 8356 5374 9606 4145 
4 7742 7446 5719 9060 
4 6092 7880 9476 7303 
4 2149 2324 7409 8169 
4 8860 7484 8571 3966 
4 1242 5802 2874 1371 
4 9501 6558 7789 4868 
4 5022 4081 4775 4713 
4 7425 4635 569 6320 
4 2960 2355 2295 1518 
4 3016 1872 4738 6951 
4 7794 2222 4613 3780 
4 7875 9183 3111 8529 
4 2549 3885 9198 1226 
4 5609 4587 9144 4365 
4 2677 4451 8908 9798 
4 7627 9067 8591 5905 
4 1960 7345 6413 9359 
4 7505 6763 6470 6190 
4 5501 4488 7281 2425 
4 5587 9977 1894 3670 
4 9877 2431 8293 6828 
4 5994 9966 5327 5984 
4 3416 8466 8383 6202 
4 2330 6740 2306 7035 
4 9909 77 2618 1568 
4 2975 4860 3089 8997 
4 4742 3614 3050 8049 
4 7306 9968 4492 9029 
4 69 4527 8308 8823 
4 5395 8040 1463 5330 
4 4154 746 6570 4857 
4 4946 7824 3589 9285 
4 4494 7761 799 2770 
4 6705 9296 8840 3549 
4 8458 2925 1069 9059 
4 1501 3400 7592 5429 
4 2481 7218 7250 7851 
4 4615 8490 9847 7897 
4 7676 5012 2771 2086 
4 2172 1593 2393 1057 
4 9484 3401 3130 7476 
4 5918 5560 8119 499 
4 9771 2836 3708 9323 
4 5644 431 8484 281 
4 6593 1638 3386 9739 
4 4099 6552 7052 2286 
4 7739 6625 471 9049 
4 1847 9647 9651 7584 
4 2948 881 2685 4375 
4 8784 3892 2000 6682 
4 6954 1561 9839 9091 
4 6768 7596 7422 445 
4 8098 9305 3683 5214 
4 2343 7962 2110 7741 
4 8193 1943 1904 9824 
4 3811 9994 8798 2284 
4 5436 2732 598 9507 
4 9544 7359 1195 3495 
4 5792 7679 7946 5622 
4 3112 8213 3597 5902 
4 1170 8143 7565 2935 
4 3075 2821 8768 8694 
4 4124 9167 5177 1085 
4 163 5883 5775 6081 
4 1924 6352 1094 5462 
4 1923 9745 5621 2082 
4 4197 2509 804 2816 
4 3588 2405 1156 277 
4 6371 6958 7621 3139 
4 9978 7519 2332 7424 
4 2357 8535 5954 3707 
4 285 5536 3244 9143 
4 9102 5765 1929 5670 
4 9720 1880 6053 1617 
4 7999 5781 2359 6943 
4 5112 8279 219 6289 
4 3744 4798 7856 2483 
4 1785 8267 1305 1148 
4 2546 7845 5524 8703 
4 8317 5261 2336 3225 
4 7089 2515 3142 9188 
4 697 36 4140 1162 
4 7483 2737 8977 4284 
4 3029 4477 5869 9657 
4 9301 6057 5127 9322 
4 3363 1540 1007 4134 
4 8946 6206 9631 1745 
4 385 6922 5460 8241 
4 5426 8421 7612 4115 
4 3035 9274 5638 6373 
4 8400 6277 738 6422 
4 6771 4059 3464 9145 
4 2690 6587 2895 8726 
4 9469 5035 9638 9429 
4 1132 9163 5125 9680 
4 5121 2864 1741 7776 
4 8957 6540 797 5950 
4 6687 8974 7585 141 
4 2655 2890 3826 4984 
4 3657 7150 1628 4177 
4 1928 2911 7158 6838 
4 3186 8486 765 6178 
4 9333 5472 2772 6897 
4 8921 6854 8801 5805 
4 5925 6494 6980 207 
4 5250 1198 8928 2794 
4 466 9080 3607 5104 
4 2363 862 1482 8683 
4 4138 4085 5489 4768 
4 6994 7395 9890 6428 
4 4751 1942 9577 1594 
4 8202 9925 6221 1705 
4 5611 9434 1879 7607 
4 3266 8375 4706 1971 
4 7774 7272 7179 7940 
4 6193 7995 5021 2495 
4 8633 2706 1591 7649 
4 2857 1590 7381 963 
4 497 3831 4986 6926 
4 6668 1789 3984 8079 
4 8973 3960 4584 3374 
4 8667 3329 830 3429 
4 5755 8820 8581 878 
4 7814 887 8451 1609 
4 2609 5757 1955 5637 
4 6023 2470 243 8626 
4 16 1675 6831 1545 
4 7904 8890 2942 1377 
4 3586 5344 9392 3000 
4 4665 5870 930 4572 
4 4100 177 6215 9315 
4 6275 2891 3204 411 
4 6852 433 8345 5447 
4 6781 5526 2387 7451 
4 3544 4964 3019 1171 
4 5572 6301 3022 7201 
4 8619 2524 5439 5968 
4 649 7062 5496 8220 
4 2924 5559 4446 7328 
4 403 341 9655 2673 
4 244 4778 7184 6104 
4 4458 3903 3672 7441 
4 2641 2337 3398 9701 
4 3300 1969 9703 1275 
4 4660 3819 9100 1882 
4 6650 5652 7972 4692 
4 1215 8593 3475 5718 
4 3720 8316 679 8778 
4 5859 3661 6201 3560 
4 8123 5179 4792 6112 
4 1205 3410 9120 7463 
4 982 7221 2508 8736 
4 707 6247 9827 32 
4 8276 329 8671 989 
4 9667 8243 1101 6759 
4 1042 330 7560 8176 
4 9589 8526 8277 5209 
4 1977 2107 608 9364 
4 7544 7640 6111 1134 
4 9206 4966 6451 7682 
4 8015 7702 819 4640 
4 4049 4131 6508 7657 
4 7986 7426 8771 7360 
4 6399 815 183 3434 
4 1821 1173 5564 2206 
4 279 5058 8886 260 
4 5318 9892 142 2566 
4 7837 2272 140 2370 
4 8209 9845 5669 6259 
4 4994 5476 8770 409 
4 5197 8595 1127 8985 
4 2197 3999 3147 8038 
4 1525 5922 4509 8829 
4 2174 7931 5949 2478 
4 9404 3866 3362 5853 
4 4485 4616 9261 576 
4 782 5648 3840 6155 
4 4716 8083 4111 9781 
4 5034 4619 5823 8744 
4 5347 5490 6592 5753 
4 8544 9415 8766 3458 
4 4725 4777 7503 6299 
4 2435 2070 4712 6200 
4 1732 577 695 4873 
4 8033 251 5500 6948 
4 2724 9194 3564 9343 
4 8578 5746 5005 3746 
4 9256 8750 4421 739 
4 3260 7697 4912 8064 
4 7323 8200 7918 1624 
4 4036 6353 1884 5120 
4 1412 9187 2877 7843 
4 927 2079 7853 2584 
4 1912 8144 7500 2367 
4 6345 1586 4367 8263 
4 9931 2084 1235 8796 
4 1438 2979 8371 3974 
4 72 3040 5873 505 
4 156 1937 2792 3895 
4 4431 5300 7457 3314 
4 4553 1001 5161 6978 
4 3078 9204 9403 6239 
4 1367 3603 1441 8057 
4 5726 3387 7516 5334 
4 5384 1475 787 9744 
4 8332 1643 8842 5024 
4 1909 1835 840 4151 
4 99 1142 6252 4732 
4 9678 675 1089 5940 
4 8806 6214 3611 8558 
4 3805 9963 4417 9652 
4 1685 7731 470 95 
4 8344 3325 3700 9714 
4 597 4802 4497 2762 
4 8877 7861 7855 1739 
4 8221 241 3372 9443 
4 3551 1317 3472 7287 
4 2552 1640 5887 9556 
4 5254 779 4074 8460 
4 3500 9519 6159 3377 
4 7844 4046 2085 6709 
4 4361 9331 5073 837 
4 8889 3734 5888 2506 
4 2681 2118 2252 8300 
4 5143 2381 396 4225 
4 9133 6167 8551 5532 
4 8489 7529 268 331 
4 3576 1476 3127 9398 
4 5016 7666 5481 1900 
4 8163 9800 3129 9041 
4 2565 1581 8735 6482 
4 9007 1407 6166 7 
4 9095 8365 1221 2988 
4 9417 9312 5453 2778 
4 1200 208 7912 9374 
4 5445 2462 599 4309 
4 7806 962 7633 5353 
4 9938 9974 12 3938 
4 6127 9653 5548 8952 
4 4443 691 2144 9863 
4 6599 3602 7290 6780 
4 464 1218 8734 9225 
4 8353 2147 160 9563 
4 9093 7956 7443 6516 
4 1622 9037 7881 1527 
4 1006 8623 3990 9221 
4 7792 5898 6789 7382 
4 2718 2693 1751 1460 
4 2322 233 6109 5443 
4 557 490 9882 9191 
4 3891 6139 7738 190 
4 3649 3637 1291 7080 
4 4814 835 2438 1979 
4 9849 3735 5253 7641 
4 4772 7427 361 7135 
4 5264 1034 3879 5831 
4 5778 5252 8548 1646 
4 6562 1321 935 7700 
4 1301 9949 2825 6424 
4 5478 8873 2525 7220 
4 9466 5308 3396 2113 
4 8321 2067 2526 1337 
4 1426 3273 6916 8605 
4 2320 6761 5260 3788 
4 4691 1229 5865 2798 
4 8976 2176 2246 8547 
4 3571 6043 6403 9971 
4 4807 8565 7495 9139 
4 3905 6133 3481 1178 
4 2494 5895 1535 7421 
4 9177 9236 7098 4072 
4 5163 2212 7605 384 
4 4043 112 9452 2634 
4 7014 5474 1674 2811 
4 5188 1773 9367 2434 
4 8752 9538 635 7579 
4 5471 5558 807 9472 
4 5454 9011 1033 568 
4 8528 6433 1092 6069 
4 6737 231 3465 47 
4 9566 1473 3945 5874 
4 3643 2316 3561 4498 
4 9003 5042 7084 8611 
4 9766 8959 6481 6452 
4 1072 6550 7620 2637 
4 6310 8320 1802 6401 
4 8336 5492 9493 7826 
4 7504 1187 9414 978 
4 9039 6076 9988 6024 
4 9097 9444 5437 3030 
4 493 6487 8498 5372 
4 7858 9389 9336 8162 
4 5141 3122 6672 8215 
4 9448 704 9008 5833 
4 977 5266 993 9981 
4 4623 3250 1442 2617 
4 6523 5333 7336 643 
4 9388 6511 1985 3227 
4 5630 6567 5131 2139 
4 3932 4024 6087 3352 
4 1849 4890 6347 2686 
4 7048 5402 6545 8252 
4 7168 7448 6400 2151 
4 8415 5821 4288 4875 
4 5771 7291 4482 3229 
4 7730 1877 7820 7549 
4 7199 3436 519 3749 
4 4896 4001 8896 2512 
4 1936 742 2244 7113 
4 2907 5362 1220 4900 
4 4511 9361 3399 2927 
4 736 4633 6946 8025 
4 5696 1372 1348 9172 
4 5152 5960 8257 1186 
4 1288 7878 5310 5373 
4 6736 6341 6476 49 
4 5531 4022 8669 6906 
4 7817 4828 3268 8483 
4 8898 5186 690 7227 
4 5251 6918 6490 5977 
4 126 3605 8000 5953 
4 7653 4179 6667 8406 
4 392 74 2335 2047 
4 1432 1035 6660 8059 
4 2577 211 1834 3656 
4 3839 2281 1008 9290 
4 8420 3297 4548 5568 
4 7472 3469 5115 8008 
4 7431 391 7960 6829 
4 4627 7967 1770 4759 
4 6457 6934 5036 2323 
4 3550 9833 5285 8713 
4 8068 1810 6842 7283 
4 4709 1805 8364 7803 
4 7305 5320 6713 6313 
4 187 8579 4407 8182 
4 3153 883 7069 3791 
4 2032 5367 9397 9354 
4 634 6822 8815 105 
4 9521 7695 8468 2951 
4 3524 2489 2026 5226 
4 5046 7301 845 5664 
4 4432 6715 6236 711 
4 605 5465 504 1137 
4 8180 6046 5345 1938 
4 1227 9077 6731 6464 
4 7759 990 9013 2867 
4 7915 6565 1930 5843 
4 2385 6312 8337 3939 
4 550 3669 297 2150 
4 4368 1102 6528 9485 
4 603 2602 37 9408 
4 3033 683 4146 1749 
4 165 6477 4646 406 
4 3973 7597 1319 4322 
4 1733 1151 7440 9595 
4 7815 2350 3543 8234 
4 3737 6777 5386 6947 
4 4748 4150 6772 4178 
4 9082 1688 6841 2436 
4 5418 2758 4217 903 
4 6099 7938 595 2157 
4 2633 4926 4592 2369 
4 5767 5525 2333 9889 
4 7029 3515 6732 3536 
4 7889 3157 1756 5216 
4 357 6944 8592 7591 
4 5540 891 2531 7007 
4 4091 4606 9474 4143 
4 2756 6787 8797 9186 
4 7019 670 9768 8983 
4 7910 5995 3086 8386 
4 5200 9056 1536 4243 
4 8562 4934 4169 8007 
4 9759 5602 4126 5565 
4 876 8891 9857 8326 
4 2181 7691 2287 8102 
4 9764 4009 9174 39 
4 2096 7935 5081 5305 
4 253 1820 4308 5667 
4 5699 9040 957 397 
4 4904 3869 8238 6976 
4 5211 6576 929 5654 
4 4962 3985 6073 4947 
4 2148 3906 5298 8347 
4 2439 4013 673 4811 
4 7488 3420 1261 6150 
4 8969 7930 6812 871 
4 3455 8702 1456 4293 
4 9668 6007 9112 3692 
4 3953 7909 4967 264 
4 4876 8786 3405 8373 
4 2773 7970 8833 6406 
4 2442 2850 1778 8600 
4 1075 3645 6171 1599 
4 2788 2832 4349 5128 
4 8054 135 27 7898 
4 780 4267 1140 5991 
4 6336 2288 2704 6383 
4 181 3454 4897 5646 
4 8637 1004 6118 9490 
4 9423 817 8586 6952 
4 9753 4352 912 8520 
4 3066 2119 7784 2958 
4 7752 952 8131 3676 
4 1182 2303 8830 7061 
4 7060 4659 544 2918 
4 9533 500 5193 4694 
4 1973 8700 9649 3080 
4 3981 5957 5617 1663 
4 2130 9277 1325 6326 
4 8360 3816 2159 65 
4 7072 3769 8224 2146 
4 4344 777 1330 6721 
4 3110 3312 5812 6016 
4 8502 7458 1049 5002 
4 1488 7715 5099 623 
4 4893 4612 2835 786 
4 1052 4697 3882 45 
4 6783 6834 9698 8491 
4 3062 6962 2209 4555 
4 8594 1949 6543 4241 
4 8622 2882 6797 234 
4 2913 6527 5813 5165 
4 179 3413 6836 4989 
4 2885 8900 3448 4730 
4 2428 5908 1560 9412 
4 5132 5432 38 3535 
4 9005 8448 3618 8286 
4 1341 9672 2128 6052 
4 8048 4869 2652 2859 
4 2131 9475 5752 4917 
4 6611 1424 229 7191 
4 991 8480 9069 6462 
4 7625 3357 494 2817 
4 2564 761 7011 4312 
4 8805 1661 9805 1760 
4 3415 1003 5788 6412 
4 1792 483 9763 2421 
4 6525 7386 1633 6793 
4 1825 6434 7728 992 
4 1898 8423 5168 1404 
4 3230 1470 2740 2568 
4 8409 7403 1984 1742 
4 5733 120 4903 2443 
4 1704 5369 8431 5604 
4 7081 4827 3513 2964 
4 5070 2011 7230 2210 
4 4069 9898 6271 2093 
4 3754 654 9409 9249 
4 29 4486 9634 7632 
4 5763 6282 1759 3318 
4 4831 4586 4338 9391 
4 4525 8645 5230 5055 
4 8413 6928 5061 8303 
4 8606 3077 9734 5442 
4 2326 5383 7651 2799 
4 3883 4396 7482 2578 
4 9209 6588 8999 944 
4 6677 9617 1335 2532 
4 5521 1895 6009 3270 
4 346 9340 1697 2017 
4 4957 7335 4864 793 
4 1147 3503 7159 5585 
4 4324 4753 6174 9304 
4 7770 7594 6788 1041 
4 2022 6959 2636 3320 
4 9921 5409 2807 1169 
4 10 5229 5583 5658 
4 6232 8965 8689 6862 
4 4637 6711 4834 9456 
4 8216 5680 9529 882 
4 2627 6468 1555 353 
4 5279 4469 3158 1803 
4 573 5671 4282 9786 
4 5704 2579 5750 438 
4 1076 751 7661 9171 
4 4476 1413 6411 5589 
4 2591 8217 7008 8089 
4 222 7879 4678 7919 
4 1831 5084 8767 6519 
4 2928 6681 2739 6555 
4 1461 215 288 8869 
4 5598 2233 7461 5682 
4 3275 2887 7435 4194 
4 1359 7992 767 6056 
4 328 7965 3269 9989 
4 3534 3705 6036 3188 
4 8258 4835 423 571 
4 8183 4932 7953 8377 
4 6153 7502 8322 9861 
4 8402 6908 8129 184 
4 3954 9887 3730 6106 
4 7937 9609 8354 469 
4 6917 5220 8722 1917 
4 7703 2371 8398 4973 
4 339 8556 6752 6173 
4 3284 3036 9090 4264 
4 9450 15 5698 888 
4 1286 5085 6082 8616 
4 3064 6790 7045 458 
4 4955 8826 1440 5495 
4 8058 4596 2348 4906 
4 6653 1239 2220 6714 
4 1472 1744 9432 9809 
4 7388 3797 2459 9447 
4 115 5319 9700 9878 
4 2195 6645 812 8962 
4 7222 5817 6551 1607 
4 9689 9129 632 9269 
4 7138 5766 4316 8439 
4 4840 5639 3502 6128 
4 3518 7961 3547 3837 
4 5852 5357 3271 2404 
4 2499 964 9636 86 
4 5929 1459 2143 3155 
4 8496 3240 7722 3875 
4 7049 1993 4670 4326 
4 7990 7665 7111 5010 
4 8714 8219 9900 6651 
4 1722 5456 5299 2019 
4 7799 3845 7058 3159 
4 5849 7211 538 2192 
4 6006 3902 1743 3467 
4 7279 302 2182 536 
4 1731 7840 1211 8943 
4 1580 9837 1871 3445 
4 800 9803 5740 7957 
4 9854 1222 3719 3097 
4 5328 6210 1763 6062 
4 7172 6846 3963 2823 
4 1201 9431 4888 947 
4 5703 9610 3539 1576 
4 6620 3430 1926 5160 
4 7901 2599 1433 2327 
4 7555 1889 2709 5142 
4 2432 3367 8809 6125 
4 8655 407 3328 1082 
4 7223 6184 1168 4376 
4 7454 1857 9030 2800 
4 3983 6132 5923 9534 
4 7975 4539 5518 9228 
4 8454 478 4340 8449 
4 2490 380 7286 3012 
4 132 5228 838 2171 
4 6460 9232 910 1859 
4 8361 4756 7781 2321 
4 11 4960 2243 8693 
4 4577 1012 2586 33 
4 6105 2063 5313 1068 
4 965 856 6019 4005 
4 2969 7249 4512 6014 
4 7510 5973 5642 7517 
4 3790 760 773 3916 
4 114 5545 2473 8799 
4 2797 502 3209 2570 
4 5804 4500 4578 8865 
4 4427 4040 6857 8357 
4 6563 6538 3126 7667 
4 687 3488 6240 999 
4 5415 6045 2114 2801 
4 3729 7219 3408 732 
4 4259 2488 3308 7606 
4 6339 9923 4531 4981 
4 3493 8582 2372 3540 
4 9986 1090 340 9464 
4 1719 578 8099 7385 
4 7563 2684 3783 516 
4 9048 5914 3632 1380 
4 6146 6564 6941 1165 
4 19 2931 7338 5988 
4 4460 6671 3192 2733 
4 28 809 8212 8601 
4 6329 867 5054 1519 
4 3235 9368 7143 4434 
4 4667 8447 4408 789 
4 3390 3639 8125 240 
4 5836 3718 9294 1449 
4 7945 5744 1332 7494 
1650418