1628
2 1097 4131 
2 9151 3813 
2 133 2236 
2 5823 1829 
2 6553 2104 
2 187 3373 
2 509 1542 
2 2329 6592 
2 6378 2256 
2 5005 7704 
2 5966 1368 
2 740 6630 
2 4022 2038 
2 6727 1379 
2 6173 8321 
2 1523 3613 
2 988 7330 
2 7260 4962 
2 5081 9121 
2 3962 4168 
2 5100 6165 
2 5493 3981 
2 1943 136 
2 4202 4711 
2 8423 299 
2 2308 9715 
2 3171 5578 
2 2663 7135 
2 2087 3192 
2 7317 1041 
2 8581 6175 
2 1373 2396 
2 4515 4445 
2 9327 5449 
2 1821 5049 
2 7675 4928 
2 9159 5403 
2 1155 1604 
2 851 7505 
2 5918 9483 
2 3666 9070 
2 9538 6489 
2 4952 8008 
2 2625 919 
2 1884 3747 
2 4896 7693 
2 9770 2974 
2 8054 8555 
2 6430 4991 
2 2604 1553 
2 2228 2459 
2 4 8383 
2 7530 271 
2 9578 3630 
2 306 9130 
2 4146 4373 
2 4180 6723 
2 4164 6731 
2 3673 3675 
2 82 6873 
2 8816 7881 
2 9438 1996 
2 816 199 
2 2024 1103 
2 5936 6823 
2 2110 2578 
2 7320 2117 
2 3479 1381 
2 2229 4329 
2 4281 6309 
2 7925 6687 
2 7277 3775 
2 2765 5497 
2 6749 8412 
2 2177 4040 
2 7795 8465 
2 5407 1831 
2 6280 1472 
2 71 3195 
2 5010 6081 
2 8729 3 
2 5906 7398 
2 5232 4025 
2 4999 2898 
2 4151 2400 
2 5414 8685 
2 2106 5002 
2 2139 4683 
2 8379 9568 
2 1004 4750 
2 1759 2037 
2 7689 1584 
2 4643 3050 
2 1908 6737 
2 3780 3845 
2 7491 6360 
2 681 6927 
2 3103 5588 
2 777 6422 
2 4005 2489 
2 963 8900 
2 270 407 
2 222 9500 
2 5848 3649 
2 1474 6070 
2 1228 3977 
2 9096 2858 
2 7371 1972 
2 6967 8006 
2 5642 9191 
2 4982 4034 
2 9996 2028 
2 3257 1491 
2 7061 9067 
2 6518 4748 
2 1672 2557 
2 2233 5479 
2 5830 3058 
2 6839 733 
2 7805 281 
2 4278 2569 
2 6438 153 
2 6482 2471 
2 7682 8872 
2 3911 5216 
2 5379 7067 
2 9340 5710 
2 6152 6117 
2 1873 8988 
2 7079 5063 
2 4443 3310 
2 7832 8391 
2 2809 6409 
2 9658 4882 
2 7360 1978 
2 4986 5532 
2 1539 1522 
2 8450 181 
2 4028 9724 
2 358 5733 
2 7673 7758 
2 7775 9960 
2 7807 1163 
2 2339 9628 
2 9030 3497 
2 6954 7148 
2 534 3776 
2 8840 4744 
2 5631 4617 
2 8085 3412 
2 2791 4510 
2 4410 9822 
2 8838 2057 
2 2287 4092 
2 8045 7668 
2 9083 2733 
2 2366 2691 
2 5105 7242 
2 9155 2434 
2 6732 9190 
2 6666 6694 
2 8651 3420 
2 9672 3758 
2 4029 1494 
2 5022 3526 
2 3188 6588 
2 29 6605 
2 3942 8015 
2 5471 4832 
2 861 5164 
2 6606 6572 
2 2865 8184 
2 5827 8373 
2 4696 5535 
2 932 2002 
2 7489 5725 
2 2083 1752 
2 4792 6414 
2 5857 9602 
2 9303 8446 
2 3588 6319 
2 5387 384 
2 152 701 
2 2653 5160 
2 4975 9722 
2 7437 3532 
2 2045 7117 
2 574 3922 
2 5581 9274 
2 2 2093 
2 8525 714 
2 7353 8312 
2 9413 6600 
2 4446 6228 
2 3812 4816 
2 9908 7651 
2 6362 8366 
2 5784 775 
2 8811 7314 
2 1582 8504 
2 6832 2854 
2 4845 548 
2 6747 7514 
2 6353 2039 
2 8207 9608 
2 1559 2699 
2 5328 2269 
2 1573 8353 
2 8417 7361 
2 1108 4003 
2 308 6879 
2 3716 8347 
2 720 6980 
2 3244 9703 
2 798 9652 
2 6492 810 
2 9737 9370 
2 4495 3596 
2 7894 2469 
2 4881 4464 
2 3864 4486 
2 8763 3913 
2 846 4433 
2 5244 7143 
2 6529 9055 
2 661 2457 
2 2113 3181 
2 3482 9290 
2 1321 8471 
2 9095 4511 
2 3565 7017 
2 8633 8317 
2 5542 5610 
2 2763 2617 
2 2887 5309 
2 6331 4388 
2 9001 2644 
2 5744 7629 
2 8967 7764 
2 4096 6975 
2 9205 7033 
2 1688 9165 
2 9164 7812 
2 3986 694 
2 2915 9454 
2 9986 1118 
2 8394 6688 
2 5199 2810 
2 7822 2062 
2 756 6611 
2 8066 6780 
2 9410 7027 
2 8042 9450 
2 2205 4545 
2 9264 2547 
2 9160 8915 
2 2387 210 
2 3112 8276 
2 696 4016 
2 4637 2405 
2 7066 486 
2 6510 3368 
2 863 3391 
2 7006 8088 
2 9745 5435 
2 8826 5480 
2 5452 8294 
2 9629 640 
2 568 6199 
2 9625 5557 
2 6086 2149 
2 1275 3894 
2 3381 8822 
2 4399 3468 
2 4688 1038 
2 9193 335 
2 245 8631 
2 9507 288 
2 1325 3915 
2 2157 9118 
2 2788 7161 
2 172 9582 
2 1028 7947 
2 2633 7588 
2 4142 3164 
2 1317 702 
2 9084 9841 
2 5061 6824 
2 1742 2630 
2 2159 5050 
2 415 139 
2 399 165 
2 6498 8715 
2 7698 9231 
2 4037 1088 
2 7800 7257 
2 5783 4167 
2 2709 2869 
2 2261 9772 
2 6104 8401 
2 253 1536 
2 3044 2185 
2 5355 209 
2 2814 5900 
2 1216 7521 
2 140 7166 
2 8252 472 
2 3474 2146 
2 8572 7413 
2 7366 1027 
2 1687 9371 
2 6499 14 
2 6183 488 
2 8500 2275 
2 6919 2492 
2 5874 9258 
2 4438 6318 
2 3490 3226 
2 3318 3094 
2 8053 7037 
2 6306 7225 
2 4600 2562 
2 9966 1394 
2 8870 1757 
2 5085 1395 
2 6783 6357 
2 657 2732 
2 1304 8735 
2 4453 818 
2 7490 8985 
2 2449 5636 
2 788 5518 
2 2493 9244 
2 7274 2639 
2 7712 8063 
2 4709 9729 
2 9188 6885 
2 3715 8322 
2 3090 8927 
2 9990 5611 
2 6148 3921 
2 4101 7405 
2 7884 2486 
2 5346 6822 
2 7938 4811 
2 3652 2851 
2 5942 9651 
2 6910 6700 
2 3305 9451 
2 4336 8007 
2 3727 6845 
2 984 1091 
2 9751 3910 
2 4359 9002 
2 2872 5969 
2 6643 9312 
2 4295 7168 
2 2003 5347 
2 8431 886 
2 9199 4863 
2 5923 229 
2 8835 3052 
2 8978 2222 
2 4541 6075 
2 4320 3064 
2 8335 8570 
2 8387 4888 
2 6608 5818 
2 6584 6921 
2 1175 4958 
2 6504 1486 
2 5704 8962 
2 650 6542 
2 5041 9137 
2 6350 6053 
2 6764 9177 
2 3440 962 
2 1042 4414 
2 7500 5390 
2 2243 5488 
2 8556 2193 
2 2175 329 
2 1992 4077 
2 143 1781 
2 3069 4518 
2 5879 7348 
2 2566 8273 
2 4955 5489 
2 4959 7362 
2 6366 5975 
2 4169 2764 
2 1892 7432 
2 9252 6844 
2 3629 676 
2 2787 8142 
2 3388 6351 
2 5208 4722 
2 4622 9401 
2 2035 7774 
2 4525 2668 
2 8576 3434 
2 1263 3930 
2 2682 4382 
2 238 4579 
2 8123 8286 
2 8871 7127 
2 1348 234 
2 8929 1057 
2 5684 1951 
2 6585 684 
2 3273 4508 
2 184 3568 
2 7992 832 
2 1201 9434 
2 3413 8726 
2 1257 7808 
2 6716 6336 
2 7196 1350 
2 381 3556 
2 2918 1645 
2 7384 6804 
2 8260 8106 
2 4318 7451 
2 2890 8301 
2 3131 3628 
2 4006 6847 
2 6676 1334 
2 9222 1962 
2 5233 6520 
2 4889 327 
2 8263 9627 
2 1079 9360 
2 2798 2944 
2 9428 5748 
2 1852 866 
2 1554 7470 
2 8004 9273 
2 6160 2759 
2 8990 6062 
2 2877 6074 
2 3519 8940 
2 7368 4240 
2 5267 348 
2 5230 8637 
2 7479 8357 
2 5917 8311 
2 3248 3804 
2 9558 9243 
2 8814 4950 
2 3872 8645 
2 4122 9271 
2 3745 2380 
2 4787 4375 
2 908 8182 
2 5860 8579 
2 1907 9175 
2 8444 7706 
2 6440 5229 
2 6512 2192 
2 1102 3724 
2 6092 7170 
2 4987 3366 
2 8713 3419 
2 9856 7184 
2 7480 5779 
2 1389 1994 
2 45 6726 
2 9918 9447 
2 5371 6161 
2 7364 4797 
2 1064 9433 
2 1300 1166 
2 7309 9912 
2 6090 4884 
2 2191 8048 
2 8306 3781 
2 8744 6002 
2 2143 3783 
2 386 584 
2 2124 6385 
2 7498 4300 
2 115 4554 
2 5287 5333 
2 2951 957 
2 1984 647 
2 5720 3316 
2 8169 8550 
2 7162 5231 
2 9332 8908 
2 8399 5831 
2 6464 2794 
2 611 8043 
2 8819 1709 
2 2293 7376 
2 8710 2516 
2 8917 8120 
2 7476 9216 
2 8931 1598 
2 2332 6715 
2 8528 7280 
2 5570 30 
2 989 3798 
2 4007 3895 
2 2738 8256 
3 8521 3612 5468 
3 7911 9301 7300 
3 2591 7327 4867 
3 4288 2657 5713 
3 1487 4760 7816 
3 8701 5664 2696 
3 690 3084 6480 
3 4436 9579 7326 
3 4646 6877 1952 
3 9719 9275 5661 
3 198 48 4451 
3 1314 6852 5342 
3 680 7610 8529 
3 1860 2076 4205 
3 3115 9315 4735 
3 3237 4333 5552 
3 141 2005 4468 
3 6164 7049 3928 
3 7573 4230 8902 
3 7275 4046 7887 
3 9365 6486 224 
3 3475 950 837 
3 1358 3277 9744 
3 9150 59 8110 
3 5035 878 7545 
3 5687 7613 4017 
3 2515 5707 7744 
3 7004 7686 6691 
3 784 9840 8406 
3 7738 250 6275 
3 1942 5738 699 
3 9662 8728 446 
3 996 4968 8174 
3 3228 4662 1003 
3 7914 4911 4136 
3 8167 3121 8759 
3 328 9730 7485 
3 3941 1891 8190 
3 7879 6874 2684 
3 4967 2725 2066 
3 8428 6471 4919 
3 3839 1261 3581 
3 4826 4061 6179 
3 3577 6010 4584 
3 8326 8158 3259 
3 8132 648 44 
3 1562 2749 2274 
3 6462 9094 1718 
3 3589 8805 1255 
3 9535 2531 2458 
3 1521 2530 3651 
3 6501 7216 7269 
3 4567 2744 3887 
3 5543 5180 3223 
3 1566 5711 3899 
3 6168 1776 4568 
3 7728 6433 9381 
3 532 4767 2292 
3 8669 2560 6118 
3 4194 6539 3686 
3 2017 6985 7270 
3 8130 1508 6198 
3 9720 1955 7304 
3 8898 4419 881 
3 6347 6402 1158 
3 4404 3422 1471 
3 7964 3469 1337 
3 5241 3648 2611 
3 8236 4380 6661 
3 5790 8032 2141 
3 3827 1297 5638 
3 3933 8538 183 
3 2198 8090 7056 
3 4170 2600 3221 
3 9754 7791 2961 
3 7415 6821 5977 
3 9833 8254 5218 
3 824 6652 1846 
3 1544 8809 9183 
3 89 5382 5876 
3 7893 5240 7379 
3 6210 5364 7886 
3 397 2581 241 
3 4938 8087 9168 
3 8229 8578 309 
3 4246 1464 2482 
3 291 800 125 
3 2773 4035 8863 
3 116 4743 4043 
3 8983 9109 5042 
3 100 2745 6555 
3 379 1530 7657 
3 1210 8096 9402 
3 3104 529 347 
3 4471 5095 6127 
3 8742 4553 2262 
3 3799 5680 562 
3 6511 730 1593 
3 4018 2853 865 
3 9906 4998 7471 
3 5410 6865 8380 
3 7053 5036 8100 
3 979 1606 7187 
3 8220 9779 4285 
3 9354 368 8457 
3 5960 3290 2216 
3 1198 1370 9543 
3 1312 7889 8483 
3 9922 8149 5348 
3 2073 4859 9288 
3 738 7324 9405 
3 2072 9345 1110 
3 7700 1073 1367 
3 8877 7411 8270 
3 7716 7875 5270 
3 2892 2118 1060 
3 913 481 683 
3 8245 4638 8479 
3 8482 8848 8049 
3 3676 450 3336 
3 1982 2427 2122 
3 2873 9706 2536 
3 4698 9085 6428 
3 6261 9343 6583 
3 3751 3951 2529 
3 5762 3416 2252 
3 7852 6943 6096 
3 8081 9794 1679 
3 6860 6773 6621 
3 5344 2938 9009 
3 7593 7838 9267 
3 5102 6231 7561 
3 3880 6517 1100 
3 9786 616 5176 
3 8853 3996 8221 
3 2957 997 7783 
3 5794 7213 6404 
3 929 2428 943 
3 3337 7813 9972 
3 8314 8867 5868 
3 6281 7302 826 
3 5576 1809 8856 
3 6180 3768 8214 
3 453 1076 2666 
3 4396 8275 193 
3 105 3356 978 
3 7661 3101 1746 
3 6848 3313 2567 
3 7156 132 8253 
3 7950 5432 4601 
3 1247 7114 8970 
3 9124 8626 5182 
3 7052 1940 1948 
3 3961 3926 1700 
3 3918 2078 5997 
3 2589 1157 5351 
3 6304 343 8804 
3 8166 4348 7543 
3 4347 751 6400 
3 5284 4371 2830 
3 7663 8296 1740 
3 6328 195 9501 
3 973 349 9158 
3 2641 9546 4619 
3 2667 9805 2975 
3 225 354 4361 
3 3790 8954 5106 
3 8099 9988 2145 
3 8948 4204 5207 
3 2204 5184 2474 
3 512 3835 7177 
3 7043 9850 2610 
3 2603 563 7951 
3 2178 2402 3901 
3 4833 3590 8847 
3 3243 5293 1214 
3 5487 746 4279 
3 533 4527 1113 
3 7423 9880 4949 
3 5688 6540 5350 
3 1621 5286 7720 
3 1181 4692 5947 
3 2542 1834 3657 
3 7510 2747 1165 
3 9496 6220 2750 
3 4255 6896 3994 
3 3504 8177 6337 
3 1662 2063 2565 
3 953 3127 3068 
3 7849 8374 3905 
3 3407 9816 9894 
3 6169 4303 4706 
3 6729 4299 1627 
3 9281 2227 7742 
3 4332 8076 6965 
3 1322 7341 2294 
3 1888 2012 8434 
3 2084 3389 2162 
3 2364 5774 1109 
3 387 8935 1443 
3 7833 4602 5183 
3 6026 3670 6635 
3 8901 4490 77 
3 4754 2676 8153 
3 1981 2058 3732 
3 6088 70 9800 
3 3765 8426 5930 
3 3138 1935 3579 
3 6056 8776 5462 
3 8702 7212 1698 
3 9769 571 7572 
3 889 1641 6867 
3 3703 8082 7692 
3 654 7463 4408 
3 4814 8610 6613 
3 6762 5447 8137 
3 5718 2703 2990 
3 448 1318 3360 
3 6204 3256 4109 
3 1708 1826 864 
3 7347 7627 9679 
3 6660 9618 5194 
3 5904 5603 7870 
3 7846 1289 1050 
3 9747 5151 964 
3 28 4994 5970 
3 3447 7967 2483 
3 6012 9823 6110 
3 9820 9869 6139 
3 5746 9498 6853 
3 3077 8069 1932 
3 4862 7928 4858 
3 7246 5681 445 
3 4038 5368 2414 
3 8467 9499 4390 
3 9044 6469 669 
3 3814 8812 9132 
3 7993 9650 9170 
3 7924 16 2478 
3 272 8514 9330 
3 2479 4761 5096 
3 7064 3936 9839 
3 3514 1987 2958 
3 9700 9062 3717 
3 5401 8333 794 
3 8916 3759 2490 
3 1168 839 4606 
3 4536 4640 922 
3 3684 9970 1420 
3 1642 5828 9081 
3 2199 6753 6675 
3 3156 5510 1525 
3 170 5665 9138 
3 5094 582 8287 
3 3993 4819 2577 
3 369 1226 3557 
3 941 4935 3043 
3 7154 5017 2533 
3 1810 4475 1572 
3 9759 761 3190 
3 5732 7872 9069 
3 9709 4476 217 
3 9280 4879 3452 
3 6072 8349 7697 
3 8690 9104 5987 
3 1466 7019 7695 
3 748 1438 4140 
3 3844 2993 7658 
3 479 6050 7123 
3 9532 3786 127 
3 8946 8478 990 
3 8209 4605 81 
3 7551 2355 3295 
3 3227 8614 2114 
3 9119 5381 3120 
3 4739 585 8178 
3 149 1529 5507 
3 6861 8590 1409 
3 3731 8621 2846 
3 7799 8998 4687 
3 3892 5433 5023 
3 2632 2528 6315 
3 6528 4069 4899 
3 1305 8127 1127 
3 6299 1858 7003 
3 2240 3172 314 
3 6449 177 4163 
3 9460 1070 6761 
3 9967 12 5496 
3 6333 4873 3582 
3 4189 7892 4460 
3 6456 1117 1865 
3 1546 7372 6479 
3 6622 8243 9262 
3 1448 7731 2370 
3 6448 2959 3403 
3 3654 4487 9684 
3 5993 9511 4102 
3 6483 1748 1048 
3 9606 2523 1767 
3 2101 7853 7146 
3 1410 3209 460 
3 9948 6197 4130 
3 6033 4165 3966 
3 27 9878 968 
3 3769 73 5765 
3 1762 8179 524 
3 7245 570 5546 
3 9475 8109 5598 
3 799 4543 1886 
3 3322 7318 6717 
3 2147 3797 6345 
3 5658 9116 2831 
3 5941 3386 7237 
3 2879 1733 2444 
3 2211 6436 6443 
3 9416 9657 8888 
3 4294 9870 8516 
3 1881 5652 9792 
3 433 2605 6427 
3 4723 4765 4984 
3 2754 5051 6339 
3 9337 1655 3178 
3 1784 1315 1607 
3 4457 6668 5593 
3 1419 9415 2095 
3 4702 4742 8699 
3 7138 7298 7628 
3 8445 9975 615 
3 3303 7691 3733 
3 9607 786 3116 
3 5668 3321 1595 
3 3575 4033 3794 
3 482 9436 8014 
3 7803 7198 5417 
3 110 2290 7313 
3 4256 3723 3681 
3 2289 8906 428 
3 8452 5416 5132 
3 4214 5859 7760 
3 3024 7659 4923 
3 1741 644 6260 
3 946 6689 9979 
3 3669 3576 2029 
3 4758 6951 6250 
3 1190 8975 2372 
3 1601 9962 5149 
3 9814 9120 3082 
3 3436 3345 8593 
3 7382 1526 2827 
3 457 6795 3214 
3 9198 3779 2779 
3 2373 4307 8925 
3 5030 9886 7513 
3 8562 1363 8303 
3 6721 7618 5048 
3 7977 1065 4777 
3 3585 7093 5474 
3 2323 5285 7861 
3 3071 4223 6130 
3 8746 5173 1402 
3 801 2616 6374 
3 3185 7085 9377 
3 7939 2020 2955 
3 9053 1683 8695 
3 9775 9611 4228 
3 4339 9510 2576 
3 6802 1183 4283 
3 5935 6020 8527 
3 3784 9403 3280 
3 8041 2383 8466 
3 3976 9127 427 
3 8717 6142 7740 
3 8154 9742 6324 
3 2007 3383 583 
3 8665 1768 3286 
3 8057 9393 6490 
3 230 9760 2263 
3 3211 3566 6534 
3 7525 5130 7880 
3 6997 6491 7100 
3 8696 1738 7454 
3 5527 8795 7322 
3 2940 9442 7013 
3 9519 2140 5250 
3 877 4115 6403 
3 8216 8784 7904 
3 3978 9790 420 
3 5104 893 1501 
3 7191 7288 5246 
3 2049 1288 240 
3 5677 6902 7082 
3 3558 2572 313 
3 5524 1870 9236 
3 2852 7352 1360 
3 8904 6291 4876 
3 2834 3831 5299 
3 2592 625 8709 
3 2816 403 4656 
3 6699 5055 8077 
3 6722 673 3728 
3 255 8740 9361 
3 2850 6969 5314 
3 7600 5897 7399 
3 3281 9599 3898 
3 2829 7381 2631 
3 5281 5545 1918 
3 8126 5609 9639 
3 4026 1249 7524 
3 3033 8037 5418 
3 6931 9225 1014 
3 6367 4186 2965 
3 4262 9298 7684 
3 6282 2416 5079 
3 551 5894 6766 
3 4829 3029 7745 
3 155 959 6472 
3 4849 7031 6348 
3 7814 7985 1172 
3 2008 9082 6794 
3 4184 6928 9982 
3 9268 205 8580 
3 76 7900 5702 
3 1431 3693 3041 
3 4526 7899 3065 
3 1416 1871 4430 
3 2384 2317 8892 
3 7801 8543 4417 
3 7223 1252 624 
3 5470 5021 2502 
3 5991 4831 483 
3 1489 1535 1262 
3 4794 5115 1054 
3 4893 7534 5988 
3 8720 2285 6293 
3 4598 6573 3760 
3 1006 8350 4779 
3 3099 2862 5394 
3 2964 7637 6417 
3 8533 8307 5943 
3 3191 9419 8116 
3 8575 1885 7355 
3 7014 704 1196 
3 4114 6917 559 
3 7937 6858 2353 
3 3232 2710 1550 
3 2680 1114 9162 
3 4676 3777 6752 
3 1388 3820 7836 
3 712 6596 7730 
3 1197 8361 9396 
3 2678 6825 8218 
3 9542 1089 1387 
3 8086 3919 8172 
3 4786 2843 39 
3 7611 3130 5670 
3 5076 9310 4877 
3 1308 8060 1653 
3 1930 1840 629 
3 3285 8026 767 
3 4697 3371 4274 
3 5550 3549 1800 
3 489 5731 5185 
3 900 2470 5573 
3 8319 4251 8262 
3 7820 4008 4538 
3 3271 1366 8638 
3 6444 9854 6857 
3 1177 9873 8003 
3 9111 7244 8618 
3 9484 8745 8375 
3 284 7390 7843 
3 9701 4945 590 
3 2422 7676 9612 
3 7727 807 2119 
3 774 2545 656 
3 7957 2155 4922 
3 5787 8733 1407 
3 5082 6651 9349 
3 3097 1052 4806 
3 1154 9305 7989 
3 6406 7080 4364 
3 2209 1483 8852 
3 5473 3667 3819 
3 1342 1123 2395 
3 8937 7070 215 
3 5485 9091 4910 
3 4049 5129 129 
3 6646 7574 6577 
3 3663 6297 2265 
3 1343 1853 5690 
3 485 840 9363 
3 3049 8918 4620 
3 3385 5450 5332 
3 4172 7865 5708 
3 1490 5467 1101 
3 5803 8583 2102 
3 8584 6277 3083 
3 9738 1628 2487 
3 1107 5374 938 
3 9999 1433 2922 
3 1 1848 2933 
3 3891 4612 8704 
3 4374 2876 336 
3 5511 2971 3241 
3 879 8101 7492 
3 5562 2359 3692 
3 3409 477 8039 
3 1460 2272 2563 
3 2766 8441 9882 
3 5613 6971 6303 
3 1732 9661 7258 
3 2947 7422 9497 
3 8554 6708 6009 
3 8911 2466 842 
3 4844 6724 9649 
3 6223 2230 7357 
3 2753 5807 102 
3 3749 4590 443 
3 3317 1272 1647 
3 6214 1819 4491 
3 7590 594 6871 
3 7710 8265 8641 
3 7960 103 5109 
3 2415 3689 8150 
3 6806 9045 655 
3 5502 9574 3989 
3 4883 9954 3193 
3 4542 1193 5676 
3 1835 1481 2582 
3 203 6686 5439 
3 3643 3225 5409 
3 1789 9520 1813 
3 4467 6222 7444 
3 2455 4507 2247 
3 6332 7211 6681 
3 7234 3593 1763 
3 5728 8653 7834 
3 9453 2895 3791 
4 3647 6929 8502 7220 
4 2447 233 5964 91 
4 235 475 3909 494 
4 637 4815 3467 7447 
4 5998 3985 7890 755 
4 5973 266 6147 4415 
4 2977 1298 8671 5091 
4 5880 8038 5742 249 
4 6192 9411 7363 1988 
4 9229 3496 6032 5261 
4 6656 1941 1151 4512 
4 3123 7546 6735 8731 
4 9617 7756 6506 3059 
4 8000 1758 2612 9306 
4 9113 3010 7331 3908 
4 8384 7976 8512 6800 
4 9959 33 4042 9089 
4 1441 1023 9469 1398 
4 8261 2397 8462 5161 
4 5212 1571 6935 2134 
4 2051 8961 6419 6728 
4 8982 1122 1707 1663 
4 4139 275 9128 5956 
4 793 5321 3066 332 
4 5986 8932 1825 6626 
4 1874 9346 5865 3520 
4 5395 9253 3721 6658 
4 2986 5911 6144 3338 
4 3122 4732 7358 8416 
4 4608 2098 237 9000 
4 1030 2439 1897 2112 
4 361 7866 63 9659 
4 8173 7195 3266 2575 
4 9946 7654 7478 9313 
4 4789 2407 5596 3713 
4 5189 4583 7634 3564 
4 5938 8501 8487 3553 
4 4610 8138 3254 3150 
4 2806 88 7431 636 
4 8718 9097 9220 3695 
4 3658 9815 3369 7636 
4 5492 1893 5478 6996 
4 1616 5755 5266 6719 
4 3949 6242 7036 3888 
4 4229 6776 8228 5551 
4 2570 8248 6017 5776 
4 9643 207 8876 6810 
4 860 370 5153 5125 
4 1503 4501 2337 2435 
4 1659 1202 8545 295 
4 1432 6814 3610 3448 
4 4429 4276 3988 6869 
4 567 6431 4632 9439 
4 7533 1316 6620 5069 
4 9270 9718 2554 2661 
4 9572 2720 4411 55 
4 4801 9200 350 204 
4 2442 4144 6155 3603 
4 339 61 5120 2685 
4 1704 2499 6561 8753 
4 9927 8385 4331 2237 
4 3110 9940 4177 3551 
4 791 3830 7779 6756 
4 8612 541 9933 2960 
4 2484 7059 522 7557 
4 2044 3367 7986 7997 
4 1721 4019 337 8397 
4 915 8890 9452 1694 
4 9052 8075 7271 1105 
4 8125 6239 9211 11 
4 4680 907 8031 9605 
4 7840 6523 1043 3834 
4 9592 9951 503 390 
4 2431 1119 5752 8342 
4 7126 1140 7103 7958 
4 3718 2882 6302 5972 
4 7365 5773 3200 7644 
4 7650 7062 7873 8606 
4 1229 2602 745 6926 
4 6465 9351 2267 3047 
4 5059 1399 8240 9626 
4 3882 8873 1602 4741 
4 4068 3939 374 3708 
4 1034 5875 1243 1075 
4 7768 4162 6549 9862 
4 2103 592 8833 5454 
4 9521 9391 1189 5958 
4 627 1931 1726 5046 
4 1823 2527 743 7746 
4 4424 1001 8582 5749 
4 3584 9285 7923 2151 
4 7529 1969 9829 5155 
4 276 8476 6536 9488 
4 8277 1527 6420 8712 
4 6149 7739 5288 1724 
4 2580 3370 1600 4836 
4 2319 3311 1780 3333 
4 3212 5669 5505 9221 
4 8737 597 6903 4397 
4 6329 8074 5838 7963 
4 6112 3825 9713 8051 
4 5236 2500 7669 7612 
4 3206 9645 1775 8 
4 4561 9811 3160 685 
4 504 4378 6235 3199 
4 6665 4134 7568 2513 
4 998 4363 7883 3865 
4 5672 8938 1344 747 
4 6224 3573 1977 1081 
4 401 3108 6181 3445 
4 7069 3302 9686 7233 
4 260 1872 4979 8785 
4 8316 5835 3028 887 
4 5992 7205 5607 4674 
4 6894 4171 1915 3925 
4 6229 3329 6693 612 
4 5863 3335 3002 9382 
4 3543 6836 8772 2983 
4 219 7155 236 8754 
4 3080 8672 3743 2212 
4 4024 9249 2607 1139 
4 3086 5723 6156 8443 
4 3763 4011 5760 5989 
4 3656 3793 1816 5158 
4 3868 9064 1011 9977 
4 6467 5717 5982 1380 
4 5847 1160 2669 9389 
4 8011 5369 2936 4454 
4 126 1437 4960 2313 
4 5714 1684 708 3513 
4 2664 8768 3088 758 
4 2321 1954 9098 3039 
4 7151 6593 4737 2190 
4 1479 4154 5098 5962 
4 7920 916 7718 8566 
4 8964 473 6359 6352 
4 2341 6589 5529 5599 
4 2925 2123 663 9135 
4 7058 7642 7540 96 
4 2061 1232 620 2881 
4 2970 3597 3431 6791 
4 1286 6972 1129 2497 
4 6021 3975 2593 769 
4 2913 4548 7448 3139 
4 4788 2409 9022 3953 
4 3342 7553 9690 4618 
4 716 2561 5001 2424 
4 7609 9681 5234 1468 
4 6273 3972 3711 8993 
4 7999 2717 6029 7824 
4 1678 9995 5174 20 
4 760 6948 8831 3031 
4 7158 6083 478 3247 
4 4353 5121 6925 9245 
4 8914 3618 7370 6674 
4 4188 6128 7165 5626 
4 1134 3030 8655 5150 
4 6989 6447 9406 7544 
4 2304 4821 4203 6343 
4 9035 8359 8736 9555 
4 167 6097 2973 6718 
4 320 3350 6560 7131 
4 8238 4116 7 4927 
4 4933 490 9054 3238 
4 5235 1248 5365 1354 
4 9185 942 1148 545 
4 9463 6682 9600 510 
4 9307 1017 4887 2532 
4 3106 5486 8921 436 
4 3113 6232 8630 3231 
4 2226 617 262 7433 
4 8341 4149 2522 5317 
4 1104 6116 2760 3324 
4 4717 1608 7757 5903 
4 6950 3149 9590 985 
4 8210 2999 2774 759 
4 8650 2655 3263 783 
4 8339 3979 9875 5632 
4 1333 9571 256 1560 
4 3955 1020 6330 5856 
4 3540 9272 7635 530 
4 7619 4220 4720 9408 
4 4636 1806 487 7532 
4 5615 4581 8544 8974 
4 5948 2092 7701 6067 
4 8146 4482 3377 5291 
4 4671 8837 5572 6314 
4 7410 5645 7015 6830 
4 3937 3205 8175 8194 
4 3411 1173 4684 2440 
4 610 9734 6615 6028 
4 4828 1869 9005 491 
4 2539 9362 9136 7387 
4 7538 7483 2213 9031 
4 7219 25 6185 7186 
4 1236 5011 7754 6990 
4 2225 3889 4000 2642 
4 5953 8344 6394 3078 
4 3802 7863 8520 4544 
4 8957 5313 5745 9925 
4 9256 5678 3954 2181 
4 8893 6738 160 69 
4 4668 8664 9468 1790 
4 2939 7526 4195 2903 
4 6039 555 1223 2448 
4 106 8515 3660 455 
4 9099 4126 554 4842 
4 2096 2053 1137 6918 
4 5604 2535 632 5933 
4 8196 9872 7200 4564 
4 1461 67 3166 5616 
4 3938 2335 3330 1714 
4 9757 334 2436 537 
4 6468 1626 9784 6595 
4 6653 1506 5816 8152 
4 6805 9311 4086 2059 
4 3177 8563 7966 5808 
4 3511 6135 104 21 
4 9585 6973 8573 9821 
4 885 9506 7520 9153 
4 8707 5090 8858 7466 
4 2638 6502 8830 377 
4 3946 1818 5955 8542 
4 8269 631 4901 8388 
4 5520 2690 7315 5419 
4 6503 8897 4578 9189 
4 3902 1904 5280 7484 
4 8010 3800 7477 7954 
4 5968 2127 6093 9522 
4 3530 5582 3507 5539 
4 5252 5625 3700 5315 
4 6387 6114 4530 5796 
4 670 8020 1782 9896 
4 7152 5205 8971 9375 
4 4783 5499 6361 3860 
4 304 1517 8640 9597 
4 639 6920 1705 150 
4 7263 6171 7970 9461 
4 5086 3463 7655 3249 
4 8841 259 7932 3427 
4 1009 9503 9392 8192 
4 1903 5775 2180 7108 
4 6843 6828 5357 9020 
4 1511 5434 6882 6697 
4 5858 7406 6286 3744 
4 130 773 7351 2904 
4 3567 8965 1434 5822 
4 3561 4423 7586 3920 
4 8203 6052 9857 6143 
4 6835 7301 7940 3753 
4 1396 1612 2242 3637 
4 8832 3346 3327 4261 
4 46 3837 3849 5370 
4 4745 579 6818 920 
4 9223 9196 5696 4878 
4 8644 858 2047 459 
4 5579 1803 2354 5587 
4 2413 2544 4113 145 
4 2782 883 5916 4892 
4 3841 8302 9197 9443 
4 1086 693 7180 1024 
4 6557 3365 9429 933 
4 8197 2042 5295 7931 
4 9888 9195 8667 6868 
4 6312 4596 8064 3015 
4 7342 7592 2849 4183 
4 6977 6714 5412 4110 
4 8337 4054 7457 1359 
4 986 8999 7741 7662 
4 6380 9437 2660 8684 
4 7835 9936 7084 4675 
4 3574 6963 7780 7724 
4 5260 9329 4057 2303 
4 1845 1338 2245 958 
4 2841 560 409 834 
4 7632 3641 5727 5476 
4 6904 7218 393 8433 
4 5408 906 8942 6834 
4 4127 6064 4132 2656 
4 6122 9039 5268 4484 
4 6248 2952 4853 8506 
4 2996 4746 2907 9322 
4 79 5327 4755 9898 
4 2456 1844 8657 8480 
4 3964 383 1960 6733 
4 7325 8958 1917 9874 
4 7251 7752 930 1995 
4 8362 4807 1178 290 
4 4493 5544 5025 7011 
4 9858 49 4504 4502 
4 1957 32 3307 8235 
4 7723 495 2179 3508 
4 8749 5780 9237 2635 
4 1497 6514 8219 7902 
4 2406 6167 8565 4273 
4 8794 7316 1290 9997 
4 7713 3132 36 3470 
4 4784 9732 3008 8747 
4 3874 9782 778 3054 
4 7145 2636 5257 2172 
4 5226 5789 6256 1615 
4 971 7646 4322 6036 
4 4480 4050 7472 1270 
4 4421 9725 2599 2445 
4 658 4818 5040 3061 
4 8548 8881 1569 2224 
4 5077 8200 111 9914 
4 5602 422 3284 1311 
4 2360 6327 7268 7425 
4 6692 3134 6698 8447 
4 2847 5138 2362 7439 
4 3668 7452 717 6084 
4 2255 796 5886 5869 
4 3278 9400 2259 6308 
4 5386 5159 4523 4044 
4 7110 190 539 7076 
4 836 9793 4334 664 
4 2673 7418 5506 3850 
4 4666 8534 2391 1565 
4 7819 5929 790 5103 
4 5206 949 2438 967 
4 2963 6979 7107 4257 
4 5020 5846 9813 9326 
4 9366 4356 8272 6680 
4 2671 4798 8883 3357 
4 9548 6569 5891 9266 
4 4762 6895 4272 8392 
4 7753 3250 6005 8950 
4 6983 902 7333 7174 
4 5074 2463 5663 1505 
4 5356 1502 7732 3376 
4 6748 7373 3400 3011 
4 5391 4277 8027 6141 
4 2010 6803 9338 4036 
4 42 7726 8242 2206 
4 6371 1970 5729 8111 
4 2097 394 3306 2946 
4 8439 8987 5697 7624 
4 296 5909 2291 5083 
4 765 8494 4302 6091 
4 3349 5197 9692 3079 
4 9852 4138 9357 5606 
4 4663 1574 9466 1950 
4 1946 6390 6923 1643 
4 9025 6533 3852 1894 
4 4362 7564 8980 6982 
4 2328 1062 6779 1384 
4 4056 4885 5983 8336 
4 4242 3288 4312 2863 
4 6937 4496 909 4328 
4 6650 4465 4965 2705 
4 2071 4241 8217 3843 
4 6477 7761 5169 5759 
4 3401 1013 7516 2367 
4 3362 7286 3453 4631 
4 3417 3761 5635 2767 
4 3537 5278 4248 6474 
4 2770 8332 6066 1635 
4 4810 7321 174 9930 
4 3992 6876 214 9797 
4 9787 3687 9693 1280 
4 3636 3105 4059 456 
4 2967 87 3455 5825 
4 5324 853 634 4827 
4 8283 4166 9832 186 
4 552 9849 770 8257 
4 9065 7189 2156 9140 
4 1269 6123 6240 6386 
4 5014 5222 1868 9390 
4 3435 3125 741 1555 
4 9939 5258 1949 1456 
4 4963 5215 7482 9212 
4 7060 3897 785 5553 
4 226 527 8770 8114 
4 4897 5337 7428 3194 
4 9552 1927 5422 9588 
4 1357 2543 6702 2108 
4 917 2443 987 1639 
4 630 9674 3999 6872 
4 4793 9570 6218 8959 
4 8886 8903 1777 5110 
4 707 5994 3382 3552 
4 5883 66 7679 4190 
4 1899 7136 7048 5210 
4 280 1618 5932 1016 
4 113 4869 2220 1071 
4 6594 1309 6269 1418 
4 9347 9430 4851 2411 
4 6188 9920 1098 6663 
4 4812 2672 8771 2962 
4 6816 151 6505 8495 
4 9827 1218 572 9716 
4 6545 2186 8765 5843 
4 955 3374 6998 8271 
4 1847 3991 3137 4372 
4 1010 5640 5734 8895 
4 398 7397 9705 297 
4 8208 8144 1296 7871 
4 764 6797 588 4766 
4 9699 7943 6962 2718 
4 859 7577 8859 5852 
4 1256 4070 3516 2991 
4 1545 3785 1909 718 
4 7930 6341 3931 3598 
4 2100 4521 5466 5428 
4 2196 3175 8564 4942 
4 3326 4517 5318 4456 
4 569 8160 9753 6532 
4 9660 1979 6706 9145 
4 9019 8642 3034 8469 
4 4432 4685 4729 4916 
4 364 7608 2248 1836 
4 5067 5170 5514 7623 
4 5213 9218 4660 7705 
4 1729 2618 6121 9060 
4 2828 5531 2571 2700 
4 9777 4856 7789 841 
4 4269 8164 5996 344 
4 1329 5786 2142 1451 
4 213 8539 2739 7249 
4 4730 1085 3230 3709 
4 7674 9964 8571 1670 
4 3950 2069 8743 6842 
4 8016 189 6544 1926 
4 2403 2333 7962 5777 
4 3438 1182 6515 7109 
4 3678 8222 854 9923 
4 9562 2374 5128 4824 
4 9283 8429 4860 264 
4 4160 8102 2649 9846 
4 8023 8435 1543 8071 
4 9424 6264 8810 3984 
4 6146 9826 9545 5087 
4 4249 148 9296 5283 
4 4153 7496 5477 8790 
4 2659 252 6266 9544 
4 7548 8021 5812 4082 
4 7231 5277 4449 6704 
4 9576 8389 1838 9547 
4 8636 703 4141 8140 
4 8766 395 6746 1922 
4 196 1385 3665 8786 
4 3608 2327 4624 3916 
4 7009 6934 8065 3180 
4 8569 678 5872 3486 
4 6837 3262 4808 4764 
4 9587 1040 3020 2136 
4 6707 4644 4252 9257 
4 2729 1839 6507 4291 
4 2778 4626 2715 2094 
4 9595 4866 8979 1188 
4 2510 6209 3051 6574 
4 2015 6233 5070 1993 
4 2264 3690 9680 5157 
4 6897 3091 31 6900 
4 728 9783 7531 2320 
4 2927 2910 515 1876 
4 8680 8654 6158 7099 
4 7507 1266 4335 471 
4 1735 5504 6556 6850 
4 4351 8168 4355 7563 
4 3762 2704 1795 4633 
4 4547 7792 768 6132 
4 516 4629 8894 4549 
4 3570 6777 9868 5563 
4 5647 7767 5766 6907 
4 9102 8073 8760 5316 
4 8589 7869 7112 3625 
4 1094 2009 7787 3756 
4 7604 5254 2795 7243 
4 9631 3555 7063 4756 
4 3133 2419 9688 3425 
4 323 261 6001 8919 
4 5931 6342 3851 5034 
4 8799 9539 2637 7921 
4 8292 4201 1099 6913 
4 85 7041 4670 8151 
4 4369 5509 8778 7375 
4 4376 1307 2822 5925 
4 6771 3544 4391 8012 
4 3022 4381 9853 4182 
4 1391 7356 4206 1369 
4 7104 4868 1785 6580 
4 9263 3289 7199 1547 
4 1965 8266 1636 469 
4 283 5651 3037 2574 
4 7429 4782 5691 9417 
4 2079 613 2930 325 
4 9830 5263 3179 4174 
4 1811 1452 1541 2555 
4 5590 9261 8751 4085 
4 7133 9324 2295 6667 
4 8518 9471 817 4839 
4 7717 6616 5701 7804 
4 9308 1968 8656 2643 
4 4455 1408 2722 5878 
4 3832 6150 5815 3969 
4 9387 5624 1224 2573 
4 3276 2588 4065 231 
4 5867 896 9006 321 
4 7426 2030 1812 9580 
4 5463 1802 461 7990 
4 2266 4095 429 6262 
4 4990 9181 9845 3242 
4 5228 9766 389 4442 
4 4796 5854 1362 5148 
4 2023 5585 3764 6004 
4 4357 391 3220 4426 
4 3866 8352 4757 6042 
4 9728 6543 3602 6445 
4 7714 9505 8956 1596 
4 7197 4123 7055 4321 
4 9334 7786 9043 1533 
4 3418 3443 8836 3347 
4 4679 1944 6757 1728 
4 5643 8338 9697 5385 
4 7111 9040 6288 4996 
4 9604 4704 8705 7882 
4 3154 5699 8803 2475 
4 6077 1624 7652 4890 
4 6976 3527 9654 4293 
4 1898 7420 7236 2934 
4 4926 7743 7346 2300 
4 6016 1676 5459 1212 
4 5963 5758 6284 2752 
4 8052 3218 9356 7549 
4 4652 7453 3075 7305 
4 1264 3729 5548 921 
4 4616 3489 5554 5741 
4 7419 2386 8345 8083 
4 7827 7987 8608 835 
4 9633 1792 7449 7715 
4 1233 378 7140 6113 
4 9620 4875 4409 2646 
4 9978 6325 2034 7075 
4 6182 6599 1435 7733 
4 1668 8108 6213 5448 
4 5705 137 4908 1174 
4 814 9133 8592 5646 
4 856 2165 2819 3493 
4 9260 9034 2662 6772 
4 7929 4152 5560 5198 
4 5443 2465 3093 9076 
4 1365 3145 5914 805 
4 2848 2674 8396 302 
4 1630 2503 5310 6170 
4 2080 5142 2923 8817 
4 6513 439 5201 7171 
4 3944 1507 7068 4015 
4 1552 6531 2464 2626 
4 5951 4870 2352 5366 
4 635 5597 2505 2201 
4 1364 5239 9867 4383 
4 4253 8113 6435 1591 
4 8756 9825 8040 9269 
4 5238 447 9963 4084 
4 6162 2048 7621 2583 
4 4264 1760 5703 519 
4 7182 3757 4976 3838 
4 5799 3397 1722 5375 
4 4726 1620 5127 7922 
4 8622 2997 2698 452 
4 3885 4705 1842 4076 
4 2446 3714 7267 1115 
4 3042 1126 9214 1159 
4 5547 7185 6678 4341 
4 8955 8009 4642 4111 
4 1690 7821 2688 2388 
4 7089 3169 2546 795 
4 1773 7207 2052 9239 
4 5538 2067 706 8912 
4 2195 5024 1799 8224 
4 5047 7350 9788 3260 
4 2708 6525 5376 5840 
4 7725 820 7385 9414 
4 9837 3464 7193 3275 
4 351 6451 6793 5111 
4 4740 4570 9551 1783 
4 6294 6924 1715 7150 
4 7798 4524 5421 7149 
4 3392 5501 6334 4010 
4 1666 4308 6767 2780 
4 5060 7240 4073 1412 
4 56 2025 9464 2902 
4 2746 5440 4135 5730 