1628
2 4991 9559 
2 8667 4139 
2 2467 8743 
2 9361 5165 
2 6126 9022 
2 7730 8854 
2 3204 6376 
2 8827 7966 
2 754 300 
2 6607 7523 
2 1179 8710 
2 9987 5216 
2 9317 3004 
2 3266 855 
2 189 3430 
2 236 2242 
2 7344 3642 
2 7051 6445 
2 5001 93 
2 9137 8198 
2 5555 1822 
2 804 5479 
2 9746 3987 
2 9434 9685 
2 8948 8395 
2 6948 2893 
2 3077 7146 
2 3296 6528 
2 8468 2879 
2 763 7908 
2 6199 6153 
2 137 3585 
2 4083 1563 
2 6547 3682 
2 4189 5212 
2 4701 7925 
2 3795 9462 
2 9718 7493 
2 8089 2381 
2 9545 9793 
2 6500 1224 
2 3699 6569 
2 1077 3464 
2 3410 8121 
2 6020 8473 
2 850 2419 
2 3556 3897 
2 5696 1534 
2 705 8291 
2 8450 526 
2 8346 6042 
2 9876 2729 
2 3382 1240 
2 1867 5300 
2 6342 1998 
2 2946 2128 
2 4480 7652 
2 859 5701 
2 9655 4646 
2 7157 524 
2 7715 1689 
2 6663 1414 
2 336 3031 
2 3529 5044 
2 7902 9402 
2 852 9170 
2 3135 5231 
2 1441 644 
2 459 3018 
2 908 9733 
2 8752 8457 
2 8451 583 
2 2723 9002 
2 8598 8086 
2 3834 14 
2 7218 8705 
2 6610 107 
2 9259 5522 
2 3826 4978 
2 8605 8161 
2 3017 9735 
2 2810 7323 
2 6090 9358 
2 4281 3105 
2 1282 5893 
2 8144 1948 
2 8865 6597 
2 8632 7766 
2 7262 6907 
2 3526 829 
2 384 3265 
2 2769 495 
2 6713 6648 
2 4270 1576 
2 4450 8122 
2 9191 1572 
2 5295 6286 
2 9179 9142 
2 2633 1309 
2 7599 2547 
2 9390 6900 
2 8534 6929 
2 290 3647 
2 2501 1337 
2 2669 27 
2 7287 8539 
2 8767 9240 
2 640 4544 
2 865 3799 
2 535 4625 
2 4384 4062 
2 1494 9497 
2 266 7949 
2 9455 4358 
2 5494 1488 
2 3028 2600 
2 1621 2474 
2 3035 7744 
2 8129 1328 
2 6276 1931 
2 6859 6853 
2 7974 7295 
2 8944 2398 
2 3183 4766 
2 2320 6954 
2 8241 2096 
2 2302 9662 
2 4584 7724 
2 3426 7499 
2 6817 5715 
2 6384 6032 
2 7577 5969 
2 4332 4758 
2 3885 5883 
2 8375 8553 
2 770 1057 
2 864 7165 
2 1511 5560 
2 8152 3195 
2 9235 5529 
2 1383 1975 
2 999 5577 
2 4229 6657 
2 7799 8363 
2 2830 5042 
2 7411 6015 
2 3551 475 
2 504 7173 
2 7243 1741 
2 5176 7367 
2 3823 8584 
2 6638 8610 
2 5759 8651 
2 20 9640 
2 173 672 
2 4195 5481 
2 9337 4204 
2 4906 7315 
2 3065 9671 
2 1842 736 
2 7833 3177 
2 5066 251 
2 4495 8044 
2 2957 1882 
2 2599 889 
2 271 2939 
2 6387 6081 
2 398 2187 
2 4669 8337 
2 582 7646 
2 2345 2572 
2 3066 7385 
2 5647 1390 
2 2423 8573 
2 6127 653 
2 553 3773 
2 9460 3377 
2 2050 3764 
2 2852 7554 
2 10 2583 
2 5530 3260 
2 8830 1702 
2 1641 6778 
2 8358 255 
2 5436 4779 
2 2609 5147 
2 1877 2835 
2 7114 7467 
2 1674 4152 
2 7264 9210 
2 9862 4877 
2 2841 3936 
2 3330 9228 
2 5685 5904 
2 9683 7811 
2 9 7317 
2 7936 4121 
2 9943 6174 
2 8828 3053 
2 8051 2961 
2 2902 5898 
2 7548 4950 
2 8430 3437 
2 2824 5954 
2 3538 7671 
2 9102 1173 
2 8991 8082 
2 860 4378 
2 7727 8924 
2 3482 4624 
2 45 6140 
2 7268 2813 
2 9187 1371 
2 2629 8528 
2 212 4547 
2 7654 3127 
2 8378 6829 
2 4250 7512 
2 1653 2866 
2 2695 455 
2 2154 3329 
2 5393 1826 
2 4133 2070 
2 1841 1685 
2 8465 7962 
2 9621 2766 
2 3638 7066 
2 5474 6345 
2 4426 8754 
2 4293 7033 
2 9230 5921 
2 9012 8910 
2 3098 7418 
2 1319 5118 
2 6651 4415 
2 9479 4414 
2 6110 5829 
2 3356 2074 
2 8224 9697 
2 8028 2040 
2 4506 4046 
2 5439 171 
2 7690 3853 
2 9138 7069 
2 3314 9945 
2 4350 9422 
2 6144 7028 
2 3478 3841 
2 611 8631 
2 1120 6454 
2 5130 1425 
2 4364 9951 
2 7644 9231 
2 523 5519 
2 6699 3817 
2 59 9616 
2 6668 8367 
2 7226 3977 
2 6178 9086 
2 6468 8259 
2 2877 632 
2 2563 820 
2 8859 7478 
2 6684 7913 
2 7081 3634 
2 3282 5727 
2 1247 9981 
2 4665 1049 
2 4203 3433 
2 1124 7576 
2 2673 1612 
2 1639 9649 
2 4158 3273 
2 1939 6198 
2 8124 7397 
2 1276 345 
2 5442 6324 
2 8316 5214 
2 1684 1635 
2 196 6501 
2 2838 6318 
2 8979 5024 
2 8772 4224 
2 4182 4960 
2 7927 8293 
2 136 2719 
2 1291 9555 
2 9754 5942 
2 8592 9111 
2 9880 9682 
2 9248 5582 
2 5600 2114 
2 3863 1503 
2 7371 2400 
2 1976 1898 
2 6727 275 
2 3147 1096 
2 2604 2418 
2 6356 7722 
2 2899 6804 
2 4301 2156 
2 4179 1346 
2 9471 1207 
2 9830 5985 
2 8628 2610 
2 894 7004 
2 8921 3680 
2 1950 7892 
2 2434 9607 
2 3629 385 
2 6891 4342 
2 9203 7058 
2 4010 6688 
2 7972 26 
2 6237 6441 
2 2511 7481 
2 1853 2182 
2 4107 8775 
2 9463 1989 
2 2216 9931 
2 9723 868 
2 3573 8081 
2 847 1267 
2 2267 4315 
2 564 9365 
2 2864 9173 
2 4794 460 
2 92 5389 
2 8312 3367 
2 7413 1117 
2 1159 1630 
2 3208 8416 
2 3256 7469 
2 7150 8863 
2 4242 5742 
2 549 1472 
2 4579 903 
2 5079 1735 
2 8884 5615 
2 5566 4223 
2 2694 2143 
2 1475 7456 
2 462 7564 
2 4957 2545 
2 1815 8500 
2 6541 3602 
2 4954 6514 
2 5901 8420 
2 187 707 
2 4696 4092 
2 7352 1946 
2 2213 8749 
2 9566 9527 
2 8299 7059 
2 5892 3189 
2 3575 2900 
2 4943 253 
2 2208 8209 
2 5946 3191 
2 2268 1258 
2 9291 2468 
2 807 1566 
2 2200 6438 
2 6102 1381 
2 4333 1717 
2 6473 357 
2 7324 2189 
2 8627 6009 
2 7255 6459 
2 8094 8276 
2 9874 9850 
2 786 8475 
2 7965 4781 
2 3651 9338 
2 3519 599 
2 3621 4811 
2 5718 585 
2 5377 8640 
2 6622 9913 
2 3836 397 
2 2445 1132 
2 162 2023 
2 9424 4287 
2 9384 8788 
2 1031 413 
2 3408 9181 
2 1235 6025 
2 292 3937 
2 2654 9444 
2 4416 8919 
2 7296 5930 
2 5931 6049 
2 5342 7606 
2 6614 6150 
2 7421 3056 
2 5390 6400 
2 3362 9100 
2 5129 2496 
2 4081 4400 
2 2907 5447 
2 5433 5250 
2 4034 9956 
2 9249 74 
2 1830 5004 
2 8755 63 
2 3713 4494 
2 1239 2942 
2 5328 3835 
2 1912 2190 
2 5825 2100 
2 4961 2256 
2 1783 6383 
2 9605 6855 
2 3331 454 
2 6718 2301 
2 3620 1660 
2 2387 9483 
2 6034 1745 
2 8698 5071 
2 2118 984 
2 7234 1574 
2 5507 5794 
2 9147 1963 
2 9352 2037 
2 175 2764 
2 3155 8060 
2 4682 9700 
2 2843 4998 
2 8585 160 
2 1979 3569 
2 417 1119 
2 5002 8444 
2 2965 4044 
2 246 2171 
2 742 9252 
2 7691 480 
2 7117 9731 
2 635 5255 
2 9630 8168 
2 2981 412 
2 6603 3107 
2 4588 165 
2 7895 7612 
2 6717 6228 
2 2711 8255 
2 9768 8501 
2 6662 6413 
2 8364 3297 
2 1111 1893 
2 8527 4664 
2 8947 5125 
2 5899 9270 
2 8544 1148 
2 5496 9659 
2 7213 803 
2 7063 4447 
2 6950 3061 
2 9302 7111 
2 4374 2582 
2 6059 9254 
2 1922 3999 
2 5320 3332 
2 7704 9451 
2 2559 869 
2 4686 4155 
2 2343 7135 
2 2663 2718 
2 5550 4421 
2 9202 9385 
2 9141 9624 
2 1529 3385 
2 7945 237 
2 7886 8250 
2 3630 6843 
2 1131 7960 
2 7859 8010 
2 8672 8147 
2 8933 5386 
2 4851 3064 
2 902 3083 
2 8341 6762 
2 7713 8220 
2 6880 8904 
2 8206 8146 
2 4732 7970 
2 5453 1075 
2 3023 990 
2 2901 8286 
2 4395 3664 
2 4120 9119 
2 3166 9178 
2 4554 8177 
2 83 3536 
2 2931 9037 
2 7905 826 
2 5153 6757 
2 4689 5726 
2 9660 6007 
2 9976 2440 
2 9177 9152 
2 56 9225 
2 4478 1647 
2 7834 4634 
2 7177 7697 
3 402 7987 5595 
3 7893 819 3218 
3 8386 1140 3600 
3 7039 7642 5800 
3 1704 1242 4936 
3 2490 8836 5009 
3 2205 3452 3902 
3 7515 669 2210 
3 5073 2102 7158 
3 6513 5951 1256 
3 8474 232 5687 
3 1377 7912 5353 
3 4321 4233 3443 
3 4737 3372 223 
3 1046 5502 5167 
3 3920 3168 5744 
3 409 2745 2781 
3 3187 4975 5920 
3 8608 3490 1943 
3 1458 3733 8403 
3 9564 5150 1737 
3 2688 8871 3731 
3 9695 6828 404 
3 2229 5463 420 
3 5797 3134 6766 
3 1723 3930 825 
3 5662 5505 8746 
3 1007 3002 9747 
3 5650 3662 665 
3 4285 238 2803 
3 3910 9643 1610 
3 8918 733 2193 
3 9908 6560 3685 
3 6254 7567 6708 
3 8414 901 528 
3 8311 2542 2366 
3 9395 9413 1583 
3 9678 3845 4655 
3 4928 7217 1353 
3 2775 2732 3505 
3 5498 3353 3994 
3 1982 3085 9318 
3 985 8740 433 
3 7483 3876 2529 
3 2283 9993 7496 
3 5986 5627 9432 
3 8732 5671 8777 
3 9165 7657 5556 
3 6689 6726 7674 
3 2734 2131 8862 
3 6606 2562 30 
3 8857 6584 5770 
3 8271 3969 7477 
3 6028 3966 2714 
3 9221 9333 307 
3 6055 1627 2546 
3 1891 6998 2922 
3 2298 3604 5036 
3 6661 4993 3663 
3 8210 7988 4240 
3 5304 9968 6255 
3 1255 7151 1823 
3 2736 6296 6986 
3 7186 5554 9693 
3 9622 9161 9368 
3 502 8962 547 
3 3460 2671 4454 
3 3338 2963 8902 
3 4979 970 4377 
3 2953 4331 5710 
3 493 8166 6819 
3 7575 625 873 
3 3178 9570 5509 
3 244 931 3874 
3 6156 7733 6695 
3 1317 758 2896 
3 8970 1130 7797 
3 1178 667 1345 
3 4819 1558 9069 
3 1020 6740 3070 
3 9986 1338 7246 
3 6074 7125 1209 
3 1052 6484 9509 
3 3229 6460 7835 
3 4628 7451 3244 
3 7906 2579 1547 
3 8095 8098 5645 
3 8352 3952 4346 
3 8342 5119 1719 
3 1407 4700 1990 
3 4501 1300 2968 
3 1187 9594 2807 
3 19 7126 6771 
3 1688 1874 6720 
3 3746 4213 2367 
3 3484 5675 8818 
3 9760 6568 6616 
3 9858 204 565 
3 3869 1866 7107 
3 4344 5751 7753 
3 8401 5476 374 
3 4586 2598 7286 
3 1348 3960 482 
3 4984 1188 1154 
3 364 4814 1602 
3 6505 5136 1215 
3 6895 4875 8868 
3 4562 3213 8421 
3 5808 7869 3015 
3 280 5534 2405 
3 8149 7015 5270 
3 7620 3279 7497 
3 4797 3497 8370 
3 9437 1519 8923 
3 5462 5999 450 
3 4030 1662 752 
3 3725 6234 6669 
3 8692 7911 7064 
3 3346 898 5175 
3 9154 2351 4448 
3 1564 1840 9891 
3 9571 1237 5209 
3 4221 331 3418 
3 3059 6104 6794 
3 7259 3094 6965 
3 9535 9775 5618 
3 4850 1043 6494 
3 203 1526 4813 
3 9572 8058 743 
3 3818 2244 3488 
3 2987 6914 7306 
3 6175 7792 1984 
3 3037 1818 4165 
3 8087 6403 6691 
3 2594 2139 8320 
3 2630 4020 4926 
3 5709 258 6351 
3 7666 1631 6613 
3 6096 3024 1600 
3 445 367 6253 
3 759 7979 2814 
3 5571 3734 3457 
3 607 4582 9914 
3 6027 2666 8452 
3 7943 4314 3946 
3 7351 4440 4946 
3 6922 6813 2183 
3 7880 1784 5745 
3 1707 2094 3757 
3 5941 8249 7138 
3 5246 5243 7104 
3 6118 6389 8866 
3 9286 5591 9325 
3 452 5400 8981 
3 5714 5934 1664 
3 1359 372 9611 
3 5623 6781 7670 
3 1462 1713 226 
3 7938 4529 4288 
3 9706 9401 498 
3 2686 85 8799 
3 9865 5597 7187 
3 5656 1168 800 
3 4206 674 434 
3 563 3879 9767 
3 8709 2395 586 
3 6249 7627 1259 
3 7276 3358 7740 
3 5221 3950 3146 
3 7883 2677 6553 
3 6050 4965 9121 
3 6109 2990 7480 
3 3406 5888 6949 
3 8657 9833 1829 
3 7208 1366 9804 
3 4630 6525 2975 
3 7596 7997 7951 
3 2313 3156 176 
3 6264 3407 352 
3 4316 3227 2707 
3 2643 3228 7312 
3 9855 4768 8518 
3 621 3963 8405 
3 6785 9567 6600 
3 3766 5459 6994 
3 8472 656 1614 
3 8292 5268 6449 
3 9523 8714 2926 
3 4796 2380 6190 
3 5179 1496 3288 
3 6164 8218 3721 
3 411 5525 2608 
3 4105 4997 3436 
3 4540 6305 3151 
3 3846 4505 9772 
3 1588 885 7794 
3 9797 5935 9748 
3 7145 9214 2639 
3 6183 8787 9171 
3 1703 846 4211 
3 766 8728 2375 
3 8988 8393 552 
3 4345 783 6966 
3 6464 4728 6349 
3 675 4275 1568 
3 891 1078 4391 
3 5590 5210 9088 
3 588 7003 9168 
3 4140 111 3993 
3 9448 6086 8969 
3 9093 2163 6623 
3 4446 6810 6243 
3 8432 4323 5460 
3 8108 3364 1334 
3 2773 6284 5778 
3 1936 4271 5589 
3 1667 2644 1649 
3 8606 8511 2326 
3 5424 1710 6741 
3 1938 8508 7948 
3 6710 5891 2046 
3 2682 7376 7749 
3 7783 595 5326 
3 395 3514 3145 
3 1617 5850 3401 
3 2622 7710 9275 
3 7257 5078 3858 
3 4167 9148 5469 
3 2619 1419 6512 
3 3261 7220 7518 
3 5224 335 5673 
3 7718 315 2191 
3 2795 5219 5993 
3 3700 4839 3794 
3 9626 550 9896 
3 3596 8008 7169 
3 2508 2063 1478 
3 1961 8156 9816 
3 6439 4488 1275 
3 4635 9351 1374 
3 5045 3126 5792 
3 2656 2994 3928 
3 3543 3645 9975 
3 8688 1171 4049 
3 3864 1045 5083 
3 1083 8307 7693 
3 1986 7934 9618 
3 8298 8768 722 
3 3613 6388 7113 
3 5633 8618 29 
3 3518 5199 8889 
3 2092 5274 1585 
3 2388 7408 714 
3 932 704 2240 
3 5565 6509 1314 
3 1595 154 2771 
3 9076 6173 8230 
3 7751 6960 1531 
3 8231 2992 8034 
3 5492 6026 5006 
3 1197 1050 7147 
3 609 7441 6644 
3 7252 4667 7180 
3 4761 5290 6861 
3 9461 3908 3192 
3 8968 4789 6259 
3 7006 755 2979 
3 6358 5704 769 
3 8369 8963 1978 
3 7786 1487 302 
3 1497 6844 928 
3 5114 3895 9218 
3 2873 4166 396 
3 8498 9615 2489 
3 4033 8212 9642 
3 349 7380 7428 
3 4891 3129 4806 
3 2603 4513 31 
3 6690 7366 3851 
3 6823 7198 1953 
3 46 3633 4581 
3 3769 6244 1056 
3 5247 1036 5508 
3 5894 2891 4520 
3 9596 6921 6124 
3 2886 6051 7263 
3 8248 2567 268 
3 1164 1509 863 
3 174 996 2889 
3 3051 8616 2305 
3 4578 1899 1521 
3 8540 9591 419 
3 969 3241 9188 
3 6723 9800 7519 
3 6739 6847 6567 
3 5851 5989 7659 
3 8020 673 6235 
3 7101 4417 9127 
3 8953 4435 843 
3 4073 4592 4420 
3 1330 168 6083 
3 6298 4296 1341 
3 3671 9938 2689 
3 7931 1546 9459 
3 3368 6396 1205 
3 2327 3240 6871 
3 8505 7932 1879 
3 9905 8431 6352 
3 8721 5862 2636 
3 8085 9082 1380 
3 6983 6796 2014 
3 3099 5927 6791 
3 2354 5324 8103 
3 1770 9223 1659 
3 5978 9098 5378 
3 4896 7588 6985 
3 3493 6673 6079 
3 8537 9030 9514 
3 7595 7159 1966 
3 9789 1408 3489 
3 5766 7846 126 
3 7826 3188 1960 
3 8233 8524 6326 
3 6478 6753 3748 
3 973 9363 6214 
3 602 3184 1838 
3 5272 3263 3658 
3 2101 7549 6800 
3 7454 7520 5624 
3 796 4968 5807 
3 8764 7809 1650 
3 2878 2197 44 
3 7777 4692 2045 
3 7194 7796 6935 
3 7041 6205 9388 
3 1618 3461 3343 
3 3568 2287 1956 
3 7417 381 1901 
3 4739 4678 7437 
3 1724 7362 5260 
3 4656 6336 5909 
3 7253 516 8639 
3 2854 7953 6297 
3 179 3029 3440 
3 5423 9861 3251 
3 448 5074 7036 
3 9738 6744 827 
3 1104 3122 5213 
3 8940 5746 3068 
3 1311 108 5181 
3 9584 2883 8408 
3 7140 3363 5816 
3 1820 8477 8769 
3 5037 1559 4035 
3 8964 1106 4777 
3 1141 4556 8909 
3 4387 9817 5223 
3 4956 71 1369 
3 4072 2245 3321 
3 9512 3492 3411 
3 4972 4598 1747 
3 6840 8845 3185 
3 8677 4353 3781 
3 2333 9113 1437 
3 9320 2910 5425 
3 4430 8877 7121 
3 6770 2683 6722 
3 890 405 491 
3 4309 9782 9129 
3 6435 2995 494 
3 5473 9135 9353 
3 5458 8599 6111 
3 6894 2030 4232 
3 9264 261 4522 
3 1742 4051 4097 
3 534 2174 3968 
3 5347 9027 806 
3 208 8894 3342 
3 55 5445 5606 
3 1908 1562 3540 
3 5823 2062 5690 
3 4775 1270 5339 
3 1556 2339 5810 
3 9440 6443 9599 
3 5865 4713 2758 
3 2868 112 5908 
3 8689 3429 80 
3 2000 5702 4677 
3 1592 8463 3718 
3 6359 9198 6675 
3 9140 2776 981 
3 594 1388 6346 
3 9543 8205 9544 
3 1508 9602 4115 
3 8036 7415 6039 
3 2188 925 4187 
3 7266 7793 9744 
3 6302 7981 2360 
3 1355 633 6347 
3 6304 214 2982 
3 5667 2453 3915 
3 7808 5088 8990 
3 87 948 6548 
3 7055 4964 3310 
3 9598 8690 5731 
3 4318 3947 3804 
3 8262 6980 8647 
3 7529 2932 9533 
3 7959 4253 7163 
3 8131 6702 7425 
3 7851 8548 3787 
3 1402 6189 5544 
3 376 8485 3220 
3 518 5391 8217 
3 8240 3601 986 
3 7755 8427 1336 
3 2140 8791 5137 
3 5787 7372 5738 
3 4564 3088 6266 
3 4356 8833 3269 
3 337 3520 1807 
3 5758 7109 5929 
3 270 6486 1839 
3 6850 2028 9651 
3 6287 6756 2797 
3 139 9146 3640 
3 6812 974 8759 
3 7249 2157 8858 
3 7706 2424 8733 
3 1738 3041 4668 
3 2833 1412 8118 
3 3592 7330 620 
3 3438 4005 8014 
3 4566 4451 853 
3 6490 8072 3079 
3 8330 7594 4725 
3 8025 4825 4264 
3 1246 8215 5979 
3 7844 7237 9392 
3 3566 4453 9095 
3 3523 2885 9130 
3 3932 6632 1135 
3 5103 8105 8442 
3 6544 834 4995 
3 1561 2991 1216 
3 7660 8641 1163 
3 6761 9305 4572 
3 5699 5776 4670 
3 8160 7629 6269 
3 8687 3989 4322 
3 1697 6774 1456 
3 7326 1012 8492 
3 3783 150 4905 
3 3357 5121 6645 
3 1088 2012 9387 
3 9802 888 3582 
3 3870 7359 738 
3 1312 1868 1902 
3 2871 956 472 
3 5110 5854 649 
3 5858 3275 1644 
3 4576 576 8189 
3 7836 9860 2703 
3 3555 461 7507 
3 5025 8019 4355 
3 3705 2863 8404 
3 4722 3961 6160 
3 1892 7877 605 
3 3320 1315 6137 
3 7669 65 6857 
3 8826 8277 8725 
3 6872 1279 8167 
3 9727 631 4765 
3 6945 3498 8664 
3 4874 3581 4815 
3 7672 2072 6320 
3 7978 5846 2934 
3 3236 6194 9907 
3 5475 1609 9261 
3 3750 1006 7096 
3 8453 8142 6196 
3 7555 4755 6498 
3 6450 4557 471 
3 6236 8070 1410 
3 7449 3775 2993 
3 2001 6982 1549 
3 8801 3072 753 
3 8083 4604 1493 
3 7689 4070 9253 
3 5713 4042 691 
3 3395 2392 3832 
3 6976 5244 5553 
3 9547 5142 9759 
3 5019 6398 6409 
3 2310 8145 4615 
3 5646 6265 6306 
3 4178 9604 7156 
3 977 8723 5648 
3 4512 2505 671 
3 2276 3280 1296 
3 6016 4573 8077 
3 2111 388 5682 
3 8526 5138 1196 
3 4351 2085 1955 
3 8736 6145 4882 
3 9349 1138 8758 
3 6537 9522 3405 
3 1803 4059 2612 
3 5297 7840 1913 
3 1800 468 225 
3 4084 9790 6071 
3 9554 4909 5945 
3 2053 3956 82 
3 712 416 4508 
3 127 117 2042 
3 4585 1182 7082 
3 989 2103 4455 
3 1729 9150 2315 
3 8350 9115 2912 
3 2344 9823 9673 
3 4255 3669 224 
3 3574 1777 1467 
3 4660 5798 4394 
3 6631 7540 7247 
3 2752 6953 6692 
3 124 4911 2756 
3 1824 3048 978 
3 7074 3892 7801 
3 2709 4164 7368 
3 8141 9062 993 
3 1232 5917 8184 
3 2084 6344 2606 
3 2211 8971 5163 
3 2160 9810 8015 
3 1949 9344 8867 
3 9843 9777 3622 
3 9690 3476 8006 
3 2815 6591 546 
3 3578 7969 2390 
4 9869 7258 3180 5806 
4 5069 5768 8191 8302 
4 3318 6694 7712 4959 
4 6586 1433 245 5081 
4 3737 2166 6678 3594 
4 874 8045 7144 3142 
4 1254 5861 5229 5166 
4 2376 6864 642 4385 
4 3252 7625 5760 1761 
4 1013 8982 5937 7122 
4 8306 1076 8873 5961 
4 8762 7070 7602 5080 
4 5837 254 6433 7471 
4 9304 6274 359 9176 
4 5767 2077 2450 5202 
4 6447 4078 7424 5567 
4 1517 9216 393 7630 
4 4243 1778 1837 8629 
4 118 2485 7661 6531 
4 6874 7216 7950 1409 
4 6277 8202 6724 8382 
4 4674 6562 4208 1767 
4 1360 5351 4091 2521 
4 6968 4236 1332 4209 
4 884 1126 870 4239 
4 7132 4343 797 6503 
4 836 8802 9481 4587 
4 3982 3560 2537 5503 
4 5430 5404 1967 6534 
4 9197 3522 3249 8114 
4 3133 1250 4935 5970 
4 2389 4154 7617 5821 
4 2048 8165 5020 5693 
4 1262 3233 2806 7573 
4 5133 9070 8797 320 
4 9404 5998 4307 6670 
4 1086 4845 1973 1471 
4 8566 824 6208 1725 
4 7904 7329 5900 8097 
4 6920 7429 8273 3767 
4 9039 2080 84 1489 
4 3499 2 3678 745 
4 1721 6522 3810 200 
4 8741 1446 6315 4080 
4 6369 6701 3740 188 
4 8538 7250 9707 6712 
4 5652 41 9638 7098 
4 4425 7569 5558 1884 
4 4548 4340 8718 5034 
4 4821 6291 1933 7920 
4 4609 9720 5448 9837 
4 122 2811 6620 9246 
4 2253 5043 5867 52 
4 2927 7695 7933 3123 
4 9156 222 2867 2573 
4 701 9019 7492 5665 
4 5215 2500 2221 4976 
4 7848 5403 5926 8630 
4 1222 6898 9478 7241 
4 577 3439 812 4764 
4 8486 3976 1230 6343 
4 7754 9013 5477 789 
4 1661 6886 78 4601 
4 2164 1513 7632 5313 
4 4827 5345 4013 2311 
4 5289 4347 9020 3496 
4 4175 7967 3972 2614 
4 3375 8004 6707 6908 
4 1365 9807 6063 2507 
4 8490 4467 5395 7648 
4 1010 9948 6093 2789 
4 6601 6088 1249 6365 
4 4902 2596 8972 5620 
4 5856 7525 2601 7845 
4 7889 721 7590 5601 
4 7581 4015 3038 7572 
4 62 1708 2941 9903 
4 5815 9588 8929 6593 
4 1325 5237 363 5381 
4 8024 3820 7203 720 
4 8458 9195 4606 3481 
4 6142 5499 7709 7190 
4 7231 4247 148 4100 
4 3683 7838 4774 7636 
4 2960 7491 7000 1505 
4 8079 8879 4741 6517 
4 8545 8525 1047 909 
4 2851 1384 3967 2989 
4 4743 2428 5307 2352 
4 8942 8521 3179 2532 
4 4109 8949 1150 1035 
4 9446 7637 6077 5348 
4 3078 5559 3944 9930 
4 5852 1676 4840 5881 
4 2649 7999 9502 6845 
4 7283 2727 7774 2127 
4 3673 5204 1744 5402 
4 3852 8530 6592 1450 
4 6524 6482 5928 3768 
4 3883 9681 1416 1672 
4 6564 7389 8040 3668 
4 6210 6811 5824 1575 
4 4699 3995 2124 5678 
4 8937 3806 9421 8376 
4 7445 8543 8003 2417 
4 5465 6906 2850 325 
4 2829 3812 4137 6563 
4 7089 9041 6312 370 
4 1002 5495 6782 6561 
4 6993 6780 2788 3458 
4 8488 6996 8959 4605 
4 4987 6391 6860 1099 
4 661 5014 906 8411 
4 7440 2330 566 3882 
4 5728 7681 5716 4568 
4 5581 3039 1728 6971 
4 293 6787 4539 741 
4 9870 5438 4932 5749 
4 8591 2674 2962 6711 
4 383 6271 7298 8807 
4 2196 9139 8339 1386 
4 76 7550 6375 1965 
4 3949 6283 8576 8806 
4 8064 643 2623 360 
4 6520 7071 7947 2194 
4 7631 6839 2066 2553 
4 9503 3938 9967 2137 
4 6488 7831 7282 3380 
4 9550 1253 2195 1533 
4 7748 622 6307 2584 
4 9786 8195 6044 8903 
4 952 8487 9128 6010 
4 2676 7782 1065 5164 
4 858 481 72 4087 
4 5592 1 6572 9423 
4 8499 9692 4290 8136 
4 5705 4011 9963 4712 
4 7560 2556 6405 7700 
4 8817 4803 809 353 
4 9212 4618 7841 9295 
4 8504 1536 1779 9872 
4 7102 70 7333 950 
4 9097 4900 2220 5875 
4 6913 7401 7085 4434 
4 9901 4311 3674 3859 
4 5309 4551 3132 7961 
4 1970 8332 6841 1081 
4 4252 6635 8193 1393 
4 8066 2158 2280 8776 
4 9645 5840 2566 8681 
4 1720 698 3469 1379 
4 3797 5695 8917 4569 
4 5719 6378 3625 8317 
4 4524 7776 3254 8078 
4 5392 9011 7087 3805 
4 5721 8506 3299 2307 
4 7863 8642 3432 5346 
4 4822 1157 221 7009 
4 8502 6217 8151 2887 
4 2778 5410 6779 4464 
4 6374 3153 9474 95 
4 303 4258 442 170 
4 497 8850 7503 8686 
4 5369 4829 645 8726 
4 2447 6414 4112 2067 
4 7571 8945 3084 6420 
4 8194 5847 7399 7410 
4 2214 3409 5869 1785 
4 4444 8343 9194 5542 
4 426 1461 9183 3450 
4 33 135 5982 3235 
4 7994 8626 2002 4367 
4 1470 5518 4191 9539 
4 3448 4363 5711 7175 
4 8282 6474 9715 9364 
4 3477 845 6599 5860 
4 2587 3020 7817 2059 
4 5061 6608 5686 7607 
4 4319 6978 668 3378 
4 3660 7767 8470 1368 
4 1061 6605 2637 817 
4 1835 501 262 688 
4 954 7734 4723 8519 
4 6354 2034 3609 1500 
4 3561 6653 109 8254 
4 6889 9713 7212 4511 
4 1367 159 8084 3422 
4 6125 5866 6764 6401 
4 192 4110 1219 734 
4 1284 979 1320 7447 
4 4862 511 3302 5750 
4 9393 6180 1593 5177 
4 6964 1214 1712 281 
4 5379 2304 9074 1153 
4 5574 3109 401 3425 
4 6590 5053 4381 6370 
4 2853 4533 4688 3827 
4 5997 4212 6835 3381 
4 1193 1919 9658 6395 
4 5122 6215 1105 9712 
4 67 1540 211 6831 
4 1671 2661 949 695 
4 4629 6789 2342 6846 
4 5211 8535 2754 2739 
4 5098 4863 568 6899 
4 131 3283 1114 6685 
4 340 603 3925 5016 
4 2024 4151 7882 4308 
4 9447 9052 6337 5915 
4 7815 7110 4476 5331 
4 4108 297 2346 6421 
4 7551 9003 1981 4901 
4 5310 4890 1637 8280 
4 2316 6619 6491 8208 
4 6006 6611 9780 7139 
4 9383 4847 4357 4076 
4 486 4037 9028 9144 
4 2876 114 7313 377 
4 992 2855 5649 4443 
4 7183 8211 4942 6499 
4 7358 1252 6117 7621 
4 9506 8842 3782 7772 
4 3723 9281 1752 5579 
4 3728 8644 5245 6937 
4 5013 5172 2684 8567 
4 3626 313 6367 7662 
4 4826 1118 8711 7528 
4 4238 6559 4561 5018 
4 40 945 3125 1532 
4 8844 545 1613 1431 
4 2372 9185 7011 9617 
4 5349 2087 3528 8880 
4 6472 659 3873 7280 
4 1801 4009 8869 791 
4 3281 2617 7992 2974 
4 4063 368 6515 3264 
4 3137 3819 8260 8691 
4 5354 4934 7435 9606 
4 5279 2777 7314 5994 
4 6272 1677 8805 6432 
4 5319 8348 8609 7919 
4 3916 2784 7052 4241 
4 1000 8424 7161 36 
4 1059 5486 7338 7432 
4 8448 593 1701 1064 
4 7031 8288 9878 841 
4 6825 1681 9853 5335 
4 8 7142 9000 6285 
4 2324 3953 2514 5112 
4 8522 6119 6951 6617 
4 2112 4949 5457 7342 
4 7256 1324 3849 8619 
4 9090 4652 7542 1626 
4 9661 7770 5193 4359 
4 9233 3736 5062 7233 
4 4939 7278 2466 9004 
4 9464 6938 8091 708 
4 2823 2262 8365 5879 
4 9556 710 7805 4817 
4 6587 5830 2476 5664 
4 9256 9553 560 2892 
4 9534 6122 8798 4261 
4 3726 6082 1156 431 
4 9811 4727 1795 2439 
4 7819 2646 4131 3485 
4 7319 7228 3631 7327 
4 4262 7369 8301 4132 
4 5730 7446 1606 6946 
4 7443 3801 9169 5106 
4 9825 3593 3562 7387 
4 7484 2607 2041 8939 
4 8594 3199 3319 8520 
4 4647 443 5609 6053 
4 2402 2179 4973 9227 
4 4038 218 7284 2664 
4 9118 7579 2552 7448 
4 1900 8119 3901 9341 
4 5322 6621 7511 9762 
4 7325 3684 9485 3821 
4 9842 3397 1394 1861 
4 6742 6257 2420 1730 
4 5812 4328 9791 1127 
4 7861 4996 2452 5500 
4 4432 772 6353 2699 
4 6097 8557 1652 8413 
4 7897 5977 1746 4439 
4 505 5371 2648 8613 
4 1977 9398 6080 2586 
4 2394 6904 1268 2708 
4 4865 980 598 1333 
4 1871 8523 934 6961 
4 9136 1102 8615 1293 
4 1455 4672 4856 7708 
4 8054 2442 8133 9435 
4 5420 2470 2858 4504 
4 9761 9038 4917 4304 
4 4090 6415 6005 1962 
4 5008 716 4948 1673 
4 9427 562 961 1736 
4 2565 8645 9552 7910 
4 6444 7020 6492 2427 
4 4691 1765 4135 9367 
4 3527 7600 7057 2947 
4 3045 7438 6815 2755 
4 6171 1028 9149 7771 
4 6021 1201 3774 6615 
4 4526 4292 5189 1492 
4 8187 6092 4462 2825 
4 2121 4183 6519 7779 
4 1811 6202 7251 8275 
4 5674 5205 4410 3128 
4 3276 6887 9348 321 
4 2517 2782 1186 6368 
4 941 6133 1079 2999 
4 1288 5831 9476 9465 
4 6169 2099 4012 1786 
4 1543 5583 4719 3174 
4 5614 3013 3809 2693 
4 7149 831 7849 5048 
4 3854 4226 6233 4590 
4 2207 7406 5120 4019 
4 967 3400 5911 9199 
4 9650 3215 5905 3623 
4 3361 7073 2945 8985 
4 9774 4217 241 4274 
4 686 9787 3808 1387 
4 4518 9732 77 1245 
4 1048 269 8422 6273 
4 4114 660 3599 2988 
4 8633 9400 6842 5588 
4 3729 8533 2870 2772 
4 4970 9610 7271 6879 
4 356 4389 6943 9260 
4 8433 330 5180 1857 
4 2880 5228 7363 6047 
4 6932 3706 6732 6477 
4 2075 5520 6455 130 
4 4138 6321 3691 1695 
4 1548 8383 5015 4325 
4 6031 792 983 2551 
4 8989 9821 8252 6944 
4 1236 5096 11 8236 
4 1062 6258 4487 3130 
4 6043 7726 624 8938 
4 1806 6267 4834 7162 
4 256 6314 2848 7133 
4 4804 2479 7731 4683 
4 8257 2512 8583 2082 
4 6406 6068 9180 6335 
4 4349 503 1343 4368 
4 2212 7430 3649 9609 
4 3171 4024 2019 5336 
4 1638 7543 1014 6386 
4 5363 2687 7781 2875 
4 2717 8658 8897 294 
4 1190 1914 3359 811 
4 5724 382 328 5871 
4 3554 940 120 4297 
4 3295 4702 5168 346 
4 6862 5198 2071 2348 
4 5111 6008 2255 8190 
4 9050 2044 7502 7578 
4 5217 6506 8905 9036 
4 5513 8005 7416 1183 
4 7214 81 530 1399 
4 5950 4142 3237 2971 
4 0 2812 9639 3751 
4 9412 4428 3434 5178 
4 5827 1907 3136 7862 
4 8076 9826 6917 7735 
4 7322 5440 9428 648 
4 5676 616 437 4580 
4 2785 7517 183 3868 
4 8810 3979 2527 4903 
4 4751 3198 7746 4790 
4 6925 1397 694 7010 
4 8204 2488 2204 5340 
4 936 6129 6646 1142 
4 2702 3386 2378 4424 
4 6089 7798 900 2125 
4 464 8946 2647 4251 
4 6959 7924 1420 6128 
4 1636 1731 8707 2340 
4 7680 403 7638 9078 
4 1885 8046 8682 4894 
4 6896 8109 410 6700 
4 6379 3058 6131 1200 
4 6247 9877 1406 9262 
4 2170 5828 5848 8065 
4 2972 8823 2589 5641 
4 9631 871 2175 2151 
4 201 2120 1271 4102 
4 7513 6130 3393 7816 
4 2483 9490 4607 7736 
4 5949 5190 8139 9500 
4 2762 4170 2973 1555 
4 8303 6094 739 8761 
4 7803 6036 7305 4924 
4 7364 7154 4805 7045 
4 7647 4833 4004 6280 
4 4405 161 8435 2133 
4 4401 6328 7641 6262 
4 5327 8279 319 227 
4 7720 5184 8216 8738 
4 6479 7985 1396 3472 
4 6076 1191 2904 2561 
4 7191 105 2472 5182 
4 193 6245 5863 4614 
4 1792 343 522 5421 
4 5740 6121 7235 9457 
4 1756 7038 7032 5625 
4 8549 4603 9619 2165 
4 9184 3138 9919 9537 
4 9684 2043 1266 2203 
4 8607 6763 4886 8023 
4 2924 369 7864 1137 
4 1351 432 3954 8018 
4 9237 4423 3800 8928 
4 7407 9629 169 1766 
4 7078 6360 5841 8223 
4 9516 344 3557 3073 
4 5720 6933 88 1670 
4 680 8783 8853 2110 
4 9033 579 2033 4784 
4 9672 4452 9583 6451 
4 9454 8052 9251 4380 
4 7185 5936 6719 2401 
4 7802 4919 5813 4032 
4 6177 6833 922 1995 
4 6854 8022 2088 6041 
4 2047 9587 1700 7626 
4 6772 7112 6883 2544 
4 103 822 8643 3165 
4 764 5316 9258 16 
4 839 9277 2222 9688 
4 9563 9702 2272 2645 
4 2680 4388 9288 4898 
4 3584 2819 1305 7821 
4 5003 3997 5552 8934 
4 4709 2443 3878 8901 
4 2997 8696 8345 1565 
4 6213 1244 4675 4119 
4 6934 5419 4160 2363 
4 2061 3709 113 9101 
4 9420 9719 3453 5996 
4 8135 9066 3702 9158 
4 6209 6754 1285 5206 
4 250 2469 7275 3103 
4 1302 5493 4933 199 
4 6878 9851 6581 1895 
4 2153 8701 8789 7088 
4 8679 8123 5070 5135 
4 3328 8328 5868 3955 
4 3209 4776 8053 3513 
4 5551 7370 4145 5515 
4 2396 3872 1097 1318 
4 4198 4490 5974 9562 
4 2494 4438 2097 6916 
4 4645 4846 2967 7068 
4 3844 4018 5632 2486 
4 3848 5267 3267 2065 
4 6037 2658 6809 3708 
4 2385 8235 8935 2839 
4 7339 7202 9445 1001 
4 8994 9415 717 9540 
4 1832 4441 4052 8742 
4 3182 2223 5157 5666 
4 3167 1918 4190 15 
4 8872 8785 3564 1115 
4 2791 5325 9628 1544 
4 6667 8333 6348 6618 
4 5095 8808 8074 7321 
4 4627 9360 2350 7378 
4 2700 2602 7619 4231 
4 3889 6714 3486 3924 
4 5450 6135 9087 4130 
4 6516 1951 7871 8169 
4 8960 7867 4887 8390 
4 8890 6024 4008 4897 
4 7971 8697 9831 9045 
4 9200 6973 6392 6168 
4 5022 2433 5468 4747 
4 4583 8397 6594 2076 
4 1880 854 1591 2720 
4 1726 5975 2086 7386 
4 4372 2201 4339 4320 
4 8569 9211 3186 787 
4 1040 1542 9456 8779 
4 8931 3067 5187 5734 
4 7289 5568 6014 4786 
4 2106 152 9470 5132 
4 5397 5619 8117 2177 
4 2575 8720 8381 2920 
4 4918 1805 8974 6738 
4 6407 4475 5097 3394 
4 2580 9207 5466 1527 
4 8440 4027 3906 7989 
4 2869 8856 9072 2956 
4 4411 1802 6773 6226 
4 2861 5093 5183 4659 
4 4570 8170 7201 782 
4 4312 9814 2064 3071 
4 9006 5769 5148 1269 
4 1686 1769 1932 9776 
4 4753 6628 3376 4398 
4 4360 48 6485 4545 
4 4029 7056 8611 5672 
4 3860 4854 3589 2808 
4 4216 2274 533 2126 
4 4125 6179 9664 8157 
4 9634 7982 1865 2142 
4 2219 2970 2300 8183 
4 7181 1177 8926 8305 
4 3350 380 5605 6402 
4 1018 2955 8734 7137 
4 6219 823 8973 7622 
4 3197 7583 3387 4787 
4 5035 6241 7874 6576 
4 751 1512 905 4021 
4 6655 1039 5366 4716 
4 9906 8834 5756 2743 
4 6758 8428 997 8558 
4 8683 3710 3383 7040 
4 8017 1181 3512 5427 
4 2278 5352 3580 5629 
4 2526 8171 3591 2250 
4 7170 1003 9632 5698 
4 8244 1438 982 1228 
4 6218 6197 7829 1790 
4 2364 6223 1445 2801 
4 3119 5545 7205 7120 
4 7800 3784 4219 5238 
4 3388 3912 2916 4457 
4 5047 8965 9773 5944 
4 9167 9063 4925 1404 
4 592 1530 1852 7293 
4 3553 8181 3483 5783 
4 1192 2935 4086 2665 
4 7403 7609 2827 6132 
4 2860 7307 4812 1886 
4 943 3877 3547 5365 
4 2952 6408 1342 5271 
4 6526 8137 6554 1026 
4 4016 966 6818 4531 
4 6437 157 4881 897 
4 5152 2660 1449 1174 
4 5456 5972 5586 920 
4 6165 3446 4849 347 
4 1773 3988 4560 1465 
4 7349 4971 6381 5357 
4 483 6588 6769 6502 
4 5311 3214 8756 5143 
4 3095 3163 9429 6299 
4 6170 9408 1619 4808 
4 217 8294 7272 520 
4 5842 7764 7347 1819 
4 2238 9677 5266 7742 
4 5635 4848 3391 6065 
4 9765 2516 1525 4459 
4 6892 5575 1122 8278 
4 311 3106 1596 2704 
4 5723 145 421 6893 
4 8597 5533 513 8441 
4 7061 5870 7649 1763 
4 8841 6549 7444 7998 
4 5630 4481 213 9637 
4 5075 3226 8860 4106 
4 652 4684 935 1125 
4 5293 3459 1294 2451 
4 6991 6425 8893 9813 
4 1846 5253 1528 9107 
4 4362 6532 2928 1604 
4 4210 6579 3172 6523 
4 4782 7574 4054 4612 
4 5680 9795 5444 8104 
4 5159 8324 3212 8562 
4 6867 1292 4884 4153 
4 9031 1024 8977 1476 
4 9918 9209 9067 2407 
4 1968 3865 7106 5087 
4 8155 3679 4528 5113 
4 8016 507 147 3365 
4 959 4163 8406 9646 
4 7504 1398 3097 6990 
4 4407 1993 5283 3370 