163
2 219 64 
2 137 152 
2 45 61 
2 163 4 
2 433 492 
2 441 13 
2 63 165 
2 311 209 
2 289 57 
2 231 159 
2 194 135 
2 22 429 
2 197 406 
2 401 490 
2 210 204 
2 364 498 
2 151 109 
2 407 467 
2 314 233 
2 449 279 
2 117 134 
2 381 140 
2 38 494 
2 438 150 
2 39 404 
2 164 412 
2 86 322 
2 147 361 
2 95 419 
2 211 368 
2 304 37 
2 349 354 
2 305 282 
2 369 175 
2 271 483 
2 213 262 
2 348 238 
2 105 68 
2 17 343 
2 456 59 
2 92 90 
2 387 395 
2 15 468 
2 183 2 
2 337 274 
2 249 111 
2 386 397 
2 236 365 
3 107 133 478 
3 55 74 26 
3 339 256 50 
3 244 378 93 
3 170 144 127 
3 172 390 405 
3 108 430 77 
3 94 321 312 
3 476 184 75 
3 338 327 10 
3 29 331 167 
3 334 246 11 
3 298 248 326 
3 199 149 309 
3 146 440 174 
3 47 267 6 
3 205 106 300 
3 351 198 3 
3 458 398 73 
3 475 346 186 
3 464 110 446 
3 481 91 427 
3 432 46 171 
3 16 203 18 
3 217 185 12 
3 260 136 443 
3 87 24 255 
3 461 316 394 
3 128 280 295 
3 83 220 247 
3 155 479 266 
3 89 176 463 
3 431 65 141 
3 480 436 241 
3 270 243 258 
3 125 499 72 
3 308 353 376 
3 9 423 474 
3 391 180 52 
3 428 285 103 
3 457 259 380 
3 0 122 425 
3 218 101 392 
3 27 251 482 
3 454 383 119 
3 129 442 451 
3 206 484 188 
3 182 19 58 
3 473 297 139 
3 459 318 28 
3 491 488 465 
3 332 14 373 
3 177 422 399 
3 460 417 257 
3 345 5 224 
3 434 302 276 
4 486 359 56 313 
4 277 453 306 21 
4 367 157 448 410 
4 450 388 32 358 
4 489 222 294 30 
4 195 273 161 379 
4 340 310 99 413 
4 187 118 97 323 
4 156 324 153 437 
4 192 53 234 100 
4 330 25 444 317 
4 67 293 296 408 
4 371 20 158 445 
4 287 319 377 79 
4 60 88 130 315 
4 207 336 214 355 
4 495 123 62 132 
4 462 142 71 263 
4 181 400 470 264 
4 239 347 70 237 
4 493 416 240 42 
4 245 114 393 34 
4 116 201 374 190 
4 113 230 496 84 
4 229 51 466 420 
4 385 261 44 23 
4 145 485 166 138 
4 252 472 43 471 
4 81 48 350 160 
4 328 253 215 31 
4 54 455 232 178 
4 396 121 375 82 
4 363 193 191 221 
4 426 265 275 212 
4 497 208 382 366 
4 469 370 41 290 
4 115 226 303 66 
4 112 284 254 278 
4 409 104 291 96 
4 411 389 168 329 
4 360 154 320 435 
4 447 307 148 228 
4 341 126 418 414 
4 200 40 49 272 
4 292 342 242 33 
4 250 357 69 235 
4 283 424 8 487 
4 439 362 333 120 
4 1 196 402 225 
4 169 269 143 288 
4 299 78 325 85 
4 179 384 7 216 
4 344 286 403 223 
4 477 131 80 189 
4 173 202 335 227 
4 162 124 35 98 
4 268 421 352 102 
4 301 36 372 452 
4 356 281 415 76 