1628
2 76 6642 
2 814 5862 
2 5634 5597 
2 9548 6931 
2 362 188 
2 5406 3660 
2 6541 1812 
2 8083 4869 
2 4025 5735 
2 4894 2505 
2 9660 6679 
2 8099 1688 
2 7072 2632 
2 84 3489 
2 6532 6644 
2 9913 1154 
2 1423 9268 
2 4988 241 
2 4980 2116 
2 9345 1202 
2 550 3933 
2 723 2242 
2 1597 3688 
2 8856 4033 
2 1617 9516 
2 5295 3645 
2 732 4928 
2 8718 358 
2 1483 6292 
2 8580 6651 
2 1073 738 
2 8139 3736 
2 877 6398 
2 1760 4594 
2 2375 1101 
2 7204 4734 
2 5593 7847 
2 3002 605 
2 8013 3392 
2 6697 3116 
2 5539 1434 
2 135 5809 
2 5579 4172 
2 1842 9413 
2 5892 7569 
2 3806 2001 
2 6464 9956 
2 3662 8499 
2 6981 863 
2 5955 8011 
2 1578 8094 
2 3619 6069 
2 8773 268 
2 8040 387 
2 4074 865 
2 4339 2301 
2 8296 9563 
2 696 3353 
2 3848 4876 
2 1767 1281 
2 2177 2942 
2 4555 9142 
2 3561 1645 
2 5181 3134 
2 5776 2755 
2 9732 1890 
2 5109 3451 
2 576 5629 
2 8047 9123 
2 5164 5745 
2 6686 7428 
2 123 8135 
2 7318 78 
2 5414 7887 
2 1343 5141 
2 5053 6775 
2 1746 6456 
2 5441 9635 
2 4827 1807 
2 4967 6633 
2 6279 4122 
2 9671 9234 
2 6253 5816 
2 1997 7063 
2 9547 1897 
2 1195 2972 
2 4618 6519 
2 5029 5697 
2 9853 4457 
2 6344 4313 
2 7235 7916 
2 9235 9852 
2 3327 6883 
2 240 3009 
2 3555 2970 
2 7811 3639 
2 5666 3753 
2 4886 9900 
2 259 4816 
2 8594 2536 
2 7729 3467 
2 9571 1183 
2 9039 599 
2 8802 162 
2 4341 3711 
2 2411 4552 
2 1625 4011 
2 6358 3672 
2 3549 2150 
2 3176 2914 
2 404 9178 
2 1193 338 
2 4561 2547 
2 6275 6724 
2 4231 9623 
2 2867 3047 
2 944 4838 
2 9061 5496 
2 4419 4133 
2 2923 3354 
2 8937 1951 
2 8986 8225 
2 9772 4783 
2 8719 7165 
2 5587 6061 
2 4765 2199 
2 9028 6760 
2 5180 8648 
2 1128 246 
2 4356 2830 
2 3827 5652 
2 650 3432 
2 5094 7919 
2 9696 8061 
2 3411 7312 
2 2009 8418 
2 3245 2626 
2 9411 5146 
2 8136 1007 
2 1212 8129 
2 3849 7990 
2 1822 4648 
2 2209 2811 
2 2640 6153 
2 1046 7875 
2 2901 5479 
2 1239 7993 
2 3656 305 
2 2824 9902 
2 7178 1049 
2 3683 4421 
2 1734 7354 
2 8700 7005 
2 3587 8536 
2 6841 2787 
2 5938 7289 
2 7374 3449 
2 3419 6738 
2 7361 3532 
2 172 6034 
2 4474 9871 
2 8748 8175 
2 8321 7679 
2 4484 8142 
2 8396 6353 
2 1702 2165 
2 9856 9951 
2 7745 1678 
2 2092 540 
2 4476 5188 
2 2985 1165 
2 6420 9971 
2 6239 7120 
2 508 160 
2 8237 2056 
2 5257 373 
2 6271 5908 
2 3551 1016 
2 469 7283 
2 5695 9169 
2 1466 9874 
2 8143 519 
2 8132 9243 
2 9811 3701 
2 616 8867 
2 588 1325 
2 5416 8333 
2 2633 394 
2 8734 6778 
2 4081 5555 
2 4486 4350 
2 3507 2440 
2 9270 5129 
2 7126 93 
2 3125 7225 
2 5136 4722 
2 6348 3388 
2 3758 2303 
2 5070 8243 
2 6487 3698 
2 3939 1914 
2 7894 3517 
2 5327 8554 
2 3097 2343 
2 7807 3082 
2 4166 1716 
2 6011 3468 
2 9124 4819 
2 8167 9120 
2 2168 3334 
2 2550 4347 
2 7932 2669 
2 9161 223 
2 3858 4905 
2 2033 7995 
2 3867 1416 
2 55 5192 
2 2380 6938 
2 7571 580 
2 5907 1311 
2 4383 888 
2 1857 6352 
2 5152 2200 
2 7877 3347 
2 9661 4265 
2 8513 6247 
2 9105 1100 
2 3001 1876 
2 2918 6611 
2 4444 5274 
2 8747 879 
2 4151 3120 
2 3663 5728 
2 2042 6641 
2 3703 1969 
2 4820 4678 
2 673 7736 
2 9763 4919 
2 4521 7578 
2 9558 2768 
2 3891 1762 
2 8721 6595 
2 7214 695 
2 2026 4636 
2 2973 2002 
2 2568 1757 
2 8316 3943 
2 2572 2178 
2 4684 5330 
2 924 4021 
2 6012 8234 
2 7501 8489 
2 6670 5503 
2 5106 8283 
2 9698 8072 
2 8021 9883 
2 6858 5675 
2 7648 177 
2 4592 7511 
2 6033 906 
2 4270 9229 
2 4243 6490 
2 7849 3066 
2 6892 5921 
2 631 5240 
2 8844 565 
2 2762 4182 
2 7175 9855 
2 6711 2261 
2 5979 1603 
2 2164 2027 
2 6262 4530 
2 8048 2281 
2 5030 3521 
2 6205 4771 
2 4737 887 
2 859 1801 
2 5025 5069 
2 1952 6506 
2 5013 9576 
2 7793 3186 
2 2235 9993 
2 6968 6139 
2 8798 8761 
2 7130 8649 
2 4080 5727 
2 2797 2641 
2 1859 8125 
2 6715 9210 
2 6905 8685 
2 4363 5705 
2 2020 1352 
2 2586 9054 
2 7024 9524 
2 7 6119 
2 3695 4159 
2 1917 2363 
2 6167 1999 
2 5443 7957 
2 9239 4438 
2 8779 4785 
2 7069 806 
2 3385 4196 
2 9814 1247 
2 9578 6499 
2 909 564 
2 6055 4750 
2 3038 1765 
2 2974 2430 
2 667 9050 
2 4434 9590 
2 1178 1614 
2 8382 1766 
2 1011 1119 
2 5595 9018 
2 9809 3046 
2 8849 5763 
2 5482 971 
2 7927 9760 
2 9440 7398 
2 1424 9206 
2 4317 8780 
2 4972 323 
2 3659 3486 
2 1543 2306 
2 2190 8427 
2 3649 7191 
2 8848 4818 
2 3856 6403 
2 482 597 
2 9506 5276 
2 3873 2604 
2 5131 746 
2 4574 3122 
2 5547 8163 
2 6108 6407 
2 2539 571 
2 8395 6469 
2 610 1940 
2 3078 7703 
2 5986 2713 
2 8704 8855 
2 8043 2835 
2 4296 2744 
2 7061 675 
2 1116 1095 
2 7749 5581 
2 6104 5130 
2 6461 8702 
2 4733 1572 
2 1476 5646 
2 5787 1552 
2 9012 7886 
2 5456 7286 
2 2302 6412 
2 4742 5061 
2 3150 8413 
2 6125 5195 
2 1677 5283 
2 8381 8909 
2 4981 9970 
2 4030 5419 
2 9031 2805 
2 8696 7290 
2 5663 3160 
2 544 644 
2 422 7127 
2 3666 9743 
2 7719 5761 
2 2252 7987 
2 7157 5628 
2 8767 5902 
2 3399 3795 
2 5947 6833 
2 3536 6609 
2 5034 3179 
2 1522 8958 
2 7764 2240 
2 3358 3715 
2 3861 1583 
2 5644 918 
2 7609 8708 
2 200 6959 
2 807 5815 
2 7049 7057 
2 1360 8408 
2 3311 1346 
2 4549 2635 
2 5866 1200 
2 1121 3995 
2 769 9385 
2 3865 2587 
2 1942 115 
2 8532 2561 
2 3169 3485 
2 5541 992 
2 1082 7970 
2 3118 861 
2 6560 7641 
2 9935 3099 
2 8678 3252 
2 487 9258 
2 6207 7387 
2 4376 9447 
2 8916 7826 
2 9930 7231 
2 4273 697 
2 2876 2213 
2 6332 629 
2 3119 7370 
2 2212 4275 
2 7419 8911 
2 2144 3265 
2 2591 731 
2 4495 3299 
2 4146 2623 
2 5155 2965 
2 4620 9678 
2 1841 5162 
2 3530 7923 
2 1179 9424 
2 6668 7803 
2 5883 7471 
2 6147 7406 
2 5218 3348 
2 3224 7254 
2 1409 6465 
2 633 7218 
2 1495 4556 
2 5206 1081 
2 4985 4465 
2 7247 1050 
2 7979 2621 
2 5932 9384 
2 2844 8905 
2 7101 6110 
2 9719 8726 
2 5221 1821 
2 8033 9116 
2 8558 7326 
2 703 1884 
2 7691 1377 
2 9327 3061 
2 9818 6767 
2 9458 1981 
2 5033 3949 
2 360 6608 
2 3819 3302 
2 2628 6290 
2 7978 6003 
2 4862 9152 
2 3262 5079 
2 1905 2624 
2 4398 8038 
2 8577 8286 
2 9023 2664 
2 375 795 
2 3963 9784 
2 4019 3870 
2 7293 557 
2 448 9430 
2 3506 4882 
2 6707 336 
2 491 8242 
2 1549 311 
2 3817 5684 
2 8571 3833 
2 6286 1941 
2 4319 4902 
2 6737 9607 
2 3405 1486 
2 8534 7632 
2 1797 6361 
2 7264 8623 
2 4454 7426 
2 3790 7834 
2 6736 9033 
2 1026 3837 
2 3067 8019 
2 4254 4746 
2 6997 2782 
2 8120 1774 
2 1407 5807 
2 2553 4271 
2 1902 5616 
2 8902 7467 
2 9353 7890 
2 9714 761 
2 5790 9514 
2 7397 7189 
2 9686 3056 
2 2410 3144 
2 6470 9196 
2 1637 4459 
2 1462 1778 
2 8880 1066 
2 8444 1009 
2 8742 9338 
2 8735 417 
2 9013 3842 
2 8385 8691 
2 6168 451 
2 3156 4652 
2 4689 9521 
3 7835 2179 9257 
3 209 1415 5311 
3 7386 1456 4766 
3 9896 4185 8672 
3 182 749 94 
3 3154 4336 4112 
3 4106 8491 767 
3 969 668 3466 
3 8098 9995 516 
3 5795 2123 653 
3 330 3616 5510 
3 2516 6297 9167 
3 4072 3425 1187 
3 5429 12 8278 
3 4973 9065 5607 
3 8311 8363 4164 
3 5423 6523 3675 
3 3722 9491 1557 
3 7402 9410 7453 
3 5465 6495 3495 
3 1146 4411 8770 
3 999 7011 6501 
3 4396 6015 8542 
3 6232 9603 2364 
3 9723 7677 8809 
3 1933 7889 7686 
3 6201 878 1826 
3 1544 4116 5692 
3 4525 7577 4946 
3 5036 204 9094 
3 6328 994 7454 
3 6860 3609 2322 
3 8037 3541 6054 
3 2097 6463 1140 
3 2445 2772 6334 
3 6216 1441 2098 
3 1264 665 1694 
3 3625 1382 9800 
3 9965 2245 9201 
3 2659 2319 4147 
3 509 7233 3401 
3 9359 6695 3342 
3 9006 8907 8397 
3 9960 3673 892 
3 6363 9541 2745 
3 219 1304 4511 
3 1322 5926 1706 
3 4462 2861 7534 
3 8305 4674 1720 
3 506 3445 5660 
3 2795 7510 9622 
3 5590 5333 8092 
3 840 296 273 
3 167 3456 4655 
3 8003 2683 4637 
3 4300 3404 1584 
3 1493 5885 2469 
3 5967 4866 3754 
3 8030 6919 4349 
3 3627 1144 1252 
3 4092 5442 5536 
3 911 5 6157 
3 2161 7762 244 
3 8681 5751 7652 
3 1696 5622 1330 
3 5895 6554 9249 
3 8614 8022 3338 
3 3065 601 593 
3 2794 7093 1038 
3 3487 4103 7949 
3 4719 396 6360 
3 5736 5661 2400 
3 6333 8630 7643 
3 9199 8827 7929 
3 1955 8104 6295 
3 8453 5799 6637 
3 1531 9032 6112 
3 7097 7884 6840 
3 7492 9887 7489 
3 9155 6497 5313 
3 4447 566 5976 
3 7606 3426 4029 
3 4402 3221 5550 
3 7081 6531 6129 
3 210 1014 2714 
3 5912 2801 2752 
3 1976 3830 3747 
3 1211 3345 641 
3 8870 4380 7741 
3 2093 8101 6869 
3 1400 3724 8000 
3 8743 1150 6789 
3 9280 517 553 
3 6573 3440 5259 
3 6877 5552 5039 
3 5450 7482 4953 
3 4195 410 2107 
3 4003 6834 1283 
3 8220 344 8947 
3 6638 2030 5923 
3 2702 872 9469 
3 8888 1923 7086 
3 4448 6535 9791 
3 9035 1319 8180 
3 1138 8463 205 
3 3476 1442 7769 
3 7103 2957 1796 
3 9872 9878 6666 
3 7077 6947 8192 
3 7337 6084 3717 
3 1088 8533 6881 
3 4361 4568 4134 
3 2546 3996 6723 
3 5334 7902 7168 
3 1055 7966 7121 
3 6610 5880 8581 
3 1480 776 6765 
3 7921 8863 7136 
3 1058 3039 752 
3 3360 1122 3626 
3 586 7786 2882 
3 7585 968 7384 
3 99 5868 8405 
3 4608 8845 8865 
3 7234 6017 5413 
3 4606 7023 4010 
3 6479 7002 4815 
3 6734 1278 4385 
3 7818 3786 6229 
3 7713 9200 3985 
3 8204 3406 1896 
3 7142 231 5369 
3 3600 1241 1498 
3 3173 8452 2842 
3 6199 2272 7638 
3 3501 1687 389 
3 7124 4729 7959 
3 4077 9263 2780 
3 263 9882 3235 
3 1712 4143 2543 
3 8186 6929 2689 
3 8352 423 2841 
3 2508 6917 6443 
3 6336 672 9820 
3 341 3543 8042 
3 3488 5738 24 
3 2678 7761 7895 
3 2080 9568 109 
3 8315 8760 9299 
3 1718 89 1469 
3 8931 1742 3822 
3 8216 2226 1075 
3 1803 1431 4179 
3 4237 3540 9479 
3 1619 6569 8578 
3 2423 6424 9109 
3 9646 2471 8644 
3 8145 1261 572 
3 1446 8266 9640 
3 8364 1379 1972 
3 4821 2658 2703 
3 4217 100 1335 
3 3707 7030 8407 
3 5636 5721 1467 
3 7816 6692 7052 
3 9998 9478 9366 
3 8173 2124 2925 
3 1970 8597 2387 
3 7270 4466 9939 
3 8506 9754 8957 
3 8893 6065 3204 
3 6148 8872 2110 
3 6215 2348 4836 
3 2694 8509 3718 
3 3249 8113 3494 
3 3632 8974 3469 
3 4042 2332 5502 
3 980 7155 2008 
3 3743 3768 3568 
3 9230 7345 1001 
3 8270 7937 1203 
3 951 4728 9610 
3 1530 1077 7544 
3 415 6958 5573 
3 3989 1251 310 
3 1974 9329 2500 
3 8969 1818 2897 
3 9917 529 8425 
3 8018 7193 9232 
3 5125 0 1408 
3 6288 8169 778 
3 6894 3930 6941 
3 6467 1194 6433 
3 4978 7901 4686 
3 1558 3227 5585 
3 5495 3073 1164 
3 9768 6492 4550 
3 143 2207 2504 
3 7310 7788 4365 
3 4759 5065 4046 
3 5092 7837 5877 
3 3185 6031 9467 
3 9097 4446 7111 
3 4083 5973 7470 
3 1830 3944 7772 
3 1737 2850 3329 
3 1815 431 1850 
3 1618 6538 4180 
3 889 9082 8355 
3 7557 983 5284 
3 4171 4198 1725 
3 1030 642 8775 
3 6377 6494 2191 
3 5160 5048 5611 
3 8272 2459 7554 
3 3965 3462 165 
3 4298 3685 2288 
3 7953 7704 7939 
3 9085 719 8713 
3 81 1107 636 
3 5356 9923 5601 
3 4840 6967 5108 
3 8629 8091 5290 
3 3324 4576 497 
3 3428 8288 3238 
3 5906 7380 7683 
3 4022 174 5462 
3 9575 5671 66 
3 5800 4871 7301 
3 8954 7899 2910 
3 4782 1828 874 
3 5572 9077 8486 
3 7662 8627 9380 
3 1366 57 2665 
3 7282 9214 3984 
3 406 7186 8976 
3 9908 7197 5679 
3 5928 6742 7564 
3 4032 5477 3881 
3 7479 2569 4892 
3 9582 276 9676 
3 5886 6173 9974 
3 7610 6571 8293 
3 3416 1623 6935 
3 6588 5850 6421 
3 6740 4367 1254 
3 3300 3970 873 
3 176 6998 4990 
3 9432 3777 2567 
3 3006 7905 6169 
3 9218 5594 1847 
3 3531 3757 758 
3 7988 9287 4478 
3 371 2875 3624 
3 4284 3183 4423 
3 3076 674 8687 
3 1735 152 1302 
3 1112 8482 5396 
3 5654 6257 5286 
3 1643 8896 3908 
3 315 3526 7833 
3 1428 8002 4215 
3 9502 6246 3911 
3 6175 235 9149 
3 8346 8675 1390 
3 3772 9476 2333 
3 4938 2726 7855 
3 4933 9662 3919 
3 2922 5242 4885 
3 1015 8280 1213 
3 1723 2526 5685 
3 1922 8820 5951 
3 6986 1721 5027 
3 5359 7649 1861 
3 3196 1655 4287 
3 1989 1740 1421 
3 7355 5604 6691 
3 6976 640 8565 
3 5207 3312 5770 
3 5500 7035 1764 
3 6294 5565 7549 
3 8811 6040 2682 
3 7572 3206 1353 
3 997 712 1843 
3 5407 6209 2596 
3 6133 3699 2286 
3 9626 9659 9817 
3 7376 8604 6728 
3 7910 6871 4288 
3 8680 8182 1339 
3 8500 8144 2248 
3 9982 4187 7670 
3 6680 5451 8876 
3 4035 3042 9041 
3 6787 8694 676 
3 2576 2773 2826 
3 6093 3653 5151 
3 9130 9303 7718 
3 8663 9465 4927 
3 648 3014 1287 
3 4114 5534 6399 
3 9286 4460 5476 
3 471 3351 5613 
3 4768 3765 2216 
3 1953 2822 3372 
3 6750 6890 4994 
3 1508 3184 4369 
3 1378 3508 3254 
3 7694 8387 9205 
3 4502 8177 9279 
3 2269 9787 4872 
3 7112 2711 8617 
3 8874 1270 6843 
3 3571 4912 9209 
3 7808 8414 1005 
3 2953 2357 8564 
3 941 8642 4268 
3 6500 3330 490 
3 2580 4230 9510 
3 8729 2926 9943 
3 8515 8608 2349 
3 6827 2912 4456 
3 9404 8818 8334 
3 3838 1383 7172 
3 4673 333 3828 
3 1674 7167 7802 
3 5113 1962 4278 
3 5968 4675 2031 
3 6345 9975 6124 
3 5038 4015 7619 
3 502 1635 1098 
3 221 3212 8016 
3 868 1291 6713 
3 8239 3068 8503 
3 4267 6786 6564 
3 3547 3829 658 
3 2090 9689 2929 
3 7824 4091 8889 
3 3960 1590 3667 
3 435 9620 3383 
3 6062 8298 4414 
3 1226 9794 9091 
3 278 3018 149 
3 5062 1505 4445 
3 2034 465 4653 
3 449 8618 618 
3 3308 8632 8249 
3 827 7257 4948 
3 1391 9038 5583 
3 8300 7721 9375 
3 7022 9267 8914 
3 9143 8370 3101 
3 5750 6260 3813 
3 3553 6036 6570 
3 4464 7812 8074 
3 3452 4251 9002 
3 6123 8176 7032 
3 5352 9373 3281 
3 959 9525 5135 
3 6816 8320 3986 
3 3682 7573 6975 
3 4332 4751 1889 
3 9017 6639 322 
3 6598 7521 9367 
3 8041 8389 8868 
3 3336 7321 1513 
3 7731 4660 6616 
3 7699 9712 632 
3 8751 9862 1901 
3 5335 9996 2541 
3 5143 8339 9767 
3 8658 4853 5000 
3 4670 1913 9747 
3 50 8939 9177 
3 5808 1368 2422 
3 9431 5095 781 
3 6144 7897 3869 
3 7637 1099 382 
3 301 4942 1679 
3 5846 724 6576 
3 3412 8504 7360 
3 3801 7106 6944 
3 7358 569 2153 
3 9795 789 9989 
3 7133 1743 2205 
3 9049 1172 6078 
3 1482 2792 5237 
3 2409 8277 1296 
3 4247 5504 8664 
3 5417 5107 2382 
3 9675 759 1915 
3 5785 3333 4692 
3 7412 3864 7565 
3 3907 1499 5289 
3 1747 3032 2767 
3 5285 7317 1277 
3 3884 3410 2082 
3 592 733 6936 
3 9653 5205 1345 
3 6466 2162 2637 
3 5803 5381 32 
3 9294 4123 7547 
3 272 2299 9426 
3 4276 8841 9664 
3 2667 2417 9936 
3 4548 2251 9803 
3 5542 4649 104 
3 2706 8934 2774 
3 8254 1983 4366 
3 7873 2208 6376 
3 684 7941 1836 
3 7879 304 3935 
3 9480 4619 9352 
3 6868 1899 5548 
3 6634 2870 8561 
3 8871 5643 6051 
3 4739 6946 4691 
3 9104 54 2048 
3 7372 9101 5731 
3 3017 4799 1031 
3 5264 6143 9808 
3 7581 3631 3202 
3 4711 3280 5388 
3 860 9042 2287 
3 2698 3917 249 
3 5620 5236 6594 
3 190 2531 239 
3 4921 7020 8707 
3 2924 8592 9527 
3 4272 9346 4717 
3 6955 2282 6281 
3 1819 6717 7170 
3 3318 2521 2313 
3 7859 3643 5363 
3 6364 7494 8342 
3 7647 4965 4609 
3 2300 9170 782 
3 5392 9208 6457 
3 4057 6578 6121 
3 9174 2223 9739 
3 7446 9839 4219 
3 260 8631 9906 
3 8946 3691 2741 
3 7211 1987 5687 
3 7365 1151 5995 
3 5078 3780 5178 
3 5183 3913 1268 
3 6313 6732 4843 
3 2095 2904 5059 
3 8722 1658 7938 
3 7313 850 6385 
3 7309 1048 9349 
3 1323 3799 4477 
3 7212 4610 4314 
3 9565 7099 9078 
3 736 9290 763 
3 7701 8971 7296 
3 9750 2984 4344 
3 6393 8191 4218 
3 2979 5398 2279 
3 6857 6690 2366 
3 518 9721 9844 
3 7046 3362 1965 
3 3648 6444 5280 
3 4291 4480 9628 
3 3130 4212 3559 
3 2389 7480 6618 
3 7294 3474 2548 
3 6454 9313 4667 
3 3191 3135 1435 
3 6725 2151 3339 
3 5099 1454 5049 
3 5744 5946 2049 
3 5467 5851 867 
3 9504 352 9924 
3 3650 4813 9278 
3 5071 2218 141 
3 1167 1980 3775 
3 8824 3205 5888 
3 9309 856 5314 
3 5514 1921 8354 
3 4000 2452 4887 
3 9674 7248 3209 
3 9089 9609 5631 
3 4090 9766 1029 
3 4749 9154 1916 
3 9030 9182 6792 
3 4303 5374 8615 
3 4004 5742 7955 
3 4850 6568 1250 
3 9194 1216 7689 
3 4533 4405 8285 
3 9554 3779 4409 
3 7322 8340 2638 
3 8641 5953 8148 
3 4856 3384 4833 
3 7926 496 108 
3 9611 7992 5845 
3 7752 5430 2022 
3 9262 1895 8877 
3 3634 3225 6817 
3 5758 6729 1604 
3 7021 9321 2081 
3 8232 6451 9868 
3 9444 7920 5651 
3 9189 3924 9344 
3 6988 2892 7967 
3 5322 5798 8813 
3 5348 6195 4834 
3 4450 1888 1429 
3 1072 7513 2420 
3 4730 5680 498 
3 5281 1149 5301 
3 6719 6174 7633 
3 7039 2983 15 
3 1240 9983 4543 
3 5265 659 4551 
3 2285 1471 7424 
3 2753 5342 1396 
3 5513 6974 7477 
3 2649 1779 1218 
3 3450 463 8009 
3 9462 7287 5760 
3 3563 670 7018 
3 6322 534 6341 
3 5635 4384 9084 
3 6759 4723 7851 
3 2708 4052 7388 
3 1930 316 2510 
3 2895 7983 1866 
3 7201 2132 8797 
3 5544 5024 2812 
3 3244 6648 7997 
3 8197 9904 2786 
3 8190 9915 8596 
3 7385 772 9166 
3 8302 2317 1754 
3 6629 8662 4047 
3 2941 3248 4708 
4 2518 3578 620 3423 
4 7621 1273 5244 2982 
4 6809 3708 6821 8344 
4 4837 9706 2992 2265 
4 264 6006 1303 7870 
4 6252 4740 2246 9670 
4 5780 9275 8646 8107 
4 5339 9928 1932 7468 
4 2616 7045 9895 5749 
4 7532 6627 3752 3041 
4 4587 6649 1985 7880 
4 6449 2542 2563 248 
4 306 157 907 3696 
4 9891 4286 5409 4982 
4 2477 6912 9992 925 
4 6539 8045 3013 6562 
4 7829 533 532 5764 
4 347 5756 3279 3523 
4 1158 4839 2966 6758 
4 18 552 7258 7215 
4 1385 4406 967 4128 
4 2160 6678 881 2735 
4 4485 9324 4629 6204 
4 7971 385 7050 8894 
4 5273 9457 9705 5491 
4 8956 2571 6657 4141 
4 6280 9122 7671 458 
4 8717 7098 4617 7576 
4 8900 7367 2907 8801 
4 2063 6704 5836 2618 
4 7200 4643 5612 700 
4 5203 5578 2761 6242 
4 2462 9407 9629 5767 
4 282 3534 4225 4975 
4 3214 3554 7041 2376 
4 3932 9228 6776 4918 
4 7427 5085 5424 7209 
4 8790 5608 1835 1571 
4 4120 6688 4375 2490 
4 5021 3987 9978 4334 
4 6179 2557 8052 277 
4 8230 8377 5064 2292 
4 5734 7526 9596 3484 
4 8807 1775 6503 613 
4 112 2166 8424 2149 
4 6274 7292 6482 3761 
4 2662 150 589 6231 
4 3158 5378 9291 116 
4 8959 9788 6434 3844 
4 3375 4479 4424 1600 
4 3697 3562 2956 2514 
4 3230 3927 9605 2224 
4 354 9252 4343 5975 
4 2014 9217 582 946 
4 3259 1514 6780 681 
4 103 1500 9138 8724 
4 7109 6299 4381 6771 
4 4410 805 4214 8791 
4 6812 3539 9306 2234 
4 9062 114 1433 7776 
4 7068 4534 8737 4360 
4 3152 3727 989 7008 
4 1756 1943 3064 9769 
4 6493 8966 2137 7867 
4 1042 7972 1973 5843 
4 7767 1238 4233 3194 
4 5168 6846 4936 7810 
4 9876 2401 4157 5563 
4 8882 6269 5017 9657 
4 3880 4529 2383 2374 
4 3167 5150 1649 9631 
4 9192 9402 7432 6408 
4 7223 3642 9637 1045 
4 9771 4883 9207 2690 
4 9317 9694 6794 7588 
4 5144 7723 2180 9503 
4 169 3694 2016 3284 
4 5114 9394 8686 7821 
4 5045 8589 898 2126 
4 6480 8559 771 8312 
4 6362 6826 7758 2381 
4 8923 8228 4190 3129 
4 2943 6937 2059 8852 
4 9710 5794 442 4513 
4 6524 2607 8265 4767 
4 8665 3314 7461 5475 
4 2889 45 8306 3734 
4 8613 4109 1868 8086 
4 8952 346 1348 4082 
4 7523 9901 563 400 
4 682 416 7706 9399 
4 1563 4578 2147 9545 
4 3420 4168 900 3136 
4 6388 5653 5445 9100 
4 7438 2424 3733 5182 
4 3890 1570 4245 8569 
4 8093 5965 5989 3104 
4 9716 6851 634 6263 
4 4442 4340 800 3293 
4 1399 8386 849 40 
4 7194 522 9555 8313 
4 3441 6150 9826 1978 
4 5247 9433 1613 9005 
4 3598 3815 5762 5726 
4 3377 1814 146 3033 
4 7396 3166 4934 2858 
4 2581 4132 3355 1995 
4 9586 9850 7673 5528 
4 7732 4943 1157 3914 
4 4697 2738 8858 1344 
4 6400 69 9897 4884 
4 2324 3247 229 5988 
4 3614 6028 6584 4627 
4 184 8697 3482 9439 
4 5783 4859 6298 7864 
4 7657 7980 1518 6402 
4 7195 4473 4996 4355 
4 5991 7756 5217 7475 
4 2118 1748 6889 4844 
4 8195 5896 2067 656 
4 2829 2819 7757 9537 
4 3584 1758 5252 897 
4 8223 4089 2433 3906 
4 6339 6762 8457 1103 
4 4772 6966 4832 4624 
4 7129 3686 3316 6949 
4 3915 6243 2549 5120 
4 3368 8028 1693 869 
4 2540 6777 2538 2808 
4 4571 6953 933 56 
4 1719 3199 568 9093 
4 3874 4657 8014 5389 
4 5833 3141 9140 1300 
4 1609 9044 908 8795 
4 8885 8774 6481 9588 
4 4242 9421 9187 8549 
4 1820 2053 6545 1333 
4 698 8126 2274 7079 
4 3613 2777 1306 9225 
4 2263 8739 4950 9048 
4 1084 3496 8323 6047 
4 3832 5307 7123 1656 
4 5557 2407 13 9756 
4 5316 4070 3464 823 
4 1342 1577 2565 8647 
4 2196 4148 1840 7274 
4 1575 6248 8155 6640 
4 4998 4125 4468 1551 
4 6708 8552 1727 428 
4 6130 4496 2769 4420 
4 7746 3289 1113 747 
4 1468 2593 5042 7516 
4 5722 7300 419 4061 
4 3036 3045 2512 2087 
4 5623 4929 5576 7135 
4 2934 975 8899 3741 
4 5093 6733 551 5122 
4 9685 1791 2645 9341 
4 8351 2691 609 2044 
4 9790 6185 6582 1329 
4 37 1565 3491 2789 
4 5337 6194 3586 5855 
4 1633 8485 6852 2257 
4 1630 6552 6430 9796 
4 9840 5942 5317 6891 
4 483 9920 2101 1542 
4 3962 5645 9099 3953 
4 6718 9047 4721 1863 
4 8262 7617 5297 7656 
4 8990 6606 3177 4531 
4 4093 6561 5941 398 
4 3843 2275 6076 3459 
4 9519 5296 647 9693 
4 4097 3088 8146 1389 
4 7611 1599 6366 9308 
4 7631 9172 802 213 
4 8439 9318 1061 3180 
4 4706 6165 5521 5177 
4 2647 2120 4831 6159 
4 3052 2487 2435 6859 
4 543 8878 7083 9486 
4 8838 2013 5690 9709 
4 196 4611 9055 4505 
4 3153 3115 7707 228 
4 8360 9813 837 1028 
4 3516 9484 8115 3731 
4 6964 8926 1730 9691 
4 5650 9471 202 4169 
4 7118 8284 3674 75 
4 1622 1354 4066 1566 
4 8918 1690 4761 8051 
4 5137 6264 5185 1541 
4 1449 7495 4898 5681 
4 2000 7353 9073 4028 
4 6289 9449 1957 8411 
4 7583 9468 615 5999 
4 7778 5931 2355 3746 
4 9644 4893 606 6659 
4 3142 5922 2704 9780 
4 5292 570 5229 7858 
4 2860 9110 7763 5172 
4 1956 884 5812 2181 
4 822 6814 1332 1272 
4 6994 3048 5814 9572 
4 8689 4738 6882 2062 
4 7226 2759 8622 2802 
4 2868 2298 735 1545 
4 7472 7462 5956 824 
4 1636 2590 8715 6077 
4 7027 9987 5321 2709 
4 3096 6429 9841 212 
4 3760 8796 6190 974 
4 1595 1634 2359 4633 
4 2656 5373 1455 7520 
4 2496 5596 2100 4205 
4 1715 853 424 5354 
4 1458 274 4121 6337 
4 2764 5197 2354 1554 
4 5864 8349 4941 2253 
4 4429 655 1025 5466 
4 9616 6593 1960 9445 
4 4925 1882 5914 6354 
4 6085 9330 6806 2915 
4 9151 8116 8472 9606 
4 890 7448 3175 6406 
4 524 6565 4249 3936 
4 1726 5101 3920 4352 
4 1485 6438 8522 3946 
4 4192 4471 4311 3371 
4 7750 3110 4220 73 
4 3519 9542 6720 3369 
4 7368 7291 1315 1388 
4 9382 536 2142 8661 
4 2217 4110 3137 8913 
4 8598 7964 8366 6453 
4 5835 4628 6081 1648 
4 6574 2384 5769 2827 
4 6739 5529 4586 4027 
4 2507 8897 7553 4562 
4 2211 2993 9643 2341 
4 4202 30 4774 4688 
4 4295 1162 8240 7675 
4 5865 5817 8980 4926 
4 393 3296 5748 6146 
4 8200 4174 2408 754 
4 1141 4107 514 8183 
4 929 8109 7160 627 
4 5315 3798 8073 2017 
4 960 2432 6082 1620 
4 1777 7743 8494 5010 
4 1540 8255 7166 7242 
4 2987 8673 683 2650 
4 9498 4210 7042 1646 
4 3427 5784 7693 584 
4 4566 4104 9979 236 
4 2104 8005 7015 9731 
4 9991 8058 671 2852 
4 6898 1355 455 9927 
4 8977 5511 88 3239 
4 6151 4745 1938 780 
4 6911 178 3769 5876 
4 8025 3307 8910 2788 
4 1519 3044 2672 2365 
4 5161 4079 16 8446 
4 1080 8955 5196 5788 
4 6607 1126 7156 1524 
4 453 3812 811 8605 
4 5662 624 3603 2035 
4 4908 9543 511 7658 
4 9683 5848 1885 7985 
4 1418 2297 9734 4914 
4 5282 4062 1898 6540 
4 3011 7356 4379 4672 
4 6132 4974 2128 1071 
4 4668 9753 3763 2732 
4 6654 818 9136 2958 
4 8544 3901 7441 5725 
4 5023 9495 7727 7530 
4 201 9980 6425 988 
4 3636 3512 1629 8492 
4 6058 3435 5618 6022 
4 3113 5694 6222 6973 
4 5519 8669 6623 6853 
4 2695 6788 1386 1225 
4 6603 2530 6903 2599 
4 4596 7144 2668 7352 
4 4797 5291 880 766 
4 3972 432 4704 7640 
4 7913 4422 6445 9704 
4 1169 875 3596 5598 
4 2483 3735 750 602 
4 6769 2441 7871 7646 
4 2228 243 7433 5489 
4 6396 707 1621 9932 
4 9955 6323 930 2390 
4 7012 3804 480 725 
4 1900 8468 4280 7626 
4 8434 3422 4490 6488 
4 9326 4690 998 2535 
4 7280 623 257 5893 
4 9517 1935 7952 7028 
4 2344 7000 1574 1221 
4 3058 9336 9726 9499 
4 5832 7153 6327 4138 
4 2909 4357 9202 9549 
4 464 6553 765 9416 
4 2523 2692 173 9867 
4 2582 2880 1704 2183 
4 9940 342 961 5483 
4 3994 7447 8964 526 
4 9957 9715 3868 9436 
4 3847 9316 5797 8447 
4 4154 1910 6272 9043 
4 9950 3611 4585 6682 
4 5357 9350 4165 8006 
4 7152 4241 4664 7977 
4 791 8365 7548 7059 
4 8753 9288 5458 5852 
4 8299 7620 6091 3723 
4 6103 5344 9601 1606 
4 7615 2159 380 2266 
4 2023 5436 3057 7389 
4 3219 9401 1260 3207 
4 2139 8903 817 218 
4 189 1347 8335 9428 
4 8332 3287 9254 3793 
4 4188 503 3938 4960 
4 9040 2127 4335 3713 
4 2112 770 5853 3900 
4 803 5379 2006 3 
4 9261 185 5825 4024 
4 2932 987 8347 4160 
4 5985 9684 488 7705 
4 9608 4776 1096 9888 
4 2534 2562 3640 1501 
4 1142 757 8821 8706 
4 9319 6188 7580 916 
4 2094 8550 8519 7493 
4 7559 5905 9977 3744 
4 6392 9067 7066 2891 
4 3738 8166 4786 1253 
4 2450 3444 891 2338 
4 7642 291 6462 3380 
4 9962 1412 9216 1811 
4 180 3263 948 3434 
4 8806 4976 3231 705 
4 8419 7644 7411 9798 
4 6417 23 1363 1440 
4 9181 4639 9435 4805 
4 6265 2133 2488 1567 
4 7006 4920 59 9688 
4 4709 972 107 447 
4 4979 8209 3242 5447 
4 9470 6667 6183 3161 
4 8227 9910 9157 9837 
4 3463 3580 9903 1043 
4 2646 1022 5994 9612 
4 5512 7070 8562 4493 
4 3725 7636 9076 4630 
4 4184 1628 5336 3564 
4 5134 3438 9354 9972 
4 2268 9348 8357 3852 
4 555 1993 7449 7131 
4 1701 8579 279 560 
4 2588 9215 6266 3211 
4 8065 7150 5418 2194 
4 280 5963 2684 8314 
4 1839 4911 9569 3745 
4 1654 1695 4102 9391 
4 3926 9625 1785 4263 
4 8181 8203 113 5163 
4 300 7249 617 6256 
4 2005 4150 6784 6828 
4 3704 386 9922 8996 
4 4031 6320 6819 5128 
4 9546 1808 845 6181 
4 9775 2296 1787 4714 
4 1374 131 4802 3092 
4 8398 9001 6689 9103 
4 8587 2215 6427 5234 
4 2074 9112 7714 6693 
4 5872 8683 158 1761 
4 3075 8528 9722 6818 
4 6646 7635 5005 8318 
4 7567 9690 2718 2697 
4 9529 6370 3027 1414 
4 833 7720 7455 9687 
4 8962 7306 359 5944 
4 3956 2119 6808 741 
4 161 8968 1324 2839 
4 4290 1032 1232 2192 
4 8443 1309 2975 5003 
4 5533 3127 669 864 
4 6800 7198 8426 7819 
4 2481 2898 6757 3921 
4 2011 9451 5139 3800 
4 9297 7850 1521 1102 
4 3796 6726 6431 8057 
4 9845 2574 5804 7014 
4 4564 3574 6136 583 
4 1060 2328 957 4519 
4 9523 220 4149 4906 
4 8292 9139 3537 9066 
4 8523 8521 2309 7183 
4 7043 7084 5553 3026 
4 4770 5058 5346 285 
4 5087 3436 5610 4281 
4 8179 2854 2831 4727 
4 8808 4203 2397 5050 
4 4796 71 1290 1768 
4 7874 8555 3893 4094 
4 1638 546 6375 5647 
4 7037 4544 3398 9672 
4 6614 8531 3413 2314 
4 8677 9959 9532 9460 
4 3550 3807 1161 7452 
4 5840 6160 5551 2032 
4 3661 8908 6335 3971 
4 1631 7546 3218 5088 
4 8149 8819 9613 7695 
4 3503 4238 2465 2206 
4 7973 1966 5119 9728 
4 3391 3803 9496 7451 
4 4377 8792 5779 9045 
4 1865 4346 4337 6483 
4 7726 734 1927 2329 
4 6804 6394 4161 1733 
4 7922 6971 4216 5154 
4 2442 9832 2930 5823 
4 4085 9058 4292 5132 
4 444 7311 1893 3457 
4 8944 7893 6312 3217 
4 408 5230 476 4327 
4 3157 1152 2815 439 
4 7108 7779 2820 9180 
4 5924 1111 6813 4236 
4 842 9386 2154 3112 
4 6518 6927 4111 1298 
4 846 5175 9241 6547 
4 317 3077 5676 6250 
4 1018 7034 4907 9337 
4 3737 1547 9656 1939 
4 7627 4044 2203 403 
4 4329 9692 4702 7357 
4 4322 5086 2608 2917 
4 4847 2473 9204 7217 
4 8032 8269 2470 5518 
4 4418 6954 3947 9783 
4 6684 784 8800 1444 
4 5202 3670 2884 3301 
4 3139 8373 1871 8854 
4 2771 5365 2622 7998 
4 1295 5032 8654 3572 
4 7149 7154 6063 4023 
4 9737 5918 8431 3197 
4 4753 922 5688 4851 
4 6773 5567 3008 2060 
4 7116 5096 4873 253 
4 3055 3349 7185 6914 
4 3320 2887 1703 1089 
4 4370 3579 3755 4841 
4 6505 1862 963 5954 
4 3229 6612 4481 9417 
4 49 9409 6044 6326 
4 4582 6940 6653 7363 
4 8244 8282 6010 3087 
4 3513 2152 2620 1328 
4 2849 7026 4156 3460 
4 4397 6095 5982 5858 
4 6142 7344 2238 8159 
4 1065 9302 5440 6296 
4 4351 3433 4408 6909 
4 8403 7298 3253 7139 
4 4014 3497 9379 339 
4 2157 1004 9651 2859 
4 788 7976 5060 3742 
4 4008 4756 649 7566 
4 8574 5031 686 9070 
4 9797 5656 7256 1874 
4 1284 5588 269 4301 
4 7715 2255 1539 7735 
4 8836 3887 9212 1002 
4 6306 9036 5805 3408 
4 2222 6189 6960 5927 
4 2155 9132 1924 117 
4 7676 2577 5331 9748 
4 3035 2989 812 450 
4 1823 2855 3023 8053 
4 6920 2085 9505 5499 
4 6749 819 3455 1947 
4 4992 6060 3991 8929 
4 7612 6197 6094 3098 
4 8483 4705 7125 3538 
4 7869 5073 8466 1848 
4 7709 8406 126 7759 
4 2340 3605 2346 5498 
4 8847 63 8085 426 
4 3260 6591 2458 6832 
4 4951 1013 5561 4991 
4 9497 4984 4861 5560 
4 2342 6111 9248 6162 
4 2461 9150 8593 587 
4 36 9570 6989 8588 
4 7418 3560 7349 6583 
4 9863 3902 7765 7968 
4 3063 1891 3020 6448 
4 9593 7515 6435 8540 
4 4412 8772 1886 1087 
4 5741 6996 5829 9464 
4 4536 7410 5494 8869 
4 4903 9296 9114 8214 
4 1949 5403 936 5393 
4 5156 8114 2221 3522 
4 6219 5184 1596 2046 
4 1133 5566 6357 6992 
4 6925 5383 4590 8507 
4 3025 6548 1117 9106 
4 8963 3250 4650 679 
4 3234 965 538 6815 
4 7667 7457 9453 6807 
4 3622 1086 5638 7009 
4 8435 966 6177 5057 
4 3286 3414 1553 9944 
4 2421 3904 9056 3298 
4 1773 4191 4795 68 
4 1083 8727 3839 8205 
4 5147 1021 622 9614 
4 8970 9842 1676 2836 
4 1027 3409 3954 4117 
4 6631 6277 9757 6671 
4 1118 9700 3233 9682 
4 2840 6597 6184 405 
4 5558 9681 3021 8194 
4 4538 1181 7774 8711 
4 737 9667 1601 5159 
4 6067 4895 6308 6122 
4 8666 1813 4748 4849 
4 3680 7963 7539 1944 
4 6152 1729 6587 6875 
4 8187 8511 8436 3085 
4 7991 1124 3439 247 
4 1878 3950 7832 5704 
4 4677 5732 6005 8082 
4 4999 413 2796 7269 
4 926 1958 7854 9247 
4 2143 4308 6921 4253 
4 1561 9538 3693 8336 
4 6650 481 7138 8712 
4 5428 4607 9016 567 
4 7075 6304 5104 8985 
4 7498 2715 7381 9412 
4 3376 2573 4162 6837 
4 4491 3415 512 4426 
4 1199 3015 8652 1359 
4 6856 1033 4372 4007 
4 4700 1373 4694 3393 
4 7036 3500 9599 2905 
4 715 5438 7329 9115 
4 4900 7969 7481 8653 
4 8253 9663 8803 4255 
4 9929 2790 2720 8245 
4 685 1405 5254 2851 
4 4235 106 1079 8984 
4 5063 9843 4248 9889 
4 7664 7697 876 1091 
4 1624 3805 136 4817 
4 4698 6754 2878 607 
4 2368 5696 5723 8449 
4 1961 5480 8746 6118 
4 6866 8080 9602 9197 
4 5739 3684 1664 7960 
4 3966 340 3784 6536 
4 8087 2182 6999 3335 
4 3535 4966 283 1063 
4 6315 558 2603 5469 
4 4604 6428 2070 1873 
4 1163 6258 4986 6046 
4 5008 379 820 5138 
4 928 3216 5080 5782 
4 1445 9595 2775 9390 
4 4002 1208 9562 7804 
4 8638 7744 2064 5614 
4 3592 6795 7335 8198 
4 9890 9782 590 7678 
4 421 5959 7483 5771 