1628
2 7603 9072 
2 2910 1558 
2 512 3303 
2 6561 4431 
2 3249 9022 
2 5057 8317 
2 3127 5971 
2 9679 5131 
2 2462 1798 
2 1540 9768 
2 5987 7482 
2 5 7939 
2 6903 1690 
2 5849 4323 
2 1105 1383 
2 4595 9071 
2 7921 8496 
2 9551 2946 
2 6489 866 
2 9692 4441 
2 9721 3147 
2 3352 9746 
2 7561 4064 
2 3040 899 
2 4906 1081 
2 8103 2905 
2 965 6590 
2 7818 9917 
2 382 2288 
2 2650 6374 
2 8445 868 
2 844 2021 
2 4835 2817 
2 4751 2072 
2 9158 477 
2 4495 5287 
2 7267 2481 
2 4048 9383 
2 7384 4134 
2 9996 4934 
2 1762 2892 
2 9222 6176 
2 7420 3863 
2 4526 574 
2 7280 6885 
2 56 865 
2 8340 2557 
2 2208 2588 
2 3559 6179 
2 9079 9816 
2 919 4725 
2 3016 4868 
2 6653 3087 
2 2145 3131 
2 3623 206 
2 8537 5958 
2 347 2408 
2 3526 1612 
2 4182 5838 
2 7518 8085 
2 9508 5578 
2 2719 5897 
2 8800 6611 
2 9518 7119 
2 3830 7627 
2 967 9205 
2 501 4139 
2 6962 2700 
2 3342 5662 
2 1247 6890 
2 1384 6972 
2 9070 7670 
2 4469 3583 
2 3165 7764 
2 66 1959 
2 2516 7421 
2 4166 549 
2 8531 2159 
2 4007 2345 
2 272 769 
2 8604 8245 
2 6824 9762 
2 9432 4596 
2 8859 665 
2 1209 3485 
2 3138 9400 
2 8938 4965 
2 9044 9037 
2 4588 7898 
2 9680 1429 
2 606 2014 
2 3544 2565 
2 2888 2579 
2 1492 3381 
2 9787 4177 
2 450 3671 
2 2889 6587 
2 1325 4077 
2 2787 4466 
2 6154 4332 
2 4838 6746 
2 931 8350 
2 9545 9053 
2 5350 469 
2 4699 6387 
2 7296 1506 
2 1107 4331 
2 3479 4098 
2 2326 331 
2 4997 4120 
2 3019 1785 
2 7576 7096 
2 917 955 
2 5012 4278 
2 2125 2020 
2 8780 5682 
2 6435 9685 
2 3691 6123 
2 4702 1848 
2 9083 5121 
2 487 3017 
2 390 3484 
2 141 8274 
2 2409 9847 
2 5189 6443 
2 7847 6517 
2 912 3062 
2 8080 734 
2 5359 7618 
2 8322 6720 
2 6965 144 
2 1978 5515 
2 9748 7347 
2 7339 5137 
2 5559 4988 
2 648 1975 
2 1583 4496 
2 4011 3402 
2 3854 6788 
2 4665 8290 
2 5878 7326 
2 2264 7559 
2 158 6880 
2 6516 5785 
2 6937 2467 
2 71 7896 
2 5941 1882 
2 7542 3097 
2 8520 789 
2 394 4216 
2 318 3181 
2 8432 3520 
2 6753 10 
2 9314 4593 
2 4607 1392 
2 9340 8524 
2 2662 8554 
2 2137 4521 
2 9582 1300 
2 2474 7098 
2 3810 2496 
2 6616 9781 
2 439 6287 
2 8378 2649 
2 5824 8306 
2 2066 2770 
2 4307 2818 
2 5324 5993 
2 338 3820 
2 3835 5080 
2 6064 232 
2 1335 6910 
2 2107 3358 
2 2784 8035 
2 2678 4161 
2 9796 6837 
2 457 7698 
2 6644 4811 
2 6760 1634 
2 6050 5439 
2 7126 8449 
2 2225 7253 
2 7382 5160 
2 4831 8061 
2 3832 5856 
2 3038 8185 
2 5251 6668 
2 3657 9429 
2 6065 1653 
2 7804 8719 
2 3425 3240 
2 3155 5036 
2 4632 6099 
2 6105 840 
2 3706 3100 
2 4473 9225 
2 1550 4905 
2 9678 2292 
2 8514 5043 
2 7143 1200 
2 6222 8697 
2 9035 227 
2 7826 5866 
2 5710 4736 
2 7468 5756 
2 1422 8167 
2 7843 4477 
2 6593 1778 
2 4204 8770 
2 4184 9782 
2 9183 5505 
2 747 9915 
2 3028 7242 
2 61 7631 
2 2851 7453 
2 8842 7034 
2 5567 5454 
2 476 1056 
2 1890 5861 
2 9065 829 
2 4846 2929 
2 6781 2782 
2 8285 9693 
2 3397 3186 
2 9374 7051 
2 2367 3108 
2 815 7783 
2 1578 8073 
2 8579 1726 
2 8503 6388 
2 9246 682 
2 6735 8259 
2 2839 300 
2 2577 9632 
2 7796 2941 
2 7777 287 
2 8026 2321 
2 8373 9708 
2 8851 6248 
2 41 8057 
2 5846 9607 
2 8637 7549 
2 4952 6776 
2 7238 2209 
2 369 296 
2 2778 3650 
2 8394 8955 
2 6427 5606 
2 8335 7276 
2 8101 3605 
2 5091 5313 
2 3523 8027 
2 3575 4061 
2 6129 8717 
2 560 4175 
2 2068 2754 
2 6352 9294 
2 7357 7089 
2 9775 4756 
2 939 2391 
2 872 8212 
2 6998 7477 
2 3817 8048 
2 5222 2680 
2 8182 6982 
2 113 1717 
2 2156 3020 
2 5281 2133 
2 9341 9886 
2 6238 2406 
2 6789 4695 
2 845 8990 
2 5915 1750 
2 3924 4424 
2 1514 537 
2 7093 6834 
2 3089 7680 
2 4433 9525 
2 1322 3454 
2 5938 7816 
2 7351 5816 
2 4787 1831 
2 2781 5270 
2 7146 6381 
2 9759 5345 
2 6952 1801 
2 1730 5833 
2 5748 2385 
2 5307 6729 
2 5199 1769 
2 8484 4764 
2 4830 2082 
2 8154 8667 
2 889 8405 
2 1747 4763 
2 5611 2100 
2 1025 327 
2 8968 6452 
2 7591 8126 
2 1946 9020 
2 1190 3171 
2 597 2714 
2 4121 1277 
2 6649 3858 
2 3997 6671 
2 9125 9163 
2 5158 5023 
2 9333 611 
2 4759 9486 
2 737 175 
2 1381 6205 
2 2267 1885 
2 4806 1364 
2 314 2407 
2 9073 3444 
2 3522 1676 
2 489 1601 
2 7218 403 
2 4815 8196 
2 2328 9534 
2 5242 160 
2 1591 4757 
2 2300 5392 
2 630 4056 
2 2117 5982 
2 1423 5334 
2 4646 2337 
2 3595 3297 
2 6975 6406 
2 6312 3765 
2 5108 4851 
2 6268 9898 
2 2529 5583 
2 9810 188 
2 1700 6209 
2 8969 7286 
2 6229 3577 
2 7139 4536 
2 8664 73 
2 767 9580 
2 825 5442 
2 2435 3617 
2 6542 6906 
2 4148 2098 
2 2592 5806 
2 9046 3963 
2 1618 481 
2 1997 7110 
2 511 3836 
2 3103 2130 
2 381 3927 
2 2751 6319 
2 8956 3024 
2 8153 8310 
2 7395 5605 
2 3182 3081 
2 6631 5767 
2 319 2857 
2 4252 5052 
2 3566 4932 
2 5793 9247 
2 7900 410 
2 3070 2755 
2 5416 4114 
2 4668 7803 
2 1073 4173 
2 3243 2555 
2 4022 8694 
2 5381 9135 
2 2027 2916 
2 652 8121 
2 1250 1933 
2 8416 2353 
2 4635 5017 
2 6005 4970 
2 936 7872 
2 744 1051 
2 5362 3464 
2 3864 1847 
2 1748 2112 
2 5537 9739 
2 8758 5908 
2 8327 7331 
2 9694 827 
2 5585 8775 
2 3564 3066 
2 9744 5294 
2 3453 6921 
2 3258 8490 
2 8528 2287 
2 5628 5558 
2 1628 5845 
2 4009 5157 
2 6204 8654 
2 2322 6690 
2 8970 6429 
2 399 5704 
2 5421 3616 
2 763 3600 
2 1409 1359 
2 2044 4918 
2 2873 515 
2 6686 5661 
2 4753 7963 
2 8359 9042 
2 215 8089 
2 2269 5209 
2 9337 398 
2 234 8611 
2 9572 8188 
2 8288 7734 
2 4131 5560 
2 8009 7037 
2 9094 6526 
2 9291 3366 
2 2034 8017 
2 7638 11 
2 1214 4030 
2 7329 7607 
2 2657 6572 
2 2246 5266 
2 2570 9814 
2 923 9688 
2 1660 7403 
2 3859 2271 
2 453 9772 
2 1649 6217 
2 7869 6647 
2 9567 1439 
2 4986 7208 
2 4575 5450 
2 2720 165 
2 5904 8799 
2 8218 315 
2 8562 3355 
2 4442 7515 
2 5788 2303 
2 6031 7856 
2 6862 1758 
2 6244 1399 
2 7570 1577 
2 9300 2254 
2 6579 746 
2 3144 4770 
2 1759 5869 
2 9162 8864 
2 3339 6155 
2 285 9704 
2 6736 2524 
2 5106 4540 
2 3414 9515 
2 7448 7269 
2 8692 4250 
2 4335 2204 
2 8040 7467 
2 1901 1266 
2 276 8935 
2 5523 6339 
2 463 9631 
2 291 322 
2 3421 7104 
2 1084 7965 
2 1401 6440 
2 5865 6791 
2 2653 2415 
2 6079 7955 
2 3940 9412 
2 8282 39 
2 6603 5670 
2 6010 5348 
2 1958 6122 
2 1437 5954 
2 6581 3658 
2 2897 3025 
2 7137 1340 
2 8070 9919 
2 7027 1061 
2 7011 949 
2 6169 9479 
2 7767 6445 
2 9261 4350 
2 3578 2094 
2 6870 6813 
2 9196 3413 
2 6419 6147 
2 9214 304 
2 3065 8695 
2 3528 6876 
2 1751 7699 
2 4409 471 
2 6566 8366 
2 5763 575 
2 9459 3328 
2 3443 281 
2 6569 8952 
2 6061 2707 
2 8435 4135 
2 8599 6206 
2 1149 4660 
2 5055 891 
2 3968 3349 
2 905 9371 
2 7990 8036 
2 6924 1013 
3 7909 5805 6156 
3 5516 8644 178 
3 1293 1135 2575 
3 729 9112 3982 
3 2019 7457 8561 
3 1368 1775 2845 
3 9295 9527 8058 
3 1650 428 6632 
3 1365 2808 1518 
3 1861 2591 5045 
3 7979 4087 713 
3 9820 2923 6420 
3 6991 6823 389 
3 9753 4214 4234 
3 4640 7797 6646 
3 7203 5230 1075 
3 5088 2108 9174 
3 3157 9550 873 
3 374 784 616 
3 9552 2661 8146 
3 3945 7460 2453 
3 9419 4169 2972 
3 1269 6033 7643 
3 4031 8240 2090 
3 8346 4079 5571 
3 8973 3847 218 
3 4612 6996 4981 
3 7466 7345 94 
3 2975 6724 6507 
3 8679 1587 3007 
3 7621 586 7879 
3 364 653 8929 
3 3201 1377 3841 
3 5196 7628 5834 
3 9099 6252 1977 
3 4205 3594 7726 
3 6787 4549 4300 
3 5191 9282 9872 
3 6576 7971 1714 
3 3869 5090 6424 
3 5370 231 3347 
3 3472 1211 2721 
3 2813 5604 8597 
3 2850 7613 2903 
3 1142 9621 6275 
3 4780 9201 8235 
3 8133 5940 4230 
3 143 3829 6599 
3 448 6009 6382 
3 9218 6513 6504 
3 2868 6604 5623 
3 3972 811 9138 
3 1147 6444 6375 
3 5699 224 1931 
3 9290 5150 8164 
3 8115 6144 8452 
3 6086 1870 7278 
3 5934 7432 3518 
3 4094 7464 4074 
3 706 8615 1705 
3 8991 5931 2641 
3 3210 5396 2703 
3 8725 2870 9088 
3 1270 6135 779 
3 1436 317 9730 
3 5390 727 4584 
3 2548 8003 3354 
3 7630 1992 3322 
3 2155 3904 2887 
3 4116 7462 8846 
3 4483 3894 9865 
3 214 8587 6015 
3 4730 3217 5145 
3 3592 3653 2085 
3 7336 4622 15 
3 162 3964 3426 
3 5565 9322 7171 
3 1735 8295 753 
3 7972 7067 2960 
3 4366 4825 5789 
3 8002 4966 5618 
3 8652 756 3274 
3 5136 9503 3828 
3 3675 4071 3877 
3 6162 1987 5687 
3 8321 6405 1571 
3 8230 5753 7387 
3 5344 5701 7657 
3 776 2283 8364 
3 7887 6527 681 
3 2206 1243 9309 
3 5169 9792 683 
3 9379 176 6087 
3 3427 2994 8756 
3 1319 5536 8881 
3 3054 6989 5672 
3 8605 1217 5631 
3 8425 1664 6225 
3 7776 6106 4313 
3 1813 3481 3790 
3 3405 2077 4791 
3 2355 3530 3910 
3 4 1725 3082 
3 1573 7905 9712 
3 5745 2827 6761 
3 123 699 133 
3 6672 5360 1738 
3 5955 584 6262 
3 4748 9113 9353 
3 676 6745 3949 
3 6645 1108 736 
3 3774 8856 4195 
3 8733 5575 6243 
3 9874 4710 9590 
3 6622 5732 9892 
3 101 6223 7930 
3 1543 2616 7029 
3 9556 9194 1341 
3 4996 3975 8802 
3 1391 6675 5641 
3 8175 4453 8357 
3 4159 3562 7265 
3 6966 2231 1294 
3 8334 5312 9000 
3 4147 944 2447 
3 4950 6782 5774 
3 8688 5609 1413 
3 2184 3687 5429 
3 981 4875 4924 
3 649 1076 1572 
3 1824 671 8987 
3 1040 4650 7284 
3 6848 3398 1043 
3 4691 9008 1234 
3 7658 1110 1945 
3 541 3855 5999 
3 6600 9723 8078 
3 2551 4774 5171 
3 7373 5555 1811 
3 6726 3633 86 
3 7484 8450 9240 
3 9437 6860 1155 
3 5828 660 9387 
3 2237 5399 5308 
3 1990 9661 6634 
3 4659 1324 7653 
3 387 2724 6278 
3 3486 2792 6260 
3 659 7445 5380 
3 3730 5822 9350 
3 4820 4229 7301 
3 1121 1539 8905 
3 2037 6463 499 
3 6621 1609 5547 
3 8765 4293 7771 
3 3225 2144 7954 
3 2711 5809 8389 
3 2011 4745 656 
3 3850 9296 8567 
3 5720 3384 5463 
3 4989 4287 1353 
3 5485 818 6051 
3 6379 3195 6036 
3 5473 8590 2464 
3 566 7378 1555 
3 5174 157 431 
3 3306 4959 1091 
3 6264 2132 1185 
3 9064 2875 2136 
3 8959 3551 1317 
3 2274 4122 6845 
3 5119 7363 7167 
3 2968 3986 100 
3 8873 1671 857 
3 6314 6080 9591 
3 2945 6095 5109 
3 4698 136 9911 
3 2697 3357 742 
3 2402 6558 5404 
3 5320 2256 4494 
3 422 436 2507 
3 1240 8305 8912 
3 1575 5481 3778 
3 3387 2840 6588 
3 7226 2417 2076 
3 1673 6426 4850 
3 4259 7675 6815 
3 4537 8510 5135 
3 3287 3200 2093 
3 2885 8339 6732 
3 3983 8613 7136 
3 3819 7733 7079 
3 5899 4027 4296 
3 4066 5526 7517 
3 1065 4767 2319 
3 3206 6557 8323 
3 1706 3565 4614 
3 9215 7365 9578 
3 3121 2038 8634 
3 4308 837 5132 
3 8231 4427 7830 
3 1259 9514 9057 
3 8249 2912 4915 
3 2950 9801 8771 
3 2311 2604 1382 
3 9742 1908 7687 
3 54 1387 6754 
3 1378 2611 960 
3 3228 5497 9908 
3 7428 4571 393 
3 4783 4741 4082 
3 288 9667 9499 
3 9139 7880 6531 
3 5110 445 3823 
3 7066 3926 5477 
3 2648 9463 8837 
3 4817 1416 1889 
3 9543 2948 7405 
3 8784 473 4510 
3 4927 2285 3266 
3 8874 7964 3962 
3 3435 759 5653 
3 3049 8446 271 
3 4776 6584 7581 
3 1648 5028 1481 
3 4429 6807 3891 
3 4957 2670 6983 
3 4602 7188 9676 
3 4910 6664 5731 
3 9018 3005 411 
3 3529 9155 4812 
3 9360 1988 5619 
3 3885 3796 5006 
3 6701 2126 703 
3 1253 6549 1282 
3 5259 1496 2375 
3 1347 1909 9116 
3 2252 4769 7700 
3 3915 5882 263 
3 9204 6538 6433 
3 1560 3970 9302 
3 5465 3812 6186 
3 6945 9248 8251 
3 9003 161 3090 
3 129 8275 4112 
3 330 622 615 
3 9604 5918 9502 
3 6098 8865 5517 
3 6327 4062 3701 
3 1508 731 514 
3 4630 994 1994 
3 3804 8023 177 
3 5688 6933 8617 
3 2833 2250 3433 
3 4396 6539 9838 
3 7917 7388 9278 
3 258 1825 6172 
3 9802 8549 6359 
3 7720 6210 976 
3 9669 2708 2802 
3 6573 879 8920 
3 3134 4039 3743 
3 2679 7094 5527 
3 1498 1531 8622 
3 3703 7229 2306 
3 6615 4430 4236 
3 4664 3077 7437 
3 7248 3293 6638 
3 8761 9699 3736 
3 6152 2078 6138 
3 3417 110 890 
3 7342 678 1166 
3 1238 6958 6234 
3 2920 6250 8602 
3 3793 6242 6174 
3 2748 6224 2148 
3 3221 9425 7894 
3 2253 1784 7862 
3 465 8690 5989 
3 2566 9709 6292 
3 5817 4243 7507 
3 2421 1066 4716 
3 3002 9270 1670 
3 8371 4972 8544 
3 8375 7254 2416 
3 4171 4183 7704 
3 9494 6943 9017 
3 1934 4414 2626 
3 6688 3194 7913 
3 1017 6659 9501 
3 4832 1833 1969 
3 8456 6280 833 
3 1554 666 9014 
3 371 1658 7558 
3 8037 8149 7509 
3 7415 9906 4530 
3 580 6618 3084 
3 7663 135 634 
3 1538 8708 6999 
3 4305 5712 7642 
3 2030 4280 7956 
3 5084 9490 6299 
3 9461 8471 1366 
3 8479 9869 4558 
3 6115 9599 2389 
3 1771 32 96 
3 7516 5120 9511 
3 657 3825 3514 
3 2804 1491 2316 
3 79 8039 8792 
3 3059 6451 8495 
3 5299 5948 3503 
3 6368 3383 8886 
3 8687 3733 9390 
3 1615 7623 6093 
3 2571 5681 9548 
3 2560 5053 7235 
3 9085 4150 5482 
3 4948 1520 5566 
3 2690 2052 5782 
3 443 1316 5719 
3 4636 8041 5177 
3 9498 2424 3150 
3 6393 5755 5107 
3 9493 4428 9804 
3 9695 8369 5325 
3 9182 6500 6707 
3 5126 3369 1694 
3 8630 3126 173 
3 1215 750 1136 
3 7060 9253 791 
3 4505 2618 4113 
3 3386 6696 5402 
3 18 5100 7056 
3 8197 5083 9825 
3 552 8606 3840 
3 1279 6843 5316 
3 4084 80 5393 
3 2213 8118 4476 
3 7785 7381 3797 
3 806 2589 9129 
3 9283 8171 421 
3 6681 3146 2089 
3 5331 3555 5407 
3 4017 3169 3587 
3 7102 7583 5486 
3 3690 2255 7012 
3 6794 9907 357 
3 4411 1120 299 
3 4312 2080 9605 
3 3359 691 9078 
3 9521 8016 8546 
3 6976 3761 8135 
3 5722 4967 2722 
3 9060 7530 3187 
3 6032 5309 1140 
3 1828 1567 1789 
3 3655 1088 7436 
3 888 2154 1474 
3 7334 3696 2071 
3 3283 8014 185 
3 3344 8213 4163 
3 93 9448 5981 
3 8940 7681 7175 
3 700 9858 3897 
3 1232 6145 2508 
3 1950 2040 6398 
3 13 7579 3576 
3 4502 9800 2826 
3 3348 8813 4498 
3 8143 2607 3468 
3 254 8228 6552 
3 4977 2365 7845 
3 7179 372 5172 
3 3471 3713 8084 
3 5420 1891 8476 
3 326 2846 5534 
3 661 6683 9245 
3 9106 6863 1596 
3 2689 9813 5853 
3 3009 5327 4337 
3 8286 8064 2640 
3 5041 8986 7221 
3 8413 3064 2871 
3 847 5258 6386 
3 8696 4616 9541 
3 5549 356 8141 
3 9315 8739 4693 
3 9102 5319 9630 
3 1731 1009 2008 
3 9324 5487 2434 
3 8120 3593 7124 
3 4954 3275 5819 
3 8433 3604 3264 
3 2854 3294 1832 
3 2723 8166 3689 
3 4605 343 4858 
3 9471 294 5156 
3 2095 4394 7307 
3 6438 8552 4421 
3 6006 3012 6085 
3 2466 1957 3552 
3 3856 7325 5573 
3 7520 1674 216 
3 9297 5804 1419 
3 4407 4599 320 
3 2380 9293 3920 
3 7737 4688 9045 
3 6492 625 6282 
3 1374 8227 5826 
3 2785 7168 1273 
3 9202 7711 5459 
3 4696 4904 3868 
3 6075 6769 8633 
3 7731 8782 9391 
3 556 2736 4106 
3 1465 7560 3849 
3 3613 6867 7377 
3 9179 5007 9226 
3 5632 5637 1067 
3 1921 1162 2423 
3 7831 5698 9150 
3 4908 6919 7166 
3 5590 2214 9339 
3 282 5721 6950 
3 6401 5888 6548 
3 620 9910 2959 
3 2704 8627 610 
3 7574 8700 2795 
3 2801 9482 3492 
3 1310 2195 1565 
3 3764 2855 7159 
3 9354 7399 9451 
3 5914 7800 3431 
3 6460 1336 1098 
3 4563 2762 248 
3 8337 1880 9077 
3 6725 7521 4761 
3 53 1876 5871 
3 183 1390 1625 
3 3606 8762 1878 
3 5847 5060 5674 
3 3517 9052 9833 
3 9443 6416 7200 
3 9176 4443 6097 
3 2584 4673 3490 
3 3259 7261 7140 
3 4882 9880 1856 
3 114 139 67 
3 8698 5509 1388 
3 9808 2279 1563 
3 7656 8753 4819 
3 3582 8360 7535 
3 8163 684 826 
3 5409 6602 2585 
3 4298 9616 1964 
3 7416 7444 3167 
3 5724 9822 5857 
3 1443 9756 4419 
3 3942 5800 5823 
3 5133 992 2451 
3 1345 8492 958 
3 1494 6650 5743 
3 6524 6007 5935 
3 7710 5644 8086 
3 6594 6883 9903 
3 9790 7285 2896 
3 8910 772 8662 
3 447 8134 1842 
3 1728 2151 7133 
3 7846 538 1002 
3 3423 3580 5074 
3 947 3984 253 
3 9401 5675 5652 
3 8658 5072 4583 
3 84 229 3772 
3 9237 9124 3119 
3 9867 5923 5531 
3 7174 1313 2081 
3 5181 3168 6499 
3 5798 4758 5801 
3 8574 7608 5206 
3 966 7833 1655 
3 2270 5284 5368 
3 5500 9317 1679 
3 8198 496 9620 
3 7452 1346 1141 
3 2400 2832 4054 
3 7390 9024 2259 
3 7057 7706 8913 
3 3500 4754 7429 
3 9249 9666 4455 
3 7082 7523 5671 
3 782 7201 6886 
3 482 7061 92 
3 9136 4740 7127 
3 6187 5700 1928 
3 1248 8760 5777 
3 7500 5436 904 
3 9697 7263 5226 
3 3989 2111 2398 
3 9095 5994 1877 
3 1779 9597 7434 
3 8021 2682 7288 
3 1037 2538 261 
3 5469 8385 8684 
3 3333 5829 134 
3 2683 9405 7375 
3 3933 280 2298 
3 1666 6166 2369 
3 2004 9066 2222 
3 7252 8527 7787 
3 279 8720 6545 
3 7945 1533 256 
3 1902 3826 2716 
3 2500 5900 310 
3 3741 8158 5673 
3 5466 3394 7968 
3 4294 5297 189 
3 5723 313 9826 
3 8535 6537 6973 
3 874 4567 4207 
3 7691 6028 1071 
3 5250 2769 8390 
3 6052 7216 5666 
3 7995 9370 4822 
3 2622 596 8899 
3 7547 4564 626 
3 2455 2265 2357 
3 2539 5561 8903 
3 2301 2505 5265 
3 8984 4423 2015 
3 8438 2805 749 
3 2520 407 4437 
3 2344 7741 9876 
3 7272 1228 2598 
3 7130 9460 4402 
3 3390 5692 2332 
3 4798 352 8377 
4 3524 2891 4019 7974 
4 1925 3607 3409 59 
4 1026 9334 6606 8711 
4 4028 9457 1887 3196 
4 5410 1252 9673 8090 
4 2013 5152 5401 7738 
4 6723 6136 799 6349 
4 5929 3152 460 3925 
4 2051 9446 9795 362 
4 828 8500 2601 6816 
4 8128 8980 6970 4042 
4 117 4880 7041 7540 
4 9287 1193 9165 2482 
4 8724 6738 3795 1590 
4 6515 5705 9221 4797 
4 9675 7383 7759 4372 
4 631 2075 7309 6764 
4 8220 5956 8122 478 
4 5799 2356 9492 8830 
4 6321 7893 1339 5302 
4 4568 434 5972 5602 
4 1983 2050 8872 9853 
4 4486 8097 6931 3151 
4 5942 6955 99 8809 
4 9617 8001 8738 4707 
4 7969 3681 5825 3203 
4 7480 9386 1262 3091 
4 8819 4474 4643 9645 
4 1954 6694 1062 6471 
4 9651 9472 9062 6002 
4 8178 4384 7289 4742 
4 3233 3048 4837 5630 
4 3428 7196 6446 7493 
4 1667 3395 6679 5655 
4 7458 6111 3047 2913 
4 7158 6390 8262 2993 
4 5357 4484 7294 2342 
4 5827 3052 5264 4949 
4 3628 8982 4157 999 
4 5858 6347 1373 658 
4 4093 6995 8423 2544 
4 2376 3255 832 9318 
4 5818 5521 1170 7774 
4 2113 6676 6869 9881 
4 409 7501 7695 8388 
4 2215 3834 6699 641 
4 1112 9267 8836 9276 
4 503 6511 309 4657 
4 6240 1791 132 1970 
4 2045 3948 1932 9068 
4 2953 5278 8453 8338 
4 8055 7372 5037 2600 
4 2465 612 7569 2443 
4 8744 1367 2536 4680 
4 2164 4928 6266 3896 
4 9263 4138 7526 1412 
4 9584 8994 9654 21 
4 1919 6328 3608 3673 
4 8472 4371 9513 5889 
4 4683 1684 3895 7148 
4 8174 1044 869 7758 
4 4623 51 6076 1720 
4 6493 3882 2810 2635 
4 732 9298 1275 2735 
4 1796 4201 9239 6874 
4 5478 5471 3223 2323 
4 3467 900 2581 4227 
4 467 7588 5255 2517 
4 7940 8223 557 3567 
4 43 9899 6132 1729 
4 2639 863 5962 4775 
4 6984 8645 5170 1440 
4 2359 8082 9747 1722 
4 0 2951 9426 7391 
4 5648 4979 7364 8878 
4 3021 9254 1865 2829 
4 2664 9040 7994 9860 
4 9602 9433 5276 5840 
4 5389 3487 4813 3120 
4 6881 415 1042 4644 
4 8773 1976 4803 8767 
4 154 199 7494 3189 
4 3601 4546 88 1438 
4 2491 7525 28 2684 
4 9495 6957 4591 4360 
4 6196 6231 2127 4939 
4 5886 4610 4929 6902 
4 910 5039 8461 7107 
4 1739 2200 9727 5625 
4 6377 3205 8304 969 
4 1734 5643 6667 6309 
4 4196 4559 5562 2530 
4 5831 9242 4987 1936 
4 7645 4864 7134 8015 
4 3497 7914 5211 9439 
4 1808 6046 6733 3117 
4 6353 4253 8918 882 
4 1965 7654 6831 6641 
4 618 1178 5193 4917 
4 6882 1989 9101 8950 
4 5667 6663 4362 4023 
4 7674 1513 2824 2069 
4 7021 3603 6189 7353 
4 7058 8635 8398 5600 
4 7877 8963 1284 5815 
4 5525 8796 8585 724 
4 6825 2370 2747 9438 
4 1333 672 9544 406 
4 4006 6827 2698 8343 
4 1713 126 9232 120 
4 8517 3914 3309 3573 
4 4404 7991 670 1115 
4 7236 1258 2243 5928 
4 438 7075 9335 3160 
4 360 8798 9069 2628 
4 4655 5437 4399 5352 
4 6448 2900 2086 7859 
4 9198 5207 6971 721 
4 6436 7647 2966 5697 
4 1866 7164 2338 4247 
4 2926 3711 7536 351 
4 6932 3935 8701 6323 
4 8820 8776 3995 8428 
4 7798 81 8060 332 
4 5974 9284 8673 6308 
4 5794 7600 2843 7957 
4 6487 1001 4956 1151 
4 1082 4378 3314 6502 
4 627 7836 1212 5229 
4 9286 1181 8062 8148 
4 9346 1274 7875 14 
4 5470 8930 2594 607 
4 5876 765 3569 940 
4 2710 3262 3902 3023 
4 7931 1949 5247 1967 
4 9154 170 6868 1000 
4 6039 777 2371 3476 
4 1257 7519 4346 210 
4 9831 1048 2556 1545 
4 2110 5836 4975 7010 
4 9542 2610 7947 3893 
4 4311 2561 3541 803 
4 9244 3978 1547 3760 
4 7083 7651 7839 5464 
4 1841 4353 5382 9656 
4 725 8470 7361 2486 
4 3099 7679 104 6992 
4 2970 3688 6710 817 
4 6153 252 3406 3295 
4 5751 8236 9279 491 
4 9773 4463 1230 7145 
4 470 7419 5970 7666 
4 8137 2196 3755 3976 
4 5647 7912 5253 7033 
4 7271 3164 4547 9272 
4 715 8746 3403 6673 
4 9770 349 7189 9785 
4 3291 1879 3475 7825 
4 6165 8071 6372 8395 
4 4638 3752 244 8536 
4 6595 9689 7300 8642 
4 1818 6727 5059 1323 
4 8750 247 5802 6334 
4 2608 536 6192 455 
4 2324 9153 7439 8465 
4 6289 1821 6717 1278 
4 8162 876 7227 8779 
4 9618 5245 8354 2220 
4 9879 9902 1218 2988 
4 6369 1100 1718 3106 
4 3802 4626 7478 4145 
4 6530 9560 861 3643 
4 363 4392 3042 6786 
4 8224 7215 1947 5440 
4 7209 7874 6045 4349 
4 1126 3251 1794 973 
4 3960 1287 3794 4068 
4 8257 1710 5163 2212 
4 864 3211 1441 800 
4 151 6730 2874 1944 
4 8801 9647 4883 9329 
4 2749 1516 4225 3887 
4 82 8778 1101 7017 
4 8891 916 201 692 
4 4600 3749 8966 9799 
4 7346 6752 3708 4781 
4 1486 9423 4522 1452 
4 9325 2012 2305 1004 
4 8127 5165 6605 4202 
4 4180 1191 9159 8624 
4 6284 1521 7150 2654 
4 2448 8889 8264 4732 
4 5376 6536 2992 7755 
4 7376 9687 405 4491 
4 4873 8247 2623 1752 
4 4726 878 2587 2439 
4 8505 594 8400 4674 
4 9265 1138 6629 5708 
4 8914 1504 6529 2702 
4 7620 4365 8241 7073 
4 4768 257 6143 4351 
4 4124 8277 4771 8199 
4 8309 3237 6884 3010 
4 2010 6501 4286 5054 
4 8612 3229 3996 4974 
4 9055 8743 2777 3560 
4 8234 303 2175 6534 
4 4456 3008 6071 1860 
4 4080 8974 9228 4089 
4 2221 2494 8462 298 
4 3669 5739 576 2890 
4 4167 7689 3244 1281 
4 2340 6661 4556 7446 
4 5142 8401 5075 6434 
4 5001 148 7778 540 
4 1792 5533 778 2457 
4 7867 907 6828 9323 
4 2115 5427 1207 8415 
4 3374 5271 8397 8328 
4 8059 3185 8005 2756 
4 6911 9134 4445 6941 
4 2060 3791 2064 4916 
4 4779 4685 8835 2985 
4 3363 6488 1805 1854 
4 5246 7163 7926 5337 
4 451 2458 1883 118 
4 5311 7279 7401 3429 
4 8459 8068 8861 1495 
4 991 8463 3004 7562 
4 2999 6384 5926 3153 
4 249 3199 4348 9028 
4 6081 613 8893 7291 
4 7544 4746 6722 7340 
4 220 568 2562 5175 
4 6495 4589 3143 7781 
4 8614 7996 6465 7118 
4 1467 1077 2074 6841 
4 4895 7182 952 6014 
4 8591 2927 4898 5040 
4 3512 1233 7217 3504 
4 8596 3133 7852 4412 
4 8985 2198 1986 1677 
4 8469 3129 9313 6197 
4 5997 8814 7927 5769 
4 7782 8650 4656 7488 
4 7605 6756 375 7835 
4 5580 3188 9252 780 
4 5093 36 6461 1343 
4 1651 4176 3465 9375 
4 933 1559 8139 1225 
4 5768 3619 9087 7328 
4 1226 1227 7985 8216 
4 333 1054 8351 7237 
4 5495 768 6929 5880 
4 758 5668 3459 7904 
4 6640 8096 1396 6044 
4 7319 9210 9209 2185 
4 7036 8254 1455 9539 
4 7789 5830 6399 5895 
4 7198 6697 5058 2275 
4 3782 4315 8525 8996 
4 2643 9445 3148 6547 
4 6964 5513 6325 7312 
4 486 6283 78 6001 
4 6011 4060 1444 835 
4 3343 6245 7723 4669 
4 7888 7 5288 1456 
4 5577 8407 8045 593 
4 2377 4731 6029 4172 
4 9834 8560 3478 4186 
4 8948 3679 570 8098 
4 6908 7821 8410 7534 
4 5167 1290 8810 6358 
4 8050 7993 4206 4127 
4 7871 2429 1175 2025 
4 6985 5114 6571 3635 
4 122 8827 8079 4262 
4 9301 3956 5223 987 
4 6235 7685 2583 3086 
4 4179 8522 4026 3292 
4 848 9561 7081 7611 
4 2053 5406 1145 8957 
4 4545 4676 5685 5890 
4 5863 6441 7897 2361 
4 9622 5663 4232 7374 
4 6114 8374 9736 3845 
4 7664 7934 614 1128 
4 3180 4513 4962 7355 
4 8888 2229 9175 3191 
4 9343 5979 3640 8336 
4 474 2121 7016 7129 
4 9115 3408 8151 9553 
4 7472 1291 7788 8805 
4 5086 1823 3766 775 
4 7503 1298 7622 2606 
4 7989 5029 4887 7427 
4 6208 1956 8093 69 
4 3037 9180 1564 4889 
4 5691 72 9058 6803 
4 8482 8726 4897 1165 
4 7580 9126 4793 8256 
4 5919 8007 5328 8841 
4 1942 668 2590 6980 
4 9803 5236 8130 9348 
4 2546 8735 956 8276 
4 859 5457 2866 8840 
4 3268 3946 6648 4050 
4 3271 7986 4728 1629 
4 8493 7708 1246 894 
4 1499 6216 2595 8747 
4 7485 9850 7858 3235 
4 886 4059 5056 1018 
4 1929 7840 7324 6896 
4 6219 2456 4687 3304 
4 6428 1683 7842 6233 
4 5797 1330 6211 4886 
4 9757 2659 5511 9558 
4 5848 8411 9652 5568 
4 5151 2350 7870 1912 
4 4808 7103 8703 4224 
4 816 6651 2582 546 
4 379 8072 3334 5944 
4 4840 1196 3351 2446 
4 111 3921 365 4721 
4 6291 9275 4611 4041 
4 6768 6202 5995 4944 
4 4842 1034 366 6326 
4 1746 8266 4152 7791 
4 9422 5932 7206 871 
4 5581 3022 2218 547 
4 8292 8981 4104 4328 
4 5087 8004 6313 698 
4 8685 1146 429 2333 
4 5378 680 7635 7024 
4 4288 2219 8441 7998 
4 9063 7522 774 2713 
4 4379 8498 1541 7829 
4 6635 6700 8543 6797 
4 9357 9140 7128 8056 
4 6026 2266 9538 4162 
4 3399 9034 3627 1534 
4 1224 3449 1426 4514 
4 468 5235 3083 3579 
4 8937 8047 8641 1425 
4 8152 8829 6718 1464 
4 8297 4178 9851 4750 
4 3353 3884 2955 2732 
4 479 930 400 17 
4 6139 7101 2331 5762 
4 5372 5336 1972 9615 
4 3438 7824 1080 9574 
4 599 4117 2120 9776 
4 7266 8316 3630 8659 
4 5936 903 3396 1869 
4 4075 1716 7533 9625 
4 5603 609 8467 4516 
4 1507 6121 209 1361 
4 801 7609 9603 4439 
4 895 3705 2647 3290 
4 1305 9217 7820 5365 
4 8387 2057 8333 9717 
4 1184 1124 6102 6089 
4 2518 2509 5176 8843 
4 7389 3163 712 50 
4 6049 109 7539 6246 
4 3213 1772 7440 6949 
4 7883 1389 7802 1584 
4 3636 4576 5218 8640 
4 2979 6510 7890 3316 
4 4285 953 1707 2055 
4 3242 5639 4697 5621 
4 8054 3102 1556 7790 
4 856 9449 1254 3477 
4 7190 8430 1479 885 
4 6407 404 3991 5204 
4 7173 3280 1447 3488 
4 4324 8666 4501 5556 
4 8300 5684 2410 860 
4 6946 1404 5778 3759 
4 3667 8265 5638 7719 
4 9900 7231 8138 8486 
4 1646 9594 8044 5219 
4 8067 2925 1549 4306 
4 6920 1984 5373 9089 
4 7186 2449 6728 1160 
4 8953 6553 4913 8530 
4 3775 8811 2183 8112 
4 5149 9011 7255 6383 
4 6936 2617 4729 2049 
4 1604 4095 6509 4861 
4 9181 6306 6124 2003 
4 5980 3770 8569 1471 
4 9788 5099 3756 8160 
4 9122 5002 4923 6682 
4 29 4438 8104 4400 
4 8934 4470 5212 4226 
4 8693 6847 8555 5025 
4 5494 2160 963 8181 
4 4244 7292 9473 5445 
4 8107 6175 8077 5960 
4 4562 1078 85 6657 
4 5796 7441 5062 7592 
4 2533 5737 8460 6213 
4 2930 6316 7449 2630 
4 7074 6285 5752 8203 
4 6947 9191 2757 9168 
4 4601 2895 3957 8131 
4 6137 6027 2766 3174 
4 4899 7929 8489 5790 
4 7473 3958 2024 2865 
4 62 9051 1356 8663 
4 5850 6864 4755 1180 
4 5279 1295 3227 6047 
4 3652 3872 6793 6969 
4 4946 696 5221 687 
4 5741 6748 3493 1576 
4 6865 5913 5779 6271 
4 2811 8754 6239 5569 
4 4045 3419 2567 418 
4 8302 5601 1285 6762 
4 2088 9409 9912 9844 
4 4398 9185 2122 7511 
4 3965 3029 5013 1473 
4 146 5178 9366 8381 
4 8020 8506 194 2109 
4 4231 598 1014 7694 
4 1045 7513 8541 766 
4 2997 7677 7270 4265 
4 9326 2821 4894 2488 
4 4397 2413 8924 7901 
4 2260 4223 4208 4823 
4 1981 2958 9760 5008 
4 6475 3598 5069 711 
4 8868 4902 550 1603 
4 1999 3250 7575 6974 
4 4468 3222 2216 5379 
4 2922 3880 3892 6628 
4 5550 2394 8638 1802 
4 7949 8404 3036 90 
4 5198 4297 4401 4921 
4 2928 998 6241 8559 
4 172 2119 7505 7481 
4 9749 6447 3932 283 
4 508 3677 8365 8791 
4 2990 6763 2967 6997 
4 9197 7063 9054 9145 
4 5664 4283 2239 5385 
4 9854 1204 5383 8319 
4 5417 7702 6623 920 
4 3458 6523 2036 7564 
4 4277 6269 7717 7283 
4 2469 7386 2998 3919 
4 5783 5203 4245 9235 
4 3842 5123 968 3875 
4 7313 8367 2796 4990 
4 3184 8088 4417 2197 
4 9377 6981 2612 3035 
4 6277 989 6904 7425 
4 3901 9382 3699 7848 
4 718 8043 2554 9734 
4 2381 4570 7341 5483 
4 7822 8729 8710 6858 
4 2877 4340 2063 5813 
4 6859 9674 4136 6130 
4 1871 1968 1060 6721 
4 8759 6342 9684 9304 
4 5927 5773 5965 870 
4 1235 6619 6483 9579 
4 74 914 6525 535 
4 7055 1662 8608 1198 
4 4618 2921 3112 5248 
4 7712 4561 6610 5864 
4 2677 4352 6397 1459 
4 951 2738 2844 9319 
4 3142 8704 4393 7443 
4 7197 4370 986 3137 
4 543 9557 8978 353 
4 3661 4115 5472 3745 
4 7784 4884 5969 3045 
4 3437 2420 9611 2007 
4 3535 9203 7878 6022 
4 108 1132 9487 1451 
4 138 8483 8502 7169 
4 8194 2432 6809 2547 
4 5315 1551 9563 2917 
4 7054 9706 6333 2828 
4 4418 2964 644 5595 
4 5448 3502 2419 4597 
4 6053 7123 5807 9104 
4 323 5787 5512 2880 
4 6112 1536 3281 8324 
4 2139 3571 5680 1260 
4 1052 3412 6422 7868 
4 2586 7794 5474 5916 
4 581 2017 1029 4881 
4 7187 4367 726 3313 
4 8123 4672 3988 3219 
4 2358 1589 4955 7306 
4 6258 5909 6043 3537 
4 3192 1814 5341 6939 
4 1458 7154 3327 2725 
4 1580 9728 7454 7084 
4 1569 8408 1241 3096 
4 3722 1767 4876 6482 
4 3046 9862 5489 5576 
4 2660 5415 4827 8995 
4 6261 7245 4405 2023 
4 6418 8165 3953 6871 
4 8588 9029 3531 3781 
4 877 7936 2506 5613 
4 4449 2489 5786 2768 
4 6852 4240 4834 2869 
4 9056 8578 9598 3656 
4 5139 2633 6678 6370 
4 6037 5020 8341 4520 
4 4197 8172 5188 6655 
4 5272 4310 307 5514 
4 5349 3473 8442 7808 
4 2005 5103 1898 1450 
4 1403 941 6134 8908 
4 6702 5952 5027 2 
4 8707 2191 6058 1046 
4 8877 4257 2149 7192 
4 9137 7314 1385 8353 
4 180 321 7596 1272 
4 701 728 6751 7644 
4 2882 1835 9648 3532 
4 896 6670 6120 9005 
4 5902 5183 7577 2425 
4 4590 217 9200 5475 
4 3404 7172 9074 1692 
4 1239 571 6734 2934 
4 9164 6190 7553 1647 
4 961 7068 686 6302 
4 8468 3939 2101 2278 
4 9713 8291 2911 6944 
4 7703 1338 1635 412 
4 4947 9554 2041 1926 
4 8177 884 8414 9364 
4 9015 3550 6456 6354 
4 5147 4719 4090 5873 
4 2791 5257 3442 8246 
4 516 8853 6279 1350 
4 4617 6255 4926 6589 
4 8933 1130 5775 8651 
4 7138 8311 7951 5269 
4 2339 6078 5879 5051 
4 3513 9794 4560 6016 
4 6265 2472 1113 6159 
4 9098 3860 5085 3585 
4 9637 2330 2161 8046 
4 2944 3088 6563 6356 
4 2343 8344 5986 1637 
4 1117 1096 1892 6042 
4 1267 3737 3913 9793 
4 617 4156 9470 3434 
4 8702 2904 9875 3929 
4 5310 7688 5730 3631 
4 9268 289 9729 4355 
4 7524 2733 7966 8439 
4 3238 2550 4029 5386 
4 3574 7223 7721 7849 
4 5528 8063 23 7426 
4 4778 2902 4594 9413 
4 7632 9086 4951 6450 
4 9784 1487 7911 7935 
4 4500 8083 3952 5507 
4 4081 8168 9455 9166 
4 9504 7747 4922 1099 
4 8298 8582 3874 9663 
4 7135 3807 181 3971 
4 1680 2258 9332 2705 
4 9431 1899 462 6633 
4 1348 3539 6550 7233 
4 1064 1059 2029 4222 
4 2573 6315 8429 3519 
4 7546 8572 9510 5233 
4 6630 6770 8576 8116 
4 6329 5202 6767 8221 
4 6808 3506 3719 2042 
4 7402 5717 6559 6854 
4 2240 251 1681 4065 
4 2576 1588 1167 205 
4 7728 8790 4694 4581 
4 3341 273 4188 5332 
226699081