1628
2 8635 4664 
2 2613 7790 
2 7752 4918 
2 754 7499 
2 407 5295 
2 1905 3887 
2 605 9244 
2 1275 6688 
2 3360 2453 
2 9789 2486 
2 4431 455 
2 1189 9992 
2 7414 7238 
2 9483 4902 
2 7528 7479 
2 3814 6018 
2 3563 8109 
2 751 4379 
2 7474 7913 
2 9464 4894 
2 6206 712 
2 1724 8498 
2 394 4493 
2 5580 3035 
2 2169 1042 
2 888 9493 
2 2379 8223 
2 3480 357 
2 3326 1244 
2 7781 4087 
2 832 3096 
2 5497 2943 
2 8278 8489 
2 8499 9544 
2 1569 4263 
2 4237 6248 
2 4133 7395 
2 8052 1970 
2 7311 5699 
2 1432 3315 
2 2659 5968 
2 3127 2308 
2 8783 9637 
2 3099 2433 
2 7988 2252 
2 1183 1167 
2 479 7165 
2 5296 6424 
2 7583 880 
2 4825 7958 
2 1778 9374 
2 9226 7883 
2 2703 5084 
2 5093 6879 
2 4637 8299 
2 1698 8705 
2 2457 1102 
2 2745 8134 
2 4634 5667 
2 6826 5756 
2 753 8973 
2 9413 5445 
2 2935 2223 
2 6462 7746 
2 7512 5987 
2 3804 8168 
2 3316 8939 
2 1438 523 
2 7374 2263 
2 45 546 
2 969 1510 
2 2563 4639 
2 1953 6689 
2 7381 4702 
2 6595 6904 
2 8912 303 
2 19 8664 
2 1536 7375 
2 6200 275 
2 9649 1490 
2 4281 4348 
2 5656 3312 
2 6880 5095 
2 8469 9852 
2 148 6310 
2 1173 6360 
2 1576 2586 
2 8991 1235 
2 5878 3938 
2 1080 1164 
2 8203 2077 
2 9583 9783 
2 5397 801 
2 9034 2750 
2 1526 1397 
2 8221 6388 
2 4936 2092 
2 5943 683 
2 703 7533 
2 2951 9169 
2 6349 5451 
2 4701 2192 
2 9159 4958 
2 6921 2903 
2 8731 2772 
2 8949 2783 
2 3832 2187 
2 1668 6603 
2 849 3064 
2 5643 7493 
2 5099 7594 
2 8461 4912 
2 5468 3188 
2 5024 6847 
2 2215 853 
2 6068 684 
2 5576 6227 
2 2596 731 
2 3330 9874 
2 5235 8440 
2 2630 2049 
2 3133 329 
2 3565 4418 
2 6448 7102 
2 3882 700 
2 3891 5737 
2 738 3411 
2 2619 409 
2 2460 7545 
2 763 8062 
2 8709 5606 
2 8112 2055 
2 7969 8000 
2 4356 1208 
2 5346 2585 
2 4107 414 
2 3712 2405 
2 5276 2481 
2 8049 1715 
2 9400 225 
2 6581 539 
2 935 4560 
2 2117 3324 
2 6257 7547 
2 2837 1312 
2 4943 336 
2 5022 4656 
2 1780 8515 
2 1976 6691 
2 7253 1859 
2 3087 8543 
2 5752 2955 
2 1186 3393 
2 9593 906 
2 5020 3345 
2 1571 454 
2 8365 7938 
2 7536 7928 
2 2672 2754 
2 4334 7538 
2 5882 2464 
2 7040 1012 
2 126 4864 
2 9551 9924 
2 1216 5448 
2 6326 8944 
2 896 7961 
2 5512 2051 
2 3465 6127 
2 4833 485 
2 7149 3996 
2 4736 4240 
2 8378 1422 
2 5530 3701 
2 634 4829 
2 4137 9696 
2 6701 628 
2 2850 7079 
2 7553 6233 
2 7145 8379 
2 1762 5807 
2 8643 324 
2 3603 9533 
2 8308 9507 
2 1445 9340 
2 4171 5107 
2 4238 1237 
2 9595 3300 
2 4288 2643 
2 4613 8671 
2 2800 2366 
2 8838 1555 
2 706 1959 
2 3032 8273 
2 8401 4968 
2 8327 6144 
2 7725 296 
2 2759 7318 
2 3613 6851 
2 6172 9182 
2 7626 8021 
2 6743 7794 
2 1078 4722 
2 14 901 
2 6825 723 
2 7399 1779 
2 3435 2848 
2 7484 2128 
2 6115 1386 
2 9108 3606 
2 4818 687 
2 2009 499 
2 269 5110 
2 3002 3869 
2 6816 5967 
2 1768 3479 
2 2954 9100 
2 3079 5995 
2 8983 1040 
2 5326 3921 
2 3350 2549 
2 5740 1865 
2 7130 3969 
2 4757 3297 
2 4056 9678 
2 8687 7531 
2 2119 7628 
2 637 6604 
2 5870 8445 
2 1100 6741 
2 8760 8578 
2 9741 9376 
2 3752 1496 
2 1994 4010 
2 9444 825 
2 7633 4758 
2 8251 2843 
2 9286 8452 
2 5317 3483 
2 2354 7614 
2 9471 1316 
2 8857 8851 
2 2545 1212 
2 5100 6053 
2 8099 1832 
2 8045 5541 
2 8979 5809 
2 5247 9600 
2 7632 8879 
2 9867 2181 
2 3880 7013 
2 7190 3387 
2 2762 5603 
2 3634 9145 
2 4815 3591 
2 7783 2854 
2 7229 6817 
2 6613 3265 
2 696 1478 
2 2135 1594 
2 8837 6867 
2 3219 1229 
2 1463 3126 
2 1264 52 
2 3955 4682 
2 1108 4837 
2 6781 9744 
2 2934 2923 
2 5263 9070 
2 8187 5054 
2 710 6925 
2 6910 6592 
2 8580 3850 
2 4345 9299 
2 3587 7970 
2 6653 7714 
2 7540 9367 
2 494 2461 
2 1435 4183 
2 4316 5204 
2 5356 4728 
2 6966 8276 
2 9590 8363 
2 6631 4641 
2 7017 5671 
2 3206 298 
2 5362 866 
2 7373 1417 
2 1002 3884 
2 6270 1333 
2 905 4650 
2 9568 345 
2 6832 1300 
2 5488 4077 
2 289 2668 
2 3943 218 
2 6354 4258 
2 4080 67 
2 6114 7785 
2 1001 7943 
2 4374 2445 
2 2795 3636 
2 3522 1727 
2 5875 9612 
2 7624 362 
2 4632 1834 
2 1068 7662 
2 6373 882 
2 2932 7546 
2 7172 1408 
2 6325 4980 
2 5232 2316 
2 2341 8801 
2 12 8481 
2 1013 7593 
2 6445 5798 
2 4074 7952 
2 3322 9131 
2 8891 4466 
2 2925 1280 
2 4794 466 
2 262 3776 
2 7920 9764 
2 1753 6986 
2 9066 8959 
2 3824 8772 
2 9801 8723 
2 7525 1763 
2 3849 8807 
2 1494 3758 
2 4974 2993 
2 6934 1253 
2 7847 694 
2 8943 3782 
2 7713 5065 
2 3251 5826 
2 5214 2282 
2 9721 48 
2 6207 6477 
2 301 1357 
2 9967 7006 
2 4618 8154 
2 2028 521 
2 8876 2674 
2 9896 5047 
2 9881 8885 
2 2533 2883 
2 1952 84 
2 2474 4422 
2 4955 219 
2 9503 1999 
2 6139 4879 
2 1692 2798 
2 8625 7753 
2 6494 2021 
2 3399 9543 
2 467 3828 
2 7986 6073 
2 4527 594 
2 2020 6133 
2 5690 994 
2 5027 7182 
2 9670 1793 
2 7861 6977 
2 7358 7491 
2 7849 7826 
2 113 4778 
2 9807 3932 
2 9295 2346 
2 5601 5476 
2 7523 6537 
2 7812 9386 
2 5991 9643 
2 2324 4073 
2 3566 3515 
2 5228 927 
2 7206 3261 
2 3721 2593 
2 5634 2678 
2 469 7459 
2 7461 4273 
2 8830 2661 
2 5062 5612 
2 7850 5479 
2 1852 2813 
2 6309 3409 
2 5105 6872 
2 4036 7945 
2 3039 8449 
2 4977 5528 
2 1295 966 
2 222 5588 
2 3594 6637 
2 4141 4651 
2 4961 4734 
2 9429 9214 
2 4103 4972 
2 8884 4551 
2 2492 9468 
2 6150 3230 
2 8246 9631 
2 1299 533 
2 2230 4609 
2 1106 788 
2 4727 4343 
2 1083 9112 
2 6786 2765 
2 8394 4926 
2 4090 124 
2 8389 3883 
2 7544 3913 
2 8794 3269 
2 55 7829 
2 1503 4888 
2 1574 2503 
2 4153 2173 
2 1448 4303 
2 1420 6317 
2 768 7408 
2 3346 6750 
2 9898 2696 
2 7780 7695 
2 1105 957 
2 8292 2494 
2 2296 8814 
2 9781 7747 
2 2938 7518 
2 1907 5907 
2 3573 6706 
2 31 310 
2 2471 438 
2 2778 8033 
2 8140 4071 
2 6119 1903 
2 7492 9539 
2 7637 8456 
2 3871 7572 
2 3216 708 
2 4784 5459 
2 1614 9389 
2 2452 5351 
2 4809 6426 
2 7366 8189 
2 9394 228 
2 3834 5480 
2 379 8701 
2 6225 6841 
2 5200 7281 
2 8956 456 
2 1515 8290 
2 5769 7591 
2 2767 2129 
2 7607 7277 
2 4523 6017 
2 7762 9309 
2 4039 1754 
2 8014 1217 
2 2948 4384 
2 8791 8841 
2 6694 4998 
2 7537 5964 
2 4456 5836 
2 9426 7029 
2 2339 5373 
2 2111 2392 
2 3093 9814 
2 1132 1247 
2 9102 8036 
2 9010 916 
2 2408 3589 
2 615 1436 
2 3381 8117 
2 177 9540 
2 6371 5478 
2 1406 5901 
2 4808 9188 
2 3654 2537 
2 5977 9491 
2 4911 6927 
2 1199 5430 
2 1447 767 
2 8707 9566 
2 3946 5602 
2 8399 1373 
2 5668 50 
2 9688 147 
2 1771 9093 
2 5245 4291 
2 1781 6062 
2 9690 1943 
2 3767 6919 
2 4854 858 
2 139 7041 
2 4653 6444 
2 650 88 
2 7576 7109 
2 5386 1460 
2 5839 5948 
2 1951 573 
2 765 5955 
2 4636 3583 
2 8658 3229 
2 3038 1150 
2 5233 9776 
3 9862 822 5965 
3 7363 4269 625 
3 7496 9787 612 
3 4554 8051 626 
3 5947 5568 2930 
3 6982 6542 8395 
3 4501 1363 2043 
3 3112 6652 3323 
3 3925 4916 5201 
3 918 9356 9380 
3 2122 4514 3879 
3 9416 3094 180 
3 4500 8596 8500 
3 7157 5785 6263 
3 601 5658 9457 
3 9304 3974 7995 
3 8407 5926 5910 
3 2576 3592 2103 
3 5023 5558 2176 
3 161 8645 8364 
3 9109 7542 7494 
3 8347 6803 6767 
3 6550 1924 3386 
3 7708 8404 1006 
3 5409 4337 7071 
3 360 8532 4883 
3 3187 1074 6676 
3 1878 2056 5424 
3 6821 5393 5906 
3 2222 2825 6738 
3 8775 5867 5730 
3 7291 6308 5004 
3 5066 9582 5549 
3 7565 3052 2142 
3 5400 5442 6262 
3 5556 4081 5812 
3 4306 6593 7097 
3 1395 3845 1741 
3 6010 4828 6961 
3 4692 7442 4615 
3 7876 7214 3801 
3 8439 8924 2864 
3 2610 7215 4101 
3 9918 8799 295 
3 9723 928 3103 
3 2091 3825 441 
3 845 5636 3658 
3 2357 9481 1556 
3 7385 2773 42 
3 3848 865 3700 
3 5081 7103 1995 
3 5629 678 7693 
3 3928 6666 9633 
3 9734 403 2718 
3 6822 76 2311 
3 4869 260 4989 
3 7144 682 870 
3 9858 3488 8237 
3 3635 8249 5898 
3 2287 1016 208 
3 9619 3681 4131 
3 4654 7663 5325 
3 7588 4364 2858 
3 5135 1811 3416 
3 8734 4046 8089 
3 4025 1947 554 
3 4697 5086 9475 
3 3021 6099 3288 
3 8788 3496 6683 
3 963 7645 5628 
3 7679 5452 6491 
3 7874 2974 8558 
3 2984 3102 9509 
3 7825 3854 4572 
3 472 5945 8031 
3 4320 9692 4349 
3 249 9333 1037 
3 7519 6544 8400 
3 9238 4377 6104 
3 4839 8601 3180 
3 7808 7001 860 
3 1990 7087 1192 
3 1388 8765 5816 
3 140 1617 6251 
3 3611 646 6322 
3 8962 4565 6431 
3 8886 6584 9548 
3 2804 2046 1377 
3 4716 1404 4556 
3 7220 3690 7699 
3 973 8757 5536 
3 9618 5334 8592 
3 1319 2567 8391 
3 3078 1204 2133 
3 4189 4852 3104 
3 548 1806 4250 
3 9988 1028 5126 
3 5297 6214 8005 
3 8699 7123 2947 
3 3235 1608 2953 
3 3047 418 9420 
3 5167 4874 611 
3 5227 6008 5064 
3 8619 5648 1442 
3 3702 2809 8453 
3 2412 5178 1114 
3 1814 9207 884 
3 3765 1342 8285 
3 6519 4402 8685 
3 3493 8424 9520 
3 8598 1623 2645 
3 8002 3068 9472 
3 6202 2615 3781 
3 8595 2076 2648 
3 621 4079 6983 
3 3423 1318 401 
3 4406 7009 9132 
3 3156 8920 9650 
3 173 2727 8422 
3 1524 3506 8138 
3 2801 2908 6540 
3 9978 1407 9960 
3 2578 3015 7113 
3 2607 2893 8550 
3 4329 4764 320 
3 4482 1366 1491 
3 4920 1966 7522 
3 1231 665 2702 
3 1864 590 8429 
3 5747 1582 6720 
3 5563 7774 9880 
3 9768 9635 6792 
3 7921 2193 5928 
3 3548 7216 1682 
3 5675 7748 7213 
3 5831 885 5609 
3 7925 2764 9518 
3 4002 1917 500 
3 3629 4513 9812 
3 6457 5600 7362 
3 1898 2439 5670 
3 8899 2784 6392 
3 6282 3376 350 
3 7743 6570 9680 
3 2102 7051 5182 
3 2036 7697 8178 
3 8425 8970 9528 
3 2257 135 5413 
3 8561 9632 7901 
3 5368 9839 3344 
3 9232 7650 7751 
3 6808 3671 6338 
3 5398 6895 4827 
3 1588 7331 3340 
3 1272 549 3153 
3 2566 8792 6189 
3 7389 4993 5321 
3 3669 3816 7043 
3 5885 7929 3761 
3 7352 8230 8673 
3 3570 3152 1133 
3 1262 3839 908 
3 2611 8777 393 
3 816 8026 5821 
3 7740 6672 1730 
3 2246 5032 1791 
3 6751 7048 2992 
3 9198 1921 6997 
3 9187 8662 2458 
3 4577 5757 5639 
3 2870 1079 7892 
3 1249 5341 1954 
3 8123 3786 9101 
3 5593 7052 2096 
3 2160 3556 2876 
3 1430 9844 4578 
3 7005 4419 9698 
3 6950 742 397 
3 4113 527 8061 
3 9023 5215 3753 
3 3090 6029 4986 
3 3596 7350 5467 
3 5859 1908 719 
3 9953 5856 5622 
3 5403 6770 1604 
3 2711 1705 1624 
3 7480 4391 1203 
3 5920 7114 2512 
3 1868 2167 8964 
3 7225 5394 732 
3 2723 2 1895 
3 2740 7034 8126 
3 6837 1583 670 
3 331 8985 9666 
3 4515 3043 9914 
3 4769 4123 6154 
3 817 2625 9810 
3 8882 9158 150 
3 7974 4870 8466 
3 4235 1880 7010 
3 8277 3612 8806 
3 6520 9916 2159 
3 415 6489 8588 
3 9137 3240 6097 
3 9119 1611 5077 
3 1827 8458 1067 
3 7488 536 372 
3 6312 9672 9648 
3 3354 7509 115 
3 6970 3438 5405 
3 3642 5175 7175 
3 881 3459 1072 
3 6313 6379 366 
3 8106 9984 1238 
3 5565 4631 4385 
3 4115 8564 5956 
3 4945 6384 7562 
3 8509 361 7864 
3 6160 5908 955 
3 3037 9993 4588 
3 9203 2323 1962 
3 8997 2758 3257 
3 7105 7068 8398 
3 9703 5268 9699 
3 2034 300 3739 
3 8384 939 8748 
3 9791 1843 7724 
3 9067 7295 6938 
3 3215 160 902 
3 6805 62 4362 
3 4719 3835 2089 
3 4165 3242 7872 
3 850 6266 517 
3 2425 8169 5088 
3 9523 6889 3403 
3 6718 5197 9236 
3 1823 5087 7120 
3 5804 1441 6497 
3 8091 4678 3462 
3 3841 4372 1984 
3 5463 9750 1026 
3 5266 1584 5421 
3 4368 4219 808 
3 123 2158 8861 
3 3233 2001 6167 
3 3182 4953 2515 
3 6493 1697 6855 
3 7946 5432 6563 
3 7906 2806 2123 
3 1453 9642 5617 
3 4508 2165 2297 
3 9061 4284 2608 
3 544 9095 7351 
3 6819 8719 5525 
3 8202 9571 5653 
3 2785 6170 7504 
3 6871 9133 4773 
3 8511 1720 7382 
3 5300 642 4566 
3 2845 2999 658 
3 1258 3200 3735 
3 2153 5112 9570 
3 8074 3433 3637 
3 6244 5308 4326 
3 9352 1752 4267 
3 8380 7560 2911 
3 28 8737 4028 
3 1348 6765 2332 
3 2662 8233 1585 
3 7167 3157 4401 
3 3550 3923 474 
3 3659 5347 2185 
3 9305 8361 638 
3 2964 7367 3511 
3 2913 3494 8396 
3 9554 821 3118 
3 1358 8506 8008 
3 6730 2196 99 
3 1143 6780 9415 
3 4677 3597 9450 
3 6787 1470 181 
3 4679 1931 6300 
3 6645 7315 1387 
3 9824 8780 3846 
3 3198 5572 7741 
3 4089 9474 9526 
3 5911 9897 4413 
3 5770 8604 2528 
3 1218 9031 2010 
3 7278 757 3756 
3 3518 9421 9205 
3 4067 7245 8228 
3 9655 6410 313 
3 5191 3842 5169 
3 3445 7168 3171 
3 7226 5070 7889 
3 2140 2616 9325 
3 5982 8323 1400 
3 1662 5127 750 
3 4160 9792 3641 
3 3664 1004 9971 
3 785 1454 2912 
3 6255 3298 432 
3 4850 6715 7088 
3 1155 9381 9051 
3 3917 4536 2190 
3 3526 3041 6396 
3 5970 1317 9279 
3 3371 3576 4857 
3 2245 408 4638 
3 1822 4360 7383 
3 4624 2125 6622 
3 2150 1458 3909 
3 2508 8852 6011 
3 1930 8631 7827 
3 2108 9179 6759 
3 2265 2273 2873 
3 1960 7463 8265 
3 2666 5063 1257 
3 4793 7060 3359 
3 8179 7359 2946 
3 2732 4610 5120 
3 497 5579 6876 
3 25 6182 4310 
3 7755 2899 1627 
3 8306 8921 9536 
3 1537 4820 933 
3 9697 697 6369 
3 904 2886 5625 
3 6234 2589 1256 
3 1014 2138 7438 
3 6196 1632 5159 
3 5388 937 3217 
3 2694 7099 2910 
3 4411 3935 3357 
3 4248 7786 6438 
3 898 3826 2722 
3 9074 7870 293 
3 3283 6964 7292 
3 8366 4184 4270 
3 1010 8048 587 
3 6809 3106 1644 
3 8893 6783 7854 
3 4496 430 1677 
3 3431 6900 3561 
3 483 4882 6744 
3 2681 5951 2221 
3 1450 8252 6525 
3 6731 8310 4997 
3 8470 7956 2807 
3 3930 6794 4765 
3 1477 5516 270 
3 8293 9604 1731 
3 5069 7608 4242 
3 8627 2517 4892 
3 6187 1685 2243 
3 5517 7489 4370 
3 4252 5206 9660 
3 4222 6376 3524 
3 812 9482 5673 
3 2851 7195 9220 
3 3398 3042 5696 
3 8641 7433 5832 
3 1767 1160 3456 
3 7136 1772 8122 
3 5420 8607 3751 
3 5248 6753 104 
3 2642 8981 7598 
3 9716 720 3135 
3 3724 7407 4428 
3 4454 730 5957 
3 6758 4052 949 
3 8547 1673 6134 
3 9589 7689 6898 
3 9673 35 9772 
3 6330 9888 7122 
3 2179 8142 7975 
3 2398 1444 8766 
3 9502 8589 5779 
3 9884 2242 7669 
3 9834 4193 4796 
3 9372 9505 9315 
3 2816 7030 8642 
3 7541 216 5960 
3 5570 7033 9029 
3 6070 7062 34 
3 6348 274 5265 
3 8785 4239 991 
3 156 7922 7451 
3 6944 3689 2583 
3 3514 7207 856 
3 3919 7705 9201 
3 2752 4226 729 
3 4691 3546 3128 
3 1070 3709 20 
3 3069 2706 4174 
3 138 5250 1929 
3 6998 6745 6655 
3 8346 3789 10 
3 3693 1749 4775 
3 8487 9726 251 
3 724 7266 3507 
3 7260 259 3291 
3 7218 217 6988 
3 6662 9514 5380 
3 9049 3329 5357 
3 1239 1223 6579 
3 6726 8829 7581 
3 8197 8759 8969 
3 9767 6557 2044 
3 4688 1593 7732 
3 6941 5833 7335 
3 5267 8318 8484 
3 5470 7205 1645 
3 3560 8420 6865 
3 7649 5465 1321 
3 1581 1409 1835 
3 9608 4766 6509 
3 3719 4670 9504 
3 1128 6680 1902 
3 5272 7526 5306 
3 9626 7890 7534 
3 9499 3199 1851 
3 3769 9822 999 
3 9722 1565 8060 
3 9345 6923 5678 
3 64 154 5074 
3 7432 9575 3168 
3 3873 2701 6708 
3 4318 824 2647 
3 6137 8586 3367 
3 58 9677 3473 
3 6288 5408 2237 
3 4365 7991 5094 
3 6417 799 1437 
3 391 6549 8724 
3 2995 6716 9950 
3 8153 1304 8436 
3 9406 3 7441 
3 6433 6028 6684 
3 2198 6627 6452 
3 7963 537 4446 
3 185 3391 3645 
3 2950 2644 540 
3 3764 4410 4789 
3 6903 7497 4147 
3 1367 1349 5137 
3 8859 8463 9685 
3 7834 305 7972 
3 1000 1796 258 
3 1156 3632 7828 
3 2664 8824 9942 
3 4061 5652 3567 
3 8768 6473 532 
3 875 7498 6175 
3 6361 2168 3705 
3 3646 7128 8982 
3 4591 5695 8219 
3 9081 9254 7543 
3 5680 1055 3248 
3 7530 897 8525 
3 8529 4786 5760 
3 8863 5186 7240 
3 7653 7026 6193 
3 9154 5797 636 
3 4779 6319 7936 
3 3489 3259 9323 
3 9546 5540 7784 
3 4091 2495 3085 
3 5688 5717 2093 
3 8161 1586 7368 
3 3299 5881 3404 
3 2194 9629 279 
3 6811 1610 3836 
3 91 9652 5915 
3 9617 3214 3014 
3 6785 133 9043 
3 8668 5176 4873 
3 2966 3089 4849 
3 2497 1023 2286 
3 4525 6850 8351 
3 7435 2546 2929 
3 1008 9935 9135 
3 7364 2820 4441 
3 5335 3476 284 
3 7702 756 7002 
3 4643 4721 471 
3 8447 9466 2356 
3 9538 9720 7654 
3 9122 3020 5866 
3 6896 1263 6984 
3 199 1815 852 
3 5674 7131 9955 
3 4038 950 8548 
3 7148 1755 7810 
3 7390 2896 4416 
3 3263 7690 582 
3 7905 9790 3581 
3 2400 5049 7942 
3 5190 165 3708 
3 7198 6991 2094 
3 1936 8661 1200 
3 2655 5916 85 
3 9162 1694 9239 
3 5181 9488 4971 
3 1636 9105 6254 
3 5332 8155 6883 
3 4430 8540 4848 
3 6842 3218 5535 
3 6054 4506 6306 
3 3773 1672 4140 
3 2519 9979 9676 
3 5713 2580 5855 
3 8162 3864 9115 
3 4376 9645 5491 
3 4665 5194 2333 
3 6507 6634 4531 
3 3239 8279 1428 
3 4275 1680 470 
3 715 5986 1043 
3 9815 8967 5156 
3 3944 9849 8954 
3 8307 63 1540 
3 151 1686 7347 
3 8057 8201 6782 
3 6640 8287 1554 
3 6109 3276 7709 
3 7521 8767 3208 
3 6059 9794 8267 
3 1937 3965 3706 
3 7251 545 8297 
3 5224 3178 9456 
3 9039 6523 7716 
3 7183 6269 9983 
3 1337 2050 4616 
3 9654 7223 6148 
3 8594 8530 5500 
3 341 9458 5829 
3 9091 4928 8073 
4 7337 6122 2088 9695 
4 7093 7155 1077 9701 
4 5279 7696 940 1704 
4 9204 9588 560 9 
4 7164 6532 6025 5441 
4 6899 9252 6624 8704 
4 3193 1884 1426 4357 
4 6975 1172 2592 9994 
4 4152 9287 1637 9019 
4 6957 4553 6863 9027 
4 1844 847 5983 3881 
4 6 3757 6382 2987 
4 1968 9714 8996 9176 
4 5427 4991 3568 2315 
4 986 306 4949 4950 
4 2251 9164 793 6303 
4 4946 892 5155 9706 
4 1820 6948 4173 4978 
4 5117 2979 8902 9775 
4 5813 9478 559 9527 
4 6400 6043 6024 4225 
4 371 8611 4462 6768 
4 7141 5896 7287 9261 
4 6279 4040 4300 3898 
4 790 7665 1129 363 
4 2294 9613 5482 855 
4 8628 8215 4479 5471 
4 7243 7465 3829 509 
4 3586 9977 5538 6363 
4 5921 4777 7297 5431 
4 5582 4824 5559 7809 
4 460 8957 8958 4661 
4 6395 8692 9216 9297 
4 6107 1473 3856 3544 
4 7652 8209 3509 7933 
4 3527 3250 1405 8260 
4 5909 5862 6814 7516 
4 7894 4309 9796 9501 
4 4807 8144 5269 6290 
4 3055 9510 9693 4381 
4 7490 6140 3355 2317 
4 7815 9005 1380 3639 
4 6243 3348 1853 4340 
4 1058 7047 7263 6829 
4 8843 8007 7186 571 
4 2557 3464 3049 4304 
4 1777 9725 8397 7609 
4 669 2262 9143 7782 
4 7613 5693 826 4078 
4 3699 6987 8633 7778 
4 7127 4016 4295 9111 
4 7569 7275 4344 9486 
4 5895 7803 2312 9040 
4 9125 3940 1394 8483 
4 8966 2418 2455 266 
4 3779 6145 8815 2874 
4 9341 5039 5343 2236 
4 6812 2309 6031 5805 
4 8706 390 4098 9912 
4 800 4093 8502 3500 
4 9793 1362 5728 5638 
4 265 1166 7893 2513 
4 747 5721 6131 7058 
4 6091 942 7948 2834 
4 2535 8185 118 4962 
4 8444 2605 9319 4729 
4 2972 1729 6226 1818 
4 8560 1659 5792 1322 
4 9283 2853 9818 4146 
4 347 5773 3972 2270 
4 3949 7839 2871 3004 
4 2998 805 9565 1489 
4 1906 9853 6394 2846 
4 6264 6839 6703 2792 
4 1728 3651 6414 9414 
4 6924 7321 17 3737 
4 1411 8494 6838 3899 
4 2553 4440 5801 7966 
4 2654 3131 3617 4125 
4 1338 7274 6697 9007 
4 3194 1706 6980 8218 
4 5513 3181 8798 2058 
4 9920 2597 3813 9292 
4 3920 2788 4145 1103 
4 9089 7836 8736 2300 
4 6891 2253 435 7977 
4 7717 5672 2548 70 
4 7258 1957 4586 8070 
4 4973 9585 9647 5217 
4 7667 9045 7869 5778 
4 2729 752 4423 7758 
4 5981 1466 2523 3967 
4 1266 4350 9754 5006 
4 3649 8623 2213 6412 
4 8868 3582 6556 6505 
4 3572 3294 5449 2427 
4 2348 9079 8450 4579 
4 2705 2547 422 2959 
4 6482 9663 7710 6051 
4 7361 8990 5399 4341 
4 6531 7767 5361 2542 
4 7132 9056 9821 2686 
4 7884 4188 4985 6521 
4 8708 7685 453 2796 
4 2939 282 7334 6293 
4 7142 4437 6298 1153 
4 3267 8043 4280 2505 
4 610 4197 619 5080 
4 2530 7529 4486 3396 
4 9263 9124 6050 1716 
4 5330 4322 4512 4346 
4 5029 7140 9837 6199 
4 8860 1277 9904 5704 
4 7202 487 4 3366 
4 4559 7987 5418 9161 
4 6930 2569 8787 2719 
4 429 834 6084 7393 
4 2687 2877 8173 8781 
4 2571 3158 9168 7267 
4 3045 53 4914 1099 
4 3266 2988 7178 5659 
4 8976 3175 2869 3744 
4 5669 6722 1233 9940 
4 4215 8527 7107 5108 
4 5992 920 9808 1703 
4 9630 7821 1464 979 
4 8716 7091 7388 8918 
4 1427 3916 3196 9469 
4 4163 7255 4597 5605 
4 9947 8915 6132 9997 
4 717 411 772 2285 
4 6267 2027 6465 6156 
4 9777 3892 5130 9321 
4 1541 7036 3577 6149 
4 2164 7532 6474 7644 
4 5544 8818 3875 1963 
4 1355 9233 4392 9531 
4 3950 2203 6413 3083 
4 4261 3692 6036 5533 
4 1991 5534 4684 4756 
4 1997 894 1699 1992 
4 5924 1641 7848 3945 
4 4055 6487 9820 1782 
4 5017 4819 3976 5631 
4 941 7151 530 6644 
4 863 4050 3819 5446 
4 1882 2577 4192 9779 
4 6729 5679 4088 3236 
4 9359 2532 5277 2926 
4 6518 2856 1521 2404 
4 5031 2888 7319 8700 
4 8722 9749 6760 3388 
4 9157 4601 8501 6208 
4 6510 7915 8191 5666 
4 7380 6690 8892 6181 
4 3154 192 2483 5 
4 9211 733 5733 4622 
4 9258 9314 2817 9208 
4 3532 5722 699 5697 
4 1293 5490 5260 2292 
4 6343 8438 862 5818 
4 4331 37 4495 3285 
4 257 5705 2631 663 
4 8563 5939 9557 2680 
4 3691 7902 4975 61 
4 3843 6947 1201 5489 
4 8984 3334 5789 4913 
4 4915 3868 8512 8305 
4 4347 5739 1181 7817 
4 9738 671 3558 9843 
4 4059 1396 3028 462 
4 3410 7900 7193 9446 
4 5415 774 9886 7640 
4 2482 7610 4671 1308 
4 406 3523 7174 5425 
4 893 1328 8546 7597 
4 4172 7268 7998 9841 
4 1485 4041 4367 3361 
4 2118 9084 1365 7657 
4 2595 4625 792 7042 
4 1122 8116 707 5221 
4 6628 3303 6827 100 
4 5904 5486 8591 3134 
4 9717 197 5139 7878 
4 8908 169 762 9035 
4 4628 221 8101 2078 
4 3531 8657 4196 7819 
4 2933 9194 932 8816 
4 2728 5236 4540 3063 
4 9001 2017 9126 4835 
4 7692 8743 2555 7457 
4 5551 8426 6277 2520 
4 5743 8987 3305 3650 
4 4505 2403 5575 4676 
4 2810 8637 8906 9861 
4 1696 6231 993 6198 
4 235 709 4084 1483 
4 1176 3885 8416 4494 
4 9785 9769 9030 2060 
4 8557 9838 5930 6434 
4 2369 5229 604 3448 
4 7833 15 9364 6737 
4 4872 243 4455 9757 
4 6742 1928 2032 972 
4 4821 3616 130 8599 
4 1031 9842 86 7802 
4 1493 4776 6917 1766 
4 2456 8262 3688 5111 
4 6955 9651 2565 9681 
4 7501 4447 392 5912 
4 2510 5750 9605 4826 
4 3628 9517 7075 7996 
4 4804 2115 9748 947 
4 648 511 3962 1691 
4 4471 413 3601 3341 
4 7882 5838 7635 5858 
4 9795 1127 3838 1499 
4 1625 8968 1468 1372 
4 3954 2660 6928 3535 
4 2306 2256 4602 4443 
4 6006 4232 6045 5851 
4 5780 4472 142 8975 
4 6331 5828 6427 3167 
4 1360 3951 5663 8624 
4 2901 8533 1472 202 
4 8947 6852 2116 9368 
4 9919 3968 9981 591 
4 7805 9713 5608 2205 
4 2743 2149 9106 5905 
4 8270 5724 8652 2498 
4 5288 2268 9906 4305 
4 8634 5255 946 2539 
4 3903 3653 5042 2201 
4 2649 5564 2760 1054 
4 2423 6608 8454 9484 
4 5082 1821 1788 8526 
4 7967 2231 5876 102 
4 1819 1112 7845 3469 
4 8003 7242 739 3446 
4 376 4128 4774 779 
4 3941 4126 8733 5283 
4 1511 4876 2889 2952 
4 6336 4120 5973 3202 
4 7616 9431 6240 2726 
4 1180 7704 5133 6926 
4 108 1631 8041 2724 
4 7880 4186 6195 9865 
4 5257 1816 7908 9120 
4 2582 8282 1761 4096 
4 4836 8693 629 7276 
4 9675 7835 1123 1993 
4 2395 3787 2016 1785 
4 6397 7431 3184 3365 
4 4519 1872 1390 9763 
4 9965 4760 5355 8139 
4 3605 5714 326 9761 
4 6799 3679 3034 8738 
4 4963 8431 5902 588 
4 8978 4236 5487 3503 
4 1725 3148 2220 4707 
4 2956 3046 194 6736 
4 7428 1487 9083 6386 
4 8136 3543 7916 2624 
4 5883 7083 677 1045 
4 3088 3314 2841 4116 
4 911 8988 9490 1764 
4 7424 9872 4432 3468 
4 9012 8672 655 831 
4 4179 5331 9603 7471 
4 874 6420 878 5067 
4 8827 2570 2045 2389 
4 3400 3389 1298 3420 
4 8372 3624 8613 4871 
4 7777 7931 8409 6461 
4 1732 518 5195 3050 
4 1619 5894 8523 5310 
4 4354 2969 4694 3610 
4 6372 129 6221 4885 
4 814 5438 6383 8972 
4 524 7313 567 9966 
4 5913 2134 3237 4708 
4 3173 3772 4218 9653 
4 496 2438 5461 7955 
4 5365 9396 7187 4035 
4 1314 8715 5795 8887 
4 7735 1246 6728 8226 
4 2396 534 2110 5238 
4 1547 83 914 6709 
4 9657 4662 7830 9398 
4 2949 4311 33 2053 
4 4363 4221 7797 190 
4 9251 1794 5560 1934 
4 3675 9024 6232 2298 
4 5892 7589 4294 3436 
4 2978 5125 2336 9809 
4 6430 7437 2716 1336 
4 1088 836 252 1063 
4 6069 9114 1846 7703 
4 6524 9985 7727 3327 
4 7112 1500 9894 1111 
4 8493 6065 8027 5710 
4 9447 503 6810 6538 
4 8124 1775 4604 4875 
4 4730 802 5271 9576 
4 4755 3076 7856 806 
4 224 3820 4617 8855 
4 1421 5387 65 1018 
4 7918 8901 9191 9751 
4 1439 9871 9266 3537 
4 1284 56 6969 6105 
4 7037 6130 3929 8574 
4 9160 1784 6648 399 
4 3977 6974 8009 4043 
4 6012 8490 8720 7590 
4 4155 6978 3973 6347 
4 4386 5439 1900 6894 
4 5134 4433 7239 9606 
4 3434 8568 2621 1064 
4 1118 7844 6646 1971 
4 9330 7788 3081 7464 
4 3277 7599 9322 9990 
4 2018 4690 8980 3405 
4 7500 3730 157 6129 
4 5058 3271 6686 9011 
4 7730 2673 3124 2126 
4 3234 4907 6094 1612 
4 867 3027 1871 4060 
4 6058 9707 3213 1887 
4 3817 9351 583 7273 
4 7085 3988 9255 3253 
4 6793 9439 2260 4159 
4 9063 8621 1476 5953 
4 6675 6614 2030 9541 
4 2421 4710 1600 1553 
4 5518 692 5571 1529 
4 29 2371 7252 2207 
4 1431 9217 7376 8903 
4 5033 4399 4733 1162 
4 4375 3607 3082 3318 
4 7935 1873 486 5772 
4 4906 9363 7012 2310 
4 4528 2622 4297 9905 
4 3369 807 4233 7049 
4 1089 5113 5104 2824 
4 5972 9275 8303 8334 
4 4214 4788 2353 9530 
4 6171 541 7400 4994 
4 4293 3056 4655 3150 
4 205 3618 5774 9671 
4 1848 1520 9249 6087 
4 504 6845 9857 8196 
4 3439 8418 1759 6597 
4 9062 3252 4860 1113 
4 4814 2606 1267 5936 
4 8206 7520 2382 7156 
4 8373 1667 1382 6585 
4 1475 337 9901 4695 
4 8329 9973 3683 2746 
4 2859 8678 8301 6359 
4 4921 3140 3114 8105 
4 7813 3911 3547 9542 
4 8382 2271 32 7137 
4 7548 8183 6878 8881 
4 1639 277 2891 4582 
4 4328 444 5344 7439 
4 2757 9492 2191 6441 
4 229 889 9830 6779 
4 953 1509 1429 7911 
4 1506 778 7840 8402 
4 3912 8152 7265 1401 
4 9803 7745 7177 4327 
4 3247 1915 948 9285 
4 5210 734 2658 7018 
4 6485 7028 1587 4967 
4 9968 2931 7707 8945 
4 5041 9196 7574 4451 
4 4417 7221 2447 726 
4 5003 8339 7336 9581 
4 3352 2450 2775 6405 
4 6534 3762 6358 6548 
4 4745 2217 1498 5034 
4 8336 6834 4507 4301 
4 8130 6670 5011 795 
4 9269 744 8085 3281 
4 5013 1281 3827 5647 
4 7618 2359 4106 2073 
4 944 5213 3144 2214 
4 5734 9623 1142 8638 
4 4469 5954 1087 7056 
4 174 4803 1620 7069 
4 2636 1003 1347 7306 
4 8629 7684 6230 3412 
4 3615 2744 3130 4520 
4 6283 49 1269 8929 
4 7944 2340 6261 8510 
4 3320 9090 7072 7733 
4 4704 66 5301 8247 
4 5103 4555 7887 2436 
4 3630 1949 8207 6075 
4 2448 6026 3274 9939 
4 5379 9634 1291 9329 
4 5311 5337 9758 5252 
4 3254 2511 1950 3470 
4 7322 3922 5469 9080 
4 4832 5411 691 9130 
4 2071 5378 7871 1136 
4 6125 5192 2637 1599 
4 4355 6460 2989 4657 
4 4135 3569 8844 8646 
4 4608 675 5122 1849 
4 2301 8822 9296 3984 
4 3638 2473 2081 5495 
4 253 3989 7957 4908 
4 2522 2330 8718 364 
4 3661 4792 4497 8556 
4 7015 4474 810 6021 
4 890 5384 5230 2501 
4 1869 3451 2985 7994 
4 323 8156 6906 3342 
4 705 1227 7445 484 
4 7104 8774 7004 695 
4 1486 2121 3992 6222 
4 2823 6820 4216 3003 
4 5428 428 493 8092 
4 8190 5581 6902 365 
4 8677 9110 2227 2358 
4 5339 5619 1364 4940 
4 7150 3450 553 713 
4 5784 8874 2944 5294 
4 1165 385 6355 7680 
4 9259 4005 4022 5546 
4 2927 3793 6828 7863 
4 9373 9015 5185 9166 
4 6081 4855 7212 9225 
4 6844 8941 5076 5946 
4 176 7841 6117 1602 
4 2970 5745 992 6280 
4 7329 8735 5391 8471 
4 9945 4982 9032 7798 
4 3865 2082 9941 8047 
4 5506 6888 2676 2105 
4 3209 383 8242 9944 
4 7027 246 6297 6504 
4 2633 3382 5404 5890 
4 6218 2064 72 9567 
4 4397 359 1840 2894 
4 9709 5853 1710 9281 
4 3424 6565 6668 5367 
4 3579 2002 9087 980 
4 317 4058 7865 4094 
4 309 6990 2900 7671 
4 6398 2682 6914 9361 
4 6210 3874 7646 9473 
4 9856 6616 5589 2472 
4 8098 4893 3005 3534 
4 1032 9360 837 6106 
4 6985 5966 8330 6795 
4 5933 6249 478 9418 
4 6451 641 144 508 
4 4424 2986 7838 4532 
4 7415 4027 8344 623 
4 9097 6472 4752 1457 
4 90 617 6972 8681 
4 3853 9184 4158 3176 
4 6754 9422 3684 6835 
4 5338 8916 1175 2417 
4 3768 4674 5637 2407 
4 7421 3362 4614 3212 
4 2101 8102 6138 1443 
4 2113 5635 9893 7312 
4 1171 2693 1751 4957 
4 9525 1801 815 8132 
4 775 3467 5990 6551 
4 4575 2983 1863 4421 
4 9432 3818 9756 1124 
4 7403 5949 9889 8674 
4 9736 5051 8778 6169 
4 8711 1733 791 4799 
4 8554 9346 3860 2037 
4 9683 2490 5687 6609 
4 5352 9532 8679 8018 
4 6815 254 9276 8317 
4 5153 3414 6408 6588 
4 7564 5406 6629 9086 
4 5583 1384 6296 2247 
4 5610 6162 4680 3562 
4 2692 9868 5129 1343 
4 5207 5504 6746 7416 
4 7601 7290 2290 4535 
4 8392 4024 8067 6496 
4 4589 6875 7046 5523 
4 5720 1205 6678 6733 
4 7401 1158 2085 234 
4 3807 8828 170 6566 
4 5106 2272 2958 9037 
4 9467 9459 7316 8675 
4 1456 2814 1174 9975 
4 4198 971 5025 7475 
4 6042 3608 9212 3287 
4 8865 2195 6047 4590 
4 3894 3460 4841 6882 
4 4069 6174 9277 8129 
4 6086 789 4323 7354 
4 9288 3160 7857 3228 
4 2921 6380 7506 1033 
4 8669 5460 6205 5633 
4 7793 2689 977 2426 
4 2228 7234 7466 6072 
4 215 6272 1323 6180 
4 9876 7409 5768 5531 
4 6589 1736 4568 6442 
4 809 8994 9782 551 
4 9227 510 3619 6696 
4 6020 2489 4930 8809 
4 6152 7176 3185 3777 
4 1899 8926 9118 864 
4 1399 8283 7973 9407 
4 2161 5781 8175 3455 
4 4285 2811 3863 6739 
4 7098 6471 4538 4175 
4 8682 134 6481 3732 
4 4102 3221 5929 4605 
4 8377 7792 952 5864 
4 9151 5183 2289 3750 
4 8670 569 8965 2239 
4 6378 1747 9104 3822 
4 7427 111 7766 200 
4 7959 209 2304 4053 
4 7511 9930 9280 1896 
4 183 7934 8522 2349 
4 204 4274 2343 4964 
4 8812 1202 6074 9925 
4 3552 794 3784 4891 
4 1480 7678 3425 9615 
4 3520 7360 6340 4772 
4 3980 7824 8113 2558 
4 3896 7627 4478 4647 
4 2367 3319 9887 5454 
4 647 5225 2131 4567 
4 7776 7772 3811 6005 
4 4584 5630 7348 8369 
4 1251 7264 689 242 
4 1320 5918 7154 8524 
4 6102 6647 4289 5240 
4 9537 5349 8148 9449 
4 5796 3108 1290 480 
4 3584 9564 5366 959 
4 9933 9113 8853 340 
4 5496 9535 3397 2476 
4 5298 956 6721 4477 
4 5234 96 1651 2698 
4 5763 6843 95 1563 
4 3013 1629 2488 9813 
4 3458 3715 7851 3306 
4 2313 227 6778 5466 
4 5887 1671 9231 1552 
4 107 3372 8333 8922 
4 818 2329 8147 5390 
4 2229 1294 3666 2651 
4 8291 5048 7600 9419 
4 3203 2267 97 3224 
4 9343 3655 8264 3542 
4 1242 1469 4767 8271 
4 342 4797 5299 529 
4 8695 3746 1508 5931 
4 4047 3301 2322 4574 
4 766 3680 5941 167 
4 2083 4302 7660 482 
4 6237 316 7343 2976 
4 5196 5744 8544 5046 
4 1746 450 5899 8932 
4 5587 3145 7133 8864 
4 7683 9331 6813 6242 
4 2314 9403 8577 1656 
4 1774 562 6419 6639 
4 4612 7895 6163 3292 
4 8566 421 522 581 
4 2007 6421 4489 5527 
4 701 6356 9891 3647 
4 3931 473 6499 1635 
4 7476 6963 8256 7197 
4 746 3222 8542 9573 
4 3122 8995 9804 1740 
4 4387 8332 2971 585 
4 5021 3072 8585 5515 
1788846