1628
2 8161 5743 
2 9096 887 
2 6221 8323 
2 8552 7093 
2 7575 6494 
2 6876 9763 
2 3770 5039 
2 9091 5763 
2 9906 8890 
2 1063 5396 
2 7412 2094 
2 7211 1470 
2 6864 810 
2 9752 3597 
2 6613 8996 
2 7001 6575 
2 8381 6191 
2 1419 9481 
2 1164 9916 
2 1578 185 
2 8295 8697 
2 8064 3205 
2 1126 1052 
2 5452 4207 
2 2572 2376 
2 4062 8332 
2 1261 5735 
2 8967 2677 
2 3386 7596 
2 91 1867 
2 4276 6985 
2 2235 4135 
2 1206 8112 
2 2053 7317 
2 1903 8906 
2 8748 2362 
2 2459 6826 
2 78 5541 
2 9790 2119 
2 142 578 
2 7898 7263 
2 1563 9643 
2 5749 6304 
2 5991 9881 
2 3529 9121 
2 3801 9802 
2 5882 1561 
2 9885 2532 
2 1721 6971 
2 8961 6616 
2 6374 9079 
2 8032 7616 
2 1956 8477 
2 4484 3577 
2 1700 1521 
2 3861 2615 
2 1124 8029 
2 4787 3484 
2 949 3878 
2 482 3583 
2 7519 73 
2 9594 7318 
2 2810 733 
2 6709 1709 
2 7176 5126 
2 2943 7912 
2 1651 8738 
2 6071 8838 
2 7946 8299 
2 382 4711 
2 5131 90 
2 5344 2514 
2 526 320 
2 4647 3855 
2 1127 7219 
2 7136 4164 
2 5109 3170 
2 3342 4717 
2 8991 136 
2 8901 8160 
2 3327 2608 
2 4210 7812 
2 1136 4310 
2 862 842 
2 1129 7278 
2 9456 8476 
2 309 8537 
2 6102 5524 
2 906 7287 
2 1400 1421 
2 1403 2781 
2 2898 4406 
2 6675 520 
2 6990 7695 
2 2344 4308 
2 2134 2478 
2 4194 6523 
2 4653 7296 
2 2648 406 
2 8924 8122 
2 4490 3921 
2 6443 4701 
2 3850 23 
2 5698 5738 
2 8330 1451 
2 8382 9870 
2 2933 9428 
2 6038 4101 
2 1337 7646 
2 6226 2133 
2 8866 737 
2 1804 9953 
2 3785 41 
2 5979 1741 
2 8018 8678 
2 7631 558 
2 1477 1807 
2 2832 5725 
2 240 3598 
2 5369 8145 
2 5482 9203 
2 6047 4788 
2 1081 8126 
2 2506 4429 
2 3420 4813 
2 1020 4558 
2 4172 5043 
2 2224 5660 
2 710 913 
2 2379 5276 
2 5403 5992 
2 2277 8417 
2 4230 7560 
2 453 9145 
2 4147 6394 
2 5953 3979 
2 5600 509 
2 879 7202 
2 9245 456 
2 1089 5295 
2 4988 8600 
2 5330 5012 
2 4031 2308 
2 7165 760 
2 575 8567 
2 1476 4365 
2 6778 7058 
2 1778 3270 
2 7779 175 
2 5047 2143 
2 6504 6922 
2 3976 6050 
2 709 3569 
2 6061 5592 
2 4845 7129 
2 9864 4321 
2 4460 6913 
2 5933 7518 
2 7740 138 
2 9319 739 
2 963 2699 
2 5493 7285 
2 3981 4352 
2 4949 9521 
2 7348 4452 
2 3288 2197 
2 6014 1900 
2 8418 3010 
2 4571 2676 
2 5317 8781 
2 6137 9437 
2 6306 4010 
2 8700 2768 
2 3151 2819 
2 6998 4649 
2 2191 4481 
2 557 346 
2 5308 9573 
2 3894 3860 
2 5995 1425 
2 9791 1973 
2 6533 4030 
2 707 8099 
2 2215 3250 
2 6330 6018 
2 4917 5147 
2 7313 3068 
2 2020 3997 
2 5398 1716 
2 219 7991 
2 2287 1059 
2 1391 4162 
2 4976 2926 
2 2441 5620 
2 1632 6308 
2 964 5766 
2 1086 5378 
2 1262 9518 
2 633 5156 
2 6912 1259 
2 6521 1330 
2 685 6586 
2 5942 946 
2 8470 5142 
2 3353 7763 
2 5388 8135 
2 3873 7288 
2 2232 8681 
2 8387 1959 
2 5915 7010 
2 982 3789 
2 3816 4873 
2 4000 2835 
2 8389 3756 
2 4645 601 
2 6537 2016 
2 523 9971 
2 1485 524 
2 3164 5006 
2 1882 8301 
2 9382 2856 
2 3682 7548 
2 3531 9455 
2 6539 8285 
2 7299 4626 
2 358 6436 
2 4714 7805 
2 4057 7454 
2 3923 8155 
2 5172 1278 
2 6995 4871 
2 7699 9383 
2 4950 5978 
2 323 1202 
2 9705 6119 
2 7363 356 
2 4812 4736 
2 9588 7273 
2 33 7650 
2 1495 5060 
2 2813 8062 
2 1075 5152 
2 7038 1189 
2 4528 894 
2 2865 2158 
2 5310 2724 
2 7675 6978 
2 6934 6012 
2 1260 5376 
2 2356 2559 
2 6963 1923 
2 2239 6768 
2 9753 1456 
2 6843 7441 
2 796 3604 
2 2877 1026 
2 6817 440 
2 9298 2765 
2 8365 7638 
2 5792 1463 
2 4136 2156 
2 593 6382 
2 4098 4107 
2 2444 5404 
2 5022 3365 
2 7021 5688 
2 833 2447 
2 5867 9769 
2 9103 9748 
2 7344 890 
2 4665 2278 
2 9206 7795 
2 6427 5345 
2 5005 6400 
2 2318 7013 
2 761 6346 
2 6933 4037 
2 3769 6094 
2 7977 3071 
2 1107 130 
2 3807 6193 
2 7531 9611 
2 5123 9866 
2 1455 8594 
2 7709 8525 
2 3815 6596 
2 9044 5931 
2 3236 1358 
2 1366 9149 
2 7872 551 
2 9816 4546 
2 6842 2542 
2 771 5445 
2 4826 5034 
2 814 367 
2 5564 2256 
2 2154 5379 
2 2981 7039 
2 1938 2599 
2 5551 4086 
2 9323 5757 
2 2231 3632 
2 7762 8007 
2 8304 9085 
2 6791 6067 
2 7816 1396 
2 7885 5739 
2 7837 7879 
2 5526 3307 
2 9446 2604 
2 6100 8694 
2 5383 6049 
2 6110 5904 
2 5239 473 
2 6615 1021 
2 2584 6011 
2 7721 1173 
2 5640 3249 
2 6324 3367 
2 2361 8298 
2 5220 9694 
2 5583 8506 
2 9204 5826 
2 8531 8578 
2 9559 533 
2 2494 2822 
2 5071 2631 
2 9164 47 
2 6373 2922 
2 4970 9994 
2 4666 4333 
2 9229 3295 
2 9248 6209 
2 6322 4374 
2 5415 2585 
2 7517 704 
2 2416 2766 
2 377 8094 
2 417 4886 
2 2187 4936 
2 1137 993 
2 2488 1680 
2 9751 803 
2 4287 407 
2 6898 9767 
2 4314 7216 
2 2152 9065 
2 5774 388 
2 8836 3480 
2 6561 3433 
2 4516 6184 
2 375 5463 
2 3587 8538 
2 9720 9263 
2 4869 1963 
2 3446 5646 
2 9842 6492 
2 7146 3449 
2 3996 6231 
2 2629 8024 
2 7745 9130 
2 4508 2032 
2 118 1376 
2 4298 7409 
2 1343 1269 
2 3099 3248 
2 5272 4588 
2 7047 4584 
2 4469 7382 
2 1208 4687 
2 4752 5476 
2 518 4774 
2 6713 2179 
2 2317 1533 
2 5907 2040 
2 5148 3625 
2 8493 2558 
2 3677 4929 
2 2731 1859 
2 7833 8296 
2 4402 2804 
2 3521 7262 
2 4173 9560 
2 3093 6017 
2 2482 3593 
2 1571 3925 
2 5817 5843 
2 2520 921 
2 6263 5691 
2 1591 665 
2 1383 8511 
2 2980 7704 
2 351 2036 
2 9633 8958 
2 5516 9161 
2 3066 4471 
2 5 891 
2 9550 6170 
2 2099 2805 
2 4635 9668 
2 7163 1785 
2 8288 9687 
2 8023 3627 
2 678 8667 
2 9054 4343 
2 6058 7276 
2 3875 1704 
2 7407 3452 
2 3079 2809 
2 3022 4091 
2 562 1087 
2 9719 4848 
2 9905 3961 
2 7916 8445 
2 5971 8533 
2 3425 7586 
2 9513 2827 
2 5027 8329 
2 3865 1114 
2 3494 5100 
2 976 9927 
2 8841 2860 
2 4414 5286 
2 6086 5565 
2 5503 4197 
2 6513 6636 
2 4598 1406 
2 555 496 
2 8613 5903 
2 8666 3840 
2 4925 22 
2 3998 4277 
2 5665 5299 
2 4334 8789 
2 1868 7489 
2 6403 1604 
2 5704 1230 
2 7123 4024 
2 3603 8940 
2 9590 9159 
2 3884 9891 
2 4741 9684 
2 3477 8805 
2 855 318 
2 6706 6177 
2 6608 8478 
2 6002 9857 
2 8074 1674 
2 7140 9640 
2 4819 4800 
2 7245 3113 
2 6996 6655 
2 7051 6979 
2 8339 9805 
2 8269 580 
2 1650 171 
2 548 923 
2 962 7297 
2 1487 7228 
2 7824 8060 
2 544 8282 
2 642 4745 
2 8075 2767 
2 9947 7746 
2 9129 5616 
2 9468 3638 
2 7708 9402 
2 3237 6712 
2 5259 3418 
2 8918 3659 
2 793 8406 
2 9614 5019 
2 747 7891 
2 7143 2601 
2 720 8886 
2 7106 4483 
2 1543 2070 
2 7825 3447 
2 2560 4427 
2 4943 3528 
2 4237 3339 
2 6650 3379 
2 5161 9811 
2 4378 5986 
2 7822 7917 
2 2562 2669 
2 2076 4816 
2 384 7447 
2 8867 9662 
2 4764 4792 
2 6689 8391 
2 8768 6202 
2 2528 3882 
2 6670 7821 
2 7873 9238 
2 646 2497 
2 1072 8227 
2 3615 4740 
2 1415 2759 
2 4313 4969 
2 1920 8764 
2 1565 8662 
2 1254 3745 
2 1729 8193 
3 1802 2845 2812 
3 4924 6634 1769 
3 3636 693 1856 
3 6821 6206 9749 
3 2611 9017 1242 
3 7139 2999 7617 
3 6020 6554 4073 
3 1459 74 2714 
3 7989 7815 2782 
3 8219 748 3451 
3 4884 3968 8845 
3 871 7863 8273 
3 3064 5666 1460 
3 5044 2894 4872 
3 2115 9193 9313 
3 8499 1320 8896 
3 9202 4538 6556 
3 3006 4395 8053 
3 4770 7137 2440 
3 5115 9404 2600 
3 5827 2647 2284 
3 9644 9627 7741 
3 7195 18 6398 
3 5144 9826 9183 
3 3371 5825 2483 
3 7818 8998 7849 
3 1379 1589 8363 
3 9416 3478 7496 
3 1714 6219 8472 
3 2086 5232 6612 
3 1699 1837 9015 
3 2422 8426 6257 
3 2970 168 5605 
3 7744 9181 2738 
3 829 3747 9676 
3 9083 8283 5431 
3 8795 1282 8168 
3 1326 3953 6953 
3 903 5416 8317 
3 8027 423 501 
3 5855 9070 3967 
3 1976 1384 5162 
3 5443 3375 176 
3 4138 2011 6078 
3 8449 1346 4379 
3 2763 1538 5362 
3 4044 8089 743 
3 9770 5769 4253 
3 5800 8709 6868 
3 870 2023 3618 
3 1359 6143 225 
3 6293 9450 4137 
3 2983 1951 1319 
3 3382 3486 57 
3 9022 2986 9406 
3 3926 7155 5520 
3 3607 8002 9726 
3 3191 9703 8607 
3 112 1440 3384 
3 9029 4944 6278 
3 2557 7752 3683 
3 8637 7383 3895 
3 8123 5727 1055 
3 8302 4055 7767 
3 5337 28 5678 
3 7836 4362 8569 
3 6687 7331 9525 
3 5201 719 6201 
3 7491 979 9946 
3 2463 3641 7731 
3 9084 7130 409 
3 9541 7191 9020 
3 8568 7756 3624 
3 884 7561 2229 
3 2338 1481 2205 
3 2495 3359 5049 
3 8485 9057 7886 
3 2697 4899 9189 
3 2915 7846 883 
3 4541 2519 5180 
3 7085 68 9922 
3 2081 8466 4522 
3 5818 8986 7500 
3 9516 2220 4002 
3 4249 8722 4861 
3 3104 4630 8816 
3 1486 663 628 
3 1645 7645 6216 
3 2141 8235 3287 
3 3150 6108 3055 
3 177 1644 6418 
3 1024 7109 6378 
3 9352 4633 9309 
3 6104 7663 3512 
3 4727 8451 7831 
3 5063 8313 7424 
3 454 3159 654 
3 7257 9343 7063 
3 9296 1502 5669 
3 1363 3264 4449 
3 4691 81 3432 
3 4809 1960 6288 
3 5969 7028 3761 
3 8895 6212 4596 
3 9114 2466 3171 
3 4555 4560 4058 
3 6342 9986 2357 
3 5938 8674 9254 
3 1767 4302 1037 
3 3877 3673 8073 
3 5405 8945 9306 
3 7585 7258 1489 
3 3088 3402 5876 
3 1471 9056 6472 
3 7358 4832 9500 
3 4781 2921 2142 
3 6207 9561 4368 
3 3177 9601 4582 
3 6188 4539 7054 
3 3262 5294 1975 
3 7337 4652 819 
3 7086 3315 6737 
3 2180 9603 3424 
3 5881 8713 9589 
3 7256 1808 4081 
3 5250 9835 8913 
3 1845 8354 9060 
3 3696 9435 7434 
3 9107 4042 5166 
3 1617 3314 3267 
3 7393 9067 780 
3 9547 9459 7906 
3 8800 588 9677 
3 4120 9616 8484 
3 2 1541 365 
3 3439 680 1782 
3 4381 1715 4706 
3 2241 7618 334 
3 1792 7707 5835 
3 7514 6434 2753 
3 9264 3687 8200 
3 2490 1273 7119 
3 7239 1402 2477 
3 7870 3347 7304 
3 5425 560 9638 
3 3117 3718 1643 
3 1592 4575 2353 
3 6131 1115 9929 
3 3256 885 3097 
3 8911 3754 1880 
3 6043 5193 2570 
3 8442 9595 3124 
3 6173 60 2448 
3 1936 1156 467 
3 9483 9098 4450 
3 3647 5154 5884 
3 7864 4674 1350 
3 7736 6692 2534 
3 9628 880 1579 
3 5893 8652 1681 
3 9765 9841 8543 
3 3716 4750 8046 
3 8507 9482 9976 
3 3671 9367 7871 
3 4176 2924 3889 
3 6167 4090 7597 
3 3496 7435 1568 
3 7327 9278 2918 
3 6172 6431 7980 
3 8081 3712 7754 
3 4661 9466 8897 
3 7022 5062 7655 
3 8750 9344 5687 
3 937 2977 2578 
3 3040 4675 181 
3 1949 6866 8824 
3 3808 795 4918 
3 5659 6781 3174 
3 2355 4621 4999 
3 5801 6999 5192 
3 9071 6452 8072 
3 1635 186 1542 
3 9365 2651 6199 
3 6785 5291 6303 
3 7194 1582 7842 
3 3351 8164 4586 
3 754 9441 5237 
3 1777 3678 3372 
3 8245 6501 4954 
3 380 8741 6865 
3 5621 6793 8743 
3 284 5016 9671 
3 1871 5958 3796 
3 8195 5121 7477 
3 7942 8352 3578 
3 4005 9234 2409 
3 2771 5675 1238 
3 3960 9031 6470 
3 3951 6498 4447 
3 9934 3485 1824 
3 5706 7189 3759 
3 1649 6964 7428 
3 7535 9648 647 
3 2195 1070 9042 
3 9447 8671 1886 
3 8536 6422 5864 
3 9421 5702 6564 
3 428 7041 8631 
3 4937 1388 2146 
3 5079 609 7116 
3 4981 7305 802 
3 1381 8751 7247 
3 9476 9279 3146 
3 7132 5975 4477 
3 7042 4959 1710 
3 2574 8705 5954 
3 4726 8560 2979 
3 5159 9856 7712 
3 1602 7990 9417 
3 4756 1916 5411 
3 3567 8711 8107 
3 1182 8532 4007 
3 8272 6181 2113 
3 1606 9879 397 
3 3400 7621 7852 
3 3684 6416 9656 
3 9080 5670 9113 
3 3229 4108 1720 
3 4236 3613 9873 
3 2541 7982 1003 
3 6522 8410 8216 
3 6605 5242 2967 
3 1846 9301 4833 
3 6271 8947 5226 
3 7552 9217 410 
3 2844 4001 7669 
3 4761 7605 3655 
3 6405 3538 6690 
3 8040 4843 6959 
3 2641 5195 9259 
3 2333 4618 3565 
3 8693 9225 3046 
3 8576 5937 4511 
3 5617 2679 9053 
3 3710 194 5327 
3 6705 7117 4072 
3 2102 6800 7468 
3 362 2538 3660 
3 8183 9820 1142 
3 5807 5712 5872 
3 3254 7633 7270 
3 807 4331 542 
3 7768 2968 5833 
3 1427 5085 3306 
3 597 3606 3495 
3 1154 7506 5574 
3 1776 6156 8148 
3 7570 338 9351 
3 1596 8097 5593 
3 9840 314 152 
3 9260 381 956 
3 3768 4679 954 
3 2517 3360 522 
3 2703 9563 8712 
3 4109 3348 6845 
3 3312 8660 6935 
3 1547 9102 5090 
3 7677 7352 5442 
3 7009 3201 2201 
3 3557 8774 2446 
3 3132 7771 4779 
3 8105 2598 1356 
3 6112 4330 7127 
3 6186 6806 5083 
3 2855 5847 5697 
3 5946 7985 3720 
3 8534 4336 228 
3 7579 3311 9216 
3 3505 1422 5625 
3 7972 8887 431 
3 3224 8544 4697 
3 2227 6194 1185 
3 1091 8684 3958 
3 2829 1705 1671 
3 5025 5934 4418 
3 5748 8783 9839 
3 6208 2003 694 
3 2266 7542 94 
3 2348 6424 4493 
3 4195 1133 6674 
3 9967 5210 5281 
3 9996 827 8856 
3 2342 1218 8846 
3 2001 7075 853 
3 3669 6480 826 
3 9430 4710 6187 
3 4523 3983 2760 
3 7527 9716 3243 
3 8855 2552 3722 
3 2635 546 8882 
3 4355 8031 9493 
3 5959 9733 5615 
3 9806 2162 9938 
3 696 5364 7410 
3 3870 3023 7758 
3 127 6496 4358 
3 8461 9740 9780 
3 4629 5501 4303 
3 2110 7738 5558 
3 3139 4332 3564 
3 4461 9795 8474 
3 7988 385 1537 
3 7111 2582 1371 
3 1032 6192 4763 
3 7513 8371 387 
3 414 4898 8571 
3 8440 3350 5900 
3 7925 1929 2824 
3 4842 774 5577 
3 1085 3135 4348 
3 3370 2880 1530 
3 3937 2164 3611 
3 8835 8526 1854 
3 124 6406 1832 
3 7394 7979 9489 
3 9821 8734 3868 
3 2862 6160 5146 
3 8345 4266 4492 
3 5596 5943 1353 
3 9950 2242 1166 
3 8602 3788 8242 
3 8005 5741 6309 
3 9002 6719 1957 
3 7662 751 3421 
3 6147 4216 6980 
3 4565 5602 2666 
3 7234 1864 1783 
3 839 8080 2583 
3 6973 6339 4170 
3 9005 2876 4196 
3 184 4385 1735 
3 8680 6126 5866 
3 7526 3450 2962 
3 3908 8258 6299 
3 7399 9457 4318 
3 608 4006 2713 
3 4079 8981 7436 
3 6784 3296 8550 
3 2988 4972 1111 
3 9166 82 9850 
3 8564 8138 648 
3 6379 4191 3280 
3 4799 3833 4273 
3 8084 7847 2940 
3 6927 852 772 
3 6034 1276 8685 
3 4684 5870 485 
3 7479 9257 5951 
3 8194 6203 9584 
3 3090 2632 5461 
3 8582 353 2082 
3 6631 5309 7884 
3 9176 530 6538 
3 3698 936 9650 
3 9562 72 3165 
3 1438 263 3162 
3 967 1509 1852 
3 8039 6870 2992 
3 6597 4782 7701 
3 2914 8488 1712 
3 918 1625 9689 
3 6393 6444 2912 
3 8224 2172 164 
3 8874 539 6432 
3 4070 3396 6904 
3 1201 1669 5089 
3 6620 1506 3465 
3 3589 8650 6385 
3 4383 5816 7251 
3 2443 4577 7743 
3 1878 131 218 
3 7659 2458 5440 
3 2145 7924 3028 
3 108 5980 9346 
3 4013 8116 866 
3 7765 3904 4424 
3 7071 7943 1925 
3 1211 7559 8949 
3 2048 1248 8015 
3 1122 8184 2939 
3 1435 3488 9825 
3 9000 1532 6993 
3 2250 1266 7828 
3 3438 1683 6595 
3 1180 8252 63 
3 1607 3948 1151 
3 6962 9236 5375 
3 3293 9921 7860 
3 4934 6701 1088 
3 1411 1654 5783 
3 3115 6987 5581 
3 1092 9364 8570 
3 8977 2286 8871 
3 6637 1119 5107 
3 3195 7600 2423 
3 6812 3182 3466 
3 3253 5525 4648 
3 7775 6296 4785 
3 8335 2112 9187 
3 1364 6479 2181 
3 1204 799 7267 
3 7728 3580 8529 
3 2270 9387 1751 
3 9043 179 7521 
3 7594 6021 917 
3 7094 481 6474 
3 9878 7121 8034 
3 1342 9294 8960 
3 6676 9386 8788 
3 6234 2243 6829 
3 3413 4906 2736 
3 8459 8093 5093 
3 8574 9465 7233 
3 4169 5515 2642 
3 2513 1229 2628 
3 2240 5539 1244 
3 9305 5889 251 
3 1676 7175 254 
3 8555 858 2331 
3 109 6571 6178 
3 900 7212 2330 
3 2816 944 2217 
3 3930 6727 7932 
3 6759 3266 4561 
3 7970 7653 1227 
3 6395 3806 5394 
3 7641 4940 7440 
3 5496 2791 3160 
3 3 1986 3817 
3 213 6134 822 
3 1747 3774 9930 
3 6568 8818 2301 
3 1499 9050 3970 
3 9502 8868 9637 
3 2685 4904 483 
3 3442 5023 8930 
3 6717 2294 8222 
3 3021 100 1268 
3 9567 3464 5571 
3 6250 8983 6152 
3 6027 4804 691 
3 9896 1285 4696 
3 1191 3573 5935 
3 6458 7684 4056 
3 5514 8232 2399 
3 7152 6161 7379 
3 7223 2273 8036 
3 8423 6660 1817 
3 8948 8346 5339 
3 7209 2223 3916 
3 7787 241 7877 
3 2917 6340 6761 
3 8383 2434 916 
3 6770 4185 9581 
3 1354 264 7927 
3 4868 4632 7974 
3 9658 5247 9956 
3 2928 8847 6287 
3 2684 8446 5168 
3 9609 873 4293 
3 6892 4759 4250 
3 2848 1110 8349 
3 1768 5202 4265 
3 1724 1484 3847 
3 5961 3843 159 
3 5319 4306 6714 
3 8642 8877 2639 
3 4288 202 6360 
3 1918 3271 7776 
3 5026 9372 2085 
3 1432 9045 8703 
3 4968 7698 5007 
3 806 8413 1522 
3 4739 394 9281 
3 3724 1744 8427 
3 9310 8326 393 
3 3508 2840 1766 
3 7520 1265 7751 
3 405 4557 7971 
3 8481 8859 5010 
3 9350 5466 4865 
3 103 4606 7199 
3 2831 4087 2373 
3 926 6335 1437 
3 2170 591 6347 
3 4183 808 1453 
3 1377 1301 1531 
3 1652 4061 9855 
3 9960 478 6628 
3 7166 8910 620 
3 8238 7714 8294 
3 1018 8744 794 
3 1049 7420 8136 
3 9542 3004 9741 
3 1043 6135 3077 
3 8962 7277 1034 
3 4938 7993 932 
3 9326 4388 6754 
3 205 5028 8344 
3 3362 7308 7306 
3 5288 4540 9163 
3 778 4080 9157 
3 3324 1008 7612 
3 245 1309 5601 
3 4773 9410 7875 
3 9327 5176 1253 
3 8205 2640 5305 
3 6960 4359 246 
3 4441 5809 3454 
3 9369 6783 5734 
3 2638 2214 9970 
3 1937 4093 9931 
3 1134 1429 6693 
3 2111 6098 6244 
3 1025 7102 1987 
3 329 4995 6677 
3 9328 6599 1290 
3 988 2006 2665 
3 286 172 5630 
3 7918 815 6171 
3 2114 6750 7364 
3 9124 1483 8456 
3 6815 6681 7778 
3 8377 4680 7456 
3 104 622 1745 
3 1896 5795 8621 
3 4905 3122 7593 
3 7229 8162 2871 
3 25 6560 6478 
4 6968 4111 7524 1581 
4 1799 9479 6814 2502 
4 888 3297 7033 261 
4 1 2772 2695 227 
4 7444 3361 4500 8639 
4 9132 1560 3032 123 
4 3169 7602 5222 5254 
4 8677 5136 738 413 
4 8636 8022 5409 1844 
4 4364 845 8035 9524 
4 158 8633 2346 3383 
4 2890 2946 9803 1005 
4 5932 3428 9852 6495 
4 7147 6811 2801 249 
4 6519 6773 5573 5103 
4 2951 6292 1536 5994 
4 7150 2492 8137 9955 
4 9661 2929 1090 3527 
4 1636 1011 5683 4412 
4 519 8384 2244 1099 
4 53 5582 3962 2969 
4 2644 5352 4749 7576 
4 3009 1311 1770 2109 
4 8048 5246 495 531 
4 3703 1275 6875 4408 
4 4307 2350 8368 3299 
4 67 4171 5736 8169 
4 4707 7206 9182 9642 
4 2280 5923 3579 4264 
4 2963 7688 7006 8657 
4 3969 4285 4605 5964 
4 9761 8597 3973 8834 
4 6401 8655 9961 1104 
4 1148 2329 1791 9488 
4 9041 9153 6941 9160 
4 1631 9675 594 9390 
4 1286 4992 339 1667 
4 247 9804 5101 2017 
4 6442 625 7162 1098 
4 9087 8618 7830 6096 
4 9725 9914 5575 6003 
4 3336 2577 2451 4850 
4 4543 1014 7643 3144 
4 106 248 9034 5058 
4 4702 6740 9569 2064 
4 8308 2785 3657 3555 
4 1345 8757 8212 6758 
4 2620 3148 5494 2966 
4 5475 9055 5797 3394 
4 776 9368 6283 3128 
4 6397 5253 9919 6623 
4 7360 6487 5102 9712 
4 4131 5875 5410 2311 
4 9215 4537 8610 6084 
4 3737 5664 5125 5279 
4 5641 3161 3140 6381 
4 1335 1448 7087 8756 
4 8883 5983 6767 9140 
4 7915 1217 9373 8725 
4 1554 5190 476 699 
4 305 1393 1572 5608 
4 9218 9973 2105 2911 
4 4202 101 3658 2952 
4 5171 8132 6412 370 
4 5648 9380 2948 6253 
4 4636 4889 1619 1303 
4 6604 2397 6032 8422 
4 6410 2553 2814 573 
4 5177 7351 4115 8944 
4 9212 9696 4786 4004 
4 4637 8274 7059 6856 
4 6853 6026 676 7241 
4 7843 5896 1718 6040 
4 4286 7495 9409 3974 
4 8535 5910 1023 2481 
4 3257 927 1083 6493 
4 292 3822 8742 1374 
4 3073 5523 7014 1493 
4 8773 5324 4955 4768 
4 4982 416 3542 2157 
4 3726 4723 644 7625 
4 6924 3183 8165 930 
4 5510 7976 6455 9339 
4 1813 2806 2626 723 
4 1165 2155 3964 8316 
4 4274 2419 2569 9568 
4 4342 804 3358 7221 
4 650 8514 1726 3034 
4 1819 8586 3063 9606 
4 4465 981 4654 9025 
4 9426 4127 125 5262 
4 9869 6760 1051 716 
4 4398 6389 2961 1590 
4 8581 5719 4455 9634 
4 6908 6141 4903 7459 
4 6686 978 6824 3640 
4 1500 783 3176 3481 
4 985 1184 5419 537 
4 9844 4160 6583 3552 
4 7969 9345 1771 2178 
4 5150 907 1695 8179 
4 8909 3533 1200 8385 
4 8320 6981 966 9470 
4 7145 3515 5793 5441 
4 7949 1628 7340 2594 
4 8823 6457 3211 9610 
4 441 2596 7261 6344 
4 4048 1513 7095 4316 
4 6708 9451 5338 8992 
4 3121 1258 7880 7922 
4 2504 9330 5921 3753 
4 2219 2237 1299 3575 
4 9231 4495 7008 8350 
4 5361 1739 3614 1978 
4 9746 8936 7483 3622 
4 8603 792 3749 4360 
4 2884 552 2694 3500 
4 7682 4179 4235 3813 
4 7482 4909 9171 1401 
4 1292 9335 6640 5380 
4 8428 5861 8863 9232 
4 2428 8719 1575 3634 
4 6294 9116 6550 641 
4 2312 8430 7401 6844 
4 756 9813 7480 4830 
4 5455 8281 8051 439 
4 6582 9334 4562 8038 
4 1405 5733 6013 5271 
4 9747 6354 8584 4019 
4 4205 4190 7934 7332 
4 5497 5030 9546 5183 
4 446 363 6092 7188 
4 7894 2550 3853 3213 
4 5054 1480 3369 2275 
4 595 5895 9452 3741 
4 9388 1172 1280 4984 
4 2657 7658 671 1061 
4 9773 4453 5962 7092 
4 8831 2521 5799 8575 
4 8290 5845 9539 3680 
4 8916 6578 8644 9623 
4 4738 2429 7978 4366 
4 7941 5869 5314 7733 
4 5444 4793 3537 1763 
4 3978 3276 6341 2575 
4 1447 6524 7272 8626 
4 5714 5653 5481 6383 
4 1943 3518 5167 1002 
4 8202 4077 7685 2292 
4 5598 4139 2817 741 
4 6716 2616 3070 632 
4 5329 1291 4404 1369 
4 4038 4882 4983 7466 
4 6265 6944 8030 9672 
4 3261 4478 5892 2296 
4 2347 1503 5072 5097 
4 7330 229 2274 333 
4 2069 7084 943 8955 
4 1117 9631 4927 2061 
4 401 79 8540 2480 
4 3984 3242 1933 8264 
4 9620 6581 6190 5108 
4 8120 686 8147 8929 
4 8257 2875 1013 2727 
4 7986 3663 8811 1586 
4 7539 3008 8554 7613 
4 3708 4206 1296 7341 
4 1398 2777 7339 5076 
4 3654 9449 3429 2167 
4 7007 4791 5770 4232 
4 9798 1153 6456 1523 
4 8926 9433 8108 7301 
4 3378 2332 5682 4964 
4 6348 321 9363 1436 
4 5387 3194 3846 2874 
4 4600 3650 4028 8070 
4 2942 7438 4716 1245 
4 3934 3646 458 7442 
4 9030 3957 230 3819 
4 1046 3154 9845 8715 
4 8210 8648 1518 1446 
4 2472 6064 7149 169 
4 8400 5987 9735 7472 
4 2304 9682 3812 4473 
4 2124 8785 859 7797 
4 637 938 790 5074 
4 5945 8889 7169 196 
4 7840 11 4885 8453 
4 5718 187 6269 352 
4 6647 6371 7214 8207 
4 1927 372 7530 1271 
4 1516 5064 5393 4757 
4 4467 5316 2126 6986 
4 2565 3909 5822 8938 
4 7230 337 2710 2052 
4 8374 5301 4428 2130 
4 5386 9424 3188 2533 
4 8289 8563 3411 9119 
4 3971 3574 9101 6782 
4 4978 4573 83 1981 
4 7070 8253 1467 326 
4 9576 5623 7947 2206 
4 8702 5175 3238 6621 
4 3111 7920 5284 9199 
4 3426 2544 6726 2803 
4 1178 1897 2368 5928 
4 9913 8772 9162 4529 
4 4902 5611 3189 1883 
4 1188 1524 2025 9188 
4 7907 4548 1450 8399 
4 7004 1295 1615 4177 
4 4367 9064 3092 9128 
4 7913 6546 2508 5437 
4 2295 6076 8974 5595 
4 9032 5224 957 443 
4 4354 2518 7562 728 
4 5761 3989 276 1982 
4 4967 6282 8747 6722 
4 8182 8614 1690 3535 
4 6138 5989 9582 9526 
4 1759 7647 7073 2192 
4 6847 1954 6051 4134 
4 1209 3381 4181 6030 
4 2673 9487 2652 9538 
4 5359 9120 893 9757 
4 2101 6838 5990 975 
4 4851 925 3826 9621 
4 5750 469 9019 3316 
4 7253 4567 2279 3935 
4 715 9962 1149 3058 
4 6367 3458 1818 9939 
4 4615 3881 3108 1827 
4 2264 8646 3199 6437 
4 6488 4218 6988 4154 
4 7739 1382 5873 4734 
4 8733 9596 6673 8398 
4 1749 3797 1095 1815 
4 2059 7425 831 4728 
4 7077 3601 1970 6566 
4 2493 1300 6377 1996 
4 5157 1100 5729 9722 
4 7620 7959 2873 3114 
4 9908 3044 5765 9269 
4 9376 872 8228 7511 
4 3366 278 2722 4945 
4 8000 3952 8904 1496 
4 5080 951 3061 5676 
4 1019 4059 4798 8078 
4 5448 7629 9995 9362 
4 6004 7164 7538 9859 
4 9038 5612 8171 8925 
4 6237 2058 2748 3856 
4 3929 4329 9895 667 
4 2675 424 4651 8498 
4 5654 3214 3321 5035 
4 7144 9405 1418 9766 
4 5132 735 2897 3129 
4 6139 9366 2029 8259 
4 4096 3888 1010 1539 
4 4875 6517 3775 8513 
4 553 6037 7056 2853 
4 3065 5261 7069 6145 
4 7577 9910 8792 7508 
4 702 2515 634 3482 
4 8502 1811 7161 5758 
4 6589 5234 122 9097 
4 6989 569 6366 8151 
4 9992 1138 6009 4261 
4 4765 2175 3153 5643 
4 70 9039 4532 8388 
4 3558 6638 4046 7649 
4 2137 6225 886 3987 
4 5105 2605 8670 6827 
4 2959 9979 2090 2043 
4 3631 7089 8801 8976 
4 300 3018 2050 9293 
4 4003 4795 5655 2236 
4 909 6273 5450 7580 
4 6307 6417 8595 6787 
4 1512 8708 5967 8402 
4 999 7068 7654 9010 
4 9277 4722 6350 9736 
4 9026 3621 6572 8767 
4 7861 4211 8965 2211 
4 712 472 9001 2797 
4 6863 3945 4926 7583 
4 3827 1237 2084 7516 
4 708 7400 9156 6682 
4 2450 2725 9782 7694 
4 39 2704 2905 8143 
4 8566 5756 9411 2923 
4 9572 5644 6264 1195 
4 4667 7044 515 2125 
4 5535 4442 6297 9154 
4 4820 4045 8251 8057 
4 5214 5096 492 3590 
4 9174 5894 2405 3269 
4 2031 7857 1279 2200 
4 5322 502 8318 4933 
4 6907 6127 6483 4150 
4 7064 4178 9191 4620 
4 6052 8663 6730 6238 
4 7307 6710 1609 6723 
4 2406 1234 1444 9358 
4 8189 8735 4053 273 
4 5936 2247 4686 8170 
4 5679 4282 4434 4439 
4 7446 9706 576 9342 
4 8217 5779 6923 1105 
4 2204 9552 3051 2263 
4 3592 3540 4911 7404 
4 9289 1498 6840 1270 
4 2621 8732 66 9989 
4 3471 8627 5269 4822 
4 4948 4514 8808 1906 
4 5173 6468 2030 6569 
4 6317 4656 6841 5877 
4 1672 8409 5243 9359 
4 1527 8305 2433 2975 
4 6671 1781 9554 1727 
4 1324 9139 2769 9243 
4 5417 8806 6534 8557 
4 1161 7853 2701 2028 
4 4349 2756 3109 5556 
4 6736 5315 6766 5650 
4 3017 3387 1226 6323 
4 1431 7999 1373 3094 
4 3513 6624 4715 9214 
4 8665 354 4625 5424 
4 4951 5033 2212 4554 
4 2469 2285 3933 3876 
4 2436 92 120 7392 
4 2996 1548 1036 3778 
4 5532 8737 6497 8798 
4 603 4146 2129 8111 
4 4433 7476 8664 5002 
4 8276 4693 1795 3919 
4 5293 3499 1858 3571 
4 2886 5568 6567 5418 
4 1684 8066 1600 6155 
4 5087 3210 6364 3832 
4 9170 6976 9285 3795 
4 8875 4386 5722 2096 
4 1336 7834 4158 8008 
4 9223 6565 7729 9474 
4 1955 7000 2523 9673 
4 4300 7628 2913 3936 
4 9239 5798 816 8159 
4 5414 5488 5956 3628 
4 8539 1121 6334 5668 
4 9155 572 7690 2548 
4 7601 324 7264 9018 
4 8173 4270 9871 9337 
4 7773 2060 3570 8464 
4 3037 8782 746 1974 
4 9122 8338 8817 5604 
4 6909 7443 234 9666 
4 1991 9728 5796 257 
4 6831 4762 1252 9023 
4 3886 7279 7622 7591 
4 1597 3330 6552 8724 
4 2489 4407 4159 2430 
4 8546 1365 6540 602 
4 2257 8277 2830 7292 
4 9227 7414 5628 8812 
4 8519 6630 8813 1504 
4 6860 328 4971 6198 
4 3085 5693 7032 3391 
4 3120 430 9963 1570 
4 775 3091 3234 3501 
4 3517 8267 8695 9241 
4 1752 5053 9427 4755 
4 2719 8572 4278 817 
4 1362 640 6428 4435 
4 7303 7098 4655 2630 
4 1159 9887 9035 6117 
4 38 5179 3275 4544 
4 5543 8591 7045 4980 
4 8231 4593 1877 5114 
4 721 126 9510 7604 
4 7283 2414 9412 7055 
4 148 3220 477 559 
4 3676 1549 7592 1962 
4 6229 5014 1106 7696 
4 8266 6779 5430 5465 
4 4922 9788 2869 3787 
4 1989 1001 797 7293 
4 373 5832 1006 3903 
4 6639 6252 2259 2107 
4 527 2792 5462 6820 
4 2634 6384 6702 7789 
4 7953 9723 8278 734 
4 5626 2720 878 9819 
4 4221 1851 3897 8500 
4 5572 8553 3914 9273 
4 1698 7838 2316 3333 
4 6530 5244 574 366 
4 1474 5377 3483 9670 
4 9321 5487 7723 3203 
4 4604 4426 2587 2005 
4 8840 5297 5427 7609 
4 9478 9710 7005 6940 
4 192 2693 288 1702 
4 9783 1029 4504 3975 
4 5205 7948 1140 392 
4 8804 3303 1157 1332 
4 7876 8508 6955 4802 
4 3239 8286 489 5138 
4 5918 3849 2526 1793 
4 2049 14 1913 8303 
4 2985 7346 4852 4357 
4 3766 3739 6220 8510 
4 3959 3706 7172 9250 
4 5472 4372 5325 7090 
4 9882 9396 5772 9303 
4 1545 8933 3015 753 
4 2302 2509 6661 2649 
4 6970 5570 877 4525 
4 4572 4879 7231 7813 
4 3003 4174 6902 9374 
4 4029 9701 2261 6445 
4 3938 2019 7402 3225 
4 2683 2207 6337 1243 
4 1386 2960 5908 9755 
4 4901 9999 1015 5285 
4 4751 6994 7074 974 
4 7026 5717 1999 4612 
4 9003 4117 3290 4421 
4 2709 6301 4075 5401 
4 2272 1170 5397 5263 
4 4187 3585 9448 2314 
4 306 9499 8688 2128 
4 1748 5145 1158 9843 
4 1163 3700 8634 48 
4 8463 7904 5213 2432 
4 1139 5789 6672 3357 
4 9586 200 4474 5919 
4 9704 1192 1060 9537 
4 4883 4324 7173 3728 
4 6233 5447 1870 4339 
4 3100 4535 6351 3690 
4 3001 3448 8174 6124 
4 7930 7295 8864 5730 
4 8562 5609 7935 8006 
4 5724 8468 1812 149 
4 4299 436 769 6392 
4 8656 2248 1277 7372 
4 9469 2564 2210 9271 
4 1103 7309 6072 1838 
4 2857 9415 7766 7430 
4 5888 3392 965 6910 
4 8334 1514 1828 4713 
4 6433 8071 5672 6159 
4 5118 6318 183 279 
4 614 6794 3206 4078 
4 7225 2735 2859 6338 
4 9686 948 8673 7462 
4 9104 1297 5965 7184 
4 568 4965 1058 939 
4 854 2815 7386 5134 
4 7804 7174 941 7968 
4 9585 2097 7900 4263 
4 2046 4220 4958 9288 
4 3821 7371 3525 4709 
4 9613 7187 8551 3546 
4 7919 4784 5899 9228 
4 2305 8370 1862 5194 
4 8931 7124 1501 9333 
4 4814 2018 9391 5036 
4 7204 6579 8271 1179 
4 9063 6411 971 3279 
4 7678 9442 6204 6801 
4 2656 6668 9691 6284 
4 3453 7463 293 3900 
4 2867 901 2160 6045 
4 9645 6132 5603 5402 
4 5610 1694 9008 3536 
4 9048 5094 4369 9251 
4 7574 3281 150 3374 
4 9514 3825 4975 2887 
4 6614 7958 3733 2233 
4 8628 4189 1004 3352 
4 9418 6476 4878 4244 
4 631 7345 8649 7281 
4 4119 5851 6279 6869 
4 1773 1892 4834 6485 
4 4015 4121 6943 6590 
4 1187 4448 9329 4283 
4 9667 8424 2194 2852 
4 7354 5913 303 3504 
4 4069 7445 128 2786 
4 805 9284 4840 2889 
4 4161 1094 5519 566 
4 9100 3376 1135 1385 
4 8236 425 8115 9027 
4 3746 1637 6879 3702 
4 3871 2267 1535 1969 
4 4743 3317 3818 7029 
4 7254 8854 1394 2667 
4 3920 3532 7035 1884 
4 4165 5627 5580 8647 
4 3742 7726 3081 624 
4 1428 8307 311 37 
4 8686 3713 4690 9889 
4 3476 4880 2516 4361 
4 8144 7037 599 6644 
4 2706 7803 2837 9356 
4 1177 6001 7668 6022 
4 9729 1661 4700 1118 
4 4536 5922 8351 4209 
4 5811 2226 9177 6685 
4 7126 8378 4084 3142 
4 1080 1557 6570 2366 
4 9431 664 3399 4272 
4 3891 6936 7549 7291 
4 5037 2696 8233 4347 
4 2866 8640 7529 4942 
4 3519 9068 9090 4243 
4 6272 9093 7100 1764 
4 8959 4356 762 9081 
4 4520 5685 5449 5599 
4 1574 8248 6267 3412 
4 2603 5710 54 3322 
4 6757 2591 7667 2351 
4 4445 9517 4413 2895 
4 2309 8668 9858 6601 
4 2770 3883 9834 8420 
4 8432 8547 5821 2741 
4 6563 9911 9300 8928 
4 7207 2802 7208 9180 
4 8848 7048 7196 7141 
4 7271 1945 7769 1409 
4 8343 9061 2953 1646 
4 4393 2151 2947 4657 
4 6753 8754 8832 8181 
4 2790 8017 2258 2740 
4 9445 3954 1616 8386 
4 507 3760 837 1562 
4 5803 1737 105 5340 
4 5784 281 5594 5752 
4 5647 1939 3467 7790 
4 2093 6407 9062 9134 
4 4921 9649 6448 5775 
4 9086 9952 6861 5480 
4 4204 9779 8239 7179 
4 9551 3608 9274 9148 
4 8255 8096 8043 3241 
4 6081 6088 7019 2283 
4 3688 220 2563 2909 
4 9125 6128 1482 8260 
4 7606 2299 6947 5483 
4 6731 3098 1434 651 
4 9988 2593 7078 8117 
4 3547 2289 1408 6514 
4 7599 8632 8321 7374 
4 5952 8465 3246 8342 
4 750 4370 4163 5512 
4 2014 3054 9657 8379 
4 2437 3226 9131 8444 
4 1948 9745 9485 2749 
4 7122 1325 272 9768 
4 1738 8950 15 5490 
4 3166 4403 8454 8180 
4 607 5906 4022 2116 
4 9949 4524 5350 2327 
4 9655 1416 6967 5902 
4 5084 191 190 7406 
4 5471 5500 7113 2359 
4 5781 6243 9463 7823 
4 3939 7259 5001 7052 
4 7255 9688 6939 487 
4 9051 8154 4870 992 
4 3644 9297 1045 1294 
4 6862 590 904 5041 
4 4457 8166 5794 604 
4 3265 538 8689 9033 
4 3074 8683 9492 7691 
4 5304 4862 2888 9900 
4 732 8435 7274 2588 
4 1618 4014 5313 512 
4 929 1067 8758 2367 
4 2336 3566 8328 1378 
4 3233 991 3173 5124 
4 2319 7025 360 6097 
4 7569 9849 9695 6573 