1628
2 6413 1594 
2 2926 2516 
2 4208 2812 
2 1479 3748 
2 8808 2533 
2 5049 6966 
2 697 988 
2 7075 1175 
2 748 7576 
2 6704 7033 
2 1871 8451 
2 2267 802 
2 9085 2170 
2 7391 3590 
2 1568 6334 
2 840 8345 
2 1927 45 
2 4458 2740 
2 9139 3617 
2 487 9714 
2 5845 1763 
2 3238 8118 
2 8777 2268 
2 9992 1113 
2 8579 9769 
2 8815 7883 
2 1733 6732 
2 1005 6932 
2 3285 2843 
2 80 2910 
2 5023 4398 
2 9799 4498 
2 8319 222 
2 7023 1675 
2 2958 7837 
2 3258 386 
2 2616 8411 
2 3116 830 
2 9856 8826 
2 3676 5842 
2 9467 5551 
2 6718 2571 
2 3091 6382 
2 6623 9604 
2 3818 5005 
2 6793 9723 
2 9516 3167 
2 6841 3699 
2 4544 727 
2 7471 8128 
2 470 6881 
2 2993 5174 
2 2296 5829 
2 6182 8748 
2 507 8028 
2 6065 406 
2 8770 9212 
2 678 9531 
2 9881 3315 
2 1073 9809 
2 6041 2916 
2 570 9144 
2 1307 3747 
2 2468 5360 
2 360 7237 
2 3667 3282 
2 2830 153 
2 9132 8809 
2 5205 1220 
2 3827 7568 
2 2790 5113 
2 2676 2206 
2 9940 5736 
2 6262 9695 
2 5922 2466 
2 4080 9043 
2 4922 7942 
2 5498 9913 
2 4252 5002 
2 6276 9160 
2 7063 6387 
2 1558 9021 
2 336 7093 
2 6360 2016 
2 1227 9720 
2 168 8948 
2 3960 4058 
2 71 6574 
2 7981 4872 
2 4390 3113 
2 2765 7114 
2 6077 8354 
2 6816 8675 
2 5080 7749 
2 8669 4267 
2 7538 5541 
2 6370 8975 
2 9620 7793 
2 3707 3423 
2 3274 5000 
2 3286 8518 
2 946 6674 
2 7858 2960 
2 8856 5460 
2 6089 5497 
2 1769 2415 
2 7270 3089 
2 5622 5839 
2 2249 1706 
2 1483 2606 
2 258 897 
2 2438 9512 
2 31 786 
2 8687 9078 
2 5454 2687 
2 6946 206 
2 4600 8152 
2 5457 5538 
2 6813 8442 
2 3790 6931 
2 1055 133 
2 5806 6596 
2 3349 4982 
2 5965 6877 
2 6332 9680 
2 1145 9633 
2 1245 13 
2 4682 6864 
2 7106 4977 
2 5512 337 
2 9939 8032 
2 4993 2688 
2 3357 5153 
2 9229 4445 
2 1009 5365 
2 8550 37 
2 706 7578 
2 186 2837 
2 9308 5363 
2 4641 1752 
2 817 5298 
2 2549 2579 
2 6072 9268 
2 2697 4585 
2 8322 9782 
2 2110 2021 
2 7029 9831 
2 1524 4704 
2 5348 5250 
2 5388 3758 
2 7159 9203 
2 9136 8783 
2 5821 3381 
2 2995 9610 
2 2866 6159 
2 7672 9929 
2 5263 8698 
2 9613 7907 
2 9359 4804 
2 7132 5064 
2 2340 8057 
2 345 6028 
2 716 1232 
2 2961 5640 
2 1556 4060 
2 6697 7241 
2 3303 3535 
2 5964 1716 
2 2095 5092 
2 402 3159 
2 5567 2695 
2 9922 5316 
2 3436 9743 
2 5581 1446 
2 1941 9295 
2 4441 4757 
2 5670 8928 
2 7755 6634 
2 7220 7142 
2 9652 5685 
2 7521 4075 
2 9706 7493 
2 7841 394 
2 4412 8552 
2 2747 4418 
2 7904 8914 
2 6053 657 
2 310 6206 
2 1656 7376 
2 3128 1801 
2 7053 9919 
2 1207 6929 
2 3078 9956 
2 2162 1346 
2 2182 4277 
2 3252 2022 
2 4118 5501 
2 6815 2861 
2 1650 8786 
2 1943 1453 
2 6823 5105 
2 212 5672 
2 6002 2495 
2 8155 99 
2 721 864 
2 3354 4016 
2 782 5143 
2 7725 4753 
2 730 9894 
2 9265 3884 
2 6012 1400 
2 3037 1514 
2 5586 6804 
2 2433 8211 
2 9818 3539 
2 661 1510 
2 966 3520 
2 8661 3059 
2 297 457 
2 2793 6539 
2 86 3735 
2 5641 5448 
2 1321 2129 
2 5914 1786 
2 9914 5412 
2 7939 8884 
2 7863 9492 
2 3797 8343 
2 3655 257 
2 5217 860 
2 9868 6297 
2 9828 2427 
2 3567 3030 
2 5003 4672 
2 8258 8910 
2 5624 2578 
2 1202 7565 
2 8941 9428 
2 6211 5254 
2 1857 4640 
2 6154 8412 
2 2779 358 
2 1146 362 
2 4404 369 
2 3140 5401 
2 4036 5587 
2 8394 2003 
2 2725 6657 
2 4920 9532 
2 1878 9988 
2 3449 627 
2 3300 837 
2 2007 4408 
2 4796 9912 
2 3221 9980 
2 7228 3858 
2 6292 2880 
2 668 3609 
2 8876 5991 
2 3828 799 
2 1756 9394 
2 3194 3633 
2 1043 270 
2 413 6558 
2 5268 4421 
2 1054 4280 
2 8380 6315 
2 1993 2274 
2 1361 2019 
2 1491 7973 
2 4217 8144 
2 6689 445 
2 7141 4509 
2 6630 1796 
2 2260 3739 
2 3346 5825 
2 2282 2288 
2 7828 8008 
2 2945 2523 
2 1380 8606 
2 5022 7531 
2 1377 3355 
2 4200 9663 
2 6680 1587 
2 5516 2487 
2 3929 4927 
2 8760 4769 
2 770 7485 
2 6807 624 
2 5430 2044 
2 2877 6628 
2 3287 4422 
2 171 2087 
2 7976 9510 
2 3914 9915 
2 2049 8023 
2 9170 6904 
2 7844 6026 
2 5112 4960 
2 1788 5669 
2 4049 7472 
2 6984 3662 
2 5364 3821 
2 6837 6085 
2 329 8391 
2 7624 6702 
2 9952 2992 
2 3015 7701 
2 5524 2678 
2 3708 8384 
2 442 441 
2 2932 2057 
2 9791 1278 
2 8516 8691 
2 6069 1800 
2 5689 934 
2 9349 4973 
2 666 4420 
2 4276 7963 
2 7866 7641 
2 2303 574 
2 6079 98 
2 7869 1768 
2 5221 2771 
2 3705 6817 
2 4928 6109 
2 4524 3385 
2 7757 6356 
2 5755 8912 
2 5665 1246 
2 1980 6614 
2 8198 4622 
2 5989 7731 
2 3993 5982 
2 6867 6783 
2 4218 6527 
2 2705 6082 
2 7401 905 
2 4866 1930 
2 5162 2193 
2 6560 3565 
2 998 2892 
2 8338 752 
2 6879 2721 
2 9732 5104 
2 2723 403 
2 2024 1417 
2 4340 9137 
2 149 6258 
2 4548 7407 
2 112 2544 
2 4196 3969 
2 5283 1170 
2 5560 705 
2 1292 7996 
2 2994 5625 
2 4329 2814 
2 3152 5275 
2 7177 813 
2 3976 7499 
2 9666 1762 
2 7857 1626 
2 301 9526 
2 8101 3225 
2 9710 1420 
2 4851 9677 
2 11 814 
2 5269 2192 
2 4717 972 
2 3262 1021 
2 2020 7810 
2 9057 7429 
2 2229 7306 
2 7997 6279 
2 6777 3785 
2 6369 5868 
2 7850 2356 
2 1682 604 
2 699 1188 
2 5763 7964 
2 9471 2806 
2 2369 8206 
2 9844 9350 
2 5230 3724 
2 5805 8018 
2 1371 8832 
2 7601 2030 
2 2969 6181 
2 2478 7340 
2 9163 5362 
2 4542 7021 
2 9765 4300 
2 3638 7286 
2 7487 4587 
2 4515 6102 
2 8971 2017 
2 3583 5682 
2 6227 6185 
2 4103 7090 
2 6602 4137 
2 277 2545 
2 5368 3127 
2 4244 7444 
2 39 1731 
2 9518 5590 
2 8773 7830 
2 9022 3313 
2 6469 9080 
2 1542 3085 
2 5900 1722 
2 5890 5163 
2 5464 987 
2 3840 1064 
2 6229 9100 
2 7971 6676 
2 9390 2886 
2 4822 5972 
2 3053 7917 
2 1517 3170 
2 7260 1888 
2 6869 4680 
2 2532 6858 
2 3980 7222 
2 1067 3272 
2 5808 9084 
2 754 8212 
2 5677 8990 
2 1866 4858 
2 5076 1008 
2 2070 9214 
2 4924 5404 
2 7561 8950 
2 955 7462 
2 7385 3819 
2 9909 3222 
2 7253 7002 
2 1839 5019 
2 1848 6420 
2 996 1926 
2 5523 1066 
2 4693 6449 
2 7380 3230 
2 8174 5630 
2 7346 715 
2 3852 9116 
2 1933 640 
2 3925 7738 
2 4727 4443 
2 4272 3164 
2 1616 1693 
2 1048 8105 
2 2045 5322 
2 1728 2900 
2 7756 283 
2 3031 4077 
2 4840 8710 
2 9558 5007 
2 9180 7875 
2 5054 7968 
2 6790 1305 
2 6554 5987 
2 5557 176 
2 904 4313 
2 5161 6899 
2 1672 5651 
2 4825 2519 
2 2983 6983 
2 8788 4385 
2 4048 3209 
2 2093 8070 
2 9827 8356 
2 9197 8731 
2 412 5050 
2 432 663 
2 5488 6600 
2 9781 969 
2 100 4087 
2 7007 5408 
2 8364 4601 
2 8652 7182 
2 7282 5803 
2 6025 5734 
2 1937 391 
2 3124 4375 
2 6784 1012 
2 6160 3334 
2 3094 6060 
2 8836 6633 
2 628 2986 
2 8226 4274 
2 3104 9141 
2 1253 4002 
2 1643 9449 
2 6105 7659 
2 8629 1450 
2 5905 7146 
2 7026 9598 
2 5264 2906 
2 6318 7214 
2 4665 9305 
2 438 5751 
2 6030 2165 
2 7656 671 
2 1721 8037 
3 8113 5219 2013 
3 1350 7491 2745 
3 1515 7923 4139 
3 7860 5627 167 
3 6034 739 5547 
3 469 5519 7792 
3 3865 4935 6403 
3 982 5739 1881 
3 2645 9523 733 
3 9780 5139 3359 
3 7254 8459 4278 
3 9270 6774 9196 
3 560 5606 3307 
3 9166 5609 6734 
3 9071 1749 8325 
3 5148 5406 5445 
3 839 1623 9260 
3 1440 8219 1805 
3 2177 9129 1554 
3 2770 8904 7486 
3 3990 6548 5838 
3 6844 2385 3109 
3 3326 7247 3356 
3 7872 3232 5391 
3 8381 5234 43 
3 2980 9721 9107 
3 8295 1793 4888 
3 724 2384 8665 
3 4839 5848 3067 
3 888 5279 5039 
3 629 1468 2059 
3 357 6295 5719 
3 7661 7740 1931 
3 5901 1825 7415 
3 6825 1985 235 
3 2855 1336 7143 
3 2552 6687 5745 
3 7151 6452 4429 
3 1877 2763 990 
3 2718 5233 6374 
3 4965 1339 1884 
3 4380 6862 9440 
3 4705 5374 3843 
3 4222 9570 5943 
3 2881 8685 7637 
3 5468 7943 3842 
3 6162 4855 7881 
3 7903 6644 3496 
3 6471 7794 8819 
3 9550 3513 6557 
3 7818 6482 2458 
3 3441 8749 1230 
3 4414 8107 9581 
3 2456 2363 5921 
3 7765 5187 3129 
3 3841 949 7117 
3 1702 916 7287 
3 4355 2029 1116 
3 4092 3414 6652 
3 1717 1518 4295 
3 6510 4318 5800 
3 696 7194 3350 
3 4742 4165 9490 
3 2417 7450 5086 
3 6987 5666 8311 
3 7632 9217 8676 
3 9410 1712 4287 
3 5534 7425 535 
3 4263 8100 2474 
3 5603 8628 4695 
3 823 7703 6690 
3 2173 3240 7953 
3 5232 6533 7924 
3 819 7970 346 
3 373 1159 7005 
3 7862 9674 7185 
3 1388 3396 244 
3 8667 1856 201 
3 1718 3759 1701 
3 7332 5893 1854 
3 2080 3926 2088 
3 6568 6408 662 
3 2203 9571 9271 
3 8216 7384 8323 
3 8347 9460 7770 
3 8176 5061 9054 
3 9668 4014 5447 
3 8415 1096 806 
3 4065 6991 7480 
3 5385 2176 6787 
3 4143 4173 7042 
3 8883 2887 6479 
3 6157 8806 4135 
3 2127 6084 3422 
3 6964 3518 4389 
3 6492 3522 6629 
3 7467 7720 3672 
3 265 7377 3870 
3 8754 4867 5126 
3 7660 2361 5692 
3 5861 6959 6756 
3 8264 644 5359 
3 2430 3141 2066 
3 3657 8056 991 
3 7138 6104 1613 
3 8623 7329 8303 
3 6936 5585 7534 
3 2558 9728 1215 
3 8949 7556 2904 
3 5424 266 6397 
3 1414 3384 6898 
3 753 5873 1743 
3 3701 9832 9347 
3 9457 8918 9150 
3 7356 1478 9841 
3 9622 473 6357 
3 3380 7211 3493 
3 8653 884 1079 
3 6949 9877 1036 
3 3332 4405 6564 
3 9636 5247 2524 
3 1644 6205 3622 
3 9861 8329 4933 
3 4250 5389 7333 
3 4057 4964 7064 
3 2944 3174 576 
3 3694 7662 5010 
3 6498 9982 3458 
3 1275 7980 8067 
3 4944 291 2075 
3 7658 84 5171 
3 2183 691 6927 
3 5207 7766 7586 
3 1778 7525 6906 
3 1820 4602 4291 
3 3338 9987 5791 
3 2341 3420 4569 
3 2344 5195 3069 
3 8814 1063 774 
3 8855 7115 3952 
3 6544 9470 1620 
3 3438 7154 929 
3 8849 9621 5479 
3 5811 2381 2272 
3 2742 8175 3873 
3 2628 453 9341 
3 7824 5094 2569 
3 5421 9241 8875 
3 1496 7797 6174 
3 4101 2248 9804 
3 1358 1780 7500 
3 4401 1694 8187 
3 791 557 6923 
3 7905 2778 1679 
3 4170 3940 6363 
3 4555 2240 4802 
3 1023 9973 6876 
3 2395 683 7527 
3 7139 3957 2033 
3 5355 9364 3052 
3 7477 9898 4130 
3 5619 8071 7990 
3 2207 5637 4419 
3 6669 7543 9655 
3 5015 2836 4138 
3 7280 4248 8659 
3 6487 3917 3327 
3 3317 796 1771 
3 3761 9445 9112 
3 9722 8237 6398 
3 2902 1243 1433 
3 4454 6583 6031 
3 3099 7367 7290 
3 9617 421 2665 
3 2506 4894 6909 
3 5108 8492 7627 
3 836 6220 2179 
3 5327 2786 7815 
3 5766 2934 8951 
3 626 1906 4721 
3 4582 2684 4465 
3 2766 7426 5885 
3 2704 7572 7671 
3 7040 843 9810 
3 9775 8524 6042 
3 3647 2935 2728 
3 5628 7865 4346 
3 7316 9503 8882 
3 324 6977 2329 
3 2856 4575 2975 
3 9824 9105 702 
3 9888 1525 3770 
3 4715 1527 9126 
3 7829 3217 3235 
3 7109 3786 8643 
3 6189 5794 5008 
3 8824 4667 8441 
3 2185 9543 3796 
3 4386 3956 5720 
3 612 2125 9258 
3 1216 569 4793 
3 2619 9342 2663 
3 5055 495 9717 
3 926 9557 7423 
3 7234 8998 5099 
3 8 8388 5846 
3 9348 6682 9673 
3 2085 4975 7383 
3 8464 1582 3086 
3 8467 4484 4439 
3 7530 2918 338 
3 5645 6361 7003 
3 9874 566 6007 
3 8240 2310 8825 
3 9642 5387 3789 
3 6139 7915 4372 
3 3913 9245 1319 
3 2701 9292 490 
3 6383 6941 8147 
3 9 3887 4654 
3 1873 703 3479 
3 7363 5942 7496 
3 9378 5227 9800 
3 6201 963 5892 
3 9207 7760 3459 
3 4071 9073 667 
3 1381 8932 9019 
3 8007 3921 7292 
3 164 7334 3985 
3 1344 968 3290 
3 6371 4725 633 
3 2299 2076 1947 
3 4711 6213 9812 
3 1977 2815 6286 
3 7956 8843 2901 
3 8654 5097 7706 
3 2764 8587 9978 
3 1240 8993 5815 
3 3964 1169 2613 
3 7205 3607 8362 
3 304 6404 3671 
3 1920 5375 6432 
3 7321 8620 9835 
3 596 1804 3273 
3 9379 9106 9099 
3 463 7398 8179 
3 4194 771 6015 
3 9147 5411 5874 
3 4256 7647 9692 
3 6456 2607 4514 
3 6365 2800 4152 
3 6004 3199 5213 
3 6710 4416 6886 
3 197 8891 7692 
3 6770 8872 3593 
3 6961 4009 9772 
3 5631 7219 6699 
3 9937 4805 2624 
3 477 9653 4006 
3 6446 7778 7741 
3 5051 1688 4540 
3 26 6811 4040 
3 4511 1674 2867 
3 1399 8639 3237 
3 3774 6343 2899 
3 7936 9483 236 
3 2570 1141 5251 
3 8513 5867 7236 
3 5956 4638 3826 
3 1816 7776 6304 
3 175 6188 7147 
3 3717 3328 263 
3 3451 3388 930 
3 9262 6643 2594 
3 8360 2220 8474 
3 994 8547 9153 
3 6613 1532 1010 
3 4261 4741 8382 
3 4322 6551 3561 
3 7395 7318 5244 
3 9805 6617 7016 
3 2047 7402 1573 
3 3508 6739 7611 
3 6675 5621 1661 
3 1089 3241 9418 
3 2451 2530 967 
3 9233 2629 3377 
3 5236 2634 3769 
3 6488 4814 824 
3 6809 6443 6124 
3 7736 9983 6766 
3 7107 496 9997 
3 6090 4171 2405 
3 3780 7745 4723 
3 5978 9228 1327 
3 7509 7886 3452 
3 1379 6198 555 
3 6006 4327 9194 
3 9811 9254 7418 
3 5907 6894 5696 
3 6511 4074 3825 
3 679 9871 5614 
3 3236 7563 5504 
3 9889 4471 6342 
3 936 4073 4017 
3 6463 8636 962 
3 3118 9408 9407 
3 665 1189 3846 
3 3379 1742 2124 
3 2546 9719 5492 
3 443 260 6376 
3 6260 3320 6625 
3 9659 6700 9044 
3 67 2301 1648 
3 8328 9299 2859 
3 1223 2370 9658 
3 7140 5522 9023 
3 3519 9438 1448 
3 8905 3448 5081 
3 5792 2652 2226 
3 249 6350 9924 
3 1624 3999 9016 
3 7519 5284 1994 
3 1772 1969 1919 
3 8724 8526 6095 
3 9051 880 7910 
3 1984 384 3849 
3 1317 6874 6265 
3 7134 8982 9941 
3 4425 5172 5467 
3 4898 9447 8805 
3 6264 9039 332 
3 8775 1577 6232 
3 8129 128 1447 
3 4656 9431 7272 
3 7123 5474 6765 
3 3367 9950 9848 
3 2682 4648 1504 
3 3968 8853 1654 
3 9739 5047 2527 
3 7044 1117 2895 
3 8622 9209 9297 
3 305 8207 7801 
3 3340 1808 2535 
3 4227 3197 9037 
3 4037 6653 4647 
3 1383 4411 7456 
3 1353 6366 4890 
3 6066 5676 9251 
3 240 5371 6021 
3 6354 2719 7502 
3 5253 4536 846 
3 3776 2073 4124 
3 4961 6948 3154 
3 4972 2706 4366 
3 2526 5549 8630 
3 7695 8730 4369 
3 719 1474 5118 
3 6668 8102 8348 
3 3492 5331 9256 
3 3798 8854 7239 
3 3542 4148 9077 
3 499 9479 4755 
3 7789 2794 2318 
3 7331 2860 5469 
3 437 7506 728 
3 7748 1108 3862 
3 773 8778 1548 
3 390 7043 6126 
3 7392 4780 1342 
3 415 9275 4754 
3 8802 6695 1660 
3 9344 565 3616 
3 5453 6561 8470 
3 1885 1526 1811 
3 9189 4773 1421 
3 9414 2489 9103 
3 183 856 8260 
3 4360 1069 3043 
3 3531 552 8424 
3 6828 5830 5931 
3 344 4449 1958 
3 7992 6890 239 
3 6762 6086 4905 
3 2132 5920 2490 
3 3224 2297 7920 
3 9860 6029 6868 
3 7015 2295 6000 
3 7781 9638 9079 
3 1612 7921 193 
3 474 1430 5354 
3 844 7631 8086 
3 9252 7102 4506 
3 9525 9921 4350 
3 7028 7744 1112 
3 4953 93 4815 
3 9174 3772 1017 
3 478 5847 8139 
3 42 6106 6528 
3 8047 7478 7198 
3 1989 6952 6349 
3 501 7482 7650 
3 4882 6127 8162 
3 2589 7087 5515 
3 482 376 2462 
3 8078 8024 825 
3 4155 286 3978 
3 4718 4572 3165 
3 9423 9999 7475 
3 5031 188 1807 
3 8306 1907 1492 
3 7388 4054 8038 
3 7554 8416 5070 
3 1583 5439 2354 
3 9968 8991 3029 
3 8718 5976 3336 
3 8479 4883 1700 
3 1302 9458 2870 
3 3249 1407 8141 
3 8831 8716 8061 
3 6098 2382 5967 
3 8431 5194 5849 
3 4253 9687 3802 
3 311 2715 6945 
3 6269 9101 182 
3 2338 1575 8593 
3 722 5688 745 
3 7125 6396 8869 
3 2739 2389 4029 
3 3214 5816 1828 
3 8371 505 6171 
3 1584 5698 1875 
3 9320 5797 9090 
3 2171 611 1893 
3 726 1291 7689 
3 6541 6522 4566 
3 2941 4391 4895 
3 1333 2896 7454 
3 3322 653 6433 
3 2693 6044 8158 
3 8810 3891 5383 
3 4794 2984 9091 
3 4383 2109 6020 
3 8956 2089 9155 
3 7607 9130 5710 
3 1797 3793 4800 
3 1425 419 6094 
3 4081 1161 7796 
3 8927 7337 5768 
3 9456 8220 5897 
3 9895 8954 2737 
3 2237 7452 8267 
3 2942 3474 655 
3 7355 4056 281 
3 8275 2912 9823 
3 6308 9177 6788 
3 1329 7431 7579 
3 248 1830 178 
3 5141 4785 5748 
3 5490 6826 8721 
3 2824 4126 9656 
3 4576 7020 7310 
3 9222 6832 5160 
3 7649 6434 4255 
3 7710 7795 7382 
3 4865 1523 9392 
3 1185 1060 8641 
3 3817 2696 9855 
3 9400 5265 2143 
3 1713 7501 7724 
3 4842 8126 7616 
3 5142 920 4564 
3 4008 6593 9393 
3 1942 550 7582 
3 4338 6994 3205 
3 8732 6204 4189 
3 874 1167 7479 
3 764 6604 800 
3 3652 5773 8065 
3 87 5620 1138 
3 8332 5004 4686 
3 3446 4818 1196 
3 1283 7172 9750 
3 4836 3443 1951 
3 6335 3533 7549 
3 216 4428 5828 
3 8480 8223 8541 
3 6888 8549 2905 
3 2542 300 5721 
3 795 3277 861 
3 2006 1402 8210 
3 3284 717 4462 
3 3161 2035 1463 
3 3061 6017 6720 
3 7323 5958 1343 
3 6251 5324 9886 
3 2936 6620 475 
3 8456 399 1289 
3 1485 3410 132 
3 8178 9117 4427 
3 5196 598 1221 
3 4415 8493 3893 
3 6351 7617 2319 
3 3212 3023 1802 
3 3569 3919 1324 
3 3934 2403 3186 
3 7276 2677 5260 
3 5011 659 4055 
3 4246 690 4584 
3 1053 9566 4871 
3 5203 7088 7771 
3 1862 7871 5138 
3 4586 8151 3954 
3 6516 1385 4169 
3 6289 777 833 
3 9626 8567 3576 
3 1547 256 8241 
3 5270 9300 1646 
3 3924 7097 5826 
3 2802 2325 1500 
3 3482 9938 6505 
3 1923 1824 6114 
3 8454 2729 6437 
3 3741 8556 7635 
3 8402 6250 9186 
3 4035 8387 6918 
3 3295 8633 4290 
3 510 1876 2335 
3 5753 223 3833 
3 6990 6313 6631 
3 5137 2178 9857 
3 4271 8944 3254 
3 1520 7103 7164 
3 8683 9757 7230 
3 3002 8314 3709 
3 1099 8485 975 
3 851 4460 8602 
3 6684 2690 4688 
3 9151 63 8624 
4 673 3737 1766 3494 
4 4032 3279 6773 6855 
4 2884 1836 3289 5998 
4 3888 9357 850 6393 
4 8422 599 7422 5659 
4 4907 8755 952 64 
4 5910 1924 8646 4400 
4 3426 9863 41 9522 
4 5883 7358 6107 8871 
4 70 1530 3439 6664 
4 9323 8425 5037 9030 
4 709 2499 5145 1408 
4 5121 5974 6831 8029 
4 78 117 115 7550 
4 7397 9312 891 3301 
4 3918 4632 859 6856 
4 785 976 2376 7267 
4 549 2473 6930 2420 
4 5335 736 1123 1297 
4 7704 9505 5732 9004 
4 3178 5912 6494 2239 
4 9846 9926 3628 8357 
4 6014 8592 7726 4523 
4 4293 452 4153 2041 
4 927 4476 8243 1106 
4 8858 8165 4025 16 
4 8171 9281 6693 9420 
4 9176 2989 5378 4862 
4 971 5238 7203 3995 
4 8123 546 3981 538 
4 2246 1102 3145 4624 
4 9854 237 9124 6584 
4 4333 6435 1686 9821 
4 9061 5470 2614 7686 
4 2796 1592 3973 1653 
4 5973 713 9493 7144 
4 8310 1705 1027 7977 
4 6747 9218 9345 9640 
4 6589 1158 7187 855 
4 2748 9554 7688 984 
4 3920 2355 3675 1641 
4 3176 648 1135 6255 
4 8130 8886 1130 6913 
4 2302 7515 6989 8706 
4 3202 3608 7295 8238 
4 9538 5735 2831 1543 
4 3010 6395 9484 2388 
4 4041 3018 6615 1257 
4 5407 3621 591 9740 
4 3114 5392 3102 9380 
4 4209 8183 1833 9539 
4 1740 8650 5859 737 
4 3012 7633 8625 3183 
4 5185 1481 993 5741 
4 7646 3581 1631 3599 
4 8154 6725 3573 4107 
4 7427 1173 7698 9401 
4 9353 9138 6234 2434 
4 6299 5738 5681 8988 
4 8438 2103 8874 1044 
4 5876 9356 4005 8934 
4 1426 2964 8713 7954 
4 9236 9235 1636 746 
4 8228 1570 3660 3257 
4 3773 6619 5240 3725 
4 5101 3148 8026 1861 
4 7621 2810 6535 3691 
4 9972 1334 7127 8931 
4 2222 3325 7112 4740 
4 9742 4694 3435 3745 
4 9541 6995 1004 3859 
4 9508 72 8610 5357 
4 1659 8251 9398 242 
4 7433 660 5939 2184 
4 9224 2736 4145 6810 
4 6887 4662 2251 44 
4 3363 7898 4312 1006 
4 3047 520 8764 6843 
4 4698 4719 485 5636 
4 5740 4105 7948 5680 
4 5384 9705 898 4166 
4 1129 763 8351 4970 
4 9462 6309 7663 9324 
4 2731 7417 9825 9691 
4 8468 7851 3753 155 
4 3223 6738 1187 2952 
4 6496 8285 872 7681 
4 5301 4856 3151 1098 
4 1889 869 9143 6940 
4 8953 9069 2201 2783 
4 3412 5593 632 9184 
4 3650 6352 889 3146 
4 4132 1681 3547 1614 
4 1851 5545 3875 1959 
4 116 7560 3907 8372 
4 1373 1311 1703 9316 
4 2379 7176 1684 6580 
4 6999 9820 9293 5554 
4 4301 3517 1868 8095 
4 551 9070 2191 8245 
4 7167 2531 139 3951 
4 6203 3103 4729 8699 
4 8947 2108 9255 1369 
4 4832 6217 2442 7173 
4 8214 6926 312 4644 
4 1409 4549 9520 2509 
4 4151 7297 433 8598 
4 4923 7805 6402 5511 
4 4220 2754 4174 2348 
4 9907 964 7041 8484 
4 7257 1480 8150 6578 
4 4541 4609 2496 7410 
4 5486 8818 5880 7225 
4 3970 2807 7655 2749 
4 9838 1435 2564 5346 
4 808 27 5222 9306 
4 189 1234 8634 2922 
4 8670 3857 6340 2398 
4 7652 3003 3499 2632 
4 9244 5223 4288 7078 
4 4193 4043 1794 3386 
4 3546 1042 9676 3066 
4 3527 2232 4452 2759 
4 8316 6531 9896 3348 
4 3726 4206 152 5288 
4 2060 85 3882 4507 
4 1071 4319 8341 1815 
4 5202 6275 4543 8222 
4 6099 5904 2238 2667 
4 9181 56 6283 428 
4 9374 1315 6001 3045 
4 4817 5347 610 315 
4 5377 6092 4323 7223 
4 6346 3041 6736 7277 
4 479 4262 3641 5508 
4 3466 9247 5480 3935 
4 137 2540 8321 6917 
4 7158 4947 3734 8373 
4 901 4457 583 2990 
4 9064 2928 8281 1075 
4 1911 9330 1254 6431 
4 8437 5012 7403 5733 
4 4192 408 2691 5201 
4 4518 2208 1244 887 
4 8453 2967 3503 951 
4 8191 6133 4434 8286 
4 1637 9693 9120 8651 
4 6231 1074 8166 8916 
4 4529 6047 6705 2418 
4 3008 2501 6145 8308 
4 2262 8035 8752 8924 
4 5150 9789 1454 5405 
4 9751 8088 3979 9326 
4 3401 3871 3587 1997 
4 7951 1273 4766 30 
4 6465 8205 96 4279 
4 8121 5706 3766 9688 
4 2309 582 7721 4330 
4 6902 9837 1370 5949 
4 8663 454 1737 2602 
4 3057 5572 8140 9114 
4 8743 2581 2919 2440 
4 9092 7728 7183 380 
4 5714 7957 8119 3988 
4 3682 430 3911 4999 
4 6075 9793 1133 4591 
4 7047 9670 571 6122 
4 113 1627 4328 7119 
4 769 1386 2308 333 
4 2375 8793 6440 2391 
4 8157 704 6268 2854 
4 3227 3090 1384 8973 
4 2921 8161 4395 1296 
4 6605 2158 3046 4709 
4 4015 7986 9966 4799 
4 5923 9152 1121 4324 
4 9237 3788 401 2788 
4 1164 3368 9035 5962 
4 750 1776 6054 9188 
4 5128 1607 7958 5687 
4 2703 6267 1467 656 
4 3700 8844 219 9406 
4 1062 8324 9272 2081 
4 3861 6852 621 1775 
4 7602 6057 9238 6273 
4 6594 894 9005 9082 
4 3697 4950 3054 3994 
4 2494 5437 5013 5862 
4 8868 5159 4809 8560 
4 7231 2000 9058 2838 
4 1105 2953 4437 526 
4 4149 7066 9644 4243 
4 2150 6726 5550 3427 
4 9790 8679 3722 489 
4 8870 1910 4296 9552 
4 5435 1553 2012 8486 
4 4893 9864 2889 9178 
4 6037 3683 6723 7505 
4 5553 6423 2799 241 
4 4857 5257 4826 8968 
4 3392 6993 5716 8301 
4 1119 4067 521 28 
4 4463 7455 5034 4738 
4 3169 8398 3076 9298 
4 1903 6063 5608 1461 
4 2505 4997 6052 409 
4 6647 6259 5813 5062 
4 393 8249 2543 1765 
4 6639 1261 8291 7922 
4 4512 2242 9986 5506 
4 1166 8697 2649 5801 
4 1978 7526 7551 1908 
4 7335 9412 4863 2981 
4 7110 4409 1892 5323 
4 8410 3471 8881 5100 
4 65 4285 983 9766 
4 8320 7596 3149 6686 
4 5779 7133 3555 642 
4 9544 2760 8619 4464 
4 5526 2174 5289 2257 
4 4447 1403 7831 5936 
4 8148 5106 5750 4306 
4 924 1047 6215 3055 
4 6998 5671 2278 1618 
4 2117 387 1032 6973 
4 8817 6344 9011 9074 
4 4861 8296 7894 1155 
4 9748 1841 6572 4508 
4 4580 9459 7365 6132 
4 2492 5760 2416 5529 
4 3851 2082 8463 5546 
4 2314 6381 9329 2026 
4 5774 1601 8759 7552 
4 354 498 5990 9867 
4 6491 3318 3815 1634 
4 7387 9048 7629 9959 
4 1024 6142 1593 4315 
4 961 7626 131 516 
4 1359 9961 5790 1840 
4 5157 7413 5224 4341 
4 288 9102 3068 9171 
4 5266 232 4668 3526 
4 1795 2331 200 8709 
4 6714 7547 1304 4610 
4 1151 5675 6300 953 
4 6278 3404 6333 316 
4 6622 9362 6068 1697 
4 9187 6665 7265 9970 
4 1393 4915 1002 120 
4 8494 4678 7820 921 
4 7804 5337 4748 1095 
4 8712 2726 3910 8621 
4 7300 3936 5319 9257 
4 2280 2591 1522 6317 
4 5255 742 9917 3867 
4 2930 871 9325 9515 
4 7719 102 2140 812 
4 1611 5499 6336 8569 
4 9338 3203 6891 8791 
4 3506 8992 2312 3005 
4 6476 5662 2777 6023 
4 8160 2605 7327 9068 
4 8040 7747 7379 9337 
4 2195 6490 9340 1734 
4 3591 8994 8218 3880 
4 383 7129 4812 4594 
4 5871 4563 8573 7870 
4 7108 7313 1954 7476 
4 5855 1198 8020 3805 
4 7783 5068 5856 7440 
4 960 577 7657 4884 
4 7557 8678 6477 8297 
4 979 2443 8294 1540 
4 5073 3663 1309 7517 
4 910 6378 3897 5995 
4 3718 4900 481 4904 
4 3450 7619 6430 2743 
4 3615 9042 3505 2833 
4 9149 8233 2410 9461 
4 9551 9955 5780 6035 
4 4379 2538 3220 4269 
4 9734 4765 954 1872 
4 1142 4833 1813 3720 
4 5799 2039 8985 1077 
4 5881 3081 6379 7722 
4 2243 5959 7366 4968 
4 6645 2658 8195 1665 
4 3822 2931 3812 1238 
4 7304 1901 8235 1887 
4 4273 5602 330 9630 
4 6903 6730 5044 9726 
4 5120 8042 7229 3563 
4 94 4879 68 4661 
4 7261 1081 7614 7409 
4 2404 4627 6853 6156 
4 5648 5584 5521 1744 
4 7581 1753 925 1306 
4 3160 684 2976 6388 
4 379 2732 4019 2166 
4 9391 6058 5299 740 
4 4978 9833 7823 4085 
4 8353 2878 6166 4617 
4 8798 1586 2128 9807 
4 4969 6972 5611 5026 
4 3344 8116 8120 6792 
4 1649 4683 4910 7258 
4 5908 3996 33 8757 
4 2827 6266 431 4207 
4 1255 5463 529 1252 
4 243 1651 7243 3196 
4 3688 7202 9771 2175 
4 456 2959 150 8370 
4 8030 7171 1372 8087 
4 6399 2096 4623 5807 
4 6646 1487 9568 1218 
4 5110 7025 52 3908 
4 6598 8145 6019 3218 
4 8537 1711 7312 9690 
4 6562 9049 5994 3878 
4 6467 8256 5960 4810 
4 4607 5252 3807 8498 
4 9998 4473 6717 9032 
4 8753 8612 5781 1940 
4 1953 7842 2149 1180 
4 4797 9216 9882 1466 
4 6547 5277 5568 3073 
4 3465 5025 465 2627 
4 8000 9274 74 24 
4 5877 6573 7984 6242 
4 865 6013 9579 2671 
4 5280 8053 9851 584 
4 2467 4086 3740 6857 
4 8820 6621 0 7264 
4 1199 6658 3056 1944 
4 8331 8450 6559 7751 
4 9870 4642 2311 8313 
4 4701 5281 7186 2444 
4 4599 3877 3801 9529 
4 7319 1122 8013 2551 
4 9202 1239 2147 1068 
4 9279 9036 8533 1229 
4 7386 2686 3645 3831 
4 4559 5948 5028 4050 
4 8860 4995 9220 7000 
4 2841 5272 710 1118 
4 8084 2972 3481 8045 
4 8390 6226 5262 4726 
4 7294 1443 8919 4034 
4 6859 2733 1225 9093 
4 8274 8758 8528 2294 
4 492 3605 298 7162 
4 9481 6789 7620 2401 
4 6616 2421 9148 5400 
4 8799 8477 1351 3661 
4 7089 9360 9602 8611 
4 7889 3133 3895 1284 
4 4154 2638 3941 9951 
4 5152 5282 1783 9500 
4 9038 7618 6957 6223 
4 5423 6117 6935 6515 
4 3463 6750 7546 8201 
4 6141 9904 2637 534 
4 5743 7250 9489 5652 
4 4451 306 7773 4343 
4 4120 3948 6785 3275 
4 5087 695 2683 9065 
4 3100 8531 7803 3698 
4 5414 7175 9411 594 
4 381 1422 986 1870 
4 5046 5580 7588 9911 
4 2392 5303 2999 9945 
4 7694 2536 9958 2781 
4 3210 6125 2397 6003 
4 1550 4616 3639 1495 
4 8127 8103 4612 3500 
4 7156 217 8074 48 
4 7011 2258 5290 9145 
4 5393 9128 7019 868 
4 4619 4212 3184 1033 
4 3570 6281 4764 4098 
4 7244 1695 7937 2014 
4 2290 1124 1323 6193 
4 5657 7348 9815 1140 
4 20 2168 7400 8559 
4 6754 124 7523 9778 
4 2383 2973 1821 4146 
4 5029 3808 6076 5906 
4 118 2342 9426 9024 
4 6971 4649 3245 4942 
4 8747 9729 4655 7569 
4 9588 9239 9486 8414 
4 121 7362 6707 4908 
4 848 6070 8334 9443 
4 2086 9264 2324 334 
4 5531 4450 6659 8025 
4 1999 53 3554 3548 
4 4362 3281 6270 3447 
4 7291 2699 6483 7605 
4 5427 9930 9990 5041 
4 4574 2555 8591 4771 
4 6454 5067 2216 3756 
4 5216 9738 423 7838 
4 7916 4708 4157 9849 
4 4539 3765 8016 4214 
4 7083 451 3137 1259 
4 7716 7024 6417 7864 
4 2351 6163 3937 911 
4 4237 1 9853 5571 
4 8446 2409 3931 9250 
4 8705 3712 8377 6755 
4 7912 2472 1442 5731 
4 5342 5703 9669 9908 
4 8508 5339 7763 3074 
4 2233 5340 274 5822 
4 6985 8073 3455 7700 
4 1136 7434 5451 8475 
4 3112 5119 689 4577 
4 617 3744 221 3399 
4 1574 8196 9033 4830 
4 9173 4788 5930 6519 
4 9875 4241 8209 4187 
4 7460 5410 4199 7393 
4 1727 9735 2669 1844 
4 708 294 459 8167 
4 2333 8417 5705 3011 
4 3658 4239 6840 5950 
4 8490 9576 3417 4730 
4 5382 8840 9672 4864 
4 1271 1313 7715 2951 
4 1405 5243 5098 5326 
4 462 3022 210 8094 
4 3234 32 688 5844 
4 6186 2259 2221 414 
4 6345 3098 2595 1936 
4 2541 6504 5476 5125 
4 8173 1725 6884 3019 
4 8688 1093 8581 7962 
4 4593 2131 3475 7283 
4 9242 7032 8576 8704 
4 1404 4567 1615 8892 
4 8041 7430 7086 3143 
4 8917 7643 8605 6461 
4 3491 3120 7684 2572 
4 2163 9436 6045 6167 
4 9465 3787 5886 6956 
4 7394 7248 6261 3837 
4 2315 8060 5403 4370 
4 7562 8879 2138 1909 
4 7046 1735 8252 196 
4 866 4781 5089 509 
4 7101 4499 6546 9072 
4 5754 1642 1528 8538 
4 125 5704 6743 8083 
4 9028 4674 3839 9611 
4 1511 5761 7022 6314 
4 8432 3001 6753 3134 
4 8462 3930 4167 6406 
4 4062 4226 4714 3806 
4 941 1925 7137 4827 
4 4039 7594 4911 5033 
4 9619 5481 731 2707 
4 4848 1171 447 3781 
4 4417 9813 62 6761 
4 3536 2672 8980 6963 
4 622 6130 5795 8110 
4 2078 7696 8939 5778 
4 6328 2615 6280 293 
4 7048 255 6982 3119 
4 7099 3172 6635 9240 
4 213 2008 2464 6249 
4 3762 6866 3928 9283 
4 4046 1946 1506 179 
4 2636 7442 4538 7665 
4 8363 6915 556 6087 
4 6986 5465 1061 5700 
4 3108 3706 1449 8236 
4 3433 4760 8407 7004 
4 3502 2966 1630 7288 
4 6865 3244 21 980 
4 127 4562 7353 2368 
4 5082 6385 3889 2069 
4 8199 299 7853 4974 
4 7988 7166 9577 9689 
4 6010 3610 7330 3626 
4 1290 458 3855 6253 
4 4348 252 3453 9056 
4 8092 1406 9164 77 
4 3664 8114 815 9935 
4 3064 7308 3028 6177 
4 2797 6219 7381 9419 
4 3473 9006 2001 1345 
4 2907 4354 9741 9076 
4 422 2963 6113 5494 
4 2670 9696 5505 1639 
4 3986 6895 6103 2426 
4 9488 3898 1918 1100 
4 5461 7370 3319 4156 
4 5555 8674 9135 2231 
4 3470 8686 4211 6294 
4 9524 6892 9562 1177 
4 14 4140 9008 1337 
4 7674 3467 4127 8845 
4 6439 1600 7592 8543 
4 5176 3584 7163 7135 
4 8617 2406 9366 6046 
4 4761 9777 5397 3400 
4 1818 4320 6871 2100 
4 1314 4257 1424 876 
4 2098 852 9511 5661 
4 5642 5597 46 7071 
4 3195 9547 1034 4072 
4 3105 9191 7933 9199 
4 3095 6907 2847 4123 
4 3856 1194 2197 7189 
4 8108 6302 6608 7068 
4 7821 9657 9623 7630 
4 247 7762 1288 370 
4 8350 1671 8465 8583 
4 7508 6271 6758 6325 
4 7929 5802 2058 3126 
4 1365 382 4645 2946 
4 8920 8284 3932 5540 
4 9332 8044 2146 224 
4 6222 5287 4554 6849 
4 3331 9923 1016 1509 
4 5226 9686 756 9567 
4 3848 3490 3912 9783 
4 1777 3366 404 6134 
4 9210 8540 6812 2512 
4 743 7884 3811 1513 
4 676 6502 9584 9031 
4 3775 7374 9409 4670 
4 7764 2056 5981 7369 
4 245 54 7305 1019 
4 3636 8063 3267 8497 
4 5857 3142 7600 573 
4 5334 7940 3370 5953 
4 4347 2774 9399 6416 
4 4325 5428 8266 3998 
4 762 8601 4384 2648 
4 2493 5135 4223 6585 
4 784 7468 4824 9433 
4 144 9088 8618 7813 
4 279 2772 9920 3933 
4 3746 2336 1709 680 
4 4604 2641 4986 6591 
4 6375 2025 8358 3489 
4 3419 2454 2431 9310 
4 7094 4875 3353 4030 
4 8466 917 7445 1299 
4 2486 7339 8340 1998 
4 5784 349 4581 3413 
4 6389 1078 2601 1107 
4 2651 4573 6457 8896 
4 1150 4651 2322 6951 
4 5024 2842 134 1715 
4 9603 8766 4846 818 
4 8828 4777 136 6110 
4 9146 974 58 340 
4 3130 4164 8835 1638 
4 5048 7373 9301 8307 
4 1382 4525 3106 694 
4 4658 2245 2304 1635 
4 2061 828 5367 6078 
4 4000 6438 8304 4489 
4 2371 7320 4186 2448 
4 5420 6038 3144 6451 
4 945 9932 3424 1355 
4 3927 8658 5793 9127 
4 209 7364 2167 854 
4 8995 7489 9027 4791 
4 3339 8837 5902 6400 
4 9211 707 1581 2888 
4 7130 9291 9546 2118 
4 1280 4289 2898 8440 
4 7606 1973 4180 3814 
4 1610 3589 6147 6327 
4 7372 7580 6 9285 
4 4659 7262 7702 5496 
4 7537 2933 6484 5968 
4 4424 1378 6228 6618 
4 8784 4831 1011 9195 
4 4534 1899 5690 9134 
4 4500 3 8515 7927 
4 9703 2762 6348 1773 