1628
2 5106 5882 
2 2188 6368 
2 534 8360 
2 8812 2537 
2 1540 5676 
2 2568 2978 
2 6910 9215 
2 2371 8072 
2 7250 8555 
2 1456 8587 
2 3610 5035 
2 6585 8825 
2 9553 1314 
2 8236 5867 
2 2539 9626 
2 7006 7270 
2 6741 1275 
2 8071 7510 
2 9692 6401 
2 3137 1948 
2 5351 2516 
2 3144 3436 
2 5193 3926 
2 6077 2201 
2 8580 6764 
2 5208 4225 
2 9286 5293 
2 9947 4833 
2 4203 5561 
2 5836 6587 
2 7891 5267 
2 2015 8483 
2 4771 6095 
2 7041 8679 
2 8038 2191 
2 1798 978 
2 3246 9623 
2 9795 2585 
2 5069 7171 
2 322 4812 
2 8900 9083 
2 1188 7053 
2 5377 9844 
2 3206 7636 
2 5894 1606 
2 5573 4665 
2 1768 9577 
2 8405 7757 
2 3446 199 
2 9012 519 
2 6183 2345 
2 4141 3781 
2 8566 2943 
2 4864 8627 
2 4371 7816 
2 5962 2075 
2 2763 8544 
2 3784 1088 
2 4936 2356 
2 4037 7367 
2 316 4716 
2 5435 1178 
2 5177 9404 
2 3626 7918 
2 9565 8138 
2 6467 7779 
2 5243 2609 
2 4045 1779 
2 1251 3558 
2 7972 413 
2 9274 6928 
2 2706 9285 
2 2260 6660 
2 1999 1578 
2 6391 5527 
2 4960 9929 
2 5187 4066 
2 9440 9326 
2 7715 6197 
2 4774 3596 
2 4134 1815 
2 6405 6683 
2 2355 7590 
2 3568 3421 
2 4977 6927 
2 8732 4786 
2 3714 3816 
2 4113 4919 
2 6227 8770 
2 6353 2274 
2 6909 3923 
2 4738 430 
2 3413 6228 
2 4743 6154 
2 7422 439 
2 5770 8340 
2 826 1546 
2 5200 2278 
2 1713 3345 
2 9634 1099 
2 7439 7690 
2 3307 9087 
2 1217 5729 
2 4464 914 
2 3359 6622 
2 6994 650 
2 9287 122 
2 7258 7436 
2 8385 2280 
2 3581 4479 
2 6052 2531 
2 3848 9741 
2 3537 483 
2 6805 7090 
2 2373 3355 
2 513 4906 
2 3403 2640 
2 691 410 
2 756 2009 
2 7750 9811 
2 8000 6269 
2 2388 3208 
2 788 2012 
2 2308 858 
2 1580 5299 
2 6346 3484 
2 3250 8272 
2 6702 936 
2 7608 7980 
2 1202 9392 
2 83 4002 
2 7625 8287 
2 8473 7128 
2 1594 8978 
2 9182 2032 
2 883 5242 
2 762 4186 
2 1045 264 
2 2799 4507 
2 5163 5549 
2 859 1397 
2 4673 9047 
2 4042 9971 
2 2328 273 
2 8576 8470 
2 816 3338 
2 5327 7048 
2 9937 1207 
2 6718 9690 
2 8957 9212 
2 2556 5022 
2 7795 5017 
2 2602 202 
2 7318 7762 
2 8806 469 
2 4660 3451 
2 6287 1443 
2 1067 7498 
2 9075 8471 
2 357 1410 
2 1181 1218 
2 4434 4776 
2 9425 7322 
2 697 8162 
2 5660 3248 
2 2850 8520 
2 8583 8607 
2 8382 9488 
2 7573 2002 
2 8916 1788 
2 8485 3786 
2 9771 6069 
2 2675 3211 
2 4512 7983 
2 3095 8389 
2 6560 7308 
2 4382 6349 
2 2712 360 
2 2709 9859 
2 398 7542 
2 5537 9846 
2 9605 4175 
2 9420 5181 
2 6541 3526 
2 6539 5966 
2 5324 4306 
2 283 2528 
2 899 8490 
2 2919 7198 
2 9693 480 
2 3746 235 
2 3491 7903 
2 200 7467 
2 6842 9071 
2 3697 7792 
2 9791 7888 
2 6155 4529 
2 6141 3755 
2 3664 6542 
2 9674 1519 
2 3563 4699 
2 71 4238 
2 7066 9343 
2 4426 5663 
2 3433 4895 
2 1253 2443 
2 2924 7553 
2 4411 6756 
2 9093 1 
2 7703 4177 
2 5357 389 
2 2589 7568 
2 8702 7763 
2 60 8035 
2 5152 2256 
2 8221 9210 
2 1975 3961 
2 334 5905 
2 4174 3422 
2 9062 5134 
2 6568 1864 
2 5354 2617 
2 997 9058 
2 1936 6746 
2 5162 6337 
2 8551 3265 
2 5587 5044 
2 953 2612 
2 9262 8868 
2 5093 6165 
2 9949 6072 
2 8113 8901 
2 6192 6508 
2 9189 3026 
2 9354 9146 
2 3548 5576 
2 2102 5065 
2 3124 3062 
2 158 3007 
2 8719 5723 
2 6783 6218 
2 7016 8242 
2 4162 1195 
2 9825 4207 
2 1075 8257 
2 8472 8095 
2 2457 6947 
2 4259 1823 
2 5773 9339 
2 2299 5672 
2 5597 3083 
2 8306 7879 
2 6918 444 
2 5085 3982 
2 5593 6105 
2 5061 4634 
2 9689 8504 
2 6531 2380 
2 247 2705 
2 2987 1927 
2 783 707 
2 7520 1445 
2 6176 5683 
2 856 6814 
2 1357 6453 
2 2500 5394 
2 5475 1958 
2 1881 8834 
2 7997 6747 
2 8514 4228 
2 8308 2783 
2 8677 9124 
2 8006 600 
2 2980 143 
2 9790 59 
2 9638 6570 
2 4830 7144 
2 4625 4911 
2 2284 7647 
2 2815 2147 
2 3731 2902 
2 3202 8008 
2 694 8090 
2 173 3226 
2 8416 8563 
2 5771 65 
2 3542 3585 
2 3468 1530 
2 989 5113 
2 1908 1063 
2 3722 5381 
2 6504 9227 
2 7823 8745 
2 4717 1787 
2 9982 9898 
2 4311 3974 
2 3322 1888 
2 191 8865 
2 6714 5821 
2 3645 6893 
2 3550 9870 
2 7468 1843 
2 906 6798 
2 6913 5379 
2 4702 3467 
2 709 8709 
2 7305 688 
2 2390 8334 
2 6023 908 
2 2562 2860 
2 1060 2503 
2 9414 4052 
2 318 5056 
2 9249 943 
2 8445 8222 
2 2630 9048 
2 5997 2515 
2 4520 9127 
2 1510 9727 
2 9331 3979 
2 3737 4034 
2 6276 6288 
2 3279 3725 
2 2335 517 
2 9706 4572 
2 5711 488 
2 4417 1444 
2 3668 3557 
2 8684 9231 
2 6409 1565 
2 2969 6148 
2 2688 8125 
2 3158 3588 
2 9953 7705 
2 6674 6733 
2 1562 7993 
2 9735 126 
2 9409 9378 
2 3673 5544 
2 9858 6523 
2 8995 1542 
2 9659 1647 
2 9487 7619 
2 4044 9995 
2 9401 8939 
2 1714 1851 
2 3075 2377 
2 3789 7217 
2 4409 3117 
2 8085 8039 
2 9474 2530 
2 1168 790 
2 4285 1998 
2 8359 6474 
2 8621 6517 
2 2314 4560 
2 6138 5883 
2 7282 9413 
2 5371 1121 
2 1759 1882 
2 9762 9444 
2 5287 9948 
2 8540 1941 
2 4694 2587 
2 304 2074 
2 1515 7394 
2 2805 8876 
2 2246 4403 
2 3087 6375 
2 7921 9709 
2 4959 1852 
2 8260 757 
2 5429 2520 
2 9372 3370 
2 1921 3150 
2 1128 8772 
2 8496 4270 
2 4953 6238 
2 731 1753 
2 8495 7287 
2 8531 4131 
2 6742 4814 
2 9921 6547 
2 5058 3254 
2 3909 174 
2 4946 7724 
2 6451 825 
2 4258 9880 
2 9712 5548 
2 8535 7906 
2 4877 3048 
2 6817 8137 
2 9653 6271 
2 590 2994 
2 5901 7120 
2 9209 7556 
2 4976 684 
2 6790 8068 
2 7506 3148 
2 6717 9944 
2 4884 5084 
2 551 411 
2 9156 7001 
2 348 355 
2 8102 3227 
2 7793 8764 
2 9618 4519 
2 5214 7393 
2 5930 2400 
2 4012 2858 
2 536 4543 
2 7421 3973 
2 8984 4244 
2 9278 7228 
2 3516 4010 
2 6210 8699 
2 6107 9263 
2 1020 6493 
2 7121 6341 
2 6475 3134 
2 3225 2068 
2 9764 127 
2 9732 2660 
2 4562 1146 
2 1667 4204 
2 180 541 
2 4171 1821 
2 3707 8941 
2 131 1599 
2 8775 9187 
2 7347 4473 
2 5373 2185 
2 4099 6462 
2 9668 7969 
2 8929 6620 
2 3138 3541 
2 2430 7434 
2 5566 5296 
2 3219 8747 
2 3022 6002 
2 4599 9583 
2 3295 3852 
2 4353 78 
2 9179 3268 
2 5983 3934 
2 6232 7356 
2 1701 1749 
2 5942 4566 
2 7958 5278 
2 206 257 
2 5608 2461 
2 897 3759 
2 4 7917 
2 3351 3502 
2 4139 9478 
2 5739 2209 
2 6771 4838 
2 3711 7782 
2 3803 5823 
2 1446 2379 
2 5235 2391 
2 1556 1592 
2 3043 4429 
2 8044 1077 
2 6908 7992 
2 7142 4436 
2 3606 1413 
2 3916 1338 
2 4689 8204 
2 3752 6856 
2 3690 1992 
2 2108 1792 
2 5504 6916 
2 2163 2192 
2 7860 8377 
2 9441 319 
2 3514 1856 
2 8285 802 
2 2073 3686 
2 1932 5611 
2 2331 3980 
2 1622 6211 
2 1761 2833 
2 4457 5380 
2 3399 3431 
2 7064 4898 
2 8510 1691 
2 7726 12 
2 6809 7204 
2 6921 8840 
2 7209 4301 
2 8798 2968 
2 2770 571 
2 2431 7325 
2 3170 3151 
2 1643 7375 
2 5071 2781 
2 9412 1085 
2 4981 2912 
2 9857 3035 
2 2249 2741 
2 4268 7437 
2 3303 2275 
2 2927 2654 
3 6687 766 3774 
3 9430 6534 3405 
3 5356 6093 5926 
3 1807 4899 9632 
3 5731 4831 4791 
3 6686 4337 4363 
3 3216 692 5281 
3 7357 155 1683 
3 3538 1863 5291 
3 895 9532 926 
3 6110 6354 7186 
3 3659 919 7502 
3 438 3464 6985 
3 5603 3157 8778 
3 7070 3032 9660 
3 8887 5081 3244 
3 128 8244 9696 
3 1438 9993 3565 
3 8845 5021 5752 
3 8657 3430 3490 
3 2196 9663 2339 
3 4784 1663 5335 
3 1216 8907 1157 
3 5958 2096 4029 
3 5186 1431 7286 
3 2757 7122 6117 
3 1492 7223 8568 
3 2928 6068 1342 
3 3053 8917 841 
3 7083 2125 6386 
3 2254 2566 9753 
3 5645 7829 1313 
3 4991 7095 8020 
3 2560 5359 8895 
3 9091 1365 1813 
3 2514 865 4086 
3 3566 8934 6709 
3 9475 4075 8322 
3 6267 6634 6736 
3 8599 5815 5219 
3 1243 1040 1461 
3 417 4335 29 
3 2155 6729 2008 
3 4823 1359 595 
3 7329 5666 5013 
3 5893 3018 7231 
3 2247 6617 3877 
3 7785 5647 10 
3 4785 4626 3903 
3 352 6374 3536 
3 2748 9593 7974 
3 7507 2714 5545 
3 8246 9272 27 
3 1899 3872 4460 
3 2016 1374 7626 
3 9319 6610 8562 
3 8573 3544 2160 
3 9063 8388 3072 
3 2487 1474 5087 
3 2625 9314 5415 
3 7882 9652 5688 
3 2130 8197 6934 
3 9387 9367 2797 
3 171 6087 365 
3 9654 4790 509 
3 8398 4193 2287 
3 7688 4499 9358 
3 6259 1644 5636 
3 9961 9196 8950 
3 7719 3716 2143 
3 8074 610 2854 
3 9589 8430 9756 
3 1464 6027 2300 
3 4974 5302 8667 
3 8376 8582 9869 
3 2941 9711 3349 
3 9758 7449 4112 
3 6884 4675 5040 
3 477 5691 9390 
3 8993 2389 6477 
3 5708 9352 8052 
3 7145 8107 2961 
3 5319 8271 2202 
3 699 8793 67 
3 4757 6897 8541 
3 3283 1226 6599 
3 7130 7183 4587 
3 5753 8012 9635 
3 2454 7598 7524 
3 1583 7686 493 
3 3149 259 1347 
3 2495 7079 2554 
3 4707 7234 5496 
3 727 3224 7744 
3 2577 5579 7528 
3 1658 9903 8910 
3 1006 5649 22 
3 6627 981 2034 
3 2352 4636 7302 
3 1797 3044 9310 
3 7185 2488 6358 
3 7159 6956 946 
3 3591 7685 6978 
3 8449 9485 9353 
3 345 8955 1458 
3 1355 1489 5284 
3 8421 9598 5638 
3 2932 506 4197 
3 8500 3377 7591 
3 8788 5234 7021 
3 156 4989 3105 
3 3945 1071 181 
3 8943 6208 8960 
3 1968 3539 208 
3 7599 1482 5192 
3 3335 8761 9622 
3 3892 819 3669 
3 2551 8652 2673 
3 8211 9501 6366 
3 9832 3937 7407 
3 5754 9040 3830 
3 6937 7220 7794 
3 9962 7060 9028 
3 8843 735 281 
3 5560 4548 9020 
3 4746 8797 9208 
3 9044 7932 9524 
3 3698 8363 8645 
3 6648 8311 88 
3 5143 2392 8816 
3 5139 3368 1010 
3 5772 9754 8378 
3 5495 3642 7923 
3 1160 2963 8192 
3 9329 956 7989 
3 2523 9895 9926 
3 9140 7118 5703 
3 4635 1102 3493 
3 8990 8245 2690 
3 8373 8086 8737 
3 8963 5886 4525 
3 7354 6251 1459 
3 9192 6881 9837 
3 4304 7477 4105 
3 730 9264 5530 
3 3481 6223 3329 
3 3496 1240 5662 
3 189 3819 9084 
3 1561 6377 4084 
3 8230 1175 307 
3 6664 2283 9549 
3 5822 1158 7738 
3 8346 3212 7926 
3 8591 7290 6973 
3 8170 4554 8418 
3 2372 1715 5876 
3 8336 9338 4345 
3 6320 3402 8948 
3 8249 114 6618 
3 3730 7336 3635 
3 7815 2732 9988 
3 760 3940 984 
3 6532 3535 4292 
3 9919 7291 6188 
3 7435 7410 2396 
3 492 620 2586 
3 3547 1272 1747 
3 2641 6806 5039 
3 7376 3181 4213 
3 63 9522 4875 
3 6557 3779 8348 
3 6581 6545 6743 
3 49 4016 8188 
3 7706 4143 605 
3 1887 2795 5542 
3 8217 2099 2261 
3 948 9005 2794 
3 9489 772 6676 
3 9200 5667 6728 
3 4495 8986 175 
3 8886 780 3207 
3 5418 4391 3836 
3 1061 7789 3896 
3 6004 4187 2189 
3 6867 1483 7633 
3 4327 2023 9558 
3 6175 4917 8408 
3 7487 473 5547 
3 2525 5523 9345 
3 8353 5682 2083 
3 6036 3804 5735 
3 6114 9550 3240 
3 1657 8746 5449 
3 1794 6579 6037 
3 6357 2385 4931 
3 8265 9694 602 
3 7514 1424 8650 
3 5268 1698 6875 
3 1537 2257 9368 
3 452 1641 2890 
3 9557 7617 7445 
3 5308 1409 9904 
3 3242 4205 4533 
3 7205 9801 386 
3 9545 5307 6571 
3 4483 3788 6013 
3 2441 695 8210 
3 252 8796 8866 
3 6397 9699 4623 
3 425 4356 4313 
3 7479 6836 5831 
3 850 5202 9913 
3 1980 4064 5616 
3 6959 5078 890 
3 377 4401 5931 
3 1305 9631 7609 
3 4294 8122 6707 
3 2695 5220 6725 
3 4618 9637 2493 
3 2962 7269 7975 
3 6166 2903 563 
3 9456 2234 6544 
3 930 2449 1260 
3 3805 1570 284 
3 7935 7031 6563 
3 7101 8140 3534 
3 7093 9041 220 
3 2407 1833 6850 
3 3685 7857 515 
3 6351 2085 8511 
3 135 7491 3684 
3 7025 2078 7827 
3 3885 3812 2952 
3 523 1619 7954 
3 7728 1960 3989 
3 3306 7320 5210 
3 1784 7898 3308 
3 3258 703 5781 
3 535 7961 1742 
3 6253 9085 2866 
3 1681 3649 1412 
3 5546 1725 8992 
3 106 6265 2286 
3 2395 4405 4515 
3 3343 9940 7977 
3 3037 3379 6381 
3 9968 6847 8273 
3 5607 2990 8999 
3 7913 6481 7587 
3 7453 7377 7842 
3 6417 3401 8073 
3 9499 2615 9288 
3 9081 2634 482 
3 4873 6641 8448 
3 1009 6558 7396 
3 8439 5809 1754 
3 3439 371 8570 
3 1946 4805 7659 
3 2065 5419 3176 
3 5863 9648 8987 
3 2948 3233 5115 
3 3313 9875 5012 
3 6991 8057 6184 
3 647 1560 769 
3 1656 578 8710 
3 9004 8783 4537 
3 8666 1080 2270 
3 4040 9407 2022 
3 1903 5147 335 
3 3515 2224 9606 
3 9590 9852 5501 
3 3505 1180 3577 
3 4348 500 8741 
3 5294 358 7852 
3 3820 1894 5486 
3 8146 988 1597 
3 8773 8279 2248 
3 1938 1637 845 
3 6222 1386 9892 
3 449 3228 3683 
3 5038 9572 9128 
3 7192 2402 2565 
3 4858 6488 6843 
3 5727 8295 2334 
3 7801 5468 7756 
3 9509 9997 3775 
3 4770 2872 5826 
3 4922 2898 1196 
3 2494 2542 864 
3 3905 7936 9031 
3 7774 6018 8935 
3 8054 1221 2200 
3 4620 960 5364 
3 1883 8964 4100 
3 8475 7584 7741 
3 2984 9250 1183 
3 5986 2025 2545 
3 3427 3951 236 
3 2214 2198 6127 
3 4202 4486 6680 
3 9255 4413 6796 
3 9122 4658 6289 
3 8077 3748 2834 
3 6033 2489 2618 
3 1765 6132 4720 
3 3382 2401 182 
3 2271 73 5127 
3 5657 4399 5678 
3 5273 7 4320 
3 4536 4468 820 
3 1053 6566 8305 
3 8225 3840 8381 
3 3941 8323 460 
3 1786 3925 6512 
3 8354 4459 6459 
3 2281 8799 2995 
3 2949 4491 453 
3 4761 3845 8902 
3 7624 9198 777 
3 324 467 9042 
3 2637 4513 1498 
3 7960 4427 5595 
3 9223 9254 6561 
3 630 8873 6853 
3 5218 6749 8833 
3 5913 35 5442 
3 6158 618 5230 
3 3271 3471 6899 
3 7600 4060 9321 
3 5205 7547 6797 
3 3680 1323 5086 
3 6609 4659 4925 
3 2685 6784 7851 
3 7172 4110 8744 
3 7855 241 2051 
3 3512 1981 3356 
3 4657 9891 9397 
3 7880 8824 7933 
3 3552 2378 9428 
3 7458 6584 3107 
3 8094 2665 3139 
3 237 1930 9733 
3 1486 7667 5788 
3 5980 8878 2098 
3 6628 5710 1232 
3 1503 5618 2572 
3 6162 6160 6859 
3 226 1509 5228 
3 5779 7015 3647 
3 1915 7822 8302 
3 1368 8676 2436 
3 7820 4955 1997 
3 915 8924 5956 
3 5760 8026 5849 
3 3153 3587 8201 
3 6706 1919 4534 
3 5238 5008 854 
3 4494 7897 7539 
3 7644 5343 1469 
3 9781 1591 2316 
3 2386 2509 2601 
3 5797 9610 6040 
3 8043 1518 774 
3 6919 1720 2940 
3 4631 9900 9068 
3 9656 2030 1043 
3 6423 4909 5860 
3 6434 234 5671 
3 853 3465 1827 
3 9701 5406 5247 
3 8956 7998 363 
3 2277 623 682 
3 1233 9222 5224 
3 9552 8458 8682 
3 3879 5769 133 
3 7758 6773 9282 
3 5844 8624 1582 
3 9244 2138 5099 
3 8088 648 2221 
3 1688 56 2579 
3 6240 8642 6147 
3 8256 7073 8610 
3 9159 8813 7654 
3 9465 3321 7537 
3 9998 9702 8603 
3 6701 3163 7582 
3 6807 1436 2070 
3 6748 1005 1802 
3 4712 2101 6774 
3 5393 7273 7277 
3 4571 6123 1076 
3 5802 4102 8189 
3 2354 2812 418 
3 846 5370 5605 
3 9403 3161 8674 
3 2760 3425 5405 
3 4980 8926 3623 
3 7521 5397 842 
3 3045 1307 7385 
3 5094 5326 6412 
3 7494 5665 4837 
3 9333 3500 3706 
3 2178 4471 8145 
3 5794 176 7023 
3 4852 6355 2868 
3 7497 3778 4057 
3 9889 5916 7899 
3 2448 7082 582 
3 8477 9199 9415 
3 7684 2333 4606 
3 8820 1044 9747 
3 3513 6946 8560 
3 5430 958 980 
3 4612 1348 7450 
3 5270 6017 9027 
3 4628 8281 6900 
3 260 6765 4690 
3 3598 2544 3651 
3 278 2319 7908 
3 4535 4834 6533 
3 3372 3263 6871 
3 7979 6516 4082 
3 719 4144 803 
3 1403 2982 8776 
3 835 8476 7278 
3 1517 5389 653 
3 9052 4640 9434 
3 6494 6572 5095 
3 3619 3371 9748 
3 4467 9417 6600 
3 5629 5493 6126 
3 8509 5122 1337 
3 4256 7970 1109 
3 8565 654 4305 
3 4077 5855 5705 
3 2384 9836 1173 
3 3406 1463 9256 
3 1789 7674 9183 
3 6879 6880 9312 
3 1140 13 909 
3 2771 3978 4404 
3 670 5312 5892 
3 2458 1002 2974 
3 8672 2387 6692 
3 7732 770 3948 
3 5517 9716 6498 
3 3560 1434 1289 
3 7380 1929 1012 
3 5778 8640 4128 
3 2442 3220 1640 
3 3590 1762 5658 
3 5508 6080 8023 
3 7074 8097 3284 
3 8915 4385 4106 
3 5624 1906 5366 
3 7321 8556 8784 
3 7314 645 5323 
3 7054 4346 6067 
3 7429 325 82 
3 5864 9152 5910 
3 6268 1427 5204 
3 7541 5387 7391 
3 6410 9136 5775 
3 5970 6646 5911 
3 3556 952 9992 
3 204 2543 2243 
3 5331 8424 594 
3 1300 3251 4387 
3 5936 6182 5126 
3 778 1154 6776 
3 5620 9559 1210 
3 8754 1972 2917 
3 6922 4652 2767 
3 2684 6987 4453 
3 5145 8867 7378 
3 8367 1256 4117 
3 8662 7976 7156 
3 1892 1184 8653 
3 3132 3818 1457 
3 9422 1155 2931 
3 5417 4544 8425 
3 9920 7971 2596 
3 9512 2733 9313 
3 4469 1331 4914 
3 7018 498 939 
3 5604 64 5146 
3 5392 8111 8663 
3 8550 3627 9374 
3 4074 6870 1477 
3 1991 4121 5348 
3 627 5346 7566 
3 8261 4518 5225 
3 5338 5866 9347 
3 9531 797 7036 
3 432 2066 1263 
3 9056 4421 4807 
3 3524 1799 8530 
3 6335 962 5619 
3 964 8186 2644 
3 3409 2507 8413 
3 3152 2910 7727 
3 6406 3555 1293 
3 734 5103 7887 
3 1801 8098 6229 
3 1191 6301 5503 
3 6873 2301 6285 
3 7379 2357 9911 
3 3162 8919 2462 
3 9202 880 5580 
3 3531 3396 4229 
3 2879 1143 9666 
3 6631 5421 3082 
3 2765 998 7637 
3 9955 3517 3063 
3 6845 5852 4448 
3 6293 5943 443 
3 3050 7324 1385 
3 6032 2936 7743 
3 3025 320 4328 
3 7623 2901 7046 
3 1877 5818 4157 
3 5135 5491 3327 
3 809 8828 9232 
3 655 2415 6491 
3 794 6604 4419 
3 955 6650 3404 
3 6625 6573 8810 
3 5241 3113 8687 
3 423 2777 8248 
3 9679 7951 8374 
3 1027 8451 2399 
3 549 1241 2405 
3 1098 2653 3638 
3 2830 9029 5694 
3 4727 3269 2513 
3 6794 9429 7850 
3 704 9979 6968 
3 7670 3766 9228 
3 1664 5749 9247 
4 4248 7281 8442 8613 
4 6804 5674 4772 6339 
4 7237 2607 1707 4524 
4 8168 4172 6084 2663 
4 663 4450 1885 4567 
4 98 5923 8802 3245 
4 2955 8444 6606 3794 
4 4857 7114 2216 8829 
4 4219 8789 3437 1985 
4 8084 9123 8892 1013 
4 5828 5438 5819 7194 
4 9057 839 3888 4290 
4 4744 2937 6549 7346 
4 3933 5248 1777 7460 
4 7492 3029 1695 4152 
4 5746 6060 6926 916 
4 7419 5577 5646 1866 
4 2043 1616 7909 951 
4 1104 2117 2689 6333 
4 2047 1576 4138 4354 
4 4326 6614 7551 8782 
4 9486 626 8198 3676 
4 3085 1982 7776 1008 
4 7259 331 6049 3469 
4 8997 1588 2645 1326 
4 8936 7783 7359 3492 
4 553 4645 4378 923 
4 8453 5786 9258 5946 
4 1920 6734 2650 4881 
4 2986 3855 1127 6195 
4 3629 5137 6546 8604 
4 659 4192 5675 869 
4 5457 4685 902 5459 
4 9932 7515 3169 7193 
4 8019 3480 9528 6623 
4 1541 5109 3015 7471 
4 6979 9596 6248 9108 
4 1732 4049 6257 2535 
4 4267 3808 3191 4477 
4 7824 6974 152 1914 
4 5283 448 5083 9451 
4 6886 9866 2880 4009 
4 3415 9483 4085 5328 
4 7638 302 7368 6593 
4 1893 7113 4069 7835 
4 3991 5713 1563 9506 
4 9695 5541 3528 1550 
4 3435 6624 2123 2778 
4 7247 6655 3034 7264 
4 6274 1706 8154 7943 
4 2784 6361 7366 1531 
4 2591 6279 7508 9386 
4 6938 5477 2669 7533 
4 5929 8809 9253 118 
4 4863 7138 8349 9504 
4 7766 7746 3569 5601 
4 8129 4424 8175 8062 
4 7466 3230 6150 5568 
4 2045 5801 619 4111 
4 8659 9938 6603 8486 
4 5585 3756 5977 7546 
4 2004 300 2362 3575 
4 9257 9713 4242 1426 
4 546 8440 5317 3942 
4 3011 168 3420 711 
4 6896 7901 1740 2204 
4 8590 5888 9907 6930 
4 1086 9446 6041 9510 
4 558 2837 9365 806 
4 2167 491 6076 4347 
4 8467 874 4896 4041 
4 8489 1913 6951 632 
4 3059 6001 134 2056 
4 5484 4886 3080 567 
4 2793 7540 4902 1609 
4 9213 8116 6427 5744 
4 8262 5877 5258 5765 
4 4428 8417 5412 6313 
4 390 9803 8979 6822 
4 6007 4209 5506 5696 
4 7723 5933 8358 2836 
4 9024 3185 3041 7522 
4 5697 7581 3487 4059 
4 9021 305 5543 3259 
4 4474 2310 1989 5255 
4 3631 2734 7096 4103 
4 1036 3441 2944 2742 
4 2907 9316 8628 1367 
4 8250 5311 1194 4136 
4 4708 3196 9 3298 
4 664 2471 4973 3078 
4 1860 8212 5301 3549 
4 4488 7472 330 3001 
4 614 1325 4070 7349 
4 7652 298 8503 4493 
4 2239 1117 9651 5622 
4 7084 4232 527 5213 
4 4340 7050 4170 62 
4 6815 9366 292 5538 
4 8247 5378 3398 3337 
4 2752 3873 5091 9391 
4 6450 750 6214 6044 
4 3051 5107 2786 4329 
4 8432 1505 9300 2055 
4 2497 7448 5635 7087 
4 8330 6944 5408 6296 
4 6047 9991 8817 2700 
4 4624 9270 7063 3927 
4 4845 6059 3733 7790 
4 7777 2264 617 4511 
4 9502 3373 339 8429 
4 4835 2240 7896 7168 
4 1716 784 6984 5961 
4 3966 3156 8318 1089 
4 1809 6860 2852 4054 
4 7097 8703 233 8969 
4 7853 821 6472 4759 
4 6590 1176 4055 700 
4 3776 2325 6530 5873 
4 2810 6190 4485 3884 
4 1566 1590 2608 7914 
4 545 7235 4147 8391 
4 1254 5564 8392 9901 
4 6972 8172 1106 4747 
4 818 1115 3141 9621 
4 9688 2173 8303 76 
4 1001 6136 615 2320 
4 6466 3294 4454 8804 
4 9910 3366 6511 103 
4 9095 3193 1149 2347 
4 107 9726 3932 1069 
4 3476 396 8194 4517 
4 9939 2082 7298 6142 
4 1835 9893 8857 7433 
4 1884 9303 814 621 
4 6906 3764 3699 8419 
4 1407 2116 1536 3304 
4 5067 1370 3429 3704 
4 4273 995 8930 2174 
4 6108 4654 2279 1934 
4 5019 1018 4614 2597 
4 3694 7628 9752 194 
4 4644 153 2909 6681 
4 8203 9782 1369 3893 
4 4527 1039 1418 8637 
4 9178 6310 7333 4073 
4 3055 3076 526 8639 
4 4924 6231 1282 644 
4 7104 4092 7218 4438 
4 5184 8081 5832 6350 
4 9985 5938 2822 9493 
4 8623 1484 1782 8293 
4 8790 421 2728 3754 
4 457 4284 6788 4396 
4 1220 9684 3112 7631 
4 4957 7004 6653 2540 
4 2759 6382 1153 7397 
4 146 7677 2349 9784 
4 884 7915 6336 8124 
4 6137 733 4998 1363 
4 6877 4395 4769 4965 
4 9153 8694 1729 487 
4 1539 5334 8058 3841 
4 4934 5743 6696 9876 
4 9293 1476 6538 8114 
4 4677 8517 5282 6156 
4 9289 272 7123 9966 
4 1844 9927 9061 9826 
4 532 8532 8851 1204 
4 8715 7463 9030 9567 
4 9972 4621 2668 3378 
4 5264 9195 5350 4956 
4 3572 8397 7634 1404 
4 24 542 6058 7846 
4 7213 6241 7968 5782 
4 9685 1198 1301 7029 
4 6460 4357 6903 8831 
4 2076 6778 3128 6172 
4 7042 8127 7747 4668 
4 6091 7579 2472 2324 
4 265 7709 4996 1398 
4 9400 419 4679 201 
4 8015 5890 3060 1969 
4 7495 8937 2175 1584 
4 4508 4025 2785 7577 
4 8701 3312 7151 7386 
4 8296 5097 1896 641 
4 6416 6272 4164 7027 
4 9643 6744 9952 7803 
4 95 9642 6362 384 
4 5712 554 8539 3501 
4 6441 2680 8962 7526 
4 7174 7135 9363 639 
4 5232 9833 1544 5461 
4 1901 1142 8195 5853 
4 5237 7679 6088 1984 
4 2818 6282 9965 4801 
4 6129 6151 4502 2683 
4 7878 9248 2549 6113 
4 8561 5149 6689 1607 
4 475 6629 501 5536 
4 1034 6940 8577 6309 
4 8027 6932 2947 3875 
4 144 3236 7068 3998 
4 5072 9917 183 3654 
4 2605 7404 3523 8612 
4 7737 6982 8909 8046 
4 6367 7141 4773 6925 
4 3607 1857 7733 9722 
4 9905 7224 3194 211 
4 429 3922 474 628 
4 2071 9672 6 728 
4 8890 8383 2089 5650 
4 2218 301 5173 1696 
4 7543 6757 101 7772 
4 1422 1912 1252 6799 
4 8338 7005 7161 8625 
4 196 7987 1113 1763 
4 9862 8093 8394 9207 
4 7739 3046 141 5847 
4 9922 55 1330 1296 
4 9810 5750 9607 5344 
4 1285 7459 8025 5742 
4 3595 116 543 295 
4 9599 5965 591 9421 
4 5032 7444 2343 5617 
4 6872 3520 3657 5142 
4 6328 6852 1451 4841 
4 8881 2154 3532 3135 
4 5333 8506 2031 1283 
4 1735 8314 2003 9620 
4 6436 5594 1822 207 
4 3859 3918 2180 5954 
4 4854 1800 3838 2084 
4 9884 6283 7240 9575 
4 4815 2211 6521 19 
4 3723 2729 1949 8906 
4 8712 3843 3164 5171 
4 2883 6787 649 9131 
4 2382 5277 1579 4638 
4 847 5556 8395 7931 
4 9101 5172 6256 525 
4 7315 1614 3842 1586 
4 4449 5466 885 8205 
4 2153 9419 5175 1773 
4 9194 5655 8235 689 
4 3630 2686 5336 7262 
4 4368 2735 9154 6369 
4 8032 3289 1201 9077 
4 5552 1129 7740 5431 
4 1066 8733 6421 2559 
4 4319 8443 1617 9561 
4 929 5984 3276 4763 
4 5414 2711 3919 1878 
4 8014 1974 2715 3448 
4 3188 7136 1428 8361 
4 7722 9357 3529 7718 
4 1744 832 3179 5029 
4 9821 4076 4035 3583 
4 7613 1215 4987 8615 
4 7072 213 6969 5734 
4 1245 8952 7099 8970 
4 1353 2888 8355 5009 
4 9026 6964 1943 1056 
4 4681 6413 1371 1909 
4 7455 4748 4451 4866 
4 722 6439 2643 4481 
4 8700 3038 8985 6471 
4 3621 7571 6997 5869 
4 976 2558 7061 3546 
4 2336 7160 5209 6364 
4 4706 3636 6915 2374 
4 3086 8252 6101 1841 
4 8010 1246 7402 2564 
4 5117 9520 9678 9110 
4 9872 3530 8756 4889 
4 1299 4352 2398 2696 
4 9298 3914 5857 6889 
4 8184 7490 6769 9092 
4 3718 1865 7038 4206 
4 9364 238 6009 3428 
4 1193 4892 7430 90 
4 8370 6578 3077 1636 
4 5521 4819 1954 6432 
4 1050 1731 8646 1414 
4 3753 3783 1670 6844 
4 7545 3479 3247 5399 
4 4842 7238 9498 3154 
4 1535 8206 2440 2309 
4 2576 1776 2447 5808 
4 7331 3898 4887 9169 
4 9149 2428 2658 599 
4 2889 5918 2435 921 
4 2028 2723 2306 2575 
4 9337 3293 6430 6284 
4 3039 5600 4081 1165 
4 758 559 6324 2779 
4 8255 8620 6711 1405 
4 2172 1271 4674 5668 
4 5161 5551 6213 6912 
4 1939 2363 3793 2341 
4 7304 5064 7596 7481 
4 3768 8241 4633 5053 
4 468 5353 105 1699 
4 7364 979 8619 6772 
4 5129 6569 592 6957 
4 8940 4811 2423 2149 
4 2851 9580 393 5498 
4 6198 5798 6779 747 
4 2512 4433 808 7182 
4 3346 5494 8877 8329 
4 1944 1752 8238 920 
4 6315 9761 2988 6082 
4 8542 2906 5453 4982 
4 2069 4540 2958 4218 
4 8594 4596 9882 5245 
4 4678 4336 407 9447 
4 3995 8465 7094 652 
4 2518 539 4718 3317 
4 3821 2945 8524 9467 
4 5768 5010 2044 8078 
4 2152 489 9718 7588 
4 8082 8159 1840 7833 
4 6716 9720 8099 7982 
4 394 7019 2772 9661 
4 9172 3414 1336 4756 
4 5426 9265 336 969 
4 5372 7037 7602 771 
4 3447 9385 3792 6398 
4 9150 1806 8399 2548 
4 3795 4530 6952 4400 
4 2570 1704 8780 1818 
4 967 712 9755 9113 
4 9346 9736 2838 6708 
4 5041 446 4813 8836 
4 9539 971 7767 7166 
4 1935 3203 640 8760 
4 6464 244 4323 2923 
4 3027 8344 7559 8792 
4 7558 7720 8468 1853 
4 9023 4930 5358 6830 
4 2638 8874 4188 2499 
4 5499 4736 7222 2452 
4 686 258 80 5150 
4 3785 2835 3876 5895 
4 1589 7991 3670 4732 
4 2991 690 7075 8403 
4 9887 7399 7496 7043 
4 7871 9067 1073 9173 
4 6914 8521 8339 5420 
4 5167 7032 504 6221 
4 7412 6540 1303 7572 
4 7030 2904 4920 8502 
4 7100 2142 6425 903 
4 7710 5479 5841 9002 
4 6187 6786 121 1327 
4 1678 5829 6242 3899 
4 4522 9613 7607 4630 
4 9827 372 6306 6168 
4 7629 2416 7088 8148 
4 9849 4556 3201 2307 
4 744 2913 8120 1236 
4 7691 1259 5758 7382 
4 350 3280 568 1406 
4 6828 9871 882 1375 
4 9191 9384 6917 5520 
4 346 9132 72 8932 
4 3292 4046 2420 1587 
4 5166 3146 8717 9379 
4 3693 4235 41 6933 
4 5050 376 2302 8218 
4 1354 7940 1956 4913 
4 2956 4531 1717 179 
4 2273 7119 6514 8800 
4 5183 5100 8215 3929 
4 306 9388 9600 4742 
4 3171 8061 4108 7098 
4 5180 5060 2791 9617 
4 4585 6758 5020 1506 
4 9405 961 4276 5402 
4 7831 1649 4142 2939 
4 3545 8139 5201 4350 
4 268 6185 2738 4018 
4 4497 5272 4024 8446 
4 1306 662 6595 4120 
4 9708 4300 6081 3344 
4 2054 852 6447 1147 
4 1051 3061 5481 7116 
4 5777 6582 6562 7191 
4 1333 2122 3296 6395 
4 1564 6414 5289 1880 
4 9828 1945 7139 2018 
4 8928 312 5689 416 
4 7525 5677 2691 9853 
4 3069 7369 9675 317 
4 1976 8545 2802 5722 
4 873 2873 0 1100 
4 5592 5368 7707 9851 
4 5756 2080 313 7418 
4 7117 2282 3412 8971 
4 4715 5 8972 9102 
4 6134 8644 7327 1268 
4 3713 6056 6014 6685 
4 751 1623 601 4817 
4 5297 4048 5088 9540 
4 528 6548 1083 6868 
4 8837 5872 5411 1931 
4 7945 1490 4148 5973 
4 3231 2766 7682 461 
4 7569 6662 9860 496 
4 5724 6079 5804 3829 
4 606 5120 5502 5325 
4 1048 4676 3058 6205 
4 7963 6343 3221 1521 
4 7133 4929 4394 2203 
4 8755 7907 9915 8595 
4 5759 8063 2474 8533 
4 364 4036 1831 6180 
4 5990 6379 5904 1266 
4 8079 987 3129 4245 
4 3252 9495 2884 9497 
4 4609 148 1136 8977 
4 3983 1547 9537 9839 
4 1257 9133 4912 3702 
4 1738 4095 4859 6219 
4 634 6428 8173 7187 
4 8585 4597 1990 9010 
4 1967 2933 4818 904 
4 2598 2001 6943 5627 
4 6433 3696 447 1084 
4 2882 3028 1093 8450 
4 431 6821 7642 2664 
4 5450 3454 2294 4015 
4 6016 4058 7681 1964 
4 9469 4062 7022 6174 
4 6524 4374 8232 9868 
4 5321 9181 1264 1559 
4 4601 100 7373 4465 
4 6393 198 1874 58 
4 7486 8059 1601 5226 
4 5511 4617 8030 7456 
4 9650 8722 139 8153 
4 7692 4839 8492 8479 
4 3939 8882 4861 4703 
4 8921 1352 5912 4360 
4 4719 1849 4901 8855 
4 6497 6770 9453 6559 
4 912 7360 6487 7620 
4 570 3116 9569 5740 
4 3743 9350 4731 8033 
4 8991 7323 6554 9908 
4 462 9960 1719 9942 
4 9527 5390 8300 3443 
4 157 3461 2599 8021 
4 4595 5250 2892 3767 
4 5510 2809 636 7948 
4 6586 9120 4725 5422 
4 9759 9239 1425 1625 
4 6102 3682 6270 4603 
4 5428 1947 1905 6071 
4 1280 7912 7812 7818 
4 660 552 7886 6043 
4 3810 5409 6194 3969 
4 4318 9799 7949 1493 
4 5825 7416 7889 4291 
4 2060 2878 804 1391 
4 4220 4173 588 2874 
4 6383 1033 7700 5330 
4 6133 3309 2291 1855 
4 9375 2864 9410 2553 
4 1495 1572 3323 2048 
4 5076 6703 5170 481 
4 5416 362 8559 385 
4 7892 6321 3687 9112 
4 3958 6179 3489 6131 
4 8636 8692 9700 3143 
4 6112 3561 5868 1569 
4 6314 8187 4926 8723 
4 246 9649 8280 7565 
4 4943 3104 3130 9822 
4 5584 2451 9989 7775 
4 1817 1179 4997 2227 
4 3632 6394 3802 851 
4 7560 1258 7834 892 
4 9776 1161 8647 9739 
4 296 8426 2964 8118 
4 8435 32 7039 3567 
4 8268 8635 5988 7110 
4 1923 9117 6677 6116 
4 1603 92 494 8598 
4 9449 9335 1262 6264 
4 8893 3828 8974 3197 
4 2573 4330 985 718 
4 889 5375 2303 7227 
4 4344 3125 9777 6552 
4 8668 3578 3444 2713 
4 516 1449 1095 2636 
4 8691 5569 5681 7148 
4 7561 7593 5156 2502 
4 6295 9382 3691 7656 
4 1907 8166 5223 3582 
4 14 8434 4669 9587 
4 4962 5785 4779 1141 
4 5609 9480 3360 2359 
4 5528 5349 7894 4829 
4 1604 9802 2318 7639 
4 3473 1850 4532 4937 
4 8942 843 7530 3012 
4 9780 6907 7905 945 
4 9174 4358 1756 1481 
4 4843 805 9220 8880 
4 7868 299 8785 9269 
4 8686 9038 3895 2722 
4 7564 5388 7215 5203 
4 4900 5718 9943 1842 
4 2681 6792 6300 5240 
4 2176 2290 5827 9070 
4 1460 7771 3054 7513 
4 5469 3326 9235 5458 
4 8821 5834 3183 9089 
4 2412 9011 6965 1450 
4 1737 1341 6445 4392 
4 9526 5875 8846 5398 
4 2375 9551 4695 875 
4 7199 1072 8522 3518 
4 4234 9554 2905 4298 
4 4972 9359 5563 8572 
4 2141 1019 5464 279 
4 8064 1439 9423 8372 
4 6678 79 7080 7257 
4 8488 2158 7283 1437 
4 5128 3553 2857 5994 
4 8497 7570 7405 3486 
4 928 5124 9144 1169 
4 6225 9283 6594 7319 
4 9135 4210 9772 7847 
4 2985 8938 6046 3192 
4 428 9432 7196 7769 
4 2464 1710 3564 458 
4 9629 6816 4432 795 
4 3324 1366 9305 5871 
4 910 3005 8731 99 
4 1781 6480 340 693 
4 359 7330 7401 2140 
4 5562 8411 7840 9438 
4 7554 5295 4299 9271 
4 3853 4418 3118 5347 
4 3099 4593 2397 8171 
4 6200 9476 8803 6025 
4 1555 1630 3092 7864 
4 9641 9167 8464 499 
4 2505 225 2600 6699 
4 4942 8031 8507 9513 
4 9963 3036 2749 5928 
4 2156 8362 9805 8460 
4 7219 5292 3761 6904 
4 1660 7167 6666 6139 
4 6392 6098 4032 5628 
4 4375 2840 1383 229 
4 8176 4080 6601 1728 
4 3689 6543 5074 893 
4 4598 5313 4964 1047 
4 1620 3424 5257 696 
4 5796 1767 7263 4047 
4 424 3068 1922 3408 
4 3603 9797 4594 46 
4 522 9273 5937 3906 
4 3640 5914 6679 9936 
4 5300 574 6693 6551 
4 7339 3964 1508 8725 
4 7328 2920 4893 3300 
4 2953 9664 7056 2312 
4 7944 6924 75 9847 
4 4408 608 3758 8177 
4 1192 1533 6122 8347 
4 6246 7922 5066 5121 
4 8923 2870 5384 5030 
4 3285 2179 5483 7260 
4 5879 9106 3601 3270 
4 2828 4443 9160 4952 
4 683 564 3249 2750 
4 137 2344 1038 3540 
4 3811 3339 4201 5254 
4 3065 7268 6832 3950 
4 3223 8608 6732 2091 
224919589