164
2 163 192 
2 226 359 
2 431 173 
2 345 118 
2 37 85 
2 15 63 
2 162 41 
2 390 147 
2 483 479 
2 34 402 
2 455 166 
2 164 177 
2 198 259 
2 438 204 
2 323 354 
2 95 306 
2 70 132 
2 109 13 
2 196 309 
2 33 152 
2 228 445 
2 45 421 
2 440 142 
2 60 231 
2 372 293 
2 139 429 
2 279 149 
2 365 451 
2 161 292 
2 326 180 
2 208 89 
2 59 215 
2 29 420 
2 403 376 
2 414 489 
2 218 223 
2 361 362 
2 240 347 
2 32 91 
2 301 171 
2 484 174 
2 273 44 
2 415 31 
2 397 435 
2 478 452 
2 189 27 
2 356 134 
2 224 287 
2 199 40 
2 248 261 
2 106 76 
2 333 80 
3 227 75 78 
3 423 187 101 
3 265 350 271 
3 459 74 176 
3 11 260 367 
3 10 358 337 
3 210 213 48 
3 437 443 424 
3 411 363 281 
3 480 49 197 
3 169 258 497 
3 360 239 476 
3 90 439 264 
3 340 143 2 
3 346 339 277 
3 380 352 116 
3 341 349 245 
3 202 288 310 
3 496 441 61 
3 113 436 154 
3 155 493 442 
3 330 153 81 
3 342 112 26 
3 446 381 391 
3 297 425 8 
3 488 229 1 
3 334 22 71 
3 18 207 400 
3 407 399 327 
3 302 72 254 
3 211 14 179 
3 417 69 67 
3 165 168 84 
3 186 401 465 
3 456 482 145 
3 158 114 280 
3 105 57 317 
3 473 371 54 
3 338 321 325 
3 172 278 263 
3 471 308 16 
3 256 491 124 
3 322 214 289 
3 122 205 454 
3 193 374 395 
3 127 232 6 
3 219 382 133 
3 332 460 103 
3 385 269 477 
3 466 410 148 
3 324 268 462 
3 272 396 495 
4 457 35 314 120 
4 137 458 405 290 
4 99 115 447 128 
4 335 200 77 298 
4 68 432 156 307 
4 243 25 444 296 
4 129 42 36 464 
4 416 475 318 21 
4 4 73 312 378 
4 487 383 357 38 
4 469 294 422 412 
4 92 463 251 79 
4 499 98 494 331 
4 12 151 233 316 
4 234 427 194 88 
4 136 448 353 65 
4 119 170 62 190 
4 185 409 343 428 
4 94 241 93 364 
4 253 238 28 295 
4 393 50 56 237 
4 336 160 221 123 
4 217 434 167 430 
4 274 485 255 351 
4 291 3 285 9 
4 96 299 126 51 
4 406 252 329 131 
4 369 230 303 107 
4 368 30 144 19 
4 157 195 472 184 
4 125 141 266 313 
4 55 46 474 344 
4 175 83 328 394 
4 86 108 191 203 
4 386 100 270 283 
4 117 304 389 426 
4 366 216 348 104 
4 275 225 150 110 
4 355 388 468 377 
4 87 249 433 276 
4 282 300 413 212 
4 492 244 235 311 
4 201 242 498 206 
4 408 43 130 53 
4 467 188 453 250 
4 178 209 398 375 
4 181 97 284 220 
4 24 379 247 486 
4 17 262 183 5 
4 384 267 121 419 
4 222 246 319 481 
4 138 315 490 58 
4 159 470 66 47 
4 111 52 373 461 
4 20 39 82 305 
4 450 102 320 257 
4 182 140 23 146 
4 0 370 236 64 
4 392 7 449 135 
4 286 387 418 404 