1628
2 6772 8741 
2 7844 9559 
2 2673 2498 
2 3075 8022 
2 9564 8592 
2 8924 6389 
2 8195 7137 
2 4960 5912 
2 4459 3099 
2 8403 8670 
2 9691 5294 
2 7843 9701 
2 1357 1798 
2 4687 2653 
2 4427 8169 
2 7301 3405 
2 3003 6517 
2 1482 3617 
2 6128 927 
2 8934 9125 
2 6191 3783 
2 9663 2272 
2 7944 8534 
2 5829 5609 
2 7467 84 
2 4083 3414 
2 2300 9556 
2 9426 4306 
2 3687 9808 
2 8040 9360 
2 9511 1502 
2 68 3361 
2 3957 9210 
2 8876 6774 
2 5211 2030 
2 9315 3080 
2 4342 2368 
2 4109 8334 
2 2465 5413 
2 1451 565 
2 2387 8638 
2 1321 7846 
2 1976 2197 
2 6875 1118 
2 2691 2631 
2 9234 1653 
2 613 4332 
2 1942 6781 
2 4264 1574 
2 4800 4066 
2 4512 1110 
2 8752 7190 
2 5547 1370 
2 4054 4356 
2 4412 350 
2 6780 7430 
2 5152 8754 
2 4171 5086 
2 1702 7762 
2 5332 3580 
2 6322 7450 
2 9372 4833 
2 9609 1105 
2 5626 1272 
2 46 273 
2 6167 671 
2 6859 7542 
2 4689 8811 
2 1648 1849 
2 7909 4062 
2 2540 414 
2 5597 4826 
2 9879 8860 
2 185 8468 
2 6632 1852 
2 1115 9377 
2 2531 9575 
2 7334 7682 
2 5900 680 
2 9643 9555 
2 4911 121 
2 5762 3868 
2 6212 203 
2 6166 4248 
2 7885 7517 
2 7300 1747 
2 1536 895 
2 7619 2334 
2 1409 1980 
2 5763 2979 
2 7210 9418 
2 8842 1499 
2 715 5865 
2 9334 9944 
2 1950 445 
2 1173 1625 
2 4428 3661 
2 103 8658 
2 756 5765 
2 8795 7095 
2 1847 8559 
2 5913 5220 
2 5744 9828 
2 3865 7474 
2 9164 974 
2 1672 7482 
2 5614 852 
2 2898 3396 
2 9434 4244 
2 7221 5779 
2 5733 6189 
2 7329 7472 
2 516 425 
2 2878 3149 
2 5884 6640 
2 6386 1790 
2 2487 4831 
2 4339 5320 
2 3473 4623 
2 3985 3051 
2 1800 9357 
2 8111 2909 
2 9379 2934 
2 7779 1792 
2 2044 8142 
2 2521 1269 
2 9387 8196 
2 8830 1649 
2 6797 834 
2 3010 9405 
2 487 4922 
2 643 8912 
2 2121 8456 
2 2166 4534 
2 3615 1958 
2 7496 2626 
2 6273 5681 
2 9930 3992 
2 1501 2308 
2 9237 3755 
2 7630 8545 
2 5514 3616 
2 8992 1160 
2 5662 8569 
2 1737 4614 
2 3020 3147 
2 1323 2749 
2 8432 3499 
2 421 6698 
2 2780 5408 
2 1466 6618 
2 1615 7868 
2 5712 8740 
2 2373 2613 
2 5456 5725 
2 3683 6220 
2 2287 344 
2 9250 2918 
2 5818 2519 
2 7306 1647 
2 3421 2262 
2 3725 2983 
2 4560 6813 
2 8743 7771 
2 8710 5958 
2 9968 2875 
2 9613 7673 
2 7798 9686 
2 140 841 
2 2643 7560 
2 9095 2742 
2 9666 8935 
2 2093 1236 
2 3197 8952 
2 3060 6521 
2 4200 5856 
2 3744 7800 
2 4706 2705 
2 5494 4098 
2 197 9098 
2 3287 9021 
2 668 3208 
2 2099 8223 
2 8739 7018 
2 6727 9208 
2 1279 1139 
2 2488 3504 
2 8506 49 
2 2560 531 
2 1793 5694 
2 1845 5256 
2 5386 3007 
2 8612 1916 
2 2596 5351 
2 4292 4928 
2 1801 9230 
2 951 6635 
2 4890 4456 
2 4378 4056 
2 3347 7099 
2 268 1447 
2 4663 2343 
2 507 5167 
2 285 166 
2 9043 2853 
2 2610 8066 
2 9759 1588 
2 453 1542 
2 4967 1549 
2 5357 7370 
2 7177 9957 
2 5110 1223 
2 9729 6945 
2 9319 4017 
2 3636 2528 
2 1772 8657 
2 4909 7901 
2 4024 511 
2 3458 7087 
2 723 3481 
2 5302 6586 
2 6233 6474 
2 8812 7194 
2 5868 5843 
2 7857 9311 
2 9662 1987 
2 5382 6804 
2 2493 6394 
2 4484 7186 
2 1450 6079 
2 8049 7951 
2 1928 9012 
2 9479 4305 
2 816 8202 
2 9895 7671 
2 4189 9719 
2 1387 9865 
2 8564 311 
2 7064 2546 
2 6534 5264 
2 5039 2464 
2 5459 9822 
2 8426 7110 
2 6596 5521 
2 6512 676 
2 1074 8667 
2 4918 4809 
2 7557 9192 
2 5210 8766 
2 491 7143 
2 6740 218 
2 3257 5105 
2 5069 4990 
2 1349 1761 
2 856 6323 
2 2144 6503 
2 1777 1475 
2 6455 6823 
2 2347 3444 
2 5453 6686 
2 9406 5481 
2 7770 8530 
2 1727 384 
2 5149 9223 
2 4815 6849 
2 2856 7860 
2 8991 3409 
2 1477 850 
2 4114 7756 
2 885 9544 
2 6887 6132 
2 1258 3146 
2 8834 9019 
2 4758 7327 
2 7379 7786 
2 2611 5844 
2 5437 6040 
2 9614 2622 
2 6048 106 
2 5028 6882 
2 9945 4222 
2 7983 5825 
2 9375 7442 
2 3555 4971 
2 3253 6049 
2 7169 8491 
2 3323 611 
2 5484 808 
2 5771 9218 
2 5731 3769 
2 1133 1754 
2 9324 7238 
2 4309 9380 
2 7416 514 
2 7889 5709 
2 3072 1566 
2 2418 1725 
2 2523 2087 
2 3516 1469 
2 5726 13 
2 8084 2352 
2 6809 2535 
2 6246 2073 
2 2168 3006 
2 7421 8228 
2 6339 9284 
2 7802 1614 
2 9456 9836 
2 2734 8482 
2 3427 8938 
2 2109 8187 
2 6450 413 
2 8627 647 
2 7415 6293 
2 9598 5048 
2 4839 4184 
2 2289 5099 
2 3756 8167 
2 9975 6431 
2 2836 1784 
2 4957 6223 
2 6170 6778 
2 6282 6425 
2 1740 5658 
2 4787 7678 
2 4617 2721 
2 6713 5495 
2 9242 9681 
2 8568 1457 
2 1541 3790 
2 3014 3271 
2 9786 8352 
2 6959 4669 
2 326 8515 
2 890 7859 
2 8977 3591 
2 5804 2587 
2 7795 5671 
2 1306 3847 
2 7958 1081 
2 3276 3964 
2 3110 7247 
2 9446 9437 
2 4864 8435 
2 8617 3874 
2 7638 7001 
2 4317 7711 
2 4622 1763 
2 7388 8907 
2 6937 4437 
2 3236 7166 
2 9728 7994 
2 2402 1651 
2 1618 8916 
2 3104 7071 
2 4516 3533 
2 5786 7655 
2 7666 2219 
2 6757 1208 
2 1979 4972 
2 6944 3904 
2 4601 397 
2 2628 6833 
2 981 4666 
2 179 7046 
2 4641 3745 
2 9924 2315 
2 7690 7688 
2 2335 7861 
2 1726 174 
2 3090 5037 
2 8962 4439 
2 105 7445 
2 3314 5928 
2 5720 6213 
2 3809 9960 
2 466 9229 
2 8368 3831 
2 1621 7788 
2 6405 6045 
2 2971 4433 
2 7318 8879 
2 6306 5022 
2 8955 7777 
2 7120 3482 
2 765 9395 
2 3908 7263 
2 7092 1075 
2 3506 2127 
2 4231 7811 
2 4275 5121 
2 188 3895 
2 8917 8057 
2 9076 4162 
2 6593 6419 
2 1917 4662 
2 8274 3348 
2 2479 8024 
2 528 4199 
2 8848 8749 
2 6136 4228 
2 5576 8983 
2 1006 658 
2 3955 973 
2 559 790 
2 9605 7832 
2 3340 6862 
2 7637 8549 
2 6803 2969 
2 3425 661 
2 7874 7848 
2 9552 7871 
2 3694 9883 
2 844 2362 
2 7647 5624 
2 3815 4995 
2 7460 269 
2 4124 9989 
2 1062 1929 
2 3488 9331 
2 8486 5273 
2 2207 3160 
2 4011 4894 
2 5412 9443 
2 123 6129 
2 2227 7609 
2 6153 8770 
2 1711 2781 
2 2274 9394 
2 4005 1359 
2 2082 6254 
2 8998 4624 
2 4951 3170 
2 4463 7714 
2 3455 9430 
2 222 5466 
2 7027 3601 
2 6921 971 
2 11 2924 
2 8153 2234 
2 4749 6281 
2 7635 1718 
2 4530 9010 
2 4959 657 
2 2558 2527 
2 9726 5270 
2 7833 2938 
2 3871 6145 
2 5902 1674 
2 8646 8035 
2 6126 1880 
2 6193 5379 
2 5831 6287 
2 3637 7854 
2 9190 7129 
2 1322 910 
2 6108 6491 
2 2989 4925 
2 5965 9132 
2 5497 142 
2 4374 4936 
2 4845 2837 
2 5198 9197 
2 1051 2522 
2 2647 7315 
2 2895 7522 
2 1515 1441 
2 216 8322 
2 2776 5780 
2 6186 8077 
2 1889 3545 
2 5901 8005 
2 58 8959 
2 810 6695 
2 5051 6775 
2 5649 8801 
2 7876 3013 
2 9961 572 
2 7057 2132 
2 6629 9282 
2 3472 2129 
2 6707 4223 
2 8394 8665 
2 8558 543 
2 4634 8150 
2 8481 3951 
2 8102 7949 
2 2253 5428 
2 6291 7751 
2 7754 1909 
2 4163 8662 
2 7206 4488 
2 697 5475 
2 9508 1063 
2 3119 694 
2 8353 8226 
2 1100 7904 
2 1360 7211 
2 6998 6844 
2 8596 4334 
2 4769 4551 
2 5240 3829 
2 2439 88 
2 5454 9252 
3 5957 367 8052 
3 7492 3132 4383 
3 308 8803 6540 
3 1191 2119 1286 
3 7243 7426 1786 
3 1353 2020 7593 
3 904 5457 7548 
3 8775 411 4888 
3 7502 800 5247 
3 7036 3161 6873 
3 3442 7930 35 
3 1652 3031 3775 
3 7258 2037 594 
3 7016 7085 2930 
3 6876 2063 8099 
3 5517 5918 2397 
3 7792 8338 497 
3 1088 6400 3054 
3 60 3752 7597 
3 4022 3297 5480 
3 6518 8144 9133 
3 2441 8841 4696 
3 583 7899 8852 
3 8905 7364 1670 
3 2854 9297 6967 
3 2365 2022 6575 
3 857 1693 9152 
3 1523 5537 4536 
3 9992 5655 7114 
3 3855 5227 9938 
3 6952 886 7702 
3 6352 314 7624 
3 2090 2615 569 
3 144 2209 6864 
3 1517 8459 5652 
3 8388 1452 5967 
3 4539 6637 3156 
3 6641 3938 9776 
3 4294 1940 3765 
3 9440 3145 5938 
3 3688 8221 5461 
3 612 5830 2012 
3 1343 4432 7259 
3 5981 7009 8899 
3 5487 691 3702 
3 9527 1892 2268 
3 64 6383 8578 
3 2006 3046 9065 
3 7400 7299 9199 
3 1787 8100 5556 
3 7516 7942 1984 
3 5441 2193 9150 
3 1097 1897 4606 
3 5117 3962 4175 
3 2427 2872 5203 
3 1683 3278 2538 
3 92 7302 6442 
3 997 4767 5310 
3 7544 7562 3484 
3 5936 8074 8209 
3 3231 815 6684 
3 4173 6580 3122 
3 7765 3272 3498 
3 1130 7729 1865 
3 9742 7385 9820 
3 7722 3095 6899 
3 2031 4586 279 
3 2158 5176 8908 
3 9337 777 4945 
3 4277 8247 9246 
3 1109 4643 3771 
3 9300 1171 7351 
3 4297 6536 6672 
3 5711 626 8428 
3 9094 1597 2436 
3 2842 1794 3943 
3 8267 8849 1178 
3 4993 7550 3589 
3 4357 8469 4855 
3 7533 734 5736 
3 2467 6159 3635 
3 333 8289 182 
3 2792 8174 6347 
3 2529 444 2229 
3 3917 7715 8722 
3 9551 9946 5953 
3 7611 8720 8237 
3 6250 4770 6800 
3 4190 532 2915 
3 4927 5679 6200 
3 5947 9425 7529 
3 2186 4626 2230 
3 8949 2893 6335 
3 3888 9491 9562 
3 7815 7089 5312 
3 3644 3544 476 
3 9386 7866 4823 
3 9485 8966 5401 
3 7335 4761 4090 
3 6796 3120 3332 
3 3978 2175 1408 
3 2161 4841 6295 
3 2678 5469 2411 
3 8784 4068 8141 
3 9970 8643 9291 
3 4321 7376 7343 
3 8108 162 5064 
3 9688 2279 2680 
3 1867 2975 1313 
3 9383 4112 2681 
3 96 5188 1244 
3 8694 8189 2458 
3 8478 6225 8242 
3 3125 2299 7303 
3 7012 2847 3560 
3 2203 9839 9182 
3 1066 7284 237 
3 9642 764 325 
3 6690 2273 4517 
3 8733 9506 787 
3 1341 9972 8689 
3 2693 1057 4403 
3 6871 4856 8843 
3 167 234 4620 
3 9323 1770 3067 
3 9834 3928 4059 
3 7293 1252 639 
3 8243 3858 2052 
3 3612 5323 8840 
3 4858 184 5554 
3 2471 5127 7911 
3 4372 5217 4642 
3 263 9056 8106 
3 4929 7145 3447 
3 3588 2136 6092 
3 4876 9737 6261 
3 7281 3940 1119 
3 2261 7054 6392 
3 5910 482 8 
3 9824 3763 6446 
3 5374 4681 7317 
3 7717 6016 2024 
3 9126 3401 1562 
3 3252 2251 5393 
3 7308 7814 5819 
3 9716 4605 4590 
3 6615 7863 8918 
3 1355 6275 6359 
3 937 8090 1079 
3 2490 5093 4210 
3 9772 5347 1996 
3 9487 8042 3141 
3 2987 9071 5410 
3 8519 7988 1569 
3 7839 541 794 
3 5432 4660 6144 
3 6263 7451 7000 
3 8253 5280 4557 
3 2744 4212 4550 
3 1218 5714 9902 
3 9997 329 9747 
3 2371 1596 5267 
3 6607 3796 1310 
3 4730 6971 9813 
3 1010 9401 3909 
3 5082 42 3568 
3 4165 8173 986 
3 4 9270 4435 
3 9873 9256 5898 
3 2324 2508 1853 
3 7133 8044 2995 
3 6104 6571 6429 
3 7918 1644 5840 
3 2953 8703 1990 
3 576 9819 5775 
3 3935 2604 3759 
3 9505 7924 6363 
3 3059 1656 2541 
3 1101 4314 9201 
3 9214 4948 6663 
3 5579 9493 4438 
3 6077 7537 395 
3 9196 18 6172 
3 2774 3437 1043 
3 1061 1810 1460 
3 3277 4673 8551 
3 1676 9543 8181 
3 5698 6748 8083 
3 9 204 6408 
3 2013 9953 4744 
3 4299 4100 6443 
3 5112 6113 5707 
3 9677 3037 135 
3 8053 1564 7791 
3 7879 3758 8171 
3 6179 525 6604 
3 9105 6980 1537 
3 3029 2565 9092 
3 1717 9014 7796 
3 1096 5446 4593 
3 4828 8248 5639 
3 8607 1489 4836 
3 7452 8889 5292 
3 7365 8533 7520 
3 5019 1671 6696 
3 3689 9929 5904 
3 2454 3331 6970 
3 8693 920 4035 
3 2149 9673 7294 
3 2769 7417 9541 
3 3653 2140 1443 
3 2057 2159 9877 
3 3846 1213 5768 
3 8895 7161 8250 
3 3329 3315 724 
3 281 710 6207 
3 2806 4243 5448 
3 5276 8009 6567 
3 2285 2323 6309 
3 6462 1167 1391 
3 3173 1946 9219 
3 4511 2865 8967 
3 7923 9606 2633 
3 9783 8928 1739 
3 2301 2502 4476 
3 698 2706 7731 
3 9745 1714 5657 
3 5222 7411 2280 
3 2505 39 9746 
3 40 5663 3942 
3 4741 7264 2483 
3 9088 1237 5233 
3 9816 5034 5376 
3 6857 2156 417 
3 74 8598 9303 
3 5629 8262 7034 
3 5262 7790 5482 
3 7627 5959 9495 
3 9891 519 9699 
3 9498 8920 9787 
3 9967 9028 4254 
3 7718 5275 2267 
3 3088 1384 8212 
3 8350 5899 942 
3 9027 860 9145 
3 2326 5377 7021 
3 5137 439 6133 
3 6311 2029 2925 
3 451 7116 2907 
3 2382 6890 5857 
3 2124 1779 207 
3 2778 9478 948 
3 1991 6542 2032 
3 1799 6303 3910 
3 3152 9329 9995 
3 667 3794 3610 
3 267 4376 1136 
3 9750 751 4900 
3 6909 590 3782 
3 1122 3654 7246 
3 248 7674 3747 
3 773 8113 1086 
3 342 146 679 
3 9797 9008 6675 
3 2826 817 946 
3 8471 994 4481 
3 2336 3567 3994 
3 2473 4508 9617 
3 7319 3583 6477 
3 7401 6807 7920 
3 4077 707 2916 
3 2801 7380 9950 
3 3911 3462 4233 
3 1902 4729 3400 
3 4631 9727 6035 
3 3283 1093 4291 
3 5063 9304 4912 
3 7968 5116 8073 
3 6919 5209 2358 
3 6530 9362 3826 
3 3600 1418 3092 
3 2980 1961 7476 
3 5325 2164 5722 
3 9524 5303 4410 
3 5362 5300 3748 
3 2830 9198 3939 
3 2319 8408 6360 
3 9494 4514 5329 
3 2834 3891 8699 
3 2599 4161 9293 
3 2472 9455 5143 
3 1538 1808 6435 
3 1660 2861 26 
3 3380 4203 6976 
3 8850 5359 3319 
3 1104 582 6479 
3 8080 979 8036 
3 9429 6789 5146 
3 3175 678 6648 
3 9353 8269 1493 
3 6369 3386 6441 
3 7943 8418 9239 
3 5523 6676 2794 
3 4837 9120 1050 
3 8940 7982 5998 
3 2459 7272 7312 
3 7912 8890 9550 
3 5435 9469 8266 
3 3301 6951 4686 
3 4724 5877 1697 
3 5546 6817 7192 
3 8707 1232 4302 
3 1420 4406 6101 
3 8666 8201 2576 
3 3000 6708 3429 
3 1296 8415 1114 
3 4272 4460 277 
3 8862 2941 390 
3 3212 5007 8119 
3 5866 6510 4946 
3 6106 4587 7382 
3 7819 1640 2660 
3 4391 8457 2143 
3 8606 9530 9993 
3 4074 7610 2155 
3 6601 2692 4661 
3 2200 209 2625 
3 3254 1978 2701 
3 3885 8483 2331 
3 1911 750 3640 
3 8070 5468 2802 
3 2173 1031 143 
3 5973 5252 7662 
3 7473 9535 2153 
3 3988 2356 2588 
3 4852 4214 4385 
3 9542 3479 6138 
3 6874 1930 8671 
3 7725 8148 8219 
3 2412 2097 6007 
3 8104 3018 7586 
3 3136 805 249 
3 5166 5906 7649 
3 8470 603 7109 
3 9231 4048 52 
3 1168 7468 3956 
3 4892 9336 1372 
3 504 4752 4136 
3 9646 2876 6644 
3 7386 7280 3266 
3 5878 6929 6324 
3 9168 8987 1053 
3 6032 7716 8321 
3 6289 1017 461 
3 9675 3052 1045 
3 867 7495 6990 
3 8810 2489 8328 
3 983 9534 2163 
3 7074 5515 3511 
3 2106 2607 2935 
3 784 7255 8081 
3 5824 1076 8685 
3 3672 8277 7840 
3 7603 663 3709 
3 9188 210 2389 
3 7232 6000 6302 
3 1164 6059 3350 
3 1508 3877 2621 
3 6928 9264 1778 
3 728 5660 5177 
3 5700 4140 718 
3 5909 3787 4811 
3 3760 8721 8971 
3 8348 3216 7093 
3 4145 7013 1468 
3 9621 406 446 
3 3226 9558 969 
3 7538 3730 1135 
3 6910 5251 7582 
3 9408 1274 159 
3 9723 8316 6743 
3 3576 4247 9744 
3 8858 205 5792 
3 2243 6947 7998 
3 2237 4377 8538 
3 6417 6333 4996 
3 5399 1380 449 
3 3188 1438 5109 
3 8157 605 7199 
3 3713 2763 1082 
3 2841 6996 2080 
3 9496 5114 3450 
3 4543 820 2785 
3 6915 1129 4373 
3 5516 5070 5157 
3 2000 6889 2474 
3 4121 6606 172 
3 3042 1390 3317 
3 4067 2395 6680 
3 7406 3741 6819 
3 4979 5348 6805 
3 6054 3681 9258 
3 9025 4281 63 
3 1731 6089 3731 
3 2307 2574 5216 
3 8145 9049 4422 
3 1336 6313 9167 
3 6614 5776 4953 
3 8562 9294 1635 
3 2453 8186 5054 
3 2758 5255 8376 
3 3291 2306 6752 
3 290 93 7164 
3 3027 4402 1356 
3 9163 2085 3998 
3 8272 760 3502 
3 7159 3489 5847 
3 7799 4181 6826 
3 4656 4085 5193 
3 6027 3261 6761 
3 9283 5797 6001 
3 5089 8859 7962 
3 2595 3255 9486 
3 6701 2422 4808 
3 2147 2244 6296 
3 8560 1174 5230 
3 6949 4032 2407 
3 558 4058 3448 
3 8561 7182 1830 
3 4628 4505 7987 
3 2438 5963 5479 
3 128 5126 7081 
3 4677 2247 9748 
3 7713 8204 2477 
3 1620 4934 1245 
3 4486 4122 9421 
3 6056 4795 4519 
3 6703 2211 9523 
3 9160 1876 9539 
3 246 5189 2922 
3 8356 419 4160 
3 4452 3263 9207 
3 7296 9333 3869 
3 1624 2783 4765 
3 2564 3574 388 
3 6605 1817 8527 
3 830 7356 6379 
3 6722 5702 3619 
3 2077 7491 7151 
3 632 4779 8255 
3 9513 6267 371 
3 3659 4801 7142 
3 3061 9015 6855 
3 3698 8553 5096 
3 2933 6298 9492 
3 7625 5097 8886 
3 8103 505 9573 
3 7546 6891 1156 
3 8995 3746 7519 
3 1138 7031 864 
3 992 5449 1685 
3 8407 423 6958 
3 8198 693 4838 
3 2612 4874 5298 
3 1959 5852 8397 
3 6175 2431 4242 
3 9571 1724 4742 
3 5098 3561 3390 
3 6274 2961 6992 
3 2120 2204 5566 
3 4093 6155 934 
3 5390 2844 2506 
3 8680 2369 4974 
3 3117 1315 7892 
3 9130 7254 1894 
3 1314 5027 7763 
3 9803 2957 4170 
3 5875 5644 7440 
3 7710 3717 17 
3 1140 8115 1201 
3 8197 3410 2503 
3 5505 1473 3267 
3 7733 1346 3811 
3 549 767 1826 
3 429 4256 7213 
3 4773 3970 4740 
3 3570 9529 4137 
3 9632 779 4529 
3 3795 2269 5835 
3 6881 7851 6719 
3 7497 1570 6897 
3 8398 7049 3474 
3 9625 78 1881 
3 3464 3194 382 
3 4267 5568 7896 
3 2709 943 352 
3 744 1331 1873 
3 6168 2994 4394 
3 4735 9004 8820 
3 5020 9942 328 
3 5242 3426 4786 
3 8854 6880 7561 
3 9685 9225 9850 
3 2679 2059 8610 
3 5191 8177 5335 
3 8696 8678 5241 
3 9412 2010 5529 
3 659 7436 952 
3 3700 3353 6034 
3 4046 6152 6485 
3 8220 6065 1490 
3 4375 5927 4714 
3 4021 6564 1348 
3 2818 9051 8293 
3 9623 5954 1304 
3 3036 5952 4331 
3 2589 340 2043 
3 2399 6148 3608 
3 9257 5518 4916 
3 9845 6063 6061 
3 4806 5727 889 
3 6714 4589 1429 
3 2092 6533 560 
3 9398 1890 322 
3 7870 2409 6961 
3 3017 5854 2378 
3 4619 892 3804 
3 640 7634 936 
3 4952 2795 6626 
3 9547 4061 8154 
3 9403 6021 5226 
3 747 2165 1918 
3 87 1988 5509 
3 1039 1507 2543 
3 7067 3321 2169 
3 8205 686 2839 
3 173 9636 258 
3 561 1080 8050 
3 6436 9590 6914 
4 6277 8630 130 2547 
4 6497 7307 489 5885 
4 3721 9290 4884 7507 
4 2948 9522 2897 782 
4 1828 3526 9932 1789 
4 5637 9622 6019 5306 
4 6507 7030 9978 6121 
4 775 6822 236 9036 
4 1316 5471 2548 229 
4 2594 1445 9205 954 
4 3952 2816 9075 6046 
4 1875 7566 2962 1471 
4 2281 8067 7139 8279 
4 8487 9179 4453 5371 
4 5006 5282 7989 7469 
4 2732 3389 5077 1488 
4 4283 217 6812 1823 
4 6480 3224 6725 47 
4 9921 5023 8340 5025 
4 3587 8594 3613 1404 
4 275 5496 6522 7070 
4 2100 2008 4166 3641 
4 3573 1458 5391 3966 
4 460 5634 2440 6706 
4 7466 1414 7353 5199 
4 9096 9161 478 7956 
4 9713 780 4851 1957 
4 5237 3100 5192 6456 
4 256 91 1001 9328 
4 1392 9791 7816 7676 
4 521 7612 3174 3863 
4 2339 3515 1590 7423 
4 7973 6938 2417 6638 
4 132 8687 5473 3239 
4 2016 4576 7679 3021 
4 2772 5035 8512 8609 
4 9082 1166 8792 6227 
4 3666 9238 9211 7236 
4 7104 7020 6633 6078 
4 873 408 4358 9565 
4 8341 1738 4625 3514 
4 2145 8139 212 6487 
4 9370 2254 4071 255 
4 1453 8256 8494 8465 
4 5793 4474 3677 7486 
4 4049 4369 1710 4351 
4 41 9966 5464 1560 
4 7207 2160 2775 9702 
4 6558 9155 3217 5783 
4 8238 6235 878 383 
4 7842 484 4097 6504 
4 8436 1219 7185 6553 
4 1158 1850 5511 7992 
4 5544 3478 7726 9251 
4 3244 175 4052 6784 
4 4509 1440 2069 5132 
4 2754 5488 607 4895 
4 1632 972 2515 7789 
4 7849 2178 720 7825 
4 3376 508 3853 5749 
4 5314 6015 1085 4692 
4 8307 772 4582 8466 
4 8332 193 5674 688 
4 3691 2201 7349 1982 
4 5917 3471 4399 5394 
4 4268 9954 2885 4249 
4 8014 4418 6409 6802 
4 447 3393 4036 9356 
4 3307 8304 5036 3246 
4 654 8227 3066 6942 
4 1546 2577 7587 9341 
4 7437 4142 1655 515 
4 8933 8976 6109 5506 
4 2919 7760 4600 8522 
4 2890 2361 3112 1521 
4 9148 7154 1467 9454 
4 348 9615 2926 1706 
4 6342 4939 5557 5420 
4 3215 1030 9389 7422 
4 1937 2408 7622 2514 
4 3823 1512 4220 3519 
4 4568 914 8417 8645 
4 4728 6366 1024 2206 
4 5068 1815 7131 452 
4 2277 6253 2724 7175 
4 7628 599 8098 4397 
4 287 6611 3979 7298 
4 1922 2796 2978 9812 
4 3496 1639 4596 271 
4 6913 9919 1192 1684 
4 7441 2655 9680 5713 
4 909 3696 3258 919 
4 9058 3845 3941 6085 
4 5654 9202 2181 3707 
4 5173 1240 6987 3623 
4 4196 6705 2845 4179 
4 8773 154 1446 4312 
4 5734 4113 9316 4148 
4 8954 318 662 2690 
4 9143 827 208 4352 
4 7996 8116 9007 7455 
4 2951 6256 9986 5162 
4 2116 5604 1835 2434 
4 7977 8780 7179 4120 
4 1532 3902 8393 5136 
4 2606 9897 1775 2582 
4 8887 3248 7545 20 
4 2851 1969 3030 7374 
4 1243 3328 1307 5907 
4 1183 902 4300 2064 
4 795 4522 6125 4723 
4 6341 7366 9903 5748 
4 4970 4276 9679 6381 
4 2740 4812 3850 9515 
4 6074 2999 3343 9698 
4 4982 4717 2985 345 
4 1855 2605 7810 9474 
4 4280 5939 9935 5370 
4 1463 7675 8305 1679 
4 5263 1870 4186 4746 
4 2171 31 24 3434 
4 509 353 7644 5997 
4 6332 6002 1985 9109 
4 7873 8355 3793 4089 
4 335 7672 1788 8853 
4 9233 2549 5047 1682 
4 6005 6779 2263 9427 
4 9712 958 9607 3705 
4 316 5826 3038 9779 
4 6667 59 8833 982 
4 4192 835 7135 2456 
4 3922 5796 5646 3605 
4 7250 4760 9154 3630 
4 6700 6176 1879 7933 
4 1335 1330 4444 2635 
4 3925 5925 3062 7700 
4 8864 1606 4984 7687 
4 2172 7075 5129 1478 
4 9526 2190 8010 8464 
4 7355 1785 3209 1325 
4 6215 9183 2768 9404 
4 9355 2071 7200 317 
4 6050 1904 7797 7746 
4 6798 8669 3851 5929 
4 6583 4610 1291 1111 
4 190 6031 656 7922 
4 7518 1905 3438 1427 
4 8541 2065 9102 3292 
4 2923 5759 3260 6926 
4 6434 4597 6398 4719 
4 5200 2630 5623 5322 
4 5799 5009 6852 366 
4 4262 9754 5046 9755 
4 660 6578 5738 6090 
4 2329 5740 8503 2561 
4 1255 6008 2425 5403 
4 684 3629 1659 5821 
4 7926 4069 8791 4799 
4 3963 821 3281 7555 
4 6515 4528 9276 606 
4 4366 1551 3522 7697 
4 5042 6471 7283 1661 
4 1040 1241 8732 3419 
4 213 3102 5563 8969 
4 1431 438 8776 3777 
4 6208 8136 9868 6621 
4 1814 6963 7887 9185 
4 1765 4150 5186 6418 
4 7897 2756 4096 3019 
4 9671 2248 3719 211 
4 1290 6900 8698 6555 
4 129 9415 4347 5689 
4 4257 1067 2959 6814 
4 2894 3674 4571 2848 
4 7260 6329 1913 289 
4 5321 4449 1530 2233 
4 5593 4335 7371 1395 
4 8705 8420 1695 8688 
4 1159 6465 3339 9655 
4 2532 2903 4751 1362 
4 7508 8065 7506 21 
4 3805 410 6724 6848 
4 1449 1265 9516 189 
4 6974 5879 9585 8878 
4 8808 8772 4515 2111 
4 7239 9876 7664 7202 
4 4152 5107 6071 9928 
4 7023 6066 363 151 
4 8008 5859 7141 3305 
4 7818 8183 666 4229 
4 9313 9296 9031 4651 
4 6258 1044 1352 6091 
4 1247 9312 7269 4349 
4 1187 4750 7108 6718 
4 7391 5510 5789 9059 
4 3524 5787 3575 8043 
4 6422 4390 774 825 
4 7753 8147 7925 1126 
4 7219 241 7358 5225 
4 5754 9514 2640 6183 
4 1732 5955 5685 8988 
4 226 9459 6715 7390 
4 6216 9848 2260 324 
4 1318 3920 4426 3520 
4 3505 6463 1965 2104 
4 3475 4469 7572 9843 
4 6460 653 6879 1116 
4 9033 394 6403 375 
4 9431 7059 6276 7794 
4 3293 4757 6123 5816 
4 5422 7188 9878 5945 
4 7102 2429 2232 9660 
4 8300 6214 4552 592 
4 5223 3658 1746 5513 
4 443 8626 7503 8855 
4 7072 7429 4538 3026 
4 7494 2888 8296 7412 
4 2968 5659 1367 9557 
4 7883 705 5667 3778 
4 9299 6064 1021 3192 
4 832 5407 9611 3144 
4 1719 3398 2303 7361 
4 5891 7740 396 6585 
4 4003 4172 9869 9151 
4 9652 4766 7408 8502 
4 7220 913 5581 8331 
4 9538 7485 1398 6697 
4 6448 4041 1713 2390 
4 5673 4494 7134 107 
4 6625 9931 5752 8400 
4 887 5499 3862 378 
4 8799 9038 6739 2351 
4 3776 6098 3382 7928 
4 3087 2914 4798 548 
4 4997 9048 4168 8190 
4 8640 4743 4736 2231 
4 1484 5067 8013 4867 
4 8973 8396 6232 8143 
4 7787 6721 4807 458 
4 4859 3898 9465 9413 
4 4217 2400 1864 6344 
4 3299 6488 7044 4570 
4 8101 3609 7877 1007 
4 1077 3033 5916 8691 
4 9079 8769 4705 3602 
4 9561 2292 5184 9805 
4 1952 725 2652 6902 
4 6592 2553 7543 428 
4 6052 8583 6599 4350 
4 6753 1528 1941 7180 
4 9141 2278 6161 5559 
4 9488 6885 4572 9563 
4 7167 7203 6712 9798 
4 8025 3359 3180 1589 
4 9108 2685 9464 4141 
4 7073 9499 7208 1807 
4 6742 3415 81 5602 
4 9351 264 5311 7759 
4 2007 8180 102 3203 
4 1308 629 9775 9271 
4 8997 5545 2484 6053 
4 202 7657 7223 8029 
4 3318 2583 5911 2988 
4 4027 8370 9760 8095 
4 8313 6868 4709 1972 
4 4310 8873 9254 7583 
4 191 828 7599 4458 
4 9424 8374 9009 9193 
4 3856 5767 615 9668 
4 655 4037 7617 9753 
4 4336 3927 4282 9572 
4 9536 7041 4448 3584 
4 6351 5429 1510 7086 
4 980 8146 9157 3313 
4 7875 3596 2970 3032 
4 6896 9628 3407 7352 
4 4882 4782 7333 1073 
4 2715 2759 4156 4159 
4 870 2446 9969 8802 
4 5075 5577 1811 6568 
4 5356 7809 5000 4963 
4 966 8800 7053 3664 
4 3997 7251 6943 871 
4 7457 2311 8785 7427 
4 2720 2866 8386 2182 
4 8984 9475 239 9951 
4 9925 781 7831 7766 
4 9569 1687 2823 8989 
4 5690 2677 9856 3912 
4 4038 4847 5834 1280 
4 2050 9689 7696 2424 
4 562 995 8539 9704 
4 1342 1748 792 3309 
4 2223 5806 8565 7363 
4 8960 8901 6837 8659 
4 3078 4483 7079 9917 
4 6738 8439 9063 9827 
4 9081 4261 7701 4718 
4 1691 3084 3830 3986 
4 5470 1416 4575 2110 
4 6137 2383 8395 7325 
4 1256 3708 2736 161 
4 6538 7784 4496 588 
4 4099 4615 6911 789 
4 2649 5972 1180 6810 
4 1629 4216 8605 232 
4 7279 5888 1529 9393 
4 456 4075 6076 5785 
4 1518 5072 8309 9407 
4 9889 6957 1260 9711 
4 1485 1494 5266 826 
4 623 9853 9016 7652 
4 5458 5686 3126 7540 
4 5158 9566 6451 1592 
4 2091 6251 968 8815 
4 8794 7882 7245 977 
4 9289 3860 9603 944 
4 5853 3984 3649 9124 
4 4012 3518 2820 5380 
4 2485 7341 7090 6440 
4 7551 7735 1131 9780 
4 8213 5074 1151 1885 
4 3406 5053 4177 573 
4 5414 7689 1658 4176 
4 463 1645 8608 1496 
4 4935 9553 5935 7531 
4 1522 6872 8336 3923 
4 5286 4854 2401 5229 
4 1630 5291 7126 5353 
4 4301 8193 1084 9709 
4 1169 8088 6062 3996 
4 4263 1142 7578 7052 
4 7707 1056 5682 2202 
4 1818 1943 9991 3622 
4 1366 9361 5708 2927 
4 5882 3822 3085 3686 
4 8188 7639 9831 95 
4 729 3638 4880 6790 
4 5606 2139 7410 4644 
4 644 6272 2900 1415 
4 6093 6350 7633 5147 
4 1598 1437 683 6953 
4 2963 7618 3537 1190 
4 5476 1983 7613 6689 
4 2482 1381 5343 8451 
4 7490 6646 6039 5248 
4 4423 5701 9861 3751 
4 1221 6057 4980 9186 
4 7881 5260 4754 9173 
4 1742 1953 2827 6636 
4 5045 3817 7228 628 
4 5531 9235 1042 1994 
4 4906 5287 1591 9114 
4 5872 4553 5962 4253 
4 3023 4491 5305 2559 
4 9055 712 6143 4694 
4 2298 2617 426 9581 
4 5195 2770 6206 7055 
4 8692 5739 7737 8433 
4 4311 1832 8419 737 
4 230 620 8093 9281 
4 262 6608 755 4608 
4 260 5330 7337 201 
4 4675 9003 1137 9578 
4 6087 8006 4733 291 
4 432 6537 8774 6358 
4 9266 3273 9292 1188 
4 2066 141 4674 7172 
4 8234 4994 4185 1289 
4 274 1327 1177 7268 
4 2266 9909 5130 7336 
4 6081 5411 700 6966 
4 768 6243 1883 2552 
4 3056 6481 1534 5855 
4 5583 7953 6097 6681 
4 1608 8516 9796 1729 
4 6835 6622 4104 3211 
4 9217 6548 5669 8684 
4 231 6770 2497 7917 
4 8637 3521 2344 645 
4 4025 4325 2695 1995 
4 2942 3872 6989 2703 
4 7368 7969 8312 8076 
4 5595 714 4315 220 
4 3582 5333 9833 1230 
4 1186 8906 8118 2377 
4 7780 2245 4258 2102 
4 7158 2095 3446 228 
4 8751 8747 6830 5031 
4 7076 3082 8208 7252 
4 506 4771 4937 2074 
4 2632 7667 5060 4030 
4 7127 911 546 2779 
4 1895 8716 2835 8903 
4 6162 1345 22 7003 
4 6140 648 1023 1925 
4 5931 2657 4251 1264 
4 2450 4337 6112 369 
4 9593 5080 8210 4473 
4 1741 8123 8078 9532 
4 8939 9618 2829 8985 
4 6012 139 9390 9322 
4 3439 16 5993 6762 
4 8286 4405 5773 1831 
4 4889 8787 34 2003 
4 8000 7222 1580 7310 
4 7821 8179 8925 8046 
4 4790 7645 6024 8824 
4 3352 1708 1861 9920 
4 6997 6047 5103 4520 
4 7616 5100 8117 9174 
4 9338 1643 6710 1638 
4 4475 5827 7396 1730 
4 4131 9111 8641 3907 
4 437 3818 7101 1757 
4 722 4064 6551 1899 
4 8437 4819 2554 7524 
4 1506 9072 918 2036 
4 8051 2550 3243 7144 
4 6894 4468 3308 4703 
4 8602 3854 6178 3485 
4 9381 9432 101 3055 
4 9156 6769 1411 5336 
4 9908 2913 4270 6197 
4 8069 2634 5699 2965 
4 757 9554 2639 5090 
4 5284 2470 6791 5101 
4 3808 6174 1253 465 
4 7047 9213 2556 1688 
4 8273 6582 3058 989 
4 7311 2517 2011 76 
4 2447 4103 6385 8589 
4 7266 2990 1378 6669 
4 4531 1424 1013 3441 
4 4455 8625 4411 9376 
4 8377 1571 8048 3842 
4 6979 5354 8839 5572 
4 9634 7661 5170 7389 
4 8303 392 9988 1837 
4 9359 1575 7404 2282 
4 3086 9295 6653 3873 
4 9472 6527 2787 7807 
4 996 4645 4034 7008 
4 8235 2745 3098 4632 
4 3113 8619 3503 1143 
4 3466 9302 7569 7623 
4 6237 1498 3109 5178 
4 3005 5533 3753 6055 
4 9887 8719 1413 2805 
4 5942 7523 6828 1868 
4 8793 917 8587 9594 
4 1872 5990 5491 6816 
4 4367 1002 2843 1117 
4 3816 2784 9504 1127 
4 3961 4556 9545 5295 
4 665 7979 3118 5460 
4 3306 9070 8229 2748 
4 8496 2946 6102 9162 
4 4793 8832 5489 9497 
4 2603 9670 9751 731 
4 7528 2187 7271 8158 
4 5851 6933 8089 7233 
4 7579 4279 8821 6647 
4 2452 7291 7277 3103 
4 178 624 3848 4748 
4 753 4219 8460 2710 
4 2384 993 2698 2067 
4 1533 176 3838 9344 
4 7774 8230 8817 4676 
4 3121 4284 4506 962 
4 6355 122 4961 1487 
4 3214 6082 8361 9697 
4 2722 3548 2284 4094 
4 9854 4879 5922 8513 
4 1927 8261 67 8611 
4 3093 321 5111 512 
4 3477 9345 4042 7438 
4 9419 278 2083 6747 
4 5123 6525 8778 8929 
4 3494 9018 56 6659 
4 7324 6569 404 4344 
4 1558 6203 7107 1197 
4 6410 1060 283 5766 
4 4931 3647 4637 9778 
4 3320 4080 5486 4635 
4 965 5622 2224 1963 
4 2516 3743 3949 7111 
4 9906 5250 1332 9804 
4 4829 3889 5527 8623 
4 8105 9900 1032 2762 
4 3233 6685 309 5221 
4 9480 5234 6616 4485 
4 1317 529 5181 9863 
4 2316 8007 9402 638 
4 6362 9228 650 5249 
4 6013 8953 9752 9435 
4 1548 8033 134 6198 
4 6590 5385 6733 3861 
4 83 3513 1351 4977 
4 8132 2015 6210 9941 
4 2437 6247 6546 7781 
4 8786 2819 7488 9703 
4 960 6285 7339 732 
4 8892 9476 1605 6044 
4 4897 3388 4051 2551 
4 9139 6588 6602 3969 
4 727 6014 2420 2809 
4 8788 8649 483 5704 
4 2590 6025 3563 496 
4 4489 214 7407 1514 
4 1834 8315 4813 601 
4 5616 2228 8697 2125 
4 3312 4739 7214 5073 
4 2981 3071 7785 3849 
4 3665 963 5174 3234 
4 7138 2056 641 4381 
4 8215 3571 8763 8695 
4 9773 5839 3044 4690 
4 4756 6657 6720 6903 
4 7808 7894 1102 1423 
4 7459 2863 3824 6589 
4 4194 9134 8648 6374 
4 7535 8423 5272 4424 
4 5636 1038 498 4764 
4 7663 1720 433 370 
4 7147 822 1052 6164 
4 739 6745 9540 2047 
4 27 3268 2448 9626 
4 4480 8324 2857 7066 
4 1120 786 8677 1185 
4 1912 7768 7903 3987 
4 5138 9073 970 6850 
4 1417 8384 1609 2255 
4 8362 2707 1224 6478 
4 1027 4370 4708 4260 
4 1149 1926 6624 1519 
4 5430 5692 2711 7006 
4 9749 3068 3142 2511 
4 3342 2668 1181 3500 
4 9638 8729 7761 3578 
4 8525 5946 6248 319 
4 5632 5331 8162 470 
4 1144 7750 1041 9591 
4 8639 3289 1859 2537 
4 9128 6141 5296 2295 
4 8280 597 4014 4658 
4 6832 524 2259 9762 
4 758 5585 3827 8097 
4 9610 2648 6201 9602 
4 6255 2117 6639 5950 
4 2027 8159 3153 8027 
4 1090 3728 8874 4887 
4 1583 2972 8863 921 
4 4885 798 490 3517 
4 9365 7443 5697 6729 
4 2870 2636 8957 3948 
4 1735 8034 1054 3300 
4 2184 818 4574 6075 
4 3364 8412 803 7493 
4 554 6973 4602 3073 
4 3333 2196 1095 3181 
4 3076 3491 4451 7045 
4 9653 1152 3150 3993 
4 8745 947 2353 6292 
4 5803 3286 1124 5092 
4 2908 2070 6294 6428 
4 3221 2638 435 5150 
4 3402 7056 5693 8709 
4 4866 115 3735 160 
4 9725 7584 1281 5451 
4 6226 5043 8759 339 
4 6149 940 5648 8923 
4 2929 7215 5283 1782 
4 1302 1716 9247 763 
4 1712 9894 2208 5001 
4 8431 5541 5290 259 
4 1602 2614 9100 8047 
4 9769 8755 4227 4304 
4 6187 6221 5869 1526 
4 8405 5574 4726 2955 
4 4298 9893 3976 6554 
4 5588 5512 9912 865 
4 6587 6549 1846 7974 
4 8233 9119 9354 6180 
4 6982 2058 9399 3451 