1628
2 33 4078 
2 3951 7244 
2 1910 2111 
2 8520 7367 
2 43 2535 
2 5673 6661 
2 8337 980 
2 1283 9476 
2 8080 1014 
2 5816 8796 
2 9763 4322 
2 2403 4555 
2 1497 330 
2 7223 955 
2 4227 2374 
2 3079 9273 
2 8330 4006 
2 3624 8543 
2 8393 2378 
2 5492 6061 
2 3872 5251 
2 3617 2409 
2 1833 985 
2 8401 519 
2 3711 7355 
2 850 6521 
2 9640 1137 
2 1762 4047 
2 6330 9412 
2 1480 6878 
2 3240 6636 
2 3799 7705 
2 7200 1148 
2 6772 1654 
2 4741 1 
2 391 59 
2 9093 4309 
2 4962 8483 
2 7840 4388 
2 442 3447 
2 212 607 
2 5718 6304 
2 6245 5332 
2 7141 4921 
2 4955 3524 
2 6850 8062 
2 264 3909 
2 4685 1649 
2 23 4903 
2 6526 1619 
2 9985 764 
2 4424 1496 
2 9394 5613 
2 1881 5984 
2 3161 1729 
2 709 7153 
2 5738 4 
2 1415 4245 
2 8509 4188 
2 856 1351 
2 8402 7666 
2 9611 1531 
2 3133 978 
2 9240 4269 
2 3154 7397 
2 6358 5188 
2 88 4827 
2 4083 1735 
2 7179 2563 
2 7352 396 
2 4913 1195 
2 9061 5989 
2 7122 6982 
2 3741 548 
2 9144 7229 
2 2120 6500 
2 908 3917 
2 2157 8869 
2 156 6489 
2 3578 2721 
2 1198 4195 
2 4974 255 
2 656 8042 
2 9222 1052 
2 4601 5057 
2 2125 2370 
2 8276 7045 
2 8891 7423 
2 4471 8783 
2 5420 7700 
2 8271 4854 
2 1313 3003 
2 4729 8152 
2 4438 6310 
2 2649 9834 
2 7068 8521 
2 8265 6806 
2 9739 9615 
2 1393 7007 
2 1084 1188 
2 5247 9225 
2 1440 4953 
2 5079 5466 
2 104 612 
2 706 4246 
2 42 3555 
2 9878 9365 
2 9253 1550 
2 4041 7427 
2 7499 5187 
2 8398 3763 
2 1015 3527 
2 5858 4933 
2 7474 3607 
2 4985 3712 
2 8407 5105 
2 4918 3930 
2 1775 7056 
2 7551 9649 
2 48 214 
2 4549 3104 
2 361 7050 
2 3338 8268 
2 187 5543 
2 3821 6253 
2 3134 1160 
2 1651 116 
2 9478 9999 
2 2197 7601 
2 1574 1806 
2 6057 5158 
2 4807 4032 
2 7999 5455 
2 8818 4194 
2 8480 9806 
2 8168 8533 
2 5192 3511 
2 2927 3525 
2 8418 878 
2 4569 5326 
2 4937 3851 
2 7492 7329 
2 4440 517 
2 7673 6784 
2 7969 9816 
2 5080 7875 
2 6902 6544 
2 2231 8316 
2 8836 85 
2 862 2182 
2 4670 2149 
2 3787 672 
2 1223 4834 
2 4034 6046 
2 5391 4788 
2 8165 9202 
2 9956 2988 
2 8461 6639 
2 8518 5575 
2 6433 1246 
2 8546 3558 
2 4853 9629 
2 5660 3643 
2 2899 7288 
2 7663 6171 
2 2439 1245 
2 8069 8445 
2 1433 5558 
2 381 7366 
2 6660 9554 
2 5072 4481 
2 3243 4663 
2 4959 1009 
2 6836 9036 
2 2570 9355 
2 9628 5302 
2 3801 1100 
2 7628 7449 
2 7756 5603 
2 1350 6452 
2 5885 1592 
2 5766 5007 
2 5365 7083 
2 7678 8784 
2 4374 8386 
2 9791 8539 
2 9977 2703 
2 5763 4492 
2 8339 5672 
2 277 2921 
2 5877 6897 
2 1089 1032 
2 2582 7289 
2 7543 2448 
2 5947 7212 
2 5236 2271 
2 6524 9462 
2 232 7187 
2 5976 4770 
2 1094 3307 
2 5852 7919 
2 4042 1656 
2 3094 9711 
2 4100 2180 
2 4318 7810 
2 8940 8795 
2 870 2513 
2 3258 4778 
2 5839 1973 
2 5209 2727 
2 9997 2276 
2 9532 3850 
2 1066 1116 
2 6162 9134 
2 3803 8220 
2 5637 5090 
2 556 3397 
2 7092 1093 
2 5616 8835 
2 8665 3028 
2 2436 3750 
2 8935 265 
2 9775 8211 
2 7479 5288 
2 7539 6170 
2 3217 4053 
2 6749 9250 
2 4590 738 
2 8985 5285 
2 4658 5963 
2 378 9689 
2 3470 7727 
2 7934 4243 
2 4574 3433 
2 3482 8444 
2 956 7795 
2 1605 8217 
2 1454 305 
2 6002 2783 
2 6507 6712 
2 4878 1426 
2 4469 7042 
2 2227 5892 
2 559 7115 
2 5626 7275 
2 151 1395 
2 5924 1505 
2 239 6509 
2 4181 6202 
2 4291 8850 
2 2429 9965 
2 8770 452 
2 5847 3253 
2 6237 6328 
2 5906 2207 
2 6693 7581 
2 2287 4410 
2 7915 4037 
2 8561 1394 
2 1716 5189 
2 7737 5115 
2 7704 1290 
2 7935 8852 
2 936 8696 
2 758 7265 
2 8500 891 
2 7238 5372 
2 6888 5760 
2 8881 8614 
2 9327 6470 
2 1256 2114 
2 6454 671 
2 3652 8618 
2 7306 8149 
2 7208 5538 
2 2664 8333 
2 4430 7832 
2 1316 503 
2 6999 1175 
2 7051 7945 
2 1493 3175 
2 8792 9096 
2 6102 6575 
2 8035 927 
2 4752 9411 
2 6930 8107 
2 3160 9514 
2 1709 4764 
2 7037 6464 
2 8763 6707 
2 1947 728 
2 3184 5531 
2 5280 1730 
2 8711 1894 
2 2247 4504 
2 2329 7824 
2 4517 5499 
2 5868 7283 
2 5006 5354 
2 2306 5367 
2 4924 9368 
2 2357 91 
2 6643 8882 
2 1317 6759 
2 247 3581 
2 9683 1286 
2 8768 250 
2 4802 1732 
2 833 7571 
2 8259 166 
2 1993 8921 
2 1326 5129 
2 568 1155 
2 2031 6348 
2 6178 9868 
2 4958 8749 
2 4174 6290 
2 7778 1599 
2 7869 5309 
2 2239 6461 
2 9316 8266 
2 9603 6079 
2 8581 5680 
2 4458 1360 
2 1537 8061 
2 6418 3716 
2 8060 6486 
2 6822 9115 
2 1862 4040 
2 4039 4292 
2 2697 4687 
2 1885 9336 
2 9472 5002 
2 7291 5275 
2 137 6434 
2 2808 2021 
2 7327 6190 
2 531 3646 
2 1033 4678 
2 4133 967 
2 474 248 
2 2880 6535 
2 8388 8421 
2 3438 4753 
2 2143 7644 
2 8495 3178 
2 8475 1294 
2 9666 9136 
2 9746 8865 
2 6001 3466 
2 6810 1994 
2 8472 6756 
2 4840 4139 
2 6414 8 
2 44 3208 
2 3041 6935 
2 7424 8734 
2 3055 4519 
2 4234 4064 
2 5164 6297 
2 9104 5689 
2 9262 2345 
2 7797 3563 
2 9928 268 
2 1334 2566 
2 3902 2454 
2 5902 3491 
2 543 496 
2 2709 859 
2 5339 2115 
2 3085 4490 
2 2575 7882 
2 4409 3600 
2 3612 2708 
2 4217 7425 
2 380 2557 
2 7659 4671 
2 6883 7914 
2 4501 8001 
2 1282 9237 
2 9454 8280 
2 5147 7746 
2 4075 9681 
2 1374 778 
2 7333 5263 
2 1240 3132 
2 5506 7364 
2 5140 7085 
2 8968 949 
2 9753 8757 
2 6809 4022 
2 7097 4509 
2 446 2807 
2 7393 8360 
2 9895 5789 
2 366 6126 
2 9018 8479 
2 4582 767 
2 8927 8728 
2 4285 2121 
2 9481 3502 
2 3842 1669 
2 5942 6192 
2 5529 663 
2 8825 1594 
2 5825 4989 
2 9565 5289 
2 6590 2503 
2 6232 855 
2 7018 725 
2 9353 1178 
2 7753 7452 
2 5710 9781 
2 8762 5254 
2 1328 5450 
2 3093 3973 
2 6627 3733 
2 5284 849 
2 5417 848 
2 4315 171 
2 700 938 
2 2963 3461 
2 6346 8710 
2 6692 7516 
2 9352 487 
2 3566 5986 
2 1088 8874 
2 6387 427 
2 4393 2793 
2 1905 4192 
2 4766 5740 
2 5293 6161 
2 6317 4652 
2 3730 3622 
2 8593 5278 
2 3562 6013 
2 5893 7855 
2 3942 2206 
2 6401 793 
2 3460 741 
2 9521 2299 
2 1604 1547 
2 7377 6239 
2 9894 1628 
2 639 9571 
2 397 1272 
2 8794 872 
2 4230 2775 
2 7450 5038 
2 158 3350 
2 9908 3234 
2 5962 468 
2 8929 4865 
2 2184 8078 
2 9189 5432 
2 1445 4267 
2 9128 6104 
2 3014 6323 
2 8646 705 
2 8059 6347 
2 398 130 
2 1143 233 
2 4789 8501 
2 5627 8819 
2 9113 2725 
2 339 6899 
2 9612 3118 
2 1189 9796 
2 9585 5262 
2 231 8989 
2 5135 5654 
2 957 1519 
2 535 2872 
2 2819 3144 
2 5581 103 
2 4347 364 
2 9346 4505 
2 8513 9719 
2 5308 3238 
2 6303 3018 
2 6064 6193 
2 490 1427 
2 9025 4700 
2 3910 9747 
2 7994 1288 
2 1987 152 
2 5028 2755 
2 133 6264 
2 2089 188 
2 8359 2483 
2 7199 1606 
2 3303 3675 
2 2635 5058 
2 7541 6145 
2 2354 5930 
2 8454 8769 
2 2320 3402 
2 9677 3501 
2 3209 3860 
2 4765 8327 
2 1206 9380 
2 931 3380 
2 7647 5668 
2 3318 9854 
3 4871 2220 6275 
3 9929 1417 310 
3 3431 8642 6593 
3 860 7400 2522 
3 3347 479 3483 
3 1476 2012 7347 
3 9704 8032 2937 
3 3063 5806 1040 
3 6886 2310 1301 
3 249 4131 5665 
3 299 7803 968 
3 8758 8037 8241 
3 5916 2553 1401 
3 1176 4743 3964 
3 8587 3586 5132 
3 7463 1462 6944 
3 3503 7984 2505 
3 7908 8354 5756 
3 5635 5670 108 
3 8647 852 1222 
3 8410 2375 5223 
3 6879 2390 406 
3 7620 3644 3997 
3 8674 2984 2754 
3 7609 4973 6306 
3 3804 9298 8126 
3 4038 9229 1579 
3 7550 953 3998 
3 6984 464 8579 
3 5549 4030 5943 
3 6834 9233 2974 
3 2938 2931 5965 
3 7986 7991 5629 
3 7396 4360 3034 
3 9348 6614 6031 
3 6962 4134 7435 
3 4821 3265 3065 
3 2744 220 3659 
3 2936 2895 4236 
3 7949 2321 4193 
3 8750 3505 6686 
3 9887 4665 5805 
3 3726 6953 4762 
3 3936 2311 4338 
3 7230 6083 4795 
3 6089 9900 6119 
3 2300 1236 5857 
3 8916 5723 1766 
3 4277 9502 5978 
3 4852 5842 4792 
3 7963 3794 5478 
3 3042 681 7181 
3 9804 1644 2788 
3 2716 6717 8260 
3 7308 2644 9517 
3 899 1743 4431 
3 9307 7725 6285 
3 1610 9725 4621 
3 5256 4416 206 
3 623 6233 2208 
3 6490 2873 1060 
3 9694 632 7027 
3 7654 5089 1342 
3 907 367 9157 
3 7496 2516 241 
3 4446 2683 6908 
3 3327 5819 9590 
3 7375 6499 2636 
3 7748 925 3761 
3 8345 832 2322 
3 9221 6146 3647 
3 611 4692 6225 
3 9179 7997 9658 
3 1692 2471 9417 
3 4048 9058 1122 
3 6392 6923 3349 
3 988 6408 8253 
3 2996 9923 150 
3 7519 6198 195 
3 7937 3968 3749 
3 5345 1738 9452 
3 9513 8343 9367 
3 9212 8313 7702 
3 467 2022 1371 
3 5381 1335 4677 
3 929 7432 6673 
3 2230 2914 9426 
3 5705 1710 208 
3 7476 5069 7677 
3 2661 49 3826 
3 3016 9060 1860 
3 3858 7568 2528 
3 6152 7604 587 
3 6228 383 3721 
3 9559 9309 4750 
3 3197 3064 5632 
3 3824 2724 2970 
3 5741 6738 7075 
3 6488 5649 7000 
3 8416 6973 708 
3 1658 5510 8195 
3 5939 5428 8864 
3 51 489 8258 
3 6131 9082 2958 
3 8209 7925 1042 
3 2140 7415 8192 
3 7466 5430 3457 
3 3868 8040 5850 
3 1361 9859 6941 
3 1095 2426 3274 
3 3797 7204 937 
3 8135 1555 8170 
3 5001 1235 2464 
3 4769 9418 6360 
3 7342 4862 4609 
3 7940 3938 5477 
3 1498 2705 8575 
3 5658 8748 4074 
3 2028 2198 5674 
3 4847 8885 6265 
3 4435 8006 9824 
3 7675 5338 3934 
3 6651 3333 5279 
3 9114 2317 3674 
3 1307 1353 1959 
3 6726 7250 9484 
3 5743 63 3126 
3 2864 7481 8727 
3 1745 890 4368 
3 9656 2801 9638 
3 4395 7765 2951 
3 6221 2249 7732 
3 3764 477 2304 
3 9757 1904 9138 
3 5608 1073 7412 
3 7958 3810 1577 
3 6872 8478 8498 
3 8740 547 8419 
3 9680 7873 1845 
3 2018 4265 8912 
3 8292 3168 4996 
3 8027 5935 9440 
3 9749 7471 9586 
3 6025 5790 1701 
3 7687 3927 3343 
3 6734 7278 1035 
3 8383 3459 1126 
3 9396 274 6029 
3 8240 8104 258 
3 8658 7036 5109 
3 604 7154 5828 
3 5577 401 7597 
3 6597 1338 6286 
3 5429 7469 9322 
3 7847 3974 7881 
3 6435 6702 8476 
3 6638 226 112 
3 3385 6045 6371 
3 2245 7190 2640 
3 316 6234 1982 
3 8516 8898 6818 
3 6175 8459 6188 
3 9044 701 9143 
3 4930 9403 4698 
3 1552 6740 7380 
3 6174 9110 4529 
3 1755 8875 984 
3 3579 3174 1899 
3 1542 2985 567 
3 960 3589 157 
3 2594 2922 670 
3 1810 3913 7606 
3 5711 6244 7117 
3 1643 7081 2593 
3 6456 6780 1712 
3 1396 5622 9155 
3 2691 2729 3871 
3 9034 6110 522 
3 2760 1048 837 
3 2046 2118 1590 
3 295 2945 8812 
3 564 3439 4108 
3 5833 6687 7253 
3 691 5077 5753 
3 6907 2496 5696 
3 7592 327 8998 
3 7461 294 2954 
3 1489 290 4221 
3 2609 6675 5490 
3 3696 7426 4844 
3 4580 2676 589 
3 7679 8278 7001 
3 3906 8000 7472 
3 821 5643 608 
3 6664 2624 9399 
3 6080 9627 1617 
3 9413 6450 1302 
3 5116 6274 763 
3 139 7800 6847 
3 8941 7793 3869 
3 6971 8468 6407 
3 2117 1248 8984 
3 9945 5422 7064 
3 2062 2445 1650 
3 1570 9392 1777 
3 3078 6381 642 
3 4327 3547 7871 
3 6723 883 3430 
3 2854 3960 5081 
3 3735 8586 8613 
3 7025 3325 9839 
3 9697 2782 4085 
3 7988 9406 2634 
3 5021 6650 8223 
3 7893 9508 9244 
3 8883 5699 8199 
3 9710 3855 2537 
3 794 5913 1705 
3 9610 1128 6495 
3 5752 4447 6357 
3 6722 974 8892 
3 9466 9305 1674 
3 5651 8617 3299 
3 1311 2606 6041 
3 6140 9185 897 
3 1942 3580 8993 
3 6606 1907 5113 
3 7503 6195 7896 
3 9990 6870 1790 
3 7588 2152 7470 
3 9038 4522 7143 
3 4141 9132 2863 
3 6010 4218 1682 
3 906 6803 839 
3 6576 6062 6571 
3 7685 6949 7489 
3 5951 7057 7640 
3 8867 6931 2137 
3 8661 1108 7119 
3 5059 9529 6782 
3 1211 1274 1621 
3 2614 1239 6081 
3 3835 3755 7904 
3 5681 7566 1069 
3 4334 3529 3108 
3 8496 5619 6776 
3 2757 2416 6909 
3 5777 1536 5887 
3 3450 6073 3076 
3 6242 6353 1702 
3 3409 2135 8895 
3 5821 1511 2621 
3 4255 5437 5451 
3 3272 8512 3131 
3 6560 7607 5826 
3 6504 3007 4472 
3 8536 9433 8933 
3 1183 9425 7082 
3 6601 1673 6141 
3 7264 9489 8311 
3 9010 6785 6256 
3 8072 3981 8839 
3 6937 2007 5390 
3 4556 9209 16 
3 6875 3859 592 
3 6666 6652 979 
3 2770 3969 5945 
3 1774 8341 5163 
3 7091 3723 5134 
3 4649 7084 5702 
3 2167 5204 2907 
3 4296 1902 9580 
3 1804 1805 1603 
3 7535 5855 8053 
3 4478 102 2381 
3 9592 8413 7834 
3 1333 1923 4727 
3 961 7942 8687 
3 6457 6283 4838 
3 7053 5082 2647 
3 689 9133 6630 
3 4026 5231 7739 
3 2295 1157 9935 
3 3214 8508 8537 
3 9047 1816 1515 
3 2469 526 3898 
3 1789 4399 1869 
3 3083 4007 9037 
3 983 9577 6139 
3 5998 4599 7257 
3 6494 1778 6904 
3 182 1453 7035 
3 5297 6854 760 
3 4589 13 4710 
3 379 5727 5446 
3 350 6760 7330 
3 8612 4170 3271 
3 2764 4910 7830 
3 1831 5639 6681 
3 7948 823 8977 
3 2597 9829 1853 
3 6669 2099 6882 
3 2598 4402 1600 
3 4439 5479 1153 
3 123 9375 498 
3 8140 9716 6701 
3 9064 9070 8668 
3 659 1237 835 
3 566 8406 462 
3 3911 9421 5250 
3 4672 2510 8161 
3 8088 101 3638 
3 66 3619 3729 
3 2142 2066 7637 
3 3928 5096 3766 
3 5259 6039 8799 
3 4018 1398 7030 
3 7903 5403 6905 
3 1584 4268 9665 
3 1768 3032 1022 
3 6059 616 9576 
3 8946 39 4742 
3 4063 1114 219 
3 5788 373 680 
3 4737 297 3346 
3 5221 8854 7381 
3 7931 7094 9300 
3 6813 8876 3976 
3 4138 3045 5909 
3 5974 8504 8460 
3 2627 3894 4830 
3 382 24 8237 
3 447 5879 4201 
3 4461 5459 8057 
3 2233 8180 3158 
3 6320 5388 4818 
3 1929 3642 1273 
3 1843 9845 8200 
3 5831 4414 400 
3 5650 6236 4238 
3 7514 6839 4442 
3 5331 8906 1834 
3 4954 8182 2539 
3 9112 6573 6966 
3 7127 867 6957 
3 7459 7188 6426 
3 6862 201 3163 
3 9377 126 7814 
3 2884 9807 9550 
3 4061 5445 704 
3 5286 8206 2749 
3 1264 8014 5731 
3 5620 2151 6566 
3 6398 8660 1839 
3 3887 9950 2288 
3 8438 5127 7505 
3 6148 8990 4008 
3 2546 9258 1914 
3 8817 4223 4552 
3 4125 2885 153 
3 5747 4354 5462 
3 7434 873 1096 
3 1464 3077 4655 
3 4673 4520 1791 
3 1566 2648 1481 
3 2026 6771 3609 
3 8756 1681 9085 
3 1984 471 1050 
3 655 7210 5794 
3 8606 4761 9690 
3 880 8505 6329 
3 7494 628 5518 
3 3817 3203 2979 
3 6603 3366 2183 
3 7263 5329 1598 
3 6893 1753 2138 
3 8487 8458 4987 
3 8499 918 3403 
3 9071 3667 7302 
3 9912 7120 2332 
3 4611 1978 1802 
3 9844 5111 2218 
3 3480 1196 7451 
3 6801 5306 2112 
3 8169 5235 1602 
3 3026 780 8273 
3 5768 8952 5117 
3 6595 9073 1478 
3 2551 2874 2604 
3 6731 6423 1265 
3 3381 5327 1878 
3 4998 8297 5522 
3 403 4787 4242 
3 7816 745 8964 
3 8936 684 9588 
3 614 886 9809 
3 1441 2777 4467 
3 2870 2030 2282 
3 9002 2847 5473 
3 5656 9847 4342 
3 5440 9703 8226 
3 2841 7407 332 
3 3576 3720 1251 
3 6301 5487 3519 
3 940 9463 4129 
3 4708 4781 1452 
3 5382 9942 6100 
3 1578 4523 7533 
3 6623 2966 4385 
3 9080 683 5898 
3 9160 3980 8838 
3 9954 3309 3356 
3 1337 3944 6743 
3 1943 2257 3199 
3 1011 1376 9843 
3 2832 648 7718 
3 8580 4146 806 
3 2461 851 6376 
3 5751 4450 2263 
3 6368 8039 5160 
3 8893 3072 1847 
3 7642 4001 6890 
3 9040 2735 7324 
3 730 407 7561 
3 7822 8433 847 
3 2983 3575 3398 
3 8627 3819 3394 
3 9862 5053 1855 
3 7848 9966 1224 
3 438 6774 4205 
3 2953 7761 1384 
3 8189 1000 7307 
3 202 4961 8397 
3 9370 6269 1209 
3 8213 5875 4785 
3 3096 8999 3388 
3 6688 4721 8744 
3 6101 6118 7876 
3 6415 2394 6258 
3 6390 6964 8202 
3 6620 5548 7794 
3 2353 1386 5586 
3 8597 7582 5465 
3 7162 3628 657 
3 1569 7897 3705 
3 177 8590 4612 
3 4773 8286 7556 
3 4003 7019 1444 
3 9667 8532 2641 
3 7013 3601 4445 
3 561 7305 8523 
3 2622 3481 4843 
3 2562 6305 9008 
3 6015 8134 6551 
3 733 1133 8688 
3 2761 6307 6284 
3 7973 2327 8849 
3 3715 7100 3608 
3 2773 3904 2668 
3 1111 8877 2628 
3 2387 7633 600 
3 654 9234 5248 
3 9125 4072 7319 
3 9758 7332 1005 
3 3311 2667 9574 
3 1813 5219 1420 
3 8677 6115 5587 
3 1300 4613 1908 
3 8176 3781 4273 
3 5516 3754 148 
3 1608 2131 1322 
3 9583 8948 3229 
3 5399 5305 8115 
3 4579 4860 609 
3 3610 8184 4995 
3 7309 4130 4625 
3 9163 8655 7579 
3 5539 6467 1580 
3 9543 8637 9685 
3 4182 4473 6945 
3 6624 209 3999 
3 8644 5607 6072 
3 2686 4775 9745 
3 5890 4950 9511 
3 7430 8862 5822 
3 6373 6757 6648 
3 912 3294 1098 
3 2474 6042 2401 
3 6536 2748 9217 
3 9161 2903 8588 
3 6534 3546 8685 
3 5824 2673 2812 
3 4699 5968 6631 
3 6159 456 9245 
3 1995 9973 1080 
3 5026 1784 2033 
3 8108 1754 711 
3 3412 2889 8233 
3 9369 280 6711 
3 5031 6311 9371 
3 4720 6372 4333 
3 4562 4606 3008 
3 128 5671 2568 
3 1627 8648 8031 
3 768 595 2909 
3 1043 9443 5039 
3 1219 9475 7189 
3 8726 9856 6187 
3 2123 9913 3098 
3 875 8051 203 
3 6437 3639 7222 
3 1541 2098 4248 
3 362 1765 7818 
3 440 9512 7865 
3 6794 2828 3530 
3 5688 8451 9291 
3 7206 3142 6209 
3 1443 92 389 
3 9919 7715 2573 
3 6672 3602 8283 
3 7812 7681 8177 
3 348 9203 6055 
3 3165 2494 8583 
3 2795 4524 557 
3 5087 2264 1857 
3 6542 1051 7923 
3 6257 5012 7518 
3 6766 8262 9712 
3 5698 2611 302 
3 9602 9726 3633 
3 7354 433 4784 
3 6939 8409 3847 
3 9976 8298 7906 
3 5456 9382 8102 
3 8121 7486 4831 
3 7113 6447 4797 
3 6580 4667 4669 
3 64 1850 4632 
3 9467 5311 524 
4 2645 7506 2047 2293 
4 3937 6459 183 1893 
4 482 506 8589 2343 
4 6404 8609 4358 6602 
4 5107 1573 1827 5201 
4 1103 6293 6121 7349 
4 7649 694 1193 9562 
4 2740 631 3515 9558 
4 3451 121 9679 3207 
4 466 9815 3159 7798 
4 3089 3298 5071 6018 
4 4477 9911 4149 411 
4 3522 3411 5106 2456 
4 3737 1575 8930 3693 
4 9696 5389 658 3364 
4 3141 8610 4558 1696 
4 9175 4345 7453 5918 
4 4867 3708 7155 2737 
4 9159 7185 5268 119 
4 1038 7625 6012 8471 
4 6696 8804 8608 2036 
4 4304 2410 7090 436 
4 7936 8541 8803 6558 
4 649 3061 8450 2065 
4 14 9015 9329 8641 
4 7182 376 4845 6054 
4 5758 722 476 8322 
4 3840 5024 6363 178 
4 2174 6309 1318 9701 
4 1115 8403 9255 5541 
4 5130 971 5716 6197 
4 3418 4359 8173 554 
4 3653 9932 2158 4350 
4 5666 1277 4448 4441 
4 1058 7547 4152 652 
4 1271 9176 6697 6946 
4 9964 7086 4274 8535 
4 4106 2020 5960 865 
4 6884 5426 8325 9782 
4 1660 4736 31 6797 
4 4288 9819 3662 2861 
4 4015 3114 2082 1064 
4 9301 1380 516 8392 
4 6505 3242 5411 9756 
4 3053 864 9323 7918 
4 2372 2177 746 7066 
4 2659 4659 9817 2376 
4 369 413 9325 3490 
4 8920 3127 8092 7696 
4 9116 6271 6295 9372 
4 6475 4832 3897 1717 
4 3284 7709 4810 8464 
4 9520 2838 6200 4426 
4 8915 2087 9095 3213 
4 6077 7326 5544 4468 
4 4584 4554 3149 811 
4 7259 842 904 6679 
4 1159 7219 9491 8548 
4 7657 973 1549 5418 
4 2192 8767 920 3370 
4 5348 3848 1400 478 
4 9762 2817 2470 1939 
4 4713 9387 8129 4124 
4 8440 1722 8802 9625 
4 8960 584 7274 4777 
4 4392 538 3635 5346 
4 2146 3988 995 7560 
4 372 2850 972 6706 
4 8879 8638 7580 4717 
4 7892 8755 6995 6996 
4 5525 5375 6674 1110 
4 6468 1448 4758 6751 
4 386 5180 3656 617 
4 8555 5573 7441 9086 
4 2759 9235 9778 7863 
4 8417 3813 5786 7846 
4 1041 2804 3784 7110 
4 993 7446 1819 7444 
4 223 1647 3363 3655 
4 4640 4641 757 7689 
4 5000 4779 6448 2711 
4 460 3536 8290 4356 
4 6384 2714 8596 7495 
4 3829 8011 9408 5955 
4 9427 2025 8729 5928 
4 5054 2485 646 2956 
4 5485 9430 3554 2858 
4 5859 9383 2275 7242 
4 7493 5728 4842 820 
4 5737 998 5555 6047 
4 8269 8120 2578 1949 
4 5061 7213 9017 921 
4 8493 905 8244 958 
4 2631 4571 2961 353 
4 5027 8284 5234 7889 
4 3800 2222 2359 4909 
4 7134 5162 7763 6770 
4 4417 7667 4289 8566 
4 3456 3933 3080 2057 
4 341 4604 422 7073 
4 8056 7928 2584 1955 
4 1568 1392 5333 2538 
4 2500 7956 3991 3535 
4 2150 7626 9009 4316 
4 8775 70 1312 3486 
4 4877 3006 4647 8911 
4 7164 335 7953 8975 
4 1814 2934 6644 9393 
4 1106 6022 9445 4494 
4 8928 4378 2119 4643 
4 1292 4421 8024 8420 
4 6716 5193 5982 346 
4 57 1989 5742 8329 
4 4340 1903 5207 7701 
4 3152 1779 9118 3235 
4 5973 4926 2449 1867 
4 1378 1919 6247 1177 
4 1631 163 1781 7602 
4 7669 7784 7780 352 
4 2613 1964 2700 2532 
4 5272 7982 35 885 
4 6109 6845 7006 417 
4 3922 6607 2352 2411 
4 7108 500 2560 2475 
4 5542 9313 1215 2092 
4 2213 7721 8198 8654 
4 4653 2371 8162 1736 
4 2017 4140 1164 5340 
4 4889 1748 1807 830 
4 8691 1487 4749 626 
4 8431 9814 9754 9653 
4 4763 3273 7048 4475 
4 2210 4011 7261 9168 
4 9917 678 9828 155 
4 6431 5871 7536 7345 
4 9805 1615 987 9057 
4 6703 1432 7124 6056 
4 3121 7572 8242 4036 
4 1492 9214 7576 8777 
4 7962 6455 3293 7077 
4 3315 1501 7482 8225 
4 1297 9623 5052 6592 
4 629 7137 8270 8707 
4 3172 9662 5926 3918 
4 1837 3374 9802 3247 
4 6958 3853 6436 7070 
4 5199 3839 8709 5927 
4 676 3100 1314 4689 
4 1824 2778 1310 129 
4 1484 7251 4219 9728 
4 8910 2324 4407 7807 
4 4793 138 3841 4993 
4 2228 8913 6129 1921 
4 9798 7573 9257 1609 
4 895 5075 5755 606 
4 3549 9479 9547 3545 
4 207 7692 7716 2865 
4 1203 3722 3556 8695 
4 9567 8888 8089 9390 
4 79 2428 2442 4814 
4 7292 5319 5827 834 
4 6410 3471 5719 4370 
4 61 6718 132 3377 
4 9007 9178 9717 2085 
4 8965 8671 6844 1849 
4 3798 9938 8447 4928 
4 1895 9984 7480 5045 
4 8730 1665 4497 6308 
4 5431 3292 2567 2355 
4 3304 1535 814 2674 
4 8855 3736 4917 9450 
4 244 9129 6389 7149 
4 5258 2830 6598 982 
4 9654 8238 9934 8889 
4 1686 9729 4180 7118 
4 9853 8653 4372 7192 
4 7103 6950 9589 9555 
4 338 1530 216 5563 
4 1928 9184 2851 3738 
4 9700 2792 6216 4796 
4 8291 6291 6838 636 
4 9738 5502 2189 1405 
4 7010 6114 3382 1332 
4 9812 8103 1865 7186 
4 4965 7636 8477 9170 
4 451 2556 5414 4216 
4 7247 572 6196 2692 
4 1281 2894 3362 46 
4 4239 3259 5874 9530 
4 9902 6933 5060 7402 
4 8549 9823 6842 4546 
4 3484 6142 4790 4091 
4 52 8738 545 8127 
4 7235 5730 7286 3010 
4 9906 349 1146 3686 
4 2710 4690 1960 2084 
4 3499 7420 1809 7758 
4 4682 6224 5141 5537 
4 4044 9971 6820 6510 
4 5394 3500 510 5379 
4 661 5734 2935 7772 
4 3559 1925 7712 87 
4 4947 3923 95 4405 
4 7365 2103 2784 8693 
4 257 9198 4457 8331 
4 3082 2766 5123 4387 
4 4855 9278 2307 1186 
4 1546 6466 7966 8702 
4 650 8602 942 2655 
4 7749 8553 3879 9875 
4 1721 6409 2169 9302 
4 6619 3762 1002 1889 
4 1257 1924 3932 5015 
4 7456 2707 9504 2536 
4 8902 5886 4970 3567 
4 1019 1046 5966 2134 
4 7076 3751 2052 1270 
4 6219 9333 4510 9331 
4 6622 5736 193 6474 
4 9398 1930 5866 3945 
4 109 7465 6804 1495 
4 3306 3585 3414 8507 
4 6991 6617 720 3404 
4 9933 2995 1416 6848 
4 7944 5273 5601 2361 
4 9507 7710 81 2034 
4 4076 4177 4250 2212 
4 9384 8971 6741 8252 
4 1540 7089 7138 9100 
4 7552 8759 5981 4172 
4 7619 7152 3355 6508 
4 3611 8598 6053 2620 
4 2391 781 3757 6113 
4 9838 453 5317 913 
4 8144 5110 313 5118 
4 1931 7630 111 1085 
4 3056 6087 4864 6562 
4 9766 7976 822 8186 
4 9865 9951 3046 2581 
4 3678 2 3324 943 
4 2315 2083 5257 523 
4 5836 6567 8101 1341 
4 8425 6263 1171 5246 
4 4676 2136 2356 5010 
4 4564 8538 7877 2006 
4 3211 2404 8841 5779 
4 5330 6523 6385 2201 
4 9063 5412 2998 4800 
4 497 419 4900 9150 
4 6094 1514 8491 8164 
4 5645 5706 5905 2689 
4 1926 4768 4915 3994 
4 2989 2698 6147 9886 
4 1077 2530 5383 1882 
4 6476 7825 8925 2053 
4 2285 7156 1756 6444 
4 1254 7900 4121 9705 
4 3322 1101 6831 3518 
4 9190 343 7109 98 
4 2425 9436 8026 3597 
4 7511 8625 541 3863 
4 4349 9173 8230 5370 
4 4111 9732 175 8267 
4 5703 6156 2162 917 
4 6034 7943 6345 388 
4 8958 6378 4801 6443 
4 4159 1988 7837 2826 
4 3587 7851 5694 5524 
4 180 4081 6767 7909 
4 5041 896 9846 2618 
4 2677 9947 1661 578 
4 2272 6775 2810 7608 
4 5336 3651 3379 1130 
4 473 2270 1611 7862 
4 9851 5169 3230 8449 
4 3539 6327 8467 3352 
4 5240 387 9101 1202 
4 5722 7605 1851 4062 
4 8787 2962 2392 3050 
4 1706 5165 7888 8250 
4 9549 7061 2774 3464 
4 2672 8678 8766 3912 
4 7136 2366 8432 3332 
4 9474 1659 3961 307 
4 9961 5550 1690 7708 
4 8412 7158 141 8698 
4 1345 3329 9826 1491 
4 6173 3109 5990 9381 
4 3920 9314 3791 9924 
4 7498 8016 9401 3181 
4 6867 4300 2042 7106 
4 2058 3753 2070 4525 
4 2650 1180 9767 991 
4 2248 3568 5402 4290 
4 4028 2340 7022 9103 
4 2061 9148 3245 6986 
4 5733 8901 553 8150 
4 4312 7296 5494 605 
4 4675 3285 9378 3645 
4 5504 6085 9 5754 
4 2313 1309 3846 9318 
4 9004 8721 8430 3373 
4 395 7575 145 8025 
4 2577 7447 9156 6417 
4 4114 5559 9347 4585 
4 8947 1504 2839 5823 
4 2105 2969 7993 9139 
4 1771 9790 6477 2612 
4 9885 1285 8716 1451 
4 4135 4596 4553 351 
4 8363 1081 318 8404 
4 9795 7517 4798 7750 
4 32 8816 5536 5324 
4 8349 845 2952 5684 
4 3807 901 9269 5606 
4 9837 5461 2225 1075 
4 1879 194 1072 5228 
4 4941 8008 2262 4462 
4 4951 8132 8640 275 
4 2013 947 8302 4168 
4 3943 4279 945 5102 
4 6096 8046 9955 4282 
4 9539 740 4636 2267 
4 1018 7323 5277 1129 
4 8036 9957 900 9686 
4 6823 3256 5865 6130 
4 3774 6180 6927 2972 
4 8405 2543 8065 7879 
4 1136 9684 6817 5152 
4 5602 9709 3790 4906 
4 2388 8932 9861 3632 
4 5675 4225 8442 6463 
4 311 4476 9644 6574 
4 6792 4740 774 4595 
4 7175 8733 5374 8087 
4 6103 3031 2892 6235 
4 7421 6753 20 1758 
4 1595 9256 8422 9468 
4 4357 5005 1074 8239 
4 9211 450 8681 9187 
4 6924 6462 8884 5911 
4 9456 5042 858 923 
4 6314 5048 5574 7920 
4 7102 2878 7624 5453 
4 1162 7641 1409 3475 
4 7858 205 1567 7562 
4 2492 4890 5144 8694 
4 9721 9922 1832 4642 
4 7852 8395 9741 5104 
4 8384 7729 2797 229 
4 887 7670 6537 597 
4 4633 7294 686 2720 
4 6183 5764 8179 418 
4 2589 3111 1173 1707 
4 732 665 5851 1323 
4 9607 3718 9105 536 
4 3962 5413 4254 5792 
4 1645 5216 3627 3534 
4 7861 5274 4127 1891 
4 5514 2547 625 3148 
4 3283 4874 627 8731 
4 8896 6901 9337 8848 
4 7372 7665 143 772 
4 1646 7744 3982 8953 
4 8119 669 3360 5393 
4 1796 2619 3189 4899 
4 7256 5647 664 8847 
4 1187 816 5112 2493 
4 7055 1369 6709 6023 
4 4936 4894 8275 1532 
4 7510 9866 2179 5157 
4 9731 1366 5392 1218 
4 1662 7985 4020 8263 
4 6391 354 6251 4991 
4 4693 3685 8229 80 
4 7318 8904 8218 2056 
4 3117 819 4099 9581 
4 2333 9803 4515 2193 
4 1767 3060 7249 1340 
4 8408 8569 3739 9833 
4 9350 5148 5198 6552 
4 5380 2526 9509 2802 
4 7484 9397 666 6911 
4 4688 7618 9091 1626 
4 3699 6011 7046 1194 
4 3119 5646 6529 2980 
4 4206 8315 1558 5068 
4 6399 7978 1258 7529 
4 3476 1876 6155 8136 
4 2497 3616 3752 5020 
4 4295 8308 9605 1945 
4 5101 8342 4418 288 
4 2585 7205 2771 1131 
4 5362 8145 7723 1255 
4 9453 1298 7314 7284 
4 5290 9877 30 1358 
4 6158 6659 2942 5691 
4 3195 6122 8317 9197 
4 9458 1249 599 9692 
4 7922 1842 6920 4332 
4 9659 7804 7295 4971 
4 9573 7961 4132 8846 
4 6694 3845 4305 2478 
4 7226 9230 3955 2800 
4 1234 3985 6779 384 
4 5276 959 2367 7717 
4 9582 4992 8083 355 
4 4543 703 5468 2155 
4 6676 6715 4557 9963 
4 4272 4122 6082 3196 
4 5364 2743 6570 1728 
4 3694 5153 8745 2901 
4 8624 3979 9310 1642 
4 7569 9111 1792 9676 
4 2736 9264 7312 6206 
4 1830 1522 6868 7478 
4 4706 4748 1554 1896 
4 4232 6282 2871 4572 
4 7150 1634 62 4400 
4 7615 333 9783 1822 
4 4169 7232 4904 7173 
4 5933 9503 5961 3833 
4 6677 5265 7570 1591 
4 9297 5314 5767 3901 
4 3169 9648 1785 7593 
4 1820 2101 1034 3603 
4 7252 651 5565 1192 
4 7445 1639 3541 3874 
4 4266 2733 2460 5034 
4 4281 9438 9867 3124 
4 4317 889 994 253 
4 8118 4335 7512 9338 
4 8651 6028 8956 8075 
4 9127 4237 6988 4757 
4 753 6553 5685 7939 
4 9952 5206 7622 1379 
4 5351 9343 808 3759 
4 4179 9164 8528 596 
4 4997 7475 9516 4210 
4 1086 4684 2652 6586 
4 5076 8603 8321 8151 
4 6805 2064 1986 2786 
4 5212 8806 7631 7428 
4 6208 7033 8905 5561 
4 1214 6637 9402 761 
4 8159 3320 6134 9670 
4 6594 6344 4617 3263 
4 9657 3631 4976 1363 
4 3302 4822 6863 7497 
4 6877 2843 6808 573 
4 7276 4600 7995 6203 
4 1725 4559 2124 575 
4 4429 8231 8622 4745 
4 4183 9281 5214 3013 
4 3264 6429 1655 1719 
4 4466 1037 6832 6138 
4 9075 1047 1276 4451 
4 7912 640 7783 2617 
4 5941 7161 914 2122 
4 4859 4944 8986 2104 
4 4352 7728 1463 8350 
4 8853 431 6186 8785 
4 7316 825 667 2107 
4 9151 8620 2615 2845 
4 4427 4809 6213 4021 
4 6746 540 8138 3657 
4 5614 2023 3528 3769 
4 1231 2482 2223 7500 
4 2911 4207 9435 2480 
4 1166 3703 6917 3507 
4 7771 3768 5419 6956 
4 2441 8860 6763 1388 
4 2203 8023 8137 2240 
4 1597 1997 4066 2004 
4 3935 3297 6153 1582 
4 9939 340 5883 9988 
4 8347 747 9376 4449 
4 6942 5230 3823 9054 
4 9028 3399 4004 4803 
4 2312 5732 8511 3390 
4 5829 7398 222 4988 
4 3673 7574 2086 3415 
4 3564 5086 9587 8077 
4 6469 1185 1460 7135 
4 6750 6485 3618 1635 
4 72 3070 8650 9937 
4 8178 4664 818 6546 
4 2583 3861 6044 810 
4 6262 1500 1028 9167 
4 9275 5179 2094 7595 
4 2787 8328 1693 164 
4 8099 8456 6111 5184 
4 3429 5304 6609 181 
4 10 2517 3422 9181 
4 9760 8063 1539 8381 
4 8090 8619 6798 9223 
4 9469 3878 4828 2587 
4 828 2010 9651 3400 
4 1664 5292 8248 8623 
4 9177 8205 591 9366 
4 7752 1404 7178 8047 
4 9196 4376 2477 6811 
4 6932 1031 3446 3494 
4 5834 1295 2260 8781 
4 8558 1938 1142 5368 
4 7929 7301 7662 306 
4 6278 6646 9736 6276 
4 2610 4153 2491 675 
4 9361 9056 2829 662 
4 2106 9319 8969 4707 
4 2886 4701 4615 796 
4 3629 1940 5416 9442 
4 9632 4452 3440 8545 
4 1516 3857 2075 9986 
4 3278 7240 2063 5186 
4 89 5281 7520 7391 
4 5609 8160 4925 9792 
4 375 7585 4079 1962 
4 3191 475 5410 8601 
4 6983 9493 1165 144 
4 5566 4117 2185 7827 
4 3086 1668 7996 5795 
4 2305 5739 3593 5618 
4 2960 5599 3092 5063 
4 9578 7829 9646 7845 
4 7676 2330 3246 9672 
4 8856 5773 7146 7504 
4 5155 6123 3613 1279 
4 7584 7698 2455 8715 
4 8667 4200 2558 1711 
4 1082 6482 243 6160 
4 986 3591 6864 3408 
4 3695 7971 2342 3914 
4 9500 3009 6016 7638 
4 4058 4381 8699 1145 
4 1556 1527 2071 4893 
4 3492 9092 1898 9800 
4 5454 1666 1289 9447 
4 1026 9247 3886 5560 
4 8073 5975 314 2588 
4 4224 1958 6315 8938 
4 9283 192 2413 4896 
4 4503 1872 4336 3387 
4 8922 3583 5774 5173 
4 8344 9898 3582 2975 
4 9052 3130 916 5177 
4 8540 3742 2943 6432 
4 3291 142 9751 7271 
4 4949 408 593 6896 
4 6231 6519 5557 110 
4 7104 2950 5133 9642 
4 0 1486 6914 1935 
4 4512 6538 970 8326 
4 3052 2274 5197 532 
4 4390 2068 7980 1866 
4 437 4000 2016 7317 
4 2368 598 5920 1030 
4 7395 9881 4940 1163 
4 1149 4176 7477 688 
4 3128 6689 1545 2732 
4 2196 3680 7422 4297 
4 5350 6599 2882 9609 
4 8689 7616 6294 7105 
4 3681 8485 3239 9276 
4 4833 2395 5299 1070 
4 3019 8649 6063 2694 
4 3728 3605 5922 5154 
4 1821 5701 6331 712 
4 9707 7031 6199 894 
4 8918 1700 8914 3919 
4 3372 8287 1948 3780 
4 9290 805 7792 19 
4 8214 4856 5592 1287 
4 3099 2572 9960 8142 
4 1024 5220 1414 4278 
4 4533 7221 9027 5776 
4 5993 9311 5357 6176 
4 6107 5884 4872 3745 
4 1912 5588 444 9674 
4 7011 7166 2554 9813 
4 2660 1308 9706 6596 
4 2234 4301 6349 2599 
4 5295 2308 9510 1423 
4 8334 7241 1873 5784 
4 513 1513 5921 748 
225324933