1628
2 7165 1221 
2 3999 4160 
2 7721 9510 
2 6321 4640 
2 3743 7797 
2 1973 7398 
2 8915 4960 
2 9118 5809 
2 1970 8335 
2 17 1704 
2 1628 8923 
2 3172 1493 
2 9481 2011 
2 8291 749 
2 2260 3445 
2 4232 9174 
2 1484 885 
2 7420 1963 
2 510 8025 
2 4966 8443 
2 3323 8664 
2 4900 9033 
2 4972 6642 
2 7174 2764 
2 9220 5553 
2 3836 9266 
2 723 9394 
2 6669 2052 
2 237 5279 
2 5037 4493 
2 9657 8829 
2 834 6519 
2 8488 2973 
2 7467 1984 
2 5329 3849 
2 2303 3932 
2 87 3807 
2 1462 1759 
2 4112 6613 
2 6865 2478 
2 317 5320 
2 4715 3733 
2 6219 9736 
2 5491 4929 
2 8654 612 
2 253 8191 
2 3411 1648 
2 7117 2540 
2 4477 8549 
2 8165 6287 
2 2655 6485 
2 939 534 
2 1498 8993 
2 5920 1230 
2 9257 5558 
2 1320 7094 
2 1697 3977 
2 1943 8925 
2 6600 9194 
2 7089 7825 
2 7333 6549 
2 6861 4024 
2 1369 7176 
2 6227 9373 
2 9504 3840 
2 3870 8543 
2 9695 2726 
2 6635 9218 
2 636 7816 
2 331 7318 
2 74 4959 
2 7443 5104 
2 2006 9678 
2 1140 3247 
2 7159 7107 
2 9758 2333 
2 6495 1070 
2 312 584 
2 1635 9598 
2 4519 3441 
2 33 4491 
2 9818 6489 
2 1465 8312 
2 8218 2066 
2 6465 4926 
2 6802 6652 
2 4215 8310 
2 5016 9853 
2 73 9729 
2 6764 5697 
2 8295 4295 
2 3109 2750 
2 5837 3182 
2 4979 9382 
2 5218 3385 
2 4985 8392 
2 8613 7947 
2 3091 7392 
2 8166 9201 
2 3666 2086 
2 4407 3279 
2 5621 7788 
2 9820 3320 
2 1197 543 
2 5839 2474 
2 4412 7658 
2 275 6147 
2 5425 4471 
2 3072 6520 
2 8745 4730 
2 9533 6557 
2 4210 2414 
2 695 5205 
2 6214 2014 
2 7353 7671 
2 3966 3919 
2 3842 5910 
2 4560 2103 
2 7878 1455 
2 1600 4694 
2 706 5647 
2 9414 9608 
2 6152 2600 
2 1227 2780 
2 5643 9665 
2 2566 5523 
2 1507 596 
2 7187 8108 
2 1659 726 
2 5865 1744 
2 3129 5977 
2 747 8319 
2 3822 8329 
2 9389 1094 
2 1424 1412 
2 9172 4211 
2 8528 4480 
2 8300 5404 
2 1023 6252 
2 9121 391 
2 4173 2259 
2 9590 1415 
2 9969 3045 
2 4304 6850 
2 8416 1528 
2 874 7893 
2 8937 3019 
2 671 3640 
2 3428 7368 
2 7618 5213 
2 832 2218 
2 8894 4490 
2 981 7243 
2 1846 4686 
2 7319 3635 
2 5991 1884 
2 853 3305 
2 4778 4996 
2 7277 354 
2 9183 5756 
2 3668 5796 
2 7874 2263 
2 1845 6291 
2 8635 9048 
2 572 6740 
2 6900 9730 
2 9020 8134 
2 5918 2497 
2 4506 8705 
2 7314 8986 
2 9038 5507 
2 8240 9075 
2 977 7598 
2 3257 2097 
2 7879 4436 
2 5899 8530 
2 3368 7930 
2 39 1916 
2 2315 4125 
2 8658 8090 
2 4434 1778 
2 6457 9656 
2 5315 830 
2 3884 7591 
2 9150 7336 
2 7936 7029 
2 7703 3476 
2 5236 3591 
2 5046 2357 
2 525 944 
2 8517 2061 
2 6072 3806 
2 9524 1138 
2 6909 24 
2 6528 1645 
2 4357 5556 
2 9041 8404 
2 9927 8262 
2 669 520 
2 4238 2635 
2 6243 8810 
2 1333 8207 
2 1677 5539 
2 7829 9280 
2 49 4625 
2 2772 3861 
2 7168 348 
2 9193 440 
2 4432 3404 
2 5168 5725 
2 8382 7830 
2 2906 1113 
2 5824 3659 
2 7003 8662 
2 910 6753 
2 8697 2017 
2 2708 6392 
2 1390 1386 
2 8545 411 
2 633 2558 
2 2959 7439 
2 4699 236 
2 7007 8107 
2 4573 993 
2 8473 8576 
2 3943 1164 
2 6032 4331 
2 9426 3604 
2 7580 848 
2 3854 9952 
2 3400 2214 
2 6530 2326 
2 4600 4248 
2 5816 3828 
2 737 1564 
2 2340 631 
2 8298 8350 
2 2308 4207 
2 3927 9484 
2 9700 2904 
2 7027 2458 
2 7539 4346 
2 6964 6182 
2 3883 6320 
2 2802 5302 
2 8679 9451 
2 5318 617 
2 2818 8282 
2 3989 9620 
2 3606 1824 
2 1603 5926 
2 4608 621 
2 3980 6631 
2 4663 5641 
2 9488 914 
2 4333 7651 
2 8331 1494 
2 4483 8628 
2 5339 6222 
2 8958 6204 
2 8846 2242 
2 448 4700 
2 3111 6981 
2 4704 2659 
2 4184 2273 
2 1052 9811 
2 3484 5038 
2 2402 3621 
2 654 3599 
2 166 2657 
2 2117 342 
2 4981 3878 
2 8046 3069 
2 9327 2740 
2 4186 5363 
2 6927 5208 
2 7484 6225 
2 6611 3882 
2 6310 6604 
2 6102 9101 
2 7837 9652 
2 7899 8522 
2 2705 5147 
2 4276 7257 
2 6174 7401 
2 7339 6378 
2 716 7556 
2 1968 3974 
2 2594 7255 
2 3639 9564 
2 3921 9113 
2 6516 4251 
2 2456 4751 
2 3905 5802 
2 4401 966 
2 5854 8202 
2 1926 7667 
2 1343 7149 
2 1423 4897 
2 175 4119 
2 2427 2184 
2 369 1280 
2 9935 2925 
2 5073 3144 
2 6574 490 
2 4582 4711 
2 4171 4315 
2 2262 7750 
2 6499 9186 
2 6609 8365 
2 651 9036 
2 5656 9705 
2 7922 752 
2 679 6956 
2 6262 1295 
2 1710 1452 
2 683 194 
2 198 8386 
2 8804 3017 
2 4834 5368 
2 7497 1363 
2 109 4555 
2 6164 1614 
2 5761 6517 
2 1045 7912 
2 3589 2948 
2 1457 8290 
2 7838 7882 
2 6698 3544 
2 8044 5498 
2 8304 3692 
2 7599 8743 
2 1948 2945 
2 9965 9631 
2 1028 1769 
2 7343 5239 
2 7358 5343 
2 9855 2020 
2 6687 987 
2 1902 8127 
2 9554 6972 
2 4742 3645 
2 1479 954 
2 4023 6684 
2 7111 2389 
2 9774 8911 
2 4427 5199 
2 9691 8022 
2 86 4111 
2 6928 5159 
2 3244 9478 
2 1700 6257 
2 220 9763 
2 9955 446 
2 8721 8398 
2 4583 864 
2 5512 1267 
2 6017 2202 
2 5421 9634 
2 9687 9947 
2 906 4818 
2 9578 4420 
2 5383 2477 
2 2933 1130 
2 1111 9387 
2 5577 6817 
2 8772 9487 
2 5287 1207 
2 5862 6484 
2 1996 7654 
2 6729 5606 
2 1461 1865 
2 2915 6192 
2 8914 829 
2 8534 3903 
2 5901 9607 
2 1801 1819 
2 6478 2538 
2 4402 3248 
2 2985 8147 
2 8224 551 
2 5101 1489 
2 6931 103 
2 9575 3519 
2 4181 171 
2 300 9632 
2 6322 2162 
2 4014 7944 
2 1644 8872 
2 4562 2622 
2 1802 6935 
2 2099 6686 
2 562 5151 
2 8342 9903 
2 5251 4923 
2 2684 4083 
2 4082 1058 
2 3331 3026 
2 3270 9784 
2 1275 675 
2 6713 1384 
2 305 4656 
2 5900 4521 
2 7782 8211 
2 5077 8602 
2 9754 4369 
2 7177 2645 
2 6175 257 
2 1500 9031 
2 1646 9586 
2 6934 9443 
2 1078 3559 
2 9454 5882 
2 6572 7798 
2 308 7890 
2 3429 1204 
2 2135 2891 
2 5276 7902 
2 8625 4403 
2 4036 8284 
2 7706 3008 
2 1643 89 
2 4814 1707 
2 4124 6285 
2 5857 9531 
2 6991 3768 
2 7308 1444 
2 9616 5064 
2 8692 8151 
2 4783 3221 
2 4161 4514 
2 5943 7776 
2 2435 3145 
2 6146 5742 
2 1451 9984 
2 344 4734 
2 8598 1476 
2 7900 1559 
2 7199 2297 
2 2738 2741 
2 3093 6870 
2 8339 425 
2 744 4230 
2 4026 4199 
2 1529 9011 
2 1748 1718 
2 1106 2188 
2 3336 8798 
2 3979 1672 
2 3786 9230 
2 9284 52 
2 5112 6834 
2 921 1813 
2 9437 6346 
2 5150 26 
2 8548 9995 
2 3711 4614 
2 9910 9751 
2 3251 8016 
2 6273 4338 
2 3189 1285 
2 2545 9967 
2 5848 9130 
2 2731 552 
2 5292 1125 
2 8216 9585 
2 3562 9374 
2 7139 9079 
2 6031 1367 
2 2342 4411 
2 6396 9483 
2 544 5317 
2 395 8703 
2 4924 9022 
2 3142 7615 
2 9581 799 
2 9348 7931 
2 5206 4198 
2 1277 8157 
2 4684 9318 
2 1854 9512 
2 4280 7024 
2 9604 1861 
2 1571 6534 
2 3644 9721 
2 8034 9925 
2 4807 9301 
2 1115 6425 
2 9757 67 
2 9622 2797 
2 4386 1885 
2 4737 1581 
2 2500 3952 
2 720 1345 
2 6579 2075 
2 2336 66 
2 9370 25 
2 8176 1051 
2 7565 5482 
2 2200 2980 
2 3764 8323 
2 9499 9719 
2 5998 1029 
2 1053 1402 
3 818 7968 5188 
3 8737 8514 5843 
3 4858 9867 7320 
3 3108 3900 5509 
3 8361 23 9584 
3 8698 8950 4481 
3 7985 8309 6995 
3 5082 2661 824 
3 7856 2352 2203 
3 1215 5211 3777 
3 3860 8007 8754 
3 3509 1337 1951 
3 2407 567 8497 
3 7191 9618 6141 
3 1901 1823 7352 
3 88 2718 46 
3 9205 5084 4876 
3 8594 6691 8802 
3 4062 3663 4245 
3 3788 6821 7146 
3 3789 3678 7214 
3 5259 6365 6441 
3 1878 1621 5845 
3 9973 7271 6711 
3 3516 3332 9069 
3 1217 959 762 
3 785 6062 9127 
3 3346 5922 8909 
3 204 7632 4554 
3 7785 561 7707 
3 2272 8942 5273 
3 5530 7623 7390 
3 9639 1234 5122 
3 6924 5091 1293 
3 5506 8570 6348 
3 6538 7777 3232 
3 930 5536 349 
3 4856 6984 2475 
3 2401 2187 4566 
3 5131 2426 2301 
3 1908 591 3687 
3 1687 820 4006 
3 2318 8145 2996 
3 8229 3015 547 
3 8953 2872 4019 
3 7736 1722 6888 
3 3488 5039 4391 
3 5305 4308 5078 
3 6069 494 1119 
3 2460 4055 9922 
3 8832 1691 6801 
3 8852 1987 1606 
3 5951 790 1031 
3 6720 8874 4969 
3 2910 1038 825 
3 2889 8786 6971 
3 1372 6486 7705 
3 8494 629 9352 
3 4037 9223 5042 
3 9559 6329 8578 
3 7457 5996 5934 
3 2244 6524 7914 
3 8880 59 8271 
3 5515 5994 2489 
3 7446 7921 5764 
3 1338 7062 438 
3 2817 2552 7722 
3 8966 3211 6647 
3 6591 3448 4517 
3 491 364 3957 
3 3987 4044 6941 
3 139 8841 3473 
3 4120 3697 5728 
3 1036 8707 984 
3 8823 9096 8201 
3 1726 94 1393 
3 3256 9677 4239 
3 5356 4365 5924 
3 1911 3897 4791 
3 2329 4468 1530 
3 4621 4903 1481 
3 5568 8307 9019 
3 379 9978 9715 
3 5346 4698 5763 
3 9226 7285 6237 
3 4153 7054 9364 
3 7348 8486 9375 
3 9135 9998 2947 
3 7082 3749 4745 
3 9381 3998 545 
3 4910 7763 8491 
3 9589 4670 7969 
3 3838 8407 6289 
3 8900 6125 335 
3 2698 2850 8500 
3 5134 4118 8913 
3 6079 1054 9004 
3 5860 2813 7819 
3 2630 3843 4768 
3 3367 648 3183 
3 5858 269 2922 
3 286 5942 5984 
3 8476 1658 5732 
3 2875 808 6968 
3 154 393 4763 
3 2849 407 8426 
3 2331 9235 7835 
3 4249 32 9294 
3 8371 2876 4349 
3 9136 2557 1134 
3 9 9637 6376 
3 3510 3138 5461 
3 2391 7470 443 
3 8093 3561 5665 
3 6791 9456 7085 
3 8780 4505 9945 
3 7677 4025 7728 
3 5919 8634 3986 
3 5542 5861 4205 
3 2805 5727 9292 
3 9165 5600 2576 
3 480 5670 1966 
3 9621 5557 7692 
3 4594 1002 677 
3 4714 3407 7331 
3 4447 2232 4934 
3 4395 2927 2854 
3 6986 5413 1335 
3 1947 8102 4936 
3 330 7495 9104 
3 44 9769 815 
3 2248 3546 2442 
3 1598 7679 6893 
3 7346 3610 346 
3 5817 1505 5374 
3 1176 5235 7594 
3 8970 5661 9537 
3 9911 6226 7682 
3 2792 36 5972 
3 6726 7109 9680 
3 2507 7548 167 
3 1616 2496 786 
3 6265 2673 1236 
3 4409 8369 7649 
3 8435 152 1394 
3 587 4197 6367 
3 2250 8084 4947 
3 7240 3767 9880 
3 2157 2111 6444 
3 6279 5744 5990 
3 3951 4298 4250 
3 4343 6082 1056 
3 7603 4367 6833 
3 6955 2888 6846 
3 7533 7127 1796 
3 8571 9093 219 
3 3477 7045 645 
3 8479 1477 4854 
3 5525 277 4785 
3 4731 3472 5592 
3 6904 5700 8251 
3 5992 598 7473 
3 3664 2449 2835 
3 71 2885 2047 
3 7066 8170 1399 
3 1949 9072 733 
3 5546 4258 5759 
3 1022 9613 6580 
3 4089 5179 6199 
3 1501 9569 4988 
3 2716 9311 8510 
3 5595 9685 5003 
3 8231 2626 7020 
3 9850 1959 8814 
3 6866 2830 4134 
3 826 4372 7529 
3 6746 6645 3453 
3 6030 2365 8992 
3 7093 7543 1440 
3 6826 9571 5842 
3 8701 1205 7946 
3 5254 1128 1625 
3 9158 9102 3087 
3 1074 8395 2639 
3 7011 2921 8160 
3 1611 4231 3564 
3 3011 8537 7050 
3 1495 9991 1067 
3 688 9588 3648 
3 1886 2502 6508 
3 2962 9458 6038 
3 2430 4498 5450 
3 7511 3505 506 
3 8320 3373 6115 
3 8140 8710 7949 
3 3792 3515 3650 
3 9832 5888 2209 
3 9404 5056 1474 
3 725 4190 696 
3 324 3433 5079 
3 1724 9970 4147 
3 2541 1520 1033 
3 9379 6449 7678 
3 2570 2346 3541 
3 9698 8421 8755 
3 870 5285 2205 
3 4166 2013 2268 
3 6925 1686 9455 
3 1084 2519 9427 
3 5138 4131 5629 
3 6504 817 387 
3 5095 464 8366 
3 7992 8873 2040 
3 3908 1157 3277 
3 9361 2392 7754 
3 6224 8349 1395 
3 7223 5821 5804 
3 2901 6191 7272 
3 6067 3885 9517 
3 6668 7150 7239 
3 8525 64 4476 
3 2803 6568 5695 
3 1270 9175 4558 
3 5051 3967 3812 
3 8975 8035 3083 
3 8325 5967 7397 
3 2993 6881 2781 
3 6781 5694 8892 
3 7201 3096 7950 
3 1715 1989 7226 
3 4758 124 507 
3 2678 1698 6789 
3 2524 8372 6149 
3 2755 9591 2461 
3 9123 8702 7516 
3 1063 2377 3513 
3 1331 950 6106 
3 8853 4811 5234 
3 7691 1859 5527 
3 3994 4443 4137 
3 7115 9856 1047 
3 3481 5949 7071 
3 9595 662 4816 
3 1095 3218 1050 
3 6316 1766 6555 
3 8803 2223 9831 
3 1554 8533 2264 
3 4845 2415 1808 
3 5880 7821 997 
3 7962 4380 5706 
3 7381 1303 7060 
3 5534 6027 804 
3 2503 2701 6452 
3 3794 3403 9635 
3 339 2130 8358 
3 256 9740 6787 
3 9614 8062 3114 
3 8397 7822 2563 
3 1906 4792 2238 
3 118 607 3976 
3 952 5268 6283 
3 38 4806 3813 
3 5330 4912 9133 
3 5103 6819 2504 
3 4872 9580 8984 
3 7083 7128 8568 
3 9068 5585 7219 
3 6312 6563 2695 
3 3112 5508 6747 
3 2658 4665 9600 
3 4522 3386 1438 
3 6661 8109 6123 
3 6269 1690 8141 
3 6550 1678 3071 
3 807 1942 1286 
3 3338 4697 3995 
3 4284 1927 949 
3 8513 897 7832 
3 8050 6068 2775 
3 1663 9529 5478 
3 1717 1256 8182 
3 6736 3325 5321 
3 8795 3920 4176 
3 5126 1513 3275 
3 3744 1931 4871 
3 6634 4762 4586 
3 1882 9144 4828 
3 360 2611 9152 
3 5779 7227 4179 
3 844 4326 1366 
3 5250 497 8631 
3 6805 8423 513 
3 1072 7297 5721 
3 6676 7489 8193 
3 7805 9198 792 
3 4 5893 4766 
3 9734 5000 3136 
3 5157 1548 3273 
3 515 9959 221 
3 2908 2562 2679 
3 8626 653 5699 
3 8677 2192 2132 
3 6671 6075 4202 
3 4381 3971 4212 
3 5053 4770 6577 
3 4322 1533 7843 
3 8529 4216 569 
3 1467 7695 7046 
3 4649 3563 8432 
3 9830 2419 4894 
3 5457 6878 6431 
3 4634 8959 126 
3 4722 3482 8887 
3 7910 6638 699 
3 3103 6463 9434 
3 5902 9703 8461 
3 8028 7215 6256 
3 2088 3922 1538 
3 1062 1392 1307 
3 3212 6308 9420 
3 6360 2106 8566 
3 8647 9103 2877 
3 5543 8356 3867 
3 2870 4145 1428 
3 5325 8558 2408 
3 528 4316 3128 
3 4511 5097 2146 
3 5377 1556 6176 
3 7166 174 207 
3 1300 3326 5639 
3 8680 5492 8118 
3 4466 8238 3499 
3 9386 6776 5197 
3 5626 1988 223 
3 5701 6629 4340 
3 8615 3493 8402 
3 2201 5204 2711 
3 7202 4909 743 
3 1269 9654 1751 
3 9977 6815 1562 
3 5915 2691 4191 
3 2987 6677 721 
3 5379 2266 8004 
3 5490 2256 3778 
3 6088 2542 1326 
3 2234 397 0 
3 1741 1316 6697 
3 8451 3436 8753 
3 6002 3816 4489 
3 7080 2465 4551 
3 9322 8411 5252 
3 3761 9354 963 
3 3413 5308 1098 
3 5127 2603 4688 
3 6438 8752 7391 
3 2703 6575 6430 
3 6936 9191 473 
3 3970 9713 6351 
3 5005 5381 5940 
3 1364 1599 9273 
3 2311 376 4636 
3 8918 1568 901 
3 5563 3394 9034 
3 9914 5874 7010 
3 5393 6455 3929 
3 1066 8941 5257 
3 2939 6006 1120 
3 3862 6404 1820 
3 1247 9403 2998 
3 8888 2158 9083 
3 5740 7485 8389 
3 439 7341 4152 
3 880 3074 4579 
3 6284 7431 1511 
3 6706 2694 9505 
3 4632 6307 7799 
3 9913 6078 7210 
3 2544 9209 7574 
3 9089 1830 2070 
3 8125 7852 8499 
3 7441 1360 9875 
3 9689 421 3406 
3 3307 3377 8399 
3 641 4337 284 
3 5745 7137 6024 
3 976 8003 4048 
3 2976 1703 189 
3 4035 2298 7462 
3 9372 2975 6919 
3 8190 3134 9549 
3 512 1752 7787 
3 838 5139 4795 
3 6061 6571 4753 
3 8536 4998 5975 
3 8520 162 1650 
3 280 4726 2555 
3 8876 8009 4465 
3 8233 4227 526 
3 9888 4495 5437 
3 9672 877 5855 
3 6298 7249 8199 
3 8726 568 8424 
3 303 8747 7076 
3 4599 1868 3343 
3 9663 951 2363 
3 3769 6857 6526 
3 4300 7175 687 
3 597 1253 7824 
3 9272 4867 7487 
3 1521 7037 6097 
3 1383 9649 5715 
3 7864 4311 5047 
3 9693 1015 1490 
3 4681 2189 813 
3 741 9956 6105 
3 8242 2116 4799 
3 7708 2751 6938 
3 9264 1357 6383 
3 3139 1359 7274 
3 9046 643 2902 
3 5859 8072 7704 
3 2814 2826 5001 
3 5221 9496 9928 
3 8963 43 2756 
3 4107 197 8581 
3 8905 8657 3912 
3 6862 6340 450 
3 787 7920 3356 
3 7195 333 1890 
3 1426 3844 132 
3 9157 6533 2319 
3 6233 5216 7088 
3 3550 3378 9410 
3 9360 3412 1278 
3 8851 4032 5471 
3 6294 8516 6953 
3 7231 6790 3262 
3 7813 4520 9081 
3 4473 7767 2911 
3 8976 1212 2992 
3 4986 8337 1552 
3 8057 4462 7842 
3 6217 7367 1289 
3 3556 4706 5227 
3 9411 1803 5142 
3 8805 6547 6402 
3 6302 5096 111 
3 7366 2374 9627 
3 4187 6293 5598 
3 6129 9149 7758 
3 2079 5301 610 
3 1899 7284 3124 
3 7586 9228 1666 
3 9143 9611 6453 
3 9701 9406 9879 
3 7321 1073 3901 
3 3090 6980 4609 
3 2916 8373 846 
3 5794 1148 1591 
3 7739 7689 1445 
3 6389 9574 7475 
3 9682 6154 1374 
3 4793 4719 6451 
3 5154 1437 8318 
3 4397 258 8018 
3 459 3875 9987 
3 2820 2644 691 
3 2249 2549 8135 
3 627 6841 9141 
3 3567 4593 9248 
3 7228 1897 642 
3 2385 9641 1439 
3 2972 8746 4123 
3 4039 3779 7670 
3 8688 1318 6353 
3 6554 2397 5149 
3 5834 6278 5687 
3 6201 729 2941 
3 3611 9940 7826 
3 8725 8131 1466 
3 7862 6208 1877 
3 7631 3889 3949 
3 2660 8394 9438 
3 1044 6596 5045 
3 4114 8311 4139 
3 6414 8521 8453 
3 2120 7428 6653 
3 1241 1186 3452 
3 5974 4418 6057 
3 8640 5071 6314 
3 2763 8596 3679 
3 8608 5722 1589 
3 8813 9334 5838 
3 99 3909 1373 
3 4110 9667 8063 
3 1640 8227 3319 
3 3776 7378 1964 
3 7433 5289 1834 
3 110 8379 4001 
3 1150 1026 60 
3 8338 3070 8588 
3 4375 8553 1977 
3 8595 592 3450 
3 8524 6094 2517 
3 3312 9409 232 
3 772 5562 2463 
3 8092 2601 1306 
3 2395 6424 6048 
3 5795 8962 5438 
3 6374 8506 3418 
3 4448 7737 6681 
3 6325 9702 72 
3 2299 399 1059 
3 4824 4549 9206 
3 8470 7299 8172 
3 6608 247 1776 
3 4862 9275 2920 
3 7509 6296 7808 
3 2056 6488 6046 
3 8687 9789 7162 
3 678 9339 5233 
3 3174 123 4886 
3 2114 4674 9548 
3 384 7373 5741 
3 2642 2 5559 
3 7023 1826 4637 
3 3988 6749 5488 
3 6411 2621 7753 
3 4325 1794 7486 
3 5785 3475 6168 
3 4237 9636 1976 
3 8259 2071 7304 
3 7338 6703 9053 
3 1122 1196 5191 
3 5048 5586 8550 
3 1093 2293 8507 
3 6607 4703 7123 
3 883 2134 4264 
3 647 1785 701 
4 8956 6843 9408 1922 
4 3657 9271 9368 4963 
4 7608 9425 7552 5060 
4 5165 2618 6323 4156 
4 1623 3572 9059 3773 
4 611 7102 451 2254 
4 3051 9065 8420 1787 
4 8690 1782 4564 4516 
4 1274 1632 4565 8921 
4 2035 8734 3560 8200 
4 2599 8833 7802 2727 
4 5611 2606 3975 2633 
4 3940 4874 1881 2510 
4 6712 5863 53 169 
4 5622 5573 7578 101 
4 6535 3173 728 4589 
4 6903 4819 1405 3318 
4 3089 7743 3150 1109 
4 1092 2343 3303 2288 
4 3585 4683 6274 2686 
4 2719 7851 4647 2955 
4 8971 9835 7153 394 
4 4971 4620 5309 4488 
4 7253 8636 1917 6194 
4 4899 2812 9088 5087 
4 47 5075 7994 2005 
4 5123 7323 6462 3241 
4 2472 3238 5041 498 
4 8585 201 9644 9187 
4 9907 6997 1203 4344 
4 6944 7359 4884 5023 
4 6232 1416 178 1694 
4 8949 9873 9563 5291 
4 1935 7939 2084 9169 
4 140 3760 5555 7220 
4 5958 9723 2155 4464 
4 6207 5018 9289 7841 
4 1870 2865 797 7382 
4 8933 605 8406 8065 
4 4622 1108 9080 191 
4 750 5092 686 4537 
4 6738 2578 7934 2833 
4 4949 5906 4348 6356 
4 6416 9799 4658 8668 
4 8465 2598 7917 4141 
4 2675 6053 3518 6490 
4 2482 7364 2122 7326 
4 2450 586 1068 3235 
4 4455 8828 3038 9711 
4 7070 3893 5473 7589 
4 2195 7869 5117 7335 
4 9643 5961 9829 1060 
4 865 9125 1527 8 
4 9466 314 9100 5310 
4 216 8121 4374 6675 
4 4287 5065 985 8078 
4 8483 7395 9876 6715 
4 4096 4891 7532 3935 
4 3350 6186 6810 5636 
4 5776 9961 2274 6659 
4 82 689 2786 7288 
4 6560 1587 8066 3349 
4 9839 546 3874 8357 
4 6481 3596 2895 2964 
4 8177 6055 27 9625 
4 8758 8917 843 3958 
4 9493 9949 6228 4484 
4 7778 1992 2893 2977 
4 4247 7664 5081 4852 
4 4920 6807 9026 4543 
4 8305 1573 8116 6347 
4 7376 343 713 4138 
4 9553 9814 1459 5928 
4 8859 3052 6654 2289 
4 7961 8957 1869 3098 
4 3818 5344 999 1160 
4 5472 7536 2083 5405 
4 1912 2961 7402 8478 
4 2464 7173 3360 6619 
4 2181 9629 7761 2884 
4 5468 1712 2247 5406 
4 6618 2806 6315 8387 
4 4518 2683 8471 8113 
4 2894 5554 5502 113 
4 3393 7161 5682 6073 
4 134 667 859 7990 
4 3918 6421 9628 9056 
4 8039 6705 2663 1781 
4 8765 2443 8257 6107 
4 4071 3231 7039 1536 
4 7026 3570 6716 4738 
4 8071 2090 351 6851 
4 4525 7714 8974 7322 
4 3686 7948 7197 8469 
4 5907 9541 8052 5659 
4 7807 3758 5009 9692 
4 2656 7072 6793 889 
4 884 2235 6381 7265 
4 8225 8638 947 8021 
4 3056 5917 1879 2971 
4 9954 6259 7956 5489 
4 2983 5549 5452 6688 
4 3216 8487 1972 4769 
4 4382 2779 6959 1183 
4 6724 1874 3548 3374 
4 1258 9941 137 3714 
4 8458 409 4961 2747 
4 755 8196 1082 4581 
4 3341 5877 7549 1339 
4 4547 5997 8033 2579 
4 181 4268 7144 415 
4 7256 5762 3646 1733 
4 3676 5228 2312 3384 
4 8855 2112 7386 2543 
4 8667 740 4235 1981 
4 2677 3506 7998 9988 
4 4185 1154 5237 7021 
4 2058 5195 4557 5162 
4 3539 2029 7438 8642 
4 4240 2953 8322 2647 
4 5114 5805 1945 9267 
4 8027 1080 5144 7350 
4 6658 2129 5229 2422 
4 6086 7760 6160 4133 
4 5391 9696 3504 919 
4 4079 7122 1435 3260 
4 4084 4042 7160 4366 
4 3491 6772 3196 7481 
4 4641 2596 5338 2585 
4 5602 7250 3480 2690 
4 6576 6679 85 5013 
4 3335 8717 6041 2493 
4 4857 7657 7357 2324 
4 5177 4989 9565 5941 
4 7645 9196 1158 4616 
4 466 727 4218 6542 
4 1558 1100 3311 4646 
4 7053 2918 2294 2091 
4 2871 9210 1297 1503 
4 2359 9332 9868 371 
4 3487 4288 3086 4377 
4 6917 5183 5830 5010 
4 7907 524 2424 5576 
4 9573 4214 1673 9748 
4 3353 2739 208 6603 
4 1309 9132 8590 6863 
4 585 57 8630 151 
4 7293 9503 6767 872 
4 7834 8024 8821 8620 
4 9909 1889 8527 1669 
4 2479 6282 4169 1480 
4 4970 5185 4964 8940 
4 2757 5349 4363 3551 
4 1235 4940 554 4144 
4 7125 5547 8899 9362 
4 3295 3593 4168 5782 
4 8751 1043 8161 8815 
4 264 2236 3293 6171 
4 6373 4533 1795 6370 
4 1593 6065 468 836 
4 1008 6894 2411 6559 
4 6856 6761 3259 2327 
4 7523 1168 3688 6940 
4 5360 3841 1401 9076 
4 7329 196 4253 2032 
4 4203 5189 9718 972 
4 2335 4574 8030 2367 
4 7513 3039 7619 3670 
4 9498 8273 6136 7105 
4 3175 3835 9519 6432 
4 7833 1469 9231 5465 
4 5423 7858 6394 1166 
4 8082 1260 7790 3598 
4 114 508 8014 9131 
4 5620 2589 4261 2702 
4 8255 2607 8480 8675 
4 9316 8194 163 860 
4 9538 6908 1967 5266 
4 6277 4798 6387 6799 
4 6837 6612 3115 2226 
4 6558 5109 9469 252 
4 7610 3102 6080 5024 
4 6443 3372 9793 2019 
4 1535 8944 9551 1594 
4 5831 3205 2304 3209 
4 3690 5361 2485 313 
4 1810 4676 239 357 
4 9906 9617 4098 9782 
4 6364 6583 1329 2912 
4 7735 711 5895 4474 
4 8189 4410 2378 8091 
4 4129 2597 6541 2457 
4 5750 3006 7103 7073 
4 7273 8381 4727 1387 
4 8661 9776 4306 1447 
4 9407 2403 9942 5748 
4 6043 5469 6177 150 
4 1604 5993 9744 4623 
4 915 2495 1995 7725 
4 4772 665 1898 1099 
4 5032 3830 5050 7575 
4 9495 2371 1153 2641 
4 1667 2207 7887 4033 
4 3851 2446 1218 8660 
4 4570 3383 978 8321 
4 3455 4399 6395 5956 
4 5474 3772 2676 54 
4 1167 484 2434 5579 
4 6839 4932 2951 9900 
4 898 3007 2287 9298 
4 3795 6622 4017 5397 
4 9872 2379 1578 4843 
4 2795 1840 8519 9648 
4 7895 2082 4548 5597 
4 122 6009 7545 4058 
4 2669 4866 2804 847 
4 6760 4839 4736 7355 
4 8221 2118 3229 5044 
4 5738 4691 7616 571 
4 8220 3568 8906 3825 
4 4759 6868 2896 6445 
4 7730 7605 5364 8388 
4 5387 1347 9626 8105 
4 4038 7241 5140 5373 
4 1695 8704 6527 6110 
4 8360 5447 1811 1950 
4 287 3803 7056 835 
4 2860 42 9107 1145 
4 2821 5033 3809 3010 
4 2748 1620 9609 4756 
4 3771 2567 250 9138 
4 1336 857 159 458 
4 263 3300 9891 2722 
4 84 7380 9184 3821 
4 6835 242 957 4293 
4 3081 4680 1328 1032 
4 7881 3607 3594 8614 
4 2513 9255 4421 9392 
4 4645 7403 8409 9989 
4 2399 3531 4587 168 
4 1756 3424 7801 8275 
4 3230 2109 4598 5225 
4 6268 9522 4590 7525 
4 6081 5214 1436 2487 
4 7307 373 11 9902 
4 388 3020 6408 7244 
4 5231 8459 6390 62 
4 2015 2160 467 131 
4 2521 8641 3783 1921 
4 9540 1198 1765 4027 
4 5043 5587 8043 9650 
4 6423 8156 2924 6197 
4 8836 9633 8026 8556 
4 7568 2966 3696 2104 
4 6762 6597 6446 3522 
4 4954 7305 2105 4324 
4 6428 4844 1233 6 
4 489 2277 9422 270 
4 756 9265 4031 6137 
4 4945 4864 8344 3523 
4 887 4015 153 8442 
4 3162 8070 5879 3578 
4 3489 6288 6400 1732 
4 7639 6276 8234 1549 
4 5688 5852 6464 9344 
4 6709 2141 9651 7478 
4 7582 3694 3985 1406 
4 5454 3243 8756 3155 
4 4603 3002 9669 3288 
4 483 6742 8712 2010 
4 3067 3592 9274 92 
4 1105 9889 7883 7551 
4 953 4765 9560 7592 
4 9320 2808 8767 773 
4 3494 3808 9848 1786 
4 4307 100 7929 5011 
4 217 5517 1222 1728 
4 4255 5261 428 8563 
4 905 5419 3344 3543 
4 7291 5007 7499 1856 
4 6380 5631 6044 332 
4 1077 3191 9207 1842 
4 3873 523 5712 1202 
4 5390 9520 2572 8159 
4 2009 4163 2564 2798 
4 2680 6382 3928 6034 
4 4584 8912 4695 4075 
4 991 3612 6816 8952 
4 4880 2879 5743 9237 
4 9877 8501 2610 9087 
4 8714 2325 4030 3636 
4 5976 6771 69 9798 
4 2224 4329 4588 7069 
4 9864 2023 18 8197 
4 9047 2462 3996 2163 
4 594 2212 1829 7234 
4 452 8015 9836 1572 
4 2334 1030 8659 8169 
4 2900 2744 5660 8112 
4 2766 4735 6590 1668 
4 2571 4935 8842 5846 
4 2867 5813 3065 7306 
4 5052 8800 9933 8985 
4 1370 9217 3557 7246 
4 1729 8270 1618 6343 
4 1780 9655 3782 3526 
4 6639 2548 4347 1607 
4 5359 8616 4487 6838 
4 730 7617 4305 4669 
4 463 7163 7846 6592 
4 9086 4057 839 4922 
4 2044 2767 3113 4440 
4 615 4068 3566 8268 
4 8010 5818 7984 4672 
4 6824 7823 4997 3700 
4 7079 1763 2735 3317 
4 3558 2637 1586 3819 
4 12 9821 4414 7440 
4 1654 2499 7064 3268 
4 9486 9221 2142 1284 
4 6000 2761 7328 2526 
4 4648 616 1342 8425 
4 6036 5909 505 294 
4 16 6845 4682 8286 
4 2936 8891 6497 8763 
4 5947 2938 6854 1619 
4 8468 209 3419 6737 
4 9893 4475 3759 7904 
4 4469 3391 5369 5673 
4 5633 6354 9854 9073 
4 5415 9796 1595 4611 
4 3945 9807 9994 7171 
4 5840 9908 1903 6757 
4 1767 9822 9527 501 
4 7765 8648 2441 6245 
4 580 7508 6242 2228 
4 6565 6236 6366 8932 
4 1590 6886 4523 3213 
4 9489 856 4423 8926 
4 4944 2210 3857 5710 
4 9497 6670 3868 3745 
4 1807 5025 383 7702 
4 4787 2855 9764 3740 
4 2693 9981 8655 7559 
4 6855 7031 1179 7170 
4 3308 5481 8644 6829 
4 968 7700 492 5141 
4 6692 6969 4452 2387 
4 3100 1311 5933 9239 
4 1147 3085 2629 7518 
4 7853 9227 1485 2398 
4 4790 8968 2965 891 
4 9916 5174 4278 8068 
4 5892 7067 6337 9155 
4 5513 8572 9050 3427 
4 6578 7696 9329 1408 
4 1376 873 1960 186 
4 9717 907 3203 1588 
4 2423 9746 7208 147 
4 5593 974 4957 1132 
4 1088 4925 6895 6627 
4 8144 3852 9710 1798 
4 558 1791 3185 8531 
4 1692 7640 1413 1626 
4 4950 9176 8281 2491 
4 6531 2619 5026 7100 
4 763 4752 1888 4192 
4 7768 8048 7935 4415 
4 5935 759 2154 3048 
4 3597 3632 3587 6663 
4 3454 4638 7744 9797 
4 2001 2028 2196 7855 
4 5219 2453 4918 3423 
4 7188 1853 533 1206 
4 1612 904 8055 6213 
4 1580 503 1860 4984 
4 4136 6889 7613 6704 
4 8463 6491 4978 685 
4 7055 5288 2193 2827 
4 8840 509 5314 6916 
4 9765 6667 8796 3615 
4 912 5207 7937 8370 
4 7216 7400 1560 495 
4 7192 7360 5668 542 
4 6621 4592 557 1526 
4 3263 4463 6281 2191 
4 5068 3040 4578 9148 
4 4148 5475 9475 527 
4 2144 4213 9582 5964 
4 7803 3750 6206 4078 
4 2788 1346 7562 5988 
4 9777 9557 3299 271 
4 2999 6976 8586 7641 
4 2843 2034 3501 3220 
4 5014 9371 7740 9731 
4 8885 4702 5826 2364 
4 3698 6450 130 7748 
4 4967 5464 2069 7769 
4 7200 8554 1847 5969 
4 4501 4572 3766 370 
4 2025 2580 14 6963 
4 6735 9000 9306 4524 
4 3158 2753 9363 4815 
4 6777 4712 5432 7303 
4 9726 4285 3712 850 
4 7494 1768 3063 7180 
4 7281 9067 6420 9556 
4 900 6375 4090 7977 
4 779 934 9333 3573 
4 802 9044 9170 7008 
4 5625 8889 7779 1749 
4 7110 3887 7361 9028 
4 8279 7927 9295 3302 
4 5832 3581 2799 8475 
4 5929 1705 7963 7557 
4 3023 8776 1779 3104 
4 4724 7471 4602 7814 
4 5985 8316 7684 6906 
4 4373 4301 3097 3410 
4 1582 8037 5811 1400 
4 1892 6514 5911 9568 
4 5203 10 1261 5487 
4 8961 9464 798 8341 
4 9449 1361 4531 4720 
4 5462 5420 5129 4846 
4 7033 549 5241 8246 
4 9720 2355 936 6910 
4 7454 6426 2823 2171 
4 8612 469 1110 7897 
4 2096 5102 646 187 
4 7784 1237 6582 9018 
4 2790 3456 7133 2043 
4 6662 1007 8119 2323 
4 4028 5222 560 7960 
4 2587 2533 1240 6111 
4 8247 8582 4277 3389 
4 9670 768 3831 841 
4 2643 816 6084 4631 
4 1268 4479 3363 6092 
4 68 7688 732 8496 
4 4982 7701 2231 1214 
4 7145 4635 7828 9114 
4 4615 246 5190 6157 
4 5578 2258 613 1213 
4 4840 4927 8278 8573 
4 6405 5522 56 1453 
4 9550 6487 8787 4576 
4 9926 8087 6725 8740 
4 1149 320 1085 6090 
4 9727 840 7847 2245 
4 890 9871 9852 7633 
4 3370 6581 6304 2220 
4 2582 3954 3148 7503 
4 2338 2774 3658 4122 
4 7646 9479 6913 6212 
4 8452 3931 5810 2107 
4 7517 500 8493 15 
4 4045 1720 4442 1999 
4 7455 5723 4905 4509 
4 758 3528 5623 4470 
4 6299 4228 5428 5167 
4 3879 2574 1775 4371 
4 7120 7504 2033 6427 
4 4020 2913 3399 7363 
4 2320 4605 6673 9755 
4 4364 9212 9866 8149 
4 3582 8076 5066 7389 
4 3000 1174 4174 3941 
4 5155 1169 3984 81 
4 4132 8838 2909 7416 
4 5448 1231 845 3094 
4 1491 6532 4355 7924 
4 6241 714 8605 3569 
4 8283 674 8069 6119 
4 3661 7422 2651 8153 
4 427 1151 5957 3420 
4 7587 7866 6275 3204 
4 6311 9552 4817 938 
4 5255 7413 789 4881 
4 7831 3118 1302 5564 
4 1194 8523 6456 1761 
4 3978 5921 282 418 
4 1385 882 1055 1777 
4 9006 7783 5246 2488 
4 3917 1121 2101 4429 
4 5148 2396 8850 157 
4 4962 8146 9844 9251 
4 3143 4088 9915 1596 
4 4065 4159 1441 9313 
4 3620 3121 8584 9615 
4 3199 1519 8623 1862 
4 875 1189 6914 3613 
4 4530 5679 9619 1757 
4 7854 8164 6871 2459 
4 7424 3997 3156 9442 
4 8589 8265 2592 4729 
4 6436 8557 1061 5652 
4 8999 5792 522 9285 
4 7958 1430 9245 7178 
4 6598 7656 7426 1075 
4 3059 7683 6345 9767 
4 962 9516 5550 9112 
4 6897 7644 6369 244 
4 1567 4914 8844 420 
4 4693 6077 225 7049 
4 9851 8826 6719 9806 
4 8757 475 2546 7423 
4 2003 1792 1504 6566 
4 3734 3627 3846 8783 
4 8681 5552 145 6923 
4 8565 935 353 9870 
4 1358 7275 1962 7415 
4 7157 7406 888 8293 
4 75 1937 7450 3542 
4 9417 7665 8059 8948 
4 5282 1806 2836 3707 
4 7928 2409 9095 6132 
4 5520 2725 855 7196 
4 3397 754 9300 2072 
4 5630 1653 4893 831 
4 4733 6714 8898 8049 
4 5583 955 8686 6096 
4 5125 3512 658 7770 
4 8943 1850 1170 424 
4 7546 4164 6682 4837 
4 4085 367 8994 248 
4 1220 5187 1634 4149 
4 5747 5460 7259 179 
4 1894 4252 6138 5439 
4 2147 3601 3496 2432 
4 9005 8897 9459 3012 
4 4659 7091 9241 4189 
4 4106 8114 2145 375 
4 9014 2809 8378 1264 
4 3535 4667 4054 3461 
4 6388 2934 2179 7041 
4 3154 9997 640 800 
4 4330 6231 5433 7356 
4 4454 5093 9842 7095 
4 5685 5443 188 7419 
4 2928 3107 6010 9106 
4 3757 3198 7369 602 
4 9252 5300 4076 6958 
4 7773 5684 454 4170 
4 1849 4550 7229 8713 
4 2932 7588 9787 1788 
4 7757 5582 6501 3157 
4 791 3328 753 6303 
4 2267 6473 8437 8807 
4 6087 2547 5022 3820 
4 6974 8791 579 8502 
4 3027 7720 7774 4849 
4 5074 6039 255 9583 
4 9810 9199 2067 2370 
4 3164 8793 5584 3950 
4 7794 4294 2862 5724 
4 3715 9146 3188 7804 
4 5799 8569 9923 78 
4 2261 7266 9270 4116 
4 1199 4690 6883 2778 
4 7653 488 3913 8332 
4 5736 4016 5445 8326 
4 7058 4666 4610 9509 
4 9369 8820 6822 4223 
4 3438 9467 5705 8235 
4 3735 9208 5417 4458 
4 924 4226 4047 982 
4 487 5570 2732 3435 
4 8241 5192 8162 1736 
4 8672 4526 6998 1210 
4 7811 4952 8110 1944 
4 5479 206 3417 8718 
4 535 8720 4262 2353 
4 3466 6977 7755 6148 
4 548 4354 2667 7077 
4 8782 5841 9145 6780 
4 8002 7185 7540 2115 
4 5152 8627 3624 712 
4 7909 7311 6188 943 
4 13 6773 7501 6056 
4 7129 896 7130 4441 
4 5080 1716 8809 8683 
4 8217 6266 9694 1497 
4 1172 9507 4074 2851 
4 3796 9359 8256 4320 
221239894