1628
2 6684 4557 
2 1605 1628 
2 1709 6581 
2 2818 6726 
2 4911 9109 
2 9354 3754 
2 6794 748 
2 3123 7598 
2 7024 6494 
2 1734 7908 
2 7460 6447 
2 4789 3748 
2 1622 6522 
2 7715 1570 
2 3552 2638 
2 3420 6100 
2 2705 6760 
2 7719 2406 
2 9029 8759 
2 6560 2586 
2 1407 6213 
2 7398 705 
2 9541 1704 
2 7189 6291 
2 423 1489 
2 8595 4031 
2 2057 8598 
2 5888 7941 
2 1025 858 
2 7164 875 
2 946 779 
2 2087 1461 
2 9533 7456 
2 5026 5265 
2 9052 3277 
2 5714 740 
2 4485 8346 
2 8532 3984 
2 3289 9017 
2 1971 8354 
2 8678 5754 
2 6834 2474 
2 9044 6303 
2 9510 6869 
2 5764 7532 
2 692 321 
2 5207 787 
2 6265 1309 
2 7776 9753 
2 1860 3820 
2 9581 6576 
2 936 1426 
2 6634 6021 
2 1071 5400 
2 400 4330 
2 9308 157 
2 121 4750 
2 1510 3868 
2 1579 4159 
2 7273 9131 
2 3021 8172 
2 9606 6925 
2 908 3535 
2 1521 4428 
2 9609 9687 
2 7967 7519 
2 9039 6687 
2 3400 2914 
2 169 8369 
2 3294 6662 
2 6982 2603 
2 6379 5782 
2 7963 6823 
2 1101 3271 
2 9566 2837 
2 4061 7045 
2 7371 2329 
2 5504 5403 
2 5503 4878 
2 4361 4156 
2 436 5374 
2 5132 2145 
2 4298 9870 
2 2167 3718 
2 3097 443 
2 7801 4422 
2 2030 8338 
2 8731 8845 
2 1741 3964 
2 8847 9851 
2 2884 4795 
2 9181 7794 
2 7814 7873 
2 6145 4713 
2 111 6763 
2 5651 7470 
2 963 4739 
2 9577 5746 
2 7340 5119 
2 8219 9503 
2 2736 7258 
2 8025 2876 
2 2225 8747 
2 1756 6539 
2 2023 1878 
2 9286 239 
2 8296 4965 
2 1027 9593 
2 9073 7491 
2 7602 6458 
2 3949 8484 
2 6334 4441 
2 5317 686 
2 816 2264 
2 3431 7049 
2 9437 6557 
2 3373 7747 
2 9537 1750 
2 4383 291 
2 6261 7001 
2 906 6916 
2 1391 6382 
2 5906 7696 
2 9958 5984 
2 559 1166 
2 8701 6243 
2 5361 5171 
2 5155 7186 
2 4059 5457 
2 3087 1585 
2 6999 2500 
2 428 9807 
2 4447 2553 
2 1085 943 
2 4072 6033 
2 9750 6402 
2 1749 1438 
2 9385 5380 
2 5755 2796 
2 4208 2255 
2 3623 8608 
2 4769 6093 
2 8184 2910 
2 9671 3501 
2 1858 2645 
2 4993 9059 
2 7779 4644 
2 3504 5215 
2 8222 3015 
2 7761 5214 
2 310 4189 
2 4203 6796 
2 1751 5492 
2 322 814 
2 1446 1117 
2 7728 8077 
2 3596 6450 
2 4380 2687 
2 2356 9284 
2 3 2711 
2 6208 8811 
2 4613 9269 
2 8684 377 
2 2445 4956 
2 3974 633 
2 1847 9304 
2 3649 4681 
2 2438 95 
2 9279 3035 
2 1548 2066 
2 8470 4411 
2 5252 9415 
2 347 1862 
2 2204 8029 
2 2632 3055 
2 4397 3888 
2 2360 2153 
2 4611 991 
2 3366 7653 
2 5707 5515 
2 153 6989 
2 2319 4180 
2 4545 9276 
2 6545 7169 
2 418 5023 
2 7798 8665 
2 8236 218 
2 3369 3920 
2 5075 8567 
2 5007 5937 
2 2211 9562 
2 6900 9445 
2 9294 5875 
2 3176 5845 
2 5601 8028 
2 5716 3849 
2 3215 9913 
2 7867 6257 
2 3441 1250 
2 8756 717 
2 6648 3555 
2 6603 6880 
2 7051 6913 
2 2435 7315 
2 5913 1160 
2 2451 8563 
2 5435 9861 
2 1725 6356 
2 3977 9288 
2 8634 1761 
2 4775 2894 
2 3956 3528 
2 3705 9895 
2 1228 1965 
2 9401 2095 
2 6293 2543 
2 1464 5824 
2 4122 5930 
2 7433 5573 
2 8418 5144 
2 5693 5099 
2 4049 6627 
2 8123 1850 
2 8179 1324 
2 2433 6991 
2 3312 8266 
2 1979 4561 
2 8858 7392 
2 7898 2559 
2 7589 2670 
2 3618 357 
2 348 3541 
2 6752 2881 
2 553 5733 
2 7986 1812 
2 644 9839 
2 384 9647 
2 7170 2893 
2 8547 8738 
2 5907 8388 
2 2807 3897 
2 7346 6475 
2 7691 3570 
2 7220 1429 
2 2951 4842 
2 2380 6247 
2 1637 2172 
2 6624 8384 
2 3317 8230 
2 2953 9327 
2 4398 3790 
2 1290 1874 
2 8609 2458 
2 8421 8948 
2 4196 9090 
2 1412 4535 
2 9418 7047 
2 6691 4648 
2 137 5683 
2 7632 2475 
2 2182 3345 
2 4153 4075 
2 7725 5971 
2 972 9765 
2 9228 4301 
2 3601 7579 
2 5941 8590 
2 3632 4341 
2 873 444 
2 2684 8592 
2 4937 6928 
2 9331 26 
2 4253 957 
2 765 1141 
2 9773 8619 
2 7303 9701 
2 2417 8127 
2 9307 5475 
2 4730 4080 
2 8999 8391 
2 3274 9061 
2 4338 1786 
2 1486 8522 
2 1668 5874 
2 9351 8248 
2 8464 5911 
2 2548 458 
2 574 9062 
2 7904 1611 
2 2654 3037 
2 7630 902 
2 9628 7062 
2 5752 1748 
2 3108 6647 
2 2399 4108 
2 3220 3071 
2 7778 4019 
2 4800 1986 
2 6640 9787 
2 7952 9854 
2 5359 909 
2 9254 1280 
2 5506 2829 
2 2504 2664 
2 4211 1827 
2 7816 5532 
2 7138 7424 
2 6993 4161 
2 4490 4247 
2 4518 278 
2 820 4092 
2 1172 6301 
2 3577 9310 
2 9520 6688 
2 6166 5428 
2 8142 3853 
2 478 8309 
2 9072 8092 
2 9233 2149 
2 3985 1147 
2 9953 8679 
2 4343 8278 
2 4612 9508 
2 2551 1440 
2 2954 6307 
2 9966 880 
2 3600 4300 
2 8557 5543 
2 2885 7982 
2 4883 307 
2 2168 3038 
2 7451 2533 
2 8019 1478 
2 9769 224 
2 4703 9170 
2 9636 6353 
2 7853 1610 
2 7063 2771 
2 8513 9218 
2 507 6277 
2 1186 4609 
2 4540 86 
2 725 641 
2 3449 9361 
2 5239 9954 
2 2215 2068 
2 3048 4736 
2 4698 6236 
2 3960 8869 
2 1667 9877 
2 9595 6482 
2 2021 3708 
2 2668 9487 
2 9256 2858 
2 4335 7091 
2 9498 9230 
2 7278 5042 
2 7142 5188 
2 2547 9652 
2 128 8944 
2 6681 4376 
2 7637 8693 
2 8264 9305 
2 9428 8198 
2 4425 7018 
2 954 4746 
2 9248 9871 
2 9744 6772 
2 8283 2600 
2 1165 4623 
2 4347 5384 
2 9952 7495 
2 8465 8696 
2 8251 1471 
2 5338 5432 
2 4463 2247 
2 781 3933 
2 7596 4130 
2 8151 2866 
2 1394 1629 
2 5932 2832 
2 959 7087 
2 2197 6969 
2 7687 2587 
2 9911 5940 
2 450 6702 
2 9817 795 
2 5870 6593 
2 5893 9485 
2 5473 6744 
2 2820 8529 
2 9484 3889 
2 9635 1175 
2 9146 2434 
2 7058 8525 
2 6704 8668 
2 9049 2018 
2 3832 8828 
2 8700 330 
2 2242 6484 
2 650 1983 
2 4367 8359 
2 7658 4489 
2 6134 3171 
2 7738 3476 
2 9785 2930 
2 2464 210 
2 5566 658 
2 4781 9421 
2 4938 3589 
2 6025 3881 
2 6035 4619 
2 3112 1855 
2 5559 5173 
2 4326 416 
2 6269 2232 
2 2712 7646 
2 8200 7446 
2 6470 149 
2 7292 9969 
2 2177 7282 
2 4331 5479 
2 3052 5516 
2 5750 7200 
2 47 6267 
2 2357 2457 
2 8897 6612 
2 2246 3002 
2 2716 3773 
2 6112 6330 
2 9291 1625 
2 6287 584 
2 4317 7668 
2 7367 20 
2 5812 2629 
2 9451 5263 
2 5180 8867 
2 9892 2934 
2 305 5330 
2 7492 2517 
2 3930 5494 
2 5815 285 
2 9490 4431 
2 6591 1289 
2 2667 9974 
2 7082 9191 
2 556 8437 
2 1615 1474 
2 3731 1640 
2 6160 5142 
2 9716 7923 
2 1972 3939 
2 586 6483 
2 7912 1652 
2 163 7621 
2 7195 8343 
2 5487 129 
2 8307 5517 
2 9388 2016 
2 8924 3785 
2 2372 8904 
2 5343 2187 
2 776 7136 
2 9598 3654 
2 5408 2976 
2 7796 5040 
2 2937 3932 
2 1031 872 
2 3159 2514 
2 5684 1633 
2 4559 17 
2 7742 5211 
2 9961 8596 
2 8466 4979 
2 7157 7234 
2 7563 6226 
2 8400 1693 
2 5293 6549 
2 1923 905 
2 718 1427 
2 760 6354 
2 595 1199 
2 7686 2591 
2 6403 7296 
2 7419 7489 
2 4286 7002 
2 9364 5925 
2 2892 4834 
2 5062 4873 
2 3663 5459 
2 2437 9706 
2 6970 3121 
2 7437 3902 
2 5060 6831 
2 4218 9924 
2 3335 6463 
2 206 3212 
2 4564 4135 
2 2150 3040 
2 9427 6810 
2 2189 6073 
2 631 5630 
2 3815 4039 
2 8692 5465 
3 6363 6730 3444 
3 774 7527 1509 
3 1063 4754 516 
3 6780 2942 9283 
3 928 5068 4712 
3 3136 9119 2455 
3 7383 1037 7336 
3 6514 512 604 
3 3826 2359 9670 
3 3105 6138 1883 
3 1197 3817 3518 
3 1664 4195 3972 
3 60 1174 6952 
3 8316 789 6189 
3 1134 2583 1968 
3 1204 2384 1238 
3 9982 9847 5763 
3 7811 8749 9292 
3 2558 7753 7681 
3 6775 1108 3869 
3 4308 3805 7660 
3 1317 7249 4707 
3 7222 2154 4581 
3 8906 1456 4029 
3 5664 9225 3172 
3 6061 4432 2038 
3 1126 5998 7042 
3 1413 8341 191 
3 4248 2730 8488 
3 6566 4436 5641 
3 3044 6904 8558 
3 3659 8829 3205 
3 8677 5389 5658 
3 3711 289 5618 
3 8774 6698 3566 
3 2986 2004 9927 
3 8021 3384 7710 
3 7423 7810 2649 
3 9814 5377 6813 
3 8575 6368 8389 
3 5257 7135 7661 
3 8250 325 4772 
3 5205 981 2496 
3 6304 6729 2002 
3 9158 9729 6241 
3 7777 1458 4230 
3 939 1932 6965 
3 7504 1701 5383 
3 3638 5780 3211 
3 3627 1562 1518 
3 736 2029 2274 
3 1534 7552 3078 
3 6776 8548 6526 
3 5107 1308 7672 
3 4811 9231 9245 
3 3117 3556 4336 
3 9224 2518 2244 
3 6980 2141 6554 
3 8775 7068 9258 
3 3781 5580 5611 
3 1882 5053 1544 
3 2738 4598 8206 
3 7410 5728 2987 
3 6623 7341 7084 
3 1650 594 3237 
3 9368 8452 1449 
3 971 7425 8926 
3 7356 4820 8284 
3 9217 996 2925 
3 3616 3871 4628 
3 2410 993 5161 
3 7946 6632 3701 
3 3382 4576 7335 
3 3568 9268 7223 
3 9650 301 3607 
3 1357 44 5499 
3 7935 7444 7562 
3 7835 3120 5669 
3 112 4445 8740 
3 130 9094 9375 
3 2107 624 9153 
3 522 5612 6239 
3 6165 1293 6918 
3 6449 7214 2142 
3 5868 6857 7959 
3 3025 7255 3386 
3 7712 2754 6683 
3 6748 756 6643 
3 982 7054 9066 
3 6774 3019 5900 
3 425 5508 9613 
3 181 6431 4107 
3 5643 1801 7627 
3 2498 4933 9240 
3 2084 2626 7823 
3 3576 6882 304 
3 4945 3573 1829 
3 3093 8097 5785 
3 8177 4054 1976 
3 391 6020 3180 
3 4912 1321 1310 
3 1726 6850 7198 
3 5326 1155 1492 
3 9758 2840 4608 
3 7590 1419 7243 
3 627 7612 4630 
3 3725 1191 232 
3 4275 6933 2454 
3 8497 1727 8277 
3 8169 340 8355 
3 2963 8290 9333 
3 3113 1132 6820 
3 8158 5118 790 
3 1718 9323 4735 
3 8323 828 9128 
3 3346 2401 2128 
3 6367 7609 8772 
3 8744 473 8729 
3 888 2385 4607 
3 5748 8649 680 
3 7775 1420 9692 
3 1296 3213 6216 
3 2753 382 3153 
3 7488 2071 5095 
3 8111 687 54 
3 2915 3348 3419 
3 8615 2175 189 
3 4246 4235 6614 
3 4151 5272 6527 
3 156 9549 1680 
3 1675 4141 3629 
3 695 8959 6787 
3 148 3819 7430 
3 6988 7530 4544 
3 2994 6017 5028 
3 2306 3842 5757 
3 5744 8039 8820 
3 410 3716 2720 
3 4493 9257 7279 
3 8334 6602 8259 
3 3979 5299 4815 
3 727 852 3676 
3 106 5089 4741 
3 9477 4071 6843 
3 6069 3611 596 
3 5336 7759 9178 
3 9929 5600 8103 
3 6841 2338 896 
3 2737 5153 4226 
3 8601 7770 6937 
3 6031 3293 9144 
3 7399 8562 7029 
3 3245 8566 4268 
3 4057 1115 5784 
3 9688 6940 9192 
3 4299 6439 7416 
3 8815 2845 2917 
3 7578 2904 5249 
3 1214 9384 8449 
3 3751 41 9602 
3 7727 6046 8209 
3 5955 5850 8065 
3 4366 5395 4266 
3 394 3812 656 
3 3719 834 7457 
3 3637 5109 2980 
3 4137 12 6001 
3 4030 4833 405 
3 767 7948 2337 
3 9358 2647 7874 
3 9470 2028 8094 
3 7970 4220 5645 
3 6051 4813 7720 
3 603 5291 2122 
3 628 768 750 
3 7854 6638 8883 
3 4047 6337 5273 
3 1392 6410 4584 
3 6945 7613 4 
3 9683 5986 7831 
3 5470 1124 869 
3 7655 5064 1484 
3 6179 1185 3150 
3 7271 8925 3803 
3 4063 5987 6359 
3 7348 5610 1354 
3 7101 1549 1951 
3 5382 4321 3969 
3 2656 5385 9917 
3 8914 1784 7088 
3 8490 3434 6221 
3 1399 3231 9465 
3 6529 5662 5553 
3 9419 1034 3390 
3 6339 2014 7551 
3 5373 8237 4285 
3 8435 7134 547 
3 6832 1093 1320 
3 9352 57 1395 
3 904 1608 4940 
3 3442 4433 4148 
3 4007 7999 4740 
3 1159 3578 8792 
3 3391 7314 2713 
3 333 1347 454 
3 8260 4792 2768 
3 8613 6761 5760 
3 9926 8242 5767 
3 9380 5121 4453 
3 72 1802 2853 
3 6193 8170 3922 
3 7023 5000 5710 
3 6926 7306 879 
3 9077 7413 6407 
3 100 3756 1550 
3 7889 5501 2502 
3 3375 1823 9860 
3 4550 6528 6249 
3 6960 1421 5655 
3 6953 4077 6577 
3 7244 2956 6994 
3 2260 3092 3686 
3 1226 2080 9362 
3 4635 9661 2031 
3 6297 7875 5839 
3 6245 5034 7323 
3 9664 9299 5232 
3 5936 251 475 
3 1987 4947 1107 
3 8436 2469 7709 
3 8133 5452 486 
3 7781 1792 2027 
3 5869 5010 9631 
3 1241 7127 7553 
3 6512 2669 6516 
3 684 6300 7133 
3 2091 3916 3234 
3 7617 4563 2288 
3 7485 5772 4751 
3 4297 8802 6309 
3 4709 2350 6862 
3 5588 1880 4239 
3 9460 7076 7095 
3 5829 5197 7979 
3 1953 6663 5106 
3 3286 2935 5880 
3 6719 5003 728 
3 1221 4224 2501 
3 1975 1083 4202 
3 2813 8055 3673 
3 5362 3516 9185 
3 5281 6875 7027 
3 7483 4533 2174 
3 9616 4327 1538 
3 3513 8456 4580 
3 3510 6542 8318 
3 645 1491 871 
3 676 2250 337 
3 940 7011 5425 
3 1283 4251 8235 
3 1796 2965 700 
3 413 81 3099 
3 5414 6388 9780 
3 6182 2549 8736 
3 7236 9872 6674 
3 3894 9395 8786 
3 6041 5947 9561 
3 9089 2013 27 
3 3655 1201 2785 
3 7705 5328 1251 
3 4952 9211 1379 
3 8501 1267 38 
3 4274 3602 1557 
3 5058 1647 9887 
3 9946 5302 6488 
3 2428 8937 2463 
3 7546 2505 866 
3 5810 8868 1714 
3 6328 5901 6312 
3 1505 4442 4763 
3 2131 4959 7931 
3 7861 4351 7758 
3 3323 6839 5221 
3 3389 9914 1401 
3 8427 9377 5965 
3 7175 7894 2398 
3 7201 7699 4793 
3 7593 9909 5926 
3 4406 9332 2777 
3 3367 8982 5623 
3 2590 8191 1068 
3 7385 4982 2848 
3 7171 5789 2140 
3 6885 7943 842 
3 792 212 3635 
3 4259 7739 7906 
3 4027 1735 8753 
3 7276 9342 4771 
3 9912 2267 9722 
3 2718 8090 9053 
3 2560 8017 4680 
3 8243 271 8956 
3 9126 8430 4421 
3 4524 68 3572 
3 7187 9532 8942 
3 7922 4102 898 
3 626 1091 7680 
3 4205 7840 922 
3 3067 2693 6428 
3 4600 1463 9139 
3 3128 2361 1476 
3 8125 6817 2316 
3 4520 7060 8686 
3 6435 3307 5379 
3 6716 2275 6150 
3 9745 6397 5633 
3 3263 24 3032 
3 31 7209 2648 
3 9627 8641 826 
3 8042 9330 2271 
3 5779 3046 2443 
3 2901 160 5199 
3 8333 7843 1084 
3 4101 1722 5699 
3 7150 1169 8304 
3 4785 4094 5078 
3 4104 7266 1010 
3 9064 614 7212 
3 7828 4313 7328 
3 6452 9198 9736 
3 9122 1730 534 
3 7767 1231 1479 
3 6863 8710 3439 
3 6180 9313 4150 
3 9864 9246 7046 
3 5688 9168 267 
3 8281 6508 1217 
3 9035 6586 6805 
3 5289 8404 7232 
3 2827 8149 3816 
3 1369 1211 8440 
3 7453 9959 5964 
3 3962 3162 1450 
3 5706 7299 9399 
3 6756 3924 2180 
3 8666 8510 5166 
3 197 2291 133 
3 9571 1528 6228 
3 5892 2748 2936 
3 3843 3953 3508 
3 3760 5547 5282 
3 447 6224 2787 
3 8332 6335 4522 
3 1378 6369 7202 
3 6418 8612 4346 
3 8977 1465 9189 
3 1326 3475 1993 
3 6003 8745 965 
3 2783 180 6599 
3 2765 6485 7469 
3 1885 6809 99 
3 5636 8891 5528 
3 4900 4176 5704 
3 9234 7797 9386 
3 8135 190 7455 
3 402 259 3904 
3 8564 1658 7109 
3 5609 8099 1380 
3 1742 1907 7395 
3 8360 8060 3961 
3 1618 9350 591 
3 539 857 1260 
3 6027 74 4988 
3 5308 8706 3678 
3 73 7556 2326 
3 311 7477 5562 
3 2129 6619 1207 
3 5014 4595 8521 
3 3468 7577 4168 
3 7010 8407 2637 
3 9402 6284 6091 
3 9918 1323 802 
3 6007 2574 1992 
3 4650 2767 8850 
3 2233 1081 3051 
3 9369 3116 4407 
3 3310 4109 5370 
3 465 6070 6392 
3 4186 4908 8788 
3 2839 1527 616 
3 6423 1930 2691 
3 7652 1911 2330 
3 1494 9667 1595 
3 4936 1716 2676 
3 2304 1892 2196 
3 7105 3081 1602 
3 3062 6171 8593 
3 4465 8051 2048 
3 8262 2300 2209 
3 9986 4854 2789 
3 8203 9051 2355 
3 6432 3347 1113 
3 7277 8207 1069 
3 5505 3297 8255 
3 1490 4645 8233 
3 5777 4055 8979 
3 7293 262 3374 
3 9625 5518 9846 
3 3255 3050 9347 
3 6139 1409 8270 
3 9786 9556 1432 
3 5146 3813 3191 
3 1846 1962 8915 
3 1182 8349 1636 
3 798 9653 8504 
3 1307 523 6260 
3 7787 4857 9439 
3 4023 3178 4796 
3 1012 9697 5409 
3 3983 9761 2680 
3 5540 4605 6651 
3 4034 2781 2009 
3 8543 7463 1233 
3 5266 8134 4699 
3 8907 3900 91 
3 6626 6181 4435 
3 5935 8004 5365 
3 652 5084 1340 
3 8957 2041 6446 
3 6661 9101 2447 
3 1513 6551 4334 
3 623 1719 3621 
3 2602 4250 8023 
3 635 5488 9624 
3 986 369 3426 
3 6697 8402 7514 
3 1242 7420 8637 
3 3850 4200 7964 
3 5773 8420 4706 
3 8568 2493 7708 
3 9720 5761 6140 
3 3798 7072 323 
3 4181 5577 9658 
3 7459 573 3658 
3 3759 7920 8966 
3 9319 2692 367 
3 2213 9424 9596 
3 497 1430 6128 
3 1252 7145 6176 
3 1920 2387 5524 
3 5853 3036 2878 
3 7334 4951 4948 
3 1466 3130 56 
3 1893 7366 541 
3 5908 5351 8413 
3 3858 7993 6571 
3 7880 9762 364 
3 6572 6849 7674 
3 9994 3308 9973 
3 7892 5254 379 
3 4827 8365 7737 
3 840 7167 9845 
3 8272 8879 9127 
3 5103 1940 4194 
3 1365 7409 4217 
3 3851 6111 8528 
3 3005 9219 7858 
3 7762 7536 3061 
3 5495 4610 8074 
3 4955 7300 6231 
3 13 1364 2432 
3 4240 5855 6406 
3 1902 2206 8310 
3 9087 987 7033 
3 9749 7743 170 
3 8798 5961 992 
3 9999 2353 2296 
3 1794 8831 5090 
3 9202 9638 6585 
3 3653 9443 2806 
3 9475 690 5586 
3 3986 2278 4126 
3 7484 6074 8257 
3 2652 3776 2170 
3 870 6078 9434 
3 1158 549 1702 
3 7871 1013 6568 
3 5439 6225 6893 
3 2044 6790 8680 
3 3022 6259 2060 
3 4909 4847 1778 
3 1361 5035 3020 
3 3126 8426 7622 
3 5558 9306 3714 
3 2138 2975 3472 
3 5088 3401 138 
3 2871 2962 952 
3 9992 3821 5102 
3 9730 9456 4664 
3 8380 2579 3648 
3 6464 1243 8439 
3 5599 8306 2221 
3 6699 804 9521 
3 526 8943 1156 
3 7521 2803 2238 
3 2589 5640 7980 
3 84 2136 9353 
3 8901 5048 1843 
3 6465 5127 1487 
3 6897 8491 3585 
3 9472 8026 773 
3 5899 461 5529 
3 6835 9726 1362 
3 6929 6380 500 
3 9065 2911 1787 
3 4127 8898 5367 
3 6886 6455 6276 
3 5051 1757 5333 
3 283 8494 518 
3 3013 7478 150 
3 9734 9545 8300 
3 9085 6096 4549 
3 8930 1844 6148 
3 9026 859 8417 
3 1903 8807 3540 
3 9535 6043 8919 
3 8848 3786 9601 
3 55 8997 8673 
3 5666 3405 3755 
3 93 1956 5878 
3 3174 1627 2272 
3 3244 9881 6429 
3 5885 3503 5076 
3 664 2556 6191 
3 9162 1941 3412 
3 4732 5895 9897 
3 754 1398 8337 
3 4891 7265 1249 
3 1942 5357 361 
4 1151 8165 5416 8632 
4 4139 8406 6177 406 
4 238 9207 1624 9041 
4 2766 4333 2053 2808 
4 2651 1897 2085 399 
4 7153 4185 3514 6709 
4 752 3219 2594 9585 
4 4132 2120 813 5921 
4 8975 2231 3680 2666 
4 3381 703 7520 7443 
4 9394 6618 5305 2611 
4 2981 5585 1715 7021 
4 7693 613 6505 3378 
4 8377 3639 3301 8067 
4 5412 4358 8594 186 
4 9674 6997 1368 2220 
4 2639 3661 8311 8993 
4 115 1114 7513 3417 
4 1497 8167 6125 136 
4 1472 8379 3750 8912 
4 7342 5104 389 7179 
4 7983 5148 532 6242 
4 9435 6666 338 7877 
4 9632 2793 1674 7275 
4 3049 3007 6665 2644 
4 8748 9309 955 2886 
4 4954 3295 9463 2890 
4 9553 33 231 9400 
4 2970 5861 8837 5055 
4 2628 9227 7238 2799 
4 1181 4604 5886 269 
4 297 5531 315 6344 
4 9431 280 5307 4969 
4 4295 4860 4392 3709 
4 1137 1038 843 1879 
4 5304 6396 7113 4674 
4 1540 537 6525 9590 
4 8806 4201 5264 3973 
4 9213 1659 2982 6896 
4 2412 3142 105 9568 
4 6872 6133 6956 9841 
4 1531 7218 4187 9244 
4 8199 2127 2947 8376 
4 4443 5804 9600 4906 
4 4918 2678 3470 2709 
4 2375 899 7734 8373 
4 528 3891 4349 8854 
4 1770 8328 4881 3408 
4 489 6370 5561 9859 
4 4849 2673 3269 8920 
4 5486 4155 1311 5334 
4 5426 1028 6646 5031 
4 8014 5063 4364 3876 
4 4596 565 6731 612 
4 2284 5323 6251 806 
4 6387 2868 2285 7237 
4 8224 1097 2365 6667 
4 491 7507 1294 9677 
4 8546 4085 533 7860 
4 8089 1762 9040 5835 
4 1807 6279 7264 2531 
4 714 4756 3837 7241 
4 4478 1683 2102 4614 
4 9856 538 3671 2466 
4 6381 3809 2269 7791 
4 9056 9830 5460 702 
4 1168 7391 1266 4048 
4 5823 5604 3511 2396 
4 7757 7827 142 6274 
4 9005 3094 4510 3058 
4 6262 6178 600 2696 
4 2367 6639 2298 9480 
4 5538 15 2572 9058 
4 6008 6921 6365 8651 
4 3507 4825 9145 4242 
4 7599 4345 3923 5401 
4 193 7286 29 8331 
4 6313 2302 1980 7117 
4 1565 8018 2026 865 
4 8083 3908 5448 5278 
4 1723 4506 6314 467 
4 4851 7251 19 9633 
4 673 8075 4265 7683 
4 3300 9843 3089 3242 
4 6840 751 973 6047 
4 848 2377 1859 2007 
4 6513 9951 3830 7523 
4 6214 6906 7909 9497 
4 4924 302 1601 8728 
4 867 4594 2526 5578 
4 520 5046 383 3740 
4 8620 469 328 1094 
4 7185 945 3233 4511 
4 5613 5476 365 4060 
4 4721 4365 6718 8819 
4 8267 6457 2110 5381 
4 203 8825 7168 9778 
4 5681 5988 2788 4555 
4 3742 6459 5803 5958 
4 4015 504 2580 8445 
4 731 6866 8322 9075 
4 5620 1773 1752 4961 
4 8704 2675 8940 1448 
4 3565 4419 5766 5554 
4 3073 2234 2223 4219 
4 8520 1239 1435 92 
4 123 5843 6362 1887 
4 4656 5946 9733 2812 
4 1285 2045 5686 3303 
4 3132 8447 2573 9885 
4 5523 2130 9390 5985 
4 3699 9826 2058 7408 
4 6467 3436 4882 5442 
4 7034 8921 7788 8330 
4 3515 546 8241 951 
4 6552 2478 1337 6517 
4 6601 6391 999 3047 
4 1077 3320 3591 2076 
4 4558 110 4702 4066 
4 6083 6723 6759 3266 
4 3574 4710 5430 4136 
4 570 759 70 5181 
4 1728 4794 9563 6168 
4 3838 4768 1443 319 
4 4859 7069 998 1136 
4 1607 4167 346 8362 
4 6574 7565 9469 6747 
4 8675 8681 1444 2708 
4 452 5017 7190 9023 
4 1352 8627 4513 6349 
4 1820 4898 6019 7588 
4 8087 221 3443 5186 
4 1961 77 8409 6676 
4 6692 5123 3892 4389 
4 6597 5237 1832 6650 
4 3115 9669 7882 4197 
4 7032 8752 2714 4919 
4 4084 7038 9084 4396 
4 2186 2147 1533 7321 
4 8872 1255 9429 5177 
4 2321 5124 1998 3536 
4 3586 9471 8995 6621 
4 63 8900 7533 7991 
4 9501 8647 1075 8285 
4 9159 6753 4512 4456 
4 8785 4653 7358 5101 
4 6920 1905 8317 3429 
4 2762 9767 9208 1554 
4 1626 4371 7344 6237 
4 536 1703 8983 7789 
4 3181 9668 7714 1405 
4 9727 3006 8986 9985 
4 6533 1760 4538 7929 
4 2983 4765 8932 654 
4 2618 9458 6558 5047 
4 8714 7573 7193 9782 
4 7950 8468 3896 3743 
4 4987 5296 3027 7635 
4 208 7065 9728 8401 
4 1447 6573 4081 3506 
4 889 1268 7043 1806 
4 1224 2064 9188 2200 
4 9293 9336 9163 7525 
4 4733 7997 7784 542 
4 7971 6708 2774 3270 
4 6741 4073 9819 4258 
4 4843 9930 5736 6456 
4 8261 4627 5032 5635 
4 8022 2612 3656 5350 
4 3784 8780 3241 9996 
4 6938 1766 3940 1219 
4 2492 3338 1782 215 
4 8119 3261 4659 1645 
4 8348 5236 445 4537 
4 4325 7669 3471 2334 
4 2075 543 9290 9987 
4 476 8034 8101 8415 
4 581 764 1928 7694 
4 5674 5134 2043 5858 
4 7857 2115 4402 8797 
4 7415 5143 4004 1933 
4 7310 6611 5072 505 
4 2205 1344 7741 9021 
4 7486 6490 697 7895 
4 9939 8639 3549 8910 
4 5158 6856 5723 1825 
4 6395 817 1007 5715 
4 4693 1606 7402 6311 
4 8005 9784 6142 8086 
4 669 6131 7274 8849 
4 4138 5590 4498 6348 
4 3004 122 4972 4942 
4 8766 6299 5724 5841 
4 2416 6058 2784 3388 
4 782 5458 4503 2899 
4 5276 2490 3670 5968 
4 3154 257 3494 6205 
4 8836 5963 3445 1581 
4 5341 8969 9420 7662 
4 8816 5234 9070 7064 
4 1220 8044 3833 5165 
4 4087 3935 3730 9941 
4 1891 4804 7639 3872 
4 8469 2349 1300 7118 
4 6398 1167 4589 2325 
4 7607 6673 9457 517 
4 5602 7886 2453 8911 
4 288 653 2143 9925 
4 1677 7803 3860 4067 
4 3547 4657 6570 117 
4 5261 5139 2494 2615 
4 468 6479 3957 3276 
4 1120 9883 8118 6596 
4 7281 5679 6578 6413 
4 2419 9704 9171 7975 
4 175 2001 3418 3620 
4 1566 5378 1202 6127 
4 4578 6026 5217 8106 
4 9301 4700 8454 5811 
4 2261 8298 6044 4967 
4 1519 7957 7156 780 
4 8874 7496 1086 967 
4 5398 665 9410 8210 
4 9899 2971 1952 5015 
4 6338 2265 3721 5530 
4 393 8130 8617 3911 
4 8485 6095 9811 1797 
4 7555 7511 3689 2562 
4 1302 9505 1485 8110 
4 5008 9559 3824 1433 
4 8071 2281 4831 757 
4 6254 4459 8711 2332 
4 7036 8357 4966 1809 
4 8342 3098 7902 9114 
4 4095 3304 610 4876 
4 7650 6030 8 363 
4 7497 2929 8480 7080 
4 7989 1699 8516 6487 
4 8998 2801 9324 4894 
4 441 9591 9806 9210 
4 4388 308 8208 5522 
4 6725 9042 4994 9639 
4 185 7700 4901 4887 
4 331 3562 3466 30 
4 6273 3314 7235 254 
4 3704 3735 4477 317 
4 2815 3848 4974 4169 
4 681 6 3862 2214 
4 9282 2065 4420 9132 
4 5461 5427 2439 9154 
4 9517 8205 8288 3086 
4 4981 4915 7479 7442 
4 495 6728 1276 3722 
4 5020 6366 785 1131 
4 7760 9565 2093 961 
4 8970 5743 1967 2472 
4 5967 5877 2339 6298 
4 8003 480 9422 3581 
4 4708 6782 3839 771 
4 4277 4245 590 956 
4 5749 4229 3495 5541 
4 6090 3223 4868 2814 
4 295 9679 5822 887 
4 3567 2212 8846 3362 
4 675 9527 2877 1482 
4 141 5997 7570 7057 
4 3230 3014 9531 6086 
4 2112 217 1470 8033 
4 8324 6853 8171 1908 
4 3193 9032 8043 482 
4 1898 4296 3489 582 
4 4344 9180 7900 2354 
4 5676 7657 832 980 
4 8902 2430 2752 4339 
4 3060 4838 8722 4759 
4 636 5832 3975 414 
4 2072 316 9678 1162 
4 8102 4505 9405 1047 
4 1696 3103 741 8381 
4 3363 5200 2420 7850 
4 8275 1767 3217 6833 
4 2926 1240 2909 508 
4 4692 7098 4923 738 
4 8336 9582 1685 3500 
4 8984 336 4606 4221 
4 4020 2869 1869 8697 
4 5616 6384 6332 5898 
4 3989 5424 3226 6745 
4 1329 6170 1232 6010 
4 5393 8297 8624 4542 
4 1016 7224 3866 2394 
4 2592 7227 9703 4885 
4 5916 7312 1052 2624 
4 2961 1406 2229 2610 
4 8425 6141 6286 6671 
4 7541 4284 8079 7711 
4 8066 8478 9223 8178 
4 7475 6801 1078 48 
4 9371 7585 5067 7528 
4 1590 1687 2524 6057 
4 6922 132 6535 4934 
4 7969 5550 1133 1061 
4 8763 962 5445 3662 
4 6610 6600 3491 6223 
4 2098 368 6502 6703 
4 9243 6652 6689 3148 
4 7540 6803 5269 8833 
4 4449 3139 2283 3857 
4 8467 7382 659 9554 
4 4418 6773 1203 8350 
4 2655 5692 4516 5952 
4 3558 2955 5805 6848 
4 3971 1088 9016 8628 
4 9221 2928 8691 4742 
4 7769 3644 449 4227 
4 5294 6188 5863 2897 
4 407 2758 9326 7907 
4 9852 4566 2444 4373 
4 8035 7949 5241 744 
4 5563 2162 3534 3749 
4 605 4968 3834 8286 
4 7561 1452 9921 8705 
4 3683 9179 7349 485 
4 9381 4088 4117 4462 
4 456 1603 1467 2323 
4 2320 4001 1445 2299 
4 411 8909 8232 1673 
4 2101 935 7028 8383 
4 3239 7623 1348 3782 
4 2739 9285 9509 6555 
4 5649 8455 25 9599 
4 4483 1818 3125 7320 
4 8138 1021 4340 8542 
4 9034 6771 583 5796 
4 7228 3836 3396 8474 
4 8253 3265 9608 4766 
4 8472 4636 241 3687 
4 8725 9618 8115 5097 
4 8538 1196 6672 3082 
4 3694 5876 3340 404 
4 7412 5354 672 6341 
4 7159 6202 7526 1935 
4 7253 3161 2132 9610 
4 9504 1973 2400 9832 
4 1578 8839 3492 9715 
4 864 4531 6563 1729 
4 8293 4776 2863 3198 
4 763 1931 3068 14 
4 4872 811 3498 2135 
4 299 4616 7824 4850 
4 8865 4362 4770 8645 
4 8844 1397 7330 3074 
4 2389 9255 5546 9378 
4 7191 2383 4318 7352 
4 5634 353 1713 1210 
4 5027 5735 1589 7863 
4 9891 638 9848 2263 
4 5667 9840 4835 7221 
4 6329 453 6690 7567 
4 2719 8325 464 7172 
4 457 409 9795 8877 
4 7092 9803 9972 4541 
4 8291 5638 6785 7199 
4 4973 2978 7122 620 
4 1921 8791 3107 223 
4 4252 6080 2055 5576 
4 7261 1737 8581 7670 
4 6321 4745 3365 4899 
4 7211 1103 3762 8429 
4 256 9641 7404 9816 
4 6582 9107 1188 200 
4 6319 916 1863 1884 
4 360 8053 6734 9047 
4 983 6113 9526 6472 
4 9675 2015 1819 6196 
4 5039 9714 8129 5429 
4 812 8533 2224 6943 
4 4263 7407 9278 4257 
4 6749 2741 7182 2480 
4 22 5298 6198 3999 
4 1029 8947 1857 1298 
4 5848 2607 2042 18 
4 7574 8534 7580 7942 
4 2461 3288 9014 6686 
4 9111 8949 6006 1206 
4 5022 5159 9389 5502 
4 2307 6677 2390 1142 
4 6401 3376 988 7015 
4 1152 1934 3870 3993 
4 4647 7147 2192 9514 
4 4272 2805 3397 9404 
4 2640 2688 3859 4830 
4 471 8782 9495 7821 
4 3206 8702 7066 4476 
4 4673 4618 59 3285 
4 246 5356 4233 3264 
4 1274 2630 8994 7813 
4 772 5176 5059 8104 
4 3315 8662 5174 3327 
4 8229 9798 975 9512 
4 6711 2236 7242 722 
4 9575 9731 4293 7454 
4 7107 677 8648 6071 
4 4697 228 250 4378 
4 3852 7792 6962 1415 
4 1198 1826 8038 7141 
4 7855 9086 503 9604 
4 5126 8408 7215 6183 
4 2689 3587 9546 4033 
4 2746 6417 9106 1374 
4 6345 966 6084 6736 
4 6009 6605 1868 6538 
4 9937 2819 426 8226 
4 8535 7208 3042 8899 
4 4113 5433 6143 7826 
4 1698 8166 7648 140 
4 7910 4012 4097 2555 
4 5 5151 2081 6481 
4 4719 459 4889 2920 
4 3887 6826 552 7400 
4 9438 7405 3874 7697 
4 6106 3525 1205 1067 
4 3218 6915 9754 3214 
4 6056 162 1213 7918 
4 4356 8524 8050 4497 
4 9919 2710 2139 3291 
4 7061 3063 7250 969 
4 4943 371 5070 5556 
4 1054 4128 647 8622 
4 3998 5313 3907 3690 
4 8326 2370 4430 2421 
4 2697 3296 3083 3804 
4 3166 5274 1563 7604 
4 4179 466 4592 1150 
4 5203 4065 7206 5747 
4 9694 2511 6788 3298 
4 8841 734 5228 4748 
4 69 745 1248 1758 
4 5079 7981 6669 563 
4 381 5731 2568 6891 
4 4829 3559 9956 9464 
4 8370 3769 2052 2811 
4 9367 2270 960 8061 
4 1050 1834 4588 4970 
4 2722 408 2823 8507 
4 7384 3118 3479 1388 
4 356 2344 929 4158 
4 4424 284 2345 5329 
4 3330 6207 8734 8340 
4 5817 6540 794 1763 
4 7449 3377 1262 3728 
4 2888 4264 6409 7849 
4 1005 3173 2240 1269 
4 4791 9893 2341 8539 
4 9555 2123 5665 3797 
4 9280 2166 4393 7905 
4 446 4305 6352 3746 
4 3597 630 6519 4377 
4 6883 102 710 5029 
4 66 3835 3512 8367 
4 6657 3144 2425 8059 
4 708 9626 6496 6190 
4 1377 9476 9295 4871 
4 6727 7644 1872 7396 
4 9275 7355 8743 6161 
4 3530 4062 1473 7538 
4 7575 3918 1614 3903 
4 1475 7302 7716 5295 
4 9717 4140 6442 8197 
4 3460 3151 6144 4070 
4 9103 7765 2096 4726 
4 1731 172 5729 7326 
4 8779 6628 7070 3624 
4 6278 2698 3737 9732 
4 5627 7782 5277 9 
4 4348 2082 1139 4725 
4 3339 4521 5259 7126 
4 2657 9345 4160 8550 
4 1157 1960 8630 1384 
4 4399 1514 4494 1009 
4 3079 143 8319 3309 
4 8962 9008 1212 8174 
4 2726 5951 1764 9516 
4 913 2850 8823 9584 
4 3752 2941 5140 9015 
4 7818 2988 1423 1867 
4 1599 1568 6468 5656 
4 8352 3383 8967 53 
4 9603 5138 9779 1914 
4 3450 412 7188 912 
4 2248 822 2779 9564 
4 545 429 1840 6609 
4 3483 719 7603 9426 
4 9513 1774 395 5826 
4 9775 1635 6500 593 
4 7984 4672 8927 8799 
4 8600 5091 5938 8487 
4 7362 2207 8549 5695 
4 6169 9644 9538 1161 
4 3260 6250 2822 1508 
4 4037 3254 1218 2534 
4 9705 835 3917 1436 
4 1861 2939 349 4976 
4 7692 8244 1451 9983 
4 2462 3696 4571 1656 
4 8096 8573 9637 6079 
4 515 6412 6227 7031 
4 984 4044 8116 9518 
4 9829 4574 2576 7911 
4 7865 874 7474 6590 
4 6818 6498 6950 6890 
4 3906 5788 5005 1945 
4 2974 2854 1263 4289 
4 9875 2569 6981 5999 
4 1988 5421 881 9263 
4 9759 3453 9157 9776 
4 607 6819 7111 6655 
4 3096 474 9792 2414 
4 2379 9977 9597 4704 
4 3847 2483 9241 3370 
4 1833 5453 4517 8238 
4 2902 907 4570 5603 
4 2605 4103 3333 4509 
4 3524 7560 1343 4975 
4 8011 7684 1041 8392 
4 2252 2564 2830 6005 
4 9099 9673 8040 2690 
4 4353 958 5698 2094 
4 1404 3583 8246 5931 
4 5800 931 4439 4360 
4 9038 388 7795 5087 
4 3595 8221 6199 1669 
4 5056 396 3410 1305 
4 5247 571 9220 4671 
4 576 9984 5549 732 
4 9838 1468 7809 661 
4 903 4184 1754 3968 
4 4903 3480 4152 800 
4 4534 1824 2362 4302 
4 5315 6375 7388 2598 
4 6942 8864 9281 809 
4 4050 9055 9898 3380 
4 2301 3703 4867 9011 
4 5320 89 5992 9903 
4 1244 1003 2429 2542 
4 7800 3454 1410 9057 
4 8642 7897 7490 1163 
4 9849 2411 674 5948 
4 2118 3880 7376 5976 
4 5335 8591 7097 9329 
4 9406 7581 3485 8056 
4 4178 5592 8240 5045 
4 5820 4989 910 2735 
4 6210 6415 9781 85 
4 9990 9558 9588 5244 
4 3733 4488 9175 9009 
4 5778 309 9936 237 
4 3808 9486 6815 6854 
4 7994 3209 6454 2134 
4 5890 8805 4461 7965 
4 7866 9088 6742 5033 
4 2226 7996 5316 7721 
4 7417 6509 1177 1135 
4 227 9370 97 2864 
4 5455 9068 1853 7176 
4 3779 1383 6162 1939 
4 7487 5117 6204 6283 
4 7972 6633 6616 8000 
4 979 739 3091 9980 
4 3915 6705 5463 6678 
4 6765 7100 924 7103 
4 5156 8496 7295 6471 
4 2906 7280 2113 4009 
4 3404 2050 9957 8062 
4 8218 2376 5854 1925 
4 7505 7879 8985 1164 
4 3919 2277 9906 4621 
4 8894 2873 4577 6324 
4 9383 569 2159 8574 
4 9991 2259 7144 7143 
4 8541 1312 4837 1006 
4 4391 1222 4091 1596 
4 8733 8981 5912 1149 
4 3884 6971 272 5222 
4 4473 8577 5915 6824 