1628
2 44144 28639 
2 73471 78449 
2 20943 28448 
2 83395 33966 
2 86265 33965 
2 36101 89075 
2 44154 93968 
2 53033 80789 
2 54394 20098 
2 72243 95115 
2 63746 23959 
2 59528 56725 
2 82973 32198 
2 43756 26870 
2 68068 93554 
2 2157 48802 
2 63813 84685 
2 28847 20799 
2 76008 48267 
2 82265 41713 
2 54115 27996 
2 54252 87364 
2 81104 10292 
2 57491 19957 
2 31381 64841 
2 68782 81972 
2 80476 36095 
2 44275 58236 
2 98135 17299 
2 11077 98667 
2 56291 71020 
2 74897 56458 
2 72724 58906 
2 30564 1123 
2 52809 10973 
2 35727 10671 
2 10961 86307 
2 65163 74919 
2 18350 97243 
2 8964 80176 
2 22030 16584 
2 50204 55256 
2 85165 61165 
2 80953 39919 
2 71737 35668 
2 60844 8151 
2 62848 37998 
2 64450 46002 
2 9966 10068 
2 16087 86814 
2 95751 64632 
2 96179 77228 
2 34110 34262 
2 90523 58311 
2 45397 62563 
2 50049 40319 
2 90786 71661 
2 38794 2697 
2 24356 46750 
2 50673 67376 
2 38314 23536 
2 73864 43227 
2 65416 1917 
2 28392 94196 
2 96051 23692 
2 46365 87765 
2 42627 46574 
2 5215 55285 
2 71678 46247 
2 22604 73280 
2 35783 36456 
2 22501 47793 
2 96293 84197 
2 42003 25320 
2 35179 38241 
2 28760 5515 
2 96159 73008 
2 51200 48034 
2 61313 27950 
2 1597 45687 
2 21636 72568 
2 41096 41179 
2 72445 10057 
2 68048 71717 
2 28481 36409 
2 77091 44500 
2 45849 10759 
2 37872 32545 
2 69886 31280 
2 85686 83533 
2 59933 83716 
2 23777 87060 
2 21330 56942 
2 2220 4236 
2 17586 24157 
2 94680 74540 
2 15472 93346 
2 10573 52045 
2 85290 23105 
2 38667 19611 
2 3307 27216 
2 98883 93002 
2 47597 12219 
2 89069 67189 
2 51252 34070 
2 34116 5899 
2 96522 26185 
2 28968 94620 
2 88833 45410 
2 52952 38976 
2 57757 45923 
2 96600 15440 
2 79484 5659 
2 91538 92398 
2 4624 85512 
2 4677 16316 
2 75557 74412 
2 8905 30499 
2 87098 95384 
2 80877 10786 
2 7376 70290 
2 88569 23348 
2 40308 30352 
2 83314 46532 
2 51585 52493 
2 25915 85153 
2 89191 69686 
2 5112 65811 
2 76920 12193 
2 22903 58725 
2 34337 48207 
2 10254 48947 
2 8595 34365 
2 65167 49811 
2 79794 49807 
2 65745 78974 
2 14759 94793 
2 72782 56519 
2 79459 73181 
2 82878 90371 
2 83921 38693 
2 65834 72343 
2 47560 68729 
2 23045 59529 
2 71454 55620 
2 21953 9085 
2 57255 27360 
2 16330 43821 
2 42951 63854 
2 73732 84248 
2 55796 64665 
2 76099 67002 
2 85819 91505 
2 12022 40709 
2 34891 13946 
2 44189 44494 
2 5665 22100 
2 63023 17516 
2 11337 45825 
2 19615 30207 
2 43380 94131 
2 84895 4814 
2 50187 41948 
2 68040 71325 
2 67301 30379 
2 23410 47290 
2 45485 92390 
2 2509 27468 
2 64742 98014 
2 41669 81703 
2 54121 54197 
2 31456 34407 
2 49650 61245 
2 29971 82177 
2 64805 90855 
2 80996 4836 
2 75003 22671 
2 5183 99562 
2 82055 83034 
2 21987 74178 
2 67785 83493 
2 92453 43241 
2 61356 71322 
2 97562 1785 
2 41923 65609 
2 17046 54184 
2 8825 25486 
2 68505 68227 
2 12590 35669 
2 8171 95042 
2 13637 19725 
2 59537 25813 
2 16630 7665 
2 44160 38960 
2 68704 74716 
2 6973 4571 
2 38677 60914 
2 65122 1992 
2 86022 29308 
2 91549 15682 
2 46627 36860 
2 31901 60543 
2 96614 87012 
2 7820 92881 
2 28478 95159 
2 83867 48491 
2 81078 22844 
2 22064 63308 
2 34865 82792 
2 952 39986 
2 57909 46295 
2 78212 89731 
2 22336 51406 
2 67641 99617 
2 32196 24024 
2 42087 73917 
2 83251 48886 
2 72193 16744 
2 56413 80538 
2 6677 90823 
2 43926 71075 
2 16934 14707 
2 84363 40269 
2 18159 65731 
2 95274 95375 
2 4599 82773 
2 61203 65432 
2 63496 88539 
2 21920 52769 
2 54862 71469 
2 2221 80414 
2 18135 9703 
2 29824 27813 
2 98355 44582 
2 20925 9037 
2 80428 29518 
2 56273 36250 
2 44346 3173 
2 10708 1833 
2 52929 58563 
2 59618 60986 
2 60848 64648 
2 81148 64630 
2 42507 34928 
2 79596 56986 
2 25777 1714 
2 51657 96308 
2 60794 7725 
2 35136 95518 
2 82080 13576 
2 49563 53264 
2 97633 23573 
2 47553 30061 
2 5303 5795 
2 52110 65391 
2 35239 36402 
2 33049 32079 
2 64844 85444 
2 53224 19974 
2 87983 78377 
2 62579 27809 
2 45085 97052 
2 3662 16030 
2 30300 14105 
2 87419 614 
2 39254 93194 
2 51305 56653 
2 71405 12251 
2 65490 90625 
2 64590 81209 
2 2262 60722 
2 77911 34573 
2 48698 79700 
2 32085 42950 
2 87198 69108 
2 85181 34167 
2 36399 31694 
2 44323 95406 
2 95758 37392 
2 82203 67405 
2 33562 19949 
2 44942 20630 
2 9369 68446 
2 2288 43233 
2 73015 48218 
2 95773 41302 
2 20231 636 
2 78845 32818 
2 47052 51786 
2 59987 67025 
2 19988 40466 
2 95986 40716 
2 80986 15243 
2 68833 84533 
2 72902 95213 
2 84689 62235 
2 50773 6964 
2 75981 19552 
2 56019 65311 
2 12163 43732 
2 15191 26578 
2 16843 49201 
2 85970 75563 
2 58493 20616 
2 99231 62589 
2 54702 67059 
2 56437 16354 
2 38551 11183 
2 82723 40761 
2 41084 82424 
2 55449 83487 
2 55387 53861 
2 11942 53193 
2 12098 67208 
2 80392 69785 
2 7263 9642 
2 74608 35228 
2 9180 97495 
2 86633 26603 
2 93374 11875 
2 28041 69951 
2 49823 29612 
2 59461 8200 
2 82805 97658 
2 86613 38576 
2 38145 67049 
2 43708 76938 
2 36481 82838 
2 53791 26970 
2 4486 48290 
2 71129 91989 
2 35885 57743 
2 49844 18031 
2 95209 6020 
2 20949 10082 
2 97785 74870 
2 758 14266 
2 84017 4183 
2 55599 724 
2 96741 73027 
2 50119 91000 
2 41650 81080 
2 84010 91716 
2 84653 53181 
2 17101 88705 
2 22037 36365 
2 23629 46016 
2 9165 63939 
2 41602 47393 
2 15151 33154 
2 56833 92600 
2 56084 22418 
2 50228 65247 
2 34274 35801 
2 20874 28244 
2 55106 53712 
2 87551 99783 
2 36546 70897 
2 53307 53021 
2 67224 69993 
2 37188 20405 
2 72614 52850 
2 79302 87554 
2 99314 1550 
2 89998 64652 
2 30787 96732 
2 6625 37075 
2 3176 38806 
2 25322 84289 
2 38641 8981 
2 86002 27420 
2 12026 39614 
2 50327 75093 
2 81642 70216 
2 38697 98782 
2 92447 11379 
2 85377 44988 
2 60303 54509 
2 98028 10218 
2 51193 29488 
2 9704 51107 
2 12819 8817 
2 87275 27289 
2 22583 39406 
2 34128 64441 
2 32932 2267 
2 32091 30003 
2 62158 90466 
2 74935 76683 
2 54070 98428 
2 4798 69618 
2 33586 47280 
2 54507 63898 
2 34074 33609 
2 21572 5646 
2 57805 56282 
2 69709 65386 
2 72308 92002 
2 2977 20750 
2 783 38007 
2 40817 63940 
2 50845 5165 
2 62689 59747 
2 66442 63166 
2 96337 77248 
2 89326 66816 
2 4126 1811 
2 95736 70780 
2 56224 36222 
2 87577 38517 
2 42112 31385 
2 38023 47505 
2 69970 93600 
2 59331 22184 
2 49454 44708 
2 71639 1712 
2 39566 6455 
2 47811 22932 
2 79783 6532 
2 63439 95882 
2 88762 12742 
2 72474 11203 
2 69486 38908 
2 17919 29294 
2 11248 77690 
2 13458 42933 
2 5333 36146 
2 48166 23462 
2 15358 54502 
2 70035 26019 
2 90963 78422 
2 63111 69670 
2 13784 16909 
2 98523 20131 
2 22281 41177 
2 16223 25713 
2 45510 54239 
2 93476 53873 
2 19828 85959 
2 1951 5292 
2 92477 806 
2 49576 62195 
2 64273 69436 
2 23518 60428 
2 95252 94501 
2 46523 51969 
2 24683 52043 
2 64930 63101 
2 58232 27639 
2 22063 58429 
2 84181 15186 
2 57501 67910 
2 73126 83873 
2 75383 12809 
2 46592 38778 
2 75376 37086 
2 93519 6213 
2 16502 17572 
2 12959 13176 
2 73309 2918 
2 18139 43308 
2 21872 65353 
2 35740 59022 
2 69754 22719 
2 78747 62089 
2 64190 39401 
2 84373 58896 
2 36709 91287 
2 28564 99921 
2 39718 41450 
2 3712 41868 
2 28069 44012 
2 13672 79467 
2 7573 95767 
2 86334 81327 
2 78049 92392 
2 55600 29028 
2 90254 92757 
2 25234 68639 
2 68555 31527 
2 21798 32429 
2 44756 30443 
2 74021 19733 
2 36414 12347 
2 28302 66325 
2 12062 91392 
2 1261 16004 
2 82771 51722 
2 20839 42504 
2 14321 16050 
2 11172 43217 
2 72635 77922 
2 59814 12454 
2 59869 35197 
2 15166 61073 
2 80480 50055 
2 72998 97813 
2 73821 71072 
2 81554 96676 
2 97 81731 
2 6235 70462 
2 54719 67796 
2 4413 86305 
2 70030 62353 
3 3988 48319 17541 
3 46851 83345 22103 
3 59464 83833 5397 
3 50226 6117 52356 
3 56020 70915 50985 
3 87840 18902 65619 
3 81153 58133 69613 
3 85387 14378 35309 
3 18918 92497 94309 
3 60663 37463 4519 
3 68242 92194 39808 
3 97153 52275 79086 
3 92258 91621 3179 
3 11929 68746 77566 
3 33226 73194 6878 
3 58068 63307 84436 
3 59110 20442 47898 
3 22456 67330 19449 
3 73723 59339 64197 
3 6134 6843 83276 
3 61643 18545 72390 
3 77049 2126 75460 
3 3388 32500 69153 
3 42297 73222 62013 
3 65192 52948 38212 
3 95770 89680 48851 
3 8290 99728 4327 
3 73741 33967 32021 
3 57170 55655 8204 
3 86216 31264 26982 
3 3784 43576 14021 
3 81472 55311 15391 
3 46212 93778 96378 
3 35574 90379 32644 
3 20208 23218 60565 
3 96232 19079 43064 
3 62118 80867 95502 
3 52198 43543 80322 
3 83121 28329 7663 
3 6741 88876 58477 
3 58926 7634 39473 
3 3746 12398 85101 
3 97069 75815 29768 
3 35936 58362 10718 
3 55828 99741 16868 
3 13014 65091 29090 
3 31131 75723 59763 
3 72194 87502 82268 
3 7163 40660 95033 
3 38854 35423 77865 
3 22162 21154 79714 
3 44105 32683 71087 
3 71040 43507 83473 
3 4662 14997 5800 
3 60591 20142 87202 
3 43971 95152 78221 
3 4833 57034 61999 
3 1209 5867 77178 
3 57631 78885 35810 
3 65452 15021 91506 
3 58882 94259 67412 
3 20044 42513 47049 
3 92615 55448 32189 
3 3587 5264 1521 
3 88945 77376 77080 
3 71220 74770 604 
3 18017 99673 27121 
3 48902 92007 55201 
3 91092 97526 33184 
3 2184 18972 74193 
3 35611 94639 75767 
3 7957 71167 97405 
3 30011 93264 66997 
3 66823 13183 52097 
3 83238 8650 91170 
3 74711 10190 45846 
3 69615 92433 1869 
3 30991 40650 87699 
3 67355 75867 15184 
3 59295 40055 30354 
3 98265 49239 22853 
3 81945 12292 3024 
3 18951 42864 68917 
3 84729 72976 92941 
3 21343 98669 89919 
3 23749 66221 16932 
3 56494 35063 57444 
3 21272 22077 85714 
3 73714 37510 85640 
3 89294 90038 66569 
3 70617 7892 59560 
3 84419 19969 28214 
3 32342 7390 34778 
3 6476 514 61135 
3 51110 73536 56981 
3 75229 17047 16112 
3 98283 91605 63704 
3 25103 71799 95937 
3 68586 71634 83725 
3 12057 42827 8074 
3 2186 39625 23350 
3 30705 34804 34628 
3 3563 9714 82577 
3 41091 81643 78784 
3 69191 57708 82839 
3 85499 90905 11358 
3 83879 89360 94857 
3 7296 26538 69626 
3 31543 62908 62981 
3 53961 71623 30044 
3 96053 95577 87532 
3 53747 20692 16619 
3 71116 30780 35500 
3 61675 51654 98920 
3 177 86463 72253 
3 45516 19045 71117 
3 96795 99371 82417 
3 70386 17288 96211 
3 12406 71131 78734 
3 18888 57506 8551 
3 13528 42480 68413 
3 49518 68274 36964 
3 75406 64650 15064 
3 52054 22780 48345 
3 52708 53970 43637 
3 64879 16425 61136 
3 15271 34318 30041 
3 24070 8784 22039 
3 9058 3142 14209 
3 18804 33616 58654 
3 60082 98643 61638 
3 76696 30766 98829 
3 85876 77694 36981 
3 33284 26604 86349 
3 7808 33430 50318 
3 90908 60050 66149 
3 54616 26671 62655 
3 16963 25468 32839 
3 36174 74101 79251 
3 92897 82566 66568 
3 68950 83400 58889 
3 80522 12624 83625 
3 58951 54046 52457 
3 59074 8658 26832 
3 63370 86378 36305 
3 73229 89304 81634 
3 14553 33365 98631 
3 80202 57784 94544 
3 30555 48384 45324 
3 20735 1761 64677 
3 3604 94637 34717 
3 31452 41287 71034 
3 85130 68183 8202 
3 80425 33636 43605 
3 32468 70017 15915 
3 67042 60742 40139 
3 72186 75817 71893 
3 17550 76191 33275 
3 57627 26795 94116 
3 50060 17792 52918 
3 91195 80479 34061 
3 58310 66756 29055 
3 68293 36518 63577 
3 24254 41670 72765 
3 97573 68737 48583 
3 51723 6607 86694 
3 58034 96026 49930 
3 49658 85908 67197 
3 15667 10904 62264 
3 99625 80680 85614 
3 60279 33285 9552 
3 83670 77749 27652 
3 47453 19912 55647 
3 23561 92915 64417 
3 714 35782 44566 
3 58555 96749 33812 
3 21932 85919 40111 
3 52055 30249 68969 
3 5856 88534 21762 
3 11624 58250 58426 
3 54009 72508 51148 
3 63621 56987 84976 
3 84897 27521 75875 
3 72986 88398 65651 
3 66880 47298 19923 
3 6960 43201 93912 
3 3025 41305 28040 
3 63027 55636 70206 
3 32722 75130 97011 
3 78183 54998 81002 
3 26376 61223 95074 
3 82034 38714 46473 
3 72620 40702 52306 
3 6359 48414 33286 
3 38507 1641 31188 
3 64147 57425 27589 
3 71512 1096 23869 
3 70497 89100 19956 
3 62842 21138 52548 
3 9850 79660 65180 
3 18620 78224 7760 
3 37297 1022 28998 
3 91070 67761 99731 
3 38921 29464 5314 
3 71161 99332 98836 
3 54747 5346 43959 
3 93825 67086 49320 
3 27839 88851 59759 
3 37016 72762 87595 
3 60143 32678 73777 
3 70178 67361 57560 
3 91102 37464 85084 
3 86688 70910 74957 
3 70936 6457 40908 
3 75925 23756 29089 
3 51767 10598 51538 
3 38629 14122 56388 
3 76788 68247 82504 
3 46637 92335 52052 
3 14748 34658 35006 
3 47666 71441 12455 
3 30028 64087 31283 
3 89003 5828 18272 
3 73811 95202 85050 
3 96649 23795 29507 
3 84340 55419 34954 
3 1442 70969 11473 
3 58076 24980 93572 
3 54659 17619 80312 
3 63550 78646 24301 
3 15462 65673 39310 
3 78250 96802 20562 
3 28530 20884 36113 
3 81796 4121 54253 
3 16608 85158 40300 
3 15208 78159 58418 
3 35995 99534 28050 
3 98713 38091 78497 
3 27058 15684 85269 
3 1524 7516 23202 
3 89130 76727 87074 
3 23061 30238 99203 
3 96343 66586 31138 
3 57355 73161 87323 
3 9980 19763 52140 
3 6215 32842 81239 
3 61551 63297 1654 
3 60424 37560 28609 
3 24260 92674 82669 
3 75828 74995 75935 
3 56345 78164 90454 
3 86771 44880 23039 
3 62687 11598 98601 
3 87274 11780 45981 
3 10135 69603 36068 
3 43056 10563 33492 
3 47160 17300 43695 
3 96841 49065 43873 
3 9385 8052 45337 
3 92315 85361 41716 
3 79674 8583 63767 
3 77353 26891 65716 
3 10587 59953 97284 
3 301 6317 31948 
3 62405 50862 78639 
3 84446 77095 93571 
3 8832 95327 47349 
3 86481 55334 41445 
3 76824 88369 58666 
3 23806 1165 16249 
3 91014 15045 29466 
3 16987 31236 19997 
3 42673 18841 64602 
3 58269 14146 69104 
3 71779 27791 77822 
3 65752 71950 18038 
3 53133 46944 59654 
3 26022 13770 9599 
3 67662 85073 55652 
3 72952 86127 58586 
3 32365 52318 58219 
3 24042 69457 23493 
3 2230 1711 33712 
3 53880 36795 81490 
3 42243 32711 10533 
3 66507 92984 87478 
3 15302 72783 19773 
3 89325 79365 25446 
3 90348 45050 30984 
3 42865 53508 52353 
3 13632 81024 43050 
3 11010 5575 96389 
3 77626 99005 7363 
3 8422 98212 10962 
3 11898 46244 66775 
3 3187 47238 12942 
3 23273 1855 23713 
3 53981 34184 80952 
3 20653 94434 76435 
3 35339 52419 32889 
3 19719 6413 41110 
3 83973 91339 32748 
3 38127 81579 54060 
3 17180 53595 26358 
3 54257 57210 64416 
3 22799 27584 6440 
3 9340 33136 80271 
3 94496 29955 37270 
3 87564 14072 20715 
3 90166 30019 63087 
3 73266 21378 47465 
3 80874 10532 17899 
3 91494 51213 45947 
3 69149 284 73090 
3 12017 79137 39515 
3 43617 4125 83239 
3 83824 42398 83325 
3 55656 15864 48238 
3 83805 818 43150 
3 65105 10939 17613 
3 89280 75113 60825 
3 98445 75286 31168 
3 36263 56949 41586 
3 13690 64403 45845 
3 7861 13472 72460 
3 84415 31811 37921 
3 78859 89399 97741 
3 87044 44433 18225 
3 45155 88815 14870 
3 71838 59722 8046 
3 5089 89719 72376 
3 80573 36530 79348 
3 4865 99303 49938 
3 39647 71125 47487 
3 66956 26803 60101 
3 62343 54249 11174 
3 95835 17944 39798 
3 7719 34542 58146 
3 66666 55450 67646 
3 83898 74067 59219 
3 4123 70408 31977 
3 62371 98364 18561 
3 37747 63049 18518 
3 5490 85193 89333 
3 69292 46787 10240 
3 22167 50037 4698 
3 41463 43882 26650 
3 88861 82729 3694 
3 16332 81961 95748 
3 68026 37206 12713 
3 97298 15643 39180 
3 90994 69841 66498 
3 35518 2343 33103 
3 88017 93766 39683 
3 2612 46965 17942 
3 86973 98439 10920 
3 47281 85395 77059 
3 90609 73251 10664 
3 8809 60106 45527 
3 16449 11041 27949 
3 40698 5067 25162 
3 95592 66065 31120 
3 6444 49158 94965 
3 93112 92347 50075 
3 21481 71096 20172 
3 56421 42614 75257 
3 58394 12432 26533 
3 98848 2038 88260 
3 6023 15110 80699 
3 63985 79594 68925 
3 29016 23505 33155 
3 46241 81998 94706 
3 10323 41969 17377 
3 84668 85637 70032 
3 39653 28379 76371 
3 15337 95165 58393 
3 68255 27306 19834 
3 9445 77023 73336 
3 56939 92933 28602 
3 4407 21219 80302 
3 65946 16200 536 
3 23924 32518 14849 
3 62140 12006 42666 
3 90889 34988 83466 
3 31481 88314 63051 
3 66792 68905 561 
3 6330 71521 77827 
3 85478 13380 63099 
3 26995 17249 81641 
3 12371 51111 49341 
3 6115 75971 19331 
3 1255 88772 27251 
3 17948 37397 25369 
3 44724 59776 5308 
3 73369 48327 88903 
3 56128 21383 67891 
3 12730 96309 92896 
3 28991 50242 93440 
3 82700 25823 22736 
3 16686 60042 91806 
3 46701 85179 38020 
3 42317 35958 42927 
3 5021 58084 71774 
3 7290 74197 7504 
3 72022 41809 77253 
3 94646 62372 1243 
3 18153 85643 27668 
3 43995 73535 12344 
3 67786 9731 20534 
3 11434 28956 76 
3 66417 9655 5222 
3 64686 42681 77634 
3 92212 57796 41931 
3 57351 51620 77641 
3 53694 70136 15282 
3 64685 85702 96112 
3 64627 58131 99211 
3 22409 11102 67896 
3 8508 69742 21381 
3 28178 64538 60661 
3 51325 18394 93853 
3 55440 69580 28534 
3 51961 65858 42577 
3 17112 47964 44629 
3 62726 92675 66894 
3 45247 99948 93100 
3 77307 92619 24255 
3 40141 72641 28377 
3 70067 10829 75182 
3 43193 17393 32364 
3 95575 74103 13643 
3 5341 56994 49744 
3 56929 31457 86676 
3 17333 16786 7685 
3 83196 71269 3365 
3 96054 15815 27330 
3 54072 24801 49314 
3 23342 41589 23662 
3 10861 52086 7627 
3 39362 80924 88154 
3 44186 94085 80269 
3 29891 47659 24396 
3 74196 33784 88400 
3 83283 18173 75482 
3 48258 76258 91056 
3 77645 94577 78499 
3 47915 44378 65233 
3 38580 21838 43862 
3 76726 29422 73518 
3 3822 5772 62553 
3 78157 52683 30829 
3 2929 96396 51781 
3 91362 42744 8642 
3 10796 16160 8668 
3 82814 69320 63532 
3 97461 33443 79242 
3 67654 39938 35337 
3 82421 82031 63046 
3 15054 1813 1252 
3 41203 83537 26521 
3 86928 61389 14223 
3 70531 1987 77691 
3 42508 5035 62071 
3 28523 8705 10241 
3 96585 71093 72624 
3 30096 44107 42709 
3 64109 64644 45051 
3 23583 51506 91965 
3 51687 62010 90294 
3 8453 32859 70827 
3 75365 40640 47270 
3 37620 62675 4369 
3 13996 43234 23172 
3 18682 646 68803 
3 67498 58553 47592 
3 3873 59482 55741 
3 82990 84290 43401 
3 25192 52615 64961 
3 65848 6795 86696 
3 9690 92479 48486 
3 30172 41705 50873 
3 31375 85571 1493 
3 75780 60495 95049 
3 71326 84334 1952 
3 18244 42295 39488 
3 40993 66663 82478 
3 65066 46802 2672 
3 48666 59444 8056 
3 48056 80347 58524 
3 3702 33370 80882 
3 5835 91661 46782 
3 49611 94001 51578 
3 50490 48447 60159 
3 75463 61659 29681 
3 77217 47871 21094 
3 46824 58417 95122 
3 85479 67383 16454 
3 45320 17073 65557 
3 26106 48438 85644 
3 4444 10416 28806 
3 69018 30026 61251 
3 57772 85276 37828 
3 26317 2872 79149 
3 60853 34758 20275 
3 2983 68532 7331 
3 85251 20775 15438 
3 96564 28428 94365 
3 96808 69487 36998 
3 42706 95530 97712 
3 33780 17888 5356 
3 21248 88184 53543 
3 7080 47190 74774 
3 9045 12021 14019 
3 63514 75657 20499 
3 89243 92731 32087 
3 14898 20647 334 
3 7330 50531 52477 
3 30226 12732 75831 
3 30139 9759 53157 
3 32744 5106 903 
3 500 85383 90452 
3 28105 69763 91295 
3 92503 66813 22097 
3 68563 19595 33560 
3 44521 37386 64281 
3 4309 95522 12186 
3 60632 94593 32641 
3 40840 35620 30267 
3 26042 42062 23865 
3 84842 28227 73175 
3 56897 73635 31749 
3 520 86377 22879 
3 9688 17614 47883 
3 98408 23822 49148 
3 19952 49934 84590 
3 75850 22807 40854 
3 38277 28756 68622 
3 83442 63193 25301 
3 83774 29278 10224 
4 32880 98353 10382 13494 
4 7228 3525 83009 19440 
4 14317 59774 39134 74856 
4 56449 33911 20350 86592 
4 11820 99705 13145 71974 
4 28894 43257 28380 60577 
4 85121 24949 70654 69333 
4 99208 45903 53973 52962 
4 82327 81338 62968 79051 
4 61243 91721 34884 99380 
4 90745 22065 91663 83729 
4 46118 1473 24185 29343 
4 9788 62498 88299 26523 
4 55480 17370 11795 22647 
4 93606 89396 98893 4963 
4 77615 57138 95268 33323 
4 99856 89542 43954 23246 
4 73147 43191 61924 63870 
4 68030 22076 64236 39479 
4 4878 41828 45283 92754 
4 80632 13063 28111 92271 
4 49931 79636 32751 48612 
4 37214 46330 988 8883 
4 32433 7537 50736 22304 
4 35866 67539 64157 41913 
4 74923 69028 65893 29212 
4 46820 4321 6680 44468 
4 20232 89778 63358 51764 
4 61515 72440 80157 66962 
4 42646 689 74003 2370 
4 75312 11946 80285 42274 
4 63832 52711 94522 43572 
4 51158 84675 85318 77154 
4 63344 73798 98719 88618 
4 18810 44065 79842 60765 
4 26614 14430 19391 33566 
4 91837 83390 16959 95157 
4 14510 12812 50191 65535 
4 14256 96354 54931 9904 
4 12670 16340 7182 65522 
4 38024 7903 78935 91016 
4 62802 22182 51241 78714 
4 27218 49666 17852 10801 
4 61219 79211 73882 71830 
4 91398 18334 58182 35109 
4 67706 20155 49753 93879 
4 45784 70565 19315 59004 
4 89525 44213 60507 27074 
4 41857 69296 26032 64609 
4 34350 82664 22458 86109 
4 83917 21299 16947 734 
4 42154 94597 2051 1849 
4 89821 81471 20996 73902 
4 46155 42842 67719 3418 
4 34280 37104 97178 44610 
4 42961 46788 23989 327 
4 19966 52489 33737 71860 
4 5926 97816 21892 46913 
4 16679 9198 55861 17867 
4 2741 22852 6662 50209 
4 41062 79138 44746 93654 
4 79521 87851 10316 254 
4 88038 89190 28986 29048 
4 14453 59310 46512 29442 
4 38555 16427 7167 58024 
4 73820 67033 24687 42138 
4 93773 81646 8867 5876 
4 18579 37861 66420 59317 
4 21136 75196 70097 92187 
4 68141 95498 90704 52466 
4 79369 96125 22860 43888 
4 93276 97159 60741 58691 
4 576 74094 28029 25839 
4 89221 57345 41992 70725 
4 20122 96338 54296 47792 
4 73818 79671 54552 45319 
4 27221 57105 78202 76954 
4 74137 9055 3099 59614 
4 27349 44833 32411 27926 
4 42962 40532 25707 83799 
4 13280 89952 61647 31889 
4 96275 17106 96854 10088 
4 99871 96035 96319 2807 
4 28645 50302 30333 49664 
4 11666 83735 73516 94205 
4 29977 20821 83095 2772 
4 13968 18560 58922 36871 
4 24716 8 94130 67060 
4 16859 14579 77770 72978 
4 59808 77809 96791 76982 
4 93327 28699 27488 72306 
4 58651 8174 96347 86464 
4 66610 67307 14692 31563 
4 17562 92413 46763 31421 
4 5372 19243 58116 49219 
4 2685 19225 65668 11213 
4 2818 5837 22019 88426 
4 18172 81360 78959 82271 
4 91192 18843 3699 61612 
4 61376 18805 14003 29390 
4 94726 39444 21812 73758 
4 97527 20408 82783 58805 
4 23519 28376 94056 10605 
4 31497 67558 47463 90944 
4 86930 45190 57974 87727 
4 90105 5273 95564 83991 
4 96704 33279 65451 68820 
4 75299 29961 43911 67554 
4 37374 70444 70387 60787 
4 33785 5236 24460 2790 
4 89337 70144 14680 44469 
4 8695 21349 86565 68094 
4 27833 79737 99853 98917 
4 73542 75987 47271 56976 
4 18806 22534 75487 9388 
4 87487 37435 76000 96288 
4 83922 53532 81219 97202 
4 37125 55501 45889 26618 
4 52405 19111 14208 95072 
4 69256 36983 77214 70939 
4 26379 38618 50152 70894 
4 24069 2752 37766 11464 
4 77612 76875 55336 69125 
4 95621 67034 24168 55209 
4 68283 93243 98626 12425 
4 65318 15495 93180 18935 
4 89569 62791 72632 28216 
4 96851 59540 84873 82807 
4 91919 51288 2381 16714 
4 28960 97895 65621 35191 
4 3724 52426 73415 68798 
4 41685 87878 65082 85962 
4 96632 71413 53670 92601 
4 89692 78243 50995 21742 
4 58246 34551 88093 19196 
4 52529 21258 72771 40403 
4 63363 85827 86017 83686 
4 50148 9159 80459 51450 
4 74037 28082 59971 44366 
4 86765 13019 47436 38953 
4 47044 18897 81067 2514 
4 79087 91294 6487 59075 
4 60453 52892 27423 66079 
4 82907 17846 5628 65136 
4 39687 17679 35618 72137 
4 30144 28846 11039 41665 
4 6543 4707 86465 66261 
4 57141 35486 25282 42691 
4 27872 54798 49150 18767 
4 2201 70582 75159 49760 
4 76692 12575 74775 71782 
4 59232 48608 31814 18364 
4 61459 88577 85639 39692 
4 24469 59886 2579 14400 
4 67798 60943 86384 93169 
4 57128 7128 90583 51298 
4 23089 18049 85005 2761 
4 61741 70712 18162 46285 
4 29910 52528 86394 65204 
4 8227 87792 10351 6112 
4 61787 10556 53256 172 
4 59588 2289 73040 74679 
4 22284 29670 78724 52646 
4 93698 22099 63655 84810 
4 11422 55413 42515 99717 
4 4810 32009 75734 78816 
4 8663 94605 98672 99166 
4 39669 71217 51745 67290 
4 98203 23837 82451 13390 
4 89724 22062 54039 80168 
4 26085 27595 41888 69835 
4 45189 87490 53762 37561 
4 86906 31364 23454 79551 
4 37116 4016 73072 74858 
4 44769 4678 21939 25875 
4 65081 34275 47764 63018 
4 2229 97820 1903 86832 
4 41632 73891 11131 83320 
4 69432 17020 20402 99461 
4 66308 38098 36375 51070 
4 99628 69837 61168 18058 
4 8526 34363 98688 26802 
4 67406 51482 32533 97641 
4 44818 33697 76752 3420 
4 85472 52311 20302 9350 
4 97684 63636 82484 43061 
4 96237 19321 99432 88523 
4 92532 42454 91719 84802 
4 68907 56733 69884 49058 
4 32695 65896 69361 19724 
4 28493 42345 16019 64905 
4 21250 82049 64710 78909 
4 26698 16326 85371 19486 
4 42601 54477 68821 68547 
4 62554 88761 36155 16593 
4 45310 65733 22512 19825 
4 58282 31644 43003 1166 
4 20921 92482 85470 2824 
4 31586 85759 50494 47581 
4 28162 77053 41697 76850 
4 27792 25624 26994 94331 
4 58681 83073 85 34187 
4 3515 59111 4234 31420 
4 25292 65815 3242 55422 
4 57074 89751 44136 97543 
4 73306 94598 65986 2475 
4 94514 76659 43559 84950 
4 28678 18871 78821 28269 
4 67370 91645 94935 43415 
4 48822 41984 98473 20879 
4 8886 4384 85995 75010 
4 19835 16613 93837 46466 
4 72994 27458 30919 86005 
4 18996 90180 92792 96345 
4 38645 54631 64680 2606 
4 73640 19846 29691 12254 
4 53417 18382 39437 5456 
4 28353 73567 19038 62555 
4 20920 54051 38636 98418 
4 61859 83237 12040 92294 
4 99743 4990 53233 12051 
4 69370 72385 43738 91794 
4 18333 25900 4938 54289 
4 46387 49770 83164 86914 
4 49088 58579 70083 5997 
4 8915 23657 73517 15274 
4 31123 10440 40069 87089 
4 49510 56832 79007 19684 
4 26925 75246 83979 11669 
4 65494 47365 38855 52750 
4 63542 45290 87213 49488 
4 15138 76904 58481 41272 
4 38695 80555 43089 2805 
4 38703 29265 56332 37102 
4 82722 5543 34814 90996 
4 47053 27494 46026 70806 
4 11268 40481 68699 18642 
4 16863 38649 83638 35208 
4 93387 12291 27517 83656 
4 4299 5969 34719 2332 
4 56866 2037 53698 5472 
4 95160 74942 54954 81124 
4 4620 42890 97236 72628 
4 32653 91405 50821 66254 
4 57644 96669 98596 1488 
4 35652 43595 37854 59721 
4 73264 70992 84666 46309 
4 74953 87642 95048 52817 
4 32700 63009 92015 69434 
4 9425 23852 33198 53298 
4 95587 19701 20093 99080 
4 64646 85042 78704 96248 
4 11330 26262 70249 53079 
4 89793 2844 89409 65266 
4 45306 66723 71153 61072 
4 21307 11977 53952 40374 
4 49182 99667 2595 60772 
4 52048 17266 87286 66003 
4 31703 76708 12614 90168 
4 53623 64002 33044 66701 
4 25004 26163 23028 94384 
4 19198 42077 72710 61089 
4 37515 72761 43024 30332 
4 69668 95191 83785 24127 
4 7852 63262 94059 69976 
4 30902 5719 97054 55820 
4 39821 99199 73426 76370 
4 99065 63554 78987 83315 
4 19409 98269 7550 4278 
4 2493 37431 32541 73445 
4 67694 84088 78340 95405 
4 61621 13540 68173 64734 
4 42387 78975 61156 25583 
4 52336 77569 50140 89652 
4 66726 90129 72156 72478 
4 37052 25199 1085 6730 
4 49327 22648 27894 46722 
4 31826 30363 14174 33686 
4 7828 47757 1877 61540 
4 32052 40673 34889 81543 
4 32132 2853 17115 96017 
4 52075 47441 16262 42122 
4 78041 36397 96847 74302 
4 67840 14181 29101 8376 
4 78637 48595 56654 48736 
4 35103 81921 1900 91247 
4 3747 24406 90114 27530 
4 27921 82253 65476 64215 
4 92986 27084 1039 42207 
4 25545 50137 10551 30428 
4 90683 31738 22147 58438 
4 2321 68659 65258 51546 
4 32570 31626 12903 23286 
4 77031 14771 47798 97148 
4 85171 81900 57794 17991 
4 95964 13616 62876 71707 
4 53459 59178 53982 44828 
4 59695 31616 48285 25407 
4 42453 37593 14149 48368 
4 18787 189 62646 16150 
4 18121 26597 9336 37846 
4 32791 28859 1090 29383 
4 66154 5342 83394 28366 
4 56061 44684 8776 83567 
4 6325 76609 72277 56448 
4 3095 4076 59741 98163 
4 57734 80923 98861 57877 
4 70267 17446 73248 86193 
4 81234 11711 82938 99228 
4 14041 93679 74041 56607 
4 27031 2183 24599 7032 
4 83818 7039 22515 27377 
4 61587 73206 26333 42252 
4 19703 88243 34978 82362 
4 99561 84467 29908 35889 
4 69952 55193 36524 70896 
4 75976 98159 47888 66542 
4 29814 35299 8802 86661 
4 56436 2886 45778 9528 
4 43883 73020 58280 64499 
4 44379 56918 30701 50654 
4 12572 58698 7181 32224 
4 35221 36415 41258 80713 
4 75712 78118 693 373 
4 93373 91718 89762 46939 
4 47631 3100 87316 49177 
4 38162 92111 83528 55445 
4 5777 68741 68004 87242 
4 56948 59778 77061 73078 
4 35316 37175 55390 20415 
4 94941 80683 8993 18825 
4 34729 40883 34828 77109 
4 26320 12357 77780 17234 
4 68772 55568 20084 95311 
4 30576 51479 86347 77979 
4 16655 31071 85542 45525 
4 39312 18414 87115 370 
4 57365 40785 26703 11507 
4 3923 24405 5833 33601 
4 30221 37395 69406 10784 
4 16387 85719 78297 23388 
4 13841 83976 8226 493 
4 51829 60665 19961 73221 
4 79696 42442 40088 46019 
4 7690 19843 40959 42820 
4 9678 78125 27163 52662 
4 9806 90859 23419 44631 
4 72484 11111 69689 83809 
4 10361 34039 3284 67965 
4 27570 11071 64939 39494 
4 25010 71624 24536 29584 
4 10357 9465 74476 41899 
4 54438 50734 91631 11205 
4 98981 10667 78764 58649 
4 65825 85697 84743 16811 
4 4794 21198 20664 6947 
4 73311 44432 61910 44691 
4 20077 94492 93902 71677 
4 46214 17701 10194 18341 
4 65653 75464 60432 83546 
4 6378 93362 93323 60829 
4 63450 62340 95491 71989 
4 36660 64354 55033 8440 
4 9821 52401 92389 9711 
4 66558 22806 17903 64757 
4 21740 12605 53113 69354 
4 21974 98095 70792 14708 
4 84208 85492 82581 82660 
4 93383 16914 40678 51872 
4 43844 95395 1014 24462 
4 33352 92587 22467 7496 
4 31253 99051 56243 65330 
4 18235 28148 10624 21661 
4 22280 14884 97506 62735 
4 64815 62916 83840 78576 
4 54677 1941 79335 66516 
4 74881 26176 38670 96541 
4 12439 25238 49646 94642 
4 16068 18247 40642 89032 
4 31026 53254 41193 21889 
4 754 48937 39723 42990 
4 30643 12403 57252 82014 
4 82785 4319 13619 71234 
4 89071 10214 94279 81456 
4 32495 51902 42800 55626 
4 22619 54614 71084 71168 
4 65914 2686 38215 64188 
4 25178 44388 92764 43751 
4 34082 30493 87501 89681 
4 42249 41241 81869 36 
4 68093 32112 27640 67347 
4 89389 34367 21483 76951 
4 84995 8951 69652 11375 
4 35065 35375 35008 89117 
4 29683 74848 57204 35126 
4 67704 90421 62830 19450 
4 89656 47475 34786 89659 
4 41053 83740 88821 40380 
4 10191 27207 60678 2243 
4 51776 67115 12695 22131 
4 41580 99854 36074 87003 
4 84140 15468 88321 54946 
4 65075 15136 68347 72142 
4 94187 8986 91973 58875 
4 21604 94125 96312 95569 
4 52340 73045 20621 94122 
4 59909 62634 72316 99616 
4 43086 67869 44287 80865 
4 28802 68784 24592 15160 
4 95695 42310 11715 9471 
4 31458 56376 69728 27245 
4 1432 99898 59415 74278 
4 70946 51131 17380 44849 
4 86819 6160 37007 49392 
4 7092 98462 36269 77312 
4 51913 18461 64350 66009 
4 95267 86487 60924 74889 
4 33139 19902 61477 12460 
4 68472 13042 59627 14854 
4 63103 66579 26437 53008 
4 76774 30898 8557 55276 
4 10354 49179 27496 39582 
4 33849 66125 21503 55868 
4 52731 69026 56279 26851 
4 67623 23499 52501 29198 
4 28355 39175 69286 47931 
4 81014 50057 31378 57684 
4 49354 4280 61157 88787 
4 3175 33400 61449 65385 
4 86402 27722 18347 34562 
4 86648 32405 40508 18681 
4 81210 36211 21633 68272 
4 82828 2856 45716 7958 
4 60903 99671 58643 69658 
4 99716 34718 34638 20452 
4 78162 22994 31227 24728 
4 85725 29719 71718 70124 
4 78022 81423 72107 3256 
4 13804 80801 5965 79162 
4 45942 26050 38789 26261 
4 70173 54306 96594 6911 
4 46780 79723 75308 55809 
4 62409 9569 89152 6839 
4 45330 45920 52375 43998 
4 26225 5391 30464 52771 
4 37124 81590 84829 33289 
4 45943 15484 35304 44861 
4 45072 71106 42102 89711 
4 93477 9390 453 17211 
4 24959 64012 5621 94537 
4 43784 15116 92139 82199 
4 78827 33022 16232 44508 
4 2238 80701 32103 2152 
4 66530 27742 79326 90239 
4 25427 24553 65109 36331 
4 40903 93032 67153 30299 
4 98680 15396 35059 30981 
4 53346 73866 68499 41671 
4 35305 60011 30331 55707 
4 55715 85914 7838 51819 
4 11981 4095 83453 70984 
4 96034 43898 93341 76930 
4 70271 11873 24844 23197 
4 70971 3643 84614 70987 
4 87106 64567 29639 90315 
4 53229 5450 25453 51625 
4 38838 74238 99835 27826 
4 80696 87041 12941 68494 
4 38846 38198 79829 59253 
4 51523 83743 25609 84156 
4 89361 84435 52205 44197 
4 66050 32208 75900 59958 
4 93087 44305 3564 64454 
4 14848 69467 87395 24763 
4 96020 67402 94850 25360 
4 24218 40966 45013 23308 
4 76567 87590 11627 93428 
4 20970 48836 7256 56112 
4 94958 30641 29760 24058 
4 44180 36267 44915 44211 
4 7132 117 95590 26428 
4 13361 29134 81305 95205 
4 64490 58095 81483 97656 
4 89817 99316 65424 8295 
4 69127 87902 77060 5977 
4 63873 72225 94868 88172 
4 37305 1221 55871 96386 
4 70250 93893 74062 34493 
4 22499 1254 57575 14876 
4 93841 59375 96318 81962 
4 963 79146 31149 61834 
4 93511 36884 47397 9573 
4 77954 72321 2837 21302 
4 16002 28274 25131 82532 
4 64183 78832 43456 26054 
4 45351 41009 71311 62702 
4 82713 19084 78856 52791 
4 24375 71834 37559 1918 
4 53610 18029 71588 81151 
4 28615 92133 37147 23695 
4 1594 96941 4824 15714 
4 49362 37961 88147 96751 
4 894 18701 72391 17698 
4 50780 79733 71922 54686 
4 5030 317 4575 91646 
4 78989 34557 94120 83495 
4 80348 39508 99182 21092 
4 59566 84918 96142 1515 
4 44053 47510 29592 96816 
4 1295 31632 57191 28387 
4 91974 20359 7622 77407 
4 76137 87437 97370 97120 
4 36389 75470 52760 75472 
4 56745 36901 48626 33814 
4 62762 97994 12177 11827 
4 99634 46985 19514 83575 
4 64408 92061 49098 78854 
4 66510 23117 86388 3470 
4 61182 4081 33713 3160 
4 20225 88802 88076 44886 
4 82946 4237 49147 7551 
4 84171 95453 58892 16650 
4 75519 83312 16280 6605 
4 98846 94677 27146 26138 
4 20419 97229 38707 7473 
4 94343 22742 21708 21882 
4 50603 10793 35364 31191 
4 67810 35431 53920 89155 
4 42816 55543 88395 32475 
4 92971 86014 49113 50540 
4 68810 54143 63883 20886 
4 93274 53884 35170 65138 
4 26194 39007 78509 44094 
4 87154 15921 46762 45897 
4 89116 7135 73085 201 
4 43863 84954 27793 49027 
4 25451 77619 32945 81927 
4 59945 5847 60534 10620 
4 5960 1207 90185 33273 
4 77731 82590 42718 90536 
4 39192 44235 69212 18431 
4 84490 54898 50388 59589 
4 89042 3448 47316 33317 
4 24417 75338 43409 35408 
4 76694 67429 72874 7793 
4 61331 91875 18154 55029 
4 85741 51149 29337 77821 
4 23877 63927 43535 11506 
4 71094 79351 9847 91811 
4 12877 85673 74517 49853 
4 47928 13715 99715 33112 
4 24647 52456 64161 26373 
4 94992 29596 91614 6360 
4 58746 47304 6270 92526 
4 42570 71821 99580 29712 
4 13407 42624 92169 72051 
4 25702 34590 50761 30636 
4 62369 91304 24604 1604 
4 58506 42402 15002 38563 
4 10611 58196 66303 68054 
4 59442 72667 62715 69312 
4 27313 70522 75232 74895 
4 99086 49213 70847 10445 
4 26839 66693 42897 92102 
4 94214 1187 33888 16688 
4 85026 65953 29211 56874 
4 54716 94418 53279 51114 
4 80962 5493 58422 6193 
4 6406 53988 38053 69260 
4 95478 24764 86948 76872 
4 14644 12166 89083 79154 
4 30957 69695 35082 44550 
4 63102 9616 66384 74960 
4 42066 54473 59162 88538 
4 69088 97540 8276 82439 
4 20465 26493 44088 18042 
4 49005 33959 10140 12130 
4 28061 77047 62700 33060 
4 80078 75957 88356 89445 
4 94439 68489 19155 56501 
4 43639 71037 73858 93190 
4 74189 38048 44424 38735 
4 42246 81533 75446 85864 
4 45417 39710 64064 11164 
4 46213 27597 84201 15262