1628
2 8751 4674 
2 5600 9779 
2 4949 8601 
2 880 1685 
2 6189 1310 
2 8003 8367 
2 9118 5646 
2 5528 5941 
2 5696 8780 
2 9264 6265 
2 698 2280 
2 8002 3562 
2 5695 645 
2 1096 4725 
2 1164 1583 
2 8256 8759 
2 7417 2357 
2 4309 5301 
2 3777 8857 
2 5630 4606 
2 7320 2892 
2 1839 62 
2 6092 9582 
2 5859 7940 
2 8713 6884 
2 1928 6498 
2 2912 960 
2 2520 4205 
2 7053 2374 
2 7891 8079 
2 6605 6592 
2 2456 3741 
2 1866 5161 
2 7544 6601 
2 4595 9004 
2 6503 2004 
2 9730 2578 
2 7931 9991 
2 9129 7059 
2 8157 8685 
2 7859 7543 
2 4151 2602 
2 5953 1386 
2 7731 9691 
2 2095 8483 
2 1003 6775 
2 4231 7647 
2 2665 774 
2 1537 6009 
2 6946 9851 
2 4296 8695 
2 9074 9802 
2 1753 8623 
2 7872 7519 
2 3895 7445 
2 1538 6357 
2 8320 4928 
2 9700 7166 
2 7593 5850 
2 5578 7743 
2 9077 9793 
2 6111 9535 
2 4584 5865 
2 4883 6758 
2 2131 9725 
2 8395 5702 
2 559 4804 
2 1585 8816 
2 3293 5275 
2 8725 3382 
2 9493 7966 
2 8516 3553 
2 5520 6894 
2 7204 4325 
2 6370 1176 
2 6859 2825 
2 8257 5467 
2 1622 1421 
2 5625 2217 
2 7679 1598 
2 4541 6788 
2 8517 1380 
2 54 5757 
2 6172 510 
2 2618 567 
2 6818 2594 
2 8610 8531 
2 3327 6512 
2 159 4179 
2 3295 9173 
2 499 186 
2 196 9419 
2 5318 8444 
2 2750 7411 
2 8097 391 
2 595 9084 
2 1328 322 
2 6268 4930 
2 6326 2817 
2 7532 7348 
2 2128 4456 
2 1513 8291 
2 3872 6457 
2 6945 4224 
2 5893 9295 
2 7757 258 
2 9862 6282 
2 2854 46 
2 9741 3077 
2 179 3944 
2 8447 3776 
2 3510 799 
2 8724 9811 
2 2251 8240 
2 4060 9166 
2 6664 2211 
2 9664 2403 
2 5299 439 
2 7076 9939 
2 4466 330 
2 3564 9659 
2 3287 943 
2 9331 193 
2 1566 8956 
2 1435 4977 
2 5334 2866 
2 1494 2015 
2 4148 6685 
2 5011 9130 
2 9714 1875 
2 2163 4568 
2 3964 3401 
2 2942 2224 
2 3554 6909 
2 8456 6280 
2 6965 1110 
2 6936 5483 
2 3745 483 
2 3325 5494 
2 5269 2785 
2 3781 6050 
2 7328 5284 
2 1904 6409 
2 2073 5870 
2 5360 1898 
2 4709 3954 
2 42 8962 
2 545 1001 
2 7245 1740 
2 7497 1652 
2 7242 7353 
2 1200 487 
2 2511 3598 
2 8569 1914 
2 5783 5468 
2 6141 6206 
2 9258 6931 
2 7401 5113 
2 3329 8620 
2 9488 3674 
2 6006 7618 
2 4643 7310 
2 6031 2676 
2 8024 9902 
2 5749 3535 
2 9653 9508 
2 2438 2878 
2 3013 1006 
2 5004 2833 
2 8871 5711 
2 9243 6624 
2 3239 406 
2 490 4035 
2 8505 8611 
2 2237 6439 
2 4472 5450 
2 8758 851 
2 8643 9771 
2 5047 161 
2 3611 3014 
2 3915 1915 
2 7596 9459 
2 985 8556 
2 7888 7592 
2 4573 7141 
2 331 7283 
2 8172 555 
2 8537 7064 
2 7507 8584 
2 7886 4783 
2 6416 8989 
2 2210 3508 
2 8944 1607 
2 3282 8532 
2 9425 9440 
2 5109 7496 
2 1892 1703 
2 2192 6915 
2 1412 8541 
2 6763 3585 
2 806 8413 
2 6708 9952 
2 6479 7262 
2 9316 4546 
2 7642 78 
2 5722 5519 
2 2626 4485 
2 5138 1245 
2 690 9808 
2 7591 3835 
2 7271 1887 
2 822 6148 
2 3421 8167 
2 1896 2423 
2 8455 3071 
2 8210 2085 
2 9196 8893 
2 7996 3358 
2 9148 9321 
2 8014 538 
2 6153 9113 
2 438 3254 
2 7555 7953 
2 2807 3026 
2 7935 5655 
2 8369 628 
2 8179 2372 
2 1219 7614 
2 6105 8153 
2 2537 9724 
2 9015 3429 
2 6770 6405 
2 5473 6325 
2 4288 9022 
2 5076 305 
2 7900 601 
2 2281 6593 
2 8376 7026 
2 5490 574 
2 1726 9016 
2 7178 1577 
2 5618 7780 
2 5451 3030 
2 1094 7122 
2 3633 935 
2 6229 9559 
2 4795 8237 
2 9145 7698 
2 2836 5719 
2 686 8170 
2 4450 8792 
2 622 2758 
2 4267 4142 
2 6462 7186 
2 7577 3901 
2 3391 7267 
2 4197 6337 
2 810 7375 
2 8441 7626 
2 9102 737 
2 3743 9119 
2 7538 2450 
2 4367 9651 
2 5505 3530 
2 4553 3561 
2 8045 1683 
2 5947 4493 
2 1717 8463 
2 7164 3584 
2 1369 3417 
2 2628 9340 
2 2547 5169 
2 9230 947 
2 7969 2049 
2 9748 5000 
2 8111 7208 
2 7140 7673 
2 299 1071 
2 8245 2364 
2 630 1698 
2 2196 5744 
2 7700 6372 
2 3882 9027 
2 9922 6272 
2 2879 4061 
2 4647 201 
2 1765 6281 
2 1884 7070 
2 8072 1836 
2 2737 7154 
2 7723 507 
2 542 886 
2 3969 7500 
2 3323 6086 
2 6555 8852 
2 1668 6731 
2 1199 9590 
2 3426 2068 
2 9400 4802 
2 2969 3996 
2 4054 1279 
2 333 4547 
2 4581 5039 
2 5279 4254 
2 8945 4667 
2 1305 1261 
2 9761 5182 
2 7627 3441 
2 6198 4811 
2 7696 4446 
2 2120 6417 
2 3409 2056 
2 6892 1293 
2 351 5686 
2 6868 644 
2 7812 4444 
2 7789 2427 
2 846 8863 
2 2867 9733 
2 5734 1365 
2 3630 9602 
2 3909 3757 
2 192 613 
2 9906 8053 
2 1571 1294 
2 2053 748 
2 747 5551 
2 457 9443 
2 106 7534 
2 1130 5151 
2 5006 7034 
2 1692 1124 
2 8900 9089 
2 4722 455 
2 5223 110 
2 9722 7576 
2 7338 9064 
2 7747 617 
2 4848 2158 
2 2538 7849 
2 4349 9752 
2 7063 3579 
2 2026 4816 
2 2358 2167 
2 71 2799 
2 8493 7312 
2 1327 1208 
2 3202 5638 
2 697 705 
2 5562 98 
2 9189 6334 
2 3966 6722 
2 7585 6539 
2 1656 3753 
2 9565 1247 
2 2173 2595 
2 7073 7340 
2 2528 3125 
2 4198 8777 
2 5740 2716 
2 2703 2515 
2 8558 656 
2 9955 3673 
2 7945 8807 
2 7071 753 
2 2434 7005 
2 3073 8391 
2 1732 8566 
2 5948 832 
2 2876 2328 
2 8952 3366 
2 4565 7423 
2 1977 3704 
2 5794 1492 
2 109 861 
2 8323 839 
2 2600 4599 
2 899 3280 
2 1902 268 
2 8844 5281 
2 4401 4465 
2 461 236 
2 2235 5077 
2 2086 4011 
2 7155 8325 
2 2346 5553 
2 6740 4605 
2 425 6658 
2 3272 2206 
2 3258 7425 
2 5956 5378 
2 7241 9744 
2 1973 9457 
2 8314 7798 
2 3155 5029 
2 8522 1255 
2 3599 7727 
2 3117 3392 
2 3578 6550 
2 1393 8061 
2 2641 3876 
2 2301 7083 
2 5936 4673 
2 9158 9460 
2 4039 657 
2 6385 7256 
2 9251 4777 
2 3718 1295 
2 70 5524 
2 1561 3731 
2 8511 1044 
2 4407 9177 
2 9163 4490 
2 937 5152 
2 7460 6398 
2 5207 1527 
2 8315 3340 
2 5920 2925 
2 3166 9072 
2 4201 6617 
2 2172 3667 
2 8850 5675 
2 3227 2260 
2 2444 8879 
2 6155 3398 
2 7587 3381 
2 5707 9369 
2 4286 2017 
2 2092 9306 
2 5583 2838 
2 2510 3220 
2 5901 9521 
2 7130 732 
2 5541 2099 
2 8530 3764 
2 3006 3956 
2 1496 9563 
2 5345 3424 
2 6689 2906 
2 6422 9219 
2 5160 2219 
2 3131 8621 
2 2052 2697 
2 871 6982 
2 9840 9291 
2 4269 9227 
2 9223 3923 
2 1739 32 
2 3241 4181 
2 8961 5581 
2 4194 626 
2 5358 9511 
2 6666 6243 
2 5209 4755 
2 7179 3235 
2 3189 9786 
2 6984 6226 
2 2751 3859 
2 8979 9540 
2 6902 4991 
2 3437 394 
2 5733 1919 
2 1967 1546 
2 5482 2229 
2 5832 6158 
2 4602 1415 
2 488 2218 
2 1169 4897 
2 437 7862 
2 6616 6675 
2 6120 7768 
2 9504 9859 
2 9959 4594 
2 6138 8301 
2 3791 7778 
2 5013 3007 
2 8119 5775 
2 4790 7137 
2 522 9848 
2 9581 7372 
2 1947 1224 
2 3982 1428 
2 3127 8175 
2 1125 7111 
2 2152 3029 
2 6660 9963 
2 9649 5154 
2 7088 4874 
2 6642 8125 
2 7774 8030 
2 6306 2790 
2 6079 711 
2 689 2791 
2 2089 3111 
2 1943 4626 
2 7167 7513 
2 1874 5816 
2 6177 4076 
2 2976 1828 
2 9903 6091 
2 8926 7171 
2 5984 7251 
2 3812 3322 
2 1934 1427 
3 7351 5713 7266 
3 5942 238 2652 
3 9909 6305 4506 
3 2911 2896 3259 
3 2314 2169 7659 
3 2487 8448 4258 
3 1067 2709 6712 
3 6545 8720 7470 
3 9516 965 6139 
3 5866 6287 3402 
3 493 7995 4608 
3 7602 8112 5377 
3 3279 8913 7292 
3 1039 4729 1893 
3 606 3905 519 
3 2672 4946 6041 
3 2193 1932 9454 
3 3980 8032 6319 
3 582 1899 7776 
3 3231 9055 9622 
3 1610 8148 1589 
3 2695 7792 3540 
3 2519 3566 1005 
3 1457 5507 8597 
3 6639 3850 8670 
3 4049 9751 6228 
3 21 2157 7878 
3 4409 1556 736 
3 6849 750 1799 
3 3782 2125 8239 
3 3665 5751 800 
3 3453 5327 472 
3 868 950 1344 
3 5557 1664 4668 
3 8500 5264 7749 
3 1971 3410 26 
3 3170 7781 8363 
3 7990 3997 4734 
3 3693 7560 7687 
3 6411 3372 1674 
3 303 8081 2789 
3 8129 7434 4761 
3 6060 7288 8740 
3 4744 8198 1352 
3 8543 6702 4404 
3 2814 1406 7349 
3 8459 7330 4246 
3 4890 5253 7087 
3 1108 2989 6174 
3 2685 3435 6166 
3 6726 9240 9652 
3 770 1141 6621 
3 2862 3513 5723 
3 5762 7378 9320 
3 2732 5343 2176 
3 8121 7884 5487 
3 282 8930 1950 
3 5525 3664 998 
3 7184 3623 6025 
3 7168 7106 5771 
3 9404 4009 8298 
3 8477 4786 1473 
3 2713 7047 6856 
3 4964 4301 5416 
3 9144 9121 4272 
3 8830 7837 8861 
3 8123 6277 7632 
3 3759 1383 8229 
3 4549 5139 5326 
3 9956 9451 6023 
3 3756 4410 494 
3 7316 6721 4696 
3 2573 7380 7741 
3 4579 2449 1790 
3 7008 8194 3815 
3 4437 9654 2478 
3 7861 8715 4935 
3 5571 2531 4103 
3 6855 349 5796 
3 4234 786 5063 
3 120 895 387 
3 2946 5890 8201 
3 3851 8235 4675 
3 3308 3182 5969 
3 5629 784 3271 
3 8103 8402 8302 
3 198 3286 4160 
3 2494 9292 7583 
3 301 5310 7454 
3 1961 1378 6960 
3 8990 3420 896 
3 1907 5944 444 
3 4200 2365 6446 
3 9731 2526 1358 
3 3304 4319 55 
3 1824 6872 3624 
3 8768 7625 8019 
3 8060 66 4869 
3 7212 1523 8882 
3 7909 6016 8020 
3 501 5579 4064 
3 8007 4838 5217 
3 104 6544 4808 
3 3911 1617 6874 
3 8828 7269 1149 
3 9750 5929 3857 
3 9197 9152 5106 
3 3523 7 1364 
3 89 6879 4237 
3 6529 9090 2101 
3 9328 4000 2278 
3 9824 8280 1725 
3 2253 802 3361 
3 4911 7590 518 
3 9740 869 4443 
3 1978 8509 4983 
3 7846 8241 3873 
3 642 9944 8669 
3 1764 8572 4596 
3 6347 8259 93 
3 5501 651 4129 
3 3542 2164 7329 
3 9660 1133 2321 
3 6614 4364 4209 
3 8757 2567 9367 
3 2484 1991 4166 
3 3186 8733 973 
3 5868 9432 9324 
3 9277 2910 3193 
3 5436 3374 4023 
3 2855 9344 7927 
3 5965 4747 9047 
3 9296 8204 8995 
3 7882 5393 2048 
3 4453 9723 6914 
3 4108 5830 222 
3 8021 2363 1008 
3 34 9917 4251 
3 9178 684 1075 
3 3431 3359 925 
3 1728 5658 3775 
3 9613 7601 136 
3 8026 6706 2127 
3 2270 796 5905 
3 722 1112 5934 
3 342 4261 2057 
3 2303 4850 2650 
3 147 6519 8878 
3 4743 4433 4534 
3 214 4344 3525 
3 3820 2536 9658 
3 9384 2428 7908 
3 1720 2448 979 
3 2615 7335 7994 
3 8981 7260 7149 
3 3699 2338 4739 
3 1970 5402 8520 
3 3805 1346 6007 
3 6444 1616 8362 
3 5464 6644 9980 
3 9591 9132 5591 
3 260 7458 5314 
3 2778 9763 6040 
3 3962 892 9452 
3 2105 3498 2081 
3 6242 6735 5634 
3 9390 8676 1870 
3 5649 5291 6746 
3 3533 5313 8667 
3 9507 4361 7824 
3 3063 3388 9081 
3 2632 6850 3637 
3 8049 3649 641 
3 4511 1715 7099 
3 73 7253 4527 
3 2668 2535 1573 
3 3165 5311 3273 
3 5194 5382 4680 
3 7661 2742 9945 
3 3769 6369 8706 
3 9813 8033 8250 
3 6129 919 28 
3 5515 7509 8495 
3 8202 2485 9245 
3 2462 3967 82 
3 9128 4087 6467 
3 3315 3788 5278 
3 7697 6677 9136 
3 4488 2371 9137 
3 3084 1043 4378 
3 3133 5064 3065 
3 8946 8023 4358 
3 6490 982 6383 
3 6655 4749 7973 
3 1890 5463 278 
3 5021 8397 7435 
3 220 9971 5111 
3 3914 1663 7387 
3 8590 5690 7863 
3 2805 7291 1797 
3 3988 798 7082 
3 7599 9876 2305 
3 5873 8642 9594 
3 2232 1357 3586 
3 2418 3597 7473 
3 7869 6338 8977 
3 3428 1456 1827 
3 1709 7021 1926 
3 562 8980 9889 
3 9231 961 2694 
3 9123 8626 3387 
3 6414 3483 6815 
3 7151 2743 912 
3 218 8009 5315 
3 3023 6108 819 
3 3275 1789 5233 
3 3001 1136 3015 
3 6908 6420 8016 
3 4873 2824 1982 
3 5440 1930 169 
3 485 2036 5937 
3 4170 2199 6181 
3 3055 9471 4153 
3 6264 4295 5417 
3 5516 9411 2258 
3 5922 2262 814 
3 7339 2965 707 
3 5892 3188 7598 
3 4760 224 9927 
3 1933 9950 309 
3 955 8885 1301 
3 2221 3671 885 
3 8333 1954 8902 
3 8285 9749 7525 
3 4259 2529 9458 
3 4058 1738 2574 
3 3276 3581 2609 
3 3478 1399 3888 
3 3233 2121 19 
3 8955 565 6340 
3 1268 1742 7409 
3 7229 8514 9501 
3 5429 2873 8512 
3 1178 6298 7077 
3 3143 6171 6745 
3 3172 6273 1201 
3 9329 479 5701 
3 1795 5363 946 
3 4773 7674 5857 
3 9282 79 5143 
3 8093 1330 8675 
3 552 5164 5924 
3 9536 5307 3124 
3 5230 9925 8570 
3 3309 99 6628 
3 1615 2614 3727 
3 9441 6784 2212 
3 3116 226 6360 
3 3456 4290 757 
3 8997 7817 5213 
3 9338 8776 5304 
3 7230 7562 1092 
3 6332 6836 5481 
3 591 6213 6508 
3 9406 1480 3296 
3 7429 6234 8442 
3 2226 68 3887 
3 6820 6061 9435 
3 3984 1392 653 
3 3986 5497 4699 
3 128 6959 8197 
3 974 5146 5584 
3 5732 2113 8808 
3 4791 8596 3183 
3 5383 5176 7639 
3 4176 340 9923 
3 8580 3362 2739 
3 5359 4617 2208 
3 16 6318 313 
3 2107 9634 8461 
3 548 6236 4373 
3 6063 1049 660 
3 2688 1591 9362 
3 8535 6669 5607 
3 7060 4240 7067 
3 3101 2225 9695 
3 611 728 6493 
3 6707 44 8755 
3 1416 3302 3559 
3 1265 754 1068 
3 4657 5361 5735 
3 5250 401 605 
3 6756 4135 3012 
3 2183 3551 7809 
3 1722 5332 3594 
3 5577 8833 7528 
3 1430 9981 3021 
3 1054 9743 5134 
3 7236 1677 7695 
3 5977 4740 6059 
3 9093 6065 3622 
3 5968 3628 5101 
3 4533 6589 270 
3 5665 4955 8183 
3 8181 1307 4526 
3 150 818 7136 
3 8279 4078 932 
3 8187 7563 4712 
3 6321 6713 2435 
3 6997 3746 3351 
3 8868 1334 6440 
3 5329 9756 6776 
3 9035 5469 4639 
3 8858 4876 9298 
3 7855 8426 57 
3 9395 7016 556 
3 5366 5031 702 
3 8901 1404 211 
3 8870 9871 9822 
3 8508 4885 9928 
3 6831 5881 4499 
3 3827 8539 6572 
3 6741 6557 8782 
3 2852 6429 5509 
3 7890 6071 3471 
3 9337 4313 4191 
3 7648 2798 1766 
3 4724 2588 2497 
3 714 2161 5580 
3 3590 1165 8561 
3 9378 1042 24 
3 100 3841 9426 
3 1451 9973 3369 
3 9307 2446 8288 
3 2893 6988 1126 
3 5900 6580 9567 
3 3088 6307 4676 
3 7645 4815 1924 
3 3908 4504 2005 
3 838 1782 7943 
3 2336 8091 1288 
3 9797 2870 7352 
3 6851 9839 5372 
3 3300 2072 9680 
3 1023 3242 2939 
3 4585 8834 2935 
3 7744 5987 6962 
3 2554 3974 6710 
3 6974 5899 6821 
3 5191 3313 3191 
3 4022 1423 558 
3 9644 5443 1414 
3 2433 9283 1793 
3 6883 4908 4727 
3 9276 2718 6656 
3 6881 9774 9755 
3 5727 300 7128 
3 607 5088 8668 
3 9496 9261 334 
3 6556 7712 2623 
3 7681 7536 7075 
3 1152 8267 9048 
3 4072 4065 583 
3 2459 4872 4293 
3 4203 5839 8300 
3 9140 2077 6598 
3 9424 3016 8262 
3 7794 80 5933 
3 9603 2117 7234 
3 812 1454 6159 
3 5389 1214 9855 
3 7157 4507 2900 
3 1050 6649 2953 
3 3814 7415 8236 
3 6062 4120 1417 
3 5423 9062 4190 
3 4941 6585 5294 
3 8820 7715 8135 
3 5222 8835 2516 
3 3971 4545 9463 
3 526 6249 9303 
3 7420 1375 2344 
3 2616 5181 1700 
3 8435 8649 6314 
3 2246 5093 7189 
3 1315 7821 325 
3 8377 3468 9486 
3 6322 1131 5523 
3 1084 8232 2347 
3 8943 1949 6285 
3 7240 7893 1945 
3 692 7887 7797 
3 4210 6364 8067 
3 1244 9976 2944 
3 4757 3448 2109 
3 7095 2982 6464 
3 6891 6804 4339 
3 4395 8599 857 
3 6175 7421 8798 
3 9918 3357 9466 
3 7020 2781 205 
3 2646 1916 5042 
3 9213 811 2141 
3 5517 3076 3808 
3 844 2454 1819 
3 1045 7974 7772 
3 6003 75 8842 
3 3017 5691 4405 
3 3963 4175 4619 
3 5673 9391 6356 
3 8831 1443 7597 
3 5875 1385 7127 
3 1163 1558 5633 
3 3472 5545 2342 
3 9210 7922 672 
3 6260 4846 1998 
3 2548 6618 4229 
3 6698 9937 9553 
3 5878 3846 5925 
3 3680 4479 4521 
3 9986 4278 7215 
3 345 4651 9455 
3 2234 1440 3377 
3 1626 7413 7991 
3 7523 8471 1553 
3 7018 1958 5514 
3 5522 9677 9965 
3 6448 443 2922 
3 2481 4840 8600 
3 2506 5587 4093 
3 977 3169 2395 
3 5596 5663 9908 
3 924 7617 6187 
3 8406 3733 2738 
3 8258 5227 6118 
3 8897 604 5084 
3 7915 9066 5195 
3 7199 5122 4766 
3 4187 6137 7545 
3 8662 3856 2898 
3 6663 5611 670 
3 9982 6371 8635 
3 986 8174 43 
3 1468 9870 7066 
3 8738 8136 6718 
3 9204 3091 9571 
3 8515 1936 2181 
3 400 6259 9819 
3 712 5057 6983 
3 853 5910 4298 
3 4810 1226 274 
3 5945 4331 7546 
3 7384 7324 6634 
3 7649 6875 9738 
3 5550 5438 4721 
3 8559 8999 6492 
3 8269 4695 3879 
3 2579 4040 1091 
3 2748 3754 2803 
3 7174 1550 8357 
3 2606 826 3793 
3 2013 5610 1771 
3 8429 6052 2273 
3 7510 4329 8982 
3 8440 38 4812 
3 6865 9852 7791 
3 4300 6507 9863 
3 6800 8462 4356 
3 2133 9729 539 
3 1254 8233 3907 
3 94 1741 3447 
3 6837 2815 375 
3 3397 8114 2136 
3 842 9842 8890 
3 3690 3487 3128 
3 4196 3877 7163 
3 5458 2165 9487 
3 9635 430 4713 
3 9415 2559 5002 
3 4380 4398 5476 
3 7176 4459 5789 
3 2715 5765 3918 
3 2388 477 6380 
3 7853 8526 5162 
3 3094 4132 6116 
3 6438 8405 7085 
3 5066 2082 755 
3 4831 4412 5533 
3 9506 5613 372 
3 8329 1838 7926 
3 9764 5390 7690 
3 7146 3881 6410 
3 5132 6797 4133 
3 1597 3760 5439 
3 4769 7512 2291 
3 253 2800 1331 
3 1856 7760 4382 
3 8042 6939 8424 
3 3284 8779 5786 
3 1487 8691 1636 
3 9878 433 2175 
3 6455 3629 9865 
3 2011 1079 5940 
3 4307 1037 6413 
3 5564 2116 4996 
3 8699 7152 6164 
3 5555 4803 688 
3 3702 7852 69 
3 1171 1012 2784 
3 9380 1087 7341 
3 5913 2366 813 
3 6303 1082 9843 
3 8524 9781 4019 
3 1187 9676 2977 
3 374 5237 2466 
3 9279 8166 5693 
3 5276 6017 8065 
3 9161 6304 6199 
3 8752 5688 3728 
3 4658 449 5073 
3 1500 5797 154 
3 5026 6938 3580 
3 4322 7058 2191 
3 6540 3383 9895 
3 8775 3730 1888 
3 4353 8905 7902 
3 3556 8344 2059 
3 6276 3689 9530 
3 6612 8811 5955 
3 9997 7803 5697 
3 6235 1849 6254 
3 6362 1089 4226 
3 4779 9988 533 
3 2021 1611 116 
3 3394 3939 2561 
3 9033 4006 3396 
3 7382 450 2352 
3 1702 2734 2860 
3 5121 4726 1476 
4 8604 9640 496 2480 
4 7571 5604 7758 5847 
4 5293 1034 9052 11 
4 1345 2907 67 8744 
4 7108 5637 9386 7652 
4 3762 4736 3368 7162 
4 1433 1825 3041 4938 
4 8489 2643 6803 1215 
4 883 140 6027 9815 
4 2681 2808 249 7308 
4 825 6015 894 2846 
4 8854 6026 281 7827 
4 9626 4189 191 9827 
4 8884 8036 4381 8430 
4 4586 157 9160 7480 
4 1100 2007 5737 3831 
4 4158 4582 3669 446 
4 9262 4346 5128 512 
4 2544 1232 1432 543 
4 1876 735 3843 7924 
4 3292 8809 5068 8010 
4 7412 4971 2745 3092 
4 9408 6575 1701 2706 
4 2067 7683 6301 6996 
4 255 2829 504 8564 
4 3942 6980 4455 4818 
4 706 3027 6302 7104 
4 7043 3860 964 1508 
4 9311 4126 4445 5983 
4 531 8340 782 8221 
4 7112 8176 5748 335 
4 9993 3884 6055 9124 
4 2727 9482 9992 4001 
4 5512 3612 4118 2130 
4 5592 2298 8306 2644 
4 1661 7840 4238 7680 
4 4066 5280 639 5636 
4 4700 6944 4162 5404 
4 421 5204 3197 7188 
4 9051 7456 8322 2441 
4 4711 3621 2607 2593 
4 5447 740 9893 910 
4 1373 9157 7947 8639 
4 1499 6149 6300 6011 
4 1206 6437 7638 9543 
4 1968 1780 8922 7131 
4 942 9753 6351 9557 
4 8416 8770 9720 8096 
4 1631 6581 23 2018 
4 6070 8519 7574 6683 
4 6099 7503 1895 2857 
4 3930 2145 2257 8959 
4 1750 1986 7345 5716 
4 2326 1812 6554 2967 
4 2563 8171 7676 3234 
4 76 2759 1748 3120 
4 121 4183 4600 8869 
4 4780 758 8875 160 
4 2186 6562 273 5884 
4 6103 1691 1117 2091 
4 2576 6451 9580 6607 
4 8548 8349 7062 1855 
4 7621 2098 6732 3926 
4 6525 2413 2818 5803 
4 9235 8533 6173 5428 
4 2909 8423 9242 1077 
4 8099 3635 603 4770 
4 441 4094 1135 7820 
4 6144 2465 244 1481 
4 4168 1564 6058 6051 
4 2033 9249 295 5559 
4 2611 6715 5140 6367 
4 9431 5991 2379 6014 
4 884 7452 5065 8866 
4 2020 6846 983 4845 
4 3823 9821 3569 1921 
4 209 9544 6192 7628 
4 4931 7769 7356 7654 
4 6901 8450 9823 3203 
4 8178 6994 6122 9233 
4 7539 610 536 3981 
4 6787 2244 9588 6312 
4 9043 5282 9498 1308 
4 1918 8971 749 3236 
4 2500 7581 801 8554 
4 392 5353 3638 7117 
4 8393 6408 1367 6638 
4 6957 8068 2111 680 
4 2000 691 7721 9382 
4 4555 3678 7406 3370 
4 5024 8077 9940 8185 
4 6233 4904 775 8293 
4 5641 4463 4774 1148 
4 8062 9433 8139 1300 
4 5003 1319 5706 5990 
4 3970 142 423 2705 
4 442 6514 3589 3645 
4 9280 2324 491 1030 
4 2553 8540 1227 4932 
4 1511 357 2031 7298 
4 7811 5631 9193 3752 
4 5441 3870 6696 6054 
4 1512 2431 2034 1442 
4 9475 1284 1758 8035 
4 1090 9737 551 6279 
4 7033 2916 175 360 
4 8575 4393 2 1189 
4 6753 3268 3473 8226 
4 5067 6401 4271 3082 
4 6737 6992 5336 6576 
4 1712 9832 7611 8109 
4 8805 1439 4375 7109 
4 4896 6345 4906 7361 
4 7091 7303 9625 9327 
4 7254 8334 9550 7732 
4 3891 4408 7093 1555 
4 9576 6450 3711 9096 
4 6002 5225 7766 909 
4 5513 7476 105 8054 
4 849 5770 1721 6823 
4 6178 7098 1505 5493 
4 7667 4517 3083 8819 
4 7086 2950 1957 332 
4 9866 4847 1177 3504 
4 5781 817 4225 1695 
4 2725 6311 5271 440 
4 6201 8154 3604 9409 
4 9046 6977 1213 609 
4 4550 4574 405 497 
4 4610 1619 5725 1372 
4 366 9816 8629 5190 
4 2288 2471 3786 4357 
4 3256 7294 9882 1621 
4 4942 7516 6947 9165 
4 1579 584 1337 7520 
4 2032 2482 9739 2712 
4 7954 4074 6342 8118 
4 315 9803 3442 6392 
4 7860 4291 8498 930 
4 5072 1360 1085 4564 
4 4976 414 9079 1144 
4 785 9573 7295 6097 
4 1516 8381 1204 6652 
4 9646 6196 5952 1170 
4 7194 12 3343 7101 
4 9207 3036 7739 7472 
4 9267 9465 4053 2331 
4 3968 3493 18 9890 
4 1785 4539 6930 1014 
4 7634 3921 6256 5946 
4 7084 5759 6825 7477 
4 7980 6932 9757 2981 
4 2796 9799 7976 129 
4 4138 39 5466 3516 
4 2373 9788 2394 5959 
4 8275 5994 51 5616 
4 7048 3140 2662 123 
4 9134 4554 5277 3034 
4 2187 377 8108 6465 
4 4918 3248 1502 3712 
4 1359 2749 2100 2097 
4 5141 8696 4570 1316 
4 5767 5602 8278 8928 
4 5593 2316 1580 5048 
4 5144 171 5236 6893 
4 7829 4281 2041 6441 
4 8101 4523 939 407 
4 9234 7403 1182 2320 
4 7705 2658 9633 1010 
4 6709 1212 9126 4131 
4 311 8682 5245 2112 
4 7031 8796 9410 2075 
4 5005 8717 3625 5565 
4 4188 1852 1318 2476 
4 6186 9884 6538 677 
4 4470 4950 2689 2149 
4 3222 5454 845 7531 
4 1791 7405 1444 7937 
4 2962 9256 31 298 
4 4973 3924 6537 7949 
4 8529 6533 515 9480 
4 5820 6056 8992 2707 
4 3545 6888 285 1942 
4 1658 6190 5479 8747 
4 6216 2198 723 5348 
4 2539 6096 5156 4995 
4 7217 3130 9364 4994 
4 9958 7282 4916 759 
4 6571 7527 2802 6085 
4 6101 8050 3684 4665 
4 3541 640 3445 1374 
4 6772 7161 1999 1897 
4 9972 2039 1402 4374 
4 4863 5588 8000 6257 
4 3341 2699 2050 2093 
4 6424 3314 3520 8671 
4 2586 6885 7419 6541 
4 7396 4007 4340 968 
4 5861 4870 7201 7989 
4 4557 8360 1525 7311 
4 2996 1680 4969 4628 
4 7722 2902 1604 2474 
4 6150 5150 9795 3550 
4 1846 4590 5739 2997 
4 4644 8253 3114 2792 
4 6954 3419 4371 3687 
4 3353 3033 5574 4915 
4 9188 2294 1548 9929 
4 7842 9150 8339 7964 
4 5051 6021 6316 7243 
4 3266 2847 4227 4746 
4 5095 3211 5349 5246 
4 7779 6611 5828 6887 
4 6348 8756 1858 2840 
4 177 7759 7227 7323 
4 3867 8425 5211 3795 
4 8001 756 6255 1495 
4 3960 5385 8822 6241 
4 5978 7504 6511 6379 
4 9154 3720 1025 5687 
4 906 2103 5240 9059 
4 4302 647 981 4255 
4 4171 2327 7081 221 
4 5801 1088 2337 1363 
4 7366 9109 4122 721 
4 2974 563 2230 7529 
4 5785 4645 4105 7604 
4 4500 7569 3874 2079 
4 3529 2455 6610 9735 
4 1028 431 7369 367 
4 2353 3592 5656 5135 
4 6641 7868 3348 7845 
4 5302 1517 9867 6382 
4 2170 1551 3801 629 
4 4477 4947 2178 8058 
4 3855 588 4653 5535 
4 6104 4889 5657 3934 
4 5367 243 730 5852 
4 6942 1910 2780 4127 
4 9614 4860 7193 9697 
4 7428 271 1976 49 
4 3161 7950 7717 3991 
4 6853 5919 8591 2083 
4 4396 1659 489 9110 
4 3509 5855 1231 4841 
4 8216 6297 1802 5328 
4 8070 8365 7317 230 
4 7666 7905 8470 4833 
4 7216 1540 6204 9905 
4 2118 4954 2872 1458 
4 6125 2063 8628 5145 
4 5999 37 7561 2393 
4 1403 1635 2025 5858 
4 3894 4762 8617 5784 
4 3037 8954 9212 6232 
4 9643 5652 4768 7410 
4 3207 5083 9345 6674 
4 5957 6890 8206 5028 
4 1382 3255 4005 6278 
4 1917 7644 3225 5766 
4 4333 9236 2914 5110 
4 7274 1642 5752 633 
4 3247 3451 6045 667 
4 180 6193 1834 7414 
4 1259 1666 5640 8227 
4 6317 1981 9224 365 
4 6435 1708 3736 8037 
4 3863 9678 9587 4681 
4 5834 2447 2228 8991 
4 9464 1339 2575 4123 
4 8973 3716 4062 5807 
4 636 3755 9001 6790 
4 8066 1061 6524 5997 
4 5741 6532 380 5787 
4 6030 669 7004 2501 
4 8683 8573 1446 9174 
4 1262 2521 6635 6469 
4 8761 3085 7999 47 
4 4282 2146 4146 8191 
4 3097 4641 7003 3994 
4 5124 2038 2938 8371 
4 4583 7844 4316 893 
4 4208 4702 3205 4220 
4 5678 5831 7379 6832 
4 2383 3107 3044 4471 
4 5793 5424 6008 2871 
4 6227 2355 8335 3395 
4 3975 2636 6132 6495 
4 8933 2951 8113 4577 
4 1452 3446 5368 1322 
4 2812 8612 352 7762 
4 9477 6720 9182 3025 
4 4028 9834 7289 4204 
4 3892 2334 3320 5418 
4 3403 4529 1185 8953 
4 1644 5902 4280 837 
4 6743 1651 6284 787 
4 2889 5082 6643 8553 
4 4836 2772 5035 941 
4 995 8998 2923 3608 
4 8800 3734 745 8883 
4 1883 5477 8817 8655 
4 5374 741 3162 2220 
4 5489 8771 585 2387 
4 8659 3243 9389 9069 
4 81 7259 4431 2820 
4 5774 8193 527 6711 
4 6999 6366 7314 7916 
4 7000 1602 7556 2440 
4 5172 7551 5826 2630 
4 959 9583 9010 963 
4 6653 771 8466 4260 
4 3146 962 3454 4797 
4 9690 4943 8666 6530 
4 8140 9288 2667 4814 
4 9631 938 8927 4362 
4 9420 2980 6080 4855 
4 8414 5220 8076 9539 
4 466 7925 7967 5322 
4 6188 3681 9689 1466 
4 8656 9926 7014 638 
4 288 5503 7775 7332 
4 7788 2070 1086 265 
4 6290 417 9636 7566 
4 1296 4778 9492 1354 
4 5918 3126 1211 5130 
4 6373 854 1759 465 
4 189 5116 5684 7740 
4 5155 7684 9353 4283 
4 1980 5996 210 6781 
4 8217 1332 9484 3700 
4 5595 537 404 2917 
4 7838 7135 4715 5187 
4 5102 7463 8542 5679 
4 77 8451 3787 3789 
4 7486 5354 1612 5692 
4 7257 725 4418 557 
4 1241 2674 3490 9883 
4 3318 9812 7819 5928 
4 2638 8475 6754 2514 
4 5459 4149 3807 4435 
4 7975 1437 3973 5980 
4 2984 1800 9201 2550 
4 2671 9180 6315 8474 
4 1320 4655 6717 7252 
4 6270 1419 827 9085 
4 134 7072 6985 2308 
4 502 7424 3138 6793 
4 9023 6336 304 4669 
4 239 2137 8330 5548 
4 1716 9381 744 2565 
4 6157 1081 3110 2047 
4 7983 9896 371 1118 
4 3206 7564 370 6654 
4 3832 8918 3792 4169 
4 2936 48 2929 856 
4 5698 1649 4213 1438 
4 8889 6459 8209 9285 
4 6912 9810 6869 5274 
4 7802 5261 8375 6483 
4 7879 2592 9673 3212 
4 5178 3047 1168 2533 
4 4306 8614 5849 165 
4 8994 9726 5364 3724 
4 8160 6907 215 1216 
4 1497 9317 4819 3277 
4 5396 2507 710 7997 
4 7485 517 2968 6848 
4 9856 6989 5320 890 
4 1491 8778 6841 2290 
4 1559 3064 1160 1129 
4 715 5286 5259 6509 
4 768 7391 971 3332 
4 4959 6184 7402 6762 
4 2457 5167 6078 5129 
4 6755 5085 3260 1155 
4 3328 7121 4164 6966 
4 6484 6769 2180 8044 
4 8859 453 87 3031 
4 5729 2933 8457 6826 
4 2859 9315 3281 4944 
4 6109 3922 9037 7125 
4 7608 6928 1302 8268 
4 7972 1 903 7268 
4 9647 5174 2582 4385 
4 2106 4337 7492 4748 
4 4508 7395 6716 1535 
4 3890 8950 8304 2523 
4 4368 1504 1654 2663 
4 9694 6604 9804 2752 
4 2323 897 5008 1878 
4 1269 8914 3062 7451 
4 8384 7706 8401 5632 
4 1807 9398 9569 5373 
4 1669 5915 5189 6047 
4 6200 9056 2302 1198 
4 3019 9641 8184 8064 
4 4580 834 9332 1975 
4 8396 9554 9428 4036 
4 2012 5412 8848 6089 
4 1161 9026 9138 3216 
4 6195 5075 6878 6777 
4 3560 7051 5241 341 
4 2645 9218 4037 8370 
4 7280 5908 176 596 
4 4867 3985 665 3666 
4 7671 1121 4933 9003 
4 1520 7651 5149 1461 
4 5218 2993 1046 2970 
4 6560 8120 4004 4075 
4 8743 1524 5895 7039 
4 2891 2986 1806 2966 
4 6534 3646 3686 1401 
4 4163 5993 1697 8687 
4 2775 8701 7668 9772 
4 3375 148 6391 456 
4 1445 7467 9892 389 
4 821 2265 5976 5960 
4 114 2971 8479 6481 
4 9979 8332 9413 525 
4 3858 3614 3670 820 
4 8862 4664 1281 6926 
4 3694 448 7296 9355 
4 9106 4460 9814 5804 
4 6218 5813 970 4501 
4 767 9844 8374 8968 
4 6246 5708 1278 618 
4 7978 1472 3600 10 
4 5963 2721 9833 5474 
4 8124 8018 2806 4542 
4 9275 7622 1277 3517 
4 7939 9932 1102 1989 
4 3949 5399 7883 7682 
4 4292 2470 7941 6219 
4 2263 6220 1390 503 
4 2255 9271 3288 9405 
4 1684 7984 7089 4957 
4 4809 9421 2952 8576 
4 5615 2042 4604 1107 
4 4387 9472 2236 4491 
4 646 6044 412 3995 
4 1606 7287 9716 6528 
4 2985 2345 7302 5449 
4 2856 7537 9018 8912 
4 4759 9008 2359 9284 
4 399 9116 3137 1209 
4 1257 7831 8394 3593 
4 8281 279 5648 9222 
4 8497 5540 2453 2377 
4 8190 9881 8653 5606 
4 9076 9604 2443 8200 
4 3269 8924 5654 6603 
4 9509 4985 5394 4348 
4 5772 8277 6766 1775 
4 3732 3321 3028 3032 
4 8872 1794 7286 5851 
4 3053 9183 6955 4801 
4 1776 9684 4683 831 
4 4982 5682 1850 6110 
4 3464 3558 235 4685 
4 2505 5714 3142 6461 
4 6870 2756 3173 4277 
4 5532 1675 1387 3735 
4 8618 2651 2282 1956 
4 3251 4923 2589 9273 
4 7810 5312 6432 9216 
4 7826 681 7660 6406 
4 7965 9497 1667 8941 
4 7306 5060 8734 4823 
4 9578 6407 7988 4184 
4 2154 544 9309 5651 
4 5537 1637 8785 4781 
4 3043 4607 8326 4560 
4 4813 8141 5257 9358 
4 508 2746 7195 1704 
4 5534 1429 5842 3367 
4 9087 6569 276 153 
4 2096 64 3035 3466 
4 9570 3144 4853 4029 
4 1159 2159 3845 1181 
4 7213 3897 6117 5643 
4 2948 4114 3476 8149 
4 9623 9775 4345 6185 
4 8793 8645 700 5556 
4 4059 5062 283 135 
4 4421 2604 6829 1841 
4 2287 1900 4048 2918 
4 2134 8788 7261 3883 
4 6948 9989 8383 8703 
4 5949 5886 3215 9012 
4 6386 1422 9850 7030 
4 452 4106 5502 8774 
4 3486 2913 5316 427 
4 5244 5836 2631 4917 
4 902 9237 5208 7834 
4 204 4516 7441 7745 
4 8647 4576 8812 6313 
4 1482 145 9787 4130 
4 2940 9342 4703 2920 
4 1835 1251 7693 3648 
4 4008 4041 1157 4027 
4 3005 5148 956 2335 
4 8158 7784 8012 5325 
4 9339 3465 344 4975 
4 1282 3864 7418 1994 
4 7557 5193 7928 2135 
4 4859 7482 7364 3660 
4 990 9190 8654 8799 
4 9523 5846 1033 9485 
4 7264 6269 5247 4899 
4 6586 257 3054 3244 
4 4244 9868 9734 3829 
4 5239 8686 2490 7377 
4 1172 1263 8964 524 
4 3582 7325 8134 4439 
4 7825 4452 6963 3933 
4 3093 3219 6001 2276 
4 9828 3825 4660 1197 
4 3264 6590 2664 7646 
4 2869 8484 5704 122 
4 8313 7255 8723 4113 
4 3352 1769 876 3919 
4 6681 4248 2307 6018 
4 4449 1906 7946 1507 
4 731 1749 5009 3310 
4 9374 3539 1869 2704 
4 2150 5879 5379 2634 
4 376 9009 9430 6577 
4 14 1879 6329 1672 
4 3061 8218 2960 6748 
4 2414 2203 9879 9510 
4 738 8296 2009 7037 
4 8338 3339 9747 72 
4 9701 7158 8920 396 
4 4020 7360 8880 2809 
4 5263 9931 4531 7584 
4 234 1253 9108 2661 
4 1938 8731 9527 5037 
4 1729 420 2786 3199 
4 8947 5669 7830 4679 
4 4343 2708 5266 5672 
4 7836 296 4625 2289 
4 1142 1377 4592 5052 
4 852 9376 2416 666 
4 7132 3853 3274 6353 
4 4442 5309 2014 3869 
4 5926 9199 8117 1744 
4 6714 9299 7616 7612 
4 8342 9034 3751 36 
4 7263 5768 6757 8735 
4 217 2711 1534 8606 
4 5086 385 4390 9502 
4 2376 5570 3283 9639 
4 294 5287 8173 8486 
4 4707 6764 9450 5806 
4 2753 8215 4687 6106 
4 5413 7720 9439 7105 
4 3522 1613 7304 3927 
4 2452 3462 2926 9392 
4 4250 4391 9025 1833 
4 7408 2570 5917 9453 
4 7150 2001 4934 8847 
4 2171 7244 9333 8672 
4 4535 6967 3113 8915 
4 6049 2306 4434 3376 
4 7024 1222 7044 9179 
4 8130 7358 1397 7854 
4 8260 2675 1911 4070 
4 773 7258 615 7371 
4 9065 9541 3993 9699 
4 5844 3519 6964 3672 
4 3989 1872 5660 2934 
4 6114 1552 6224 4285 
4 1203 4207 3069 0 
4 1530 4519 8891 3575 
4 3740 1078 8478 3932 
4 1736 237 170 8932 
4 5053 9479 4705 9916 
4 368 460 5992 2330 
4 7761 6673 8436 5863 
4 1763 3153 6863 3790 
4 1842 4089 9083 5192 
4 7801 8557 463 6808 
4 6377 5430 9422 4737 
4 6546 3122 9687 9835 
1912929