1628
2 7593 8831 
2 9228 1762 
2 8276 4287 
2 1458 7036 
2 6143 3824 
2 180 7446 
2 254 3396 
2 4242 7688 
2 5766 9279 
2 2735 3105 
2 6990 9594 
2 6345 7361 
2 8337 2171 
2 7532 6241 
2 9944 7386 
2 7587 2652 
2 3214 4332 
2 897 2131 
2 6109 6885 
2 4068 478 
2 7105 6799 
2 9488 4040 
2 9640 6176 
2 7623 6520 
2 7769 9719 
2 4171 1909 
2 9368 2285 
2 4070 1136 
2 1976 2894 
2 1710 8926 
2 2064 4688 
2 5520 5249 
2 7900 3652 
2 1515 1132 
2 1 2660 
2 5838 4300 
2 6592 6715 
2 1980 8288 
2 5305 8746 
2 522 6703 
2 8722 953 
2 7578 2168 
2 3571 1854 
2 1338 416 
2 685 5431 
2 754 7471 
2 7015 7172 
2 6073 5371 
2 2375 799 
2 6536 7266 
2 5311 3634 
2 8725 1334 
2 113 2175 
2 6401 3343 
2 6061 712 
2 9509 5990 
2 2511 5274 
2 8535 5686 
2 9391 7205 
2 3180 7873 
2 3175 5144 
2 5602 9001 
2 1323 4010 
2 8756 318 
2 4252 3425 
2 2897 6121 
2 4811 4569 
2 5701 2480 
2 3871 168 
2 2968 7743 
2 6463 1461 
2 6581 9134 
2 5128 5230 
2 187 6278 
2 8361 8228 
2 4505 9812 
2 413 6818 
2 1256 4527 
2 8281 4736 
2 1230 5791 
2 458 7134 
2 8503 5118 
2 2528 6177 
2 9669 9215 
2 598 2683 
2 2034 5756 
2 3145 7482 
2 3654 6173 
2 8488 8444 
2 4666 6287 
2 7405 7381 
2 9924 5717 
2 6125 3041 
2 4000 9761 
2 2924 1332 
2 6841 6151 
2 5543 1229 
2 3346 6136 
2 1497 9656 
2 559 8317 
2 1927 5962 
2 5102 7011 
2 643 2066 
2 5314 5734 
2 2196 7200 
2 9207 4341 
2 9957 3736 
2 9854 2139 
2 3033 9994 
2 101 1436 
2 8977 3684 
2 9218 3300 
2 161 1784 
2 5694 655 
2 6623 3337 
2 8182 3177 
2 6883 6751 
2 8681 5902 
2 7649 6430 
2 9004 9771 
2 1675 5866 
2 8016 8721 
2 9300 7328 
2 3315 8359 
2 4867 2919 
2 222 1685 
2 7679 2732 
2 6899 8550 
2 2182 9471 
2 6242 5316 
2 4043 2824 
2 5329 8194 
2 4143 7317 
2 4473 9452 
2 2241 8687 
2 5588 7483 
2 6225 1815 
2 1442 7850 
2 2450 8161 
2 9457 7846 
2 7823 3955 
2 6937 6532 
2 3354 1574 
2 2310 4293 
2 9652 3406 
2 6837 3730 
2 4985 7127 
2 8458 2083 
2 5746 2766 
2 6324 4072 
2 2788 2363 
2 490 1580 
2 3534 8054 
2 9671 1618 
2 6716 3219 
2 210 7330 
2 6212 1356 
2 9898 5738 
2 8511 8115 
2 339 8961 
2 8672 7526 
2 7151 4075 
2 4511 3209 
2 0 6077 
2 2137 9114 
2 3898 8972 
2 1998 8619 
2 3565 7627 
2 9978 5860 
2 7068 4052 
2 4058 560 
2 2079 815 
2 9285 547 
2 8922 1886 
2 1657 8164 
2 9421 3459 
2 8234 604 
2 765 3595 
2 3923 3290 
2 746 9935 
2 3345 924 
2 9531 7194 
2 1523 8840 
2 4338 9931 
2 8310 6760 
2 5847 6725 
2 2163 1853 
2 9826 7690 
2 8690 6779 
2 2348 9752 
2 5294 4004 
2 6721 8601 
2 8008 7662 
2 5383 7080 
2 4364 4275 
2 1219 1876 
2 173 7281 
2 5956 2073 
2 8286 6949 
2 9572 9764 
2 7294 8749 
2 5009 5135 
2 5509 2506 
2 6651 1562 
2 8599 2025 
2 5065 6459 
2 8350 4481 
2 9517 8747 
2 6940 1839 
2 9542 9783 
2 2280 2429 
2 2238 1286 
2 2870 9352 
2 169 8110 
2 8878 1564 
2 9691 2499 
2 6978 8935 
2 4253 1011 
2 1133 898 
2 3896 2592 
2 6295 7180 
2 5566 4871 
2 6450 3054 
2 1500 5340 
2 2401 8434 
2 8988 4339 
2 7895 7553 
2 6044 363 
2 2246 6147 
2 7181 9548 
2 4159 2096 
2 8933 9045 
2 1290 4897 
2 6114 1672 
2 129 8500 
2 3548 5682 
2 8039 7495 
2 3467 7748 
2 9576 4095 
2 9970 3965 
2 1540 5675 
2 7997 307 
2 8953 7943 
2 2975 1635 
2 4056 2798 
2 8012 6354 
2 9104 9440 
2 1070 5699 
2 4069 3155 
2 3745 5612 
2 626 352 
2 9041 1097 
2 4847 3529 
2 6863 4929 
2 1542 8006 
2 412 7185 
2 7515 7458 
2 7275 1915 
2 6852 1739 
2 734 2941 
2 5617 3621 
2 8944 9148 
2 2617 5685 
2 8240 2959 
2 7550 9503 
2 1900 4088 
2 8128 4978 
2 3523 7882 
2 2030 2850 
2 5194 762 
2 2207 8237 
2 1328 1841 
2 8287 785 
2 221 4619 
2 3790 9920 
2 8665 6461 
2 7466 8777 
2 9747 8168 
2 8134 9100 
2 2866 2771 
2 9077 6892 
2 8589 4215 
2 3295 7322 
2 4403 7693 
2 4924 2075 
2 3981 6903 
2 9842 4036 
2 7579 8642 
2 8560 3762 
2 8410 2264 
2 3375 7542 
2 9999 6778 
2 5581 5799 
2 7111 6659 
2 9616 1697 
2 5169 7531 
2 6926 9205 
2 1682 594 
2 7753 694 
2 3525 4998 
2 6209 4794 
2 2388 2911 
2 8303 3395 
2 5260 2118 
2 1135 5046 
2 5162 4135 
2 6946 9627 
2 8716 6299 
2 6174 3125 
2 4677 8056 
2 4353 8208 
2 7840 8089 
2 3449 8797 
2 5987 1449 
2 3987 8736 
2 3897 3541 
2 5079 2385 
2 572 1572 
2 3586 5488 
2 4925 5215 
2 8903 9609 
2 2666 9051 
2 2853 4059 
2 463 9946 
2 4761 8083 
2 9064 9324 
2 9726 2669 
2 3327 7836 
2 9319 4035 
2 8861 5830 
2 5276 4084 
2 9154 3117 
2 7910 5233 
2 1295 5475 
2 2940 4629 
2 3867 8982 
2 4729 1181 
2 9874 7571 
2 332 1400 
2 7644 6161 
2 3404 8331 
2 2299 8371 
2 4825 9044 
2 4981 3457 
2 164 8849 
2 1262 3259 
2 7933 5870 
2 5112 370 
2 6399 4842 
2 1806 1049 
2 7318 4592 
2 5197 2552 
2 5344 7453 
2 5231 5989 
2 2725 6728 
2 5834 2750 
2 6111 4954 
2 3190 1535 
2 5497 4523 
2 2468 1453 
2 4344 9314 
2 3104 7944 
2 3440 1054 
2 609 7636 
2 4129 7660 
2 417 1727 
2 302 2456 
2 7269 1420 
2 9034 7783 
2 4023 3733 
2 9893 9052 
2 27 682 
2 7591 2802 
2 8344 5654 
2 8138 7560 
2 5097 6620 
2 4553 7270 
2 6669 91 
2 5856 512 
2 1399 1517 
2 4258 2513 
2 2905 7858 
2 2814 331 
2 8741 5330 
2 7647 4454 
2 5074 2406 
2 9528 7122 
2 5353 7939 
2 3581 4665 
2 1099 5125 
2 845 5027 
2 6081 1117 
2 7790 3817 
2 3833 3266 
2 1896 3726 
2 8313 8318 
2 4720 3028 
2 9097 1499 
2 2939 193 
2 4690 8538 
2 1967 2526 
2 1893 9624 
2 517 2956 
2 9005 6247 
2 7789 4872 
2 9984 4391 
2 4578 758 
2 7188 7726 
2 3495 8786 
2 9619 6787 
2 1521 5313 
2 7444 3331 
2 9371 9744 
2 6997 2012 
2 3797 3819 
2 4053 5735 
2 1819 9985 
2 4231 3785 
2 430 2352 
2 9618 9083 
2 1311 2180 
2 5476 9697 
2 2887 2681 
2 3405 2914 
2 6410 4109 
2 4373 4608 
2 9741 8998 
2 8322 7994 
2 5521 5820 
2 544 8482 
2 8785 2306 
2 6697 2234 
2 6746 2994 
2 6832 9561 
2 2272 8759 
2 6400 8085 
2 9508 9678 
2 7366 7086 
2 587 7888 
2 7522 2922 
2 1446 9445 
2 1532 4421 
2 4612 6993 
2 1415 5072 
2 1175 500 
2 7712 7313 
2 9249 1939 
2 6587 607 
2 4239 9809 
2 4177 1166 
2 4415 2998 
2 3866 3975 
2 8294 5863 
2 3522 6973 
2 7119 4368 
2 7909 3324 
2 713 7358 
2 2545 4747 
2 5947 2804 
2 1553 9998 
2 3349 4187 
2 3585 6292 
2 6466 9081 
2 9696 5824 
2 4728 9183 
2 677 6168 
2 2261 874 
2 5942 9643 
2 6932 6276 
2 154 1488 
2 1264 4525 
2 466 9425 
2 152 3702 
2 4507 3280 
2 9975 5121 
2 6989 5263 
2 3170 4516 
2 6254 8596 
2 3931 9394 
2 4653 9959 
2 9883 6202 
2 276 7373 
2 5814 9223 
2 7375 4951 
2 9406 2829 
2 5787 4748 
2 6706 6934 
2 1428 6805 
2 4348 6677 
2 9848 1769 
2 2831 1242 
2 3562 5918 
2 9738 3876 
2 1905 2851 
2 8553 3794 
2 253 3341 
2 4599 5623 
2 3842 7718 
2 1584 6305 
2 2546 7844 
2 7441 4297 
2 7729 2373 
2 9067 5291 
2 7411 7223 
3 513 9399 9460 
3 9953 1005 5713 
3 7146 6179 1834 
3 993 3660 9760 
3 4686 3194 4090 
3 103 4603 5039 
3 5985 8069 9199 
3 2056 1693 1030 
3 2594 3057 1280 
3 9573 965 8939 
3 5032 5867 9667 
3 8147 6585 7398 
3 6451 1688 5067 
3 315 3860 3463 
3 9547 8018 620 
3 1511 2582 6172 
3 6472 2228 9185 
3 7183 2557 2948 
3 4402 2237 3629 
3 588 4427 2412 
3 6676 4092 6804 
3 8428 1986 4322 
3 8779 9900 7867 
3 6582 2981 968 
3 7663 4521 1503 
3 135 6016 1601 
3 3022 9180 7874 
3 7755 4472 437 
3 7392 954 5420 
3 4312 1470 7430 
3 8731 4876 8246 
3 7406 725 8279 
3 884 2195 828 
3 1421 6434 5935 
3 2427 8063 7387 
3 4956 5507 9694 
3 6782 9586 7691 
3 5776 4462 9379 
3 7120 8484 2550 
3 5484 3018 7403 
3 7410 6011 7467 
3 9712 5485 4792 
3 4797 4405 496 
3 6951 9355 239 
3 2760 5753 6845 
3 913 3766 1490 
3 5651 6835 1376 
3 6796 7128 1636 
3 4694 9544 6783 
3 4754 2664 8798 
3 1038 4841 5141 
3 2339 4388 5810 
3 8170 4101 6426 
3 7179 7211 749 
3 4024 2300 215 
3 4567 5435 1013 
3 18 1475 5965 
3 5510 3494 2210 
3 359 4514 2519 
3 4526 4256 7003 
3 7339 5407 2441 
3 5999 3249 2889 
3 372 3710 9972 
3 2874 6861 7349 
3 747 3156 5262 
3 4304 6562 9310 
3 7442 2102 2371 
3 150 1704 13 
3 2387 4477 9613 
3 8154 3009 5711 
3 8478 6039 9061 
3 922 612 7059 
3 3063 3798 7391 
3 1052 1796 7045 
3 4025 5161 7701 
3 5318 4906 1365 
3 3800 7624 9151 
3 2714 3067 599 
3 3221 3092 582 
3 7222 4620 1794 
3 3626 3037 1255 
3 110 9866 8130 
3 6579 6759 7248 
3 9911 3056 2727 
3 9380 252 9173 
3 9630 175 2522 
3 4991 4833 3268 
3 3589 7749 3240 
3 1196 4814 9518 
3 5423 2636 3408 
3 4372 4434 8844 
3 7709 8013 7031 
3 8459 7692 7237 
3 4536 7954 6941 
3 5899 5205 1296 
3 2815 1235 4576 
3 3516 2379 9430 
3 2839 6027 7422 
3 2774 9888 5089 
3 5207 9657 7757 
3 2980 1615 2580 
3 3635 3933 7936 
3 8492 2902 4609 
3 9802 1441 5453 
3 7324 5140 6317 
3 6813 6181 634 
3 9013 3255 7056 
3 3342 7715 2573 
3 2130 4663 3841 
3 752 7929 8730 
3 4886 2621 2812 
3 7747 1845 4704 
3 8828 5772 7998 
3 4683 6214 697 
3 2778 2283 4226 
3 6681 6124 9823 
3 8093 1599 4738 
3 1616 7972 1009 
3 9242 4494 8888 
3 3473 7187 1143 
3 7130 935 5729 
3 3674 6071 1349 
3 6030 4674 6313 
3 1558 8771 3689 
3 8179 894 9980 
3 2086 7433 9321 
3 5777 7855 8617 
3 4923 8509 3108 
3 7132 661 3612 
3 5372 1274 3972 
3 5337 484 8640 
3 8457 3667 7098 
3 6088 6870 1764 
3 6663 9167 794 
3 8632 6537 265 
3 9676 8259 695 
3 7886 3545 2201 
3 7026 2662 237 
3 1463 44 7126 
3 975 7556 151 
3 1814 3278 4379 
3 586 549 9819 
3 9366 3738 3727 
3 8479 4958 1877 
3 5258 7217 4018 
3 469 2753 4831 
3 2070 7124 487 
3 6237 3026 4543 
3 1114 7199 3554 
3 2872 8661 2787 
3 6909 6516 6155 
3 2021 5200 7487 
3 7628 6008 9124 
3 8959 2505 3122 
3 2342 3058 48 
3 4276 6217 8562 
3 8742 9002 1185 
3 8723 5158 868 
3 7208 1983 9495 
3 812 3622 4561 
3 8494 2448 6308 
3 2151 9615 7607 
3 6884 5422 2925 
3 7415 3916 5896 
3 8917 4206 7826 
3 7558 6205 6682 
3 7804 2009 829 
3 6617 4866 1466 
3 9435 3902 2227 
3 2476 7535 267 
3 9950 107 9941 
3 2152 3272 963 
3 2624 7321 1790 
3 1738 2153 5577 
3 6260 4874 4136 
3 7834 2459 6404 
3 1341 178 6319 
3 6306 6433 211 
3 5023 2344 8978 
3 4394 3230 4984 
3 8325 4731 2430 
3 8133 5879 8507 
3 8026 6337 8407 
3 9563 2899 1756 
3 5364 5616 475 
3 5930 6602 9754 
3 2367 7668 1838 
3 383 4100 3053 
3 6800 7240 30 
3 1322 575 7191 
3 327 1069 5840 
3 909 1345 6219 
3 8983 8332 4607 
3 9179 5774 1431 
3 510 3784 7323 
3 7656 240 704 
3 6092 2399 2704 
3 6272 5306 9459 
3 5358 2630 3394 
3 7866 7965 2411 
3 6288 7420 7502 
3 6122 5327 5672 
3 1926 938 8190 
3 2058 8811 6227 
3 5120 7338 1056 
3 3176 323 2255 
3 1076 7606 3303 
3 1995 1996 7698 
3 2309 5474 9423 
3 6593 183 3877 
3 5382 844 2381 
3 3040 8995 5014 
3 1283 2251 1512 
3 5812 5708 3878 
3 2969 4158 804 
3 3826 3630 6831 
3 2424 2878 2840 
3 4671 1513 6126 
3 1714 1022 4493 
3 9248 4967 2524 
3 1651 2226 4643 
3 5916 4855 1788 
3 8866 2721 7510 
3 8099 2625 7779 
3 2805 7320 7813 
3 5290 6574 3411 
3 9662 4061 67 
3 7058 3994 1994 
3 9029 2197 5387 
3 7527 849 1667 
3 3636 7680 2343 
3 4865 6842 6908 
3 7631 7477 2003 
3 7559 4953 5683 
3 1708 5377 7839 
3 3822 5077 3840 
3 1585 3250 4214 
3 9500 4182 9414 
3 1002 2189 632 
3 8376 1758 593 
3 6362 6823 2129 
3 2391 9622 7908 
3 9889 2693 8284 
3 9498 362 8913 
3 7911 5541 4336 
3 9407 5546 6142 
3 5657 2194 309 
3 8945 3059 1118 
3 378 3484 8400 
3 8326 8231 6334 
3 1825 8569 9683 
3 5394 4911 7802 
3 8260 6248 6942 
3 890 2900 790 
3 9042 708 2311 
3 7990 1261 5728 
3 4740 731 6653 
3 3568 1690 4798 
3 5047 1962 2052 
3 1080 2731 6127 
3 8186 4945 5448 
3 9581 2999 9599 
3 8080 534 1592 
3 9511 6916 4249 
3 6493 5573 6775 
3 5034 5661 4349 
3 3754 8081 6905 
3 516 429 7618 
3 58 7868 5524 
3 1974 9340 1199 
3 4295 9050 457 
3 8236 6630 5270 
3 2746 2435 8476 
3 7640 467 2040 
3 7039 9023 1598 
3 9684 3191 3830 
3 9357 340 3560 
3 8271 3996 2002 
3 8425 4343 2275 
3 6052 8127 6289 
3 6019 8520 2065 
3 9677 8433 1238 
3 2049 4941 2958 
3 5576 7794 5190 
3 6982 2487 3820 
3 983 3655 2723 
3 1177 1451 2603 
3 2743 1318 700 
3 4687 6523 9522 
3 716 3114 9070 
3 8156 8850 7856 
3 2996 3469 4128 
3 3713 4176 1343 
3 1063 5564 6120 
3 1271 676 3436 
3 8118 6967 4993 
3 7101 5300 7630 
3 373 7547 5696 
3 9436 556 2560 
3 9022 4281 8023 
3 7369 5310 9020 
3 4476 8305 840 
3 9364 5381 5030 
3 6236 5354 3650 
3 5732 2867 214 
3 7838 3705 2575 
3 813 7233 7485 
3 6194 105 9578 
3 4251 6607 990 
3 1042 7971 497 
3 7382 9046 6876 
3 9686 5386 360 
3 139 1514 6740 
3 4969 4522 4168 
3 1045 5132 3420 
3 6718 4033 8091 
3 8670 6029 878 
3 9474 3945 7543 
3 8720 8989 8662 
3 2043 6919 8183 
3 4531 1472 9668 
3 2593 1043 7621 
3 2347 722 1910 
3 5502 229 2871 
3 3121 7586 4378 
3 6100 1094 5103 
3 2927 9829 1034 
3 9923 981 6420 
3 4003 3228 4832 
3 7676 5529 1789 
3 4980 2378 8032 
3 4892 8644 9315 
3 4708 6263 328 
3 5232 6431 5946 
3 9620 8624 5693 
3 9853 3989 6222 
3 3238 4864 7799 
3 9039 8385 6687 
3 6605 8490 1706 
3 2498 3558 8530 
3 1192 8949 985 
3 8423 5357 9560 
3 852 5761 8734 
3 5206 4163 8719 
3 3229 9244 2589 
3 1952 9327 1951 
3 241 4772 3480 
3 1736 4554 435 
3 2972 832 7145 
3 5228 7654 2548 
3 4441 7877 5350 
3 6714 2781 1867 
3 8435 4342 5432 
3 5740 8296 3531 
3 7601 3486 2008 
3 7641 6484 1302 
3 1176 7091 7243 
3 2268 920 8883 
3 6769 8103 4697 
3 4706 5561 6390 
3 7977 8213 3083 
3 1028 1220 9536 
3 196 7937 5635 
3 947 9506 9250 
3 637 8188 8306 
3 1309 149 9125 
3 9791 8419 7714 
3 7752 2764 1153 
3 2154 3393 2500 
3 2600 6680 3569 
3 4623 2216 2053 
3 7916 4960 8071 
3 4436 4904 361 
3 9877 3286 7142 
3 9480 9551 1137 
3 1763 4775 8515 
3 5021 2646 4962 
3 1440 3252 1664 
3 5940 6297 3427 
3 4452 320 8329 
3 827 4331 5261 
3 5342 6904 4254 
3 6589 551 3791 
3 595 7265 6041 
3 6146 5006 1894 
3 9879 5264 9571 
3 4125 4718 518 
3 73 8817 4466 
3 5967 9597 5133 
3 4566 5123 9188 
3 3552 4579 5428 
3 8187 1014 5208 
3 525 2701 6135 
3 6619 131 2935 
3 2183 9875 1879 
3 9196 2442 8 
3 8141 6302 6722 
3 6794 5850 432 
3 6658 4860 4250 
3 5770 899 9895 
3 5815 9344 1502 
3 4806 681 2330 
3 6970 2906 9332 
3 4079 8139 2205 
3 5622 3443 602 
3 7261 9369 7976 
3 2835 8997 128 
3 6264 8239 4318 
3 8497 6792 9137 
3 6780 9080 7418 
3 3530 4935 8390 
3 3863 7035 8757 
3 5035 8986 7534 
3 698 1795 3869 
3 5434 2000 2488 
3 6474 6902 916 
3 5326 2425 9224 
3 5131 1550 6939 
3 7303 1171 2354 
3 440 1041 6439 
3 5283 5944 2229 
3 4692 7104 7070 
3 6625 5359 7674 
3 3882 9239 8499 
3 1058 6053 6707 
3 1443 4667 9008 
3 2479 3559 9543 
3 2276 5903 3288 
3 1732 2074 6342 
3 8885 3421 1755 
3 879 6130 9353 
3 4856 3135 3359 
3 5793 2563 6150 
3 7975 636 8177 
3 3535 4823 6009 
3 6524 7650 2057 
3 6326 1390 2496 
3 5937 7469 3909 
3 6525 5666 3493 
3 115 3767 776 
3 5631 504 7463 
3 1444 57 5002 
3 7750 3520 245 
3 1447 5060 8773 
3 9510 2502 5973 
3 2530 5457 7793 
3 226 1645 7016 
3 1661 6844 9309 
3 4122 333 1168 
3 4506 1062 9401 
3 5168 638 6712 
3 5468 8044 8496 
3 4196 1495 3880 
3 6338 1315 7493 
3 8076 4784 8780 
3 4589 3508 8907 
3 9386 5335 3021 
3 8438 7588 7417 
3 3004 3123 9956 
3 1017 9060 8014 
3 3546 3173 3138 
3 4660 6148 9240 
3 4815 6347 4868 
3 3722 6056 5596 
3 2820 9398 7616 
3 7530 7860 4558 
3 5469 2214 6646 
3 1743 4627 6425 
3 6196 2121 4319 
3 3973 4843 8970 
3 9774 7455 1404 
3 4848 5618 4498 
3 6925 5076 4083 
3 2418 6755 5888 
3 9253 7048 4781 
3 8853 6688 9 
3 3223 9592 7736 
3 8297 4407 2983 
3 8218 4940 3098 
3 8114 9828 124 
3 3714 4600 8051 
3 7020 6735 6412 
3 6480 1600 7480 
3 4844 5214 1155 
3 2325 3536 951 
3 4184 3174 4495 
3 860 1869 7661 
3 7133 9850 5363 
3 1029 8269 1802 
3 8870 6070 2586 
3 6468 4791 1357 
3 4685 8709 34 
3 8519 641 2966 
3 1783 8557 6498 
3 2913 3772 1412 
3 3065 5739 912 
3 7282 4727 5690 
3 9638 7327 7735 
3 4668 5641 2304 
3 2501 6165 7541 
3 4836 7651 2680 
3 1613 8580 1903 
3 1487 6648 8257 
3 5004 2452 1477 
3 4240 739 3888 
3 9105 9264 7968 
3 4790 3281 2322 
3 5943 2134 8217 
3 2420 9112 917 
3 4773 9195 3202 
3 9245 8107 8951 
3 4783 377 3905 
3 9153 2027 5124 
3 4115 5256 1115 
3 6947 6375 4089 
3 542 4459 8638 
3 3453 1801 1247 
3 411 7584 3575 
3 2382 729 9574 
3 6487 5663 3197 
3 3518 356 1269 
3 6952 3940 1116 
3 2013 5271 7307 
3 967 865 8818 
3 4837 3789 5674 
3 9096 1820 6233 
3 6542 8199 2359 
3 5759 3401 9040 
3 1493 9433 5926 
3 4676 3150 6563 
3 9076 3483 1015 
3 5893 997 7300 
3 7464 5028 6269 
3 4742 6322 163 
3 5571 5819 2933 
3 2199 1333 9087 
3 2122 5515 2822 
3 5366 1371 8618 
3 4127 4367 6548 
4 2614 4170 2278 459 
4 740 4490 1467 3884 
4 2703 760 5800 4410 
4 1718 3512 8565 6497 
4 1747 3305 185 6300 
4 3262 8918 3137 4326 
4 2739 9968 7511 3555 
4 7923 4939 5994 4286 
4 1579 6665 5886 7725 
4 9118 2422 3291 5296 
4 2777 5087 9329 5022 
4 6162 9091 9146 5108 
4 8498 420 9351 4638 
4 9665 1561 3116 6527 
4 859 2713 7306 2361 
4 2655 3914 8679 9166 
4 8783 1055 3352 826 
4 6494 6428 4019 1975 
4 141 9175 7362 8626 
4 8111 3450 6888 8628 
4 385 1888 2632 3639 
4 6906 258 8889 4106 
4 1088 3270 7295 8043 
4 4047 1895 4272 4190 
4 2784 8264 6840 538 
4 3442 7689 5463 1611 
4 1266 4973 622 427 
4 8857 1130 191 9718 
4 7460 6191 5727 8178 
4 3644 8463 8527 1248 
4 6511 5832 9210 7009 
4 791 8882 1158 976 
4 8392 6332 955 1787 
4 7285 9131 8646 3682 
4 5174 7448 9840 1064 
4 6683 6267 9674 9863 
4 4821 8357 7643 9930 
4 4966 3806 330 9200 
4 3939 7112 6871 2644 
4 28 1850 9449 4990 
4 7610 5615 1173 7655 
4 9682 5890 5490 4257 
4 8101 565 4943 2564 
4 2431 1033 1694 2608 
4 6974 7626 2978 9038 
4 8272 5724 3131 5874 
4 1082 3887 8462 3087 
4 1999 3032 1004 8702 
4 1299 1597 3921 6502 
4 3008 2062 3271 6320 
4 3803 5062 3407 4448 
4 6732 3007 571 3983 
4 1164 6661 5958 9827 
4 9322 350 6028 6283 
4 2449 2698 2583 7218 
4 5887 6705 8781 3153 
4 5229 3758 9084 6836 
4 1126 8660 2757 8740 
4 9680 2864 781 8893 
4 2107 3316 8847 5700 
4 4145 1091 1411 2945 
4 283 8597 6976 2733 
4 8336 1963 6887 1957 
4 4262 4017 7434 5512 
4 3434 3496 2235 1124 
4 4080 249 2471 9481 
4 4879 2678 603 7950 
4 2470 4591 1202 4541 
4 2838 948 6771 5574 
4 8465 2265 1073 4870 
4 4712 8395 7508 3677 
4 2507 1353 7072 9439 
4 1622 2423 5950 4116 
4 2293 1919 9837 2357 
4 5299 6085 1883 167 
4 4544 3924 4689 9648 
4 8801 3861 5066 5252 
4 9048 3109 286 1945 
4 1167 1127 9664 8348 
4 1106 2338 1110 8207 
4 6943 3718 2995 7833 
4 9415 5545 1239 7310 
4 9374 9294 77 1373 
4 3742 7262 8960 137 
4 3949 8041 2474 3099 
4 7912 7792 597 7529 
4 2512 5440 3227 6633 
4 2534 3024 8397 8374 
4 4428 8035 2208 3673 
4 9276 7099 3487 7125 
4 407 7157 8098 263 
4 5219 4910 1141 8836 
4 4852 8894 98 394 
4 8842 3358 6356 5673 
4 3211 7326 6913 925 
4 51 2960 2877 2795 
4 2581 6644 69 5080 
4 3771 1712 8340 6998 
4 2497 279 3953 7400 
4 9174 9901 3956 4110 
4 9494 7029 1061 8351 
4 1858 6079 9026 4681 
4 6378 9133 1656 8789 
4 589 8532 2515 987 
4 1543 5143 658 5459 
4 2164 4824 1978 8542 
4 4610 2042 5659 9805 
4 9983 1818 4520 9400 
4 2775 1387 7960 111 
4 1270 7074 4887 6444 
4 1929 2051 3740 7100 
4 8791 7754 8211 6438 
4 7985 3363 2486 9910 
4 8729 5083 1702 5925 
4 1160 9709 8153 8586 
4 8356 3046 9409 6672 
4 7256 368 1084 5922 
4 6314 3200 6346 8219 
4 1953 8810 348 7210 
4 8198 9234 5934 7426 
4 5064 645 2665 374 
4 569 5972 7236 689 
4 8605 8751 1282 5625 
4 9011 8984 5688 3893 
4 2126 4065 8285 2323 
4 6091 4232 456 8045 
4 1361 5478 7154 8238 
4 2084 6216 5975 6492 
4 5287 134 9161 5757 
4 3086 75 8364 4430 
4 4854 3383 2346 4512 
4 806 6232 3347 1639 
4 8192 964 2400 4395 
4 1193 6938 1750 3515 
4 1430 3242 3587 1209 
4 117 9526 3773 7524 
4 7615 7509 6296 6927 
4 7228 4375 2635 941 
4 6626 3818 9661 8533 
4 2466 8987 5349 6773 
4 7827 7131 4492 9010 
4 6331 7708 4509 2045 
4 7973 4719 7364 1016 
4 8393 4602 7284 1186 
4 6896 6674 4575 6956 
4 9178 7198 2862 3590 
4 7247 3043 982 2081 
4 14 231 415 9269 
4 5279 7264 2209 563 
4 743 8832 9055 999 
4 2287 6615 1829 6730 
4 2071 1913 744 6979 
4 9625 5695 5785 489 
4 3166 8483 5648 3787 
4 6882 6629 2720 6790 
4 6911 2222 9288 216 
4 872 9489 653 2626 
4 6113 4 6914 233 
4 7476 8249 3659 3158 
4 5199 9135 5109 5455 
4 8029 8743 3633 5056 
4 6652 3627 2191 1317 
4 3753 7432 992 3398 
4 7870 9781 5284 9933 
4 1944 5269 3464 9304 
4 5183 9149 3608 6874 
4 8591 6539 5041 9437 
4 8544 2332 5111 3624 
4 7286 581 7165 9679 
4 4426 7731 7969 8120 
4 4581 3035 6719 7986 
4 8838 783 583 2722 
4 1234 3749 1826 9982 
4 155 526 3474 733 
4 6624 2409 1381 6336 
4 5633 3251 2337 4137 
4 4755 3661 7946 9767 
4 5996 3999 3725 4175 
4 8769 5843 8372 4658 
4 9330 2615 4828 3698 
4 354 1405 2520 3553 
4 6363 6371 1531 5647 
4 4302 5188 7666 2758 
4 7141 8001 2800 1626 
4 2039 8489 6385 503 
4 4363 5501 4392 805 
4 366 7333 3645 8112 
4 199 1039 9277 5236 
4 9278 4920 5277 7277 
4 9861 4186 8149 8762 
4 1046 8513 919 4027 
4 4915 745 3782 5163 
4 2140 7864 8335 5278 
4 8241 7863 4573 9595 
4 7566 2020 5636 2728 
4 9298 7894 8805 1620 
4 1504 6083 3717 7501 
4 6076 4611 1363 6610 
4 8966 8607 6893 1885 
4 1878 8614 904 3620 
4 9672 7374 4420 4212 
4 617 6387 4820 4424 
4 8047 8697 5723 3720 
4 6284 2421 6762 5106 
4 7057 5796 1528 2282 
4 2014 182 6566 5257 
4 3447 2639 2132 8464 
4 836 2116 9688 8467 
4 1273 2099 2006 4714 
4 2932 2461 1129 7021 
4 4117 4933 8898 6933 
4 9778 5139 2048 7871 
4 8077 7498 3631 8020 
4 7499 62 4919 8795 
4 6924 9092 6261 5998 
4 3164 8075 2686 4680 
4 6504 2316 4432 431 
4 8753 7891 7061 2763 
4 3687 6018 9793 7296 
4 2745 2685 9843 3298 
4 1946 4073 4138 7665 
4 2262 3606 2828 4195 
4 8104 195 2038 2737 
4 3232 6145 1263 8339 
4 3847 461 3799 1085 
4 4111 8775 7862 5614 
4 6275 181 6129 4260 
4 4330 9926 8906 3432 
4 9649 9532 4930 1241 
4 6550 6809 7175 9490 
4 170 9831 1640 5379 
4 8708 3596 6360 8308 
4 4435 23 9736 8412 
4 9325 9810 2088 2942 
4 6010 8445 3011 7785 
4 808 5487 1366 9312 
4 7371 6307 8387 5558 
4 6034 4488 6414 6115 
4 1525 7491 8057 5884 
4 4055 2697 9606 3055 
4 1624 3225 2141 1984 
4 8449 8877 9202 3258 
4 929 683 5045 7760 
4 4810 818 2957 6670 
4 1213 9857 2915 6988 
4 2549 797 7953 8653 
4 7245 8623 6987 8654 
4 5640 7880 5880 2742 
4 2289 5240 6860 8964 
4 9693 3275 7521 1671 
4 8891 4140 6642 375 
4 8067 6853 4546 5331 
4 288 5931 6654 9483 
4 1621 9818 4148 4938 
4 2585 7234 7051 3389 
4 7713 5155 9338 2160 
4 9475 998 7989 6886 
4 4988 4908 5005 2535 
4 5806 7746 7252 9238 
4 9799 5827 9557 5134 
4 7594 5755 6495 3277 
4 3685 1027 5945 6477 
4 347 2494 8409 4921 
4 6866 6481 9177 271 
4 2762 1871 1852 157 
4 4646 1194 40 9072 
4 2679 5652 147 7966 
4 1700 6915 9462 5681 
4 5991 707 9758 9217 
4 4008 4705 8563 795 
4 1527 5086 1934 2477 
4 9515 7389 6032 629 
4 1920 9928 9847 3162 
4 6843 284 6139 6500 
4 6017 3253 9145 1593 
4 114 4894 8576 6455 
4 8009 8421 3602 266 
4 3656 5084 3424 310 
4 6695 9109 670 4377 
4 8901 1065 3709 2712 
4 6749 2881 6737 6323 
4 1380 6551 4416 3001 
4 833 8884 7394 188 
4 1478 4752 203 3030 
4 1146 8256 1389 6423 
4 8300 3369 9699 648 
4 4091 9965 1252 6051 
4 2415 2879 7956 3600 
4 402 7872 6960 6187 
4 102 9588 8248 6935 
4 5792 3023 6945 5288 
4 1489 6514 3770 7702 
4 2281 2629 4669 9566 
4 6097 6819 768 4530 
4 2946 2109 2329 8289 
4 6555 9078 3320 9907 
4 9835 8837 1560 5142 
4 9263 4917 6556 2155 
4 7904 1884 7337 2740 
4 9000 4288 2954 6415 
4 5703 3982 3963 8727 
4 1851 7664 3823 8552 
4 9069 692 338 8055 
4 6580 1537 8684 9235 
4 3330 7704 1591 346 
4 5536 1614 1699 4031 
4 344 2577 1358 7612 
4 921 3760 5405 7379 
4 6830 9988 324 6521 
4 2649 1717 3750 2451 
4 4042 9361 7066 6325 
4 1660 6409 325 9251 
4 8724 8427 5201 5472 
4 353 1638 2676 5932 
4 8675 8572 8812 1807 
4 2410 5122 5877 4934 
4 8963 2790 5244 4572 
4 7019 7343 3911 2046 
4 6473 316 7857 1169 
4 7376 4570 727 2687 
4 7034 1059 9537 2108 
4 7289 1159 7042 1568 
4 313 8772 7756 548 
4 9689 4661 6106 4200 
4 8446 1210 2077 1414 
4 8627 7734 4662 3256 
4 4314 9260 6220 8140 
4 3377 3995 2212 9735 
4 7537 7796 1439 8657 
4 2303 989 2567 6312 
4 9943 8865 1386 578 
4 2219 4311 2749 9570 
4 9499 9716 3111 2263 
4 4532 2190 9605 4557 
4 2447 9611 3852 1480 
4 7942 1429 6090 6992 
4 7274 6210 2072 112 
4 9554 312 1653 4165 
4 1434 212 8255 1985 
4 907 1170 5251 3598 
4 8803 1483 7268 843 
4 9723 3716 5446 5341 
4 748 7173 693 7590 
4 9246 7576 4307 6394 
4 7060 4699 6488 8365 
4 8941 5460 8595 1178 
4 2022 3527 936 9468 
4 9053 2700 750 3943 
4 9139 2574 8052 7581 
4 1848 6417 3675 4401 
4 3632 8295 9583 6060 
4 732 2937 4149 138 
4 4414 410 7497 9830 
4 272 6763 6282 8460 
4 2405 6235 7700 502 
4 880 9169 5839 20 
4 6793 5645 5670 5115 
4 9700 4529 7922 7869 
4 6108 4799 7816 5016 
4 6348 2847 9410 1865 
4 7216 4220 7492 537 
4 8252 4657 7597 3601 
4 9903 911 3287 1003 
4 1766 6743 5833 3012 
4 3783 92 1937 850 
4 630 4241 7847 5580 
4 9995 6411 9030 9231 
4 6770 4296 6534 3699 
4 6530 7196 4411 2880 
4 4863 2647 5851 7341 
4 6084 3748 4406 2483 
4 717 1403 8936 3872 
4 148 6095 2095 7032 
4 4255 9872 4780 2193 
4 9037 9705 9813 9110 
4 6711 5320 9940 9381 
4 5871 5721 5754 49 
4 9158 9991 7672 4285 
4 666 5402 3478 6867 
4 6370 2114 6221 9816 
4 6833 7083 2345 5802 
4 715 3915 9472 247 
4 7907 1237 6185 9293 
4 9976 2918 5794 95 
4 9236 9966 4785 3756 
4 4437 6279 3532 6694 
4 786 7738 9152 8602 
4 94 4721 7292 6042 
4 9192 464 3802 751 
4 4444 3124 37 4703 
4 7494 5864 2533 7552 
4 6880 1665 4146 7427 
4 1779 7604 7018 1385 
4 6857 7851 869 5061 
4 4743 5779 8974 7742 
4 158 8862 6849 1908 
4 9043 7153 482 9482 
4 8899 2637 2668 3792 
4 9534 2279 5398 9897 
4 9973 3825 65 3380 
4 7404 1184 3462 8616 
4 7645 3454 6803 7496 
4 9786 1713 8784 4119 
4 7332 9701 2553 8270 
4 1832 8441 9119 7819 
4 3938 9447 5778 9876 
4 5917 7504 2273 4937 
4 8004 9206 9899 9869 
4 2247 9120 8174 6953 
4 4717 6727 7226 3666 
4 6 9706 1360 3542 
4 4947 3334 6031 7359 
4 6765 5303 934 156 
4 4597 7824 3136 5992 
4 8823 4735 3364 4700 
4 1728 2404 908 8196 
4 6381 5551 8880 1623 
4 4085 9316 1954 3348 
4 7825 8748 1892 8967 
4 3130 1775 5499 93 
4 9894 404 1310 1140 
4 2443 7699 2551 9881 
4 6238 2104 7600 3429 
4 8909 9596 7595 5609 
4 6471 9404 9411 3187 
4 9708 8388 4313 9225 
4 7253 1379 1816 2147 
4 4447 2297 5456 1740 
4 6898 1351 1955 9773 
4 7507 8934 5844 4907 
4 9465 8546 2054 5505 
4 1031 206 9164 8568 
4 1370 1284 8180 8868 
4 6621 9575 4399 3848 
4 7983 8338 2341 1095 
4 1744 4308 4977 4617 
4 3977 1849 5539 1608 
4 8166 4028 1889 2018 
4 7365 5333 1457 5620 
4 1930 1526 7820 6359 
4 9780 8169 2779 8247 
4 9297 9660 3680 1300 
4 7514 2016 766 4971 
4 6384 6710 6429 5164 
4 5978 2645 9241 5048 
4 8334 3118 1902 6631 
4 2292 4112 1539 5522 
4 5295 2651 4423 3540 
4 8859 9219 3417 2951 
4 628 8406 8666 995 
4 5338 3774 853 7568 
4 1870 6068 9193 4093 
4 7518 4453 2248 4223 
4 8792 7388 1748 274 
4 7780 6198 5578 854 
4 3439 4370 7831 6382 
4 7609 1821 5495 3119 
4 3129 293 8577 1907 
4 7000 1342 5467 5852 
4 5897 5562 2618 5859 
4 8480 6255 7795 369 
4 6086 9844 1516 8923 
4 1844 9198 7889 1551 
4 8061 4471 6637 6518 
4 771 6105 3895 5444 
4 8776 9948 5110 8195 
4 7189 5373 1217 7667 
4 2080 2852 663 7089 
4 1546 9958 7407 4563 
4 9144 7500 505 3812 
4 6152 2964 1901 2295 
4 6920 3759 4006 454 
4 1119 8677 1938 4598 
4 3901 4726 3027 1792 
4 127 6571 4333 1359 
4 2883 1032 3854 9383 
4 7348 419 6675 5470 
4 6598 1798 9493 6458 
4 809 7540 3864 171 
4 3873 5818 3708 3490 
4 7848 2029 9651 2138 
4 4970 1556 25 2765 
4 280 6144 4808 5254 
4 3353 15 570 8229 
4 2634 5949 1301 8919 
4 9006 4745 1418 5160 
4 7351 2858 846 2169 
4 4244 9960 1674 7730 
4 4429 4327 7620 9961 
4 3815 3433 6369 8516 
4 862 7809 1083 2673 
4 5012 120 5595 3991 
4 3832 5744 7372 7598 
4 8150 3444 3446 4749 
4 1298 6828 886 2699 
4 8379 8273 6193 6636 
4 4582 5984 9232 5098 
4 3858 4315 6280 5234 
4 3448 2462 3475 2929 
4 3500 3335 7106 9422 
4 7203 8766 3883 5180 
4 1555 9811 2689 9156 
4 4996 5054 9290 942 
4 977 8965 1959 6815 
4 1375 8251 4046 1649 
4 3855 4926 8659 9927 
4 5677 7884 1419 7082 
4 7225 5368 3671 9642 
4 4422 9685 6657 8481 
4 9626 5607 8564 5227 
4 7010 3777 1997 1147 
4 769 8787 3236 6747 
4 2640 6123 3302 4449 
4 4590 3399 639 5202 
4 8058 9650 8537 8142 
4 5749 9569 6137 5427 
4 9539 5464 5582 236 
4 9776 9623 7148 6078 
4 1018 3729 2092 7424 
4 7280 2748 1051 3226 
4 1803 3504 334 5892 
4 270 3181 3615 5396 
4 568 5849 6543 9658 
4 5920 6820 9585 7451 
4 3786 9687 9798 3642 
4 2537 763 255 9033 
4 782 1303 4021 9496 
4 5627 8930 8545 1630 
4 1846 9951 2213 6612 
4 3220 6059 972 7996 
4 3388 755 719 1757 
4 5282 1992 1362 3947 
4 5665 2101 208 2857 
4 2023 278 3755 2076 
4 46 4064 1683 4730 
4 6673 6372 9524 1312 
4 3110 9832 7278 3072 
4 3695 2719 2885 7842 
4 1401 1659 2891 8266 
4 1103 1347 2059 8890 
4 1898 4801 3019 453 
4 8615 5813 4927 9513 
4 6460 3592 5480 9397 
4 3816 3510 7213 4245 
4 6406 447 3020 3201 
4 8031 1692 1200 5437 
4 460 5822 906 5008 
4 9567 7784 5013 8222 
4 5668 2437 3922 2832 
4 6564 5610 4771 2785 
4 4559 3283 6691 4768 
4 290 3625 9593 703 
4 6604 8453 1001 3314 
4 3362 4458 7957 4898 
4 8254 7314 4325 287 
4 142 9068 9376 2572 
4 5656 7108 2993 7155 
4 515 9607 6822 6726 
4 6104 3906 2620 5309 
4 5650 6475 3846 9017 
4 6422 3683 436 3310 
4 3607 3210 9271 7849 
4 262 4858 6118 5557 
4 610 3171 4548 9333 
4 2186 8676 4227 7546 
4 5858 784 6186 9779 
4 59 2274 9637 4183 
4 7652 4774 4334 6285 
4 7299 3468 8309 5731 
4 8829 4337 6156 3237 
4 9418 3838 8555 6641 
4 8477 4290 2335 6069 
4 1327 9155 4625 3932 
4 5391 243 194 4382 
4 1427 5909 6594 1860 
4 1563 7472 5445 1793 
4 2595 2744 4793 9003 
4 937 4654 2464 895 
4 8113 1972 3497 2979 
4 4278 1496 5646 2257 
4 1847 4571 1684 7737 
4 9556 6950 8082 89 
4 6814 5603 5680 3912 
4 5671 8506 7723 4670 
4 8148 6811 63 9501 
1974466