1628
2 2121 6616 
2 4183 873 
2 8497 7343 
2 7352 751 
2 2269 1812 
2 3047 8301 
2 31 4890 
2 5942 7798 
2 8728 5360 
2 4802 6880 
2 2741 2025 
2 6557 8760 
2 4174 5240 
2 8499 6534 
2 9177 3155 
2 8636 9434 
2 2018 9408 
2 2153 1215 
2 4614 7163 
2 1948 3335 
2 5831 6345 
2 834 6838 
2 4098 6649 
2 4659 1110 
2 8709 2037 
2 7101 4428 
2 9825 6304 
2 4993 3959 
2 3767 8563 
2 897 1442 
2 8699 9017 
2 789 6068 
2 8119 9121 
2 710 6054 
2 7740 53 
2 2485 3336 
2 8181 1916 
2 394 2068 
2 6261 8263 
2 9570 1046 
2 2144 44 
2 8096 6969 
2 883 673 
2 9155 5191 
2 6289 6298 
2 2005 7628 
2 9820 5304 
2 1987 6128 
2 6818 9262 
2 3948 7050 
2 9885 1566 
2 7777 2128 
2 8403 1854 
2 7851 5510 
2 4400 6382 
2 6517 915 
2 8678 3727 
2 7782 8559 
2 1638 4197 
2 317 702 
2 1901 1114 
2 8419 9543 
2 4185 7490 
2 6546 6253 
2 1824 7345 
2 2868 1340 
2 1071 6010 
2 8397 3750 
2 4821 8910 
2 5572 4398 
2 1081 313 
2 6999 2307 
2 910 8726 
2 3132 1331 
2 5327 1976 
2 5052 8763 
2 2824 1386 
2 9823 2301 
2 2255 2249 
2 1741 5846 
2 3738 5165 
2 6715 3689 
2 2298 3197 
2 7542 5600 
2 9035 8967 
2 6759 7987 
2 3534 5062 
2 280 556 
2 3478 1296 
2 854 1284 
2 8526 9691 
2 1958 1169 
2 130 3217 
2 4248 1835 
2 5507 4676 
2 7912 877 
2 2797 8868 
2 843 8034 
2 1184 4624 
2 3282 3288 
2 5512 2890 
2 7727 7658 
2 1941 9870 
2 3267 8561 
2 1642 4465 
2 80 9835 
2 2665 1780 
2 6705 3676 
2 8384 4543 
2 1333 2888 
2 8765 2360 
2 9105 6316 
2 5884 4314 
2 9279 9673 
2 8496 3146 
2 7386 9478 
2 8381 1570 
2 8705 2962 
2 1523 118 
2 7710 7264 
2 4629 7159 
2 4166 866 
2 8544 3098 
2 5897 6038 
2 9049 4361 
2 1658 9949 
2 1301 6212 
2 3832 9161 
2 7986 9007 
2 8342 4686 
2 8242 3364 
2 4974 6429 
2 3040 8267 
2 8187 6710 
2 119 7301 
2 3079 3075 
2 8491 2244 
2 8218 1018 
2 3907 7756 
2 3349 9630 
2 6155 2831 
2 6781 2324 
2 5292 3520 
2 7423 9606 
2 4326 5222 
2 4900 8811 
2 2181 6512 
2 2624 3920 
2 809 8010 
2 2245 8621 
2 566 2953 
2 4471 7690 
2 4923 1723 
2 3726 1521 
2 4981 7899 
2 3304 5645 
2 565 6820 
2 6778 6851 
2 965 320 
2 3653 674 
2 9088 7535 
2 6247 1279 
2 3728 5345 
2 756 1849 
2 4858 620 
2 1015 5040 
2 2749 8635 
2 7415 1793 
2 9444 1637 
2 8577 9853 
2 9335 4235 
2 8337 4751 
2 2944 6988 
2 2422 6284 
2 8911 7296 
2 8537 1187 
2 9086 9181 
2 7874 2862 
2 2790 9024 
2 2766 294 
2 9110 4727 
2 2709 6454 
2 3996 3734 
2 3325 233 
2 9468 9237 
2 3309 1880 
2 2074 4608 
2 4628 7830 
2 3417 7929 
2 2291 6110 
2 3274 8947 
2 4440 6791 
2 1492 993 
2 4322 4365 
2 4982 9706 
2 7551 6532 
2 4298 6195 
2 2815 8803 
2 5921 6789 
2 8037 4035 
2 272 3224 
2 8293 4127 
2 3184 7863 
2 3087 6153 
2 4839 7608 
2 1799 4004 
2 9381 8418 
2 8922 1359 
2 9982 5376 
2 219 9101 
2 4349 5217 
2 5160 8133 
2 8480 5455 
2 894 4925 
2 328 6767 
2 8741 3028 
2 5972 4463 
2 6274 3993 
2 5765 2564 
2 5856 7445 
2 7268 8222 
2 6378 3857 
2 2433 3403 
2 1925 2104 
2 8593 3847 
2 1800 8674 
2 2559 7085 
2 9776 2959 
2 9418 1017 
2 5033 2954 
2 138 9453 
2 3176 1621 
2 5424 5649 
2 1009 513 
2 4833 5899 
2 9607 9501 
2 5791 9659 
2 6940 7276 
2 3244 7140 
2 5573 1749 
2 2297 7097 
2 5773 5589 
2 1802 5772 
2 9922 8161 
2 1459 1504 
2 7640 1957 
2 1191 7250 
2 4941 841 
2 4658 396 
2 345 7372 
2 2920 7078 
2 7799 4162 
2 7580 7146 
2 9045 84 
2 4389 822 
2 8933 4381 
2 6568 2447 
2 1960 5485 
2 780 7267 
2 9149 6978 
2 8038 9459 
2 2636 6607 
2 9209 5834 
2 3477 6058 
2 3159 6834 
2 4716 1066 
2 6922 8884 
2 6815 2764 
2 1508 9026 
2 5970 7137 
2 3932 6091 
2 5293 5928 
2 1192 4952 
2 1884 2542 
2 7346 6395 
2 2996 1561 
2 2723 7466 
2 9251 7578 
2 5984 9842 
2 4841 111 
2 6573 1070 
2 1652 5725 
2 6139 5607 
2 654 8488 
2 3875 3029 
2 4553 8291 
2 7645 8236 
2 589 7452 
2 3036 6990 
2 2370 8894 
2 7181 9000 
2 7151 392 
2 498 4466 
2 3681 1004 
2 6444 6518 
2 6548 3215 
2 2632 4012 
2 2387 2788 
2 9723 5126 
2 1263 8810 
2 5925 454 
2 3594 3500 
2 9584 358 
2 5218 6216 
2 860 1135 
2 9573 5938 
2 9527 7405 
2 2821 3845 
2 4979 1061 
2 2179 1399 
2 1861 3329 
2 4188 6100 
2 3048 7577 
2 1078 47 
2 2438 5593 
2 5709 322 
2 6152 7218 
2 220 365 
2 4985 7249 
2 9768 4072 
2 8383 9780 
2 5786 1384 
2 1848 2476 
2 5721 8435 
2 9353 4586 
2 4619 1337 
2 1697 3626 
2 2809 520 
2 930 1923 
2 4402 1147 
2 2529 4943 
2 1151 4606 
2 5323 811 
2 4921 3562 
2 6351 5382 
2 52 2028 
2 2440 3461 
2 779 6723 
2 7533 4660 
2 6630 9380 
2 5352 5056 
2 5771 7935 
2 7187 7767 
2 2670 189 
2 2579 6697 
2 7087 6490 
2 9030 1286 
2 7160 2607 
2 1692 1258 
2 120 7351 
2 482 2555 
2 4427 6813 
2 5015 2014 
2 1345 5501 
2 6492 9315 
2 7497 5551 
2 1124 4720 
2 2822 1477 
2 305 6342 
2 3330 1507 
2 299 907 
2 8213 795 
2 8492 4595 
2 3108 2285 
2 8295 1765 
2 9710 9830 
2 1144 1283 
2 6589 4339 
2 1244 9750 
2 7086 7632 
2 896 6479 
2 3569 7663 
2 8247 9519 
2 5963 2778 
2 5508 2349 
2 1600 6097 
2 2413 1058 
2 8809 4415 
2 2458 7787 
2 2825 5310 
2 2621 6937 
2 3682 319 
2 2828 7520 
2 679 4390 
2 738 3061 
2 5565 2032 
2 7558 9932 
2 3074 9058 
2 5777 448 
2 5332 1198 
2 1974 4854 
2 3008 4514 
2 343 7677 
2 9113 5389 
2 5701 9294 
2 8031 573 
2 1228 4319 
2 4552 1892 
2 5182 122 
2 7454 221 
2 4551 4759 
2 3629 8253 
2 5086 8703 
2 6904 332 
2 2444 8390 
2 152 6154 
2 1035 1175 
2 1480 6821 
2 7171 8784 
2 8780 8841 
2 5742 4101 
2 7800 4409 
2 5536 7251 
2 9083 1248 
2 9502 3769 
2 3633 8285 
2 1520 4297 
2 8017 6505 
2 6788 530 
2 8500 6647 
2 3802 8513 
2 8693 2309 
2 6317 7861 
2 8483 5254 
2 1069 8854 
2 903 1314 
2 6449 6455 
2 2380 2838 
2 9896 3836 
2 2146 7521 
2 200 8289 
2 5910 7222 
2 5812 3644 
2 5214 2011 
2 8747 9738 
2 1154 7493 
2 2207 4932 
2 6797 4753 
2 2654 7284 
2 213 2281 
2 5588 833 
2 9194 5188 
2 5914 8223 
2 3164 2880 
2 9539 7847 
2 6785 4733 
2 1910 4714 
2 1414 7018 
2 8818 5511 
2 4345 8503 
2 6842 2950 
2 8798 9283 
2 8027 2593 
2 2195 5029 
2 6207 1167 
2 6292 1297 
2 1946 2892 
2 7089 7693 
2 598 9964 
2 6733 4281 
2 2895 6453 
2 2915 5904 
2 8745 9253 
2 8953 5591 
2 8785 623 
2 4908 6611 
2 642 7197 
2 2300 5308 
2 9129 9257 
2 6674 3578 
2 1214 2983 
2 4077 5228 
2 3073 6552 
2 2669 1598 
2 6595 4812 
2 6277 7679 
2 683 6109 
2 7462 7305 
2 5787 9185 
2 3322 5522 
2 2064 8050 
2 5236 8613 
2 8264 8165 
2 1702 9726 
2 3672 5470 
2 2514 2922 
2 9887 2016 
2 9069 559 
2 9463 40 
2 3559 2744 
2 1894 6390 
2 1921 142 
2 8942 2898 
2 7361 5010 
2 6624 3838 
2 3962 5814 
2 8877 5647 
2 9352 1047 
2 2988 9588 
2 5133 7575 
2 5797 7108 
2 5625 4991 
2 8916 467 
2 8755 2481 
3 1748 4432 1596 
3 4835 3317 5474 
3 602 8878 6256 
3 1851 9312 3876 
3 3608 8825 8626 
3 4633 1138 5776 
3 2231 2467 6238 
3 4712 2202 6908 
3 972 8514 5023 
3 9183 8358 4089 
3 4563 8956 3062 
3 6888 8054 7529 
3 8232 3946 732 
3 6350 9414 9441 
3 8466 6698 2707 
3 2505 3636 3422 
3 4822 8578 8460 
3 5138 591 7225 
3 9799 7653 2124 
3 495 8474 4935 
3 671 4111 1782 
3 9393 375 3138 
3 2877 2676 2122 
3 2113 2586 5711 
3 4401 9510 2974 
3 5031 2598 124 
3 6617 93 5903 
3 1646 1587 5745 
3 1103 7377 4745 
3 5355 4396 437 
3 5363 8055 3095 
3 3024 2475 9746 
3 203 8888 2800 
3 4374 8937 3496 
3 9042 7924 3214 
3 2834 3795 418 
3 1162 5739 6231 
3 7835 2449 8070 
3 2228 6173 4823 
3 3049 3148 3729 
3 8968 6843 3001 
3 7000 6445 6201 
3 3113 744 4639 
3 3755 9391 7956 
3 7032 404 338 
3 8587 5964 3538 
3 6348 7004 2990 
3 4099 7695 493 
3 2573 6396 3828 
3 6313 3954 1639 
3 1383 2696 8149 
3 6605 9497 8891 
3 1107 7047 9160 
3 3600 7616 9073 
3 6251 2183 5641 
3 2261 2911 7911 
3 3710 9629 3464 
3 8779 8234 1581 
3 8199 5521 6296 
3 7470 4677 2078 
3 6655 6924 2237 
3 8611 8004 8754 
3 5631 6832 1227 
3 6703 1567 862 
3 5684 3679 6272 
3 9599 302 1264 
3 1700 88 2185 
3 6400 522 8645 
3 7433 8955 3944 
3 2123 6536 6525 
3 7881 2706 9731 
3 3733 4451 1963 
3 9298 3190 5438 
3 4341 3542 4497 
3 4268 5783 6307 
3 2970 9682 2267 
3 6078 1434 4359 
3 4367 5901 3483 
3 6262 7290 2105 
3 2284 8915 6028 
3 4136 3809 9564 
3 3470 7420 568 
3 3646 798 9650 
3 2691 8668 8549 
3 1346 5444 959 
3 7673 6197 3394 
3 5908 9837 4492 
3 8602 4696 1023 
3 1189 5996 4312 
3 3598 3926 337 
3 8506 2516 3987 
3 5700 6393 857 
3 1206 7905 6986 
3 9259 37 7776 
3 4310 3015 4600 
3 543 6882 6160 
3 7236 7966 94 
3 3680 3303 6240 
3 729 7999 2270 
3 664 8286 9330 
3 8975 3059 1316 
3 708 723 7074 
3 6965 5051 9844 
3 1798 9344 3025 
3 1415 9829 5312 
3 6716 7729 6182 
3 5184 6577 3269 
3 1351 6280 9803 
3 9971 3253 5720 
3 8308 8479 5401 
3 8391 3083 8751 
3 2926 6437 3958 
3 7859 9258 1130 
3 7461 8826 5800 
3 5466 3792 381 
3 3418 4121 1270 
3 7638 9238 5779 
3 455 7684 7505 
3 465 992 6816 
3 7971 2623 3698 
3 5526 3713 9172 
3 4576 4529 6435 
3 3976 842 5690 
3 7019 9075 2550 
3 5976 3247 3575 
3 1089 3088 9085 
3 6213 5837 4591 
3 3691 6803 9146 
3 4683 7877 7972 
3 1871 1499 9679 
3 1425 242 9880 
3 8302 514 5789 
3 9445 7324 6221 
3 9084 5014 3427 
3 6776 9266 5221 
3 7619 687 6102 
3 2022 5476 694 
3 2136 2133 9658 
3 3412 7810 4337 
3 5130 6120 6267 
3 6690 7009 2690 
3 6939 5723 879 
3 1232 8365 9939 
3 1402 5173 3630 
3 7892 1618 1139 
3 4801 8262 6804 
3 6881 3415 2385 
3 6481 2719 2703 
3 2448 4922 4102 
3 8756 3302 5008 
3 234 1357 3580 
3 9831 8357 5555 
3 2230 6193 4690 
3 1265 3612 8650 
3 210 7113 2391 
3 8759 9225 9889 
3 2278 1246 6339 
3 3817 7038 4800 
3 3094 2426 7189 
3 2886 3499 239 
3 9055 4825 5735 
3 8297 5828 8241 
3 1813 8797 7606 
3 9249 7816 2759 
3 1827 4202 6835 
3 4829 6730 6801 
3 2887 887 9587 
3 2412 1953 6658 
3 4414 5686 8787 
3 1706 3234 7153 
3 5855 8534 5107 
3 3818 6477 1321 
3 1305 3952 9714 
3 1148 5702 5747 
3 3684 6331 8138 
3 9171 6007 6211 
3 7094 452 5704 
3 1860 3013 8547 
3 7369 1584 9876 
3 6513 7612 6790 
3 2334 2290 6306 
3 989 2777 5530 
3 4493 8354 4540 
3 13 4667 2087 
3 2219 7179 9197 
3 1074 2423 2600 
3 8943 5169 7848 
3 2125 6510 9392 
3 1828 8935 8099 
3 4017 1571 2808 
3 3886 6735 6747 
3 9635 5532 5155 
3 7120 7367 6175 
3 4386 5338 7967 
3 7914 990 254 
3 5584 955 8238 
3 3041 8852 2518 
3 5864 2400 3341 
3 8385 9019 1616 
3 9712 2 1738 
3 2045 8472 7821 
3 8984 2036 5328 
3 1761 9390 7255 
3 1735 5913 6352 
3 9230 7702 382 
3 7330 4769 3458 
3 2193 2371 3990 
3 7870 2850 2286 
3 2601 1542 2884 
3 5524 2436 6466 
3 5671 1412 1164 
3 5071 4958 215 
3 5722 6692 6728 
3 4289 7957 342 
3 2819 3263 3300 
3 7300 8275 5538 
3 1339 2541 3956 
3 2869 787 2287 
3 2441 6963 23 
3 6159 4411 1691 
3 5569 9256 9321 
3 6220 3168 9481 
3 8788 2956 5356 
3 5265 2761 2875 
3 7170 1585 7492 
3 2265 6784 9003 
3 9018 5049 2873 
3 273 2629 7226 
3 6954 5055 1013 
3 5966 4130 2226 
3 5347 5 4816 
3 2466 7942 2687 
3 1364 5099 3521 
3 7649 4357 908 
3 8695 3543 1594 
3 4799 997 1407 
3 6976 1429 8597 
3 8985 2532 9561 
3 2820 4784 7507 
3 9672 3183 4528 
3 2585 4781 6516 
3 5351 1033 1630 
3 8688 361 6409 
3 1137 7434 2220 
3 2552 2443 9651 
3 5560 5667 9319 
3 4902 1755 8014 
3 7886 558 5152 
3 5329 9036 4697 
3 3535 8979 3754 
3 4819 8473 7741 
3 8367 3372 4378 
3 1710 3640 4995 
3 1375 6726 5227 
3 6580 1449 4311 
3 4096 7128 2827 
3 9942 5286 1776 
3 3318 2112 8184 
3 1722 9133 2201 
3 7742 540 398 
3 5132 2881 2580 
3 4090 5354 9558 
3 6365 8538 5317 
3 2254 7644 8663 
3 9962 3334 6846 
3 4899 6001 7231 
3 9717 8279 7993 
3 7512 7335 5659 
3 4646 3448 2599 
3 2019 8336 4456 
3 9735 4291 5922 
3 9946 2699 4431 
3 4631 3107 5920 
3 9182 7175 0 
3 6555 8005 9040 
3 7294 7199 4023 
3 8843 4220 2503 
3 3651 7265 7791 
3 4273 1862 1510 
3 7539 856 9597 
3 7486 3086 3423 
3 1556 2836 2439 
3 6157 3265 5303 
3 7399 9537 2544 
3 8170 6941 1250 
3 1267 6585 9080 
3 6295 2705 815 
3 6367 832 8216 
3 4873 6641 4441 
3 1060 9360 9782 
3 3596 901 372 
3 6398 3472 8201 
3 3232 7003 7913 
3 937 5788 1282 
3 651 778 3314 
3 45 1625 9965 
3 8643 9313 7809 
3 1422 5743 6411 
3 3275 7388 9144 
3 1866 4216 5537 
3 5862 6391 6968 
3 7409 4501 8951 
3 6036 3460 1451 
3 563 6126 640 
3 6701 9223 6484 
3 7866 9009 3305 
3 6105 4679 2833 
3 8044 6381 9871 
3 8268 3339 7010 
3 8983 1930 1298 
3 8115 2061 1649 
3 1685 9578 9972 
3 369 3172 3988 
3 3599 5738 1343 
3 5618 2870 1619 
3 5428 9905 7537 
3 1852 6642 4638 
3 1361 5231 4338 
3 6725 4467 4963 
3 4790 9078 9090 
3 6404 7426 1972 
3 9623 3894 5262 
3 2240 5633 1932 
3 3989 4397 765 
3 9006 5140 256 
3 170 6863 5234 
3 7927 2765 998 
3 5377 422 9214 
3 6774 7211 4040 
3 7642 4675 4260 
3 380 4065 596 
3 7317 2319 4967 
3 8173 8361 3574 
3 8219 1582 7812 
3 1513 968 9645 
3 466 3236 4956 
3 3487 6879 3468 
3 1308 9698 5724 
3 5662 3621 5148 
3 9892 823 9358 
3 8177 7474 6686 
3 7659 9338 1259 
3 7862 5145 1689 
3 4910 4577 8962 
3 6322 3344 1825 
3 1732 9416 2711 
3 1204 8333 8440 
3 4271 7308 9076 
3 7340 8630 9916 
3 5962 7815 4392 
3 2802 7784 3347 
3 7524 287 6092 
3 1043 8145 3872 
3 9664 1929 3552 
3 9170 837 2442 
3 2927 8515 7803 
3 4226 5581 4571 
3 3397 1281 7122 
3 1872 4726 6265 
3 1417 9001 8800 
3 6314 7922 9711 
3 3131 3111 9897 
3 334 7362 5080 
3 7162 8347 8660 
3 8398 5570 6719 
3 6511 4150 9087 
3 1879 5999 6116 
3 8929 8603 8394 
3 1133 6712 7191 
3 3765 8762 3449 
3 4718 2661 5851 
3 3037 2001 685 
3 8945 636 377 
3 3526 5527 1886 
3 5971 3648 818 
3 953 6183 1810 
3 4453 8406 5918 
3 8530 657 4108 
3 4762 6084 6503 
3 388 2305 2753 
3 7611 3810 5543 
3 7144 9179 2921 
3 2763 5691 3405 
3 2631 7802 5516 
3 5651 7814 2488 
3 2204 5796 2222 
3 1481 1039 6814 
3 6286 2576 4144 
3 583 185 836 
3 7706 5799 167 
3 2897 5298 804 
3 8079 6358 2510 
3 8250 8462 8052 
3 3819 9150 826 
3 1391 4664 3055 
3 847 7500 3324 
3 3788 5664 6500 
3 49 3174 146 
3 7157 460 7852 
3 2070 1467 359 
3 1234 1966 2197 
3 1037 5907 1497 
3 7969 9131 1863 
3 9893 4039 5299 
3 8194 2840 3582 
3 8606 9376 4123 
3 6113 3212 3122 
3 2567 4352 821 
3 1978 2126 8456 
3 6981 4693 888 
3 7887 8388 1650 
3 1615 4883 5594 
3 5297 9154 4928 
3 5431 3969 4739 
3 8402 9766 497 
3 8905 9388 5459 
3 7783 3661 5339 
3 7748 2645 2235 
3 7697 4363 742 
3 7669 2031 6465 
3 8493 6414 4793 
3 3005 6905 1141 
3 278 3507 5987 
3 6749 9311 8886 
3 6625 2885 9375 
3 5705 2945 8591 
3 8159 8087 2486 
3 6020 9276 199 
3 603 1242 9252 
3 2775 9174 4490 
3 3751 8471 7093 
3 4041 263 783 
3 1460 6332 8648 
3 323 7435 1580 
3 5111 2327 6910 
3 2079 9142 3096 
3 950 3583 7898 
3 6361 3201 5426 
3 2196 9148 6670 
3 4550 8190 7302 
3 1458 6528 3607 
3 5808 9093 1030 
3 8019 7989 2111 
3 7455 4881 8386 
3 2135 7711 9336 
3 2027 7112 4864 
3 7973 6103 161 
3 6323 1969 2543 
3 35 9386 6515 
3 7591 6626 2606 
3 4307 537 9612 
3 1233 4457 7566 
3 5092 9933 1426 
3 5950 704 5627 
3 6637 9857 6760 
3 3121 4957 3614 
3 1090 3393 6149 
3 8934 327 8813 
3 6359 8175 4252 
3 5872 3842 7134 
3 3441 6336 9474 
3 6293 4418 5757 
3 4791 7716 2229 
3 4080 6762 4777 
3 7634 3834 7212 
3 6574 9494 924 
3 9011 4526 7565 
3 7339 6777 9241 
3 6522 2345 7807 
3 5620 905 1940 
3 8078 3934 1327 
3 10 6596 5309 
3 7048 1699 7641 
3 6871 6967 1363 
3 2627 3406 7205 
3 9980 9029 3632 
3 2876 1947 2940 
3 1796 5608 5368 
3 9339 483 1418 
3 8594 5949 3821 
3 3031 8482 5365 
3 3604 141 6856 
3 4945 6354 1332 
3 1424 2004 9051 
3 6494 9305 1349 
3 9547 4169 1660 
3 8067 1117 5232 
3 8817 307 7757 
3 1945 2859 2712 
3 797 3191 7829 
3 4911 7069 3820 
3 7737 6644 5965 
3 3812 3284 1041 
3 5388 2860 7303 
3 2323 4703 2333 
3 2537 8720 6527 
3 4729 8887 3177 
3 5592 7773 9895 
3 1760 582 1678 
3 1405 9762 9929 
3 2506 5599 6669 
3 8437 6530 1096 
3 4446 7910 2097 
3 9913 3365 1737 
3 7198 4417 9436 
3 5790 7906 7323 
3 5395 2080 9665 
3 160 6349 5529 
3 3342 1064 9422 
3 1207 3975 4926 
3 7882 8996 7370 
3 77 4387 9264 
3 8553 3266 3337 
3 9446 3438 1447 
3 7519 8131 8154 
3 8341 5975 7015 
3 4275 8065 2901 
3 6868 8988 8908 
3 2212 1369 3778 
3 1008 6387 2221 
3 7195 9974 6385 
3 3678 3030 421 
3 4953 898 6442 
3 9927 681 1995 
3 505 3308 3257 
3 4420 7489 3103 
3 7201 746 917 
3 6309 8610 2520 
3 2405 6864 2396 
3 237 628 312 
3 6363 8653 1984 
3 9372 8628 8215 
3 3768 8321 21 
3 8783 2748 3463 
3 5557 5753 2452 
3 8228 3051 252 
3 1304 480 2680 
3 8657 1193 4122 
3 5076 2967 6556 
4 6106 8601 4303 8410 
4 50 4257 4399 9038 
4 3642 8535 5852 1876 
4 3430 6423 6018 9732 
4 393 4520 1462 6738 
4 8112 5018 9879 9096 
4 7398 3900 4225 8481 
4 2271 16 7286 2747 
4 5060 5151 9649 529 
4 9774 1595 8691 7750 
4 8461 133 2408 8120 
4 2026 127 8801 6179 
4 8080 3603 3140 1790 
4 9903 3014 3446 7149 
4 3384 8524 7930 5084 
4 7792 462 4422 4436 
4 4002 1927 4261 1266 
4 4403 5806 3883 3892 
4 8579 9882 7950 8399 
4 7840 7076 3476 2662 
4 3240 9267 9828 6645 
4 2389 4496 5461 2572 
4 4274 9261 5104 1687 
4 5513 5344 5934 7876 
4 4515 1838 5320 9907 
4 3225 6399 4009 8143 
4 3850 9663 7176 5519 
4 772 3377 9384 4601 
4 3369 9107 3609 3387 
4 8707 588 8141 8507 
4 611 4537 3426 1554 
4 9125 5879 2191 9124 
4 4521 979 1324 2493 
4 2752 1875 6198 1057 
4 6895 362 3443 6250 
4 7728 8405 4308 6004 
4 1261 4954 731 5865 
4 9365 6060 9004 5301 
4 7508 9167 1087 4992 
4 5414 4005 9970 709 
4 6264 5081 8541 5990 
4 6436 1093 830 3053 
4 5827 634 3825 4171 
4 139 2239 6590 8320 
4 9428 7033 2726 2450 
4 9789 1725 7936 403 
4 7440 6219 4239 8835 
4 7561 1377 7017 3445 
4 3270 8401 5821 4079 
4 9057 4950 7854 5749 
4 7259 9260 1694 3246 
4 158 6708 8376 2848 
4 3206 2410 1428 1785 
4 3485 9020 3822 123 
4 6122 6850 4488 2612 
4 8562 2367 3811 6071 
4 5968 6765 4871 5306 
4 3858 1285 6722 5251 
4 6579 9765 8649 3743 
4 649 9816 9034 3558 
4 4049 6673 352 5915 
4 5067 9733 1322 5061 
4 3348 677 4999 9226 
4 7375 6064 9111 4373 
4 3229 7735 8604 6742 
4 8885 9614 7765 4599 
4 6859 1536 6833 3951 
4 5780 9127 3169 3555 
4 4126 4949 6061 9486 
4 5137 6200 1837 5541 
4 6229 3722 8938 5997 
4 4120 9079 593 5552 
4 8724 4277 3564 5276 
4 1778 5670 2504 2048 
4 3019 808 9812 331 
4 3431 1845 6591 9556 
4 2549 9590 5509 4340 
4 481 3867 360 8718 
4 9634 1724 1980 5197 
4 3112 9368 9437 3540 
4 3623 5046 1419 6115 
4 786 5144 4558 6578 
4 1406 1936 2120 7585 
4 5346 384 3238 6147 
4 1223 3897 3915 7739 
4 3162 7856 5209 2418 
4 8332 326 265 7182 
4 3422 1681 6636 9594 
4 5564 7528 3185 3126 
4 1524 1303 2854 9394 
4 7022 2155 246 3586 
4 5582 6639 9874 4976 
4 3806 981 7082 585 
4 8449 3673 370 7096 
4 9875 9291 7402 3149 
4 2415 4754 1928 5039 
4 174 3454 6567 6913 
4 3930 3503 3474 1935 
4 3137 3351 5863 7485 
4 6960 3758 366 8045 
4 3289 517 2006 3605 
4 7141 1531 2053 9309 
4 7796 2610 2366 2982 
4 5127 6799 6338 6431 
4 6248 7552 114 8625 
4 9027 5994 6475 8036 
4 7475 643 8477 7925 
4 861 8633 5668 9370 
4 4535 1996 8432 2656 
4 5159 137 7280 1055 
4 5258 8716 3522 7214 
4 996 5479 9239 1273 
4 8404 7315 9350 7775 
4 2420 8832 5804 8812 
4 5469 609 9917 6872 
4 6519 7064 9417 7257 
4 3973 7133 6347 9343 
4 9117 3654 1382 9557 
4 8313 5284 4140 4500 
4 1937 9851 868 5227 
4 5109 6311 9063 6498 
4 9060 59 4847 8998 
4 6943 3038 4797 7977 
4 8227 9778 7779 1487 
4 4082 6083 5117 4605 
4 356 9904 6418 6420 
4 115 2613 2084 4445 
4 3571 9114 4380 4780 
4 5496 8467 8807 2865 
4 4452 3581 2686 4598 
4 5781 4875 4046 971 
4 5421 8511 5229 3906 
4 1091 9383 9744 9528 
4 8866 1446 7948 4447 
4 5386 9308 4081 8445 
4 1514 5890 6746 4524 
4 2203 9242 6977 7981 
4 7604 7360 4830 8617 
4 8000 5617 1656 9273 
4 3703 4774 2355 6660 
4 964 3092 7943 2569 
4 7282 8290 2554 8246 
4 5706 7196 321 4671 
4 7206 8430 6606 6196 
4 1026 8164 4227 4924 
4 8377 2525 3783 9455 
4 8615 4760 4561 244 
4 7410 6560 8981 2499 
4 2698 6329 7118 163 
4 692 7607 5464 1763 
4 6458 4903 6226 3637 
4 5499 8360 6569 1981 
4 3645 5193 6488 5764 
4 2793 6218 7770 5313 
4 149 2517 5357 4778 
4 4478 411 3757 2995 
4 8715 6743 5463 7991 
4 7364 9254 6194 5018 
4 4838 9788 2365 4898 
4 8407 6929 2750 9521 
4 605 2256 9516 1704 
4 8857 7959 3173 590 
4 90 64 9373 6439 
4 8478 7885 7476 6263 
4 7084 9477 9725 3782 
4 340 4724 1201 6775 
4 9016 1490 9839 1758 
4 9655 8995 9867 5295 
4 5506 758 4853 247 
4 5919 5881 7234 9328 
4 6072 8676 4302 9270 
4 5492 4406 8146 1102 
4 9134 1909 3929 4544 
4 6268 7680 3166 3590 
4 7901 3467 7621 4134 
4 5183 3567 2734 7547 
4 7682 6769 7557 9139 
4 4746 7161 6258 4892 
4 1999 3804 6401 9269 
4 9317 3549 3617 1604 
4 5053 7145 2910 2059 
4 6474 3793 3115 5520 
4 4475 5373 6406 2845 
4 41 7573 7350 5266 
4 5533 7567 2090 824 
4 1797 1579 9581 3655 
4 1199 3459 2558 2246 
4 9193 8433 5190 2710 
4 2379 2531 711 1373 
4 9881 3230 5900 5491 
4 3865 5249 8776 9625 
4 1764 2784 3647 5181 
4 7166 5178 3473 4567 
4 3766 2773 1381 1453 
4 6189 2280 3256 4834 
4 4909 4711 2560 9195 
4 1390 705 2232 6841 
4 9460 9462 5682 8245 
4 7045 1792 4851 2141 
4 2807 8182 5707 8761 
4 1439 1136 4986 135 
4 8327 9284 3506 3081 
4 6257 4874 7655 1668 
4 4502 9775 8504 6884 
4 1518 7104 1317 5185 
4 2634 9605 2769 8840 
4 78 2515 6576 7875 
4 2679 4705 1777 9354 
4 9454 5070 3922 886 
4 6521 4695 1112 7029 
4 5085 8448 1673 8662 
4 1739 3057 7922 6491 
4 2455 3742 7447 4021 
4 7945 9620 7525 9888 
4 9423 5035 4827 4828 
4 6379 2318 9094 5708 
4 2248 4304 7844 3350 
4 5995 7846 904 919 
4 4808 3924 9912 9210 
4 6068 4896 3530 1707 
4 55 5143 5833 8950 
4 1230 4416 7114 6858 
4 6657 3851 3947 3823 
4 6063 660 8664 290 
4 7293 3977 6016 9407 
4 2801 4027 2131 3587 
4 126 9498 1272 762 
4 1823 9164 853 3925 
4 5065 8590 9894 9329 
4 416 2170 3353 9245 
4 9975 7888 6410 3545 
4 2165 3786 9785 8400 
4 3135 1817 1919 9419 
4 5542 6565 3709 5094 
4 8512 1427 1350 2903 
4 3080 5844 1318 5150 
4 8539 75 4055 8875 
4 2161 2463 5650 3941 
4 9535 9507 8722 5693 
4 4213 716 1914 8651 
4 4153 3893 8895 3252 
4 7156 7021 3638 6462 
4 1122 748 7699 4948 
4 1080 6755 8831 4568 
4 7469 1586 2582 1024 
4 5037 4044 8638 4300 
4 4859 4916 8007 7243 
4 9362 7359 1156 6075 
4 8029 6135 5235 1911 
4 5559 7718 9684 5543 
4 227 665 750 7061 
4 4047 9200 7570 4295 
4 9930 1328 9603 7279 
4 1684 1370 3249 1348 
4 9513 3853 7164 2017 
4 3912 900 1730 1931 
4 4670 5885 2402 4438 
4 8960 682 2928 7752 
4 5019 8118 8856 2796 
4 5622 2296 4291 3457 
4 5253 5220 2342 8487 
4 6823 2918 9357 6502 
4 5742 7734 7849 3849 
4 7056 6950 6782 5350 
4 9662 8646 9429 3292 
4 9412 7890 1698 2098 
4 4855 9601 367 1277 
4 2727 696 9716 443 
4 7745 5979 7152 1847 
4 7223 8931 519 5525 
4 5252 6237 4230 1271 
4 5129 3890 5452 4694 
4 4556 6650 240 3421 
4 6353 2072 8906 8927 
4 1859 9349 718 6504 
4 962 5404 4095 4725 
4 1073 9307 9178 3620 
4 378 3424 7527 8057 
4 292 8303 3953 952 
4 4147 1243 3145 8098 
4 6740 4479 3777 6561 
4 1032 884 4934 9531 
4 9865 8665 2692 8349 
4 9660 2619 9204 8455 
4 2347 4087 4719 2681 
4 4607 994 2184 6098 
4 4327 4242 4704 1430 
4 6829 4069 4767 6837 
4 2864 3023 3157 218 
4 712 6827 4891 4505 
4 7480 8209 5433 7654 
4 8864 735 85 4582 
4 5540 3660 4732 5926 
4 9549 6112 912 8997 
4 461 5391 7990 9647 
4 870 4815 8532 7703 
4 2722 7429 2358 9754 
4 5058 7464 5003 9602 
4 1368 9504 9923 6006 
4 4914 5873 7883 2050 
4 7518 5953 5767 4375 
4 5842 5603 1245 7819 
4 5566 7755 4191 1788 
4 9166 5832 4424 538 
4 2013 3191 8378 2739 
4 5441 2839 6893 486 
4 4509 5419 9715 5567 
4 7933 728 364 2818 
4 6383 3167 3775 4656 
4 2570 2798 1682 4652 
4 3513 6312 5515 2649 
4 155 6275 7681 553 
4 3697 512 3616 4036 
4 5632 9333 6562 6049 
4 3576 2434 7511 9653 
4 2823 7261 7487 9400 
4 5793 4663 5341 7502 
4 7780 2003 6180 8631 
4 7595 6869 3986 6012 
4 5628 5074 9277 2846 
4 7368 172 1268 387 
4 1067 7786 6416 8252 
4 7237 8778 1178 1898 
4 9873 6482 4596 2491 
4 9044 34 1701 9577 
4 4527 2502 7312 1020 
4 5518 8095 6936 6721 
4 4003 3392 4895 1868 
4 3611 3908 2241 1807 
4 9489 5923 4651 5822 
4 2608 6093 922 9196 
4 6033 1891 2461 8802 
4 2250 8197 1779 9103 
4 7273 658 572 3708 
4 1421 3748 106 2430 
4 3100 597 944 8567 
4 8373 5384 3699 9347 
4 7298 1109 7063 717 
4 8292 306 6559 4538 
4 1591 8576 6592 7443 
4 7046 2471 6966 5782 
4 3408 4483 5091 6685 
4 5948 8904 9427 4091 
4 927 7037 5663 2117 
4 5121 3343 2604 2085 
4 2867 4920 4161 3537 
4 6003 5886 9563 4022 
4 2338 7327 9628 770 
4 1121 8994 2673 7504 
4 3756 1885 202 9795 
4 7514 2356 4893 1150 
4 1821 7117 5905 8229 
4 4145 9656 2330 8323 
4 1482 3863 8411 1674 
4 1612 2814 3701 9637 
4 6741 8552 5727 423 
4 4379 5841 3519 2916 
4 6496 300 1457 2352 
4 764 6638 8485 8169 
4 8281 4058 4024 4394 
4 911 6902 7488 9495 
4 1986 36 8618 2534 
4 3899 5829 802 6699 
4 9271 2646 3291 7907 
4 5189 852 28 7326 
4 8106 6860 7482 2931 
4 4968 9859 7625 9627 
4 7307 407 1816 1001 
4 33 8355 9899 4083 
4 8799 5472 2561 8207 
4 6278 7263 6169 5012 
4 3451 1420 7313 3262 
4 3389 4617 3200 9440 
4 6533 8137 2103 79 
4 6162 2392 575 6062 
4 3704 6758 5609 3295 
4 963 8353 2935 5378 
4 9013 4482 9683 5192 
4 4382 8307 6123 7994 
4 2737 7715 5128 9318 
4 7328 8533 8348 6826 
4 5195 5383 6621 5270 
4 3180 7110 4464 1905 
4 8074 2314 9169 7314 
4 8413 863 6214 4217 
4 3880 2637 3102 1022 
4 9398 148 7295 9402 
4 7337 5768 4661 1589 
4 6140 4264 576 9071 
4 2781 6744 4294 9415 
4 5454 8300 8508 7297 
4 3983 8458 6478 3114 
4 3296 4454 8408 1056 
4 3901 6281 5586 6014 
4 8319 7719 1095 4356 
4 2524 3189 8331 9666 
4 6079 9657 3889 3650 
4 3712 2091 4413 8746 
4 276 3937 1781 4876 
4 9575 5941 4112 2628 
4 3539 2991 8768 3760 
4 9976 7820 9569 4653 
4 5255 5549 4287 8796 
4 7252 1455 2751 363 
4 9956 5839 7705 2724 
4 4425 2490 9405 999 
4 2782 1593 4877 2276 
4 5290 4747 8185 266 
4 8142 9562 451 9685 
4 5505 6955 1173 9911 
4 4462 2069 2985 288 
4 6675 9431 4407 5257 
4 9646 8690 8446 7473 
4 8969 8697 5556 15 
4 8260 8517 6889 8002 
4 373 8464 5281 4669 
4 3491 5656 3420 9371 
4 2936 5959 7031 9346 
4 9348 4856 449 4980 
4 397 341 3127 1294 
4 3382 6145 1208 4585 
4 1731 9792 985 2332 
4 9037 60 419 5490 
4 7720 225 8436 6890 
4 1830 3747 7683 1085 
4 2675 515 8351 7357 
4 2457 2236 1221 9503 
4 9095 3452 5550 1744 
4 3471 5917 7983 8147 
4 6460 83 7556 701 
4 6917 6178 1113 8880 
4 9048 6623 7970 3631 
4 7955 8001 7733 8239 
4 3128 7761 9247 2404 
4 885 51 2149 9410 
4 1555 3668 8015 6971 
4 8865 7633 6819 2667 
4 6161 5172 9813 7834 
4 5013 1036 5374 6987 
4 2700 2603 7178 6873 
4 8790 3202 6227 1010 
4 3711 9432 8742 8151 
4 2425 5296 3281 8294 
4 5416 9220 6235 2984 
4 3428 8198 9767 3294 
4 9783 9168 8729 9047 
4 7921 6026 3220 1197 
4 6679 6170 8859 7331 
4 1126 5809 8774 7224 
4 2732 8932 1608 4542 
4 4513 806 4782 4946 
4 9515 4510 7832 9705 
4 2393 8305 304 9700 
4 8689 2973 4604 8274 
4 4536 5349 5005 3068 
4 5825 3221 7666 1182 
4 8261 6887 1515 1471 
4 8258 7868 9484 899 
4 1850 2678 9322 6374 
4 5256 5978 8858 2617 
4 3705 1516 3479 8870 
4 560 6125 9369 8081 
4 2140 3509 7772 5539 
4 5135 7270 6957 4927 
4 9638 1867 7771 7008 
4 1654 2736 3012 5390 
4 774 2115 2729 6714 
4 2635 7071 8946 7227 
4 8470 5093 9438 7209 
4 4708 3129 5661 9661 
4 653 1526 6549 4973 
4 5073 1476 6861 4232 
4 6938 2093 8837 7581 
4 296 3721 6402 3196 
4 4977 9699 2168 3870 
4 8744 8030 8269 661 
4 2381 271 5484 6909 
4 6932 2952 655 6432 
4 1295 1360 6421 3376 
4 5204 3974 5213 562 
4 1918 1767 612 2359 
4 7383 447 7774 9039 
4 4290 1643 749 9314 
4 5882 6643 4917 6021 
4 9187 4231 5437 2386 
4 9021 6752 1754 9471 
4 3888 2663 9818 1385 
4 6300 2492 2015 5366 
4 9826 9517 1672 3243 
4 9401 8278 948 3736 
4 3379 4429 5174 282 
4 5673 7824 3331 4433 
4 9973 1211 1225 7059 
4 9099 5411 9843 7843 
4 8108 4870 3416 5931 
4 5637 8298 7325 4612 
4 9797 7932 1688 1887 
4 1539 8139 7479 2056 
4 4006 3724 9240 5894 
4 9769 1163 2755 6176 
4 459 408 9025 2039 
4 1274 5168 8861 1641 
4 9395 7208 1506 3763 
4 2341 1666 6935 5007 
4 8924 442 6689 8191 
4 1329 9203 9404 3918 
4 4343 1857 2791 238 
4 8839 1475 500 8270 
4 581 7442 5153 3741 
4 3781 7872 3773 4930 
4 7725 8652 2364 8424 
4 3649 7939 8828 7657 
4 3171 9218 6612 30 
4 2653 8637 5576 932 
4 316 6848 9299 445 
4 8775 3916 2596 1176 
4 1786 2482 5665 5057 
4 4491 8654 2163 2780 
4 7172 6419 7272 6424 
4 3320 5307 536 1249 
4 978 1517 6551 820 
4 516 5300 2468 6736 
4 7098 297 2930 8502 
4 3718 8838 1538 916 
4 4393 9756 6192 7694 
4 1079 4059 5992 8752 
4 232 7909 4443 2331 
4 6389 3492 6550 8371 
4 8205 8183 3618 32 
4 2401 8572 5819 433 
4 5330 2757 4811 1155 
4 164 7260 5090 646 
4 4707 7758 4028 5835 
4 9379 3193 3942 6463 
4 8680 5943 1938 4332 
4 5465 8450 8372 6039 
4 3383 9243 4237 6748 
4 4019 2180 4495 2066 
4 5958 6994 5534 600 
4 9834 3968 4616 5763 
4 3020 7496 5435 5481 
4 156 1253 4592 8387 
4 8174 173 4796 8026 
4 3735 4175 5385 8698 
4 1053 4972 6438 2199 
4 6962 8257 7116 6958 
4 2557 5843 6870 9890 
4 8003 5044 4014 9827 
4 7817 5358 2335 2893 
4 3869 269 151 2390 
4 8240 8845 8917 1203 
4 9216 3749 7105 2178 
4 3677 4866 8719 8791 
4 8673 4626 3209 8717 
4 3843 1034 6413 6242 
4 3371 9624 9595 1358 
4 3228 499 441 1235 
4 7121 1226 3529 3746 
4 7444 8062 5226 4158 
4 5762 9323 7318 5611 
4 3386 574 5245 2353 
4 8140 3261 872 4155 
4 7700 6243 1413 5547 
4 3615 6088 5167 8392 
4 2685 8123 4048 7006 
4 7168 5027 5272 9232 
4 2417 1092 7316 8163 
4 1072 1438 1745 5045 
4 6150 9092 6121 183 
4 4809 2957 4333 4959 
4 504 476 1463 470 
4 5494 5497 8343 8126 
4 7044 5340 54 7192 
4 3674 6308 7111 4738 
4 3032 7095 1393 6141 
4 1855 6806 571 8129 
4 4139 2509 7857 8893 
4 722 9297 6464 1993 
4 6918 4439 2109 7759 
4 7795 9680 4159 2630 
4 1843 3411 7688 2394 
4 6709 1906 4094 1185 
4 7917 3414 4064 2538 
4 2932 1525 548 7460 
4 286 7559 5906 7960 
230402542