1628
2 3077 456 
2 8869 690 
2 1776 4697 
2 4998 7433 
2 1176 3637 
2 2461 5223 
2 8704 2372 
2 1925 7202 
2 1079 3415 
2 4145 5199 
2 4832 4642 
2 4830 3746 
2 1570 789 
2 7691 2655 
2 9687 1285 
2 9391 7012 
2 7218 9922 
2 8258 1860 
2 5569 4700 
2 9640 7211 
2 8320 8894 
2 2836 1394 
2 4296 9433 
2 4828 6327 
2 2539 8739 
2 146 4034 
2 5993 6111 
2 2012 6613 
2 111 7133 
2 3361 5300 
2 607 8121 
2 6615 236 
2 8360 8120 
2 8055 4653 
2 6510 4246 
2 7839 1480 
2 4732 1651 
2 5 1557 
2 302 3482 
2 5776 6844 
2 7611 6083 
2 8793 1187 
2 9757 9446 
2 8266 3670 
2 3032 2985 
2 7055 8715 
2 3183 6831 
2 1382 850 
2 5690 8103 
2 1877 4721 
2 4321 6558 
2 4117 4233 
2 2158 5769 
2 9322 4266 
2 6479 3231 
2 7577 9488 
2 36 1996 
2 6445 4488 
2 7555 8051 
2 6942 7141 
2 1871 2331 
2 1962 4022 
2 1406 8278 
2 3090 5226 
2 4247 8348 
2 7284 2854 
2 9728 4244 
2 9183 8451 
2 252 2874 
2 5520 3965 
2 7235 7996 
2 1981 6360 
2 503 1336 
2 340 3099 
2 9659 6082 
2 4477 6303 
2 3659 4370 
2 5358 4148 
2 3663 8398 
2 8396 9365 
2 646 600 
2 8709 6991 
2 2182 5967 
2 1231 7863 
2 1268 1872 
2 1771 8977 
2 660 8970 
2 3740 6195 
2 4171 9723 
2 5094 6866 
2 8960 217 
2 7585 7383 
2 7921 9530 
2 2686 2463 
2 5005 1754 
2 5179 3232 
2 2625 3674 
2 3906 680 
2 6497 2496 
2 8327 1250 
2 2710 5860 
2 2977 8385 
2 7470 2454 
2 6974 7929 
2 744 265 
2 702 2571 
2 4413 8886 
2 670 6269 
2 7312 3060 
2 6930 7240 
2 6197 4078 
2 9325 9246 
2 1148 8057 
2 2486 7483 
2 5078 8937 
2 3221 6321 
2 8816 3097 
2 2722 5797 
2 4216 3237 
2 6794 3397 
2 9007 4743 
2 9407 8586 
2 6812 9356 
2 4831 6836 
2 3548 8066 
2 8775 6630 
2 5306 5082 
2 436 27 
2 7232 216 
2 6710 6801 
2 5747 296 
2 8782 4038 
2 2851 1580 
2 8277 7552 
2 3697 9955 
2 4544 2230 
2 5419 4818 
2 1715 9135 
2 7328 5017 
2 4028 9214 
2 4567 6347 
2 3130 3430 
2 1005 8188 
2 1553 8561 
2 522 363 
2 1016 8019 
2 3557 5513 
2 8655 1070 
2 5697 5682 
2 8204 5378 
2 4255 7145 
2 3420 6818 
2 1342 7523 
2 4389 8562 
2 6729 457 
2 3019 6502 
2 8359 8345 
2 1886 8365 
2 4937 7668 
2 748 5975 
2 9436 3631 
2 4299 5942 
2 3081 8513 
2 8664 697 
2 4367 907 
2 7401 7313 
2 4710 9084 
2 1059 9740 
2 5829 3703 
2 4734 5497 
2 8058 6703 
2 9478 939 
2 318 3378 
2 1773 6913 
2 6277 69 
2 816 9694 
2 8410 2236 
2 3148 7631 
2 8857 5335 
2 6335 6711 
2 9617 5638 
2 7939 645 
2 1987 3325 
2 3672 6080 
2 9255 4726 
2 7710 5660 
2 8257 7192 
2 5517 5391 
2 4031 9465 
2 751 3270 
2 7958 8300 
2 3293 4712 
2 73 1044 
2 3715 3426 
2 8127 1349 
2 9569 7716 
2 567 6329 
2 354 4575 
2 5896 8478 
2 4841 2 
2 8107 3728 
2 7923 2342 
2 560 1563 
2 8415 7208 
2 5167 2371 
2 3404 9319 
2 8381 4175 
2 7414 2538 
2 6968 6977 
2 2728 2193 
2 5948 8538 
2 6754 7123 
2 1413 1678 
2 8231 6737 
2 7987 3529 
2 437 7583 
2 2139 6201 
2 2964 7697 
2 9492 2466 
2 8324 6873 
2 4111 9062 
2 5163 8213 
2 1676 3570 
2 2997 7365 
2 5443 766 
2 5436 7866 
2 3369 4650 
2 716 3508 
2 8354 1178 
2 7760 4475 
2 5330 6990 
2 5287 6024 
2 5570 3822 
2 923 8867 
2 206 2894 
2 4705 2673 
2 8567 1669 
2 8788 1115 
2 9886 1328 
2 817 4550 
2 5695 2574 
2 6474 746 
2 4331 300 
2 9220 6481 
2 2679 4535 
2 6422 2197 
2 89 9201 
2 5425 6370 
2 6094 4420 
2 2998 107 
2 5214 7205 
2 7044 6378 
2 6001 1074 
2 8288 3852 
2 1354 7370 
2 2783 348 
2 4422 7493 
2 4930 9812 
2 865 1312 
2 1323 7519 
2 1086 2339 
2 5235 9769 
2 1631 9871 
2 5721 2732 
2 3022 4392 
2 3184 2858 
2 5055 1682 
2 3942 4625 
2 6693 1707 
2 8342 7565 
2 9323 9271 
2 3963 6715 
2 3979 4206 
2 2667 9038 
2 5440 4576 
2 9399 9747 
2 8629 2040 
2 160 5987 
2 5035 9784 
2 1272 773 
2 8319 6546 
2 1325 1111 
2 5607 266 
2 550 7382 
2 9703 1249 
2 6669 5243 
2 4999 3968 
2 8903 8539 
2 289 9656 
2 6009 5015 
2 3280 5103 
2 3945 5589 
2 8613 8503 
2 8133 3882 
2 5794 1465 
2 9118 4756 
2 9669 20 
2 5908 9315 
2 2572 6361 
2 4497 7059 
2 3540 9355 
2 9208 3754 
2 2609 2082 
2 6173 9948 
2 3603 8284 
2 8815 7247 
2 3323 2212 
2 5996 2544 
2 8619 7168 
2 3865 8265 
2 4865 1276 
2 4376 6196 
2 257 4441 
2 6424 1711 
2 2982 1372 
2 1616 7087 
2 851 7130 
2 5051 5369 
2 8028 2451 
2 9467 4641 
2 2488 4995 
2 608 4557 
2 3025 5081 
2 3572 5658 
2 2275 1370 
2 2152 1456 
2 2246 4688 
2 4459 1906 
2 3874 8445 
2 979 4925 
2 9696 7621 
2 791 2076 
2 7258 3848 
2 9470 9554 
2 3683 9647 
2 8657 5604 
2 529 8673 
2 4227 8123 
2 8178 553 
2 2893 6372 
2 6127 5232 
2 7246 1852 
2 885 4687 
2 3432 4308 
2 9982 9375 
2 9692 33 
2 5383 4423 
2 2381 6957 
2 9496 2259 
2 2173 5841 
2 315 1600 
2 8898 6192 
2 7768 5961 
2 8587 392 
2 8947 4371 
2 4546 5331 
2 5670 7224 
2 9166 9763 
2 804 6825 
2 7131 380 
2 9712 8519 
2 9376 3440 
2 6896 9859 
2 1729 3839 
2 6473 5774 
2 3214 6293 
2 2078 4649 
2 1599 4610 
2 6797 5553 
2 3035 2608 
2 1811 1477 
2 4746 5820 
2 5852 6362 
2 2919 39 
2 4408 8201 
2 8073 9994 
2 3491 481 
2 1623 2307 
2 6074 3583 
2 411 5648 
2 882 6062 
2 5152 694 
2 345 1963 
2 8413 4060 
2 4344 6165 
2 13 5496 
2 4088 7755 
2 3055 6563 
2 4991 9714 
2 3569 5808 
2 7845 3064 
2 6856 2225 
2 1319 4801 
2 6259 1538 
2 9291 2601 
2 6110 8854 
2 2861 2940 
2 6395 5696 
2 797 5353 
2 1818 4094 
2 6491 2903 
2 5360 6229 
2 631 9234 
2 2674 2464 
2 50 3339 
2 2100 1668 
2 9597 8973 
2 7858 6802 
2 8807 2740 
2 7509 9162 
2 2238 3003 
2 758 7963 
2 8442 8598 
2 7217 3721 
2 5079 3930 
2 6436 3301 
2 7919 414 
2 9729 8706 
2 3288 1924 
2 5363 1134 
2 7637 4384 
2 6079 3189 
2 9479 6120 
2 5981 438 
2 6945 7759 
2 5667 902 
2 2766 5681 
2 336 8560 
2 1677 1764 
2 736 1270 
2 8044 4892 
2 186 2557 
2 1759 1606 
2 5026 5622 
2 5124 5340 
2 3676 9239 
2 4571 3445 
2 4202 3163 
2 2455 5211 
2 3695 7140 
2 5972 9519 
2 6846 6730 
2 4691 4327 
2 5923 6624 
2 8891 3238 
2 1385 1099 
2 9161 5225 
2 7241 9406 
2 1733 4794 
2 1896 72 
2 3306 3250 
2 2370 7173 
2 1154 7332 
2 7280 6576 
2 1281 2317 
2 3991 8325 
2 9222 4302 
2 6340 3686 
2 9267 2106 
2 6987 8253 
2 3868 4658 
2 1166 911 
2 8967 7972 
2 4915 7912 
2 5831 3507 
2 5216 4132 
2 7432 2508 
2 5218 7888 
2 890 7484 
2 9986 6072 
2 2532 1654 
2 1258 5581 
2 3967 4800 
2 3541 7230 
2 234 6520 
2 1222 6160 
2 9464 5488 
2 170 8647 
2 3809 9958 
2 6284 1721 
2 4580 6861 
2 8251 2004 
2 5580 4914 
2 1974 5516 
2 9785 4192 
2 2779 2896 
2 4675 3688 
2 6709 5830 
2 7344 1246 
2 2206 4157 
2 8591 8206 
2 5180 4905 
2 9882 6814 
2 419 7743 
2 6357 9341 
2 7896 2332 
2 7900 5909 
2 6739 1061 
2 9494 157 
2 6219 8588 
2 324 7693 
2 3383 6848 
2 52 6092 
2 4933 8259 
3 7610 1217 7761 
3 4770 9904 681 
3 4065 4824 8034 
3 1560 4978 5349 
3 5056 580 845 
3 2616 5197 6746 
3 3859 1664 3158 
3 4500 5810 619 
3 8309 3992 5843 
3 5895 9629 8844 
3 9109 6749 9906 
3 4957 7612 7737 
3 6376 4092 4451 
3 6499 6098 1362 
3 6163 4323 9311 
3 4797 322 9691 
3 8876 7615 1793 
3 6983 880 3011 
3 6643 7251 40 
3 7040 5475 4739 
3 6351 4454 991 
3 3057 350 8986 
3 8434 2500 2957 
3 6107 401 3166 
3 8819 3380 1008 
3 6373 7359 2856 
3 6056 1800 6011 
3 2991 212 3944 
3 6202 5599 1582 
3 8093 531 597 
3 9264 1300 2360 
3 3780 2326 643 
3 6845 7511 303 
3 4279 8614 1765 
3 2154 9485 1046 
3 9043 8428 3228 
3 7946 2969 7819 
3 4101 1701 2622 
3 6152 2587 3879 
3 5605 5259 8362 
3 9605 990 8824 
3 9533 7550 3966 
3 9045 1577 912 
3 3421 4283 3888 
3 5222 6458 8026 
3 9625 4449 6006 
3 4190 3645 2174 
3 7529 8068 3912 
3 8754 5928 6365 
3 7824 6314 1635 
3 8700 8236 6771 
3 3793 8669 7309 
3 5154 8509 4763 
3 3886 2023 1986 
3 4749 5659 7706 
3 8637 1211 2827 
3 9209 6266 8768 
3 4931 7234 3744 
3 6028 26 4879 
3 9477 5276 3751 
3 8838 9000 9572 
3 6679 5764 9068 
3 1970 4513 3452 
3 8128 9941 6176 
3 4727 4584 9288 
3 3687 2768 406 
3 5217 9754 6650 
3 9529 7599 7802 
3 664 1671 6947 
3 7959 9124 2378 
3 5481 7805 7513 
3 7830 1966 7705 
3 3790 3902 9219 
3 1988 9191 848 
3 7600 5657 2936 
3 2132 2733 182 
3 5441 6352 2714 
3 1910 579 4122 
3 4959 854 3736 
3 4974 4657 2599 
3 3708 1784 2833 
3 2983 2963 8650 
3 3502 2474 8654 
3 5456 621 8192 
3 6864 5504 118 
3 8286 4870 7747 
3 8341 4436 7851 
3 1556 5514 929 
3 255 7680 5576 
3 2735 7652 1644 
3 3904 1931 9583 
3 3685 6209 5898 
3 8759 771 7135 
3 9046 5602 9926 
3 3310 9033 3357 
3 1840 7430 9500 
3 8733 4829 8850 
3 3605 3530 4168 
3 8146 6285 9088 
3 5272 8531 9888 
3 1225 4737 3878 
3 2820 3084 8070 
3 14 741 5465 
3 709 8176 3588 
3 6865 3282 9503 
3 8025 2981 275 
3 4352 4834 5204 
3 8644 5582 1160 
3 7256 823 9327 
3 9644 4288 9143 
3 7947 2007 7658 
3 1960 5149 750 
3 3094 9936 5782 
3 1756 2717 2003 
3 6635 1207 573 
3 952 6857 1593 
3 4414 2719 7257 
3 1890 574 6832 
3 5068 1395 1284 
3 7316 7017 7389 
3 5874 3893 9117 
3 1088 3343 1182 
3 4287 3105 9471 
3 9096 9185 7125 
3 8408 517 1449 
3 2336 5315 9661 
3 433 1499 2976 
3 1301 4047 9159 
3 4709 4309 4927 
3 5397 1856 1299 
3 5565 7299 4483 
3 7500 4837 7147 
3 3815 8718 8985 
3 1289 4666 9636 
3 1696 3485 5347 
3 2754 6055 2067 
3 8921 4540 4895 
3 6029 9563 1695 
3 6456 339 1171 
3 1685 673 678 
3 5733 8276 6233 
3 5535 5277 8808 
3 1694 9817 7319 
3 4412 8692 9064 
3 1659 565 7795 
3 1946 9879 2796 
3 8905 6052 2888 
3 8462 5623 421 
3 9514 3336 6371 
3 9565 5451 6784 
3 7070 5897 8056 
3 8545 3353 2328 
3 1618 2146 9653 
3 2460 2482 7604 
3 6890 9705 1574 
3 1259 76 5532 
3 9340 6154 6946 
3 185 5709 6925 
3 1637 452 3547 
3 3451 7704 3202 
3 5669 8153 4107 
3 2321 3705 2018 
3 6872 7505 3490 
3 7024 6387 2512 
3 4825 1264 5406 
3 8125 920 8670 
3 8191 9032 9358 
3 3689 3594 5464 
3 4374 1748 4453 
3 9722 9524 2433 
3 7502 3969 6862 
3 115 4188 2178 
3 3145 5728 3033 
3 9487 9981 6948 
3 6169 9586 6186 
3 2898 361 3581 
3 633 1594 3129 
3 9213 7049 6787 
3 3696 1461 7534 
3 8079 7980 3248 
3 9326 1511 3489 
3 6791 7678 6764 
3 7016 734 5850 
3 1351 8727 5238 
3 4730 7161 3042 
3 3830 7296 7357 
3 5375 3359 8368 
3 8117 9571 7758 
3 1716 2379 2002 
3 5430 2946 8645 
3 9527 9199 8697 
3 3364 6760 9424 
3 7404 5127 256 
3 7089 7945 8468 
3 4596 2134 6020 
3 9802 6140 8627 
3 8350 4050 8726 
3 7688 639 1930 
3 9324 1457 7835 
3 9228 9310 3360 
3 6863 5063 3828 
3 2038 3576 8169 
3 5858 4661 755 
3 4278 7659 407 
3 1958 9673 4741 
3 2189 9242 784 
3 614 1980 6451 
3 3438 1892 2042 
3 5823 9623 443 
3 7215 6281 6221 
3 8758 856 2148 
3 8216 2241 9444 
3 8084 5539 4109 
3 2711 1885 6139 
3 8233 5731 5551 
3 2262 3542 9910 
3 4493 1140 903 
3 8177 5317 4646 
3 9582 7620 8499 
3 3543 6810 9013 
3 8631 8963 8101 
3 2045 3690 6580 
3 6586 3903 8234 
3 7603 298 1548 
3 3561 7834 3873 
3 7886 2101 2041 
3 495 4080 71 
3 364 8255 3151 
3 2930 9945 1028 
3 4790 1215 8520 
3 518 5023 6941 
3 1658 1083 1444 
3 4465 5854 405 
3 4949 6999 6144 
3 4128 2723 984 
3 7261 4262 8393 
3 253 7490 6037 
3 7252 1353 6993 
3 2633 1874 9547 
3 60 7829 8383 
3 4862 2338 8045 
3 3419 6118 8226 
3 1683 2716 8449 
3 1832 3455 8794 
3 698 2979 5999 
3 3289 632 5985 
3 7671 9710 6619 
3 3757 2596 4753 
3 2367 2527 7077 
3 5007 2598 6306 
3 4390 1655 3212 
3 8014 3606 7792 
3 6518 3215 1936 
3 9535 7841 9182 
3 3775 30 594 
3 8371 1302 355 
3 995 371 8113 
3 126 7243 8554 
3 4536 1843 7726 
3 2775 2170 6824 
3 238 3898 4935 
3 3792 8535 58 
3 9931 8387 5884 
3 7926 106 6117 
3 8605 3258 8532 
3 8504 171 8029 
3 5663 2299 3539 
3 844 8228 425 
3 2361 9176 1747 
3 6616 7922 5322 
3 9041 5853 2471 
3 3786 6247 549 
3 8862 6793 5262 
3 8818 1058 6602 
3 9395 4804 7424 
3 1172 5248 5380 
3 9777 5664 2468 
3 5393 986 7868 
3 7785 8155 6404 
3 3439 934 9042 
3 6986 1298 7820 
3 8148 9804 3625 
3 5252 4648 6507 
3 7767 7166 4439 
3 7703 4857 2873 
3 79 4498 3458 
3 8419 5886 3759 
3 7817 5001 9338 
3 8578 2190 7816 
3 2924 9029 1689 
3 7384 5359 7354 
3 8250 5392 1379 
3 321 7288 9039 
3 7667 7408 3571 
3 9883 7557 7076 
3 8752 319 4902 
3 4940 4577 6199 
3 3196 6673 2806 
3 3412 7231 9526 
3 4987 6641 7780 
3 427 6607 1855 
3 7194 8663 5780 
3 3229 6004 6911 
3 933 2772 5851 
3 9794 9426 5379 
3 9232 7454 3422 
3 4878 1835 5147 
3 5020 9305 8334 
3 291 4685 1494 
3 4609 4163 3356 
3 7478 6915 1820 
3 6632 123 2702 
3 2860 9844 142 
3 1620 3018 1045 
3 2541 7732 9843 
3 4289 7838 3531 
3 6567 2975 5139 
3 4032 8493 2143 
3 5108 4640 3368 
3 8939 4427 8304 
3 3192 8252 554 
3 9595 9405 2913 
3 3850 5227 3763 
3 5194 8116 3083 
3 745 4162 7183 
3 2753 5951 7220 
3 2050 2607 4520 
3 5856 6880 8139 
3 1649 8437 2117 
3 9495 7910 971 
3 2097 6582 6598 
3 5749 3226 8224 
3 7635 6892 1290 
3 6198 4909 1537 
3 2383 9731 1454 
3 6751 5617 3568 
3 2184 4908 7932 
3 994 7410 1361 
3 5420 7925 8556 
3 6364 394 8494 
3 2970 2200 5016 
3 9837 4669 7287 
3 9558 3303 4093 
3 9887 6960 6885 
3 8583 569 4058 
3 4406 1077 3558 
3 2006 7311 6552 
3 662 6883 1883 
3 7576 1595 7525 
3 3624 6132 6342 
3 2057 5282 2525 
3 1402 1458 3937 
3 4112 1680 8846 
3 7891 5960 6235 
3 3798 2690 2254 
3 6145 6813 3448 
3 114 9144 413 
3 8724 2242 6565 
3 2840 5713 3617 
3 4161 180 918 
3 9998 6744 779 
3 7126 5992 1069 
3 271 2564 1218 
3 1017 8777 5907 
3 5483 7317 7368 
3 7539 7095 3341 
3 7340 2292 7684 
3 7867 684 4690 
3 2952 6205 7669 
3 5687 1024 6753 
3 609 5260 9049 
3 8801 8945 9204 
3 1495 5518 6190 
3 1114 6263 2062 
3 521 5432 5646 
3 9870 9978 3261 
3 4039 3524 8181 
3 7494 7274 7715 
3 562 548 720 
3 8590 8771 4446 
3 3121 738 5473 
3 6115 4 3895 
3 2313 5065 8295 
3 4304 5357 8473 
3 8845 3169 9156 
3 4848 7731 7854 
3 462 3982 4552 
3 1508 5771 7358 
3 4819 7909 331 
3 5037 8215 6171 
3 7008 8778 96 
3 3222 7219 1838 
3 3978 5205 1938 
3 2424 3400 937 
3 4185 4160 3065 
3 2240 9732 1526 
3 1274 3334 6126 
3 1567 8464 5861 
3 9511 6427 5588 
3 6620 1367 4976 
3 8930 1466 9119 
3 9367 3913 8391 
3 1720 1267 5624 
3 1610 2637 3660 
3 2790 4893 22 
3 8676 6833 9916 
3 9651 4997 1743 
3 9824 9017 2128 
3 2932 7654 8625 
3 5183 7266 2448 
3 3799 4508 8906 
3 4319 8256 3560 
3 241 3468 6529 
3 8268 6124 4758 
3 9218 6839 9368 
3 4337 5190 4320 
3 3771 4385 8799 
3 6984 2841 7272 
3 8534 7387 8491 
3 7589 5177 8263 
3 6386 6105 6757 
3 9481 6509 2133 
3 7487 5426 7074 
3 3920 370 704 
3 6526 2725 4659 
3 760 4041 6274 
3 2211 871 9468 
3 2659 7967 8096 
3 2436 2084 1667 
3 4193 5644 3678 
3 8009 409 5862 
3 2141 4054 9695 
3 7064 5405 676 
3 6608 8195 2677 
3 1652 3784 973 
3 1399 3075 675 
3 9396 3510 6514 
3 2660 1036 4745 
3 9801 5294 5910 
3 4386 6837 8053 
3 386 4827 2418 
3 2701 5109 2459 
3 1203 4769 8776 
3 9920 8105 4601 
3 2199 7801 1287 
3 759 1774 2274 
3 3433 9318 3411 
3 7661 2214 2550 
3 4934 6796 6492 
3 1763 1964 8853 
3 376 5870 4127 
3 9996 4811 3704 
3 532 7293 2631 
3 5446 6343 1697 
3 459 3181 4189 
3 9604 8209 6943 
3 1679 3829 1628 
3 6415 7102 6800 
3 9224 9123 725 
3 2196 2359 7178 
3 7388 6949 4923 
3 381 3726 4938 
3 6702 5221 3964 
3 628 5207 1383 
3 4146 4761 7725 
3 9581 282 1202 
3 7899 2921 2715 
3 7920 1529 269 
3 5153 4723 4165 
3 7575 9711 1828 
3 9688 221 7811 
3 6014 7685 1831 
3 6478 6847 7530 
3 3520 8221 3499 
3 4224 1550 5934 
3 8684 3355 8779 
3 3820 5341 4751 
3 788 5135 2323 
3 8966 9283 5448 
3 3125 685 2837 
3 5371 992 601 
3 3205 5280 4548 
3 5208 6493 4147 
3 5461 2526 7338 
3 2150 2077 8952 
3 100 3233 1405 
3 828 3168 8913 
3 539 4141 3733 
3 3956 1510 232 
3 8826 1452 4350 
3 1977 9997 6879 
3 5773 6750 6878 
3 1476 7075 4990 
3 988 7118 898 
3 1579 4715 9385 
3 7769 1396 1149 
3 482 8285 7815 
3 807 8609 9416 
3 5650 2355 8698 
3 3401 2528 8574 
3 7791 6350 2092 
3 4478 2648 9379 
3 5877 4588 9561 
3 7628 1822 7320 
3 9715 4614 243 
3 1404 2235 3990 
3 3537 3940 9320 
3 5251 7336 794 
3 1524 6914 2060 
3 2345 1555 3917 
3 1797 7985 4187 
3 9718 9771 6138 
3 7033 5507 154 
3 3595 9676 5396 
3 9875 3586 7007 
3 7727 5182 4081 
3 422 8731 6978 
3 1039 956 4428 
3 6769 864 2380 
3 5027 3635 2759 
3 8316 213 4166 
3 2444 1732 5720 
3 7022 5939 5268 
3 4152 9293 7554 
3 1275 8981 7754 
3 6041 9307 7233 
3 6482 3344 3741 
3 104 3675 21 
3 4033 8299 5673 
3 7670 9304 2937 
3 496 6980 5533 
3 6323 9174 1781 
3 6601 5439 2356 
3 4277 4539 2426 
3 9618 3896 8392 
3 8333 9543 2043 
3 1163 5707 6444 
3 4096 5502 3036 
3 3252 6815 278 
4 3179 9510 8543 8883 
4 9895 6304 4742 7482 
4 502 5741 2629 858 
4 6654 2562 2553 2866 
4 3846 2803 5445 2890 
4 2614 7608 2264 4104 
4 6401 1288 3286 4043 
4 1467 8529 3613 8171 
4 3907 8161 3669 5491 
4 152 1997 2303 8681 
4 82 3851 2620 3566 
4 7808 812 9018 527 
4 1234 9911 1254 7386 
4 7872 1236 139 6551 
4 761 4668 7979 5508 
4 5010 4562 4754 1903 
4 7633 4164 7679 4191 
4 8032 9849 8713 9392 
4 7694 5447 3352 1224 
4 4530 3525 7806 2389 
4 8106 6058 8270 6708 
4 8182 2415 4218 5333 
4 8761 2251 4076 215 
4 7905 5763 7429 1244 
4 4816 3783 8708 6103 
4 7308 5310 9606 3095 
4 7079 557 8988 5583 
4 5964 4618 4953 568 
4 205 1227 7636 475 
4 3818 2376 5162 4501 
4 930 8911 7495 2736 
4 4235 7225 818 961 
4 5714 723 3600 7028 
4 7884 9230 5269 8593 
4 1029 9336 200 2665 
4 5890 5185 136 332 
4 3602 3749 520 428 
4 9107 7765 7411 777 
4 9835 2115 834 2130 
4 8196 9425 1533 6339 
4 7879 4136 611 3329 
4 8978 6178 2761 5477 
4 1194 7400 7712 224 
4 8507 8489 5345 4969 
4 3677 8508 1468 3320 
4 717 1666 3436 1460 
4 2561 4411 2879 6902 
4 2798 6248 2400 9542 
4 3774 9752 2634 7476 
4 5916 140 7989 770 
4 2030 6106 9059 5925 
4 3638 3951 5625 5460 
4 9654 326 8797 3880 
4 9004 8536 5480 6061 
4 5172 191 7381 6204 
4 7728 7460 9148 5526 
4 4121 8638 6775 5104 
4 7720 7543 7200 8289 
4 6287 7427 1947 5563 
4 412 292 6696 561 
4 5116 7793 1622 4505 
4 5442 1048 2458 6571 
4 4004 9115 5219 5342 
4 9273 6348 5665 7736 
4 9738 1282 3450 3285 
4 3210 2990 1420 2104 
4 2375 1120 9885 6573 
4 5941 6637 6891 4457 
4 8548 9348 2127 4939 
4 7915 210 625 3860 
4 4860 5407 7180 3428 
4 9788 4918 2144 2624 
4 7860 649 4733 9472 
4 7740 4434 7212 132 
4 8353 6963 1358 3284 
4 3750 2412 4437 2770 
4 683 585 6439 2351 
4 3916 4159 3521 8870 
4 570 2612 6411 5579 
4 3671 733 8247 8052 
4 4948 4981 9940 8111 
4 6460 8743 7333 3681 
4 7770 9956 2984 827 
4 37 2029 3493 5069 
4 3477 2762 946 1605 
4 6299 6515 5370 6736 
4 6505 4846 1133 5986 
4 6441 5286 6850 2407 
4 6316 9679 5100 8690 
4 6223 6075 4686 7546 
4 5433 5528 6476 1491 
4 9351 9902 54 3509 
4 416 8294 7088 9803 
4 8760 290 1141 2255 
4 4512 5492 3467 7746 
4 563 8082 8261 8318 
4 7885 4651 9290 4144 
4 8500 3406 3394 7650 
4 2087 1587 9343 2628 
4 2417 1123 7273 8315 
4 4243 8007 7545 3523 
4 7071 400 7709 2266 
4 6686 5210 6897 4718 
4 4248 4445 5029 4736 
4 5600 2880 1251 9609 
4 1787 8892 6851 5463 
4 8626 4583 4083 3629 
4 6147 8831 2813 2996 
4 6243 9628 16 8630 
4 1863 8132 7624 2662 
4 3249 5117 7201 4731 
4 8512 5653 1183 7431 
4 7526 1551 9081 1730 
4 1373 5585 5014 5899 
4 8272 7425 5880 9225 
4 5312 8580 1915 7148 
4 5132 6651 1107 1704 
4 3199 7327 7937 8497 
4 9698 8811 3694 2695 
4 5158 8691 8313 6922 
4 347 2857 6282 334 
4 3612 1833 4452 2091 
4 5193 446 5835 729 
4 6540 9071 1545 3941 
4 7616 3473 3088 3061 
4 4432 7914 6706 3575 
4 8069 68 270 5636 
4 4682 127 7481 9773 
4 4330 2552 7157 4684 
4 724 3236 7177 7279 
4 8142 4270 9523 2163 
4 1329 8991 3259 8129 
4 9516 8377 1933 7204 
4 4856 1400 3500 6958 
4 1954 7846 5537 4402 
4 7569 8092 4129 9459 
4 6146 8214 172 7069 
4 3115 83 2435 3717 
4 4696 1245 6148 6596 
4 1 8423 279 5984 
4 7363 9857 8551 8829 
4 806 2320 5472 743 
4 1568 5837 5540 8030 
4 2509 3091 5545 6023 
4 2172 6400 7021 6434 
4 4616 63 3789 404 
4 1912 7100 2120 0 
4 9380 1686 9939 449 
4 8828 7571 5865 9051 
4 4796 1216 8454 7618 
4 5963 3447 4703 6288 
4 264 3935 8935 2638 
4 7335 9513 1564 9197 
4 6260 1783 2456 768 
4 8441 4735 109 4929 
4 7924 7353 4123 4655 
4 8402 8576 1812 7935 
4 3213 8936 8682 4209 
4 9501 6189 9963 5722 
4 2112 6594 1849 1142 
4 5191 4559 6119 8118 
4 1662 1585 7488 931 
4 3331 5864 4273 5071 
4 9639 6705 7516 7962 
4 4310 5950 7264 78 
4 3441 510 1767 7536 
4 3291 9069 8592 842 
4 7861 4637 1034 1324 
4 2834 7238 9295 7527 
4 181 2405 2580 6742 
4 8156 737 2501 8610 
4 1770 6211 7066 8246 
4 7553 3958 8328 349 
4 1104 3264 6550 5145 
4 2506 4888 2048 1184 
4 2226 2847 4724 9020 
4 9306 6212 9634 9593 
4 9750 4069 7376 3634 
4 8749 3054 8024 5838 
4 4941 980 5319 6391 
4 268 9389 4240 5389 
4 4840 7874 8648 9641 
4 8772 9483 2074 641 
4 6707 3429 66 1527 
4 2207 333 7852 2357 
4 1237 4431 1376 3838 
4 7165 5054 1967 7350 
4 4086 5559 9284 3483 
4 6680 32 4025 1390 
4 4276 9353 8137 9247 
4 3167 91 2272 849 
4 4883 3899 786 718 
4 195 4911 484 174 
4 4177 2311 7625 5684 
4 309 4265 4521 2298 
4 1063 6826 5454 2063 
4 1004 5505 9594 2589 
4 8317 316 8203 3305 
4 6207 1740 6151 335 
4 1022 3656 4293 5457 
4 2481 3901 5076 3089 
4 1082 1126 6740 2811 
4 8446 2632 732 701 
4 4393 3709 3857 1435 
4 3862 4095 8950 4869 
4 7085 2709 8440 2816 
4 8812 6623 8780 7084 
4 4967 2606 1381 1401 
4 1589 3186 7278 8997 
4 3894 2073 2560 9702 
4 4503 6525 9125 2887 
4 5826 7097 8750 3927 
4 935 2159 1968 1019 
4 165 2385 4085 308 
4 9560 9974 6417 156 
4 2519 454 4254 7377 
4 8130 8814 7086 8946 
4 474 4275 4361 7501 
4 6838 9903 8524 1309 
4 9866 2205 6971 3779 
4 4872 5143 3204 5536 
4 1639 3197 3565 8856 
4 3384 9864 598 997 
4 9789 2576 8336 2743 
4 2848 852 399 7275 
4 752 3714 5859 6005 
4 8488 240 5032 3207 
4 6989 7695 6257 7696 
4 7605 4578 6904 4887 
4 7596 6951 582 5044 
4 6010 4339 1751 3014 
4 7364 8964 1790 996 
4 6569 6356 5111 3517 
4 7117 1041 693 9924 
4 2948 1607 960 661 
4 4489 2912 119 9783 
4 5493 77 603 8693 
4 5039 4678 6671 9943 
4 4450 7444 8208 2423 
4 577 6575 99 4068 
4 2926 9243 3791 199 
4 1801 9050 6731 9677 
4 3988 5231 3642 4936 
4 776 1280 3056 341 
4 328 624 7849 4702 
4 44 1950 1297 870 
4 9087 7549 1424 5240 
4 4561 6136 9521 7119 
4 7437 9532 9800 640 
4 3841 3220 6504 3551 
4 153 6855 618 1788 
4 8388 6901 7699 8194 
4 8843 8791 3905 9308 
4 8653 6919 8889 7825 
4 6803 1497 1339 5257 
4 4311 1208 1474 538 
4 4779 1192 4882 8611 
4 1332 169 9014 1876 
4 9896 3160 4833 9251 
4 6759 1547 1433 4823 
4 7409 7730 2505 6275 
4 1993 3326 1723 2065 
4 5575 5995 8102 3811 
4 2349 6302 5309 9704 
4 7976 6232 1472 7362 
4 9235 5077 8100 3881 
4 6532 9957 826 189 
4 1146 7648 2089 7434 
4 3802 6735 9576 6780 
4 9281 4026 5712 5527 
4 7735 9621 6454 2096 
4 2465 3877 1365 1642 
4 4587 869 1348 2763 
4 8461 2699 2604 8566 
4 2395 6944 4631 8227 
4 2869 3211 5881 1501 
4 5134 4912 7270 3562 
4 9815 3398 9370 8296 
4 7451 8607 967 1310 
4 679 9745 4992 2489 
4 9412 288 9900 2955 
4 615 6185 3382 7903 
4 1124 2493 3393 888 
4 2090 5236 9646 9120 
4 9434 978 4963 8717 
4 2475 7672 2478 9105 
4 1294 5867 9907 4533 
4 9937 2312 6545 8929 
4 7428 7396 1139 112 
4 1417 464 7195 8425 
4 6462 3890 5311 8852 
4 5736 8323 272 9570 
4 3692 7901 3559 5937 
4 8012 3668 4124 8990 
4 5105 6183 2181 1459 
4 714 7544 6997 7794 
4 1321 6921 7844 1521 
4 3723 5256 3463 2995 
4 2824 830 6412 9781 
4 2192 7420 2373 4228 
4 135 6254 7498 9652 
4 5028 4444 1992 8544 
4 9374 8040 635 5148 
4 7416 6081 9805 1647 
4 6486 5295 7714 3302 
4 5966 7698 59 8264 
4 4272 2223 7108 5228 
4 4335 622 3946 4529 
4 5348 280 4799 1437 
4 2401 173 6437 8597 
4 5878 2613 7209 8510 
4 3939 4204 3706 6973 
4 1020 4300 5337 1389 
4 4258 7356 1884 1266 
4 914 2718 6512 8172 
4 1375 9551 5615 6584 
4 8766 7267 6712 5554 
4 800 5501 4223 1071 
4 219 5057 9839 9938 
4 6996 4708 7281 258 
4 3836 7622 962 1826 
4 4499 9335 9847 8596 
4 5377 2555 3223 3834 
4 863 8230 3219 7162 
4 4926 2340 5090 1728 
4 1893 595 7739 7566 
4 3272 6755 2386 6116 
4 9928 5811 3243 9989 
4 3175 3765 9054 8344 
4 861 7803 9619 1815 
4 1442 6638 832 9635 
4 1380 7146 8050 2180 
4 7928 9950 9850 1952 
4 9076 2125 9462 1226 
4 843 4467 3354 9360 
4 4855 8729 4232 5399 
4 1174 2583 8197 1305 
4 8842 2268 6134 4383 
4 4440 5727 5633 2053 
4 369 476 403 5637 
4 1391 5258 1374 700 
4 3026 6564 7461 795 
4 1409 3929 7988 5161 
4 921 2742 2904 8662 
4 5801 3843 6566 9300 
4 6554 5281 5677 6585 
4 8321 586 5052 4052 
4 3277 145 1500 802 
4 584 4968 722 6433 
4 1965 9633 8895 1518 
4 9294 4328 395 1135 
4 8533 1137 7904 101 
4 448 4798 2876 6645 
4 9725 6461 3127 7772 
4 4027 6609 1257 2257 
4 3309 1155 3337 7836 
4 284 2068 6008 5970 
4 466 8830 3043 4011 
4 2358 2780 3535 5621 
4 2750 9003 3914 9742 
4 5990 6506 8617 9401 
4 8827 9999 8017 3494 
4 9632 4284 1534 9442 
4 507 8859 1540 8680 
4 511 1291 2220 6717 
4 4975 2047 8959 6408 
4 8081 9450 4814 8951 
4 8582 2362 6938 1670 
4 5174 2529 7290 34 
4 1581 5500 5084 3810 
4 3724 7893 8369 2085 
4 4274 1345 6337 7931 
4 5868 8043 7458 86 
4 8565 2511 9954 2215 
4 7138 9438 3114 9493 
4 2428 1200 3416 2546 
4 4106 6798 8900 1708 
4 5772 1737 3206 1559 
4 3743 1212 7373 7818 
4 7913 726 7968 6363 
4 8917 1338 5620 4252 
4 6428 2310 480 3367 
4 8792 7198 3308 6701 
4 3998 2216 7623 6104 
4 2276 7719 5761 7776 
4 5703 373 6517 5944 
4 3641 5603 7051 7535 
4 3931 3552 9890 6779 
4 5013 6002 8163 5173 
4 1739 2499 3700 3590 
4 3512 1159 5503 7216 
4 1857 5705 1703 1033 
4 7057 5977 7438 9876 
4 4643 2548 7237 1573 
4 4006 7993 8346 330 
4 3806 6429 1917 3135 
4 4203 6536 3316 1691 
4 3876 8452 5887 4628 
4 8064 5003 3235 2479 
4 5738 1961 9541 7455 
4 7629 8839 501 8972 
4 8443 92 4531 9047 
4 3972 547 3766 5930 
4 9238 8088 9975 5289 
4 671 2652 6472 5403 
4 9241 1157 310 6539 
4 9545 2333 4491 1984 
4 3109 9236 5314 6840 
4 1836 2769 2503 2411 
4 1578 3024 8472 7342 
4 968 1053 509 9200 
4 1450 8527 6253 3756 
4 775 7515 3666 2393 
4 4415 8570 8774 5110 
4 8244 4757 2442 2870 
4 4952 2647 162 8832 
4 38 3456 7277 5781 
4 2949 2839 1366 9254 
4 3622 1959 5753 706 
4 3739 6188 2175 1177 
4 6025 6331 5568 4256 
4 1278 7042 2335 81 
4 7790 7155 6726 2958 
4 1834 487 1014 6685 
4 8165 2198 5912 5120 
4 9790 3312 7259 5237 
4 223 2121 2049 1443 
4 7379 7464 883 9463 
4 4647 9458 4314 9622 
4 8616 2758 9134 8866 
4 2945 8046 6453 2472 
4 2953 9553 3126 3294 
4 8666 9596 304 8421 
4 2445 3544 964 5458 
4 4150 4333 4394 6249 
4 6036 3201 7840 8134 
4 6225 131 8805 9249 
4 4519 4338 7372 7847 
4 3977 4482 5296 8918 
4 6939 7856 780 4490 
4 453 7010 3330 5591 
4 5762 3012 796 4267 
4 3817 8530 5255 2821 
4 8528 5350 1012 530 
4 9443 7722 2884 1542 
4 1504 9333 346 3664 
4 9544 3058 7542 201 
4 9949 2322 8063 7355 
4 8660 8140 5541 9969 
4 4264 8154 593 1214 
4 2318 1918 5679 8874 
4 2477 9818 9716 2730 
4 8568 8022 540 7236 
4 917 6553 8173 8632 
4 8615 5976 2273 8260 
4 4674 2209 6932 3813 
4 5678 1414 5529 9141 
4 6622 3698 6084 2245 
4 4360 7060 1151 7843 
4 1502 9337 5118 5097 
4 6375 3101 7480 7318 
4 2987 9855 4357 2368 
4 2219 7391 4134 7564 
4 9248 4170 7855 2657 
4 7733 167 8002 4558 
4 5171 5812 7013 6150 
4 3782 8969 4603 1713 
4 3299 6393 9116 7315 
4 6970 9666 2777 57 
4 4251 4405 7462 5647 
4 1509 4693 2081 3319 
4 1451 9797 9573 8925 
4 2537 4607 5901 3785 
4 7456 6442 2398 124 
4 3934 9110 7707 998 
4 8933 970 7407 5821 
4 5008 3266 2545 6906 
4 8685 7306 7448 2967 
4 4606 246 1296 4194 
4 5871 3921 7828 3870 
4 1953 9383 2217 5188 
4 9918 5061 1050 5024 
4 3257 2487 6330 5547 
4 9132 2707 3191 6268 
4 5962 8858 1229 6137 
4 6174 7563 2109 6644 
4 1611 9689 3915 5739 
4 3960 9753 886 7762 
4 8390 4873 4442 8085 
4 546 9755 4178 5334 
4 5471 2739 31 6618 
4 7027 1869 1926 6096 
4 7895 8249 3486 8074 
4 441 1576 2933 4698 
4 4013 5048 2037 1416 
4 3742 8223 1102 8035 
4 6649 6777 8485 9482 
4 1552 7199 6577 881 
4 9577 8168 5187 6821 
4 5486 836 5372 7019 
4 3122 7159 5485 9334 
4 2708 1057 4633 1717 
4 9332 8166 3796 5434 
4 5645 2828 1403 2046 
4 5919 1837 3182 977 
4 9202 2001 3900 6191 
4 3598 6614 6100 5455 
4 3518 3909 1851 383 
4 9713 5876 7537 7485 
4 4049 178 2676 3582 
4 1265 951 9877 9498 
4 7613 6875 8207 6164 
4 9016 3555 9873 8800 
4 5012 4336 3318 8671 
4 6560 8888 8095 2843 
4 3156 7567 9414 7337 
4 176 3203 8601 2439 
4 5361 610 533 7757 
4 1861 3074 8651 4186 
4 8514 8395 9927 8719 
4 3519 7917 8080 6278 
4 7804 3592 7880 4359 
4 4786 4568 7479 1998 
4 4683 2535 9933 7606 
4 3377 6228 6747 3366 
4 9082 2941 3177 2597 
4 7302 7153 2009 552 
4 4989 1091 7294 1410 
4 7446 7906 8136 1344 
4 1928 1478 916 9534 
4 9540 9372 7039 5142 
4 642 9352 4514 6464 
4 2615 3002 9469 2337 
4 1233 9316 7682 3098 
4 2764 5606 4891 8865 
4 5754 3194 7528 2540 
4 3801 5656 4380 3124 
4 7015 1350 3276 910 
4 468 4438 1293 3020 
4 2498 9960 2305 3781 
4 8431 878 1253 6063 
4 9245 1193 7602 5795 
4 8405 7366 1895 7827 
4 3147 1813 9060 1181 
4 8332 6893 2610 3379 
4 3287 4522 6410 197 
4 4851 3113 906 8834 
4 1979 6300 1295 8712 
4 3465 1047 3646 3427 
4 9841 3140 477 9984 
4 3358 8450 4874 516 
4 2993 8757 9184 7450 
4 3627 6224 5422 8628 
4 1775 9022 6781 3072 
4 2549 9384 592 7291 
4 2600 2221 508 9536 
4 5911 7936 8821 4474 
4 4009 1684 6752 4960 
4 24 7504 8722 9057 
4 2027 3106 9602 7573 
4 1973 9263 2939 1371 
4 7960 1665 12 1602 
4 3402 5952 564 3579 
4 8010 4807 2901 1841 
4 3632 9152 1384 461 
4 5200 6102 2441 740 
4 8770 862 896 7068 
4 819 9093 7898 3069 
4 9195 590 3265 121 
4 5592 7268 1489 2408 
4 3154 8374 8506 2859 
4 1089 972 1657 1766 
4 486 3650 2950 9988 
4 8083 342 8308 3769 
4 4954 8104 8477 8480 
4 7690 4725 1431 7043 
4 5715 7957 1512 9382 
4 6256 5888 3159 423 
4 1714 5654 1709 7955 
4 4116 6668 6658 6918 
4 6994 3845 6959 9258 
4 6998 7415 286 5784 
4 8143 9104 544 1002 
4 4620 7547 6887 9452 
4 4572 7775 8649 3643 
225253922