1628
2 2810 8203 
2 3055 8639 
2 2096 8460 
2 9665 2471 
2 2959 1227 
2 9747 3101 
2 890 1797 
2 4300 1076 
2 958 992 
2 2779 1015 
2 1048 4940 
2 2235 3163 
2 4141 2265 
2 1272 8559 
2 1704 7628 
2 7017 3812 
2 1294 5851 
2 7213 9210 
2 5447 4642 
2 3418 6003 
2 9670 7535 
2 9966 1810 
2 9418 1240 
2 8575 4623 
2 5122 6451 
2 9510 6239 
2 2050 816 
2 2967 6729 
2 42 5513 
2 5489 4922 
2 6327 6890 
2 993 2473 
2 5282 2929 
2 9011 7129 
2 7569 8843 
2 4681 5929 
2 3897 1238 
2 8952 9694 
2 2437 4520 
2 6818 1926 
2 4477 1532 
2 7868 4173 
2 1849 4515 
2 7870 2702 
2 1397 7907 
2 3099 4588 
2 9642 339 
2 9342 7346 
2 7963 8185 
2 3472 2582 
2 4355 6964 
2 9033 9498 
2 2178 8178 
2 3290 1136 
2 8333 5442 
2 2951 8635 
2 7001 3590 
2 7634 5889 
2 9800 7055 
2 7612 3298 
2 1378 9104 
2 1124 3218 
2 4463 3316 
2 7855 5670 
2 1138 1851 
2 5124 3533 
2 5647 2648 
2 2548 4240 
2 4166 5885 
2 698 6435 
2 3848 5275 
2 365 7312 
2 2362 6074 
2 1527 8271 
2 7432 4661 
2 3788 5082 
2 6249 3232 
2 2023 6574 
2 8085 5991 
2 3800 4022 
2 2347 7875 
2 9526 1569 
2 8187 6923 
2 9755 875 
2 7705 3899 
2 4865 7840 
2 5891 3991 
2 245 4676 
2 1825 3073 
2 9134 9775 
2 3625 2596 
2 6572 5517 
2 6763 2125 
2 3743 8381 
2 6131 6665 
2 7951 6539 
2 3975 1526 
2 1578 9677 
2 8542 5177 
2 9471 6595 
2 3818 1 
2 1862 3585 
2 2509 9956 
2 4114 7670 
2 8978 6898 
2 6791 1511 
2 7613 6779 
2 5080 7381 
2 2724 1047 
2 3301 5584 
2 599 3447 
2 5170 7207 
2 2918 6005 
2 3021 492 
2 6156 2892 
2 4345 8520 
2 3489 8906 
2 4842 5221 
2 3745 899 
2 6559 4223 
2 141 2736 
2 2573 897 
2 5134 666 
2 7367 7456 
2 2644 1120 
2 8944 8363 
2 9074 3767 
2 2668 8293 
2 8396 7944 
2 8481 705 
2 3574 6416 
2 9100 7564 
2 6330 3330 
2 8955 601 
2 2468 4325 
2 1303 53 
2 5039 4875 
2 9007 4401 
2 8877 4080 
2 5326 1541 
2 4072 680 
2 2796 4828 
2 1586 9129 
2 9506 8454 
2 4742 1154 
2 9577 3766 
2 8801 578 
2 3187 844 
2 3494 6638 
2 1911 6305 
2 1601 5297 
2 1279 3424 
2 4357 6576 
2 612 9946 
2 1521 126 
2 81 8380 
2 6921 5395 
2 6403 8390 
2 2264 5527 
2 9006 960 
2 3238 4846 
2 9003 4766 
2 155 3525 
2 9738 9313 
2 1059 995 
2 9548 7208 
2 6672 4439 
2 7115 935 
2 7098 4128 
2 9768 9103 
2 2398 5392 
2 1206 7243 
2 5454 988 
2 2186 8913 
2 4118 4467 
2 1501 5094 
2 4904 9029 
2 4770 5258 
2 5316 7273 
2 43 9978 
2 3644 7120 
2 9672 8368 
2 6014 1162 
2 2260 1144 
2 391 7784 
2 246 9231 
2 1317 9882 
2 7175 5437 
2 1110 4743 
2 4764 2540 
2 9835 2232 
2 7141 5536 
2 862 1479 
2 1328 9881 
2 1667 1832 
2 6682 4267 
2 7425 8458 
2 2687 3579 
2 7938 5532 
2 5382 9575 
2 3380 3450 
2 3119 6541 
2 4670 1579 
2 290 4214 
2 9877 5369 
2 3521 4101 
2 9744 1963 
2 3750 6200 
2 4816 4998 
2 8856 2674 
2 1715 343 
2 2261 525 
2 9765 5416 
2 4332 1702 
2 220 1888 
2 9240 6465 
2 6045 9937 
2 136 2790 
2 7992 5603 
2 7067 8224 
2 8760 7166 
2 323 4430 
2 5676 4867 
2 4972 9203 
2 7345 175 
2 2267 5083 
2 2417 3509 
2 9330 2928 
2 8865 2020 
2 5031 2358 
2 1735 1706 
2 9848 9640 
2 1471 3670 
2 1895 3523 
2 3323 3933 
2 4793 9345 
2 6657 3445 
2 1270 3476 
2 3795 7674 
2 8255 8250 
2 4454 2846 
2 5243 8809 
2 1757 3738 
2 766 8998 
2 251 8883 
2 548 8667 
2 6822 1533 
2 4187 706 
2 5070 7376 
2 4649 3173 
2 2691 4295 
2 7104 9255 
2 4184 5327 
2 5185 7101 
2 4967 7649 
2 185 6473 
2 9565 2988 
2 2744 1137 
2 4968 4652 
2 7911 7999 
2 9050 4933 
2 1662 7364 
2 8964 6458 
2 1081 5610 
2 8513 4261 
2 314 9712 
2 2642 725 
2 4351 1984 
2 9997 6957 
2 5562 9475 
2 5892 9659 
2 7453 7248 
2 7702 5187 
2 3028 5085 
2 2097 5880 
2 662 6025 
2 7525 7291 
2 1132 1290 
2 7415 858 
2 2219 2805 
2 6630 2103 
2 3943 2496 
2 5818 9219 
2 7627 260 
2 2080 5265 
2 3505 2157 
2 5217 695 
2 8721 5642 
2 48 1178 
2 6395 5709 
2 7287 5970 
2 478 4488 
2 8071 716 
2 7867 1244 
2 5717 4570 
2 4898 6304 
2 2140 5372 
2 793 5252 
2 4837 2998 
2 1517 1060 
2 3842 6894 
2 7829 5742 
2 7947 4622 
2 6910 6635 
2 8871 1179 
2 6868 4204 
2 1823 225 
2 1071 1981 
2 6617 5005 
2 7662 5696 
2 9895 2439 
2 7621 7460 
2 2680 4469 
2 5322 9472 
2 3035 1468 
2 8995 7763 
2 1139 3481 
2 6359 8042 
2 4755 9122 
2 3172 3247 
2 591 1228 
2 131 5906 
2 6110 9310 
2 4534 168 
2 8751 7533 
2 8769 7183 
2 8330 9554 
2 372 5931 
2 825 9221 
2 8825 1738 
2 9645 7090 
2 123 7015 
2 6397 8510 
2 9035 3596 
2 3041 4287 
2 7825 3803 
2 4813 6881 
2 2327 1741 
2 6292 8182 
2 2114 5626 
2 3478 6256 
2 9739 2034 
2 9443 9725 
2 1679 5813 
2 8902 3580 
2 7725 8778 
2 4733 8077 
2 4538 5951 
2 2317 2635 
2 9733 8851 
2 5583 5577 
2 3112 526 
2 9519 4712 
2 5538 7031 
2 6761 4012 
2 6057 1026 
2 7673 1448 
2 378 205 
2 5576 6382 
2 24 9038 
2 9022 7200 
2 1865 4613 
2 2345 6348 
2 8662 9674 
2 9628 8577 
2 1393 2587 
2 4808 1457 
2 4440 7498 
2 3665 5731 
2 3222 2194 
2 3964 4386 
2 1186 6697 
2 4105 562 
2 4607 4031 
2 7140 8161 
2 6302 5402 
2 2552 9157 
2 8522 5744 
2 3612 3310 
2 8549 5746 
2 606 5521 
2 6241 8911 
2 9698 9059 
2 3777 7931 
2 4146 2220 
2 8384 1694 
2 105 6920 
2 6998 8441 
2 5556 6560 
2 2907 5420 
2 3236 2667 
2 6986 1559 
2 7504 6424 
2 5650 6683 
2 5981 6511 
2 6031 3502 
2 9237 6802 
2 4612 5162 
2 5802 7850 
2 3903 3885 
2 7242 5793 
2 5474 3392 
2 1133 7061 
2 3365 90 
2 6772 6517 
2 2027 8893 
2 2866 6526 
2 2852 3823 
2 252 8558 
2 2874 6341 
2 7487 2161 
2 1340 859 
2 8504 368 
2 1859 7716 
2 5298 9893 
2 134 3058 
2 9251 3742 
2 544 2090 
2 9590 4537 
2 8994 6196 
2 5448 2123 
2 3268 4251 
2 8882 5064 
2 6002 7482 
2 9146 8979 
2 151 3577 
2 5515 2323 
2 66 1919 
2 2185 615 
2 7128 9641 
2 1699 6878 
2 7818 2601 
2 447 3089 
2 5948 4341 
2 9593 4518 
2 6411 25 
2 8547 546 
2 9574 1618 
2 4244 7036 
2 7254 5857 
2 6821 2499 
2 6488 2159 
2 276 215 
2 1066 1839 
2 3180 9354 
2 738 4051 
2 4359 2463 
2 1075 4594 
2 2147 9402 
2 5663 1251 
2 7113 1062 
2 5421 1419 
2 9281 4179 
2 1465 5859 
2 7196 7790 
2 1714 5468 
2 8551 8490 
2 688 8465 
2 2759 9763 
2 9648 5025 
2 9142 8397 
2 2478 5879 
2 8217 6108 
2 7776 3015 
2 5630 1237 
2 8714 4066 
2 4981 8996 
2 1540 451 
2 6047 4142 
2 792 3002 
2 3779 4859 
2 5294 7724 
2 3613 9629 
2 2766 3081 
2 8172 6757 
2 7436 3461 
2 5977 1721 
2 9390 7405 
2 2226 1605 
2 6447 6858 
2 7853 6781 
2 3396 358 
2 3076 4364 
2 2045 8647 
2 8945 8373 
2 6636 4812 
2 1382 2847 
2 7204 7891 
2 7848 9653 
2 6914 5045 
2 4379 8969 
2 5505 4731 
2 8374 6633 
2 7858 2082 
2 1113 2061 
2 1345 4971 
2 5018 6236 
2 2948 1463 
2 5457 4474 
2 5109 6017 
2 7815 3780 
2 2442 5357 
2 5441 3009 
2 8479 1992 
3 5840 6024 559 
3 8106 1335 5091 
3 28 2477 7298 
3 1885 3606 783 
3 7682 3122 9669 
3 7028 1338 207 
3 9801 5133 3669 
3 2224 335 8975 
3 9108 5110 4006 
3 8204 9931 3471 
3 9272 9031 6705 
3 4260 7217 9305 
3 6167 6942 2274 
3 6710 8742 9567 
3 1300 1150 5919 
3 9992 9488 2692 
3 2432 4779 1643 
3 8000 2493 7191 
3 5088 9367 78 
3 2138 5246 8011 
3 6153 6037 6323 
3 51 3678 9804 
3 382 595 6332 
3 4068 4698 1614 
3 9266 9831 4527 
3 4907 1507 31 
3 2318 6505 4854 
3 6120 4672 3656 
3 374 4104 2115 
3 6289 8992 6201 
3 8298 6243 1030 
3 6893 9600 4090 
3 9168 3940 2514 
3 1427 8931 487 
3 8279 4513 2809 
3 6265 6815 4195 
3 4283 5038 5205 
3 5172 9504 5706 
3 3746 4609 8573 
3 8544 981 2643 
3 678 3184 461 
3 8716 4853 3440 
3 466 4851 8275 
3 4923 8170 3415 
3 5668 5913 5096 
3 7500 8025 482 
3 4882 1212 2453 
3 7341 6845 1189 
3 807 900 1752 
3 2391 945 9357 
3 2746 8805 3874 
3 9261 1039 5613 
3 9243 5811 9476 
3 6486 9098 9620 
3 5255 5741 5295 
3 8480 7658 87 
3 4576 5434 3786 
3 4274 6260 6076 
3 7119 9964 982 
3 6693 9247 7954 
3 8550 6172 4589 
3 2296 7824 2689 
3 7130 3706 2330 
3 9333 7666 3560 
3 2789 7956 649 
3 8404 8463 2332 
3 8784 67 3271 
3 5905 3634 7515 
3 9400 4497 6973 
3 9438 453 490 
3 4470 3781 1477 
3 839 3348 3098 
3 5041 6126 8030 
3 3237 5191 7809 
3 7638 4257 3208 
3 1703 5985 598 
3 5047 4635 1155 
3 1678 8848 1171 
3 3460 4498 6008 
3 7414 1542 9874 
3 2861 438 6492 
3 8794 5455 2543 
3 3087 9002 8195 
3 9260 9942 8087 
3 5523 1004 8089 
3 5086 5277 7265 
3 7823 412 8244 
3 3883 7457 9307 
3 9767 2031 2244 
3 52 4185 1799 
3 1341 2559 9174 
3 1258 8292 7516 
3 4047 5178 6992 
3 3284 543 2470 
3 5292 6367 6982 
3 1597 2456 7366 
3 3326 4978 8235 
3 8196 5727 4266 
3 5314 6961 4996 
3 3534 1299 1818 
3 21 3448 3168 
3 5719 9034 1646 
3 4159 4475 2715 
3 9817 540 2173 
3 2984 6376 1904 
3 3683 7280 3776 
3 3721 2293 2816 
3 654 7582 8341 
3 863 5703 4180 
3 315 2857 9048 
3 4506 3004 7423 
3 1672 7359 2216 
3 9832 9517 2003 
3 7661 6653 7591 
3 1013 7616 7004 
3 9679 2406 4395 
3 6475 3084 7687 
3 411 2180 5852 
3 3985 6974 582 
3 9911 3127 9634 
3 9469 2283 1052 
3 2494 9341 9771 
3 9689 1097 1705 
3 9111 2711 3516 
3 2830 3464 2898 
3 5179 4602 6221 
3 1405 7506 1049 
3 6563 6248 5293 
3 4202 7841 1158 
3 4739 6832 1986 
3 7386 8113 4030 
3 1756 2401 9584 
3 2599 4814 10 
3 3535 5141 7268 
3 7463 9636 1187 
3 4597 4582 3444 
3 7977 2987 2461 
3 1413 2396 9706 
3 8619 7447 9566 
3 9320 6801 1550 
3 3666 4085 8864 
3 3712 6091 9196 
3 6504 1709 2182 
3 5111 8691 4708 
3 8220 2681 2941 
3 8648 2875 3299 
3 4207 5909 7629 
3 6075 4291 6422 
3 7971 5962 3967 
3 2523 2341 1434 
3 1800 8553 5535 
3 1329 5373 9610 
3 4879 9872 9816 
3 16 7830 6209 
3 1295 4783 8541 
3 1690 5812 2469 
3 4432 3749 7002 
3 6455 1190 6606 
3 5034 1313 2550 
3 7659 1991 5700 
3 925 6723 9564 
3 4093 8772 9722 
3 1816 6340 59 
3 263 4654 9528 
3 8364 7711 4089 
3 6687 9533 2526 
3 5154 8991 3423 
3 3263 2570 771 
3 9363 985 4620 
3 3129 2249 557 
3 5722 5754 9383 
3 1668 7892 5051 
3 6186 7512 9761 
3 5767 264 8785 
3 3395 1408 8529 
3 184 6433 9957 
3 6609 5842 613 
3 5175 6816 1836 
3 6100 9511 3631 
3 870 3420 8474 
3 876 5872 41 
3 5594 2652 4569 
3 445 8700 4771 
3 5390 6680 4442 
3 7722 5868 8927 
3 4804 3758 4026 
3 5789 4624 7025 
3 5733 9190 8761 
3 256 6530 6306 
3 111 2624 9096 
3 7142 5274 1175 
3 1147 4541 2532 
3 9334 7675 8708 
3 1633 2384 1993 
3 5763 2110 8331 
3 7279 5762 8627 
3 6696 1928 3890 
3 4546 9615 4505 
3 4802 4070 9822 
3 999 8732 592 
3 5896 1316 7895 
3 730 6731 5476 
3 1515 306 8109 
3 2444 8057 1424 
3 4289 3829 4170 
3 4297 7480 8192 
3 6399 1608 2448 
3 1505 5637 1089 
3 597 5200 4174 
3 5048 6137 3357 
3 2126 6273 9873 
3 7743 1103 5952 
3 8226 9948 8987 
3 5667 2620 9522 
3 7294 5966 2817 
3 8482 4462 1502 
3 1085 3655 6013 
3 7567 2621 6220 
3 5495 2280 1621 
3 1998 4150 3603 
3 940 1770 3117 
3 221 4769 1622 
3 3136 4818 6969 
3 5901 4350 7965 
3 1627 6314 3544 
3 5348 7872 9420 
3 4673 9017 3916 
3 9078 6135 8618 
3 1547 8889 7210 
3 8062 3287 5144 
3 4657 3005 836 
3 784 620 1487 
3 5381 4514 8557 
3 398 4382 6708 
3 4236 8535 3584 
3 1196 587 8613 
3 118 3113 5614 
3 6375 7096 9015 
3 2033 7646 7928 
3 2569 2996 8507 
3 8294 9716 4925 
3 2253 4579 8476 
3 7203 9745 9790 
3 3296 9461 3729 
3 7178 8069 3350 
3 1220 6613 1319 
3 2664 3498 8503 
3 9289 9999 8933 
3 7230 4253 5804 
3 3061 6387 275 
3 9172 2824 3905 
3 5104 9218 7595 
3 8034 4788 3527 
3 2701 2592 8800 
3 7083 5304 9336 
3 3175 8052 5780 
3 6238 442 1210 
3 2640 6678 2436 
3 1590 5652 6298 
3 6771 701 7808 
3 5310 8254 9777 
3 2421 3693 7761 
3 4234 309 2419 
3 4153 3676 7989 
3 7898 9189 2227 
3 1256 8753 1539 
3 2612 6263 6226 
3 2853 1051 9254 
3 1669 8941 5000 
3 8135 8621 8456 
3 9304 6707 8261 
3 7297 508 6545 
3 6111 7966 8393 
3 6628 6087 5874 
3 3366 9246 8175 
3 3157 9514 4383 
3 1760 5422 2531 
3 2222 904 7521 
3 6873 5387 1437 
3 5323 4241 4647 
3 4348 6318 8222 
3 5497 2403 1472 
3 2319 2785 7353 
3 9188 874 4767 
3 3317 2409 7464 
3 1873 2917 5471 
3 7233 9273 4215 
3 5743 7193 6055 
3 8284 3477 2243 
3 4833 3278 2218 
3 7155 9287 7637 
3 5961 4503 3504 
3 4046 6207 1236 
3 2273 5641 6601 
3 3955 161 8693 
3 7027 6405 5699 
3 5225 1734 1188 
3 2443 7219 3496 
3 4542 2958 3063 
3 6988 3636 7342 
3 1219 9896 3938 
3 5964 4323 7924 
3 5273 7400 6960 
3 6267 6884 4043 
3 2393 7919 3653 
3 8405 9319 1293 
3 4547 6467 9275 
3 50 5853 2098 
3 8262 9925 1982 
3 4446 3019 4354 
3 8583 4246 8971 
3 9962 1411 8133 
3 2794 4411 6150 
3 5456 2922 1070 
3 271 915 3416 
3 8357 8448 6648 
3 5698 9555 9458 
3 2901 8 891 
3 4075 381 9352 
3 7539 7684 2233 
3 7224 7181 1414 
3 1456 1916 3252 
3 4096 9987 129 
3 6880 7531 7329 
3 7289 8982 80 
3 9625 9032 6836 
3 9065 2890 1576 
3 7814 892 9537 
3 4482 5281 9691 
3 7916 4870 6946 
3 8939 537 624 
3 819 6048 1344 
3 223 984 5540 
3 377 2963 9162 
3 2155 5232 9388 
3 112 512 4927 
3 4415 6853 2144 
3 9106 1311 9947 
3 2202 231 5046 
3 6499 9838 7732 
3 741 6094 4655 
3 101 8842 3389 
3 9535 364 8552 
3 3181 2936 4650 
3 1831 7753 2303 
3 4294 8191 8901 
3 7403 4275 4186 
3 9844 8886 3203 
3 8733 7757 6281 
3 8521 2306 6168 
3 7357 8434 7051 
3 3575 6279 2992 
3 4848 4023 7587 
3 5975 1612 1713 
3 4883 1901 5766 
3 4171 7045 3650 
3 8514 2012 9197 
3 4121 3882 1814 
3 791 6202 8609 
3 4915 8816 5839 
3 9757 6470 2198 
3 5777 243 2365 
3 8581 8887 2160 
3 3682 1751 6437 
3 747 8238 6104 
3 8802 6514 8689 
3 4706 5563 6425 
3 203 5646 7034 
3 350 2676 4397 
3 9395 1257 619 
3 1724 8528 1861 
3 9865 7062 5669 
3 3315 7372 729 
3 7160 5056 2728 
3 5014 8214 2867 
3 4362 9985 2566 
3 6053 9027 8375 
3 8417 7174 1446 
3 7077 9068 6795 
3 5568 2651 910 
3 5147 5306 1429 
3 8355 4427 1692 
3 1556 8129 5189 
3 2054 2673 3373 
3 912 6324 8124 
3 5934 6569 4203 
3 3008 7154 1897 
3 2081 7296 4723 
3 8407 6966 5465 
3 6328 7781 6171 
3 1732 3240 7550 
3 8656 1941 7574 
3 930 3765 6564 
3 5017 400 7114 
3 2757 3811 8593 
3 7304 6337 3935 
3 3264 6588 7785 
3 9594 8126 2894 
3 5335 1430 158 
3 8564 4172 9497 
3 6118 7075 2839 
3 2192 6445 7665 
3 8739 2397 7492 
3 4480 3942 8949 
3 3463 4092 2410 
3 5467 7760 7653 
3 1420 9431 5721 
3 4384 4603 8418 
3 6070 1203 1729 
3 1261 5022 5937 
3 5340 54 5337 
3 5711 9147 5999 
3 2286 7610 917 
3 4437 3050 3895 
3 2486 3304 95 
3 5301 7982 1050 
3 7251 9097 2030 
3 2006 1937 1233 
3 7306 5629 7987 
3 4349 1841 8137 
3 3664 7220 2733 
3 7232 7559 4890 
3 8003 3071 8657 
3 2008 1611 7348 
3 867 847 8650 
3 4091 4982 3796 
3 1688 3598 9206 
3 7371 8525 5126 
3 1109 5654 227 
3 2379 3105 115 
3 4418 6385 2731 
3 148 1115 8934 
3 6817 7526 635 
3 7580 8681 9422 
3 5978 2600 5499 
3 1899 8370 7395 
3 7368 4492 2903 
3 8637 7652 1920 
3 777 1301 98 
3 7413 7572 5900 
3 5296 1369 6034 
3 4367 1356 6116 
3 7201 1159 2032 
3 3757 5389 6466 
3 2152 6936 4279 
3 9279 2888 1354 
3 7148 8636 6929 
3 5643 6294 4590 
3 9419 4407 5915 
3 9699 30 1404 
3 6284 9658 182 
3 4806 8130 8685 
3 9151 7935 2905 
3 838 9394 539 
3 5020 5960 1628 
3 4532 3274 4431 
3 396 4464 7179 
3 4371 6398 488 
3 1946 2602 5738 
3 9730 5956 9969 
3 6049 3198 2183 
3 5432 1491 3562 
3 4037 7467 4714 
3 7602 452 3292 
3 7411 3130 7884 
3 6867 1934 7221 
3 5784 4552 6509 
3 4007 8103 9349 
3 4373 1247 4229 
3 5206 4168 3610 
3 5151 9724 9426 
3 1116 5238 4443 
3 2197 6535 4402 
3 7334 3884 2626 
3 6086 2662 9485 
3 1490 3207 1409 
3 7161 2060 805 
3 9883 9885 6704 
3 5990 1961 1333 
3 8768 2364 718 
3 4189 898 1362 
3 9311 4705 5520 
3 7733 6009 99 
3 7664 6812 5783 
3 8325 9692 7618 
3 4850 2166 8653 
3 5624 286 8937 
3 9415 5530 5113 
3 8798 2228 2919 
3 9455 749 2782 
3 1056 8713 5764 
3 3066 5604 6038 
3 301 1686 5264 
3 9941 5127 6860 
3 4190 8305 6073 
3 1462 1421 2353 
3 4353 9085 5358 
3 853 9913 6456 
3 5168 3620 200 
3 7123 944 434 
3 4160 189 4528 
3 808 6485 2682 
3 7452 6269 2372 
3 2145 8070 990 
3 5616 2684 5560 
3 921 7398 7438 
3 3226 4417 6476 
3 8246 785 8241 
3 2972 6869 2418 
3 5284 3408 9248 
3 7022 3677 463 
3 6856 7442 9277 
3 9459 1342 7519 
3 5834 3798 8873 
3 5943 4161 2713 
3 1552 4866 5911 
3 7314 6955 1666 
3 8453 5761 5510 
3 1623 1765 113 
3 5073 2143 8136 
3 7228 956 5270 
3 7168 5001 2885 
3 9668 4069 5268 
3 1682 4908 4725 
3 3473 4586 4906 
3 6436 7133 573 
3 4839 1554 4832 
3 8440 6886 5472 
3 5836 3286 8919 
3 7494 298 1349 
3 3586 5321 4264 
3 5059 5262 8117 
3 3437 923 2608 
3 4997 708 9875 
3 5165 5976 780 
3 6015 1079 6043 
3 3604 4398 7325 
3 1676 11 796 
3 3697 3024 2870 
4 3962 1960 552 4404 
4 1974 1315 8838 4098 
4 6208 4154 5473 1217 
4 4574 5649 2119 5756 
4 9553 6607 5343 3870 
4 7065 605 8723 5730 
4 9560 2336 9688 5013 
4 7837 3497 3078 631 
4 4271 1999 7577 6457 
4 3851 64 5367 8219 
4 1011 9316 3564 5582 
4 5247 3617 6308 4629 
4 3492 8779 3294 4252 
4 3106 6709 3907 1470 
4 9131 1112 5308 311 
4 9635 4049 1696 9663 
4 975 353 5078 5226 
4 7503 3972 8633 3003 
4 889 427 5723 8198 
4 5241 7170 3311 1172 
4 4564 2537 68 3253 
4 3703 9446 6350 7816 
4 6362 4394 9201 2084 
4 824 9088 1182 60 
4 486 7680 1484 5930 
4 8403 2549 449 7253 
4 3637 7337 2506 4720 
4 2055 3624 5904 3520 
4 1619 6503 5547 2955 
4 7185 8565 2843 531 
4 8492 4817 1771 9193 
4 1593 6641 3526 7278 
4 4823 4752 3551 6784 
4 6907 9852 6889 9846 
4 1025 9239 3045 469 
4 687 9953 3832 4772 
4 5120 7422 3659 5561 
4 6650 1283 692 1122 
4 1834 9084 4630 9041 
4 4697 3033 2666 2175 
4 6268 3104 9325 3095 
4 2520 6098 6307 413 
4 4389 3913 9973 3371 
4 857 3540 157 2205 
4 5089 979 5093 2112 
4 7378 8079 1915 2773 
4 3715 5 1119 8611 
4 6792 6322 4778 8799 
4 4868 5953 1875 8249 
4 6767 554 5259 5142 
4 3169 5893 1063 8119 
4 4628 9782 1127 1898 
4 714 8822 2945 6319 
4 283 5715 1805 3422 
4 1693 94 4301 121 
4 5683 723 9524 8179 
4 3318 8229 2189 8367 
4 9413 987 9337 3687 
4 5092 8356 9212 6621 
4 2756 7699 6640 4217 
4 5249 861 1439 414 
4 2819 7363 3083 5385 
4 3904 727 7258 4544 
4 3572 7018 424 9132 
4 3727 5137 3853 3608 
4 789 4920 7135 878 
4 7631 8317 3154 7426 
4 9810 5543 9991 7946 
4 2740 9780 7881 2501 
4 1482 1040 2899 74 
4 351 5229 1121 4010 
4 3661 4887 4276 5628 
4 9808 4387 7967 6904 
4 9054 911 8932 4989 
4 2818 4483 8473 1213 
4 5068 7663 9583 5290 
4 8869 8138 7370 501 
4 4064 147 5103 8638 
4 2577 3675 1965 7754 
4 8320 2964 5030 1042 
4 2519 2094 8777 8918 
4 3852 1277 347 4604 
4 8424 5449 8895 8443 
4 5998 3808 7180 6634 
4 7216 3369 159 1308 
4 9572 656 3735 2638 
4 3900 8646 3789 9378 
4 809 3797 6291 2610 
4 7105 7335 9249 4494 
4 8493 7276 9309 5408 
4 9025 5267 4917 7093 
4 503 8153 444 2181 
4 1857 6753 8248 3454 
4 9794 18 3034 8193 
4 1610 6228 6461 728 
4 3483 2513 8855 7878 
4 9707 1252 9666 8759 
4 9608 1878 5400 1881 
4 3696 9975 1606 7973 
4 7444 8894 5240 119 
4 1355 4601 8766 9769 
4 7948 7844 2254 6023 
4 5634 4531 7054 1840 
4 3906 794 1365 4877 
4 7718 2069 7440 4512 
4 2466 5751 1324 5494 
4 4163 9117 277 7678 
4 8698 9496 1225 2862 
4 3075 7849 4501 7555 
4 2615 5128 9842 4990 
4 5248 3282 2127 6010 
4 3594 6537 4926 8033 
4 1173 3426 840 2535 
4 6427 8145 7073 1871 
4 7192 8696 799 5164 
4 968 7493 6134 1854 
4 6835 8501 4277 2864 
4 3597 4999 6336 5749 
4 5347 778 3279 7046 
4 893 9830 7143 1730 
4 2908 5729 6770 1697 
4 5946 6409 5572 6573 
4 5344 2464 5608 8054 
4 4791 2360 8671 7751 
4 3209 254 1638 4560 
4 404 2113 9813 4218 
4 3133 3032 5518 6313 
4 5023 3840 8007 7968 
4 8859 837 2502 109 
4 6491 3065 8036 7419 
4 3220 1376 1396 5371 
4 8128 7894 1788 908 
4 4709 6410 739 5928 
4 3158 1591 8546 4038 
4 1107 3949 9618 6321 
4 7744 4530 5146 2670 
4 2663 1509 2557 1044 
4 4540 1128 6212 3732 
4 4034 1973 2375 3430 
4 2576 9836 3025 4849 
4 933 5598 5459 932 
4 9121 1018 7281 9809 
4 1537 6612 7632 9604 
4 9682 340 4414 7979 
4 6487 289 5737 8863 
4 3510 6734 9303 6417 
4 2298 9139 7712 5828 
4 2376 3894 810 7424 
4 8300 3297 9866 2162 
4 8695 5305 2891 4510 
4 4801 9148 1530 2248 
4 1883 9619 5021 781 
4 719 8999 9684 9331 
4 2225 122 8329 4011 
4 765 8107 104 496 
4 1651 6783 637 6067 
4 8924 3501 2416 2671 
4 4220 1894 209 3762 
4 9562 1939 2993 4555 
4 3981 664 5785 1889 
4 720 570 7626 4303 
4 107 375 8545 2013 
4 3566 3728 1781 5184 
4 3929 345 7537 6272 
4 2767 4358 6229 9306 
4 7058 4774 3260 418 
4 7226 4593 6842 4249 
4 8612 5504 370 8388 
4 4331 4753 9482 9616 
4 3043 4048 3605 2426 
4 2806 6713 4643 651 
4 4074 3567 9112 6668 
4 2129 5346 6495 2683 
4 1183 4651 536 7389 
4 9854 8093 9224 3754 
4 3088 943 9362 5639 
4 7852 5396 919 8477 
4 5949 3202 2636 3805 
4 2263 3344 6339 7861 
4 4138 2063 406 4428 
4 6293 2042 3230 7527 
4 2093 1893 6197 5671 
4 5621 1483 7522 8127 
4 35 4039 4135 762 
4 2595 6742 3887 5848 
4 6266 7202 6072 6819 
4 9187 6107 2804 3267 
4 399 6432 5071 1428 
4 6059 3167 9153 2585 
4 2190 1988 388 5920 
4 2976 384 5076 5799 
4 8334 798 2371 7767 
4 8273 7107 3847 40 
4 547 2312 6077 731 
4 1989 7197 2858 6187 
4 5796 1571 4583 1170 
4 8534 648 7683 6799 
4 2639 8376 2427 9040 
4 7409 7734 3519 8346 
4 4290 6512 4339 8266 
4 8169 9890 8555 3663 
4 5302 9158 352 6782 
4 8988 2048 2769 1795 
4 3143 423 5575 8156 
4 4028 9124 8764 3151 
4 7122 6605 6616 2791 
4 3704 663 1598 2739 
4 9026 8497 5198 2575 
4 7026 4232 1216 3910 
4 7240 3251 5108 7737 
4 3573 9278 6394 5435 
4 470 2771 6947 2024 
4 7308 6931 3807 4799 
4 23 3212 9101 6619 
4 4408 9773 2287 6106 
4 9466 8755 505 5466 
4 1896 1072 9370 8831 
4 9523 2037 3771 1863 
4 7920 3739 4178 3707 
4 3614 1822 6855 1737 
4 1731 8980 7806 4268 
4 9652 6408 8352 2716 
4 1106 7936 3717 9335 
4 3006 169 506 2278 
4 7893 7059 4740 8339 
4 4326 7820 3806 5149 
4 1031 8485 4113 6885 
4 8658 9227 7633 6843 
4 7839 4664 3879 6659 
4 1452 642 3814 6404 
4 4671 7812 9296 9291 
4 1292 7986 8163 2504 
4 5231 6834 3541 3960 
4 8592 4381 5019 5365 
4 5436 4269 8582 6011 
4 1287 4913 2952 3792 
4 8256 8731 4083 752 
4 9696 5704 8360 5559 
4 8757 2423 7532 7176 
4 9639 8644 3854 1743 
4 6733 4391 5718 6506 
4 5884 3810 4320 7959 
4 556 983 3343 4596 
4 5136 8605 5612 2665 
4 4052 7789 7472 8574 
4 4811 5993 402 673 
4 6513 3243 608 9028 
4 1613 3407 1087 5890 
4 6749 6762 7246 1309 
4 305 1935 699 2204 
4 2856 1798 9919 6859 
4 6900 5871 6022 4732 
4 4545 3658 535 6069 
4 75 1860 9294 235 
4 3029 5464 1959 2369 
4 2177 5701 3809 1250 
4 8688 5263 9276 4678 
4 7488 2931 6036 5197 
4 4683 3692 8328 6981 
4 5461 6244 8841 9346 
4 8351 683 3241 1778 
4 9435 9536 2896 1561 
4 6234 9135 5748 114 
4 5097 7190 7266 5426 
4 872 7887 2065 8435 
4 9264 8750 9646 3872 
4 7369 2124 8590 2475 
4 3456 6315 9681 1869 
4 4798 8973 7505 139 
4 4378 5445 4286 3244 
4 4456 1769 1567 6939 
4 6674 3640 5822 2333 
4 9140 8874 6004 2195 
4 1630 8651 9939 1248 
4 92 4929 3210 9945 
4 7644 1545 4684 2646 
4 3961 7540 1246 4881 
4 7020 7288 6066 313 
4 4100 4020 6739 7047 
4 8643 8205 6581 3265 
4 3337 994 4081 1642 
4 312 3646 6826 2014 
4 7262 3891 5867 7397 
4 2950 2184 5339 2237 
4 4633 8678 1384 7070 
4 1902 8571 9863 813 
4 7507 3375 4605 2268 
4 6646 6287 8280 8615 
4 5077 2102 906 5644 
4 4901 610 2291 5338 
4 7064 4298 9301 9606 
4 4156 8073 464 4992 
4 3056 4710 6971 9300 
4 712 9269 5061 1675 
4 5493 4143 9302 8444 
4 5873 7721 6580 3235 
4 9532 7271 3010 826 
4 3550 4727 373 4188 
4 6032 7496 7454 3224 
4 8730 6133 7509 4668 
4 6644 8665 7361 5820 
4 9779 6766 1868 6620 
4 9408 9736 4863 8989 
4 6854 8499 9061 3171 
4 72 4861 1267 5865 
4 8379 8132 4285 7484 
4 1975 9021 5319 6684 
4 5779 6747 3963 3378 
4 1043 6656 6448 9430 
4 6670 834 3219 8420 
4 8811 6188 9819 2072 
4 532 2343 1285 9315 
4 8242 2770 896 4692 
4 3 8154 4018 1838 
4 7091 1775 8881 829 
4 753 700 4702 102 
4 869 1792 8523 3205 
4 2707 6847 9128 5349 
4 5888 5261 5503 6342 
4 5475 2554 2366 1625 
4 3616 4059 8083 47 
4 2660 7008 4115 2637 
4 5662 2565 3364 4073 
4 7433 1082 3139 7594 
4 8223 710 3467 5192 
4 1406 9102 6540 8803 
4 219 3259 7416 489 
4 5410 617 8101 6785 
4 868 8997 9823 5984 
4 3346 3856 2994 802 
4 3992 9867 1923 1774 
4 8727 9705 6645 7231 
4 3589 2755 6624 7000 
4 2902 2527 9849 9605 
4 580 973 668 9324 
4 5360 7592 5324 8022 
4 3215 1073 7585 310 
4 296 2966 6479 7313 
4 4973 9145 6911 797 
4 342 5512 9868 7212 
4 9938 2584 5673 2965 
4 629 3547 4728 7249 
4 8412 9270 6377 1615 
4 3539 1510 1855 3627 
4 7794 3512 901 4895 
4 4911 5398 2539 7100 
4 3824 333 8940 5453 
4 2598 4040 3144 9322 
4 8909 5887 273 1096 
4 3250 7975 6717 576 
4 5753 6361 9834 9236 
4 4519 2459 7011 6374 
4 5143 9968 7929 7126 
4 5196 7729 363 5215 
4 2083 8912 4102 6316 
4 7014 4809 9776 1231 
4 5870 5798 1325 1884 
4 186 5837 2241 8439 
4 8176 650 7035 9253 
4 32 7910 7833 8795 
4 5195 9256 2377 8505 
4 5042 6500 8861 9500 
4 2603 759 5894 211 
4 5531 3248 4822 6041 
4 1488 7976 4120 3816 
4 9373 3474 8690 6716 
4 224 1229 2956 1938 
4 8668 4041 8960 3293 
4 8922 128 1617 7383 
4 5971 6589 7685 3018 
4 7827 5912 204 2579 
4 8684 7468 337 1660 
4 2139 3332 3530 1100 
4 941 8524 7915 715 
4 989 1019 4781 9825 
4 4347 8017 4735 2726 
4 8625 3479 8878 8530 
4 4543 660 6259 5923 
4 4053 6724 803 5330 
4 954 6290 2382 854 
4 8343 6566 8146 661 
4 9156 472 2753 6902 
4 9778 2961 3508 4309 
4 7125 8938 6396 2420 
4 2151 1380 5224 7941 
4 9762 233 5222 91 
4 2462 4722 1753 4559 
4 6631 7352 468 5190 
4 2454 6246 3939 4201 
4 6192 3761 152 8527 
4 1977 6738 6288 6343 
4 1080 7362 6585 3599 
4 6406 7443 9010 4292 
4 1787 7950 5590 3741 
4 3924 7147 6874 7495 
4 2414 9976 1142 8624 
4 8391 3261 977 6453 
4 9 7943 4988 2551 
4 4343 4194 6662 4975 
4 3821 9655 5242 3592 
4 1337 5633 6980 8289 
4 8168 178 8064 9516 
4 9353 7388 262 9453 
4 1262 8409 4226 8215 
4 6906 3419 3491 4665 
4 5524 9055 641 9396 
4 5883 4076 2492 6725 
4 5211 6189 6810 1259 
4 8031 3988 58 4107 
4 6151 5485 2480 8597 
4 356 938 1551 9550 
4 6331 2834 880 2117 
4 5778 1748 1476 879 
4 9799 2339 7508 6752 
4 9837 7690 9150 2221 
4 354 2321 3643 7859 
4 6285 6967 4900 7730 
4 1544 3384 8845 2915 
4 1944 2498 454 5968 
4 510 483 9391 3716 
4 2850 8207 7700 5944 
4 7573 9412 7768 8327 
4 9869 6176 7311 3064 
4 8526 8837 2482 8981 
4 8717 3751 5256 6472 
4 5939 4504 1907 6542 
4 2781 569 7491 2422 
4 4792 2038 5044 8002 
4 6811 8509 9317 6555 
4 1104 5352 7292 950 
4 8116 9870 7069 9293 
4 5140 4017 4333 6652 
4 6434 7502 774 8361 
4 7356 6962 8743 8537 
4 395 9818 3642 1962 
4 216 2325 73 8706 
4 5597 6105 3115 3124 
4 1763 755 8297 2001 
4 4014 8562 2295 1093 
4 5033 4840 4219 8866 
4 1364 4918 6603 242 
4 1140 2630 1978 4312 
4 6237 9840 6147 3001 
4 8780 2458 8377 6309 
4 4993 9916 6428 7340 
4 308 3367 8316 6203 
4 6231 6132 8836 4021 
4 8201 2495 681 1538 
4 9715 4675 135 9355 
4 2092 5849 6582 4479 
4 7766 1441 166 1833 
4 4094 247 9441 12 
4 6804 5507 17 7392 
4 1181 145 3303 3352 
4 3413 6084 7462 1280 
4 694 6807 9796 8084 
4 887 832 2508 733 
4 2981 6370 1235 3233 
4 4794 9416 5309 8488 
4 7798 5694 3543 441 
4 7137 3147 6938 1475 
4 9235 1749 9983 2561 
4 4707 6312 9182 7615 
4 266 6654 4262 746 
4 2067 8607 6544 2953 
4 462 3849 9749 2745 
4 6744 193 9225 425 
4 8347 5470 6937 3118 
4 3381 6452 7151 9280 
4 431 1273 3926 9499 
4 9327 9861 1205 9917 
4 8718 1645 7052 2743 
4 8290 9436 1908 7741 
4 8281 6915 4340 8402 
4 1658 2697 7295 8791 
4 2933 690 9143 1005 
4 804 7865 6793 2351 
4 2932 9760 4472 9467 
4 4151 93 6797 7152 
4 4776 9826 1359 593 
4 4078 1222 1807 9751 
4 2051 6218 5356 2606 
4 6987 6593 4711 8675 
4 4516 1504 9080 4280 
4 3189 2076 9046 827 
4 6918 8631 1802 5674 
4 9350 8206 5675 7264 
4 1278 1114 1725 7455 
4 6044 7696 6144 8974 
4 4677 7019 909 1711 
4 8728 9657 1716 8814 
4 9851 1336 9149 7707 
4 4239 1512 6618 5378 
4 6951 5087 7549 9226 
4 6516 5936 8253 6130 
4 9934 3908 9284 6690 
4 1239 1002 8430 3769 
4 1767 5689 1368 3726 
4 8075 9290 8092 7184 
4 4183 8921 456 5161 
4 2328 9047 8830 1604 
4 8457 9740 5858 2558 
4 3324 1657 380 8095 
4 2025 6579 4196 7450 
4 9586 5854 8288 1288 
4 6000 1837 3231 2784 
4 493 9930 1572 806 
4 3385 3662 3090 8563 
4 9444 9409 8591 6632 
4 3968 2738 6891 8896 
4 4361 3221 5606 2690 
4 8151 5440 6311 6493 
4 9250 5959 1134 5982 
4 4001 3092 8230 2174 
4 4726 8041 2589 7706 
4 4319 3718 1796 5334 
4 7681 737 1028 630 
4 980 671 2484 5878 
4 1546 9019 3062 8705 
4 6691 8157 7497 2564 
4 348 3383 1016 9448 
4 5907 1520 5617 873 
4 821 6994 9339 6925 
4 3072 9632 8860 8486 
4 6778 1038 8483 6198 
4 5391 3070 2727 4796 
4 843 7575 6219 1207 
4 3626 7534 8849 3069 
4 9687 7449 8956 2672 
4 4572 7241 9049 3176 
4 7736 7822 971 2074 
4 9434 947 341 7904 
4 6718 9044 2007 8852 
4 8287 8394 8311 7544 
4 676 9386 5695 4734 
4 966 4912 1102 5672 
4 1266 5992 5688 7165 
4 2348 4165 1370 3048 
4 4352 2927 2786 8965 
4 801 7390 8475 786 
4 7260 3074 8285 3660 
4 4015 7556 7797 9857 
4 5902 6079 5181 4529 
4 1334 8338 5760 2350 
4 497 2764 6997 9502 
4 2402 2997 856 7117 
4 9704 4131 3873 1078 
4 6703 2352 614 2250 
4 1086 5393 3404 7309 
4 8411 658 2017 4964 
4 1202 5491 4416 5377 
4 8832 1616 2460 1367 
4 6663 7617 6602 8797 
4 5773 1681 1789 2904 
4 2677 6496 3080 7584 
4 5801 8245 46 9491 
4 6728 65 5765 9407 
4 2046 7041 527 2730 
4 1297 3801 196 1466 
4 9558 955 1403 367 
4 9695 474 1719 8173 
4 6919 2467 1891 6119 
4 8935 1634 4617 3819 
4 4310 6694 7158 2052 
4 942 9228 6715 4444 
4 9099 5214 4765 2479 
4 7517 4626 2289 7430 
4 9886 5862 4787 3752 
4 7111 1289 1194 6338 
4 1125 3591 4027 6711 
4 740 8663 2497 6673 
4 7299 9727 522 8049 
4 1629 9814 2136 4148 
4 5342 4640 8506 3046 
4 1847 5869 7379 5921 
4 5537 2909 6205 830 
4 8959 2749 9719 4086 
4 835 1204 1268 9746 
4 1265 9023 7530 9138 
4 1744 279 6129 1169 
4 2619 1560 1440 8879 
4 6949 1481 2536 457 
4 1958 9758 1191 8568 
4 7211 259 3982 845 
4 9375 4953 5207 4193 
1795689