165
2 163 192 
2 226 359 
2 431 173 
2 224 118 
2 144 85 
2 15 364 
2 162 41 
2 390 147 
2 483 479 
2 34 402 
2 47 440 
2 164 177 
2 198 259 
2 349 280 
2 201 354 
2 95 306 
2 70 132 
2 109 13 
2 196 309 
2 33 152 
2 228 445 
2 45 74 
2 166 142 
2 60 231 
2 72 295 
2 139 122 
2 279 149 
2 365 451 
2 161 292 
2 326 180 
2 208 89 
2 348 215 
2 29 420 
2 403 376 
2 414 489 
2 218 223 
2 361 362 
2 240 499 
2 32 91 
2 301 171 
2 484 416 
2 273 44 
2 415 31 
2 397 435 
2 478 108 
2 189 27 
2 61 134 
2 345 287 
2 48 40 
2 248 186 
2 106 76 
2 333 80 
3 227 379 388 
3 423 187 101 
3 265 350 271 
3 459 421 176 
3 11 260 367 
3 10 358 337 
3 210 213 199 
3 437 443 424 
3 143 363 281 
3 480 49 197 
3 250 498 497 
3 360 239 476 
3 90 439 264 
3 438 35 2 
3 346 339 277 
3 380 352 116 
3 158 340 245 
3 202 288 50 
3 496 114 356 
3 113 436 154 
3 155 493 442 
3 330 153 319 
3 342 112 130 
3 446 381 391 
3 297 425 43 
3 488 229 1 
3 334 22 71 
3 18 378 236 
3 407 399 327 
3 302 372 254 
3 211 14 179 
3 417 105 67 
3 165 168 84 
3 261 394 465 
3 251 482 145 
3 341 441 204 
3 69 57 317 
3 473 371 54 
3 338 321 325 
3 172 278 467 
3 205 308 16 
3 256 491 124 
3 322 214 289 
3 429 471 454 
3 193 374 395 
3 127 232 6 
3 219 382 133 
3 332 25 103 
3 385 269 477 
3 466 410 148 
3 324 268 462 
3 272 396 495 
3 457 411 314 
3 120 137 458 
3 405 290 99 
3 115 447 128 
4 335 200 77 298 
4 68 285 156 307 
4 243 460 444 296 
4 129 42 36 464 
4 386 475 318 21 
4 4 73 312 207 
4 487 383 357 38 
4 469 294 422 412 
4 92 463 456 79 
4 347 98 494 331 
4 12 87 216 316 
4 234 427 194 88 
4 136 448 353 65 
4 119 110 62 190 
4 185 409 343 428 
4 94 241 93 63 
4 253 238 28 293 
4 393 310 56 237 
4 336 160 221 123 
4 217 434 167 430 
4 274 485 255 351 
4 291 3 432 9 
4 96 299 126 51 
4 406 252 329 131 
4 369 230 303 107 
4 368 8 37 19 
4 157 195 472 184 
4 125 141 266 313 
4 55 46 474 344 
4 175 83 328 401 
4 86 452 191 203 
4 174 100 270 283 
4 117 392 389 26 
4 366 233 59 104 
4 275 225 150 170 
4 355 78 468 377 
4 151 249 244 263 
4 282 300 413 212 
4 492 433 235 311 
4 323 242 258 206 
4 408 64 426 53 
4 276 188 453 169 
4 178 209 320 375 
4 181 97 284 220 
4 24 400 267 486 
4 17 262 183 5 
4 384 247 121 419 
4 222 246 81 481 
4 138 315 490 58 
4 159 470 66 455 
4 111 52 373 461 
4 20 39 82 305 
4 450 102 398 257 
4 182 140 23 146 
4 0 370 75 30 
4 304 7 449 135 
4 286 387 418 404 